[2023-12-24T14:03:47.570+0000] {processor.py:161} INFO - Started process (PID=109) to work on /home/airflow/.local/lib/python3.8/site-packages/airflow/example_dags/example_complex.py
[2023-12-24T14:03:47.571+0000] {processor.py:830} INFO - Processing file /home/airflow/.local/lib/python3.8/site-packages/airflow/example_dags/example_complex.py for tasks to queue
[2023-12-24T14:03:47.574+0000] {logging_mixin.py:188} INFO - [2023-12-24T14:03:47.574+0000] {dagbag.py:538} INFO - Filling up the DagBag from /home/airflow/.local/lib/python3.8/site-packages/airflow/example_dags/example_complex.py
[2023-12-24T14:03:47.593+0000] {processor.py:840} INFO - DAG(s) 'example_complex' retrieved from /home/airflow/.local/lib/python3.8/site-packages/airflow/example_dags/example_complex.py
[2023-12-24T14:03:47.742+0000] {logging_mixin.py:188} INFO - [2023-12-24T14:03:47.741+0000] {dag.py:3033} INFO - Sync 1 DAGs
[2023-12-24T14:03:47.755+0000] {logging_mixin.py:188} INFO - [2023-12-24T14:03:47.755+0000] {dag.py:3820} INFO - Setting next_dagrun for example_complex to None, run_after=None
[2023-12-24T14:03:47.776+0000] {processor.py:183} INFO - Processing /home/airflow/.local/lib/python3.8/site-packages/airflow/example_dags/example_complex.py took 0.210 seconds
[2023-12-24T14:05:52.516+0000] {processor.py:161} INFO - Started process (PID=66) to work on /home/airflow/.local/lib/python3.8/site-packages/airflow/example_dags/example_complex.py
[2023-12-24T14:05:52.517+0000] {processor.py:830} INFO - Processing file /home/airflow/.local/lib/python3.8/site-packages/airflow/example_dags/example_complex.py for tasks to queue
[2023-12-24T14:05:52.523+0000] {logging_mixin.py:188} INFO - [2023-12-24T14:05:52.522+0000] {dagbag.py:538} INFO - Filling up the DagBag from /home/airflow/.local/lib/python3.8/site-packages/airflow/example_dags/example_complex.py
[2023-12-24T14:05:52.549+0000] {processor.py:840} INFO - DAG(s) 'example_complex' retrieved from /home/airflow/.local/lib/python3.8/site-packages/airflow/example_dags/example_complex.py
[2023-12-24T14:05:52.843+0000] {logging_mixin.py:188} INFO - [2023-12-24T14:05:52.843+0000] {dag.py:3033} INFO - Sync 1 DAGs
[2023-12-24T14:05:52.874+0000] {logging_mixin.py:188} INFO - [2023-12-24T14:05:52.874+0000] {dag.py:3820} INFO - Setting next_dagrun for example_complex to None, run_after=None
[2023-12-24T14:05:52.925+0000] {processor.py:183} INFO - Processing /home/airflow/.local/lib/python3.8/site-packages/airflow/example_dags/example_complex.py took 0.417 seconds
[2023-12-24T14:06:36.858+0000] {processor.py:161} INFO - Started process (PID=59) to work on /home/airflow/.local/lib/python3.8/site-packages/airflow/example_dags/example_complex.py
[2023-12-24T14:06:36.860+0000] {processor.py:830} INFO - Processing file /home/airflow/.local/lib/python3.8/site-packages/airflow/example_dags/example_complex.py for tasks to queue
[2023-12-24T14:06:36.864+0000] {logging_mixin.py:188} INFO - [2023-12-24T14:06:36.864+0000] {dagbag.py:538} INFO - Filling up the DagBag from /home/airflow/.local/lib/python3.8/site-packages/airflow/example_dags/example_complex.py
[2023-12-24T14:06:36.887+0000] {processor.py:840} INFO - DAG(s) 'example_complex' retrieved from /home/airflow/.local/lib/python3.8/site-packages/airflow/example_dags/example_complex.py
[2023-12-24T14:06:36.944+0000] {logging_mixin.py:188} INFO - [2023-12-24T14:06:36.943+0000] {dag.py:3033} INFO - Sync 1 DAGs
[2023-12-24T14:06:36.966+0000] {logging_mixin.py:188} INFO - [2023-12-24T14:06:36.966+0000] {dag.py:3820} INFO - Setting next_dagrun for example_complex to None, run_after=None
[2023-12-24T14:06:37.001+0000] {processor.py:183} INFO - Processing /home/airflow/.local/lib/python3.8/site-packages/airflow/example_dags/example_complex.py took 0.149 seconds
[2023-12-24T14:07:07.896+0000] {processor.py:161} INFO - Started process (PID=118) to work on /home/airflow/.local/lib/python3.8/site-packages/airflow/example_dags/example_complex.py
[2023-12-24T14:07:07.899+0000] {processor.py:830} INFO - Processing file /home/airflow/.local/lib/python3.8/site-packages/airflow/example_dags/example_complex.py for tasks to queue
[2023-12-24T14:07:07.906+0000] {logging_mixin.py:188} INFO - [2023-12-24T14:07:07.905+0000] {dagbag.py:538} INFO - Filling up the DagBag from /home/airflow/.local/lib/python3.8/site-packages/airflow/example_dags/example_complex.py
[2023-12-24T14:07:07.941+0000] {processor.py:840} INFO - DAG(s) 'example_complex' retrieved from /home/airflow/.local/lib/python3.8/site-packages/airflow/example_dags/example_complex.py
[2023-12-24T14:07:08.030+0000] {logging_mixin.py:188} INFO - [2023-12-24T14:07:08.029+0000] {dag.py:3033} INFO - Sync 1 DAGs
[2023-12-24T14:07:08.064+0000] {logging_mixin.py:188} INFO - [2023-12-24T14:07:08.064+0000] {dag.py:3820} INFO - Setting next_dagrun for example_complex to None, run_after=None
[2023-12-24T14:07:08.114+0000] {processor.py:183} INFO - Processing /home/airflow/.local/lib/python3.8/site-packages/airflow/example_dags/example_complex.py took 0.225 seconds
[2023-12-24T14:07:39.648+0000] {processor.py:161} INFO - Started process (PID=177) to work on /home/airflow/.local/lib/python3.8/site-packages/airflow/example_dags/example_complex.py
[2023-12-24T14:07:39.650+0000] {processor.py:830} INFO - Processing file /home/airflow/.local/lib/python3.8/site-packages/airflow/example_dags/example_complex.py for tasks to queue
[2023-12-24T14:07:39.656+0000] {logging_mixin.py:188} INFO - [2023-12-24T14:07:39.655+0000] {dagbag.py:538} INFO - Filling up the DagBag from /home/airflow/.local/lib/python3.8/site-packages/airflow/example_dags/example_complex.py
[2023-12-24T14:07:39.685+0000] {processor.py:840} INFO - DAG(s) 'example_complex' retrieved from /home/airflow/.local/lib/python3.8/site-packages/airflow/example_dags/example_complex.py
[2023-12-24T14:07:39.752+0000] {logging_mixin.py:188} INFO - [2023-12-24T14:07:39.751+0000] {dag.py:3033} INFO - Sync 1 DAGs
[2023-12-24T14:07:39.791+0000] {logging_mixin.py:188} INFO - [2023-12-24T14:07:39.791+0000] {dag.py:3820} INFO - Setting next_dagrun for example_complex to None, run_after=None
[2023-12-24T14:07:39.829+0000] {processor.py:183} INFO - Processing /home/airflow/.local/lib/python3.8/site-packages/airflow/example_dags/example_complex.py took 0.187 seconds
[2023-12-24T14:08:11.595+0000] {processor.py:161} INFO - Started process (PID=236) to work on /home/airflow/.local/lib/python3.8/site-packages/airflow/example_dags/example_complex.py
[2023-12-24T14:08:11.599+0000] {processor.py:830} INFO - Processing file /home/airflow/.local/lib/python3.8/site-packages/airflow/example_dags/example_complex.py for tasks to queue
[2023-12-24T14:08:11.606+0000] {logging_mixin.py:188} INFO - [2023-12-24T14:08:11.606+0000] {dagbag.py:538} INFO - Filling up the DagBag from /home/airflow/.local/lib/python3.8/site-packages/airflow/example_dags/example_complex.py
[2023-12-24T14:08:11.632+0000] {processor.py:840} INFO - DAG(s) 'example_complex' retrieved from /home/airflow/.local/lib/python3.8/site-packages/airflow/example_dags/example_complex.py
[2023-12-24T14:08:11.700+0000] {logging_mixin.py:188} INFO - [2023-12-24T14:08:11.699+0000] {dag.py:3033} INFO - Sync 1 DAGs
[2023-12-24T14:08:11.729+0000] {logging_mixin.py:188} INFO - [2023-12-24T14:08:11.729+0000] {dag.py:3820} INFO - Setting next_dagrun for example_complex to None, run_after=None
[2023-12-24T14:08:11.823+0000] {processor.py:183} INFO - Processing /home/airflow/.local/lib/python3.8/site-packages/airflow/example_dags/example_complex.py took 0.236 seconds
[2023-12-24T14:08:42.447+0000] {processor.py:161} INFO - Started process (PID=295) to work on /home/airflow/.local/lib/python3.8/site-packages/airflow/example_dags/example_complex.py
[2023-12-24T14:08:42.464+0000] {processor.py:830} INFO - Processing file /home/airflow/.local/lib/python3.8/site-packages/airflow/example_dags/example_complex.py for tasks to queue
[2023-12-24T14:08:42.469+0000] {logging_mixin.py:188} INFO - [2023-12-24T14:08:42.468+0000] {dagbag.py:538} INFO - Filling up the DagBag from /home/airflow/.local/lib/python3.8/site-packages/airflow/example_dags/example_complex.py
[2023-12-24T14:08:42.532+0000] {processor.py:840} INFO - DAG(s) 'example_complex' retrieved from /home/airflow/.local/lib/python3.8/site-packages/airflow/example_dags/example_complex.py
[2023-12-24T14:08:42.665+0000] {logging_mixin.py:188} INFO - [2023-12-24T14:08:42.664+0000] {dag.py:3033} INFO - Sync 1 DAGs
[2023-12-24T14:08:42.711+0000] {logging_mixin.py:188} INFO - [2023-12-24T14:08:42.711+0000] {dag.py:3820} INFO - Setting next_dagrun for example_complex to None, run_after=None
[2023-12-24T14:08:42.856+0000] {processor.py:183} INFO - Processing /home/airflow/.local/lib/python3.8/site-packages/airflow/example_dags/example_complex.py took 0.422 seconds
[2023-12-24T14:09:12.936+0000] {processor.py:161} INFO - Started process (PID=355) to work on /home/airflow/.local/lib/python3.8/site-packages/airflow/example_dags/example_complex.py
[2023-12-24T14:09:12.938+0000] {processor.py:830} INFO - Processing file /home/airflow/.local/lib/python3.8/site-packages/airflow/example_dags/example_complex.py for tasks to queue
[2023-12-24T14:09:12.943+0000] {logging_mixin.py:188} INFO - [2023-12-24T14:09:12.943+0000] {dagbag.py:538} INFO - Filling up the DagBag from /home/airflow/.local/lib/python3.8/site-packages/airflow/example_dags/example_complex.py
[2023-12-24T14:09:12.962+0000] {processor.py:840} INFO - DAG(s) 'example_complex' retrieved from /home/airflow/.local/lib/python3.8/site-packages/airflow/example_dags/example_complex.py
[2023-12-24T14:09:13.018+0000] {logging_mixin.py:188} INFO - [2023-12-24T14:09:13.018+0000] {dag.py:3033} INFO - Sync 1 DAGs
[2023-12-24T14:09:13.044+0000] {logging_mixin.py:188} INFO - [2023-12-24T14:09:13.044+0000] {dag.py:3820} INFO - Setting next_dagrun for example_complex to None, run_after=None
[2023-12-24T14:09:13.083+0000] {processor.py:183} INFO - Processing /home/airflow/.local/lib/python3.8/site-packages/airflow/example_dags/example_complex.py took 0.153 seconds
[2023-12-24T14:09:44.421+0000] {processor.py:161} INFO - Started process (PID=414) to work on /home/airflow/.local/lib/python3.8/site-packages/airflow/example_dags/example_complex.py
[2023-12-24T14:09:44.424+0000] {processor.py:830} INFO - Processing file /home/airflow/.local/lib/python3.8/site-packages/airflow/example_dags/example_complex.py for tasks to queue
[2023-12-24T14:09:44.432+0000] {logging_mixin.py:188} INFO - [2023-12-24T14:09:44.431+0000] {dagbag.py:538} INFO - Filling up the DagBag from /home/airflow/.local/lib/python3.8/site-packages/airflow/example_dags/example_complex.py
[2023-12-24T14:09:44.463+0000] {processor.py:840} INFO - DAG(s) 'example_complex' retrieved from /home/airflow/.local/lib/python3.8/site-packages/airflow/example_dags/example_complex.py
[2023-12-24T14:09:44.563+0000] {logging_mixin.py:188} INFO - [2023-12-24T14:09:44.563+0000] {dag.py:3033} INFO - Sync 1 DAGs
[2023-12-24T14:09:44.605+0000] {logging_mixin.py:188} INFO - [2023-12-24T14:09:44.604+0000] {dag.py:3820} INFO - Setting next_dagrun for example_complex to None, run_after=None
[2023-12-24T14:09:44.662+0000] {processor.py:183} INFO - Processing /home/airflow/.local/lib/python3.8/site-packages/airflow/example_dags/example_complex.py took 0.250 seconds
[2023-12-24T14:10:16.302+0000] {processor.py:161} INFO - Started process (PID=478) to work on /home/airflow/.local/lib/python3.8/site-packages/airflow/example_dags/example_complex.py
[2023-12-24T14:10:16.307+0000] {processor.py:830} INFO - Processing file /home/airflow/.local/lib/python3.8/site-packages/airflow/example_dags/example_complex.py for tasks to queue
[2023-12-24T14:10:16.319+0000] {logging_mixin.py:188} INFO - [2023-12-24T14:10:16.318+0000] {dagbag.py:538} INFO - Filling up the DagBag from /home/airflow/.local/lib/python3.8/site-packages/airflow/example_dags/example_complex.py
[2023-12-24T14:10:16.363+0000] {processor.py:840} INFO - DAG(s) 'example_complex' retrieved from /home/airflow/.local/lib/python3.8/site-packages/airflow/example_dags/example_complex.py
[2023-12-24T14:10:16.453+0000] {logging_mixin.py:188} INFO - [2023-12-24T14:10:16.452+0000] {dag.py:3033} INFO - Sync 1 DAGs
[2023-12-24T14:10:16.484+0000] {logging_mixin.py:188} INFO - [2023-12-24T14:10:16.483+0000] {dag.py:3820} INFO - Setting next_dagrun for example_complex to None, run_after=None
[2023-12-24T14:10:16.531+0000] {processor.py:183} INFO - Processing /home/airflow/.local/lib/python3.8/site-packages/airflow/example_dags/example_complex.py took 0.237 seconds
[2023-12-24T14:10:46.765+0000] {processor.py:161} INFO - Started process (PID=537) to work on /home/airflow/.local/lib/python3.8/site-packages/airflow/example_dags/example_complex.py
[2023-12-24T14:10:46.767+0000] {processor.py:830} INFO - Processing file /home/airflow/.local/lib/python3.8/site-packages/airflow/example_dags/example_complex.py for tasks to queue
[2023-12-24T14:10:46.772+0000] {logging_mixin.py:188} INFO - [2023-12-24T14:10:46.771+0000] {dagbag.py:538} INFO - Filling up the DagBag from /home/airflow/.local/lib/python3.8/site-packages/airflow/example_dags/example_complex.py
[2023-12-24T14:10:46.804+0000] {processor.py:840} INFO - DAG(s) 'example_complex' retrieved from /home/airflow/.local/lib/python3.8/site-packages/airflow/example_dags/example_complex.py
[2023-12-24T14:10:46.880+0000] {logging_mixin.py:188} INFO - [2023-12-24T14:10:46.879+0000] {dag.py:3033} INFO - Sync 1 DAGs
[2023-12-24T14:10:46.911+0000] {logging_mixin.py:188} INFO - [2023-12-24T14:10:46.910+0000] {dag.py:3820} INFO - Setting next_dagrun for example_complex to None, run_after=None
[2023-12-24T14:10:46.955+0000] {processor.py:183} INFO - Processing /home/airflow/.local/lib/python3.8/site-packages/airflow/example_dags/example_complex.py took 0.198 seconds
[2023-12-24T14:11:18.556+0000] {processor.py:161} INFO - Started process (PID=597) to work on /home/airflow/.local/lib/python3.8/site-packages/airflow/example_dags/example_complex.py
[2023-12-24T14:11:18.566+0000] {processor.py:830} INFO - Processing file /home/airflow/.local/lib/python3.8/site-packages/airflow/example_dags/example_complex.py for tasks to queue
[2023-12-24T14:11:18.585+0000] {logging_mixin.py:188} INFO - [2023-12-24T14:11:18.584+0000] {dagbag.py:538} INFO - Filling up the DagBag from /home/airflow/.local/lib/python3.8/site-packages/airflow/example_dags/example_complex.py
[2023-12-24T14:11:18.630+0000] {processor.py:840} INFO - DAG(s) 'example_complex' retrieved from /home/airflow/.local/lib/python3.8/site-packages/airflow/example_dags/example_complex.py
[2023-12-24T14:11:18.820+0000] {logging_mixin.py:188} INFO - [2023-12-24T14:11:18.817+0000] {dag.py:3033} INFO - Sync 1 DAGs
[2023-12-24T14:11:18.878+0000] {logging_mixin.py:188} INFO - [2023-12-24T14:11:18.878+0000] {dag.py:3820} INFO - Setting next_dagrun for example_complex to None, run_after=None
[2023-12-24T14:11:18.947+0000] {processor.py:183} INFO - Processing /home/airflow/.local/lib/python3.8/site-packages/airflow/example_dags/example_complex.py took 0.404 seconds
[2023-12-24T14:11:49.589+0000] {processor.py:161} INFO - Started process (PID=655) to work on /home/airflow/.local/lib/python3.8/site-packages/airflow/example_dags/example_complex.py
[2023-12-24T14:11:49.592+0000] {processor.py:830} INFO - Processing file /home/airflow/.local/lib/python3.8/site-packages/airflow/example_dags/example_complex.py for tasks to queue
[2023-12-24T14:11:49.600+0000] {logging_mixin.py:188} INFO - [2023-12-24T14:11:49.598+0000] {dagbag.py:538} INFO - Filling up the DagBag from /home/airflow/.local/lib/python3.8/site-packages/airflow/example_dags/example_complex.py
[2023-12-24T14:11:49.633+0000] {processor.py:840} INFO - DAG(s) 'example_complex' retrieved from /home/airflow/.local/lib/python3.8/site-packages/airflow/example_dags/example_complex.py
[2023-12-24T14:11:49.659+0000] {logging_mixin.py:188} INFO - [2023-12-24T14:11:49.659+0000] {dag.py:3033} INFO - Sync 1 DAGs
[2023-12-24T14:11:49.698+0000] {logging_mixin.py:188} INFO - [2023-12-24T14:11:49.698+0000] {dag.py:3820} INFO - Setting next_dagrun for example_complex to None, run_after=None
[2023-12-24T14:11:49.752+0000] {processor.py:183} INFO - Processing /home/airflow/.local/lib/python3.8/site-packages/airflow/example_dags/example_complex.py took 0.170 seconds
[2023-12-24T14:12:20.168+0000] {processor.py:161} INFO - Started process (PID=714) to work on /home/airflow/.local/lib/python3.8/site-packages/airflow/example_dags/example_complex.py
[2023-12-24T14:12:20.170+0000] {processor.py:830} INFO - Processing file /home/airflow/.local/lib/python3.8/site-packages/airflow/example_dags/example_complex.py for tasks to queue
[2023-12-24T14:12:20.175+0000] {logging_mixin.py:188} INFO - [2023-12-24T14:12:20.174+0000] {dagbag.py:538} INFO - Filling up the DagBag from /home/airflow/.local/lib/python3.8/site-packages/airflow/example_dags/example_complex.py
[2023-12-24T14:12:20.196+0000] {processor.py:840} INFO - DAG(s) 'example_complex' retrieved from /home/airflow/.local/lib/python3.8/site-packages/airflow/example_dags/example_complex.py
[2023-12-24T14:12:20.421+0000] {logging_mixin.py:188} INFO - [2023-12-24T14:12:20.420+0000] {dag.py:3033} INFO - Sync 1 DAGs
[2023-12-24T14:12:20.445+0000] {logging_mixin.py:188} INFO - [2023-12-24T14:12:20.444+0000] {dag.py:3820} INFO - Setting next_dagrun for example_complex to None, run_after=None
[2023-12-24T14:12:20.492+0000] {processor.py:183} INFO - Processing /home/airflow/.local/lib/python3.8/site-packages/airflow/example_dags/example_complex.py took 0.329 seconds
[2023-12-24T14:12:50.581+0000] {processor.py:161} INFO - Started process (PID=773) to work on /home/airflow/.local/lib/python3.8/site-packages/airflow/example_dags/example_complex.py
[2023-12-24T14:12:50.582+0000] {processor.py:830} INFO - Processing file /home/airflow/.local/lib/python3.8/site-packages/airflow/example_dags/example_complex.py for tasks to queue
[2023-12-24T14:12:50.588+0000] {logging_mixin.py:188} INFO - [2023-12-24T14:12:50.587+0000] {dagbag.py:538} INFO - Filling up the DagBag from /home/airflow/.local/lib/python3.8/site-packages/airflow/example_dags/example_complex.py
[2023-12-24T14:12:50.614+0000] {processor.py:840} INFO - DAG(s) 'example_complex' retrieved from /home/airflow/.local/lib/python3.8/site-packages/airflow/example_dags/example_complex.py
[2023-12-24T14:12:50.670+0000] {logging_mixin.py:188} INFO - [2023-12-24T14:12:50.670+0000] {dag.py:3033} INFO - Sync 1 DAGs
[2023-12-24T14:12:50.700+0000] {logging_mixin.py:188} INFO - [2023-12-24T14:12:50.699+0000] {dag.py:3820} INFO - Setting next_dagrun for example_complex to None, run_after=None
[2023-12-24T14:12:50.739+0000] {processor.py:183} INFO - Processing /home/airflow/.local/lib/python3.8/site-packages/airflow/example_dags/example_complex.py took 0.165 seconds
[2023-12-24T14:13:21.763+0000] {processor.py:161} INFO - Started process (PID=832) to work on /home/airflow/.local/lib/python3.8/site-packages/airflow/example_dags/example_complex.py
[2023-12-24T14:13:21.765+0000] {processor.py:830} INFO - Processing file /home/airflow/.local/lib/python3.8/site-packages/airflow/example_dags/example_complex.py for tasks to queue
[2023-12-24T14:13:21.776+0000] {logging_mixin.py:188} INFO - [2023-12-24T14:13:21.775+0000] {dagbag.py:538} INFO - Filling up the DagBag from /home/airflow/.local/lib/python3.8/site-packages/airflow/example_dags/example_complex.py
[2023-12-24T14:13:21.808+0000] {processor.py:840} INFO - DAG(s) 'example_complex' retrieved from /home/airflow/.local/lib/python3.8/site-packages/airflow/example_dags/example_complex.py
[2023-12-24T14:13:21.896+0000] {logging_mixin.py:188} INFO - [2023-12-24T14:13:21.895+0000] {dag.py:3033} INFO - Sync 1 DAGs
[2023-12-24T14:13:21.937+0000] {logging_mixin.py:188} INFO - [2023-12-24T14:13:21.937+0000] {dag.py:3820} INFO - Setting next_dagrun for example_complex to None, run_after=None
[2023-12-24T14:13:21.988+0000] {processor.py:183} INFO - Processing /home/airflow/.local/lib/python3.8/site-packages/airflow/example_dags/example_complex.py took 0.239 seconds
[2023-12-24T14:13:52.148+0000] {processor.py:161} INFO - Started process (PID=891) to work on /home/airflow/.local/lib/python3.8/site-packages/airflow/example_dags/example_complex.py
[2023-12-24T14:13:52.150+0000] {processor.py:830} INFO - Processing file /home/airflow/.local/lib/python3.8/site-packages/airflow/example_dags/example_complex.py for tasks to queue
[2023-12-24T14:13:52.155+0000] {logging_mixin.py:188} INFO - [2023-12-24T14:13:52.154+0000] {dagbag.py:538} INFO - Filling up the DagBag from /home/airflow/.local/lib/python3.8/site-packages/airflow/example_dags/example_complex.py
[2023-12-24T14:13:52.175+0000] {processor.py:840} INFO - DAG(s) 'example_complex' retrieved from /home/airflow/.local/lib/python3.8/site-packages/airflow/example_dags/example_complex.py
[2023-12-24T14:13:52.229+0000] {logging_mixin.py:188} INFO - [2023-12-24T14:13:52.228+0000] {dag.py:3033} INFO - Sync 1 DAGs
[2023-12-24T14:13:52.251+0000] {logging_mixin.py:188} INFO - [2023-12-24T14:13:52.250+0000] {dag.py:3820} INFO - Setting next_dagrun for example_complex to None, run_after=None
[2023-12-24T14:13:52.290+0000] {processor.py:183} INFO - Processing /home/airflow/.local/lib/python3.8/site-packages/airflow/example_dags/example_complex.py took 0.148 seconds
[2023-12-24T14:14:23.658+0000] {processor.py:161} INFO - Started process (PID=950) to work on /home/airflow/.local/lib/python3.8/site-packages/airflow/example_dags/example_complex.py
[2023-12-24T14:14:23.660+0000] {processor.py:830} INFO - Processing file /home/airflow/.local/lib/python3.8/site-packages/airflow/example_dags/example_complex.py for tasks to queue
[2023-12-24T14:14:23.664+0000] {logging_mixin.py:188} INFO - [2023-12-24T14:14:23.663+0000] {dagbag.py:538} INFO - Filling up the DagBag from /home/airflow/.local/lib/python3.8/site-packages/airflow/example_dags/example_complex.py
[2023-12-24T14:14:23.682+0000] {processor.py:840} INFO - DAG(s) 'example_complex' retrieved from /home/airflow/.local/lib/python3.8/site-packages/airflow/example_dags/example_complex.py
[2023-12-24T14:14:23.732+0000] {logging_mixin.py:188} INFO - [2023-12-24T14:14:23.731+0000] {dag.py:3033} INFO - Sync 1 DAGs
[2023-12-24T14:14:23.753+0000] {logging_mixin.py:188} INFO - [2023-12-24T14:14:23.752+0000] {dag.py:3820} INFO - Setting next_dagrun for example_complex to None, run_after=None
[2023-12-24T14:14:23.783+0000] {processor.py:183} INFO - Processing /home/airflow/.local/lib/python3.8/site-packages/airflow/example_dags/example_complex.py took 0.130 seconds
[2023-12-24T14:14:54.179+0000] {processor.py:161} INFO - Started process (PID=1009) to work on /home/airflow/.local/lib/python3.8/site-packages/airflow/example_dags/example_complex.py
[2023-12-24T14:14:54.181+0000] {processor.py:830} INFO - Processing file /home/airflow/.local/lib/python3.8/site-packages/airflow/example_dags/example_complex.py for tasks to queue
[2023-12-24T14:14:54.187+0000] {logging_mixin.py:188} INFO - [2023-12-24T14:14:54.186+0000] {dagbag.py:538} INFO - Filling up the DagBag from /home/airflow/.local/lib/python3.8/site-packages/airflow/example_dags/example_complex.py
[2023-12-24T14:14:54.216+0000] {processor.py:840} INFO - DAG(s) 'example_complex' retrieved from /home/airflow/.local/lib/python3.8/site-packages/airflow/example_dags/example_complex.py
[2023-12-24T14:14:54.268+0000] {logging_mixin.py:188} INFO - [2023-12-24T14:14:54.268+0000] {dag.py:3033} INFO - Sync 1 DAGs
[2023-12-24T14:14:54.298+0000] {logging_mixin.py:188} INFO - [2023-12-24T14:14:54.298+0000] {dag.py:3820} INFO - Setting next_dagrun for example_complex to None, run_after=None
[2023-12-24T14:14:54.343+0000] {processor.py:183} INFO - Processing /home/airflow/.local/lib/python3.8/site-packages/airflow/example_dags/example_complex.py took 0.172 seconds
[2023-12-24T14:15:24.544+0000] {processor.py:161} INFO - Started process (PID=1068) to work on /home/airflow/.local/lib/python3.8/site-packages/airflow/example_dags/example_complex.py
[2023-12-24T14:15:24.546+0000] {processor.py:830} INFO - Processing file /home/airflow/.local/lib/python3.8/site-packages/airflow/example_dags/example_complex.py for tasks to queue
[2023-12-24T14:15:24.551+0000] {logging_mixin.py:188} INFO - [2023-12-24T14:15:24.550+0000] {dagbag.py:538} INFO - Filling up the DagBag from /home/airflow/.local/lib/python3.8/site-packages/airflow/example_dags/example_complex.py
[2023-12-24T14:15:24.579+0000] {processor.py:840} INFO - DAG(s) 'example_complex' retrieved from /home/airflow/.local/lib/python3.8/site-packages/airflow/example_dags/example_complex.py
[2023-12-24T14:15:24.654+0000] {logging_mixin.py:188} INFO - [2023-12-24T14:15:24.653+0000] {dag.py:3033} INFO - Sync 1 DAGs
[2023-12-24T14:15:24.685+0000] {logging_mixin.py:188} INFO - [2023-12-24T14:15:24.685+0000] {dag.py:3820} INFO - Setting next_dagrun for example_complex to None, run_after=None
[2023-12-24T14:15:24.727+0000] {processor.py:183} INFO - Processing /home/airflow/.local/lib/python3.8/site-packages/airflow/example_dags/example_complex.py took 0.189 seconds
[2023-12-24T14:15:54.763+0000] {processor.py:161} INFO - Started process (PID=1125) to work on /home/airflow/.local/lib/python3.8/site-packages/airflow/example_dags/example_complex.py
[2023-12-24T14:15:54.765+0000] {processor.py:830} INFO - Processing file /home/airflow/.local/lib/python3.8/site-packages/airflow/example_dags/example_complex.py for tasks to queue
[2023-12-24T14:15:54.770+0000] {logging_mixin.py:188} INFO - [2023-12-24T14:15:54.769+0000] {dagbag.py:538} INFO - Filling up the DagBag from /home/airflow/.local/lib/python3.8/site-packages/airflow/example_dags/example_complex.py
[2023-12-24T14:15:54.789+0000] {processor.py:840} INFO - DAG(s) 'example_complex' retrieved from /home/airflow/.local/lib/python3.8/site-packages/airflow/example_dags/example_complex.py
[2023-12-24T14:15:54.834+0000] {logging_mixin.py:188} INFO - [2023-12-24T14:15:54.834+0000] {dag.py:3033} INFO - Sync 1 DAGs
[2023-12-24T14:15:54.864+0000] {logging_mixin.py:188} INFO - [2023-12-24T14:15:54.864+0000] {dag.py:3820} INFO - Setting next_dagrun for example_complex to None, run_after=None
[2023-12-24T14:15:54.911+0000] {processor.py:183} INFO - Processing /home/airflow/.local/lib/python3.8/site-packages/airflow/example_dags/example_complex.py took 0.153 seconds
[2023-12-24T14:16:25.824+0000] {processor.py:161} INFO - Started process (PID=1185) to work on /home/airflow/.local/lib/python3.8/site-packages/airflow/example_dags/example_complex.py
[2023-12-24T14:16:25.828+0000] {processor.py:830} INFO - Processing file /home/airflow/.local/lib/python3.8/site-packages/airflow/example_dags/example_complex.py for tasks to queue
[2023-12-24T14:16:25.838+0000] {logging_mixin.py:188} INFO - [2023-12-24T14:16:25.834+0000] {dagbag.py:538} INFO - Filling up the DagBag from /home/airflow/.local/lib/python3.8/site-packages/airflow/example_dags/example_complex.py
[2023-12-24T14:16:25.878+0000] {processor.py:840} INFO - DAG(s) 'example_complex' retrieved from /home/airflow/.local/lib/python3.8/site-packages/airflow/example_dags/example_complex.py
[2023-12-24T14:16:25.986+0000] {logging_mixin.py:188} INFO - [2023-12-24T14:16:25.986+0000] {dag.py:3033} INFO - Sync 1 DAGs
[2023-12-24T14:16:26.012+0000] {logging_mixin.py:188} INFO - [2023-12-24T14:16:26.012+0000] {dag.py:3820} INFO - Setting next_dagrun for example_complex to None, run_after=None
[2023-12-24T14:16:26.054+0000] {processor.py:183} INFO - Processing /home/airflow/.local/lib/python3.8/site-packages/airflow/example_dags/example_complex.py took 0.243 seconds
[2023-12-24T14:18:41.705+0000] {processor.py:161} INFO - Started process (PID=66) to work on /home/airflow/.local/lib/python3.8/site-packages/airflow/example_dags/example_complex.py
[2023-12-24T14:18:41.708+0000] {processor.py:830} INFO - Processing file /home/airflow/.local/lib/python3.8/site-packages/airflow/example_dags/example_complex.py for tasks to queue
[2023-12-24T14:18:41.714+0000] {logging_mixin.py:188} INFO - [2023-12-24T14:18:41.713+0000] {dagbag.py:538} INFO - Filling up the DagBag from /home/airflow/.local/lib/python3.8/site-packages/airflow/example_dags/example_complex.py
[2023-12-24T14:18:41.747+0000] {processor.py:840} INFO - DAG(s) 'example_complex' retrieved from /home/airflow/.local/lib/python3.8/site-packages/airflow/example_dags/example_complex.py
[2023-12-24T14:18:41.772+0000] {logging_mixin.py:188} INFO - [2023-12-24T14:18:41.772+0000] {dag.py:3033} INFO - Sync 1 DAGs
[2023-12-24T14:18:41.809+0000] {logging_mixin.py:188} INFO - [2023-12-24T14:18:41.808+0000] {dag.py:3820} INFO - Setting next_dagrun for example_complex to None, run_after=None
[2023-12-24T14:18:41.854+0000] {processor.py:183} INFO - Processing /home/airflow/.local/lib/python3.8/site-packages/airflow/example_dags/example_complex.py took 0.158 seconds
[2023-12-24T14:19:13.595+0000] {processor.py:161} INFO - Started process (PID=126) to work on /home/airflow/.local/lib/python3.8/site-packages/airflow/example_dags/example_complex.py
[2023-12-24T14:19:13.597+0000] {processor.py:830} INFO - Processing file /home/airflow/.local/lib/python3.8/site-packages/airflow/example_dags/example_complex.py for tasks to queue
[2023-12-24T14:19:13.619+0000] {logging_mixin.py:188} INFO - [2023-12-24T14:19:13.619+0000] {dagbag.py:538} INFO - Filling up the DagBag from /home/airflow/.local/lib/python3.8/site-packages/airflow/example_dags/example_complex.py
[2023-12-24T14:19:13.657+0000] {processor.py:840} INFO - DAG(s) 'example_complex' retrieved from /home/airflow/.local/lib/python3.8/site-packages/airflow/example_dags/example_complex.py
[2023-12-24T14:19:13.707+0000] {logging_mixin.py:188} INFO - [2023-12-24T14:19:13.705+0000] {dag.py:3033} INFO - Sync 1 DAGs
[2023-12-24T14:19:13.763+0000] {logging_mixin.py:188} INFO - [2023-12-24T14:19:13.763+0000] {dag.py:3820} INFO - Setting next_dagrun for example_complex to None, run_after=None
[2023-12-24T14:19:13.830+0000] {processor.py:183} INFO - Processing /home/airflow/.local/lib/python3.8/site-packages/airflow/example_dags/example_complex.py took 0.245 seconds
[2023-12-24T14:19:44.276+0000] {processor.py:161} INFO - Started process (PID=185) to work on /home/airflow/.local/lib/python3.8/site-packages/airflow/example_dags/example_complex.py
[2023-12-24T14:19:44.277+0000] {processor.py:830} INFO - Processing file /home/airflow/.local/lib/python3.8/site-packages/airflow/example_dags/example_complex.py for tasks to queue
[2023-12-24T14:19:44.283+0000] {logging_mixin.py:188} INFO - [2023-12-24T14:19:44.281+0000] {dagbag.py:538} INFO - Filling up the DagBag from /home/airflow/.local/lib/python3.8/site-packages/airflow/example_dags/example_complex.py
[2023-12-24T14:19:44.304+0000] {processor.py:840} INFO - DAG(s) 'example_complex' retrieved from /home/airflow/.local/lib/python3.8/site-packages/airflow/example_dags/example_complex.py
[2023-12-24T14:19:44.566+0000] {logging_mixin.py:188} INFO - [2023-12-24T14:19:44.566+0000] {dag.py:3033} INFO - Sync 1 DAGs
[2023-12-24T14:19:44.590+0000] {logging_mixin.py:188} INFO - [2023-12-24T14:19:44.589+0000] {dag.py:3820} INFO - Setting next_dagrun for example_complex to None, run_after=None
[2023-12-24T14:19:44.638+0000] {processor.py:183} INFO - Processing /home/airflow/.local/lib/python3.8/site-packages/airflow/example_dags/example_complex.py took 0.368 seconds
[2023-12-24T14:20:15.360+0000] {processor.py:161} INFO - Started process (PID=244) to work on /home/airflow/.local/lib/python3.8/site-packages/airflow/example_dags/example_complex.py
[2023-12-24T14:20:15.368+0000] {processor.py:830} INFO - Processing file /home/airflow/.local/lib/python3.8/site-packages/airflow/example_dags/example_complex.py for tasks to queue
[2023-12-24T14:20:15.387+0000] {logging_mixin.py:188} INFO - [2023-12-24T14:20:15.386+0000] {dagbag.py:538} INFO - Filling up the DagBag from /home/airflow/.local/lib/python3.8/site-packages/airflow/example_dags/example_complex.py
[2023-12-24T14:20:15.423+0000] {processor.py:840} INFO - DAG(s) 'example_complex' retrieved from /home/airflow/.local/lib/python3.8/site-packages/airflow/example_dags/example_complex.py
[2023-12-24T14:20:15.540+0000] {logging_mixin.py:188} INFO - [2023-12-24T14:20:15.540+0000] {dag.py:3033} INFO - Sync 1 DAGs
[2023-12-24T14:20:15.584+0000] {logging_mixin.py:188} INFO - [2023-12-24T14:20:15.583+0000] {dag.py:3820} INFO - Setting next_dagrun for example_complex to None, run_after=None
[2023-12-24T14:20:15.651+0000] {processor.py:183} INFO - Processing /home/airflow/.local/lib/python3.8/site-packages/airflow/example_dags/example_complex.py took 0.298 seconds
[2023-12-24T14:20:45.728+0000] {processor.py:161} INFO - Started process (PID=302) to work on /home/airflow/.local/lib/python3.8/site-packages/airflow/example_dags/example_complex.py
[2023-12-24T14:20:45.729+0000] {processor.py:830} INFO - Processing file /home/airflow/.local/lib/python3.8/site-packages/airflow/example_dags/example_complex.py for tasks to queue
[2023-12-24T14:20:45.734+0000] {logging_mixin.py:188} INFO - [2023-12-24T14:20:45.733+0000] {dagbag.py:538} INFO - Filling up the DagBag from /home/airflow/.local/lib/python3.8/site-packages/airflow/example_dags/example_complex.py
[2023-12-24T14:20:45.757+0000] {processor.py:840} INFO - DAG(s) 'example_complex' retrieved from /home/airflow/.local/lib/python3.8/site-packages/airflow/example_dags/example_complex.py
[2023-12-24T14:20:45.811+0000] {logging_mixin.py:188} INFO - [2023-12-24T14:20:45.811+0000] {dag.py:3033} INFO - Sync 1 DAGs
[2023-12-24T14:20:45.843+0000] {logging_mixin.py:188} INFO - [2023-12-24T14:20:45.842+0000] {dag.py:3820} INFO - Setting next_dagrun for example_complex to None, run_after=None
[2023-12-24T14:20:45.876+0000] {processor.py:183} INFO - Processing /home/airflow/.local/lib/python3.8/site-packages/airflow/example_dags/example_complex.py took 0.155 seconds
[2023-12-24T14:21:16.644+0000] {processor.py:161} INFO - Started process (PID=360) to work on /home/airflow/.local/lib/python3.8/site-packages/airflow/example_dags/example_complex.py
[2023-12-24T14:21:16.645+0000] {processor.py:830} INFO - Processing file /home/airflow/.local/lib/python3.8/site-packages/airflow/example_dags/example_complex.py for tasks to queue
[2023-12-24T14:21:16.651+0000] {logging_mixin.py:188} INFO - [2023-12-24T14:21:16.650+0000] {dagbag.py:538} INFO - Filling up the DagBag from /home/airflow/.local/lib/python3.8/site-packages/airflow/example_dags/example_complex.py
[2023-12-24T14:21:16.675+0000] {processor.py:840} INFO - DAG(s) 'example_complex' retrieved from /home/airflow/.local/lib/python3.8/site-packages/airflow/example_dags/example_complex.py
[2023-12-24T14:21:16.728+0000] {logging_mixin.py:188} INFO - [2023-12-24T14:21:16.728+0000] {dag.py:3033} INFO - Sync 1 DAGs
[2023-12-24T14:21:16.754+0000] {logging_mixin.py:188} INFO - [2023-12-24T14:21:16.754+0000] {dag.py:3820} INFO - Setting next_dagrun for example_complex to None, run_after=None
[2023-12-24T14:21:16.786+0000] {processor.py:183} INFO - Processing /home/airflow/.local/lib/python3.8/site-packages/airflow/example_dags/example_complex.py took 0.150 seconds
[2023-12-24T14:21:46.906+0000] {processor.py:161} INFO - Started process (PID=419) to work on /home/airflow/.local/lib/python3.8/site-packages/airflow/example_dags/example_complex.py
[2023-12-24T14:21:46.908+0000] {processor.py:830} INFO - Processing file /home/airflow/.local/lib/python3.8/site-packages/airflow/example_dags/example_complex.py for tasks to queue
[2023-12-24T14:21:46.912+0000] {logging_mixin.py:188} INFO - [2023-12-24T14:21:46.912+0000] {dagbag.py:538} INFO - Filling up the DagBag from /home/airflow/.local/lib/python3.8/site-packages/airflow/example_dags/example_complex.py
[2023-12-24T14:21:46.935+0000] {processor.py:840} INFO - DAG(s) 'example_complex' retrieved from /home/airflow/.local/lib/python3.8/site-packages/airflow/example_dags/example_complex.py
[2023-12-24T14:21:46.993+0000] {logging_mixin.py:188} INFO - [2023-12-24T14:21:46.993+0000] {dag.py:3033} INFO - Sync 1 DAGs
[2023-12-24T14:21:47.030+0000] {logging_mixin.py:188} INFO - [2023-12-24T14:21:47.029+0000] {dag.py:3820} INFO - Setting next_dagrun for example_complex to None, run_after=None
[2023-12-24T14:21:47.069+0000] {processor.py:183} INFO - Processing /home/airflow/.local/lib/python3.8/site-packages/airflow/example_dags/example_complex.py took 0.169 seconds
[2023-12-24T14:22:17.871+0000] {processor.py:161} INFO - Started process (PID=477) to work on /home/airflow/.local/lib/python3.8/site-packages/airflow/example_dags/example_complex.py
[2023-12-24T14:22:17.873+0000] {processor.py:830} INFO - Processing file /home/airflow/.local/lib/python3.8/site-packages/airflow/example_dags/example_complex.py for tasks to queue
[2023-12-24T14:22:17.878+0000] {logging_mixin.py:188} INFO - [2023-12-24T14:22:17.877+0000] {dagbag.py:538} INFO - Filling up the DagBag from /home/airflow/.local/lib/python3.8/site-packages/airflow/example_dags/example_complex.py
[2023-12-24T14:22:17.908+0000] {processor.py:840} INFO - DAG(s) 'example_complex' retrieved from /home/airflow/.local/lib/python3.8/site-packages/airflow/example_dags/example_complex.py
[2023-12-24T14:22:17.952+0000] {logging_mixin.py:188} INFO - [2023-12-24T14:22:17.952+0000] {dag.py:3033} INFO - Sync 1 DAGs
[2023-12-24T14:22:17.976+0000] {logging_mixin.py:188} INFO - [2023-12-24T14:22:17.976+0000] {dag.py:3820} INFO - Setting next_dagrun for example_complex to None, run_after=None
[2023-12-24T14:22:18.006+0000] {processor.py:183} INFO - Processing /home/airflow/.local/lib/python3.8/site-packages/airflow/example_dags/example_complex.py took 0.144 seconds
[2023-12-24T14:22:48.493+0000] {processor.py:161} INFO - Started process (PID=535) to work on /home/airflow/.local/lib/python3.8/site-packages/airflow/example_dags/example_complex.py
[2023-12-24T14:22:48.495+0000] {processor.py:830} INFO - Processing file /home/airflow/.local/lib/python3.8/site-packages/airflow/example_dags/example_complex.py for tasks to queue
[2023-12-24T14:22:48.502+0000] {logging_mixin.py:188} INFO - [2023-12-24T14:22:48.501+0000] {dagbag.py:538} INFO - Filling up the DagBag from /home/airflow/.local/lib/python3.8/site-packages/airflow/example_dags/example_complex.py
[2023-12-24T14:22:48.526+0000] {processor.py:840} INFO - DAG(s) 'example_complex' retrieved from /home/airflow/.local/lib/python3.8/site-packages/airflow/example_dags/example_complex.py
[2023-12-24T14:22:48.616+0000] {logging_mixin.py:188} INFO - [2023-12-24T14:22:48.615+0000] {dag.py:3033} INFO - Sync 1 DAGs
[2023-12-24T14:22:48.656+0000] {logging_mixin.py:188} INFO - [2023-12-24T14:22:48.656+0000] {dag.py:3820} INFO - Setting next_dagrun for example_complex to None, run_after=None
[2023-12-24T14:22:48.719+0000] {processor.py:183} INFO - Processing /home/airflow/.local/lib/python3.8/site-packages/airflow/example_dags/example_complex.py took 0.235 seconds
[2023-12-24T14:23:19.169+0000] {processor.py:161} INFO - Started process (PID=593) to work on /home/airflow/.local/lib/python3.8/site-packages/airflow/example_dags/example_complex.py
[2023-12-24T14:23:19.171+0000] {processor.py:830} INFO - Processing file /home/airflow/.local/lib/python3.8/site-packages/airflow/example_dags/example_complex.py for tasks to queue
[2023-12-24T14:23:19.177+0000] {logging_mixin.py:188} INFO - [2023-12-24T14:23:19.177+0000] {dagbag.py:538} INFO - Filling up the DagBag from /home/airflow/.local/lib/python3.8/site-packages/airflow/example_dags/example_complex.py
[2023-12-24T14:23:19.202+0000] {processor.py:840} INFO - DAG(s) 'example_complex' retrieved from /home/airflow/.local/lib/python3.8/site-packages/airflow/example_dags/example_complex.py
[2023-12-24T14:23:19.271+0000] {logging_mixin.py:188} INFO - [2023-12-24T14:23:19.271+0000] {dag.py:3033} INFO - Sync 1 DAGs
[2023-12-24T14:23:19.296+0000] {logging_mixin.py:188} INFO - [2023-12-24T14:23:19.296+0000] {dag.py:3820} INFO - Setting next_dagrun for example_complex to None, run_after=None
[2023-12-24T14:23:19.328+0000] {processor.py:183} INFO - Processing /home/airflow/.local/lib/python3.8/site-packages/airflow/example_dags/example_complex.py took 0.167 seconds
[2023-12-24T14:23:49.902+0000] {processor.py:161} INFO - Started process (PID=651) to work on /home/airflow/.local/lib/python3.8/site-packages/airflow/example_dags/example_complex.py
[2023-12-24T14:23:49.904+0000] {processor.py:830} INFO - Processing file /home/airflow/.local/lib/python3.8/site-packages/airflow/example_dags/example_complex.py for tasks to queue
[2023-12-24T14:23:49.908+0000] {logging_mixin.py:188} INFO - [2023-12-24T14:23:49.907+0000] {dagbag.py:538} INFO - Filling up the DagBag from /home/airflow/.local/lib/python3.8/site-packages/airflow/example_dags/example_complex.py
[2023-12-24T14:23:49.931+0000] {processor.py:840} INFO - DAG(s) 'example_complex' retrieved from /home/airflow/.local/lib/python3.8/site-packages/airflow/example_dags/example_complex.py
[2023-12-24T14:23:49.982+0000] {logging_mixin.py:188} INFO - [2023-12-24T14:23:49.982+0000] {dag.py:3033} INFO - Sync 1 DAGs
[2023-12-24T14:23:50.002+0000] {logging_mixin.py:188} INFO - [2023-12-24T14:23:50.002+0000] {dag.py:3820} INFO - Setting next_dagrun for example_complex to None, run_after=None
[2023-12-24T14:23:50.031+0000] {processor.py:183} INFO - Processing /home/airflow/.local/lib/python3.8/site-packages/airflow/example_dags/example_complex.py took 0.135 seconds
[2023-12-24T14:24:20.926+0000] {processor.py:161} INFO - Started process (PID=710) to work on /home/airflow/.local/lib/python3.8/site-packages/airflow/example_dags/example_complex.py
[2023-12-24T14:24:20.930+0000] {processor.py:830} INFO - Processing file /home/airflow/.local/lib/python3.8/site-packages/airflow/example_dags/example_complex.py for tasks to queue
[2023-12-24T14:24:20.937+0000] {logging_mixin.py:188} INFO - [2023-12-24T14:24:20.936+0000] {dagbag.py:538} INFO - Filling up the DagBag from /home/airflow/.local/lib/python3.8/site-packages/airflow/example_dags/example_complex.py
[2023-12-24T14:24:20.983+0000] {processor.py:840} INFO - DAG(s) 'example_complex' retrieved from /home/airflow/.local/lib/python3.8/site-packages/airflow/example_dags/example_complex.py
[2023-12-24T14:24:21.087+0000] {logging_mixin.py:188} INFO - [2023-12-24T14:24:21.086+0000] {dag.py:3033} INFO - Sync 1 DAGs
[2023-12-24T14:24:21.129+0000] {logging_mixin.py:188} INFO - [2023-12-24T14:24:21.126+0000] {dag.py:3820} INFO - Setting next_dagrun for example_complex to None, run_after=None
[2023-12-24T14:24:21.180+0000] {processor.py:183} INFO - Processing /home/airflow/.local/lib/python3.8/site-packages/airflow/example_dags/example_complex.py took 0.266 seconds
[2023-12-24T14:24:51.649+0000] {processor.py:161} INFO - Started process (PID=768) to work on /home/airflow/.local/lib/python3.8/site-packages/airflow/example_dags/example_complex.py
[2023-12-24T14:24:51.651+0000] {processor.py:830} INFO - Processing file /home/airflow/.local/lib/python3.8/site-packages/airflow/example_dags/example_complex.py for tasks to queue
[2023-12-24T14:24:51.657+0000] {logging_mixin.py:188} INFO - [2023-12-24T14:24:51.656+0000] {dagbag.py:538} INFO - Filling up the DagBag from /home/airflow/.local/lib/python3.8/site-packages/airflow/example_dags/example_complex.py
[2023-12-24T14:24:51.678+0000] {processor.py:840} INFO - DAG(s) 'example_complex' retrieved from /home/airflow/.local/lib/python3.8/site-packages/airflow/example_dags/example_complex.py
[2023-12-24T14:24:51.760+0000] {logging_mixin.py:188} INFO - [2023-12-24T14:24:51.759+0000] {dag.py:3033} INFO - Sync 1 DAGs
[2023-12-24T14:24:51.792+0000] {logging_mixin.py:188} INFO - [2023-12-24T14:24:51.792+0000] {dag.py:3820} INFO - Setting next_dagrun for example_complex to None, run_after=None
[2023-12-24T14:24:51.844+0000] {processor.py:183} INFO - Processing /home/airflow/.local/lib/python3.8/site-packages/airflow/example_dags/example_complex.py took 0.202 seconds
[2023-12-24T14:25:22.810+0000] {processor.py:161} INFO - Started process (PID=826) to work on /home/airflow/.local/lib/python3.8/site-packages/airflow/example_dags/example_complex.py
[2023-12-24T14:25:22.812+0000] {processor.py:830} INFO - Processing file /home/airflow/.local/lib/python3.8/site-packages/airflow/example_dags/example_complex.py for tasks to queue
[2023-12-24T14:25:22.817+0000] {logging_mixin.py:188} INFO - [2023-12-24T14:25:22.816+0000] {dagbag.py:538} INFO - Filling up the DagBag from /home/airflow/.local/lib/python3.8/site-packages/airflow/example_dags/example_complex.py
[2023-12-24T14:25:22.844+0000] {processor.py:840} INFO - DAG(s) 'example_complex' retrieved from /home/airflow/.local/lib/python3.8/site-packages/airflow/example_dags/example_complex.py
[2023-12-24T14:25:22.910+0000] {logging_mixin.py:188} INFO - [2023-12-24T14:25:22.910+0000] {dag.py:3033} INFO - Sync 1 DAGs
[2023-12-24T14:25:22.932+0000] {logging_mixin.py:188} INFO - [2023-12-24T14:25:22.932+0000] {dag.py:3820} INFO - Setting next_dagrun for example_complex to None, run_after=None
[2023-12-24T14:25:22.966+0000] {processor.py:183} INFO - Processing /home/airflow/.local/lib/python3.8/site-packages/airflow/example_dags/example_complex.py took 0.162 seconds
[2023-12-24T14:25:53.046+0000] {processor.py:161} INFO - Started process (PID=883) to work on /home/airflow/.local/lib/python3.8/site-packages/airflow/example_dags/example_complex.py
[2023-12-24T14:25:53.048+0000] {processor.py:830} INFO - Processing file /home/airflow/.local/lib/python3.8/site-packages/airflow/example_dags/example_complex.py for tasks to queue
[2023-12-24T14:25:53.053+0000] {logging_mixin.py:188} INFO - [2023-12-24T14:25:53.052+0000] {dagbag.py:538} INFO - Filling up the DagBag from /home/airflow/.local/lib/python3.8/site-packages/airflow/example_dags/example_complex.py
[2023-12-24T14:25:53.072+0000] {processor.py:840} INFO - DAG(s) 'example_complex' retrieved from /home/airflow/.local/lib/python3.8/site-packages/airflow/example_dags/example_complex.py
[2023-12-24T14:25:53.124+0000] {logging_mixin.py:188} INFO - [2023-12-24T14:25:53.124+0000] {dag.py:3033} INFO - Sync 1 DAGs
[2023-12-24T14:25:53.147+0000] {logging_mixin.py:188} INFO - [2023-12-24T14:25:53.146+0000] {dag.py:3820} INFO - Setting next_dagrun for example_complex to None, run_after=None
[2023-12-24T14:25:53.181+0000] {processor.py:183} INFO - Processing /home/airflow/.local/lib/python3.8/site-packages/airflow/example_dags/example_complex.py took 0.141 seconds
[2023-12-24T14:26:23.313+0000] {processor.py:161} INFO - Started process (PID=941) to work on /home/airflow/.local/lib/python3.8/site-packages/airflow/example_dags/example_complex.py
[2023-12-24T14:26:23.315+0000] {processor.py:830} INFO - Processing file /home/airflow/.local/lib/python3.8/site-packages/airflow/example_dags/example_complex.py for tasks to queue
[2023-12-24T14:26:23.320+0000] {logging_mixin.py:188} INFO - [2023-12-24T14:26:23.319+0000] {dagbag.py:538} INFO - Filling up the DagBag from /home/airflow/.local/lib/python3.8/site-packages/airflow/example_dags/example_complex.py
[2023-12-24T14:26:23.340+0000] {processor.py:840} INFO - DAG(s) 'example_complex' retrieved from /home/airflow/.local/lib/python3.8/site-packages/airflow/example_dags/example_complex.py
[2023-12-24T14:26:23.395+0000] {logging_mixin.py:188} INFO - [2023-12-24T14:26:23.395+0000] {dag.py:3033} INFO - Sync 1 DAGs
[2023-12-24T14:26:23.417+0000] {logging_mixin.py:188} INFO - [2023-12-24T14:26:23.417+0000] {dag.py:3820} INFO - Setting next_dagrun for example_complex to None, run_after=None
[2023-12-24T14:26:23.455+0000] {processor.py:183} INFO - Processing /home/airflow/.local/lib/python3.8/site-packages/airflow/example_dags/example_complex.py took 0.148 seconds
[2023-12-24T14:26:53.571+0000] {processor.py:161} INFO - Started process (PID=999) to work on /home/airflow/.local/lib/python3.8/site-packages/airflow/example_dags/example_complex.py
[2023-12-24T14:26:53.573+0000] {processor.py:830} INFO - Processing file /home/airflow/.local/lib/python3.8/site-packages/airflow/example_dags/example_complex.py for tasks to queue
[2023-12-24T14:26:53.579+0000] {logging_mixin.py:188} INFO - [2023-12-24T14:26:53.579+0000] {dagbag.py:538} INFO - Filling up the DagBag from /home/airflow/.local/lib/python3.8/site-packages/airflow/example_dags/example_complex.py
[2023-12-24T14:26:53.613+0000] {processor.py:840} INFO - DAG(s) 'example_complex' retrieved from /home/airflow/.local/lib/python3.8/site-packages/airflow/example_dags/example_complex.py
[2023-12-24T14:26:53.690+0000] {logging_mixin.py:188} INFO - [2023-12-24T14:26:53.689+0000] {dag.py:3033} INFO - Sync 1 DAGs
[2023-12-24T14:26:53.723+0000] {logging_mixin.py:188} INFO - [2023-12-24T14:26:53.723+0000] {dag.py:3820} INFO - Setting next_dagrun for example_complex to None, run_after=None
[2023-12-24T14:26:53.764+0000] {processor.py:183} INFO - Processing /home/airflow/.local/lib/python3.8/site-packages/airflow/example_dags/example_complex.py took 0.201 seconds
[2023-12-24T14:27:23.795+0000] {processor.py:161} INFO - Started process (PID=1057) to work on /home/airflow/.local/lib/python3.8/site-packages/airflow/example_dags/example_complex.py
[2023-12-24T14:27:23.797+0000] {processor.py:830} INFO - Processing file /home/airflow/.local/lib/python3.8/site-packages/airflow/example_dags/example_complex.py for tasks to queue
[2023-12-24T14:27:23.804+0000] {logging_mixin.py:188} INFO - [2023-12-24T14:27:23.803+0000] {dagbag.py:538} INFO - Filling up the DagBag from /home/airflow/.local/lib/python3.8/site-packages/airflow/example_dags/example_complex.py
[2023-12-24T14:27:23.825+0000] {processor.py:840} INFO - DAG(s) 'example_complex' retrieved from /home/airflow/.local/lib/python3.8/site-packages/airflow/example_dags/example_complex.py
[2023-12-24T14:27:23.877+0000] {logging_mixin.py:188} INFO - [2023-12-24T14:27:23.876+0000] {dag.py:3033} INFO - Sync 1 DAGs
[2023-12-24T14:27:23.903+0000] {logging_mixin.py:188} INFO - [2023-12-24T14:27:23.903+0000] {dag.py:3820} INFO - Setting next_dagrun for example_complex to None, run_after=None
[2023-12-24T14:27:23.942+0000] {processor.py:183} INFO - Processing /home/airflow/.local/lib/python3.8/site-packages/airflow/example_dags/example_complex.py took 0.152 seconds
[2023-12-24T14:27:54.259+0000] {processor.py:161} INFO - Started process (PID=1115) to work on /home/airflow/.local/lib/python3.8/site-packages/airflow/example_dags/example_complex.py
[2023-12-24T14:27:54.261+0000] {processor.py:830} INFO - Processing file /home/airflow/.local/lib/python3.8/site-packages/airflow/example_dags/example_complex.py for tasks to queue
[2023-12-24T14:27:54.266+0000] {logging_mixin.py:188} INFO - [2023-12-24T14:27:54.266+0000] {dagbag.py:538} INFO - Filling up the DagBag from /home/airflow/.local/lib/python3.8/site-packages/airflow/example_dags/example_complex.py
[2023-12-24T14:27:54.291+0000] {processor.py:840} INFO - DAG(s) 'example_complex' retrieved from /home/airflow/.local/lib/python3.8/site-packages/airflow/example_dags/example_complex.py
[2023-12-24T14:27:54.343+0000] {logging_mixin.py:188} INFO - [2023-12-24T14:27:54.343+0000] {dag.py:3033} INFO - Sync 1 DAGs
[2023-12-24T14:27:54.368+0000] {logging_mixin.py:188} INFO - [2023-12-24T14:27:54.368+0000] {dag.py:3820} INFO - Setting next_dagrun for example_complex to None, run_after=None
[2023-12-24T14:27:54.401+0000] {processor.py:183} INFO - Processing /home/airflow/.local/lib/python3.8/site-packages/airflow/example_dags/example_complex.py took 0.150 seconds
[2023-12-24T14:28:25.027+0000] {processor.py:161} INFO - Started process (PID=1173) to work on /home/airflow/.local/lib/python3.8/site-packages/airflow/example_dags/example_complex.py
[2023-12-24T14:28:25.029+0000] {processor.py:830} INFO - Processing file /home/airflow/.local/lib/python3.8/site-packages/airflow/example_dags/example_complex.py for tasks to queue
[2023-12-24T14:28:25.035+0000] {logging_mixin.py:188} INFO - [2023-12-24T14:28:25.034+0000] {dagbag.py:538} INFO - Filling up the DagBag from /home/airflow/.local/lib/python3.8/site-packages/airflow/example_dags/example_complex.py
[2023-12-24T14:28:25.065+0000] {processor.py:840} INFO - DAG(s) 'example_complex' retrieved from /home/airflow/.local/lib/python3.8/site-packages/airflow/example_dags/example_complex.py
[2023-12-24T14:28:25.138+0000] {logging_mixin.py:188} INFO - [2023-12-24T14:28:25.137+0000] {dag.py:3033} INFO - Sync 1 DAGs
[2023-12-24T14:28:25.162+0000] {logging_mixin.py:188} INFO - [2023-12-24T14:28:25.162+0000] {dag.py:3820} INFO - Setting next_dagrun for example_complex to None, run_after=None
[2023-12-24T14:28:25.204+0000] {processor.py:183} INFO - Processing /home/airflow/.local/lib/python3.8/site-packages/airflow/example_dags/example_complex.py took 0.184 seconds
[2023-12-24T14:28:56.807+0000] {processor.py:161} INFO - Started process (PID=1231) to work on /home/airflow/.local/lib/python3.8/site-packages/airflow/example_dags/example_complex.py
[2023-12-24T14:28:56.809+0000] {processor.py:830} INFO - Processing file /home/airflow/.local/lib/python3.8/site-packages/airflow/example_dags/example_complex.py for tasks to queue
[2023-12-24T14:28:56.815+0000] {logging_mixin.py:188} INFO - [2023-12-24T14:28:56.814+0000] {dagbag.py:538} INFO - Filling up the DagBag from /home/airflow/.local/lib/python3.8/site-packages/airflow/example_dags/example_complex.py
[2023-12-24T14:28:56.845+0000] {processor.py:840} INFO - DAG(s) 'example_complex' retrieved from /home/airflow/.local/lib/python3.8/site-packages/airflow/example_dags/example_complex.py
[2023-12-24T14:28:56.919+0000] {logging_mixin.py:188} INFO - [2023-12-24T14:28:56.918+0000] {dag.py:3033} INFO - Sync 1 DAGs
[2023-12-24T14:28:56.981+0000] {logging_mixin.py:188} INFO - [2023-12-24T14:28:56.980+0000] {dag.py:3820} INFO - Setting next_dagrun for example_complex to None, run_after=None
[2023-12-24T14:28:57.021+0000] {processor.py:183} INFO - Processing /home/airflow/.local/lib/python3.8/site-packages/airflow/example_dags/example_complex.py took 0.222 seconds
[2023-12-24T14:29:28.129+0000] {processor.py:161} INFO - Started process (PID=1294) to work on /home/airflow/.local/lib/python3.8/site-packages/airflow/example_dags/example_complex.py
[2023-12-24T14:29:28.133+0000] {processor.py:830} INFO - Processing file /home/airflow/.local/lib/python3.8/site-packages/airflow/example_dags/example_complex.py for tasks to queue
[2023-12-24T14:29:28.140+0000] {logging_mixin.py:188} INFO - [2023-12-24T14:29:28.140+0000] {dagbag.py:538} INFO - Filling up the DagBag from /home/airflow/.local/lib/python3.8/site-packages/airflow/example_dags/example_complex.py
[2023-12-24T14:29:28.175+0000] {processor.py:840} INFO - DAG(s) 'example_complex' retrieved from /home/airflow/.local/lib/python3.8/site-packages/airflow/example_dags/example_complex.py
[2023-12-24T14:29:28.291+0000] {logging_mixin.py:188} INFO - [2023-12-24T14:29:28.291+0000] {dag.py:3033} INFO - Sync 1 DAGs
[2023-12-24T14:29:28.318+0000] {logging_mixin.py:188} INFO - [2023-12-24T14:29:28.318+0000] {dag.py:3820} INFO - Setting next_dagrun for example_complex to None, run_after=None
[2023-12-24T14:29:28.373+0000] {processor.py:183} INFO - Processing /home/airflow/.local/lib/python3.8/site-packages/airflow/example_dags/example_complex.py took 0.253 seconds
[2023-12-24T14:29:58.450+0000] {processor.py:161} INFO - Started process (PID=1352) to work on /home/airflow/.local/lib/python3.8/site-packages/airflow/example_dags/example_complex.py
[2023-12-24T14:29:58.452+0000] {processor.py:830} INFO - Processing file /home/airflow/.local/lib/python3.8/site-packages/airflow/example_dags/example_complex.py for tasks to queue
[2023-12-24T14:29:58.457+0000] {logging_mixin.py:188} INFO - [2023-12-24T14:29:58.456+0000] {dagbag.py:538} INFO - Filling up the DagBag from /home/airflow/.local/lib/python3.8/site-packages/airflow/example_dags/example_complex.py
[2023-12-24T14:29:58.489+0000] {processor.py:840} INFO - DAG(s) 'example_complex' retrieved from /home/airflow/.local/lib/python3.8/site-packages/airflow/example_dags/example_complex.py
[2023-12-24T14:29:58.551+0000] {logging_mixin.py:188} INFO - [2023-12-24T14:29:58.550+0000] {dag.py:3033} INFO - Sync 1 DAGs
[2023-12-24T14:29:58.580+0000] {logging_mixin.py:188} INFO - [2023-12-24T14:29:58.579+0000] {dag.py:3820} INFO - Setting next_dagrun for example_complex to None, run_after=None
[2023-12-24T14:29:58.621+0000] {processor.py:183} INFO - Processing /home/airflow/.local/lib/python3.8/site-packages/airflow/example_dags/example_complex.py took 0.178 seconds
[2023-12-24T14:30:28.987+0000] {processor.py:161} INFO - Started process (PID=1410) to work on /home/airflow/.local/lib/python3.8/site-packages/airflow/example_dags/example_complex.py
[2023-12-24T14:30:28.989+0000] {processor.py:830} INFO - Processing file /home/airflow/.local/lib/python3.8/site-packages/airflow/example_dags/example_complex.py for tasks to queue
[2023-12-24T14:30:28.995+0000] {logging_mixin.py:188} INFO - [2023-12-24T14:30:28.995+0000] {dagbag.py:538} INFO - Filling up the DagBag from /home/airflow/.local/lib/python3.8/site-packages/airflow/example_dags/example_complex.py
[2023-12-24T14:30:29.031+0000] {processor.py:840} INFO - DAG(s) 'example_complex' retrieved from /home/airflow/.local/lib/python3.8/site-packages/airflow/example_dags/example_complex.py
[2023-12-24T14:30:29.092+0000] {logging_mixin.py:188} INFO - [2023-12-24T14:30:29.092+0000] {dag.py:3033} INFO - Sync 1 DAGs
[2023-12-24T14:30:29.122+0000] {logging_mixin.py:188} INFO - [2023-12-24T14:30:29.122+0000] {dag.py:3820} INFO - Setting next_dagrun for example_complex to None, run_after=None
[2023-12-24T14:30:29.159+0000] {processor.py:183} INFO - Processing /home/airflow/.local/lib/python3.8/site-packages/airflow/example_dags/example_complex.py took 0.180 seconds
[2023-12-24T14:30:59.311+0000] {processor.py:161} INFO - Started process (PID=1468) to work on /home/airflow/.local/lib/python3.8/site-packages/airflow/example_dags/example_complex.py
[2023-12-24T14:30:59.313+0000] {processor.py:830} INFO - Processing file /home/airflow/.local/lib/python3.8/site-packages/airflow/example_dags/example_complex.py for tasks to queue
[2023-12-24T14:30:59.318+0000] {logging_mixin.py:188} INFO - [2023-12-24T14:30:59.318+0000] {dagbag.py:538} INFO - Filling up the DagBag from /home/airflow/.local/lib/python3.8/site-packages/airflow/example_dags/example_complex.py
[2023-12-24T14:30:59.340+0000] {processor.py:840} INFO - DAG(s) 'example_complex' retrieved from /home/airflow/.local/lib/python3.8/site-packages/airflow/example_dags/example_complex.py
[2023-12-24T14:30:59.395+0000] {logging_mixin.py:188} INFO - [2023-12-24T14:30:59.394+0000] {dag.py:3033} INFO - Sync 1 DAGs
[2023-12-24T14:30:59.420+0000] {logging_mixin.py:188} INFO - [2023-12-24T14:30:59.420+0000] {dag.py:3820} INFO - Setting next_dagrun for example_complex to None, run_after=None
[2023-12-24T14:30:59.457+0000] {processor.py:183} INFO - Processing /home/airflow/.local/lib/python3.8/site-packages/airflow/example_dags/example_complex.py took 0.152 seconds
[2023-12-24T14:31:29.932+0000] {processor.py:161} INFO - Started process (PID=1526) to work on /home/airflow/.local/lib/python3.8/site-packages/airflow/example_dags/example_complex.py
[2023-12-24T14:31:29.933+0000] {processor.py:830} INFO - Processing file /home/airflow/.local/lib/python3.8/site-packages/airflow/example_dags/example_complex.py for tasks to queue
[2023-12-24T14:31:29.938+0000] {logging_mixin.py:188} INFO - [2023-12-24T14:31:29.938+0000] {dagbag.py:538} INFO - Filling up the DagBag from /home/airflow/.local/lib/python3.8/site-packages/airflow/example_dags/example_complex.py
[2023-12-24T14:31:29.959+0000] {processor.py:840} INFO - DAG(s) 'example_complex' retrieved from /home/airflow/.local/lib/python3.8/site-packages/airflow/example_dags/example_complex.py
[2023-12-24T14:31:30.038+0000] {logging_mixin.py:188} INFO - [2023-12-24T14:31:30.037+0000] {dag.py:3033} INFO - Sync 1 DAGs
[2023-12-24T14:31:30.063+0000] {logging_mixin.py:188} INFO - [2023-12-24T14:31:30.062+0000] {dag.py:3820} INFO - Setting next_dagrun for example_complex to None, run_after=None
[2023-12-24T14:31:30.110+0000] {processor.py:183} INFO - Processing /home/airflow/.local/lib/python3.8/site-packages/airflow/example_dags/example_complex.py took 0.184 seconds
[2023-12-24T14:33:24.022+0000] {processor.py:161} INFO - Started process (PID=64) to work on /home/airflow/.local/lib/python3.8/site-packages/airflow/example_dags/example_complex.py
[2023-12-24T14:33:24.024+0000] {processor.py:830} INFO - Processing file /home/airflow/.local/lib/python3.8/site-packages/airflow/example_dags/example_complex.py for tasks to queue
[2023-12-24T14:33:24.030+0000] {logging_mixin.py:188} INFO - [2023-12-24T14:33:24.029+0000] {dagbag.py:538} INFO - Filling up the DagBag from /home/airflow/.local/lib/python3.8/site-packages/airflow/example_dags/example_complex.py
[2023-12-24T14:33:24.065+0000] {processor.py:840} INFO - DAG(s) 'example_complex' retrieved from /home/airflow/.local/lib/python3.8/site-packages/airflow/example_dags/example_complex.py
[2023-12-24T14:33:24.088+0000] {logging_mixin.py:188} INFO - [2023-12-24T14:33:24.087+0000] {dag.py:3033} INFO - Sync 1 DAGs
[2023-12-24T14:33:24.133+0000] {logging_mixin.py:188} INFO - [2023-12-24T14:33:24.132+0000] {dag.py:3820} INFO - Setting next_dagrun for example_complex to None, run_after=None
[2023-12-24T14:33:24.183+0000] {processor.py:183} INFO - Processing /home/airflow/.local/lib/python3.8/site-packages/airflow/example_dags/example_complex.py took 0.167 seconds
[2023-12-24T14:33:55.997+0000] {processor.py:161} INFO - Started process (PID=122) to work on /home/airflow/.local/lib/python3.8/site-packages/airflow/example_dags/example_complex.py
[2023-12-24T14:33:55.999+0000] {processor.py:830} INFO - Processing file /home/airflow/.local/lib/python3.8/site-packages/airflow/example_dags/example_complex.py for tasks to queue
[2023-12-24T14:33:56.004+0000] {logging_mixin.py:188} INFO - [2023-12-24T14:33:56.004+0000] {dagbag.py:538} INFO - Filling up the DagBag from /home/airflow/.local/lib/python3.8/site-packages/airflow/example_dags/example_complex.py
[2023-12-24T14:33:56.027+0000] {processor.py:840} INFO - DAG(s) 'example_complex' retrieved from /home/airflow/.local/lib/python3.8/site-packages/airflow/example_dags/example_complex.py
[2023-12-24T14:33:56.310+0000] {logging_mixin.py:188} INFO - [2023-12-24T14:33:56.309+0000] {dag.py:3033} INFO - Sync 1 DAGs
[2023-12-24T14:33:56.331+0000] {logging_mixin.py:188} INFO - [2023-12-24T14:33:56.330+0000] {dag.py:3820} INFO - Setting next_dagrun for example_complex to None, run_after=None
[2023-12-24T14:33:56.367+0000] {processor.py:183} INFO - Processing /home/airflow/.local/lib/python3.8/site-packages/airflow/example_dags/example_complex.py took 0.376 seconds
[2023-12-24T14:34:27.040+0000] {processor.py:161} INFO - Started process (PID=180) to work on /home/airflow/.local/lib/python3.8/site-packages/airflow/example_dags/example_complex.py
[2023-12-24T14:34:27.042+0000] {processor.py:830} INFO - Processing file /home/airflow/.local/lib/python3.8/site-packages/airflow/example_dags/example_complex.py for tasks to queue
[2023-12-24T14:34:27.047+0000] {logging_mixin.py:188} INFO - [2023-12-24T14:34:27.046+0000] {dagbag.py:538} INFO - Filling up the DagBag from /home/airflow/.local/lib/python3.8/site-packages/airflow/example_dags/example_complex.py
[2023-12-24T14:34:27.069+0000] {processor.py:840} INFO - DAG(s) 'example_complex' retrieved from /home/airflow/.local/lib/python3.8/site-packages/airflow/example_dags/example_complex.py
[2023-12-24T14:34:27.138+0000] {logging_mixin.py:188} INFO - [2023-12-24T14:34:27.138+0000] {dag.py:3033} INFO - Sync 1 DAGs
[2023-12-24T14:34:27.172+0000] {logging_mixin.py:188} INFO - [2023-12-24T14:34:27.172+0000] {dag.py:3820} INFO - Setting next_dagrun for example_complex to None, run_after=None
[2023-12-24T14:34:27.230+0000] {processor.py:183} INFO - Processing /home/airflow/.local/lib/python3.8/site-packages/airflow/example_dags/example_complex.py took 0.198 seconds
[2023-12-24T14:34:57.488+0000] {processor.py:161} INFO - Started process (PID=238) to work on /home/airflow/.local/lib/python3.8/site-packages/airflow/example_dags/example_complex.py
[2023-12-24T14:34:57.490+0000] {processor.py:830} INFO - Processing file /home/airflow/.local/lib/python3.8/site-packages/airflow/example_dags/example_complex.py for tasks to queue
[2023-12-24T14:34:57.498+0000] {logging_mixin.py:188} INFO - [2023-12-24T14:34:57.497+0000] {dagbag.py:538} INFO - Filling up the DagBag from /home/airflow/.local/lib/python3.8/site-packages/airflow/example_dags/example_complex.py
[2023-12-24T14:34:57.545+0000] {processor.py:840} INFO - DAG(s) 'example_complex' retrieved from /home/airflow/.local/lib/python3.8/site-packages/airflow/example_dags/example_complex.py
[2023-12-24T14:34:57.669+0000] {logging_mixin.py:188} INFO - [2023-12-24T14:34:57.668+0000] {dag.py:3033} INFO - Sync 1 DAGs
[2023-12-24T14:34:57.709+0000] {logging_mixin.py:188} INFO - [2023-12-24T14:34:57.709+0000] {dag.py:3820} INFO - Setting next_dagrun for example_complex to None, run_after=None
[2023-12-24T14:34:57.803+0000] {processor.py:183} INFO - Processing /home/airflow/.local/lib/python3.8/site-packages/airflow/example_dags/example_complex.py took 0.326 seconds
[2023-12-24T14:35:28.019+0000] {processor.py:161} INFO - Started process (PID=296) to work on /home/airflow/.local/lib/python3.8/site-packages/airflow/example_dags/example_complex.py
[2023-12-24T14:35:28.021+0000] {processor.py:830} INFO - Processing file /home/airflow/.local/lib/python3.8/site-packages/airflow/example_dags/example_complex.py for tasks to queue
[2023-12-24T14:35:28.026+0000] {logging_mixin.py:188} INFO - [2023-12-24T14:35:28.026+0000] {dagbag.py:538} INFO - Filling up the DagBag from /home/airflow/.local/lib/python3.8/site-packages/airflow/example_dags/example_complex.py
[2023-12-24T14:35:28.055+0000] {processor.py:840} INFO - DAG(s) 'example_complex' retrieved from /home/airflow/.local/lib/python3.8/site-packages/airflow/example_dags/example_complex.py
[2023-12-24T14:35:28.123+0000] {logging_mixin.py:188} INFO - [2023-12-24T14:35:28.123+0000] {dag.py:3033} INFO - Sync 1 DAGs
[2023-12-24T14:35:28.152+0000] {logging_mixin.py:188} INFO - [2023-12-24T14:35:28.152+0000] {dag.py:3820} INFO - Setting next_dagrun for example_complex to None, run_after=None
[2023-12-24T14:35:28.191+0000] {processor.py:183} INFO - Processing /home/airflow/.local/lib/python3.8/site-packages/airflow/example_dags/example_complex.py took 0.177 seconds
[2023-12-24T14:35:59.072+0000] {processor.py:161} INFO - Started process (PID=355) to work on /home/airflow/.local/lib/python3.8/site-packages/airflow/example_dags/example_complex.py
[2023-12-24T14:35:59.073+0000] {processor.py:830} INFO - Processing file /home/airflow/.local/lib/python3.8/site-packages/airflow/example_dags/example_complex.py for tasks to queue
[2023-12-24T14:35:59.078+0000] {logging_mixin.py:188} INFO - [2023-12-24T14:35:59.077+0000] {dagbag.py:538} INFO - Filling up the DagBag from /home/airflow/.local/lib/python3.8/site-packages/airflow/example_dags/example_complex.py
[2023-12-24T14:35:59.093+0000] {processor.py:840} INFO - DAG(s) 'example_complex' retrieved from /home/airflow/.local/lib/python3.8/site-packages/airflow/example_dags/example_complex.py
[2023-12-24T14:35:59.142+0000] {logging_mixin.py:188} INFO - [2023-12-24T14:35:59.141+0000] {dag.py:3033} INFO - Sync 1 DAGs
[2023-12-24T14:35:59.163+0000] {logging_mixin.py:188} INFO - [2023-12-24T14:35:59.162+0000] {dag.py:3820} INFO - Setting next_dagrun for example_complex to None, run_after=None
[2023-12-24T14:35:59.193+0000] {processor.py:183} INFO - Processing /home/airflow/.local/lib/python3.8/site-packages/airflow/example_dags/example_complex.py took 0.126 seconds
[2023-12-24T14:36:29.712+0000] {processor.py:161} INFO - Started process (PID=413) to work on /home/airflow/.local/lib/python3.8/site-packages/airflow/example_dags/example_complex.py
[2023-12-24T14:36:29.714+0000] {processor.py:830} INFO - Processing file /home/airflow/.local/lib/python3.8/site-packages/airflow/example_dags/example_complex.py for tasks to queue
[2023-12-24T14:36:29.719+0000] {logging_mixin.py:188} INFO - [2023-12-24T14:36:29.718+0000] {dagbag.py:538} INFO - Filling up the DagBag from /home/airflow/.local/lib/python3.8/site-packages/airflow/example_dags/example_complex.py
[2023-12-24T14:36:29.741+0000] {processor.py:840} INFO - DAG(s) 'example_complex' retrieved from /home/airflow/.local/lib/python3.8/site-packages/airflow/example_dags/example_complex.py
[2023-12-24T14:36:29.816+0000] {logging_mixin.py:188} INFO - [2023-12-24T14:36:29.815+0000] {dag.py:3033} INFO - Sync 1 DAGs
[2023-12-24T14:36:29.847+0000] {logging_mixin.py:188} INFO - [2023-12-24T14:36:29.847+0000] {dag.py:3820} INFO - Setting next_dagrun for example_complex to None, run_after=None
[2023-12-24T14:36:29.880+0000] {processor.py:183} INFO - Processing /home/airflow/.local/lib/python3.8/site-packages/airflow/example_dags/example_complex.py took 0.175 seconds
[2023-12-24T14:37:00.568+0000] {processor.py:161} INFO - Started process (PID=472) to work on /home/airflow/.local/lib/python3.8/site-packages/airflow/example_dags/example_complex.py
[2023-12-24T14:37:00.570+0000] {processor.py:830} INFO - Processing file /home/airflow/.local/lib/python3.8/site-packages/airflow/example_dags/example_complex.py for tasks to queue
[2023-12-24T14:37:00.575+0000] {logging_mixin.py:188} INFO - [2023-12-24T14:37:00.575+0000] {dagbag.py:538} INFO - Filling up the DagBag from /home/airflow/.local/lib/python3.8/site-packages/airflow/example_dags/example_complex.py
[2023-12-24T14:37:00.597+0000] {processor.py:840} INFO - DAG(s) 'example_complex' retrieved from /home/airflow/.local/lib/python3.8/site-packages/airflow/example_dags/example_complex.py
[2023-12-24T14:37:00.646+0000] {logging_mixin.py:188} INFO - [2023-12-24T14:37:00.646+0000] {dag.py:3033} INFO - Sync 1 DAGs
[2023-12-24T14:37:00.668+0000] {logging_mixin.py:188} INFO - [2023-12-24T14:37:00.667+0000] {dag.py:3820} INFO - Setting next_dagrun for example_complex to None, run_after=None
[2023-12-24T14:37:00.701+0000] {processor.py:183} INFO - Processing /home/airflow/.local/lib/python3.8/site-packages/airflow/example_dags/example_complex.py took 0.140 seconds
[2023-12-24T14:37:30.819+0000] {processor.py:161} INFO - Started process (PID=531) to work on /home/airflow/.local/lib/python3.8/site-packages/airflow/example_dags/example_complex.py
[2023-12-24T14:37:30.820+0000] {processor.py:830} INFO - Processing file /home/airflow/.local/lib/python3.8/site-packages/airflow/example_dags/example_complex.py for tasks to queue
[2023-12-24T14:37:30.826+0000] {logging_mixin.py:188} INFO - [2023-12-24T14:37:30.825+0000] {dagbag.py:538} INFO - Filling up the DagBag from /home/airflow/.local/lib/python3.8/site-packages/airflow/example_dags/example_complex.py
[2023-12-24T14:37:30.857+0000] {processor.py:840} INFO - DAG(s) 'example_complex' retrieved from /home/airflow/.local/lib/python3.8/site-packages/airflow/example_dags/example_complex.py
[2023-12-24T14:37:30.908+0000] {logging_mixin.py:188} INFO - [2023-12-24T14:37:30.907+0000] {dag.py:3033} INFO - Sync 1 DAGs
[2023-12-24T14:37:30.938+0000] {logging_mixin.py:188} INFO - [2023-12-24T14:37:30.937+0000] {dag.py:3820} INFO - Setting next_dagrun for example_complex to None, run_after=None
[2023-12-24T14:37:30.986+0000] {processor.py:183} INFO - Processing /home/airflow/.local/lib/python3.8/site-packages/airflow/example_dags/example_complex.py took 0.176 seconds
[2023-12-24T14:38:01.444+0000] {processor.py:161} INFO - Started process (PID=589) to work on /home/airflow/.local/lib/python3.8/site-packages/airflow/example_dags/example_complex.py
[2023-12-24T14:38:01.446+0000] {processor.py:830} INFO - Processing file /home/airflow/.local/lib/python3.8/site-packages/airflow/example_dags/example_complex.py for tasks to queue
[2023-12-24T14:38:01.452+0000] {logging_mixin.py:188} INFO - [2023-12-24T14:38:01.451+0000] {dagbag.py:538} INFO - Filling up the DagBag from /home/airflow/.local/lib/python3.8/site-packages/airflow/example_dags/example_complex.py
[2023-12-24T14:38:01.481+0000] {processor.py:840} INFO - DAG(s) 'example_complex' retrieved from /home/airflow/.local/lib/python3.8/site-packages/airflow/example_dags/example_complex.py
[2023-12-24T14:38:01.555+0000] {logging_mixin.py:188} INFO - [2023-12-24T14:38:01.555+0000] {dag.py:3033} INFO - Sync 1 DAGs
[2023-12-24T14:38:01.585+0000] {logging_mixin.py:188} INFO - [2023-12-24T14:38:01.585+0000] {dag.py:3820} INFO - Setting next_dagrun for example_complex to None, run_after=None
[2023-12-24T14:38:01.892+0000] {processor.py:183} INFO - Processing /home/airflow/.local/lib/python3.8/site-packages/airflow/example_dags/example_complex.py took 0.455 seconds
[2023-12-24T14:38:32.739+0000] {processor.py:161} INFO - Started process (PID=648) to work on /home/airflow/.local/lib/python3.8/site-packages/airflow/example_dags/example_complex.py
[2023-12-24T14:38:32.741+0000] {processor.py:830} INFO - Processing file /home/airflow/.local/lib/python3.8/site-packages/airflow/example_dags/example_complex.py for tasks to queue
[2023-12-24T14:38:32.747+0000] {logging_mixin.py:188} INFO - [2023-12-24T14:38:32.745+0000] {dagbag.py:538} INFO - Filling up the DagBag from /home/airflow/.local/lib/python3.8/site-packages/airflow/example_dags/example_complex.py
[2023-12-24T14:38:32.766+0000] {processor.py:840} INFO - DAG(s) 'example_complex' retrieved from /home/airflow/.local/lib/python3.8/site-packages/airflow/example_dags/example_complex.py
[2023-12-24T14:38:32.816+0000] {logging_mixin.py:188} INFO - [2023-12-24T14:38:32.816+0000] {dag.py:3033} INFO - Sync 1 DAGs
[2023-12-24T14:38:32.839+0000] {logging_mixin.py:188} INFO - [2023-12-24T14:38:32.839+0000] {dag.py:3820} INFO - Setting next_dagrun for example_complex to None, run_after=None
[2023-12-24T14:38:32.878+0000] {processor.py:183} INFO - Processing /home/airflow/.local/lib/python3.8/site-packages/airflow/example_dags/example_complex.py took 0.145 seconds
[2023-12-24T14:39:03.310+0000] {processor.py:161} INFO - Started process (PID=707) to work on /home/airflow/.local/lib/python3.8/site-packages/airflow/example_dags/example_complex.py
[2023-12-24T14:39:03.319+0000] {processor.py:830} INFO - Processing file /home/airflow/.local/lib/python3.8/site-packages/airflow/example_dags/example_complex.py for tasks to queue
[2023-12-24T14:39:03.327+0000] {logging_mixin.py:188} INFO - [2023-12-24T14:39:03.326+0000] {dagbag.py:538} INFO - Filling up the DagBag from /home/airflow/.local/lib/python3.8/site-packages/airflow/example_dags/example_complex.py
[2023-12-24T14:39:03.357+0000] {processor.py:840} INFO - DAG(s) 'example_complex' retrieved from /home/airflow/.local/lib/python3.8/site-packages/airflow/example_dags/example_complex.py
[2023-12-24T14:39:03.432+0000] {logging_mixin.py:188} INFO - [2023-12-24T14:39:03.431+0000] {dag.py:3033} INFO - Sync 1 DAGs
[2023-12-24T14:39:03.470+0000] {logging_mixin.py:188} INFO - [2023-12-24T14:39:03.468+0000] {dag.py:3820} INFO - Setting next_dagrun for example_complex to None, run_after=None
[2023-12-24T14:39:03.563+0000] {processor.py:183} INFO - Processing /home/airflow/.local/lib/python3.8/site-packages/airflow/example_dags/example_complex.py took 0.269 seconds
[2023-12-24T14:39:33.750+0000] {processor.py:161} INFO - Started process (PID=766) to work on /home/airflow/.local/lib/python3.8/site-packages/airflow/example_dags/example_complex.py
[2023-12-24T14:39:33.752+0000] {processor.py:830} INFO - Processing file /home/airflow/.local/lib/python3.8/site-packages/airflow/example_dags/example_complex.py for tasks to queue
[2023-12-24T14:39:33.757+0000] {logging_mixin.py:188} INFO - [2023-12-24T14:39:33.756+0000] {dagbag.py:538} INFO - Filling up the DagBag from /home/airflow/.local/lib/python3.8/site-packages/airflow/example_dags/example_complex.py
[2023-12-24T14:39:33.779+0000] {processor.py:840} INFO - DAG(s) 'example_complex' retrieved from /home/airflow/.local/lib/python3.8/site-packages/airflow/example_dags/example_complex.py
[2023-12-24T14:39:33.860+0000] {logging_mixin.py:188} INFO - [2023-12-24T14:39:33.860+0000] {dag.py:3033} INFO - Sync 1 DAGs
[2023-12-24T14:39:33.897+0000] {logging_mixin.py:188} INFO - [2023-12-24T14:39:33.896+0000] {dag.py:3820} INFO - Setting next_dagrun for example_complex to None, run_after=None
[2023-12-24T14:39:33.949+0000] {processor.py:183} INFO - Processing /home/airflow/.local/lib/python3.8/site-packages/airflow/example_dags/example_complex.py took 0.205 seconds
[2023-12-24T14:40:04.160+0000] {processor.py:161} INFO - Started process (PID=825) to work on /home/airflow/.local/lib/python3.8/site-packages/airflow/example_dags/example_complex.py
[2023-12-24T14:40:04.162+0000] {processor.py:830} INFO - Processing file /home/airflow/.local/lib/python3.8/site-packages/airflow/example_dags/example_complex.py for tasks to queue
[2023-12-24T14:40:04.167+0000] {logging_mixin.py:188} INFO - [2023-12-24T14:40:04.167+0000] {dagbag.py:538} INFO - Filling up the DagBag from /home/airflow/.local/lib/python3.8/site-packages/airflow/example_dags/example_complex.py
[2023-12-24T14:40:04.200+0000] {processor.py:840} INFO - DAG(s) 'example_complex' retrieved from /home/airflow/.local/lib/python3.8/site-packages/airflow/example_dags/example_complex.py
[2023-12-24T14:40:04.256+0000] {logging_mixin.py:188} INFO - [2023-12-24T14:40:04.255+0000] {dag.py:3033} INFO - Sync 1 DAGs
[2023-12-24T14:40:04.279+0000] {logging_mixin.py:188} INFO - [2023-12-24T14:40:04.278+0000] {dag.py:3820} INFO - Setting next_dagrun for example_complex to None, run_after=None
[2023-12-24T14:40:04.314+0000] {processor.py:183} INFO - Processing /home/airflow/.local/lib/python3.8/site-packages/airflow/example_dags/example_complex.py took 0.162 seconds
[2023-12-24T14:40:34.611+0000] {processor.py:161} INFO - Started process (PID=885) to work on /home/airflow/.local/lib/python3.8/site-packages/airflow/example_dags/example_complex.py
[2023-12-24T14:40:34.613+0000] {processor.py:830} INFO - Processing file /home/airflow/.local/lib/python3.8/site-packages/airflow/example_dags/example_complex.py for tasks to queue
[2023-12-24T14:40:34.619+0000] {logging_mixin.py:188} INFO - [2023-12-24T14:40:34.618+0000] {dagbag.py:538} INFO - Filling up the DagBag from /home/airflow/.local/lib/python3.8/site-packages/airflow/example_dags/example_complex.py
[2023-12-24T14:40:34.645+0000] {processor.py:840} INFO - DAG(s) 'example_complex' retrieved from /home/airflow/.local/lib/python3.8/site-packages/airflow/example_dags/example_complex.py
[2023-12-24T14:40:34.701+0000] {logging_mixin.py:188} INFO - [2023-12-24T14:40:34.700+0000] {dag.py:3033} INFO - Sync 1 DAGs
[2023-12-24T14:40:34.726+0000] {logging_mixin.py:188} INFO - [2023-12-24T14:40:34.726+0000] {dag.py:3820} INFO - Setting next_dagrun for example_complex to None, run_after=None
[2023-12-24T14:40:34.761+0000] {processor.py:183} INFO - Processing /home/airflow/.local/lib/python3.8/site-packages/airflow/example_dags/example_complex.py took 0.156 seconds
[2023-12-24T14:41:05.085+0000] {processor.py:161} INFO - Started process (PID=944) to work on /home/airflow/.local/lib/python3.8/site-packages/airflow/example_dags/example_complex.py
[2023-12-24T14:41:05.086+0000] {processor.py:830} INFO - Processing file /home/airflow/.local/lib/python3.8/site-packages/airflow/example_dags/example_complex.py for tasks to queue
[2023-12-24T14:41:05.091+0000] {logging_mixin.py:188} INFO - [2023-12-24T14:41:05.091+0000] {dagbag.py:538} INFO - Filling up the DagBag from /home/airflow/.local/lib/python3.8/site-packages/airflow/example_dags/example_complex.py
[2023-12-24T14:41:05.110+0000] {processor.py:840} INFO - DAG(s) 'example_complex' retrieved from /home/airflow/.local/lib/python3.8/site-packages/airflow/example_dags/example_complex.py
[2023-12-24T14:41:05.161+0000] {logging_mixin.py:188} INFO - [2023-12-24T14:41:05.161+0000] {dag.py:3033} INFO - Sync 1 DAGs
[2023-12-24T14:41:05.184+0000] {logging_mixin.py:188} INFO - [2023-12-24T14:41:05.184+0000] {dag.py:3820} INFO - Setting next_dagrun for example_complex to None, run_after=None
[2023-12-24T14:41:05.217+0000] {processor.py:183} INFO - Processing /home/airflow/.local/lib/python3.8/site-packages/airflow/example_dags/example_complex.py took 0.140 seconds
[2023-12-24T14:41:35.597+0000] {processor.py:161} INFO - Started process (PID=1003) to work on /home/airflow/.local/lib/python3.8/site-packages/airflow/example_dags/example_complex.py
[2023-12-24T14:41:35.599+0000] {processor.py:830} INFO - Processing file /home/airflow/.local/lib/python3.8/site-packages/airflow/example_dags/example_complex.py for tasks to queue
[2023-12-24T14:41:35.605+0000] {logging_mixin.py:188} INFO - [2023-12-24T14:41:35.604+0000] {dagbag.py:538} INFO - Filling up the DagBag from /home/airflow/.local/lib/python3.8/site-packages/airflow/example_dags/example_complex.py
[2023-12-24T14:41:35.629+0000] {processor.py:840} INFO - DAG(s) 'example_complex' retrieved from /home/airflow/.local/lib/python3.8/site-packages/airflow/example_dags/example_complex.py
[2023-12-24T14:41:35.701+0000] {logging_mixin.py:188} INFO - [2023-12-24T14:41:35.701+0000] {dag.py:3033} INFO - Sync 1 DAGs
[2023-12-24T14:41:35.726+0000] {logging_mixin.py:188} INFO - [2023-12-24T14:41:35.726+0000] {dag.py:3820} INFO - Setting next_dagrun for example_complex to None, run_after=None
[2023-12-24T14:41:35.779+0000] {processor.py:183} INFO - Processing /home/airflow/.local/lib/python3.8/site-packages/airflow/example_dags/example_complex.py took 0.189 seconds
[2023-12-24T14:42:06.252+0000] {processor.py:161} INFO - Started process (PID=1062) to work on /home/airflow/.local/lib/python3.8/site-packages/airflow/example_dags/example_complex.py
[2023-12-24T14:42:06.255+0000] {processor.py:830} INFO - Processing file /home/airflow/.local/lib/python3.8/site-packages/airflow/example_dags/example_complex.py for tasks to queue
[2023-12-24T14:42:06.262+0000] {logging_mixin.py:188} INFO - [2023-12-24T14:42:06.261+0000] {dagbag.py:538} INFO - Filling up the DagBag from /home/airflow/.local/lib/python3.8/site-packages/airflow/example_dags/example_complex.py
[2023-12-24T14:42:06.288+0000] {processor.py:840} INFO - DAG(s) 'example_complex' retrieved from /home/airflow/.local/lib/python3.8/site-packages/airflow/example_dags/example_complex.py
[2023-12-24T14:42:06.346+0000] {logging_mixin.py:188} INFO - [2023-12-24T14:42:06.346+0000] {dag.py:3033} INFO - Sync 1 DAGs
[2023-12-24T14:42:06.380+0000] {logging_mixin.py:188} INFO - [2023-12-24T14:42:06.380+0000] {dag.py:3820} INFO - Setting next_dagrun for example_complex to None, run_after=None
[2023-12-24T14:42:06.427+0000] {processor.py:183} INFO - Processing /home/airflow/.local/lib/python3.8/site-packages/airflow/example_dags/example_complex.py took 0.185 seconds
[2023-12-24T14:42:36.668+0000] {processor.py:161} INFO - Started process (PID=1121) to work on /home/airflow/.local/lib/python3.8/site-packages/airflow/example_dags/example_complex.py
[2023-12-24T14:42:36.670+0000] {processor.py:830} INFO - Processing file /home/airflow/.local/lib/python3.8/site-packages/airflow/example_dags/example_complex.py for tasks to queue
[2023-12-24T14:42:36.676+0000] {logging_mixin.py:188} INFO - [2023-12-24T14:42:36.675+0000] {dagbag.py:538} INFO - Filling up the DagBag from /home/airflow/.local/lib/python3.8/site-packages/airflow/example_dags/example_complex.py
[2023-12-24T14:42:36.709+0000] {processor.py:840} INFO - DAG(s) 'example_complex' retrieved from /home/airflow/.local/lib/python3.8/site-packages/airflow/example_dags/example_complex.py
[2023-12-24T14:42:36.791+0000] {logging_mixin.py:188} INFO - [2023-12-24T14:42:36.790+0000] {dag.py:3033} INFO - Sync 1 DAGs
[2023-12-24T14:42:36.826+0000] {logging_mixin.py:188} INFO - [2023-12-24T14:42:36.825+0000] {dag.py:3820} INFO - Setting next_dagrun for example_complex to None, run_after=None
[2023-12-24T14:42:36.873+0000] {processor.py:183} INFO - Processing /home/airflow/.local/lib/python3.8/site-packages/airflow/example_dags/example_complex.py took 0.216 seconds
[2023-12-24T14:43:07.815+0000] {processor.py:161} INFO - Started process (PID=1179) to work on /home/airflow/.local/lib/python3.8/site-packages/airflow/example_dags/example_complex.py
[2023-12-24T14:43:07.817+0000] {processor.py:830} INFO - Processing file /home/airflow/.local/lib/python3.8/site-packages/airflow/example_dags/example_complex.py for tasks to queue
[2023-12-24T14:43:07.822+0000] {logging_mixin.py:188} INFO - [2023-12-24T14:43:07.821+0000] {dagbag.py:538} INFO - Filling up the DagBag from /home/airflow/.local/lib/python3.8/site-packages/airflow/example_dags/example_complex.py
[2023-12-24T14:43:07.843+0000] {processor.py:840} INFO - DAG(s) 'example_complex' retrieved from /home/airflow/.local/lib/python3.8/site-packages/airflow/example_dags/example_complex.py
[2023-12-24T14:43:07.945+0000] {logging_mixin.py:188} INFO - [2023-12-24T14:43:07.944+0000] {dag.py:3033} INFO - Sync 1 DAGs
[2023-12-24T14:43:07.968+0000] {logging_mixin.py:188} INFO - [2023-12-24T14:43:07.967+0000] {dag.py:3820} INFO - Setting next_dagrun for example_complex to None, run_after=None
[2023-12-24T14:43:07.999+0000] {processor.py:183} INFO - Processing /home/airflow/.local/lib/python3.8/site-packages/airflow/example_dags/example_complex.py took 0.192 seconds
[2023-12-24T14:43:38.960+0000] {processor.py:161} INFO - Started process (PID=1238) to work on /home/airflow/.local/lib/python3.8/site-packages/airflow/example_dags/example_complex.py
[2023-12-24T14:43:38.963+0000] {processor.py:830} INFO - Processing file /home/airflow/.local/lib/python3.8/site-packages/airflow/example_dags/example_complex.py for tasks to queue
[2023-12-24T14:43:38.982+0000] {logging_mixin.py:188} INFO - [2023-12-24T14:43:38.981+0000] {dagbag.py:538} INFO - Filling up the DagBag from /home/airflow/.local/lib/python3.8/site-packages/airflow/example_dags/example_complex.py
[2023-12-24T14:43:39.023+0000] {processor.py:840} INFO - DAG(s) 'example_complex' retrieved from /home/airflow/.local/lib/python3.8/site-packages/airflow/example_dags/example_complex.py
[2023-12-24T14:43:39.116+0000] {logging_mixin.py:188} INFO - [2023-12-24T14:43:39.116+0000] {dag.py:3033} INFO - Sync 1 DAGs
[2023-12-24T14:43:39.171+0000] {logging_mixin.py:188} INFO - [2023-12-24T14:43:39.170+0000] {dag.py:3820} INFO - Setting next_dagrun for example_complex to None, run_after=None
[2023-12-24T14:43:39.250+0000] {processor.py:183} INFO - Processing /home/airflow/.local/lib/python3.8/site-packages/airflow/example_dags/example_complex.py took 0.299 seconds
[2023-12-24T14:44:09.998+0000] {processor.py:161} INFO - Started process (PID=1297) to work on /home/airflow/.local/lib/python3.8/site-packages/airflow/example_dags/example_complex.py
[2023-12-24T14:44:10.000+0000] {processor.py:830} INFO - Processing file /home/airflow/.local/lib/python3.8/site-packages/airflow/example_dags/example_complex.py for tasks to queue
[2023-12-24T14:44:10.005+0000] {logging_mixin.py:188} INFO - [2023-12-24T14:44:10.005+0000] {dagbag.py:538} INFO - Filling up the DagBag from /home/airflow/.local/lib/python3.8/site-packages/airflow/example_dags/example_complex.py
[2023-12-24T14:44:10.030+0000] {processor.py:840} INFO - DAG(s) 'example_complex' retrieved from /home/airflow/.local/lib/python3.8/site-packages/airflow/example_dags/example_complex.py
[2023-12-24T14:44:10.110+0000] {logging_mixin.py:188} INFO - [2023-12-24T14:44:10.108+0000] {dag.py:3033} INFO - Sync 1 DAGs
[2023-12-24T14:44:10.140+0000] {logging_mixin.py:188} INFO - [2023-12-24T14:44:10.139+0000] {dag.py:3820} INFO - Setting next_dagrun for example_complex to None, run_after=None
[2023-12-24T14:44:10.181+0000] {processor.py:183} INFO - Processing /home/airflow/.local/lib/python3.8/site-packages/airflow/example_dags/example_complex.py took 0.189 seconds
[2023-12-24T14:44:40.347+0000] {processor.py:161} INFO - Started process (PID=1356) to work on /home/airflow/.local/lib/python3.8/site-packages/airflow/example_dags/example_complex.py
[2023-12-24T14:44:40.349+0000] {processor.py:830} INFO - Processing file /home/airflow/.local/lib/python3.8/site-packages/airflow/example_dags/example_complex.py for tasks to queue
[2023-12-24T14:44:40.353+0000] {logging_mixin.py:188} INFO - [2023-12-24T14:44:40.352+0000] {dagbag.py:538} INFO - Filling up the DagBag from /home/airflow/.local/lib/python3.8/site-packages/airflow/example_dags/example_complex.py
[2023-12-24T14:44:40.378+0000] {processor.py:840} INFO - DAG(s) 'example_complex' retrieved from /home/airflow/.local/lib/python3.8/site-packages/airflow/example_dags/example_complex.py
[2023-12-24T14:44:40.451+0000] {logging_mixin.py:188} INFO - [2023-12-24T14:44:40.450+0000] {dag.py:3033} INFO - Sync 1 DAGs
[2023-12-24T14:44:40.474+0000] {logging_mixin.py:188} INFO - [2023-12-24T14:44:40.474+0000] {dag.py:3820} INFO - Setting next_dagrun for example_complex to None, run_after=None
[2023-12-24T14:44:40.518+0000] {processor.py:183} INFO - Processing /home/airflow/.local/lib/python3.8/site-packages/airflow/example_dags/example_complex.py took 0.179 seconds
[2023-12-24T14:45:10.804+0000] {processor.py:161} INFO - Started process (PID=1413) to work on /home/airflow/.local/lib/python3.8/site-packages/airflow/example_dags/example_complex.py
[2023-12-24T14:45:10.806+0000] {processor.py:830} INFO - Processing file /home/airflow/.local/lib/python3.8/site-packages/airflow/example_dags/example_complex.py for tasks to queue
[2023-12-24T14:45:10.811+0000] {logging_mixin.py:188} INFO - [2023-12-24T14:45:10.810+0000] {dagbag.py:538} INFO - Filling up the DagBag from /home/airflow/.local/lib/python3.8/site-packages/airflow/example_dags/example_complex.py
[2023-12-24T14:45:10.832+0000] {processor.py:840} INFO - DAG(s) 'example_complex' retrieved from /home/airflow/.local/lib/python3.8/site-packages/airflow/example_dags/example_complex.py
[2023-12-24T14:45:10.903+0000] {logging_mixin.py:188} INFO - [2023-12-24T14:45:10.903+0000] {dag.py:3033} INFO - Sync 1 DAGs
[2023-12-24T14:45:10.930+0000] {logging_mixin.py:188} INFO - [2023-12-24T14:45:10.930+0000] {dag.py:3820} INFO - Setting next_dagrun for example_complex to None, run_after=None
[2023-12-24T14:45:10.973+0000] {processor.py:183} INFO - Processing /home/airflow/.local/lib/python3.8/site-packages/airflow/example_dags/example_complex.py took 0.175 seconds
