[2023-12-24T14:03:47.342+0000] {processor.py:161} INFO - Started process (PID=107) to work on /home/airflow/.local/lib/python3.8/site-packages/airflow/example_dags/example_sla_dag.py
[2023-12-24T14:03:47.344+0000] {processor.py:830} INFO - Processing file /home/airflow/.local/lib/python3.8/site-packages/airflow/example_dags/example_sla_dag.py for tasks to queue
[2023-12-24T14:03:47.347+0000] {logging_mixin.py:188} INFO - [2023-12-24T14:03:47.346+0000] {dagbag.py:538} INFO - Filling up the DagBag from /home/airflow/.local/lib/python3.8/site-packages/airflow/example_dags/example_sla_dag.py
[2023-12-24T14:03:47.360+0000] {processor.py:840} INFO - DAG(s) 'example_sla_dag' retrieved from /home/airflow/.local/lib/python3.8/site-packages/airflow/example_dags/example_sla_dag.py
[2023-12-24T14:03:47.504+0000] {logging_mixin.py:188} INFO - [2023-12-24T14:03:47.504+0000] {dag.py:3033} INFO - Sync 1 DAGs
[2023-12-24T14:03:47.526+0000] {logging_mixin.py:188} INFO - [2023-12-24T14:03:47.526+0000] {dag.py:3820} INFO - Setting next_dagrun for example_sla_dag to 2023-12-24T14:00:00+00:00, run_after=2023-12-24T14:02:00+00:00
[2023-12-24T14:03:47.547+0000] {processor.py:183} INFO - Processing /home/airflow/.local/lib/python3.8/site-packages/airflow/example_dags/example_sla_dag.py took 0.210 seconds
[2023-12-24T14:05:52.074+0000] {processor.py:161} INFO - Started process (PID=64) to work on /home/airflow/.local/lib/python3.8/site-packages/airflow/example_dags/example_sla_dag.py
[2023-12-24T14:05:52.077+0000] {processor.py:830} INFO - Processing file /home/airflow/.local/lib/python3.8/site-packages/airflow/example_dags/example_sla_dag.py for tasks to queue
[2023-12-24T14:05:52.085+0000] {logging_mixin.py:188} INFO - [2023-12-24T14:05:52.084+0000] {dagbag.py:538} INFO - Filling up the DagBag from /home/airflow/.local/lib/python3.8/site-packages/airflow/example_dags/example_sla_dag.py
[2023-12-24T14:05:52.119+0000] {processor.py:840} INFO - DAG(s) 'example_sla_dag' retrieved from /home/airflow/.local/lib/python3.8/site-packages/airflow/example_dags/example_sla_dag.py
[2023-12-24T14:05:52.404+0000] {logging_mixin.py:188} INFO - [2023-12-24T14:05:52.404+0000] {dag.py:3033} INFO - Sync 1 DAGs
[2023-12-24T14:05:52.467+0000] {logging_mixin.py:188} INFO - [2023-12-24T14:05:52.466+0000] {dag.py:3820} INFO - Setting next_dagrun for example_sla_dag to 2023-12-24T14:02:00+00:00, run_after=2023-12-24T14:04:00+00:00
[2023-12-24T14:05:52.516+0000] {processor.py:183} INFO - Processing /home/airflow/.local/lib/python3.8/site-packages/airflow/example_dags/example_sla_dag.py took 0.450 seconds
[2023-12-24T14:06:36.642+0000] {processor.py:161} INFO - Started process (PID=57) to work on /home/airflow/.local/lib/python3.8/site-packages/airflow/example_dags/example_sla_dag.py
[2023-12-24T14:06:36.644+0000] {processor.py:830} INFO - Processing file /home/airflow/.local/lib/python3.8/site-packages/airflow/example_dags/example_sla_dag.py for tasks to queue
[2023-12-24T14:06:36.650+0000] {logging_mixin.py:188} INFO - [2023-12-24T14:06:36.649+0000] {dagbag.py:538} INFO - Filling up the DagBag from /home/airflow/.local/lib/python3.8/site-packages/airflow/example_dags/example_sla_dag.py
[2023-12-24T14:06:36.671+0000] {processor.py:840} INFO - DAG(s) 'example_sla_dag' retrieved from /home/airflow/.local/lib/python3.8/site-packages/airflow/example_dags/example_sla_dag.py
[2023-12-24T14:06:36.725+0000] {logging_mixin.py:188} INFO - [2023-12-24T14:06:36.725+0000] {dag.py:3033} INFO - Sync 1 DAGs
[2023-12-24T14:06:36.778+0000] {logging_mixin.py:188} INFO - [2023-12-24T14:06:36.778+0000] {dag.py:3820} INFO - Setting next_dagrun for example_sla_dag to 2023-12-24T14:04:00+00:00, run_after=2023-12-24T14:06:00+00:00
[2023-12-24T14:06:36.817+0000] {processor.py:183} INFO - Processing /home/airflow/.local/lib/python3.8/site-packages/airflow/example_dags/example_sla_dag.py took 0.182 seconds
[2023-12-24T14:07:07.671+0000] {processor.py:161} INFO - Started process (PID=116) to work on /home/airflow/.local/lib/python3.8/site-packages/airflow/example_dags/example_sla_dag.py
[2023-12-24T14:07:07.673+0000] {processor.py:830} INFO - Processing file /home/airflow/.local/lib/python3.8/site-packages/airflow/example_dags/example_sla_dag.py for tasks to queue
[2023-12-24T14:07:07.678+0000] {logging_mixin.py:188} INFO - [2023-12-24T14:07:07.678+0000] {dagbag.py:538} INFO - Filling up the DagBag from /home/airflow/.local/lib/python3.8/site-packages/airflow/example_dags/example_sla_dag.py
[2023-12-24T14:07:07.700+0000] {processor.py:840} INFO - DAG(s) 'example_sla_dag' retrieved from /home/airflow/.local/lib/python3.8/site-packages/airflow/example_dags/example_sla_dag.py
[2023-12-24T14:07:07.748+0000] {logging_mixin.py:188} INFO - [2023-12-24T14:07:07.748+0000] {dag.py:3033} INFO - Sync 1 DAGs
[2023-12-24T14:07:07.812+0000] {logging_mixin.py:188} INFO - [2023-12-24T14:07:07.812+0000] {dag.py:3820} INFO - Setting next_dagrun for example_sla_dag to 2023-12-24T14:04:00+00:00, run_after=2023-12-24T14:06:00+00:00
[2023-12-24T14:07:07.850+0000] {processor.py:183} INFO - Processing /home/airflow/.local/lib/python3.8/site-packages/airflow/example_dags/example_sla_dag.py took 0.186 seconds
[2023-12-24T14:07:39.478+0000] {processor.py:161} INFO - Started process (PID=175) to work on /home/airflow/.local/lib/python3.8/site-packages/airflow/example_dags/example_sla_dag.py
[2023-12-24T14:07:39.480+0000] {processor.py:830} INFO - Processing file /home/airflow/.local/lib/python3.8/site-packages/airflow/example_dags/example_sla_dag.py for tasks to queue
[2023-12-24T14:07:39.484+0000] {logging_mixin.py:188} INFO - [2023-12-24T14:07:39.484+0000] {dagbag.py:538} INFO - Filling up the DagBag from /home/airflow/.local/lib/python3.8/site-packages/airflow/example_dags/example_sla_dag.py
[2023-12-24T14:07:39.499+0000] {processor.py:840} INFO - DAG(s) 'example_sla_dag' retrieved from /home/airflow/.local/lib/python3.8/site-packages/airflow/example_dags/example_sla_dag.py
[2023-12-24T14:07:39.536+0000] {logging_mixin.py:188} INFO - [2023-12-24T14:07:39.536+0000] {dag.py:3033} INFO - Sync 1 DAGs
[2023-12-24T14:07:39.581+0000] {logging_mixin.py:188} INFO - [2023-12-24T14:07:39.581+0000] {dag.py:3820} INFO - Setting next_dagrun for example_sla_dag to 2023-12-24T14:04:00+00:00, run_after=2023-12-24T14:06:00+00:00
[2023-12-24T14:07:39.609+0000] {processor.py:183} INFO - Processing /home/airflow/.local/lib/python3.8/site-packages/airflow/example_dags/example_sla_dag.py took 0.137 seconds
[2023-12-24T14:08:11.223+0000] {processor.py:161} INFO - Started process (PID=234) to work on /home/airflow/.local/lib/python3.8/site-packages/airflow/example_dags/example_sla_dag.py
[2023-12-24T14:08:11.226+0000] {processor.py:830} INFO - Processing file /home/airflow/.local/lib/python3.8/site-packages/airflow/example_dags/example_sla_dag.py for tasks to queue
[2023-12-24T14:08:11.233+0000] {logging_mixin.py:188} INFO - [2023-12-24T14:08:11.231+0000] {dagbag.py:538} INFO - Filling up the DagBag from /home/airflow/.local/lib/python3.8/site-packages/airflow/example_dags/example_sla_dag.py
[2023-12-24T14:08:11.258+0000] {processor.py:840} INFO - DAG(s) 'example_sla_dag' retrieved from /home/airflow/.local/lib/python3.8/site-packages/airflow/example_dags/example_sla_dag.py
[2023-12-24T14:08:11.339+0000] {logging_mixin.py:188} INFO - [2023-12-24T14:08:11.338+0000] {dag.py:3033} INFO - Sync 1 DAGs
[2023-12-24T14:08:11.441+0000] {logging_mixin.py:188} INFO - [2023-12-24T14:08:11.441+0000] {dag.py:3820} INFO - Setting next_dagrun for example_sla_dag to 2023-12-24T14:06:00+00:00, run_after=2023-12-24T14:08:00+00:00
[2023-12-24T14:08:11.536+0000] {processor.py:183} INFO - Processing /home/airflow/.local/lib/python3.8/site-packages/airflow/example_dags/example_sla_dag.py took 0.322 seconds
[2023-12-24T14:08:42.100+0000] {processor.py:161} INFO - Started process (PID=293) to work on /home/airflow/.local/lib/python3.8/site-packages/airflow/example_dags/example_sla_dag.py
[2023-12-24T14:08:42.104+0000] {processor.py:830} INFO - Processing file /home/airflow/.local/lib/python3.8/site-packages/airflow/example_dags/example_sla_dag.py for tasks to queue
[2023-12-24T14:08:42.110+0000] {logging_mixin.py:188} INFO - [2023-12-24T14:08:42.109+0000] {dagbag.py:538} INFO - Filling up the DagBag from /home/airflow/.local/lib/python3.8/site-packages/airflow/example_dags/example_sla_dag.py
[2023-12-24T14:08:42.137+0000] {processor.py:840} INFO - DAG(s) 'example_sla_dag' retrieved from /home/airflow/.local/lib/python3.8/site-packages/airflow/example_dags/example_sla_dag.py
[2023-12-24T14:08:42.232+0000] {logging_mixin.py:188} INFO - [2023-12-24T14:08:42.231+0000] {dag.py:3033} INFO - Sync 1 DAGs
[2023-12-24T14:08:42.300+0000] {logging_mixin.py:188} INFO - [2023-12-24T14:08:42.299+0000] {dag.py:3820} INFO - Setting next_dagrun for example_sla_dag to 2023-12-24T14:06:00+00:00, run_after=2023-12-24T14:08:00+00:00
[2023-12-24T14:08:42.353+0000] {processor.py:183} INFO - Processing /home/airflow/.local/lib/python3.8/site-packages/airflow/example_dags/example_sla_dag.py took 0.262 seconds
[2023-12-24T14:09:12.625+0000] {processor.py:161} INFO - Started process (PID=353) to work on /home/airflow/.local/lib/python3.8/site-packages/airflow/example_dags/example_sla_dag.py
[2023-12-24T14:09:12.627+0000] {processor.py:830} INFO - Processing file /home/airflow/.local/lib/python3.8/site-packages/airflow/example_dags/example_sla_dag.py for tasks to queue
[2023-12-24T14:09:12.632+0000] {logging_mixin.py:188} INFO - [2023-12-24T14:09:12.631+0000] {dagbag.py:538} INFO - Filling up the DagBag from /home/airflow/.local/lib/python3.8/site-packages/airflow/example_dags/example_sla_dag.py
[2023-12-24T14:09:12.646+0000] {processor.py:840} INFO - DAG(s) 'example_sla_dag' retrieved from /home/airflow/.local/lib/python3.8/site-packages/airflow/example_dags/example_sla_dag.py
[2023-12-24T14:09:12.677+0000] {logging_mixin.py:188} INFO - [2023-12-24T14:09:12.676+0000] {dag.py:3033} INFO - Sync 1 DAGs
[2023-12-24T14:09:12.718+0000] {logging_mixin.py:188} INFO - [2023-12-24T14:09:12.718+0000] {dag.py:3820} INFO - Setting next_dagrun for example_sla_dag to 2023-12-24T14:06:00+00:00, run_after=2023-12-24T14:08:00+00:00
[2023-12-24T14:09:12.749+0000] {processor.py:183} INFO - Processing /home/airflow/.local/lib/python3.8/site-packages/airflow/example_dags/example_sla_dag.py took 0.130 seconds
[2023-12-24T14:09:44.115+0000] {processor.py:161} INFO - Started process (PID=412) to work on /home/airflow/.local/lib/python3.8/site-packages/airflow/example_dags/example_sla_dag.py
[2023-12-24T14:09:44.129+0000] {processor.py:830} INFO - Processing file /home/airflow/.local/lib/python3.8/site-packages/airflow/example_dags/example_sla_dag.py for tasks to queue
[2023-12-24T14:09:44.135+0000] {logging_mixin.py:188} INFO - [2023-12-24T14:09:44.134+0000] {dagbag.py:538} INFO - Filling up the DagBag from /home/airflow/.local/lib/python3.8/site-packages/airflow/example_dags/example_sla_dag.py
[2023-12-24T14:09:44.151+0000] {processor.py:840} INFO - DAG(s) 'example_sla_dag' retrieved from /home/airflow/.local/lib/python3.8/site-packages/airflow/example_dags/example_sla_dag.py
[2023-12-24T14:09:44.225+0000] {logging_mixin.py:188} INFO - [2023-12-24T14:09:44.225+0000] {dag.py:3033} INFO - Sync 1 DAGs
[2023-12-24T14:09:44.290+0000] {logging_mixin.py:188} INFO - [2023-12-24T14:09:44.290+0000] {dag.py:3820} INFO - Setting next_dagrun for example_sla_dag to 2023-12-24T14:06:00+00:00, run_after=2023-12-24T14:08:00+00:00
[2023-12-24T14:09:44.340+0000] {processor.py:183} INFO - Processing /home/airflow/.local/lib/python3.8/site-packages/airflow/example_dags/example_sla_dag.py took 0.232 seconds
[2023-12-24T14:10:15.860+0000] {processor.py:161} INFO - Started process (PID=476) to work on /home/airflow/.local/lib/python3.8/site-packages/airflow/example_dags/example_sla_dag.py
[2023-12-24T14:10:15.862+0000] {processor.py:830} INFO - Processing file /home/airflow/.local/lib/python3.8/site-packages/airflow/example_dags/example_sla_dag.py for tasks to queue
[2023-12-24T14:10:15.875+0000] {logging_mixin.py:188} INFO - [2023-12-24T14:10:15.874+0000] {dagbag.py:538} INFO - Filling up the DagBag from /home/airflow/.local/lib/python3.8/site-packages/airflow/example_dags/example_sla_dag.py
[2023-12-24T14:10:15.944+0000] {processor.py:840} INFO - DAG(s) 'example_sla_dag' retrieved from /home/airflow/.local/lib/python3.8/site-packages/airflow/example_dags/example_sla_dag.py
[2023-12-24T14:10:16.031+0000] {logging_mixin.py:188} INFO - [2023-12-24T14:10:16.031+0000] {dag.py:3033} INFO - Sync 1 DAGs
[2023-12-24T14:10:16.127+0000] {logging_mixin.py:188} INFO - [2023-12-24T14:10:16.127+0000] {dag.py:3820} INFO - Setting next_dagrun for example_sla_dag to 2023-12-24T14:08:00+00:00, run_after=2023-12-24T14:10:00+00:00
[2023-12-24T14:10:16.217+0000] {processor.py:183} INFO - Processing /home/airflow/.local/lib/python3.8/site-packages/airflow/example_dags/example_sla_dag.py took 0.367 seconds
[2023-12-24T14:10:46.349+0000] {processor.py:161} INFO - Started process (PID=535) to work on /home/airflow/.local/lib/python3.8/site-packages/airflow/example_dags/example_sla_dag.py
[2023-12-24T14:10:46.351+0000] {processor.py:830} INFO - Processing file /home/airflow/.local/lib/python3.8/site-packages/airflow/example_dags/example_sla_dag.py for tasks to queue
[2023-12-24T14:10:46.356+0000] {logging_mixin.py:188} INFO - [2023-12-24T14:10:46.355+0000] {dagbag.py:538} INFO - Filling up the DagBag from /home/airflow/.local/lib/python3.8/site-packages/airflow/example_dags/example_sla_dag.py
[2023-12-24T14:10:46.372+0000] {processor.py:840} INFO - DAG(s) 'example_sla_dag' retrieved from /home/airflow/.local/lib/python3.8/site-packages/airflow/example_dags/example_sla_dag.py
[2023-12-24T14:10:46.412+0000] {logging_mixin.py:188} INFO - [2023-12-24T14:10:46.411+0000] {dag.py:3033} INFO - Sync 1 DAGs
[2023-12-24T14:10:46.474+0000] {logging_mixin.py:188} INFO - [2023-12-24T14:10:46.473+0000] {dag.py:3820} INFO - Setting next_dagrun for example_sla_dag to 2023-12-24T14:08:00+00:00, run_after=2023-12-24T14:10:00+00:00
[2023-12-24T14:10:46.507+0000] {processor.py:183} INFO - Processing /home/airflow/.local/lib/python3.8/site-packages/airflow/example_dags/example_sla_dag.py took 0.166 seconds
[2023-12-24T14:11:17.790+0000] {processor.py:161} INFO - Started process (PID=595) to work on /home/airflow/.local/lib/python3.8/site-packages/airflow/example_dags/example_sla_dag.py
[2023-12-24T14:11:17.794+0000] {processor.py:830} INFO - Processing file /home/airflow/.local/lib/python3.8/site-packages/airflow/example_dags/example_sla_dag.py for tasks to queue
[2023-12-24T14:11:17.800+0000] {logging_mixin.py:188} INFO - [2023-12-24T14:11:17.800+0000] {dagbag.py:538} INFO - Filling up the DagBag from /home/airflow/.local/lib/python3.8/site-packages/airflow/example_dags/example_sla_dag.py
[2023-12-24T14:11:17.884+0000] {processor.py:840} INFO - DAG(s) 'example_sla_dag' retrieved from /home/airflow/.local/lib/python3.8/site-packages/airflow/example_dags/example_sla_dag.py
[2023-12-24T14:11:17.983+0000] {logging_mixin.py:188} INFO - [2023-12-24T14:11:17.982+0000] {dag.py:3033} INFO - Sync 1 DAGs
[2023-12-24T14:11:18.284+0000] {logging_mixin.py:188} INFO - [2023-12-24T14:11:18.283+0000] {dag.py:3820} INFO - Setting next_dagrun for example_sla_dag to 2023-12-24T14:08:00+00:00, run_after=2023-12-24T14:10:00+00:00
[2023-12-24T14:11:18.408+0000] {processor.py:183} INFO - Processing /home/airflow/.local/lib/python3.8/site-packages/airflow/example_dags/example_sla_dag.py took 0.654 seconds
[2023-12-24T14:11:49.353+0000] {processor.py:161} INFO - Started process (PID=653) to work on /home/airflow/.local/lib/python3.8/site-packages/airflow/example_dags/example_sla_dag.py
[2023-12-24T14:11:49.356+0000] {processor.py:830} INFO - Processing file /home/airflow/.local/lib/python3.8/site-packages/airflow/example_dags/example_sla_dag.py for tasks to queue
[2023-12-24T14:11:49.363+0000] {logging_mixin.py:188} INFO - [2023-12-24T14:11:49.362+0000] {dagbag.py:538} INFO - Filling up the DagBag from /home/airflow/.local/lib/python3.8/site-packages/airflow/example_dags/example_sla_dag.py
[2023-12-24T14:11:49.382+0000] {processor.py:840} INFO - DAG(s) 'example_sla_dag' retrieved from /home/airflow/.local/lib/python3.8/site-packages/airflow/example_dags/example_sla_dag.py
[2023-12-24T14:11:49.411+0000] {logging_mixin.py:188} INFO - [2023-12-24T14:11:49.411+0000] {dag.py:3033} INFO - Sync 1 DAGs
[2023-12-24T14:11:49.493+0000] {logging_mixin.py:188} INFO - [2023-12-24T14:11:49.493+0000] {dag.py:3820} INFO - Setting next_dagrun for example_sla_dag to 2023-12-24T14:08:00+00:00, run_after=2023-12-24T14:10:00+00:00
[2023-12-24T14:11:49.541+0000] {processor.py:183} INFO - Processing /home/airflow/.local/lib/python3.8/site-packages/airflow/example_dags/example_sla_dag.py took 0.197 seconds
[2023-12-24T14:12:19.824+0000] {processor.py:161} INFO - Started process (PID=712) to work on /home/airflow/.local/lib/python3.8/site-packages/airflow/example_dags/example_sla_dag.py
[2023-12-24T14:12:19.826+0000] {processor.py:830} INFO - Processing file /home/airflow/.local/lib/python3.8/site-packages/airflow/example_dags/example_sla_dag.py for tasks to queue
[2023-12-24T14:12:19.831+0000] {logging_mixin.py:188} INFO - [2023-12-24T14:12:19.830+0000] {dagbag.py:538} INFO - Filling up the DagBag from /home/airflow/.local/lib/python3.8/site-packages/airflow/example_dags/example_sla_dag.py
[2023-12-24T14:12:19.854+0000] {processor.py:840} INFO - DAG(s) 'example_sla_dag' retrieved from /home/airflow/.local/lib/python3.8/site-packages/airflow/example_dags/example_sla_dag.py
[2023-12-24T14:12:20.056+0000] {logging_mixin.py:188} INFO - [2023-12-24T14:12:20.056+0000] {dag.py:3033} INFO - Sync 1 DAGs
[2023-12-24T14:12:20.096+0000] {logging_mixin.py:188} INFO - [2023-12-24T14:12:20.096+0000] {dag.py:3820} INFO - Setting next_dagrun for example_sla_dag to 2023-12-24T14:10:00+00:00, run_after=2023-12-24T14:12:00+00:00
[2023-12-24T14:12:20.132+0000] {processor.py:183} INFO - Processing /home/airflow/.local/lib/python3.8/site-packages/airflow/example_dags/example_sla_dag.py took 0.317 seconds
[2023-12-24T14:12:50.379+0000] {processor.py:161} INFO - Started process (PID=771) to work on /home/airflow/.local/lib/python3.8/site-packages/airflow/example_dags/example_sla_dag.py
[2023-12-24T14:12:50.381+0000] {processor.py:830} INFO - Processing file /home/airflow/.local/lib/python3.8/site-packages/airflow/example_dags/example_sla_dag.py for tasks to queue
[2023-12-24T14:12:50.386+0000] {logging_mixin.py:188} INFO - [2023-12-24T14:12:50.385+0000] {dagbag.py:538} INFO - Filling up the DagBag from /home/airflow/.local/lib/python3.8/site-packages/airflow/example_dags/example_sla_dag.py
[2023-12-24T14:12:50.403+0000] {processor.py:840} INFO - DAG(s) 'example_sla_dag' retrieved from /home/airflow/.local/lib/python3.8/site-packages/airflow/example_dags/example_sla_dag.py
[2023-12-24T14:12:50.443+0000] {logging_mixin.py:188} INFO - [2023-12-24T14:12:50.442+0000] {dag.py:3033} INFO - Sync 1 DAGs
[2023-12-24T14:12:50.491+0000] {logging_mixin.py:188} INFO - [2023-12-24T14:12:50.491+0000] {dag.py:3820} INFO - Setting next_dagrun for example_sla_dag to 2023-12-24T14:10:00+00:00, run_after=2023-12-24T14:12:00+00:00
[2023-12-24T14:12:50.528+0000] {processor.py:183} INFO - Processing /home/airflow/.local/lib/python3.8/site-packages/airflow/example_dags/example_sla_dag.py took 0.155 seconds
[2023-12-24T14:13:21.489+0000] {processor.py:161} INFO - Started process (PID=830) to work on /home/airflow/.local/lib/python3.8/site-packages/airflow/example_dags/example_sla_dag.py
[2023-12-24T14:13:21.492+0000] {processor.py:830} INFO - Processing file /home/airflow/.local/lib/python3.8/site-packages/airflow/example_dags/example_sla_dag.py for tasks to queue
[2023-12-24T14:13:21.498+0000] {logging_mixin.py:188} INFO - [2023-12-24T14:13:21.497+0000] {dagbag.py:538} INFO - Filling up the DagBag from /home/airflow/.local/lib/python3.8/site-packages/airflow/example_dags/example_sla_dag.py
[2023-12-24T14:13:21.519+0000] {processor.py:840} INFO - DAG(s) 'example_sla_dag' retrieved from /home/airflow/.local/lib/python3.8/site-packages/airflow/example_dags/example_sla_dag.py
[2023-12-24T14:13:21.570+0000] {logging_mixin.py:188} INFO - [2023-12-24T14:13:21.569+0000] {dag.py:3033} INFO - Sync 1 DAGs
[2023-12-24T14:13:21.644+0000] {logging_mixin.py:188} INFO - [2023-12-24T14:13:21.643+0000] {dag.py:3820} INFO - Setting next_dagrun for example_sla_dag to 2023-12-24T14:10:00+00:00, run_after=2023-12-24T14:12:00+00:00
[2023-12-24T14:13:21.710+0000] {processor.py:183} INFO - Processing /home/airflow/.local/lib/python3.8/site-packages/airflow/example_dags/example_sla_dag.py took 0.231 seconds
[2023-12-24T14:13:51.941+0000] {processor.py:161} INFO - Started process (PID=889) to work on /home/airflow/.local/lib/python3.8/site-packages/airflow/example_dags/example_sla_dag.py
[2023-12-24T14:13:51.942+0000] {processor.py:830} INFO - Processing file /home/airflow/.local/lib/python3.8/site-packages/airflow/example_dags/example_sla_dag.py for tasks to queue
[2023-12-24T14:13:51.948+0000] {logging_mixin.py:188} INFO - [2023-12-24T14:13:51.948+0000] {dagbag.py:538} INFO - Filling up the DagBag from /home/airflow/.local/lib/python3.8/site-packages/airflow/example_dags/example_sla_dag.py
[2023-12-24T14:13:51.969+0000] {processor.py:840} INFO - DAG(s) 'example_sla_dag' retrieved from /home/airflow/.local/lib/python3.8/site-packages/airflow/example_dags/example_sla_dag.py
[2023-12-24T14:13:52.021+0000] {logging_mixin.py:188} INFO - [2023-12-24T14:13:52.020+0000] {dag.py:3033} INFO - Sync 1 DAGs
[2023-12-24T14:13:52.076+0000] {logging_mixin.py:188} INFO - [2023-12-24T14:13:52.075+0000] {dag.py:3820} INFO - Setting next_dagrun for example_sla_dag to 2023-12-24T14:10:00+00:00, run_after=2023-12-24T14:12:00+00:00
[2023-12-24T14:13:52.107+0000] {processor.py:183} INFO - Processing /home/airflow/.local/lib/python3.8/site-packages/airflow/example_dags/example_sla_dag.py took 0.172 seconds
[2023-12-24T14:14:23.470+0000] {processor.py:161} INFO - Started process (PID=948) to work on /home/airflow/.local/lib/python3.8/site-packages/airflow/example_dags/example_sla_dag.py
[2023-12-24T14:14:23.472+0000] {processor.py:830} INFO - Processing file /home/airflow/.local/lib/python3.8/site-packages/airflow/example_dags/example_sla_dag.py for tasks to queue
[2023-12-24T14:14:23.476+0000] {logging_mixin.py:188} INFO - [2023-12-24T14:14:23.476+0000] {dagbag.py:538} INFO - Filling up the DagBag from /home/airflow/.local/lib/python3.8/site-packages/airflow/example_dags/example_sla_dag.py
[2023-12-24T14:14:23.494+0000] {processor.py:840} INFO - DAG(s) 'example_sla_dag' retrieved from /home/airflow/.local/lib/python3.8/site-packages/airflow/example_dags/example_sla_dag.py
[2023-12-24T14:14:23.530+0000] {logging_mixin.py:188} INFO - [2023-12-24T14:14:23.530+0000] {dag.py:3033} INFO - Sync 1 DAGs
[2023-12-24T14:14:23.596+0000] {logging_mixin.py:188} INFO - [2023-12-24T14:14:23.596+0000] {dag.py:3820} INFO - Setting next_dagrun for example_sla_dag to 2023-12-24T14:12:00+00:00, run_after=2023-12-24T14:14:00+00:00
[2023-12-24T14:14:23.633+0000] {processor.py:183} INFO - Processing /home/airflow/.local/lib/python3.8/site-packages/airflow/example_dags/example_sla_dag.py took 0.169 seconds
[2023-12-24T14:14:53.820+0000] {processor.py:161} INFO - Started process (PID=1007) to work on /home/airflow/.local/lib/python3.8/site-packages/airflow/example_dags/example_sla_dag.py
[2023-12-24T14:14:53.822+0000] {processor.py:830} INFO - Processing file /home/airflow/.local/lib/python3.8/site-packages/airflow/example_dags/example_sla_dag.py for tasks to queue
[2023-12-24T14:14:53.828+0000] {logging_mixin.py:188} INFO - [2023-12-24T14:14:53.827+0000] {dagbag.py:538} INFO - Filling up the DagBag from /home/airflow/.local/lib/python3.8/site-packages/airflow/example_dags/example_sla_dag.py
[2023-12-24T14:14:53.844+0000] {processor.py:840} INFO - DAG(s) 'example_sla_dag' retrieved from /home/airflow/.local/lib/python3.8/site-packages/airflow/example_dags/example_sla_dag.py
[2023-12-24T14:14:53.884+0000] {logging_mixin.py:188} INFO - [2023-12-24T14:14:53.883+0000] {dag.py:3033} INFO - Sync 1 DAGs
[2023-12-24T14:14:53.945+0000] {logging_mixin.py:188} INFO - [2023-12-24T14:14:53.945+0000] {dag.py:3820} INFO - Setting next_dagrun for example_sla_dag to 2023-12-24T14:12:00+00:00, run_after=2023-12-24T14:14:00+00:00
[2023-12-24T14:14:53.980+0000] {processor.py:183} INFO - Processing /home/airflow/.local/lib/python3.8/site-packages/airflow/example_dags/example_sla_dag.py took 0.167 seconds
[2023-12-24T14:15:24.192+0000] {processor.py:161} INFO - Started process (PID=1065) to work on /home/airflow/.local/lib/python3.8/site-packages/airflow/example_dags/example_sla_dag.py
[2023-12-24T14:15:24.194+0000] {processor.py:830} INFO - Processing file /home/airflow/.local/lib/python3.8/site-packages/airflow/example_dags/example_sla_dag.py for tasks to queue
[2023-12-24T14:15:24.199+0000] {logging_mixin.py:188} INFO - [2023-12-24T14:15:24.198+0000] {dagbag.py:538} INFO - Filling up the DagBag from /home/airflow/.local/lib/python3.8/site-packages/airflow/example_dags/example_sla_dag.py
[2023-12-24T14:15:24.214+0000] {processor.py:840} INFO - DAG(s) 'example_sla_dag' retrieved from /home/airflow/.local/lib/python3.8/site-packages/airflow/example_dags/example_sla_dag.py
[2023-12-24T14:15:24.247+0000] {logging_mixin.py:188} INFO - [2023-12-24T14:15:24.247+0000] {dag.py:3033} INFO - Sync 1 DAGs
[2023-12-24T14:15:24.308+0000] {logging_mixin.py:188} INFO - [2023-12-24T14:15:24.307+0000] {dag.py:3820} INFO - Setting next_dagrun for example_sla_dag to 2023-12-24T14:12:00+00:00, run_after=2023-12-24T14:14:00+00:00
[2023-12-24T14:15:24.339+0000] {processor.py:183} INFO - Processing /home/airflow/.local/lib/python3.8/site-packages/airflow/example_dags/example_sla_dag.py took 0.153 seconds
[2023-12-24T14:15:54.427+0000] {processor.py:161} INFO - Started process (PID=1123) to work on /home/airflow/.local/lib/python3.8/site-packages/airflow/example_dags/example_sla_dag.py
[2023-12-24T14:15:54.428+0000] {processor.py:830} INFO - Processing file /home/airflow/.local/lib/python3.8/site-packages/airflow/example_dags/example_sla_dag.py for tasks to queue
[2023-12-24T14:15:54.433+0000] {logging_mixin.py:188} INFO - [2023-12-24T14:15:54.432+0000] {dagbag.py:538} INFO - Filling up the DagBag from /home/airflow/.local/lib/python3.8/site-packages/airflow/example_dags/example_sla_dag.py
[2023-12-24T14:15:54.448+0000] {processor.py:840} INFO - DAG(s) 'example_sla_dag' retrieved from /home/airflow/.local/lib/python3.8/site-packages/airflow/example_dags/example_sla_dag.py
[2023-12-24T14:15:54.477+0000] {logging_mixin.py:188} INFO - [2023-12-24T14:15:54.477+0000] {dag.py:3033} INFO - Sync 1 DAGs
[2023-12-24T14:15:54.528+0000] {logging_mixin.py:188} INFO - [2023-12-24T14:15:54.528+0000] {dag.py:3820} INFO - Setting next_dagrun for example_sla_dag to 2023-12-24T14:12:00+00:00, run_after=2023-12-24T14:14:00+00:00
[2023-12-24T14:15:54.560+0000] {processor.py:183} INFO - Processing /home/airflow/.local/lib/python3.8/site-packages/airflow/example_dags/example_sla_dag.py took 0.139 seconds
[2023-12-24T14:16:24.608+0000] {processor.py:161} INFO - Started process (PID=1182) to work on /home/airflow/.local/lib/python3.8/site-packages/airflow/example_dags/example_sla_dag.py
[2023-12-24T14:16:24.609+0000] {processor.py:830} INFO - Processing file /home/airflow/.local/lib/python3.8/site-packages/airflow/example_dags/example_sla_dag.py for tasks to queue
[2023-12-24T14:16:24.614+0000] {logging_mixin.py:188} INFO - [2023-12-24T14:16:24.614+0000] {dagbag.py:538} INFO - Filling up the DagBag from /home/airflow/.local/lib/python3.8/site-packages/airflow/example_dags/example_sla_dag.py
[2023-12-24T14:16:24.632+0000] {processor.py:840} INFO - DAG(s) 'example_sla_dag' retrieved from /home/airflow/.local/lib/python3.8/site-packages/airflow/example_dags/example_sla_dag.py
[2023-12-24T14:16:24.668+0000] {logging_mixin.py:188} INFO - [2023-12-24T14:16:24.667+0000] {dag.py:3033} INFO - Sync 1 DAGs
[2023-12-24T14:16:24.714+0000] {logging_mixin.py:188} INFO - [2023-12-24T14:16:24.713+0000] {dag.py:3820} INFO - Setting next_dagrun for example_sla_dag to 2023-12-24T14:14:00+00:00, run_after=2023-12-24T14:16:00+00:00
[2023-12-24T14:16:24.741+0000] {processor.py:183} INFO - Processing /home/airflow/.local/lib/python3.8/site-packages/airflow/example_dags/example_sla_dag.py took 0.139 seconds
[2023-12-24T14:18:41.473+0000] {processor.py:161} INFO - Started process (PID=64) to work on /home/airflow/.local/lib/python3.8/site-packages/airflow/example_dags/example_sla_dag.py
[2023-12-24T14:18:41.475+0000] {processor.py:830} INFO - Processing file /home/airflow/.local/lib/python3.8/site-packages/airflow/example_dags/example_sla_dag.py for tasks to queue
[2023-12-24T14:18:41.480+0000] {logging_mixin.py:188} INFO - [2023-12-24T14:18:41.480+0000] {dagbag.py:538} INFO - Filling up the DagBag from /home/airflow/.local/lib/python3.8/site-packages/airflow/example_dags/example_sla_dag.py
[2023-12-24T14:18:41.499+0000] {processor.py:840} INFO - DAG(s) 'example_sla_dag' retrieved from /home/airflow/.local/lib/python3.8/site-packages/airflow/example_dags/example_sla_dag.py
[2023-12-24T14:18:41.531+0000] {logging_mixin.py:188} INFO - [2023-12-24T14:18:41.531+0000] {dag.py:3033} INFO - Sync 1 DAGs
[2023-12-24T14:18:41.601+0000] {logging_mixin.py:188} INFO - [2023-12-24T14:18:41.601+0000] {dag.py:3820} INFO - Setting next_dagrun for example_sla_dag to 2023-12-24T14:16:00+00:00, run_after=2023-12-24T14:18:00+00:00
[2023-12-24T14:18:41.654+0000] {processor.py:183} INFO - Processing /home/airflow/.local/lib/python3.8/site-packages/airflow/example_dags/example_sla_dag.py took 0.187 seconds
[2023-12-24T14:19:13.324+0000] {processor.py:161} INFO - Started process (PID=124) to work on /home/airflow/.local/lib/python3.8/site-packages/airflow/example_dags/example_sla_dag.py
[2023-12-24T14:19:13.327+0000] {processor.py:830} INFO - Processing file /home/airflow/.local/lib/python3.8/site-packages/airflow/example_dags/example_sla_dag.py for tasks to queue
[2023-12-24T14:19:13.335+0000] {logging_mixin.py:188} INFO - [2023-12-24T14:19:13.335+0000] {dagbag.py:538} INFO - Filling up the DagBag from /home/airflow/.local/lib/python3.8/site-packages/airflow/example_dags/example_sla_dag.py
[2023-12-24T14:19:13.358+0000] {processor.py:840} INFO - DAG(s) 'example_sla_dag' retrieved from /home/airflow/.local/lib/python3.8/site-packages/airflow/example_dags/example_sla_dag.py
[2023-12-24T14:19:13.388+0000] {logging_mixin.py:188} INFO - [2023-12-24T14:19:13.388+0000] {dag.py:3033} INFO - Sync 1 DAGs
[2023-12-24T14:19:13.449+0000] {logging_mixin.py:188} INFO - [2023-12-24T14:19:13.449+0000] {dag.py:3820} INFO - Setting next_dagrun for example_sla_dag to 2023-12-24T14:16:00+00:00, run_after=2023-12-24T14:18:00+00:00
[2023-12-24T14:19:13.509+0000] {processor.py:183} INFO - Processing /home/airflow/.local/lib/python3.8/site-packages/airflow/example_dags/example_sla_dag.py took 0.193 seconds
[2023-12-24T14:19:43.917+0000] {processor.py:161} INFO - Started process (PID=183) to work on /home/airflow/.local/lib/python3.8/site-packages/airflow/example_dags/example_sla_dag.py
[2023-12-24T14:19:43.920+0000] {processor.py:830} INFO - Processing file /home/airflow/.local/lib/python3.8/site-packages/airflow/example_dags/example_sla_dag.py for tasks to queue
[2023-12-24T14:19:43.926+0000] {logging_mixin.py:188} INFO - [2023-12-24T14:19:43.925+0000] {dagbag.py:538} INFO - Filling up the DagBag from /home/airflow/.local/lib/python3.8/site-packages/airflow/example_dags/example_sla_dag.py
[2023-12-24T14:19:43.941+0000] {processor.py:840} INFO - DAG(s) 'example_sla_dag' retrieved from /home/airflow/.local/lib/python3.8/site-packages/airflow/example_dags/example_sla_dag.py
[2023-12-24T14:19:44.142+0000] {logging_mixin.py:188} INFO - [2023-12-24T14:19:44.141+0000] {dag.py:3033} INFO - Sync 1 DAGs
[2023-12-24T14:19:44.190+0000] {logging_mixin.py:188} INFO - [2023-12-24T14:19:44.190+0000] {dag.py:3820} INFO - Setting next_dagrun for example_sla_dag to 2023-12-24T14:16:00+00:00, run_after=2023-12-24T14:18:00+00:00
[2023-12-24T14:19:44.232+0000] {processor.py:183} INFO - Processing /home/airflow/.local/lib/python3.8/site-packages/airflow/example_dags/example_sla_dag.py took 0.323 seconds
[2023-12-24T14:20:15.111+0000] {processor.py:161} INFO - Started process (PID=242) to work on /home/airflow/.local/lib/python3.8/site-packages/airflow/example_dags/example_sla_dag.py
[2023-12-24T14:20:15.113+0000] {processor.py:830} INFO - Processing file /home/airflow/.local/lib/python3.8/site-packages/airflow/example_dags/example_sla_dag.py for tasks to queue
[2023-12-24T14:20:15.119+0000] {logging_mixin.py:188} INFO - [2023-12-24T14:20:15.118+0000] {dagbag.py:538} INFO - Filling up the DagBag from /home/airflow/.local/lib/python3.8/site-packages/airflow/example_dags/example_sla_dag.py
[2023-12-24T14:20:15.140+0000] {processor.py:840} INFO - DAG(s) 'example_sla_dag' retrieved from /home/airflow/.local/lib/python3.8/site-packages/airflow/example_dags/example_sla_dag.py
[2023-12-24T14:20:15.184+0000] {logging_mixin.py:188} INFO - [2023-12-24T14:20:15.184+0000] {dag.py:3033} INFO - Sync 1 DAGs
[2023-12-24T14:20:15.254+0000] {logging_mixin.py:188} INFO - [2023-12-24T14:20:15.253+0000] {dag.py:3820} INFO - Setting next_dagrun for example_sla_dag to 2023-12-24T14:18:00+00:00, run_after=2023-12-24T14:20:00+00:00
[2023-12-24T14:20:15.291+0000] {processor.py:183} INFO - Processing /home/airflow/.local/lib/python3.8/site-packages/airflow/example_dags/example_sla_dag.py took 0.189 seconds
[2023-12-24T14:20:45.554+0000] {processor.py:161} INFO - Started process (PID=300) to work on /home/airflow/.local/lib/python3.8/site-packages/airflow/example_dags/example_sla_dag.py
[2023-12-24T14:20:45.556+0000] {processor.py:830} INFO - Processing file /home/airflow/.local/lib/python3.8/site-packages/airflow/example_dags/example_sla_dag.py for tasks to queue
[2023-12-24T14:20:45.560+0000] {logging_mixin.py:188} INFO - [2023-12-24T14:20:45.560+0000] {dagbag.py:538} INFO - Filling up the DagBag from /home/airflow/.local/lib/python3.8/site-packages/airflow/example_dags/example_sla_dag.py
[2023-12-24T14:20:45.575+0000] {processor.py:840} INFO - DAG(s) 'example_sla_dag' retrieved from /home/airflow/.local/lib/python3.8/site-packages/airflow/example_dags/example_sla_dag.py
[2023-12-24T14:20:45.609+0000] {logging_mixin.py:188} INFO - [2023-12-24T14:20:45.608+0000] {dag.py:3033} INFO - Sync 1 DAGs
[2023-12-24T14:20:45.654+0000] {logging_mixin.py:188} INFO - [2023-12-24T14:20:45.654+0000] {dag.py:3820} INFO - Setting next_dagrun for example_sla_dag to 2023-12-24T14:18:00+00:00, run_after=2023-12-24T14:20:00+00:00
[2023-12-24T14:20:45.680+0000] {processor.py:183} INFO - Processing /home/airflow/.local/lib/python3.8/site-packages/airflow/example_dags/example_sla_dag.py took 0.131 seconds
[2023-12-24T14:21:16.398+0000] {processor.py:161} INFO - Started process (PID=358) to work on /home/airflow/.local/lib/python3.8/site-packages/airflow/example_dags/example_sla_dag.py
[2023-12-24T14:21:16.399+0000] {processor.py:830} INFO - Processing file /home/airflow/.local/lib/python3.8/site-packages/airflow/example_dags/example_sla_dag.py for tasks to queue
[2023-12-24T14:21:16.405+0000] {logging_mixin.py:188} INFO - [2023-12-24T14:21:16.404+0000] {dagbag.py:538} INFO - Filling up the DagBag from /home/airflow/.local/lib/python3.8/site-packages/airflow/example_dags/example_sla_dag.py
[2023-12-24T14:21:16.431+0000] {processor.py:840} INFO - DAG(s) 'example_sla_dag' retrieved from /home/airflow/.local/lib/python3.8/site-packages/airflow/example_dags/example_sla_dag.py
[2023-12-24T14:21:16.478+0000] {logging_mixin.py:188} INFO - [2023-12-24T14:21:16.477+0000] {dag.py:3033} INFO - Sync 1 DAGs
[2023-12-24T14:21:16.554+0000] {logging_mixin.py:188} INFO - [2023-12-24T14:21:16.553+0000] {dag.py:3820} INFO - Setting next_dagrun for example_sla_dag to 2023-12-24T14:18:00+00:00, run_after=2023-12-24T14:20:00+00:00
[2023-12-24T14:21:16.602+0000] {processor.py:183} INFO - Processing /home/airflow/.local/lib/python3.8/site-packages/airflow/example_dags/example_sla_dag.py took 0.210 seconds
[2023-12-24T14:21:46.720+0000] {processor.py:161} INFO - Started process (PID=417) to work on /home/airflow/.local/lib/python3.8/site-packages/airflow/example_dags/example_sla_dag.py
[2023-12-24T14:21:46.722+0000] {processor.py:830} INFO - Processing file /home/airflow/.local/lib/python3.8/site-packages/airflow/example_dags/example_sla_dag.py for tasks to queue
[2023-12-24T14:21:46.727+0000] {logging_mixin.py:188} INFO - [2023-12-24T14:21:46.726+0000] {dagbag.py:538} INFO - Filling up the DagBag from /home/airflow/.local/lib/python3.8/site-packages/airflow/example_dags/example_sla_dag.py
[2023-12-24T14:21:46.744+0000] {processor.py:840} INFO - DAG(s) 'example_sla_dag' retrieved from /home/airflow/.local/lib/python3.8/site-packages/airflow/example_dags/example_sla_dag.py
[2023-12-24T14:21:46.778+0000] {logging_mixin.py:188} INFO - [2023-12-24T14:21:46.778+0000] {dag.py:3033} INFO - Sync 1 DAGs
[2023-12-24T14:21:46.834+0000] {logging_mixin.py:188} INFO - [2023-12-24T14:21:46.833+0000] {dag.py:3820} INFO - Setting next_dagrun for example_sla_dag to 2023-12-24T14:18:00+00:00, run_after=2023-12-24T14:20:00+00:00
[2023-12-24T14:21:46.867+0000] {processor.py:183} INFO - Processing /home/airflow/.local/lib/python3.8/site-packages/airflow/example_dags/example_sla_dag.py took 0.153 seconds
[2023-12-24T14:22:17.688+0000] {processor.py:161} INFO - Started process (PID=475) to work on /home/airflow/.local/lib/python3.8/site-packages/airflow/example_dags/example_sla_dag.py
[2023-12-24T14:22:17.690+0000] {processor.py:830} INFO - Processing file /home/airflow/.local/lib/python3.8/site-packages/airflow/example_dags/example_sla_dag.py for tasks to queue
[2023-12-24T14:22:17.695+0000] {logging_mixin.py:188} INFO - [2023-12-24T14:22:17.694+0000] {dagbag.py:538} INFO - Filling up the DagBag from /home/airflow/.local/lib/python3.8/site-packages/airflow/example_dags/example_sla_dag.py
[2023-12-24T14:22:17.710+0000] {processor.py:840} INFO - DAG(s) 'example_sla_dag' retrieved from /home/airflow/.local/lib/python3.8/site-packages/airflow/example_dags/example_sla_dag.py
[2023-12-24T14:22:17.745+0000] {logging_mixin.py:188} INFO - [2023-12-24T14:22:17.745+0000] {dag.py:3033} INFO - Sync 1 DAGs
[2023-12-24T14:22:17.797+0000] {logging_mixin.py:188} INFO - [2023-12-24T14:22:17.797+0000] {dag.py:3820} INFO - Setting next_dagrun for example_sla_dag to 2023-12-24T14:20:00+00:00, run_after=2023-12-24T14:22:00+00:00
[2023-12-24T14:22:17.830+0000] {processor.py:183} INFO - Processing /home/airflow/.local/lib/python3.8/site-packages/airflow/example_dags/example_sla_dag.py took 0.148 seconds
[2023-12-24T14:22:48.131+0000] {processor.py:161} INFO - Started process (PID=533) to work on /home/airflow/.local/lib/python3.8/site-packages/airflow/example_dags/example_sla_dag.py
[2023-12-24T14:22:48.133+0000] {processor.py:830} INFO - Processing file /home/airflow/.local/lib/python3.8/site-packages/airflow/example_dags/example_sla_dag.py for tasks to queue
[2023-12-24T14:22:48.138+0000] {logging_mixin.py:188} INFO - [2023-12-24T14:22:48.138+0000] {dagbag.py:538} INFO - Filling up the DagBag from /home/airflow/.local/lib/python3.8/site-packages/airflow/example_dags/example_sla_dag.py
[2023-12-24T14:22:48.163+0000] {processor.py:840} INFO - DAG(s) 'example_sla_dag' retrieved from /home/airflow/.local/lib/python3.8/site-packages/airflow/example_dags/example_sla_dag.py
[2023-12-24T14:22:48.210+0000] {logging_mixin.py:188} INFO - [2023-12-24T14:22:48.210+0000] {dag.py:3033} INFO - Sync 1 DAGs
[2023-12-24T14:22:48.323+0000] {logging_mixin.py:188} INFO - [2023-12-24T14:22:48.322+0000] {dag.py:3820} INFO - Setting next_dagrun for example_sla_dag to 2023-12-24T14:20:00+00:00, run_after=2023-12-24T14:22:00+00:00
[2023-12-24T14:22:48.409+0000] {processor.py:183} INFO - Processing /home/airflow/.local/lib/python3.8/site-packages/airflow/example_dags/example_sla_dag.py took 0.286 seconds
[2023-12-24T14:23:18.939+0000] {processor.py:161} INFO - Started process (PID=591) to work on /home/airflow/.local/lib/python3.8/site-packages/airflow/example_dags/example_sla_dag.py
[2023-12-24T14:23:18.941+0000] {processor.py:830} INFO - Processing file /home/airflow/.local/lib/python3.8/site-packages/airflow/example_dags/example_sla_dag.py for tasks to queue
[2023-12-24T14:23:18.946+0000] {logging_mixin.py:188} INFO - [2023-12-24T14:23:18.946+0000] {dagbag.py:538} INFO - Filling up the DagBag from /home/airflow/.local/lib/python3.8/site-packages/airflow/example_dags/example_sla_dag.py
[2023-12-24T14:23:18.972+0000] {processor.py:840} INFO - DAG(s) 'example_sla_dag' retrieved from /home/airflow/.local/lib/python3.8/site-packages/airflow/example_dags/example_sla_dag.py
[2023-12-24T14:23:19.036+0000] {logging_mixin.py:188} INFO - [2023-12-24T14:23:19.035+0000] {dag.py:3033} INFO - Sync 1 DAGs
[2023-12-24T14:23:19.092+0000] {logging_mixin.py:188} INFO - [2023-12-24T14:23:19.092+0000] {dag.py:3820} INFO - Setting next_dagrun for example_sla_dag to 2023-12-24T14:20:00+00:00, run_after=2023-12-24T14:22:00+00:00
[2023-12-24T14:23:19.127+0000] {processor.py:183} INFO - Processing /home/airflow/.local/lib/python3.8/site-packages/airflow/example_dags/example_sla_dag.py took 0.197 seconds
[2023-12-24T14:23:49.715+0000] {processor.py:161} INFO - Started process (PID=649) to work on /home/airflow/.local/lib/python3.8/site-packages/airflow/example_dags/example_sla_dag.py
[2023-12-24T14:23:49.716+0000] {processor.py:830} INFO - Processing file /home/airflow/.local/lib/python3.8/site-packages/airflow/example_dags/example_sla_dag.py for tasks to queue
[2023-12-24T14:23:49.721+0000] {logging_mixin.py:188} INFO - [2023-12-24T14:23:49.721+0000] {dagbag.py:538} INFO - Filling up the DagBag from /home/airflow/.local/lib/python3.8/site-packages/airflow/example_dags/example_sla_dag.py
[2023-12-24T14:23:49.743+0000] {processor.py:840} INFO - DAG(s) 'example_sla_dag' retrieved from /home/airflow/.local/lib/python3.8/site-packages/airflow/example_dags/example_sla_dag.py
[2023-12-24T14:23:49.780+0000] {logging_mixin.py:188} INFO - [2023-12-24T14:23:49.779+0000] {dag.py:3033} INFO - Sync 1 DAGs
[2023-12-24T14:23:49.836+0000] {logging_mixin.py:188} INFO - [2023-12-24T14:23:49.836+0000] {dag.py:3820} INFO - Setting next_dagrun for example_sla_dag to 2023-12-24T14:20:00+00:00, run_after=2023-12-24T14:22:00+00:00
[2023-12-24T14:23:49.868+0000] {processor.py:183} INFO - Processing /home/airflow/.local/lib/python3.8/site-packages/airflow/example_dags/example_sla_dag.py took 0.160 seconds
[2023-12-24T14:24:20.594+0000] {processor.py:161} INFO - Started process (PID=708) to work on /home/airflow/.local/lib/python3.8/site-packages/airflow/example_dags/example_sla_dag.py
[2023-12-24T14:24:20.600+0000] {processor.py:830} INFO - Processing file /home/airflow/.local/lib/python3.8/site-packages/airflow/example_dags/example_sla_dag.py for tasks to queue
[2023-12-24T14:24:20.606+0000] {logging_mixin.py:188} INFO - [2023-12-24T14:24:20.605+0000] {dagbag.py:538} INFO - Filling up the DagBag from /home/airflow/.local/lib/python3.8/site-packages/airflow/example_dags/example_sla_dag.py
[2023-12-24T14:24:20.628+0000] {processor.py:840} INFO - DAG(s) 'example_sla_dag' retrieved from /home/airflow/.local/lib/python3.8/site-packages/airflow/example_dags/example_sla_dag.py
[2023-12-24T14:24:20.675+0000] {logging_mixin.py:188} INFO - [2023-12-24T14:24:20.675+0000] {dag.py:3033} INFO - Sync 1 DAGs
[2023-12-24T14:24:20.746+0000] {logging_mixin.py:188} INFO - [2023-12-24T14:24:20.745+0000] {dag.py:3820} INFO - Setting next_dagrun for example_sla_dag to 2023-12-24T14:22:00+00:00, run_after=2023-12-24T14:24:00+00:00
[2023-12-24T14:24:20.793+0000] {processor.py:183} INFO - Processing /home/airflow/.local/lib/python3.8/site-packages/airflow/example_dags/example_sla_dag.py took 0.209 seconds
[2023-12-24T14:24:51.057+0000] {processor.py:161} INFO - Started process (PID=765) to work on /home/airflow/.local/lib/python3.8/site-packages/airflow/example_dags/example_sla_dag.py
[2023-12-24T14:24:51.059+0000] {processor.py:830} INFO - Processing file /home/airflow/.local/lib/python3.8/site-packages/airflow/example_dags/example_sla_dag.py for tasks to queue
[2023-12-24T14:24:51.065+0000] {logging_mixin.py:188} INFO - [2023-12-24T14:24:51.064+0000] {dagbag.py:538} INFO - Filling up the DagBag from /home/airflow/.local/lib/python3.8/site-packages/airflow/example_dags/example_sla_dag.py
[2023-12-24T14:24:51.088+0000] {processor.py:840} INFO - DAG(s) 'example_sla_dag' retrieved from /home/airflow/.local/lib/python3.8/site-packages/airflow/example_dags/example_sla_dag.py
[2023-12-24T14:24:51.141+0000] {logging_mixin.py:188} INFO - [2023-12-24T14:24:51.141+0000] {dag.py:3033} INFO - Sync 1 DAGs
[2023-12-24T14:24:51.208+0000] {logging_mixin.py:188} INFO - [2023-12-24T14:24:51.208+0000] {dag.py:3820} INFO - Setting next_dagrun for example_sla_dag to 2023-12-24T14:22:00+00:00, run_after=2023-12-24T14:24:00+00:00
[2023-12-24T14:24:51.254+0000] {processor.py:183} INFO - Processing /home/airflow/.local/lib/python3.8/site-packages/airflow/example_dags/example_sla_dag.py took 0.205 seconds
[2023-12-24T14:25:21.295+0000] {processor.py:161} INFO - Started process (PID=822) to work on /home/airflow/.local/lib/python3.8/site-packages/airflow/example_dags/example_sla_dag.py
[2023-12-24T14:25:21.297+0000] {processor.py:830} INFO - Processing file /home/airflow/.local/lib/python3.8/site-packages/airflow/example_dags/example_sla_dag.py for tasks to queue
[2023-12-24T14:25:21.303+0000] {logging_mixin.py:188} INFO - [2023-12-24T14:25:21.302+0000] {dagbag.py:538} INFO - Filling up the DagBag from /home/airflow/.local/lib/python3.8/site-packages/airflow/example_dags/example_sla_dag.py
[2023-12-24T14:25:21.324+0000] {processor.py:840} INFO - DAG(s) 'example_sla_dag' retrieved from /home/airflow/.local/lib/python3.8/site-packages/airflow/example_dags/example_sla_dag.py
[2023-12-24T14:25:21.362+0000] {logging_mixin.py:188} INFO - [2023-12-24T14:25:21.362+0000] {dag.py:3033} INFO - Sync 1 DAGs
[2023-12-24T14:25:21.429+0000] {logging_mixin.py:188} INFO - [2023-12-24T14:25:21.428+0000] {dag.py:3820} INFO - Setting next_dagrun for example_sla_dag to 2023-12-24T14:22:00+00:00, run_after=2023-12-24T14:24:00+00:00
[2023-12-24T14:25:21.464+0000] {processor.py:183} INFO - Processing /home/airflow/.local/lib/python3.8/site-packages/airflow/example_dags/example_sla_dag.py took 0.176 seconds
[2023-12-24T14:25:52.552+0000] {processor.py:161} INFO - Started process (PID=880) to work on /home/airflow/.local/lib/python3.8/site-packages/airflow/example_dags/example_sla_dag.py
[2023-12-24T14:25:52.553+0000] {processor.py:830} INFO - Processing file /home/airflow/.local/lib/python3.8/site-packages/airflow/example_dags/example_sla_dag.py for tasks to queue
[2023-12-24T14:25:52.558+0000] {logging_mixin.py:188} INFO - [2023-12-24T14:25:52.558+0000] {dagbag.py:538} INFO - Filling up the DagBag from /home/airflow/.local/lib/python3.8/site-packages/airflow/example_dags/example_sla_dag.py
[2023-12-24T14:25:52.579+0000] {processor.py:840} INFO - DAG(s) 'example_sla_dag' retrieved from /home/airflow/.local/lib/python3.8/site-packages/airflow/example_dags/example_sla_dag.py
[2023-12-24T14:25:52.617+0000] {logging_mixin.py:188} INFO - [2023-12-24T14:25:52.617+0000] {dag.py:3033} INFO - Sync 1 DAGs
[2023-12-24T14:25:52.671+0000] {logging_mixin.py:188} INFO - [2023-12-24T14:25:52.671+0000] {dag.py:3820} INFO - Setting next_dagrun for example_sla_dag to 2023-12-24T14:22:00+00:00, run_after=2023-12-24T14:24:00+00:00
[2023-12-24T14:25:52.711+0000] {processor.py:183} INFO - Processing /home/airflow/.local/lib/python3.8/site-packages/airflow/example_dags/example_sla_dag.py took 0.167 seconds
[2023-12-24T14:26:22.829+0000] {processor.py:161} INFO - Started process (PID=938) to work on /home/airflow/.local/lib/python3.8/site-packages/airflow/example_dags/example_sla_dag.py
[2023-12-24T14:26:22.832+0000] {processor.py:830} INFO - Processing file /home/airflow/.local/lib/python3.8/site-packages/airflow/example_dags/example_sla_dag.py for tasks to queue
[2023-12-24T14:26:22.837+0000] {logging_mixin.py:188} INFO - [2023-12-24T14:26:22.836+0000] {dagbag.py:538} INFO - Filling up the DagBag from /home/airflow/.local/lib/python3.8/site-packages/airflow/example_dags/example_sla_dag.py
[2023-12-24T14:26:22.855+0000] {processor.py:840} INFO - DAG(s) 'example_sla_dag' retrieved from /home/airflow/.local/lib/python3.8/site-packages/airflow/example_dags/example_sla_dag.py
[2023-12-24T14:26:22.897+0000] {logging_mixin.py:188} INFO - [2023-12-24T14:26:22.897+0000] {dag.py:3033} INFO - Sync 1 DAGs
[2023-12-24T14:26:22.953+0000] {logging_mixin.py:188} INFO - [2023-12-24T14:26:22.952+0000] {dag.py:3820} INFO - Setting next_dagrun for example_sla_dag to 2023-12-24T14:24:00+00:00, run_after=2023-12-24T14:26:00+00:00
[2023-12-24T14:26:22.989+0000] {processor.py:183} INFO - Processing /home/airflow/.local/lib/python3.8/site-packages/airflow/example_dags/example_sla_dag.py took 0.168 seconds
[2023-12-24T14:26:53.183+0000] {processor.py:161} INFO - Started process (PID=996) to work on /home/airflow/.local/lib/python3.8/site-packages/airflow/example_dags/example_sla_dag.py
[2023-12-24T14:26:53.185+0000] {processor.py:830} INFO - Processing file /home/airflow/.local/lib/python3.8/site-packages/airflow/example_dags/example_sla_dag.py for tasks to queue
[2023-12-24T14:26:53.190+0000] {logging_mixin.py:188} INFO - [2023-12-24T14:26:53.189+0000] {dagbag.py:538} INFO - Filling up the DagBag from /home/airflow/.local/lib/python3.8/site-packages/airflow/example_dags/example_sla_dag.py
[2023-12-24T14:26:53.214+0000] {processor.py:840} INFO - DAG(s) 'example_sla_dag' retrieved from /home/airflow/.local/lib/python3.8/site-packages/airflow/example_dags/example_sla_dag.py
[2023-12-24T14:26:53.260+0000] {logging_mixin.py:188} INFO - [2023-12-24T14:26:53.259+0000] {dag.py:3033} INFO - Sync 1 DAGs
[2023-12-24T14:26:53.328+0000] {logging_mixin.py:188} INFO - [2023-12-24T14:26:53.328+0000] {dag.py:3820} INFO - Setting next_dagrun for example_sla_dag to 2023-12-24T14:24:00+00:00, run_after=2023-12-24T14:26:00+00:00
[2023-12-24T14:26:53.381+0000] {processor.py:183} INFO - Processing /home/airflow/.local/lib/python3.8/site-packages/airflow/example_dags/example_sla_dag.py took 0.205 seconds
[2023-12-24T14:27:23.462+0000] {processor.py:161} INFO - Started process (PID=1054) to work on /home/airflow/.local/lib/python3.8/site-packages/airflow/example_dags/example_sla_dag.py
[2023-12-24T14:27:23.464+0000] {processor.py:830} INFO - Processing file /home/airflow/.local/lib/python3.8/site-packages/airflow/example_dags/example_sla_dag.py for tasks to queue
[2023-12-24T14:27:23.469+0000] {logging_mixin.py:188} INFO - [2023-12-24T14:27:23.469+0000] {dagbag.py:538} INFO - Filling up the DagBag from /home/airflow/.local/lib/python3.8/site-packages/airflow/example_dags/example_sla_dag.py
[2023-12-24T14:27:23.488+0000] {processor.py:840} INFO - DAG(s) 'example_sla_dag' retrieved from /home/airflow/.local/lib/python3.8/site-packages/airflow/example_dags/example_sla_dag.py
[2023-12-24T14:27:23.528+0000] {logging_mixin.py:188} INFO - [2023-12-24T14:27:23.528+0000] {dag.py:3033} INFO - Sync 1 DAGs
[2023-12-24T14:27:23.575+0000] {logging_mixin.py:188} INFO - [2023-12-24T14:27:23.574+0000] {dag.py:3820} INFO - Setting next_dagrun for example_sla_dag to 2023-12-24T14:24:00+00:00, run_after=2023-12-24T14:26:00+00:00
[2023-12-24T14:27:23.604+0000] {processor.py:183} INFO - Processing /home/airflow/.local/lib/python3.8/site-packages/airflow/example_dags/example_sla_dag.py took 0.148 seconds
[2023-12-24T14:27:54.048+0000] {processor.py:161} INFO - Started process (PID=1113) to work on /home/airflow/.local/lib/python3.8/site-packages/airflow/example_dags/example_sla_dag.py
[2023-12-24T14:27:54.049+0000] {processor.py:830} INFO - Processing file /home/airflow/.local/lib/python3.8/site-packages/airflow/example_dags/example_sla_dag.py for tasks to queue
[2023-12-24T14:27:54.066+0000] {logging_mixin.py:188} INFO - [2023-12-24T14:27:54.064+0000] {dagbag.py:538} INFO - Filling up the DagBag from /home/airflow/.local/lib/python3.8/site-packages/airflow/example_dags/example_sla_dag.py
[2023-12-24T14:27:54.092+0000] {processor.py:840} INFO - DAG(s) 'example_sla_dag' retrieved from /home/airflow/.local/lib/python3.8/site-packages/airflow/example_dags/example_sla_dag.py
[2023-12-24T14:27:54.133+0000] {logging_mixin.py:188} INFO - [2023-12-24T14:27:54.132+0000] {dag.py:3033} INFO - Sync 1 DAGs
[2023-12-24T14:27:54.181+0000] {logging_mixin.py:188} INFO - [2023-12-24T14:27:54.180+0000] {dag.py:3820} INFO - Setting next_dagrun for example_sla_dag to 2023-12-24T14:24:00+00:00, run_after=2023-12-24T14:26:00+00:00
[2023-12-24T14:27:54.215+0000] {processor.py:183} INFO - Processing /home/airflow/.local/lib/python3.8/site-packages/airflow/example_dags/example_sla_dag.py took 0.174 seconds
[2023-12-24T14:28:24.792+0000] {processor.py:161} INFO - Started process (PID=1171) to work on /home/airflow/.local/lib/python3.8/site-packages/airflow/example_dags/example_sla_dag.py
[2023-12-24T14:28:24.794+0000] {processor.py:830} INFO - Processing file /home/airflow/.local/lib/python3.8/site-packages/airflow/example_dags/example_sla_dag.py for tasks to queue
[2023-12-24T14:28:24.799+0000] {logging_mixin.py:188} INFO - [2023-12-24T14:28:24.798+0000] {dagbag.py:538} INFO - Filling up the DagBag from /home/airflow/.local/lib/python3.8/site-packages/airflow/example_dags/example_sla_dag.py
[2023-12-24T14:28:24.815+0000] {processor.py:840} INFO - DAG(s) 'example_sla_dag' retrieved from /home/airflow/.local/lib/python3.8/site-packages/airflow/example_dags/example_sla_dag.py
[2023-12-24T14:28:24.855+0000] {logging_mixin.py:188} INFO - [2023-12-24T14:28:24.855+0000] {dag.py:3033} INFO - Sync 1 DAGs
[2023-12-24T14:28:24.918+0000] {logging_mixin.py:188} INFO - [2023-12-24T14:28:24.918+0000] {dag.py:3820} INFO - Setting next_dagrun for example_sla_dag to 2023-12-24T14:26:00+00:00, run_after=2023-12-24T14:28:00+00:00
[2023-12-24T14:28:24.970+0000] {processor.py:183} INFO - Processing /home/airflow/.local/lib/python3.8/site-packages/airflow/example_dags/example_sla_dag.py took 0.184 seconds
[2023-12-24T14:28:56.584+0000] {processor.py:161} INFO - Started process (PID=1229) to work on /home/airflow/.local/lib/python3.8/site-packages/airflow/example_dags/example_sla_dag.py
[2023-12-24T14:28:56.586+0000] {processor.py:830} INFO - Processing file /home/airflow/.local/lib/python3.8/site-packages/airflow/example_dags/example_sla_dag.py for tasks to queue
[2023-12-24T14:28:56.591+0000] {logging_mixin.py:188} INFO - [2023-12-24T14:28:56.590+0000] {dagbag.py:538} INFO - Filling up the DagBag from /home/airflow/.local/lib/python3.8/site-packages/airflow/example_dags/example_sla_dag.py
[2023-12-24T14:28:56.611+0000] {processor.py:840} INFO - DAG(s) 'example_sla_dag' retrieved from /home/airflow/.local/lib/python3.8/site-packages/airflow/example_dags/example_sla_dag.py
[2023-12-24T14:28:56.648+0000] {logging_mixin.py:188} INFO - [2023-12-24T14:28:56.648+0000] {dag.py:3033} INFO - Sync 1 DAGs
[2023-12-24T14:28:56.708+0000] {logging_mixin.py:188} INFO - [2023-12-24T14:28:56.707+0000] {dag.py:3820} INFO - Setting next_dagrun for example_sla_dag to 2023-12-24T14:26:00+00:00, run_after=2023-12-24T14:28:00+00:00
[2023-12-24T14:28:56.757+0000] {processor.py:183} INFO - Processing /home/airflow/.local/lib/python3.8/site-packages/airflow/example_dags/example_sla_dag.py took 0.182 seconds
[2023-12-24T14:29:27.664+0000] {processor.py:161} INFO - Started process (PID=1287) to work on /home/airflow/.local/lib/python3.8/site-packages/airflow/example_dags/example_sla_dag.py
[2023-12-24T14:29:27.668+0000] {processor.py:830} INFO - Processing file /home/airflow/.local/lib/python3.8/site-packages/airflow/example_dags/example_sla_dag.py for tasks to queue
[2023-12-24T14:29:27.701+0000] {logging_mixin.py:188} INFO - [2023-12-24T14:29:27.692+0000] {dagbag.py:538} INFO - Filling up the DagBag from /home/airflow/.local/lib/python3.8/site-packages/airflow/example_dags/example_sla_dag.py
[2023-12-24T14:29:27.736+0000] {processor.py:840} INFO - DAG(s) 'example_sla_dag' retrieved from /home/airflow/.local/lib/python3.8/site-packages/airflow/example_dags/example_sla_dag.py
[2023-12-24T14:29:27.820+0000] {logging_mixin.py:188} INFO - [2023-12-24T14:29:27.820+0000] {dag.py:3033} INFO - Sync 1 DAGs
[2023-12-24T14:29:27.923+0000] {logging_mixin.py:188} INFO - [2023-12-24T14:29:27.922+0000] {dag.py:3820} INFO - Setting next_dagrun for example_sla_dag to 2023-12-24T14:26:00+00:00, run_after=2023-12-24T14:28:00+00:00
[2023-12-24T14:29:28.007+0000] {processor.py:183} INFO - Processing /home/airflow/.local/lib/python3.8/site-packages/airflow/example_dags/example_sla_dag.py took 0.360 seconds
[2023-12-24T14:29:58.225+0000] {processor.py:161} INFO - Started process (PID=1350) to work on /home/airflow/.local/lib/python3.8/site-packages/airflow/example_dags/example_sla_dag.py
[2023-12-24T14:29:58.227+0000] {processor.py:830} INFO - Processing file /home/airflow/.local/lib/python3.8/site-packages/airflow/example_dags/example_sla_dag.py for tasks to queue
[2023-12-24T14:29:58.233+0000] {logging_mixin.py:188} INFO - [2023-12-24T14:29:58.232+0000] {dagbag.py:538} INFO - Filling up the DagBag from /home/airflow/.local/lib/python3.8/site-packages/airflow/example_dags/example_sla_dag.py
[2023-12-24T14:29:58.254+0000] {processor.py:840} INFO - DAG(s) 'example_sla_dag' retrieved from /home/airflow/.local/lib/python3.8/site-packages/airflow/example_dags/example_sla_dag.py
[2023-12-24T14:29:58.302+0000] {logging_mixin.py:188} INFO - [2023-12-24T14:29:58.302+0000] {dag.py:3033} INFO - Sync 1 DAGs
[2023-12-24T14:29:58.362+0000] {logging_mixin.py:188} INFO - [2023-12-24T14:29:58.362+0000] {dag.py:3820} INFO - Setting next_dagrun for example_sla_dag to 2023-12-24T14:26:00+00:00, run_after=2023-12-24T14:28:00+00:00
[2023-12-24T14:29:58.405+0000] {processor.py:183} INFO - Processing /home/airflow/.local/lib/python3.8/site-packages/airflow/example_dags/example_sla_dag.py took 0.187 seconds
[2023-12-24T14:30:28.603+0000] {processor.py:161} INFO - Started process (PID=1408) to work on /home/airflow/.local/lib/python3.8/site-packages/airflow/example_dags/example_sla_dag.py
[2023-12-24T14:30:28.604+0000] {processor.py:830} INFO - Processing file /home/airflow/.local/lib/python3.8/site-packages/airflow/example_dags/example_sla_dag.py for tasks to queue
[2023-12-24T14:30:28.609+0000] {logging_mixin.py:188} INFO - [2023-12-24T14:30:28.608+0000] {dagbag.py:538} INFO - Filling up the DagBag from /home/airflow/.local/lib/python3.8/site-packages/airflow/example_dags/example_sla_dag.py
[2023-12-24T14:30:28.625+0000] {processor.py:840} INFO - DAG(s) 'example_sla_dag' retrieved from /home/airflow/.local/lib/python3.8/site-packages/airflow/example_dags/example_sla_dag.py
[2023-12-24T14:30:28.664+0000] {logging_mixin.py:188} INFO - [2023-12-24T14:30:28.663+0000] {dag.py:3033} INFO - Sync 1 DAGs
[2023-12-24T14:30:28.725+0000] {logging_mixin.py:188} INFO - [2023-12-24T14:30:28.724+0000] {dag.py:3820} INFO - Setting next_dagrun for example_sla_dag to 2023-12-24T14:28:00+00:00, run_after=2023-12-24T14:30:00+00:00
[2023-12-24T14:30:28.762+0000] {processor.py:183} INFO - Processing /home/airflow/.local/lib/python3.8/site-packages/airflow/example_dags/example_sla_dag.py took 0.167 seconds
[2023-12-24T14:30:59.114+0000] {processor.py:161} INFO - Started process (PID=1466) to work on /home/airflow/.local/lib/python3.8/site-packages/airflow/example_dags/example_sla_dag.py
[2023-12-24T14:30:59.116+0000] {processor.py:830} INFO - Processing file /home/airflow/.local/lib/python3.8/site-packages/airflow/example_dags/example_sla_dag.py for tasks to queue
[2023-12-24T14:30:59.122+0000] {logging_mixin.py:188} INFO - [2023-12-24T14:30:59.121+0000] {dagbag.py:538} INFO - Filling up the DagBag from /home/airflow/.local/lib/python3.8/site-packages/airflow/example_dags/example_sla_dag.py
[2023-12-24T14:30:59.142+0000] {processor.py:840} INFO - DAG(s) 'example_sla_dag' retrieved from /home/airflow/.local/lib/python3.8/site-packages/airflow/example_dags/example_sla_dag.py
[2023-12-24T14:30:59.182+0000] {logging_mixin.py:188} INFO - [2023-12-24T14:30:59.181+0000] {dag.py:3033} INFO - Sync 1 DAGs
[2023-12-24T14:30:59.232+0000] {logging_mixin.py:188} INFO - [2023-12-24T14:30:59.232+0000] {dag.py:3820} INFO - Setting next_dagrun for example_sla_dag to 2023-12-24T14:28:00+00:00, run_after=2023-12-24T14:30:00+00:00
[2023-12-24T14:30:59.274+0000] {processor.py:183} INFO - Processing /home/airflow/.local/lib/python3.8/site-packages/airflow/example_dags/example_sla_dag.py took 0.169 seconds
[2023-12-24T14:31:29.549+0000] {processor.py:161} INFO - Started process (PID=1524) to work on /home/airflow/.local/lib/python3.8/site-packages/airflow/example_dags/example_sla_dag.py
[2023-12-24T14:31:29.551+0000] {processor.py:830} INFO - Processing file /home/airflow/.local/lib/python3.8/site-packages/airflow/example_dags/example_sla_dag.py for tasks to queue
[2023-12-24T14:31:29.556+0000] {logging_mixin.py:188} INFO - [2023-12-24T14:31:29.555+0000] {dagbag.py:538} INFO - Filling up the DagBag from /home/airflow/.local/lib/python3.8/site-packages/airflow/example_dags/example_sla_dag.py
[2023-12-24T14:31:29.573+0000] {processor.py:840} INFO - DAG(s) 'example_sla_dag' retrieved from /home/airflow/.local/lib/python3.8/site-packages/airflow/example_dags/example_sla_dag.py
[2023-12-24T14:31:29.605+0000] {logging_mixin.py:188} INFO - [2023-12-24T14:31:29.605+0000] {dag.py:3033} INFO - Sync 1 DAGs
[2023-12-24T14:31:29.652+0000] {logging_mixin.py:188} INFO - [2023-12-24T14:31:29.651+0000] {dag.py:3820} INFO - Setting next_dagrun for example_sla_dag to 2023-12-24T14:28:00+00:00, run_after=2023-12-24T14:30:00+00:00
[2023-12-24T14:31:29.888+0000] {processor.py:183} INFO - Processing /home/airflow/.local/lib/python3.8/site-packages/airflow/example_dags/example_sla_dag.py took 0.345 seconds
[2023-12-24T14:33:23.842+0000] {processor.py:161} INFO - Started process (PID=62) to work on /home/airflow/.local/lib/python3.8/site-packages/airflow/example_dags/example_sla_dag.py
[2023-12-24T14:33:23.844+0000] {processor.py:830} INFO - Processing file /home/airflow/.local/lib/python3.8/site-packages/airflow/example_dags/example_sla_dag.py for tasks to queue
[2023-12-24T14:33:23.848+0000] {logging_mixin.py:188} INFO - [2023-12-24T14:33:23.848+0000] {dagbag.py:538} INFO - Filling up the DagBag from /home/airflow/.local/lib/python3.8/site-packages/airflow/example_dags/example_sla_dag.py
[2023-12-24T14:33:23.870+0000] {processor.py:840} INFO - DAG(s) 'example_sla_dag' retrieved from /home/airflow/.local/lib/python3.8/site-packages/airflow/example_dags/example_sla_dag.py
[2023-12-24T14:33:23.893+0000] {logging_mixin.py:188} INFO - [2023-12-24T14:33:23.892+0000] {dag.py:3033} INFO - Sync 1 DAGs
[2023-12-24T14:33:23.946+0000] {logging_mixin.py:188} INFO - [2023-12-24T14:33:23.946+0000] {dag.py:3820} INFO - Setting next_dagrun for example_sla_dag to 2023-12-24T14:30:00+00:00, run_after=2023-12-24T14:32:00+00:00
[2023-12-24T14:33:23.981+0000] {processor.py:183} INFO - Processing /home/airflow/.local/lib/python3.8/site-packages/airflow/example_dags/example_sla_dag.py took 0.147 seconds
[2023-12-24T14:33:55.530+0000] {processor.py:161} INFO - Started process (PID=120) to work on /home/airflow/.local/lib/python3.8/site-packages/airflow/example_dags/example_sla_dag.py
[2023-12-24T14:33:55.538+0000] {processor.py:830} INFO - Processing file /home/airflow/.local/lib/python3.8/site-packages/airflow/example_dags/example_sla_dag.py for tasks to queue
[2023-12-24T14:33:55.544+0000] {logging_mixin.py:188} INFO - [2023-12-24T14:33:55.543+0000] {dagbag.py:538} INFO - Filling up the DagBag from /home/airflow/.local/lib/python3.8/site-packages/airflow/example_dags/example_sla_dag.py
[2023-12-24T14:33:55.567+0000] {processor.py:840} INFO - DAG(s) 'example_sla_dag' retrieved from /home/airflow/.local/lib/python3.8/site-packages/airflow/example_dags/example_sla_dag.py
[2023-12-24T14:33:55.866+0000] {logging_mixin.py:188} INFO - [2023-12-24T14:33:55.866+0000] {dag.py:3033} INFO - Sync 1 DAGs
[2023-12-24T14:33:55.913+0000] {logging_mixin.py:188} INFO - [2023-12-24T14:33:55.912+0000] {dag.py:3820} INFO - Setting next_dagrun for example_sla_dag to 2023-12-24T14:30:00+00:00, run_after=2023-12-24T14:32:00+00:00
[2023-12-24T14:33:55.954+0000] {processor.py:183} INFO - Processing /home/airflow/.local/lib/python3.8/site-packages/airflow/example_dags/example_sla_dag.py took 0.434 seconds
[2023-12-24T14:34:26.673+0000] {processor.py:161} INFO - Started process (PID=178) to work on /home/airflow/.local/lib/python3.8/site-packages/airflow/example_dags/example_sla_dag.py
[2023-12-24T14:34:26.675+0000] {processor.py:830} INFO - Processing file /home/airflow/.local/lib/python3.8/site-packages/airflow/example_dags/example_sla_dag.py for tasks to queue
[2023-12-24T14:34:26.680+0000] {logging_mixin.py:188} INFO - [2023-12-24T14:34:26.679+0000] {dagbag.py:538} INFO - Filling up the DagBag from /home/airflow/.local/lib/python3.8/site-packages/airflow/example_dags/example_sla_dag.py
[2023-12-24T14:34:26.697+0000] {processor.py:840} INFO - DAG(s) 'example_sla_dag' retrieved from /home/airflow/.local/lib/python3.8/site-packages/airflow/example_dags/example_sla_dag.py
[2023-12-24T14:34:26.733+0000] {logging_mixin.py:188} INFO - [2023-12-24T14:34:26.733+0000] {dag.py:3033} INFO - Sync 1 DAGs
[2023-12-24T14:34:26.787+0000] {logging_mixin.py:188} INFO - [2023-12-24T14:34:26.786+0000] {dag.py:3820} INFO - Setting next_dagrun for example_sla_dag to 2023-12-24T14:32:00+00:00, run_after=2023-12-24T14:34:00+00:00
[2023-12-24T14:34:26.829+0000] {processor.py:183} INFO - Processing /home/airflow/.local/lib/python3.8/site-packages/airflow/example_dags/example_sla_dag.py took 0.163 seconds
[2023-12-24T14:34:57.147+0000] {processor.py:161} INFO - Started process (PID=236) to work on /home/airflow/.local/lib/python3.8/site-packages/airflow/example_dags/example_sla_dag.py
[2023-12-24T14:34:57.149+0000] {processor.py:830} INFO - Processing file /home/airflow/.local/lib/python3.8/site-packages/airflow/example_dags/example_sla_dag.py for tasks to queue
[2023-12-24T14:34:57.155+0000] {logging_mixin.py:188} INFO - [2023-12-24T14:34:57.154+0000] {dagbag.py:538} INFO - Filling up the DagBag from /home/airflow/.local/lib/python3.8/site-packages/airflow/example_dags/example_sla_dag.py
[2023-12-24T14:34:57.180+0000] {processor.py:840} INFO - DAG(s) 'example_sla_dag' retrieved from /home/airflow/.local/lib/python3.8/site-packages/airflow/example_dags/example_sla_dag.py
[2023-12-24T14:34:57.258+0000] {logging_mixin.py:188} INFO - [2023-12-24T14:34:57.257+0000] {dag.py:3033} INFO - Sync 1 DAGs
[2023-12-24T14:34:57.312+0000] {logging_mixin.py:188} INFO - [2023-12-24T14:34:57.311+0000] {dag.py:3820} INFO - Setting next_dagrun for example_sla_dag to 2023-12-24T14:32:00+00:00, run_after=2023-12-24T14:34:00+00:00
[2023-12-24T14:34:57.383+0000] {processor.py:183} INFO - Processing /home/airflow/.local/lib/python3.8/site-packages/airflow/example_dags/example_sla_dag.py took 0.245 seconds
[2023-12-24T14:35:27.656+0000] {processor.py:161} INFO - Started process (PID=294) to work on /home/airflow/.local/lib/python3.8/site-packages/airflow/example_dags/example_sla_dag.py
[2023-12-24T14:35:27.658+0000] {processor.py:830} INFO - Processing file /home/airflow/.local/lib/python3.8/site-packages/airflow/example_dags/example_sla_dag.py for tasks to queue
[2023-12-24T14:35:27.663+0000] {logging_mixin.py:188} INFO - [2023-12-24T14:35:27.663+0000] {dagbag.py:538} INFO - Filling up the DagBag from /home/airflow/.local/lib/python3.8/site-packages/airflow/example_dags/example_sla_dag.py
[2023-12-24T14:35:27.684+0000] {processor.py:840} INFO - DAG(s) 'example_sla_dag' retrieved from /home/airflow/.local/lib/python3.8/site-packages/airflow/example_dags/example_sla_dag.py
[2023-12-24T14:35:27.721+0000] {logging_mixin.py:188} INFO - [2023-12-24T14:35:27.720+0000] {dag.py:3033} INFO - Sync 1 DAGs
[2023-12-24T14:35:27.776+0000] {logging_mixin.py:188} INFO - [2023-12-24T14:35:27.775+0000] {dag.py:3820} INFO - Setting next_dagrun for example_sla_dag to 2023-12-24T14:32:00+00:00, run_after=2023-12-24T14:34:00+00:00
[2023-12-24T14:35:27.822+0000] {processor.py:183} INFO - Processing /home/airflow/.local/lib/python3.8/site-packages/airflow/example_dags/example_sla_dag.py took 0.173 seconds
[2023-12-24T14:35:57.893+0000] {processor.py:161} INFO - Started process (PID=353) to work on /home/airflow/.local/lib/python3.8/site-packages/airflow/example_dags/example_sla_dag.py
[2023-12-24T14:35:57.895+0000] {processor.py:830} INFO - Processing file /home/airflow/.local/lib/python3.8/site-packages/airflow/example_dags/example_sla_dag.py for tasks to queue
[2023-12-24T14:35:57.899+0000] {logging_mixin.py:188} INFO - [2023-12-24T14:35:57.899+0000] {dagbag.py:538} INFO - Filling up the DagBag from /home/airflow/.local/lib/python3.8/site-packages/airflow/example_dags/example_sla_dag.py
[2023-12-24T14:35:57.914+0000] {processor.py:840} INFO - DAG(s) 'example_sla_dag' retrieved from /home/airflow/.local/lib/python3.8/site-packages/airflow/example_dags/example_sla_dag.py
[2023-12-24T14:35:57.953+0000] {logging_mixin.py:188} INFO - [2023-12-24T14:35:57.952+0000] {dag.py:3033} INFO - Sync 1 DAGs
[2023-12-24T14:35:58.002+0000] {logging_mixin.py:188} INFO - [2023-12-24T14:35:58.001+0000] {dag.py:3820} INFO - Setting next_dagrun for example_sla_dag to 2023-12-24T14:32:00+00:00, run_after=2023-12-24T14:34:00+00:00
[2023-12-24T14:35:58.032+0000] {processor.py:183} INFO - Processing /home/airflow/.local/lib/python3.8/site-packages/airflow/example_dags/example_sla_dag.py took 0.145 seconds
[2023-12-24T14:36:28.480+0000] {processor.py:161} INFO - Started process (PID=411) to work on /home/airflow/.local/lib/python3.8/site-packages/airflow/example_dags/example_sla_dag.py
[2023-12-24T14:36:28.482+0000] {processor.py:830} INFO - Processing file /home/airflow/.local/lib/python3.8/site-packages/airflow/example_dags/example_sla_dag.py for tasks to queue
[2023-12-24T14:36:28.487+0000] {logging_mixin.py:188} INFO - [2023-12-24T14:36:28.486+0000] {dagbag.py:538} INFO - Filling up the DagBag from /home/airflow/.local/lib/python3.8/site-packages/airflow/example_dags/example_sla_dag.py
[2023-12-24T14:36:28.507+0000] {processor.py:840} INFO - DAG(s) 'example_sla_dag' retrieved from /home/airflow/.local/lib/python3.8/site-packages/airflow/example_dags/example_sla_dag.py
[2023-12-24T14:36:28.545+0000] {logging_mixin.py:188} INFO - [2023-12-24T14:36:28.545+0000] {dag.py:3033} INFO - Sync 1 DAGs
[2023-12-24T14:36:28.597+0000] {logging_mixin.py:188} INFO - [2023-12-24T14:36:28.597+0000] {dag.py:3820} INFO - Setting next_dagrun for example_sla_dag to 2023-12-24T14:34:00+00:00, run_after=2023-12-24T14:36:00+00:00
[2023-12-24T14:36:28.641+0000] {processor.py:183} INFO - Processing /home/airflow/.local/lib/python3.8/site-packages/airflow/example_dags/example_sla_dag.py took 0.170 seconds
[2023-12-24T14:36:59.293+0000] {processor.py:161} INFO - Started process (PID=470) to work on /home/airflow/.local/lib/python3.8/site-packages/airflow/example_dags/example_sla_dag.py
[2023-12-24T14:36:59.301+0000] {processor.py:830} INFO - Processing file /home/airflow/.local/lib/python3.8/site-packages/airflow/example_dags/example_sla_dag.py for tasks to queue
[2023-12-24T14:36:59.307+0000] {logging_mixin.py:188} INFO - [2023-12-24T14:36:59.306+0000] {dagbag.py:538} INFO - Filling up the DagBag from /home/airflow/.local/lib/python3.8/site-packages/airflow/example_dags/example_sla_dag.py
[2023-12-24T14:36:59.331+0000] {processor.py:840} INFO - DAG(s) 'example_sla_dag' retrieved from /home/airflow/.local/lib/python3.8/site-packages/airflow/example_dags/example_sla_dag.py
[2023-12-24T14:36:59.382+0000] {logging_mixin.py:188} INFO - [2023-12-24T14:36:59.381+0000] {dag.py:3033} INFO - Sync 1 DAGs
[2023-12-24T14:36:59.463+0000] {logging_mixin.py:188} INFO - [2023-12-24T14:36:59.462+0000] {dag.py:3820} INFO - Setting next_dagrun for example_sla_dag to 2023-12-24T14:34:00+00:00, run_after=2023-12-24T14:36:00+00:00
[2023-12-24T14:36:59.514+0000] {processor.py:183} INFO - Processing /home/airflow/.local/lib/python3.8/site-packages/airflow/example_dags/example_sla_dag.py took 0.230 seconds
[2023-12-24T14:37:29.787+0000] {processor.py:161} INFO - Started process (PID=529) to work on /home/airflow/.local/lib/python3.8/site-packages/airflow/example_dags/example_sla_dag.py
[2023-12-24T14:37:29.790+0000] {processor.py:830} INFO - Processing file /home/airflow/.local/lib/python3.8/site-packages/airflow/example_dags/example_sla_dag.py for tasks to queue
[2023-12-24T14:37:29.795+0000] {logging_mixin.py:188} INFO - [2023-12-24T14:37:29.794+0000] {dagbag.py:538} INFO - Filling up the DagBag from /home/airflow/.local/lib/python3.8/site-packages/airflow/example_dags/example_sla_dag.py
[2023-12-24T14:37:29.817+0000] {processor.py:840} INFO - DAG(s) 'example_sla_dag' retrieved from /home/airflow/.local/lib/python3.8/site-packages/airflow/example_dags/example_sla_dag.py
[2023-12-24T14:37:29.860+0000] {logging_mixin.py:188} INFO - [2023-12-24T14:37:29.860+0000] {dag.py:3033} INFO - Sync 1 DAGs
[2023-12-24T14:37:29.928+0000] {logging_mixin.py:188} INFO - [2023-12-24T14:37:29.927+0000] {dag.py:3820} INFO - Setting next_dagrun for example_sla_dag to 2023-12-24T14:34:00+00:00, run_after=2023-12-24T14:36:00+00:00
[2023-12-24T14:37:29.979+0000] {processor.py:183} INFO - Processing /home/airflow/.local/lib/python3.8/site-packages/airflow/example_dags/example_sla_dag.py took 0.198 seconds
[2023-12-24T14:38:00.232+0000] {processor.py:161} INFO - Started process (PID=587) to work on /home/airflow/.local/lib/python3.8/site-packages/airflow/example_dags/example_sla_dag.py
[2023-12-24T14:38:00.236+0000] {processor.py:830} INFO - Processing file /home/airflow/.local/lib/python3.8/site-packages/airflow/example_dags/example_sla_dag.py for tasks to queue
[2023-12-24T14:38:00.240+0000] {logging_mixin.py:188} INFO - [2023-12-24T14:38:00.240+0000] {dagbag.py:538} INFO - Filling up the DagBag from /home/airflow/.local/lib/python3.8/site-packages/airflow/example_dags/example_sla_dag.py
[2023-12-24T14:38:00.260+0000] {processor.py:840} INFO - DAG(s) 'example_sla_dag' retrieved from /home/airflow/.local/lib/python3.8/site-packages/airflow/example_dags/example_sla_dag.py
[2023-12-24T14:38:00.294+0000] {logging_mixin.py:188} INFO - [2023-12-24T14:38:00.294+0000] {dag.py:3033} INFO - Sync 1 DAGs
[2023-12-24T14:38:00.345+0000] {logging_mixin.py:188} INFO - [2023-12-24T14:38:00.344+0000] {dag.py:3820} INFO - Setting next_dagrun for example_sla_dag to 2023-12-24T14:36:00+00:00, run_after=2023-12-24T14:38:00+00:00
[2023-12-24T14:38:00.388+0000] {processor.py:183} INFO - Processing /home/airflow/.local/lib/python3.8/site-packages/airflow/example_dags/example_sla_dag.py took 0.163 seconds
[2023-12-24T14:38:30.536+0000] {processor.py:161} INFO - Started process (PID=646) to work on /home/airflow/.local/lib/python3.8/site-packages/airflow/example_dags/example_sla_dag.py
[2023-12-24T14:38:30.537+0000] {processor.py:830} INFO - Processing file /home/airflow/.local/lib/python3.8/site-packages/airflow/example_dags/example_sla_dag.py for tasks to queue
[2023-12-24T14:38:30.542+0000] {logging_mixin.py:188} INFO - [2023-12-24T14:38:30.542+0000] {dagbag.py:538} INFO - Filling up the DagBag from /home/airflow/.local/lib/python3.8/site-packages/airflow/example_dags/example_sla_dag.py
[2023-12-24T14:38:30.559+0000] {processor.py:840} INFO - DAG(s) 'example_sla_dag' retrieved from /home/airflow/.local/lib/python3.8/site-packages/airflow/example_dags/example_sla_dag.py
[2023-12-24T14:38:30.592+0000] {logging_mixin.py:188} INFO - [2023-12-24T14:38:30.592+0000] {dag.py:3033} INFO - Sync 1 DAGs
[2023-12-24T14:38:30.634+0000] {logging_mixin.py:188} INFO - [2023-12-24T14:38:30.634+0000] {dag.py:3820} INFO - Setting next_dagrun for example_sla_dag to 2023-12-24T14:36:00+00:00, run_after=2023-12-24T14:38:00+00:00
[2023-12-24T14:38:30.673+0000] {processor.py:183} INFO - Processing /home/airflow/.local/lib/python3.8/site-packages/airflow/example_dags/example_sla_dag.py took 0.143 seconds
[2023-12-24T14:39:02.711+0000] {processor.py:161} INFO - Started process (PID=705) to work on /home/airflow/.local/lib/python3.8/site-packages/airflow/example_dags/example_sla_dag.py
[2023-12-24T14:39:02.827+0000] {processor.py:830} INFO - Processing file /home/airflow/.local/lib/python3.8/site-packages/airflow/example_dags/example_sla_dag.py for tasks to queue
[2023-12-24T14:39:02.881+0000] {logging_mixin.py:188} INFO - [2023-12-24T14:39:02.880+0000] {dagbag.py:538} INFO - Filling up the DagBag from /home/airflow/.local/lib/python3.8/site-packages/airflow/example_dags/example_sla_dag.py
[2023-12-24T14:39:02.946+0000] {processor.py:840} INFO - DAG(s) 'example_sla_dag' retrieved from /home/airflow/.local/lib/python3.8/site-packages/airflow/example_dags/example_sla_dag.py
[2023-12-24T14:39:03.040+0000] {logging_mixin.py:188} INFO - [2023-12-24T14:39:03.040+0000] {dag.py:3033} INFO - Sync 1 DAGs
[2023-12-24T14:39:03.146+0000] {logging_mixin.py:188} INFO - [2023-12-24T14:39:03.145+0000] {dag.py:3820} INFO - Setting next_dagrun for example_sla_dag to 2023-12-24T14:36:00+00:00, run_after=2023-12-24T14:38:00+00:00
[2023-12-24T14:39:03.226+0000] {processor.py:183} INFO - Processing /home/airflow/.local/lib/python3.8/site-packages/airflow/example_dags/example_sla_dag.py took 0.539 seconds
[2023-12-24T14:39:33.396+0000] {processor.py:161} INFO - Started process (PID=764) to work on /home/airflow/.local/lib/python3.8/site-packages/airflow/example_dags/example_sla_dag.py
[2023-12-24T14:39:33.397+0000] {processor.py:830} INFO - Processing file /home/airflow/.local/lib/python3.8/site-packages/airflow/example_dags/example_sla_dag.py for tasks to queue
[2023-12-24T14:39:33.401+0000] {logging_mixin.py:188} INFO - [2023-12-24T14:39:33.401+0000] {dagbag.py:538} INFO - Filling up the DagBag from /home/airflow/.local/lib/python3.8/site-packages/airflow/example_dags/example_sla_dag.py
[2023-12-24T14:39:33.415+0000] {processor.py:840} INFO - DAG(s) 'example_sla_dag' retrieved from /home/airflow/.local/lib/python3.8/site-packages/airflow/example_dags/example_sla_dag.py
[2023-12-24T14:39:33.442+0000] {logging_mixin.py:188} INFO - [2023-12-24T14:39:33.442+0000] {dag.py:3033} INFO - Sync 1 DAGs
[2023-12-24T14:39:33.490+0000] {logging_mixin.py:188} INFO - [2023-12-24T14:39:33.490+0000] {dag.py:3820} INFO - Setting next_dagrun for example_sla_dag to 2023-12-24T14:36:00+00:00, run_after=2023-12-24T14:38:00+00:00
[2023-12-24T14:39:33.526+0000] {processor.py:183} INFO - Processing /home/airflow/.local/lib/python3.8/site-packages/airflow/example_dags/example_sla_dag.py took 0.137 seconds
[2023-12-24T14:40:03.820+0000] {processor.py:161} INFO - Started process (PID=823) to work on /home/airflow/.local/lib/python3.8/site-packages/airflow/example_dags/example_sla_dag.py
[2023-12-24T14:40:03.822+0000] {processor.py:830} INFO - Processing file /home/airflow/.local/lib/python3.8/site-packages/airflow/example_dags/example_sla_dag.py for tasks to queue
[2023-12-24T14:40:03.831+0000] {logging_mixin.py:188} INFO - [2023-12-24T14:40:03.831+0000] {dagbag.py:538} INFO - Filling up the DagBag from /home/airflow/.local/lib/python3.8/site-packages/airflow/example_dags/example_sla_dag.py
[2023-12-24T14:40:03.875+0000] {processor.py:840} INFO - DAG(s) 'example_sla_dag' retrieved from /home/airflow/.local/lib/python3.8/site-packages/airflow/example_dags/example_sla_dag.py
[2023-12-24T14:40:03.935+0000] {logging_mixin.py:188} INFO - [2023-12-24T14:40:03.935+0000] {dag.py:3033} INFO - Sync 1 DAGs
[2023-12-24T14:40:04.012+0000] {logging_mixin.py:188} INFO - [2023-12-24T14:40:04.011+0000] {dag.py:3820} INFO - Setting next_dagrun for example_sla_dag to 2023-12-24T14:38:00+00:00, run_after=2023-12-24T14:40:00+00:00
[2023-12-24T14:40:04.101+0000] {processor.py:183} INFO - Processing /home/airflow/.local/lib/python3.8/site-packages/airflow/example_dags/example_sla_dag.py took 0.291 seconds
[2023-12-24T14:40:34.417+0000] {processor.py:161} INFO - Started process (PID=883) to work on /home/airflow/.local/lib/python3.8/site-packages/airflow/example_dags/example_sla_dag.py
[2023-12-24T14:40:34.419+0000] {processor.py:830} INFO - Processing file /home/airflow/.local/lib/python3.8/site-packages/airflow/example_dags/example_sla_dag.py for tasks to queue
[2023-12-24T14:40:34.424+0000] {logging_mixin.py:188} INFO - [2023-12-24T14:40:34.423+0000] {dagbag.py:538} INFO - Filling up the DagBag from /home/airflow/.local/lib/python3.8/site-packages/airflow/example_dags/example_sla_dag.py
[2023-12-24T14:40:34.444+0000] {processor.py:840} INFO - DAG(s) 'example_sla_dag' retrieved from /home/airflow/.local/lib/python3.8/site-packages/airflow/example_dags/example_sla_dag.py
[2023-12-24T14:40:34.481+0000] {logging_mixin.py:188} INFO - [2023-12-24T14:40:34.481+0000] {dag.py:3033} INFO - Sync 1 DAGs
[2023-12-24T14:40:34.533+0000] {logging_mixin.py:188} INFO - [2023-12-24T14:40:34.533+0000] {dag.py:3820} INFO - Setting next_dagrun for example_sla_dag to 2023-12-24T14:38:00+00:00, run_after=2023-12-24T14:40:00+00:00
[2023-12-24T14:40:34.567+0000] {processor.py:183} INFO - Processing /home/airflow/.local/lib/python3.8/site-packages/airflow/example_dags/example_sla_dag.py took 0.157 seconds
[2023-12-24T14:41:04.869+0000] {processor.py:161} INFO - Started process (PID=942) to work on /home/airflow/.local/lib/python3.8/site-packages/airflow/example_dags/example_sla_dag.py
[2023-12-24T14:41:04.875+0000] {processor.py:830} INFO - Processing file /home/airflow/.local/lib/python3.8/site-packages/airflow/example_dags/example_sla_dag.py for tasks to queue
[2023-12-24T14:41:04.881+0000] {logging_mixin.py:188} INFO - [2023-12-24T14:41:04.880+0000] {dagbag.py:538} INFO - Filling up the DagBag from /home/airflow/.local/lib/python3.8/site-packages/airflow/example_dags/example_sla_dag.py
[2023-12-24T14:41:04.916+0000] {processor.py:840} INFO - DAG(s) 'example_sla_dag' retrieved from /home/airflow/.local/lib/python3.8/site-packages/airflow/example_dags/example_sla_dag.py
[2023-12-24T14:41:04.962+0000] {logging_mixin.py:188} INFO - [2023-12-24T14:41:04.962+0000] {dag.py:3033} INFO - Sync 1 DAGs
[2023-12-24T14:41:05.010+0000] {logging_mixin.py:188} INFO - [2023-12-24T14:41:05.010+0000] {dag.py:3820} INFO - Setting next_dagrun for example_sla_dag to 2023-12-24T14:38:00+00:00, run_after=2023-12-24T14:40:00+00:00
[2023-12-24T14:41:05.045+0000] {processor.py:183} INFO - Processing /home/airflow/.local/lib/python3.8/site-packages/airflow/example_dags/example_sla_dag.py took 0.211 seconds
[2023-12-24T14:41:35.313+0000] {processor.py:161} INFO - Started process (PID=1001) to work on /home/airflow/.local/lib/python3.8/site-packages/airflow/example_dags/example_sla_dag.py
[2023-12-24T14:41:35.314+0000] {processor.py:830} INFO - Processing file /home/airflow/.local/lib/python3.8/site-packages/airflow/example_dags/example_sla_dag.py for tasks to queue
[2023-12-24T14:41:35.319+0000] {logging_mixin.py:188} INFO - [2023-12-24T14:41:35.318+0000] {dagbag.py:538} INFO - Filling up the DagBag from /home/airflow/.local/lib/python3.8/site-packages/airflow/example_dags/example_sla_dag.py
[2023-12-24T14:41:35.336+0000] {processor.py:840} INFO - DAG(s) 'example_sla_dag' retrieved from /home/airflow/.local/lib/python3.8/site-packages/airflow/example_dags/example_sla_dag.py
[2023-12-24T14:41:35.371+0000] {logging_mixin.py:188} INFO - [2023-12-24T14:41:35.371+0000] {dag.py:3033} INFO - Sync 1 DAGs
[2023-12-24T14:41:35.424+0000] {logging_mixin.py:188} INFO - [2023-12-24T14:41:35.424+0000] {dag.py:3820} INFO - Setting next_dagrun for example_sla_dag to 2023-12-24T14:38:00+00:00, run_after=2023-12-24T14:40:00+00:00
[2023-12-24T14:41:35.461+0000] {processor.py:183} INFO - Processing /home/airflow/.local/lib/python3.8/site-packages/airflow/example_dags/example_sla_dag.py took 0.154 seconds
[2023-12-24T14:42:05.744+0000] {processor.py:161} INFO - Started process (PID=1060) to work on /home/airflow/.local/lib/python3.8/site-packages/airflow/example_dags/example_sla_dag.py
[2023-12-24T14:42:05.746+0000] {processor.py:830} INFO - Processing file /home/airflow/.local/lib/python3.8/site-packages/airflow/example_dags/example_sla_dag.py for tasks to queue
[2023-12-24T14:42:05.754+0000] {logging_mixin.py:188} INFO - [2023-12-24T14:42:05.753+0000] {dagbag.py:538} INFO - Filling up the DagBag from /home/airflow/.local/lib/python3.8/site-packages/airflow/example_dags/example_sla_dag.py
[2023-12-24T14:42:05.781+0000] {processor.py:840} INFO - DAG(s) 'example_sla_dag' retrieved from /home/airflow/.local/lib/python3.8/site-packages/airflow/example_dags/example_sla_dag.py
[2023-12-24T14:42:05.834+0000] {logging_mixin.py:188} INFO - [2023-12-24T14:42:05.834+0000] {dag.py:3033} INFO - Sync 1 DAGs
[2023-12-24T14:42:05.900+0000] {logging_mixin.py:188} INFO - [2023-12-24T14:42:05.899+0000] {dag.py:3820} INFO - Setting next_dagrun for example_sla_dag to 2023-12-24T14:40:00+00:00, run_after=2023-12-24T14:42:00+00:00
[2023-12-24T14:42:05.944+0000] {processor.py:183} INFO - Processing /home/airflow/.local/lib/python3.8/site-packages/airflow/example_dags/example_sla_dag.py took 0.210 seconds
[2023-12-24T14:42:36.208+0000] {processor.py:161} INFO - Started process (PID=1118) to work on /home/airflow/.local/lib/python3.8/site-packages/airflow/example_dags/example_sla_dag.py
[2023-12-24T14:42:36.209+0000] {processor.py:830} INFO - Processing file /home/airflow/.local/lib/python3.8/site-packages/airflow/example_dags/example_sla_dag.py for tasks to queue
[2023-12-24T14:42:36.215+0000] {logging_mixin.py:188} INFO - [2023-12-24T14:42:36.214+0000] {dagbag.py:538} INFO - Filling up the DagBag from /home/airflow/.local/lib/python3.8/site-packages/airflow/example_dags/example_sla_dag.py
[2023-12-24T14:42:36.233+0000] {processor.py:840} INFO - DAG(s) 'example_sla_dag' retrieved from /home/airflow/.local/lib/python3.8/site-packages/airflow/example_dags/example_sla_dag.py
[2023-12-24T14:42:36.273+0000] {logging_mixin.py:188} INFO - [2023-12-24T14:42:36.273+0000] {dag.py:3033} INFO - Sync 1 DAGs
[2023-12-24T14:42:36.339+0000] {logging_mixin.py:188} INFO - [2023-12-24T14:42:36.339+0000] {dag.py:3820} INFO - Setting next_dagrun for example_sla_dag to 2023-12-24T14:40:00+00:00, run_after=2023-12-24T14:42:00+00:00
[2023-12-24T14:42:36.407+0000] {processor.py:183} INFO - Processing /home/airflow/.local/lib/python3.8/site-packages/airflow/example_dags/example_sla_dag.py took 0.207 seconds
[2023-12-24T14:43:07.447+0000] {processor.py:161} INFO - Started process (PID=1177) to work on /home/airflow/.local/lib/python3.8/site-packages/airflow/example_dags/example_sla_dag.py
[2023-12-24T14:43:07.449+0000] {processor.py:830} INFO - Processing file /home/airflow/.local/lib/python3.8/site-packages/airflow/example_dags/example_sla_dag.py for tasks to queue
[2023-12-24T14:43:07.453+0000] {logging_mixin.py:188} INFO - [2023-12-24T14:43:07.453+0000] {dagbag.py:538} INFO - Filling up the DagBag from /home/airflow/.local/lib/python3.8/site-packages/airflow/example_dags/example_sla_dag.py
[2023-12-24T14:43:07.468+0000] {processor.py:840} INFO - DAG(s) 'example_sla_dag' retrieved from /home/airflow/.local/lib/python3.8/site-packages/airflow/example_dags/example_sla_dag.py
[2023-12-24T14:43:07.511+0000] {logging_mixin.py:188} INFO - [2023-12-24T14:43:07.511+0000] {dag.py:3033} INFO - Sync 1 DAGs
[2023-12-24T14:43:07.561+0000] {logging_mixin.py:188} INFO - [2023-12-24T14:43:07.560+0000] {dag.py:3820} INFO - Setting next_dagrun for example_sla_dag to 2023-12-24T14:40:00+00:00, run_after=2023-12-24T14:42:00+00:00
[2023-12-24T14:43:07.592+0000] {processor.py:183} INFO - Processing /home/airflow/.local/lib/python3.8/site-packages/airflow/example_dags/example_sla_dag.py took 0.153 seconds
[2023-12-24T14:43:38.619+0000] {processor.py:161} INFO - Started process (PID=1236) to work on /home/airflow/.local/lib/python3.8/site-packages/airflow/example_dags/example_sla_dag.py
[2023-12-24T14:43:38.621+0000] {processor.py:830} INFO - Processing file /home/airflow/.local/lib/python3.8/site-packages/airflow/example_dags/example_sla_dag.py for tasks to queue
[2023-12-24T14:43:38.627+0000] {logging_mixin.py:188} INFO - [2023-12-24T14:43:38.626+0000] {dagbag.py:538} INFO - Filling up the DagBag from /home/airflow/.local/lib/python3.8/site-packages/airflow/example_dags/example_sla_dag.py
[2023-12-24T14:43:38.649+0000] {processor.py:840} INFO - DAG(s) 'example_sla_dag' retrieved from /home/airflow/.local/lib/python3.8/site-packages/airflow/example_dags/example_sla_dag.py
[2023-12-24T14:43:38.704+0000] {logging_mixin.py:188} INFO - [2023-12-24T14:43:38.704+0000] {dag.py:3033} INFO - Sync 1 DAGs
[2023-12-24T14:43:38.773+0000] {logging_mixin.py:188} INFO - [2023-12-24T14:43:38.772+0000] {dag.py:3820} INFO - Setting next_dagrun for example_sla_dag to 2023-12-24T14:40:00+00:00, run_after=2023-12-24T14:42:00+00:00
[2023-12-24T14:43:38.821+0000] {processor.py:183} INFO - Processing /home/airflow/.local/lib/python3.8/site-packages/airflow/example_dags/example_sla_dag.py took 0.213 seconds
[2023-12-24T14:44:09.665+0000] {processor.py:161} INFO - Started process (PID=1295) to work on /home/airflow/.local/lib/python3.8/site-packages/airflow/example_dags/example_sla_dag.py
[2023-12-24T14:44:09.667+0000] {processor.py:830} INFO - Processing file /home/airflow/.local/lib/python3.8/site-packages/airflow/example_dags/example_sla_dag.py for tasks to queue
[2023-12-24T14:44:09.672+0000] {logging_mixin.py:188} INFO - [2023-12-24T14:44:09.671+0000] {dagbag.py:538} INFO - Filling up the DagBag from /home/airflow/.local/lib/python3.8/site-packages/airflow/example_dags/example_sla_dag.py
[2023-12-24T14:44:09.687+0000] {processor.py:840} INFO - DAG(s) 'example_sla_dag' retrieved from /home/airflow/.local/lib/python3.8/site-packages/airflow/example_dags/example_sla_dag.py
[2023-12-24T14:44:09.722+0000] {logging_mixin.py:188} INFO - [2023-12-24T14:44:09.722+0000] {dag.py:3033} INFO - Sync 1 DAGs
[2023-12-24T14:44:09.777+0000] {logging_mixin.py:188} INFO - [2023-12-24T14:44:09.776+0000] {dag.py:3820} INFO - Setting next_dagrun for example_sla_dag to 2023-12-24T14:42:00+00:00, run_after=2023-12-24T14:44:00+00:00
[2023-12-24T14:44:09.808+0000] {processor.py:183} INFO - Processing /home/airflow/.local/lib/python3.8/site-packages/airflow/example_dags/example_sla_dag.py took 0.151 seconds
[2023-12-24T14:44:39.869+0000] {processor.py:161} INFO - Started process (PID=1352) to work on /home/airflow/.local/lib/python3.8/site-packages/airflow/example_dags/example_sla_dag.py
[2023-12-24T14:44:39.871+0000] {processor.py:830} INFO - Processing file /home/airflow/.local/lib/python3.8/site-packages/airflow/example_dags/example_sla_dag.py for tasks to queue
[2023-12-24T14:44:39.877+0000] {logging_mixin.py:188} INFO - [2023-12-24T14:44:39.876+0000] {dagbag.py:538} INFO - Filling up the DagBag from /home/airflow/.local/lib/python3.8/site-packages/airflow/example_dags/example_sla_dag.py
[2023-12-24T14:44:39.896+0000] {processor.py:840} INFO - DAG(s) 'example_sla_dag' retrieved from /home/airflow/.local/lib/python3.8/site-packages/airflow/example_dags/example_sla_dag.py
[2023-12-24T14:44:39.929+0000] {logging_mixin.py:188} INFO - [2023-12-24T14:44:39.929+0000] {dag.py:3033} INFO - Sync 1 DAGs
[2023-12-24T14:44:39.995+0000] {logging_mixin.py:188} INFO - [2023-12-24T14:44:39.995+0000] {dag.py:3820} INFO - Setting next_dagrun for example_sla_dag to 2023-12-24T14:42:00+00:00, run_after=2023-12-24T14:44:00+00:00
[2023-12-24T14:44:40.044+0000] {processor.py:183} INFO - Processing /home/airflow/.local/lib/python3.8/site-packages/airflow/example_dags/example_sla_dag.py took 0.182 seconds
[2023-12-24T14:45:10.480+0000] {processor.py:161} INFO - Started process (PID=1411) to work on /home/airflow/.local/lib/python3.8/site-packages/airflow/example_dags/example_sla_dag.py
[2023-12-24T14:45:10.482+0000] {processor.py:830} INFO - Processing file /home/airflow/.local/lib/python3.8/site-packages/airflow/example_dags/example_sla_dag.py for tasks to queue
[2023-12-24T14:45:10.503+0000] {logging_mixin.py:188} INFO - [2023-12-24T14:45:10.502+0000] {dagbag.py:538} INFO - Filling up the DagBag from /home/airflow/.local/lib/python3.8/site-packages/airflow/example_dags/example_sla_dag.py
[2023-12-24T14:45:10.597+0000] {processor.py:840} INFO - DAG(s) 'example_sla_dag' retrieved from /home/airflow/.local/lib/python3.8/site-packages/airflow/example_dags/example_sla_dag.py
[2023-12-24T14:45:10.655+0000] {logging_mixin.py:188} INFO - [2023-12-24T14:45:10.655+0000] {dag.py:3033} INFO - Sync 1 DAGs
[2023-12-24T14:45:10.721+0000] {logging_mixin.py:188} INFO - [2023-12-24T14:45:10.720+0000] {dag.py:3820} INFO - Setting next_dagrun for example_sla_dag to 2023-12-24T14:42:00+00:00, run_after=2023-12-24T14:44:00+00:00
[2023-12-24T14:45:10.770+0000] {processor.py:183} INFO - Processing /home/airflow/.local/lib/python3.8/site-packages/airflow/example_dags/example_sla_dag.py took 0.319 seconds
