[2023-12-24T14:03:47.788+0000] {processor.py:161} INFO - Started process (PID=111) to work on /home/airflow/.local/lib/python3.8/site-packages/airflow/example_dags/example_latest_only.py
[2023-12-24T14:03:47.789+0000] {processor.py:830} INFO - Processing file /home/airflow/.local/lib/python3.8/site-packages/airflow/example_dags/example_latest_only.py for tasks to queue
[2023-12-24T14:03:47.792+0000] {logging_mixin.py:188} INFO - [2023-12-24T14:03:47.791+0000] {dagbag.py:538} INFO - Filling up the DagBag from /home/airflow/.local/lib/python3.8/site-packages/airflow/example_dags/example_latest_only.py
[2023-12-24T14:03:47.805+0000] {processor.py:840} INFO - DAG(s) 'latest_only' retrieved from /home/airflow/.local/lib/python3.8/site-packages/airflow/example_dags/example_latest_only.py
[2023-12-24T14:03:47.940+0000] {logging_mixin.py:188} INFO - [2023-12-24T14:03:47.939+0000] {dag.py:3033} INFO - Sync 1 DAGs
[2023-12-24T14:03:47.964+0000] {logging_mixin.py:188} INFO - [2023-12-24T14:03:47.964+0000] {dag.py:3820} INFO - Setting next_dagrun for latest_only to 2023-12-24T08:00:00+00:00, run_after=2023-12-24T12:00:00+00:00
[2023-12-24T14:03:47.994+0000] {processor.py:183} INFO - Processing /home/airflow/.local/lib/python3.8/site-packages/airflow/example_dags/example_latest_only.py took 0.209 seconds
[2023-12-24T14:05:52.979+0000] {processor.py:161} INFO - Started process (PID=68) to work on /home/airflow/.local/lib/python3.8/site-packages/airflow/example_dags/example_latest_only.py
[2023-12-24T14:05:52.981+0000] {processor.py:830} INFO - Processing file /home/airflow/.local/lib/python3.8/site-packages/airflow/example_dags/example_latest_only.py for tasks to queue
[2023-12-24T14:05:52.990+0000] {logging_mixin.py:188} INFO - [2023-12-24T14:05:52.989+0000] {dagbag.py:538} INFO - Filling up the DagBag from /home/airflow/.local/lib/python3.8/site-packages/airflow/example_dags/example_latest_only.py
[2023-12-24T14:05:53.007+0000] {processor.py:840} INFO - DAG(s) 'latest_only' retrieved from /home/airflow/.local/lib/python3.8/site-packages/airflow/example_dags/example_latest_only.py
[2023-12-24T14:05:53.306+0000] {logging_mixin.py:188} INFO - [2023-12-24T14:05:53.306+0000] {dag.py:3033} INFO - Sync 1 DAGs
[2023-12-24T14:05:53.382+0000] {logging_mixin.py:188} INFO - [2023-12-24T14:05:53.382+0000] {dag.py:3820} INFO - Setting next_dagrun for latest_only to 2023-12-24T08:00:00+00:00, run_after=2023-12-24T12:00:00+00:00
[2023-12-24T14:05:53.461+0000] {processor.py:183} INFO - Processing /home/airflow/.local/lib/python3.8/site-packages/airflow/example_dags/example_latest_only.py took 0.491 seconds
[2023-12-24T14:06:37.036+0000] {processor.py:161} INFO - Started process (PID=61) to work on /home/airflow/.local/lib/python3.8/site-packages/airflow/example_dags/example_latest_only.py
[2023-12-24T14:06:37.038+0000] {processor.py:830} INFO - Processing file /home/airflow/.local/lib/python3.8/site-packages/airflow/example_dags/example_latest_only.py for tasks to queue
[2023-12-24T14:06:37.042+0000] {logging_mixin.py:188} INFO - [2023-12-24T14:06:37.042+0000] {dagbag.py:538} INFO - Filling up the DagBag from /home/airflow/.local/lib/python3.8/site-packages/airflow/example_dags/example_latest_only.py
[2023-12-24T14:06:37.052+0000] {processor.py:840} INFO - DAG(s) 'latest_only' retrieved from /home/airflow/.local/lib/python3.8/site-packages/airflow/example_dags/example_latest_only.py
[2023-12-24T14:06:37.102+0000] {logging_mixin.py:188} INFO - [2023-12-24T14:06:37.101+0000] {dag.py:3033} INFO - Sync 1 DAGs
[2023-12-24T14:06:37.158+0000] {logging_mixin.py:188} INFO - [2023-12-24T14:06:37.157+0000] {dag.py:3820} INFO - Setting next_dagrun for latest_only to 2023-12-24T08:00:00+00:00, run_after=2023-12-24T12:00:00+00:00
[2023-12-24T14:06:37.200+0000] {processor.py:183} INFO - Processing /home/airflow/.local/lib/python3.8/site-packages/airflow/example_dags/example_latest_only.py took 0.171 seconds
[2023-12-24T14:07:08.166+0000] {processor.py:161} INFO - Started process (PID=120) to work on /home/airflow/.local/lib/python3.8/site-packages/airflow/example_dags/example_latest_only.py
[2023-12-24T14:07:08.168+0000] {processor.py:830} INFO - Processing file /home/airflow/.local/lib/python3.8/site-packages/airflow/example_dags/example_latest_only.py for tasks to queue
[2023-12-24T14:07:08.177+0000] {logging_mixin.py:188} INFO - [2023-12-24T14:07:08.176+0000] {dagbag.py:538} INFO - Filling up the DagBag from /home/airflow/.local/lib/python3.8/site-packages/airflow/example_dags/example_latest_only.py
[2023-12-24T14:07:08.193+0000] {processor.py:840} INFO - DAG(s) 'latest_only' retrieved from /home/airflow/.local/lib/python3.8/site-packages/airflow/example_dags/example_latest_only.py
[2023-12-24T14:07:08.247+0000] {logging_mixin.py:188} INFO - [2023-12-24T14:07:08.247+0000] {dag.py:3033} INFO - Sync 1 DAGs
[2023-12-24T14:07:08.313+0000] {logging_mixin.py:188} INFO - [2023-12-24T14:07:08.312+0000] {dag.py:3820} INFO - Setting next_dagrun for latest_only to 2023-12-24T08:00:00+00:00, run_after=2023-12-24T12:00:00+00:00
[2023-12-24T14:07:08.368+0000] {processor.py:183} INFO - Processing /home/airflow/.local/lib/python3.8/site-packages/airflow/example_dags/example_latest_only.py took 0.211 seconds
[2023-12-24T14:07:39.865+0000] {processor.py:161} INFO - Started process (PID=179) to work on /home/airflow/.local/lib/python3.8/site-packages/airflow/example_dags/example_latest_only.py
[2023-12-24T14:07:39.866+0000] {processor.py:830} INFO - Processing file /home/airflow/.local/lib/python3.8/site-packages/airflow/example_dags/example_latest_only.py for tasks to queue
[2023-12-24T14:07:39.871+0000] {logging_mixin.py:188} INFO - [2023-12-24T14:07:39.870+0000] {dagbag.py:538} INFO - Filling up the DagBag from /home/airflow/.local/lib/python3.8/site-packages/airflow/example_dags/example_latest_only.py
[2023-12-24T14:07:39.880+0000] {processor.py:840} INFO - DAG(s) 'latest_only' retrieved from /home/airflow/.local/lib/python3.8/site-packages/airflow/example_dags/example_latest_only.py
[2023-12-24T14:07:39.914+0000] {logging_mixin.py:188} INFO - [2023-12-24T14:07:39.913+0000] {dag.py:3033} INFO - Sync 1 DAGs
[2023-12-24T14:07:39.960+0000] {logging_mixin.py:188} INFO - [2023-12-24T14:07:39.959+0000] {dag.py:3820} INFO - Setting next_dagrun for latest_only to 2023-12-24T08:00:00+00:00, run_after=2023-12-24T12:00:00+00:00
[2023-12-24T14:07:39.999+0000] {processor.py:183} INFO - Processing /home/airflow/.local/lib/python3.8/site-packages/airflow/example_dags/example_latest_only.py took 0.140 seconds
[2023-12-24T14:08:11.962+0000] {processor.py:161} INFO - Started process (PID=238) to work on /home/airflow/.local/lib/python3.8/site-packages/airflow/example_dags/example_latest_only.py
[2023-12-24T14:08:11.970+0000] {processor.py:830} INFO - Processing file /home/airflow/.local/lib/python3.8/site-packages/airflow/example_dags/example_latest_only.py for tasks to queue
[2023-12-24T14:08:11.994+0000] {logging_mixin.py:188} INFO - [2023-12-24T14:08:11.993+0000] {dagbag.py:538} INFO - Filling up the DagBag from /home/airflow/.local/lib/python3.8/site-packages/airflow/example_dags/example_latest_only.py
[2023-12-24T14:08:12.046+0000] {processor.py:840} INFO - DAG(s) 'latest_only' retrieved from /home/airflow/.local/lib/python3.8/site-packages/airflow/example_dags/example_latest_only.py
[2023-12-24T14:08:12.203+0000] {logging_mixin.py:188} INFO - [2023-12-24T14:08:12.202+0000] {dag.py:3033} INFO - Sync 1 DAGs
[2023-12-24T14:08:12.327+0000] {logging_mixin.py:188} INFO - [2023-12-24T14:08:12.326+0000] {dag.py:3820} INFO - Setting next_dagrun for latest_only to 2023-12-24T08:00:00+00:00, run_after=2023-12-24T12:00:00+00:00
[2023-12-24T14:08:12.456+0000] {processor.py:183} INFO - Processing /home/airflow/.local/lib/python3.8/site-packages/airflow/example_dags/example_latest_only.py took 0.545 seconds
[2023-12-24T14:08:42.937+0000] {processor.py:161} INFO - Started process (PID=297) to work on /home/airflow/.local/lib/python3.8/site-packages/airflow/example_dags/example_latest_only.py
[2023-12-24T14:08:42.940+0000] {processor.py:830} INFO - Processing file /home/airflow/.local/lib/python3.8/site-packages/airflow/example_dags/example_latest_only.py for tasks to queue
[2023-12-24T14:08:42.948+0000] {logging_mixin.py:188} INFO - [2023-12-24T14:08:42.947+0000] {dagbag.py:538} INFO - Filling up the DagBag from /home/airflow/.local/lib/python3.8/site-packages/airflow/example_dags/example_latest_only.py
[2023-12-24T14:08:42.963+0000] {processor.py:840} INFO - DAG(s) 'latest_only' retrieved from /home/airflow/.local/lib/python3.8/site-packages/airflow/example_dags/example_latest_only.py
[2023-12-24T14:08:43.099+0000] {logging_mixin.py:188} INFO - [2023-12-24T14:08:43.097+0000] {dag.py:3033} INFO - Sync 1 DAGs
[2023-12-24T14:08:43.336+0000] {logging_mixin.py:188} INFO - [2023-12-24T14:08:43.335+0000] {dag.py:3820} INFO - Setting next_dagrun for latest_only to 2023-12-24T08:00:00+00:00, run_after=2023-12-24T12:00:00+00:00
[2023-12-24T14:08:43.392+0000] {processor.py:183} INFO - Processing /home/airflow/.local/lib/python3.8/site-packages/airflow/example_dags/example_latest_only.py took 0.464 seconds
[2023-12-24T14:09:13.968+0000] {processor.py:161} INFO - Started process (PID=357) to work on /home/airflow/.local/lib/python3.8/site-packages/airflow/example_dags/example_latest_only.py
[2023-12-24T14:09:13.970+0000] {processor.py:830} INFO - Processing file /home/airflow/.local/lib/python3.8/site-packages/airflow/example_dags/example_latest_only.py for tasks to queue
[2023-12-24T14:09:13.974+0000] {logging_mixin.py:188} INFO - [2023-12-24T14:09:13.974+0000] {dagbag.py:538} INFO - Filling up the DagBag from /home/airflow/.local/lib/python3.8/site-packages/airflow/example_dags/example_latest_only.py
[2023-12-24T14:09:13.984+0000] {processor.py:840} INFO - DAG(s) 'latest_only' retrieved from /home/airflow/.local/lib/python3.8/site-packages/airflow/example_dags/example_latest_only.py
[2023-12-24T14:09:14.023+0000] {logging_mixin.py:188} INFO - [2023-12-24T14:09:14.023+0000] {dag.py:3033} INFO - Sync 1 DAGs
[2023-12-24T14:09:14.073+0000] {logging_mixin.py:188} INFO - [2023-12-24T14:09:14.073+0000] {dag.py:3820} INFO - Setting next_dagrun for latest_only to 2023-12-24T08:00:00+00:00, run_after=2023-12-24T12:00:00+00:00
[2023-12-24T14:09:14.109+0000] {processor.py:183} INFO - Processing /home/airflow/.local/lib/python3.8/site-packages/airflow/example_dags/example_latest_only.py took 0.148 seconds
[2023-12-24T14:09:44.710+0000] {processor.py:161} INFO - Started process (PID=416) to work on /home/airflow/.local/lib/python3.8/site-packages/airflow/example_dags/example_latest_only.py
[2023-12-24T14:09:44.712+0000] {processor.py:830} INFO - Processing file /home/airflow/.local/lib/python3.8/site-packages/airflow/example_dags/example_latest_only.py for tasks to queue
[2023-12-24T14:09:44.717+0000] {logging_mixin.py:188} INFO - [2023-12-24T14:09:44.716+0000] {dagbag.py:538} INFO - Filling up the DagBag from /home/airflow/.local/lib/python3.8/site-packages/airflow/example_dags/example_latest_only.py
[2023-12-24T14:09:44.730+0000] {processor.py:840} INFO - DAG(s) 'latest_only' retrieved from /home/airflow/.local/lib/python3.8/site-packages/airflow/example_dags/example_latest_only.py
[2023-12-24T14:09:44.772+0000] {logging_mixin.py:188} INFO - [2023-12-24T14:09:44.772+0000] {dag.py:3033} INFO - Sync 1 DAGs
[2023-12-24T14:09:44.826+0000] {logging_mixin.py:188} INFO - [2023-12-24T14:09:44.826+0000] {dag.py:3820} INFO - Setting next_dagrun for latest_only to 2023-12-24T08:00:00+00:00, run_after=2023-12-24T12:00:00+00:00
[2023-12-24T14:09:44.867+0000] {processor.py:183} INFO - Processing /home/airflow/.local/lib/python3.8/site-packages/airflow/example_dags/example_latest_only.py took 0.166 seconds
[2023-12-24T14:10:16.583+0000] {processor.py:161} INFO - Started process (PID=480) to work on /home/airflow/.local/lib/python3.8/site-packages/airflow/example_dags/example_latest_only.py
[2023-12-24T14:10:16.585+0000] {processor.py:830} INFO - Processing file /home/airflow/.local/lib/python3.8/site-packages/airflow/example_dags/example_latest_only.py for tasks to queue
[2023-12-24T14:10:16.590+0000] {logging_mixin.py:188} INFO - [2023-12-24T14:10:16.589+0000] {dagbag.py:538} INFO - Filling up the DagBag from /home/airflow/.local/lib/python3.8/site-packages/airflow/example_dags/example_latest_only.py
[2023-12-24T14:10:16.602+0000] {processor.py:840} INFO - DAG(s) 'latest_only' retrieved from /home/airflow/.local/lib/python3.8/site-packages/airflow/example_dags/example_latest_only.py
[2023-12-24T14:10:16.649+0000] {logging_mixin.py:188} INFO - [2023-12-24T14:10:16.648+0000] {dag.py:3033} INFO - Sync 1 DAGs
[2023-12-24T14:10:16.702+0000] {logging_mixin.py:188} INFO - [2023-12-24T14:10:16.702+0000] {dag.py:3820} INFO - Setting next_dagrun for latest_only to 2023-12-24T08:00:00+00:00, run_after=2023-12-24T12:00:00+00:00
[2023-12-24T14:10:16.752+0000] {processor.py:183} INFO - Processing /home/airflow/.local/lib/python3.8/site-packages/airflow/example_dags/example_latest_only.py took 0.178 seconds
[2023-12-24T14:10:46.993+0000] {processor.py:161} INFO - Started process (PID=539) to work on /home/airflow/.local/lib/python3.8/site-packages/airflow/example_dags/example_latest_only.py
[2023-12-24T14:10:46.996+0000] {processor.py:830} INFO - Processing file /home/airflow/.local/lib/python3.8/site-packages/airflow/example_dags/example_latest_only.py for tasks to queue
[2023-12-24T14:10:47.001+0000] {logging_mixin.py:188} INFO - [2023-12-24T14:10:47.001+0000] {dagbag.py:538} INFO - Filling up the DagBag from /home/airflow/.local/lib/python3.8/site-packages/airflow/example_dags/example_latest_only.py
[2023-12-24T14:10:47.013+0000] {processor.py:840} INFO - DAG(s) 'latest_only' retrieved from /home/airflow/.local/lib/python3.8/site-packages/airflow/example_dags/example_latest_only.py
[2023-12-24T14:10:47.047+0000] {logging_mixin.py:188} INFO - [2023-12-24T14:10:47.047+0000] {dag.py:3033} INFO - Sync 1 DAGs
[2023-12-24T14:10:47.087+0000] {logging_mixin.py:188} INFO - [2023-12-24T14:10:47.086+0000] {dag.py:3820} INFO - Setting next_dagrun for latest_only to 2023-12-24T08:00:00+00:00, run_after=2023-12-24T12:00:00+00:00
[2023-12-24T14:10:47.118+0000] {processor.py:183} INFO - Processing /home/airflow/.local/lib/python3.8/site-packages/airflow/example_dags/example_latest_only.py took 0.133 seconds
[2023-12-24T14:11:19.087+0000] {processor.py:161} INFO - Started process (PID=599) to work on /home/airflow/.local/lib/python3.8/site-packages/airflow/example_dags/example_latest_only.py
[2023-12-24T14:11:19.091+0000] {processor.py:830} INFO - Processing file /home/airflow/.local/lib/python3.8/site-packages/airflow/example_dags/example_latest_only.py for tasks to queue
[2023-12-24T14:11:19.108+0000] {logging_mixin.py:188} INFO - [2023-12-24T14:11:19.107+0000] {dagbag.py:538} INFO - Filling up the DagBag from /home/airflow/.local/lib/python3.8/site-packages/airflow/example_dags/example_latest_only.py
[2023-12-24T14:11:19.126+0000] {processor.py:840} INFO - DAG(s) 'latest_only' retrieved from /home/airflow/.local/lib/python3.8/site-packages/airflow/example_dags/example_latest_only.py
[2023-12-24T14:11:19.439+0000] {logging_mixin.py:188} INFO - [2023-12-24T14:11:19.439+0000] {dag.py:3033} INFO - Sync 1 DAGs
[2023-12-24T14:11:19.541+0000] {logging_mixin.py:188} INFO - [2023-12-24T14:11:19.541+0000] {dag.py:3820} INFO - Setting next_dagrun for latest_only to 2023-12-24T08:00:00+00:00, run_after=2023-12-24T12:00:00+00:00
[2023-12-24T14:11:19.661+0000] {processor.py:183} INFO - Processing /home/airflow/.local/lib/python3.8/site-packages/airflow/example_dags/example_latest_only.py took 0.582 seconds
[2023-12-24T14:11:49.998+0000] {processor.py:161} INFO - Started process (PID=657) to work on /home/airflow/.local/lib/python3.8/site-packages/airflow/example_dags/example_latest_only.py
[2023-12-24T14:11:50.000+0000] {processor.py:830} INFO - Processing file /home/airflow/.local/lib/python3.8/site-packages/airflow/example_dags/example_latest_only.py for tasks to queue
[2023-12-24T14:11:50.006+0000] {logging_mixin.py:188} INFO - [2023-12-24T14:11:50.005+0000] {dagbag.py:538} INFO - Filling up the DagBag from /home/airflow/.local/lib/python3.8/site-packages/airflow/example_dags/example_latest_only.py
[2023-12-24T14:11:50.018+0000] {processor.py:840} INFO - DAG(s) 'latest_only' retrieved from /home/airflow/.local/lib/python3.8/site-packages/airflow/example_dags/example_latest_only.py
[2023-12-24T14:11:50.045+0000] {logging_mixin.py:188} INFO - [2023-12-24T14:11:50.044+0000] {dag.py:3033} INFO - Sync 1 DAGs
[2023-12-24T14:11:50.095+0000] {logging_mixin.py:188} INFO - [2023-12-24T14:11:50.094+0000] {dag.py:3820} INFO - Setting next_dagrun for latest_only to 2023-12-24T08:00:00+00:00, run_after=2023-12-24T12:00:00+00:00
[2023-12-24T14:11:50.137+0000] {processor.py:183} INFO - Processing /home/airflow/.local/lib/python3.8/site-packages/airflow/example_dags/example_latest_only.py took 0.147 seconds
[2023-12-24T14:12:20.535+0000] {processor.py:161} INFO - Started process (PID=716) to work on /home/airflow/.local/lib/python3.8/site-packages/airflow/example_dags/example_latest_only.py
[2023-12-24T14:12:20.538+0000] {processor.py:830} INFO - Processing file /home/airflow/.local/lib/python3.8/site-packages/airflow/example_dags/example_latest_only.py for tasks to queue
[2023-12-24T14:12:20.543+0000] {logging_mixin.py:188} INFO - [2023-12-24T14:12:20.543+0000] {dagbag.py:538} INFO - Filling up the DagBag from /home/airflow/.local/lib/python3.8/site-packages/airflow/example_dags/example_latest_only.py
[2023-12-24T14:12:20.558+0000] {processor.py:840} INFO - DAG(s) 'latest_only' retrieved from /home/airflow/.local/lib/python3.8/site-packages/airflow/example_dags/example_latest_only.py
[2023-12-24T14:12:20.768+0000] {logging_mixin.py:188} INFO - [2023-12-24T14:12:20.768+0000] {dag.py:3033} INFO - Sync 1 DAGs
[2023-12-24T14:12:20.814+0000] {logging_mixin.py:188} INFO - [2023-12-24T14:12:20.813+0000] {dag.py:3820} INFO - Setting next_dagrun for latest_only to 2023-12-24T08:00:00+00:00, run_after=2023-12-24T12:00:00+00:00
[2023-12-24T14:12:20.862+0000] {processor.py:183} INFO - Processing /home/airflow/.local/lib/python3.8/site-packages/airflow/example_dags/example_latest_only.py took 0.333 seconds
[2023-12-24T14:12:51.771+0000] {processor.py:161} INFO - Started process (PID=775) to work on /home/airflow/.local/lib/python3.8/site-packages/airflow/example_dags/example_latest_only.py
[2023-12-24T14:12:51.773+0000] {processor.py:830} INFO - Processing file /home/airflow/.local/lib/python3.8/site-packages/airflow/example_dags/example_latest_only.py for tasks to queue
[2023-12-24T14:12:51.795+0000] {logging_mixin.py:188} INFO - [2023-12-24T14:12:51.794+0000] {dagbag.py:538} INFO - Filling up the DagBag from /home/airflow/.local/lib/python3.8/site-packages/airflow/example_dags/example_latest_only.py
[2023-12-24T14:12:51.807+0000] {processor.py:840} INFO - DAG(s) 'latest_only' retrieved from /home/airflow/.local/lib/python3.8/site-packages/airflow/example_dags/example_latest_only.py
[2023-12-24T14:12:51.861+0000] {logging_mixin.py:188} INFO - [2023-12-24T14:12:51.861+0000] {dag.py:3033} INFO - Sync 1 DAGs
[2023-12-24T14:12:51.926+0000] {logging_mixin.py:188} INFO - [2023-12-24T14:12:51.925+0000] {dag.py:3820} INFO - Setting next_dagrun for latest_only to 2023-12-24T08:00:00+00:00, run_after=2023-12-24T12:00:00+00:00
[2023-12-24T14:12:51.967+0000] {processor.py:183} INFO - Processing /home/airflow/.local/lib/python3.8/site-packages/airflow/example_dags/example_latest_only.py took 0.207 seconds
[2023-12-24T14:13:22.081+0000] {processor.py:161} INFO - Started process (PID=834) to work on /home/airflow/.local/lib/python3.8/site-packages/airflow/example_dags/example_latest_only.py
[2023-12-24T14:13:22.093+0000] {processor.py:830} INFO - Processing file /home/airflow/.local/lib/python3.8/site-packages/airflow/example_dags/example_latest_only.py for tasks to queue
[2023-12-24T14:13:22.102+0000] {logging_mixin.py:188} INFO - [2023-12-24T14:13:22.100+0000] {dagbag.py:538} INFO - Filling up the DagBag from /home/airflow/.local/lib/python3.8/site-packages/airflow/example_dags/example_latest_only.py
[2023-12-24T14:13:22.119+0000] {processor.py:840} INFO - DAG(s) 'latest_only' retrieved from /home/airflow/.local/lib/python3.8/site-packages/airflow/example_dags/example_latest_only.py
[2023-12-24T14:13:22.191+0000] {logging_mixin.py:188} INFO - [2023-12-24T14:13:22.190+0000] {dag.py:3033} INFO - Sync 1 DAGs
[2023-12-24T14:13:22.260+0000] {logging_mixin.py:188} INFO - [2023-12-24T14:13:22.260+0000] {dag.py:3820} INFO - Setting next_dagrun for latest_only to 2023-12-24T08:00:00+00:00, run_after=2023-12-24T12:00:00+00:00
[2023-12-24T14:13:22.312+0000] {processor.py:183} INFO - Processing /home/airflow/.local/lib/python3.8/site-packages/airflow/example_dags/example_latest_only.py took 0.250 seconds
[2023-12-24T14:13:53.176+0000] {processor.py:161} INFO - Started process (PID=893) to work on /home/airflow/.local/lib/python3.8/site-packages/airflow/example_dags/example_latest_only.py
[2023-12-24T14:13:53.177+0000] {processor.py:830} INFO - Processing file /home/airflow/.local/lib/python3.8/site-packages/airflow/example_dags/example_latest_only.py for tasks to queue
[2023-12-24T14:13:53.183+0000] {logging_mixin.py:188} INFO - [2023-12-24T14:13:53.182+0000] {dagbag.py:538} INFO - Filling up the DagBag from /home/airflow/.local/lib/python3.8/site-packages/airflow/example_dags/example_latest_only.py
[2023-12-24T14:13:53.194+0000] {processor.py:840} INFO - DAG(s) 'latest_only' retrieved from /home/airflow/.local/lib/python3.8/site-packages/airflow/example_dags/example_latest_only.py
[2023-12-24T14:13:53.235+0000] {logging_mixin.py:188} INFO - [2023-12-24T14:13:53.235+0000] {dag.py:3033} INFO - Sync 1 DAGs
[2023-12-24T14:13:53.289+0000] {logging_mixin.py:188} INFO - [2023-12-24T14:13:53.288+0000] {dag.py:3820} INFO - Setting next_dagrun for latest_only to 2023-12-24T08:00:00+00:00, run_after=2023-12-24T12:00:00+00:00
[2023-12-24T14:13:53.328+0000] {processor.py:183} INFO - Processing /home/airflow/.local/lib/python3.8/site-packages/airflow/example_dags/example_latest_only.py took 0.159 seconds
[2023-12-24T14:14:23.825+0000] {processor.py:161} INFO - Started process (PID=952) to work on /home/airflow/.local/lib/python3.8/site-packages/airflow/example_dags/example_latest_only.py
[2023-12-24T14:14:23.827+0000] {processor.py:830} INFO - Processing file /home/airflow/.local/lib/python3.8/site-packages/airflow/example_dags/example_latest_only.py for tasks to queue
[2023-12-24T14:14:23.832+0000] {logging_mixin.py:188} INFO - [2023-12-24T14:14:23.831+0000] {dagbag.py:538} INFO - Filling up the DagBag from /home/airflow/.local/lib/python3.8/site-packages/airflow/example_dags/example_latest_only.py
[2023-12-24T14:14:23.841+0000] {processor.py:840} INFO - DAG(s) 'latest_only' retrieved from /home/airflow/.local/lib/python3.8/site-packages/airflow/example_dags/example_latest_only.py
[2023-12-24T14:14:23.875+0000] {logging_mixin.py:188} INFO - [2023-12-24T14:14:23.875+0000] {dag.py:3033} INFO - Sync 1 DAGs
[2023-12-24T14:14:23.921+0000] {logging_mixin.py:188} INFO - [2023-12-24T14:14:23.921+0000] {dag.py:3820} INFO - Setting next_dagrun for latest_only to 2023-12-24T08:00:00+00:00, run_after=2023-12-24T12:00:00+00:00
[2023-12-24T14:14:23.958+0000] {processor.py:183} INFO - Processing /home/airflow/.local/lib/python3.8/site-packages/airflow/example_dags/example_latest_only.py took 0.140 seconds
[2023-12-24T14:14:54.395+0000] {processor.py:161} INFO - Started process (PID=1011) to work on /home/airflow/.local/lib/python3.8/site-packages/airflow/example_dags/example_latest_only.py
[2023-12-24T14:14:54.398+0000] {processor.py:830} INFO - Processing file /home/airflow/.local/lib/python3.8/site-packages/airflow/example_dags/example_latest_only.py for tasks to queue
[2023-12-24T14:14:54.404+0000] {logging_mixin.py:188} INFO - [2023-12-24T14:14:54.403+0000] {dagbag.py:538} INFO - Filling up the DagBag from /home/airflow/.local/lib/python3.8/site-packages/airflow/example_dags/example_latest_only.py
[2023-12-24T14:14:54.417+0000] {processor.py:840} INFO - DAG(s) 'latest_only' retrieved from /home/airflow/.local/lib/python3.8/site-packages/airflow/example_dags/example_latest_only.py
[2023-12-24T14:14:54.453+0000] {logging_mixin.py:188} INFO - [2023-12-24T14:14:54.453+0000] {dag.py:3033} INFO - Sync 1 DAGs
[2023-12-24T14:14:54.494+0000] {logging_mixin.py:188} INFO - [2023-12-24T14:14:54.493+0000] {dag.py:3820} INFO - Setting next_dagrun for latest_only to 2023-12-24T08:00:00+00:00, run_after=2023-12-24T12:00:00+00:00
[2023-12-24T14:14:54.534+0000] {processor.py:183} INFO - Processing /home/airflow/.local/lib/python3.8/site-packages/airflow/example_dags/example_latest_only.py took 0.148 seconds
[2023-12-24T14:15:24.925+0000] {processor.py:161} INFO - Started process (PID=1070) to work on /home/airflow/.local/lib/python3.8/site-packages/airflow/example_dags/example_latest_only.py
[2023-12-24T14:15:24.927+0000] {processor.py:830} INFO - Processing file /home/airflow/.local/lib/python3.8/site-packages/airflow/example_dags/example_latest_only.py for tasks to queue
[2023-12-24T14:15:24.932+0000] {logging_mixin.py:188} INFO - [2023-12-24T14:15:24.931+0000] {dagbag.py:538} INFO - Filling up the DagBag from /home/airflow/.local/lib/python3.8/site-packages/airflow/example_dags/example_latest_only.py
[2023-12-24T14:15:24.945+0000] {processor.py:840} INFO - DAG(s) 'latest_only' retrieved from /home/airflow/.local/lib/python3.8/site-packages/airflow/example_dags/example_latest_only.py
[2023-12-24T14:15:24.987+0000] {logging_mixin.py:188} INFO - [2023-12-24T14:15:24.987+0000] {dag.py:3033} INFO - Sync 1 DAGs
[2023-12-24T14:15:25.045+0000] {logging_mixin.py:188} INFO - [2023-12-24T14:15:25.045+0000] {dag.py:3820} INFO - Setting next_dagrun for latest_only to 2023-12-24T08:00:00+00:00, run_after=2023-12-24T12:00:00+00:00
[2023-12-24T14:15:25.081+0000] {processor.py:183} INFO - Processing /home/airflow/.local/lib/python3.8/site-packages/airflow/example_dags/example_latest_only.py took 0.164 seconds
[2023-12-24T14:15:55.646+0000] {processor.py:161} INFO - Started process (PID=1129) to work on /home/airflow/.local/lib/python3.8/site-packages/airflow/example_dags/example_latest_only.py
[2023-12-24T14:15:55.648+0000] {processor.py:830} INFO - Processing file /home/airflow/.local/lib/python3.8/site-packages/airflow/example_dags/example_latest_only.py for tasks to queue
[2023-12-24T14:15:55.652+0000] {logging_mixin.py:188} INFO - [2023-12-24T14:15:55.652+0000] {dagbag.py:538} INFO - Filling up the DagBag from /home/airflow/.local/lib/python3.8/site-packages/airflow/example_dags/example_latest_only.py
[2023-12-24T14:15:55.662+0000] {processor.py:840} INFO - DAG(s) 'latest_only' retrieved from /home/airflow/.local/lib/python3.8/site-packages/airflow/example_dags/example_latest_only.py
[2023-12-24T14:15:55.694+0000] {logging_mixin.py:188} INFO - [2023-12-24T14:15:55.694+0000] {dag.py:3033} INFO - Sync 1 DAGs
[2023-12-24T14:15:55.735+0000] {logging_mixin.py:188} INFO - [2023-12-24T14:15:55.734+0000] {dag.py:3820} INFO - Setting next_dagrun for latest_only to 2023-12-24T08:00:00+00:00, run_after=2023-12-24T12:00:00+00:00
[2023-12-24T14:15:55.770+0000] {processor.py:183} INFO - Processing /home/airflow/.local/lib/python3.8/site-packages/airflow/example_dags/example_latest_only.py took 0.131 seconds
[2023-12-24T14:16:26.331+0000] {processor.py:161} INFO - Started process (PID=1188) to work on /home/airflow/.local/lib/python3.8/site-packages/airflow/example_dags/example_latest_only.py
[2023-12-24T14:16:26.333+0000] {processor.py:830} INFO - Processing file /home/airflow/.local/lib/python3.8/site-packages/airflow/example_dags/example_latest_only.py for tasks to queue
[2023-12-24T14:16:26.339+0000] {logging_mixin.py:188} INFO - [2023-12-24T14:16:26.338+0000] {dagbag.py:538} INFO - Filling up the DagBag from /home/airflow/.local/lib/python3.8/site-packages/airflow/example_dags/example_latest_only.py
[2023-12-24T14:16:26.351+0000] {processor.py:840} INFO - DAG(s) 'latest_only' retrieved from /home/airflow/.local/lib/python3.8/site-packages/airflow/example_dags/example_latest_only.py
[2023-12-24T14:16:26.388+0000] {logging_mixin.py:188} INFO - [2023-12-24T14:16:26.387+0000] {dag.py:3033} INFO - Sync 1 DAGs
[2023-12-24T14:16:26.442+0000] {logging_mixin.py:188} INFO - [2023-12-24T14:16:26.442+0000] {dag.py:3820} INFO - Setting next_dagrun for latest_only to 2023-12-24T08:00:00+00:00, run_after=2023-12-24T12:00:00+00:00
[2023-12-24T14:16:26.482+0000] {processor.py:183} INFO - Processing /home/airflow/.local/lib/python3.8/site-packages/airflow/example_dags/example_latest_only.py took 0.158 seconds
[2023-12-24T14:18:41.904+0000] {processor.py:161} INFO - Started process (PID=68) to work on /home/airflow/.local/lib/python3.8/site-packages/airflow/example_dags/example_latest_only.py
[2023-12-24T14:18:41.906+0000] {processor.py:830} INFO - Processing file /home/airflow/.local/lib/python3.8/site-packages/airflow/example_dags/example_latest_only.py for tasks to queue
[2023-12-24T14:18:41.912+0000] {logging_mixin.py:188} INFO - [2023-12-24T14:18:41.911+0000] {dagbag.py:538} INFO - Filling up the DagBag from /home/airflow/.local/lib/python3.8/site-packages/airflow/example_dags/example_latest_only.py
[2023-12-24T14:18:41.926+0000] {processor.py:840} INFO - DAG(s) 'latest_only' retrieved from /home/airflow/.local/lib/python3.8/site-packages/airflow/example_dags/example_latest_only.py
[2023-12-24T14:18:41.955+0000] {logging_mixin.py:188} INFO - [2023-12-24T14:18:41.954+0000] {dag.py:3033} INFO - Sync 1 DAGs
[2023-12-24T14:18:42.019+0000] {logging_mixin.py:188} INFO - [2023-12-24T14:18:42.019+0000] {dag.py:3820} INFO - Setting next_dagrun for latest_only to 2023-12-24T08:00:00+00:00, run_after=2023-12-24T12:00:00+00:00
[2023-12-24T14:18:42.069+0000] {processor.py:183} INFO - Processing /home/airflow/.local/lib/python3.8/site-packages/airflow/example_dags/example_latest_only.py took 0.174 seconds
[2023-12-24T14:19:13.889+0000] {processor.py:161} INFO - Started process (PID=128) to work on /home/airflow/.local/lib/python3.8/site-packages/airflow/example_dags/example_latest_only.py
[2023-12-24T14:19:13.892+0000] {processor.py:830} INFO - Processing file /home/airflow/.local/lib/python3.8/site-packages/airflow/example_dags/example_latest_only.py for tasks to queue
[2023-12-24T14:19:13.900+0000] {logging_mixin.py:188} INFO - [2023-12-24T14:19:13.899+0000] {dagbag.py:538} INFO - Filling up the DagBag from /home/airflow/.local/lib/python3.8/site-packages/airflow/example_dags/example_latest_only.py
[2023-12-24T14:19:13.916+0000] {processor.py:840} INFO - DAG(s) 'latest_only' retrieved from /home/airflow/.local/lib/python3.8/site-packages/airflow/example_dags/example_latest_only.py
[2023-12-24T14:19:13.945+0000] {logging_mixin.py:188} INFO - [2023-12-24T14:19:13.945+0000] {dag.py:3033} INFO - Sync 1 DAGs
[2023-12-24T14:19:14.015+0000] {logging_mixin.py:188} INFO - [2023-12-24T14:19:14.015+0000] {dag.py:3820} INFO - Setting next_dagrun for latest_only to 2023-12-24T08:00:00+00:00, run_after=2023-12-24T12:00:00+00:00
[2023-12-24T14:19:14.108+0000] {processor.py:183} INFO - Processing /home/airflow/.local/lib/python3.8/site-packages/airflow/example_dags/example_latest_only.py took 0.230 seconds
[2023-12-24T14:19:44.682+0000] {processor.py:161} INFO - Started process (PID=187) to work on /home/airflow/.local/lib/python3.8/site-packages/airflow/example_dags/example_latest_only.py
[2023-12-24T14:19:44.684+0000] {processor.py:830} INFO - Processing file /home/airflow/.local/lib/python3.8/site-packages/airflow/example_dags/example_latest_only.py for tasks to queue
[2023-12-24T14:19:44.690+0000] {logging_mixin.py:188} INFO - [2023-12-24T14:19:44.690+0000] {dagbag.py:538} INFO - Filling up the DagBag from /home/airflow/.local/lib/python3.8/site-packages/airflow/example_dags/example_latest_only.py
[2023-12-24T14:19:44.700+0000] {processor.py:840} INFO - DAG(s) 'latest_only' retrieved from /home/airflow/.local/lib/python3.8/site-packages/airflow/example_dags/example_latest_only.py
[2023-12-24T14:19:44.958+0000] {logging_mixin.py:188} INFO - [2023-12-24T14:19:44.958+0000] {dag.py:3033} INFO - Sync 1 DAGs
[2023-12-24T14:19:45.014+0000] {logging_mixin.py:188} INFO - [2023-12-24T14:19:45.013+0000] {dag.py:3820} INFO - Setting next_dagrun for latest_only to 2023-12-24T08:00:00+00:00, run_after=2023-12-24T12:00:00+00:00
[2023-12-24T14:19:45.074+0000] {processor.py:183} INFO - Processing /home/airflow/.local/lib/python3.8/site-packages/airflow/example_dags/example_latest_only.py took 0.401 seconds
[2023-12-24T14:20:15.710+0000] {processor.py:161} INFO - Started process (PID=246) to work on /home/airflow/.local/lib/python3.8/site-packages/airflow/example_dags/example_latest_only.py
[2023-12-24T14:20:15.713+0000] {processor.py:830} INFO - Processing file /home/airflow/.local/lib/python3.8/site-packages/airflow/example_dags/example_latest_only.py for tasks to queue
[2023-12-24T14:20:15.731+0000] {logging_mixin.py:188} INFO - [2023-12-24T14:20:15.730+0000] {dagbag.py:538} INFO - Filling up the DagBag from /home/airflow/.local/lib/python3.8/site-packages/airflow/example_dags/example_latest_only.py
[2023-12-24T14:20:15.753+0000] {processor.py:840} INFO - DAG(s) 'latest_only' retrieved from /home/airflow/.local/lib/python3.8/site-packages/airflow/example_dags/example_latest_only.py
[2023-12-24T14:20:15.817+0000] {logging_mixin.py:188} INFO - [2023-12-24T14:20:15.816+0000] {dag.py:3033} INFO - Sync 1 DAGs
[2023-12-24T14:20:15.902+0000] {logging_mixin.py:188} INFO - [2023-12-24T14:20:15.901+0000] {dag.py:3820} INFO - Setting next_dagrun for latest_only to 2023-12-24T08:00:00+00:00, run_after=2023-12-24T12:00:00+00:00
[2023-12-24T14:20:16.027+0000] {processor.py:183} INFO - Processing /home/airflow/.local/lib/python3.8/site-packages/airflow/example_dags/example_latest_only.py took 0.327 seconds
[2023-12-24T14:20:46.999+0000] {processor.py:161} INFO - Started process (PID=305) to work on /home/airflow/.local/lib/python3.8/site-packages/airflow/example_dags/example_latest_only.py
[2023-12-24T14:20:47.001+0000] {processor.py:830} INFO - Processing file /home/airflow/.local/lib/python3.8/site-packages/airflow/example_dags/example_latest_only.py for tasks to queue
[2023-12-24T14:20:47.006+0000] {logging_mixin.py:188} INFO - [2023-12-24T14:20:47.005+0000] {dagbag.py:538} INFO - Filling up the DagBag from /home/airflow/.local/lib/python3.8/site-packages/airflow/example_dags/example_latest_only.py
[2023-12-24T14:20:47.016+0000] {processor.py:840} INFO - DAG(s) 'latest_only' retrieved from /home/airflow/.local/lib/python3.8/site-packages/airflow/example_dags/example_latest_only.py
[2023-12-24T14:20:47.061+0000] {logging_mixin.py:188} INFO - [2023-12-24T14:20:47.061+0000] {dag.py:3033} INFO - Sync 1 DAGs
[2023-12-24T14:20:47.110+0000] {logging_mixin.py:188} INFO - [2023-12-24T14:20:47.109+0000] {dag.py:3820} INFO - Setting next_dagrun for latest_only to 2023-12-24T08:00:00+00:00, run_after=2023-12-24T12:00:00+00:00
[2023-12-24T14:20:47.156+0000] {processor.py:183} INFO - Processing /home/airflow/.local/lib/python3.8/site-packages/airflow/example_dags/example_latest_only.py took 0.162 seconds
[2023-12-24T14:21:17.783+0000] {processor.py:161} INFO - Started process (PID=363) to work on /home/airflow/.local/lib/python3.8/site-packages/airflow/example_dags/example_latest_only.py
[2023-12-24T14:21:17.784+0000] {processor.py:830} INFO - Processing file /home/airflow/.local/lib/python3.8/site-packages/airflow/example_dags/example_latest_only.py for tasks to queue
[2023-12-24T14:21:17.789+0000] {logging_mixin.py:188} INFO - [2023-12-24T14:21:17.788+0000] {dagbag.py:538} INFO - Filling up the DagBag from /home/airflow/.local/lib/python3.8/site-packages/airflow/example_dags/example_latest_only.py
[2023-12-24T14:21:17.799+0000] {processor.py:840} INFO - DAG(s) 'latest_only' retrieved from /home/airflow/.local/lib/python3.8/site-packages/airflow/example_dags/example_latest_only.py
[2023-12-24T14:21:17.836+0000] {logging_mixin.py:188} INFO - [2023-12-24T14:21:17.836+0000] {dag.py:3033} INFO - Sync 1 DAGs
[2023-12-24T14:21:17.881+0000] {logging_mixin.py:188} INFO - [2023-12-24T14:21:17.880+0000] {dag.py:3820} INFO - Setting next_dagrun for latest_only to 2023-12-24T08:00:00+00:00, run_after=2023-12-24T12:00:00+00:00
[2023-12-24T14:21:17.918+0000] {processor.py:183} INFO - Processing /home/airflow/.local/lib/python3.8/site-packages/airflow/example_dags/example_latest_only.py took 0.142 seconds
[2023-12-24T14:21:48.013+0000] {processor.py:161} INFO - Started process (PID=421) to work on /home/airflow/.local/lib/python3.8/site-packages/airflow/example_dags/example_latest_only.py
[2023-12-24T14:21:48.015+0000] {processor.py:830} INFO - Processing file /home/airflow/.local/lib/python3.8/site-packages/airflow/example_dags/example_latest_only.py for tasks to queue
[2023-12-24T14:21:48.021+0000] {logging_mixin.py:188} INFO - [2023-12-24T14:21:48.020+0000] {dagbag.py:538} INFO - Filling up the DagBag from /home/airflow/.local/lib/python3.8/site-packages/airflow/example_dags/example_latest_only.py
[2023-12-24T14:21:48.032+0000] {processor.py:840} INFO - DAG(s) 'latest_only' retrieved from /home/airflow/.local/lib/python3.8/site-packages/airflow/example_dags/example_latest_only.py
[2023-12-24T14:21:48.076+0000] {logging_mixin.py:188} INFO - [2023-12-24T14:21:48.075+0000] {dag.py:3033} INFO - Sync 1 DAGs
[2023-12-24T14:21:48.133+0000] {logging_mixin.py:188} INFO - [2023-12-24T14:21:48.132+0000] {dag.py:3820} INFO - Setting next_dagrun for latest_only to 2023-12-24T08:00:00+00:00, run_after=2023-12-24T12:00:00+00:00
[2023-12-24T14:21:48.171+0000] {processor.py:183} INFO - Processing /home/airflow/.local/lib/python3.8/site-packages/airflow/example_dags/example_latest_only.py took 0.165 seconds
[2023-12-24T14:22:18.946+0000] {processor.py:161} INFO - Started process (PID=479) to work on /home/airflow/.local/lib/python3.8/site-packages/airflow/example_dags/example_latest_only.py
[2023-12-24T14:22:18.950+0000] {processor.py:830} INFO - Processing file /home/airflow/.local/lib/python3.8/site-packages/airflow/example_dags/example_latest_only.py for tasks to queue
[2023-12-24T14:22:18.959+0000] {logging_mixin.py:188} INFO - [2023-12-24T14:22:18.958+0000] {dagbag.py:538} INFO - Filling up the DagBag from /home/airflow/.local/lib/python3.8/site-packages/airflow/example_dags/example_latest_only.py
[2023-12-24T14:22:18.986+0000] {processor.py:840} INFO - DAG(s) 'latest_only' retrieved from /home/airflow/.local/lib/python3.8/site-packages/airflow/example_dags/example_latest_only.py
[2023-12-24T14:22:19.044+0000] {logging_mixin.py:188} INFO - [2023-12-24T14:22:19.043+0000] {dag.py:3033} INFO - Sync 1 DAGs
[2023-12-24T14:22:19.120+0000] {logging_mixin.py:188} INFO - [2023-12-24T14:22:19.120+0000] {dag.py:3820} INFO - Setting next_dagrun for latest_only to 2023-12-24T08:00:00+00:00, run_after=2023-12-24T12:00:00+00:00
[2023-12-24T14:22:19.165+0000] {processor.py:183} INFO - Processing /home/airflow/.local/lib/python3.8/site-packages/airflow/example_dags/example_latest_only.py took 0.229 seconds
[2023-12-24T14:22:49.611+0000] {processor.py:161} INFO - Started process (PID=537) to work on /home/airflow/.local/lib/python3.8/site-packages/airflow/example_dags/example_latest_only.py
[2023-12-24T14:22:49.618+0000] {processor.py:830} INFO - Processing file /home/airflow/.local/lib/python3.8/site-packages/airflow/example_dags/example_latest_only.py for tasks to queue
[2023-12-24T14:22:49.624+0000] {logging_mixin.py:188} INFO - [2023-12-24T14:22:49.623+0000] {dagbag.py:538} INFO - Filling up the DagBag from /home/airflow/.local/lib/python3.8/site-packages/airflow/example_dags/example_latest_only.py
[2023-12-24T14:22:49.643+0000] {processor.py:840} INFO - DAG(s) 'latest_only' retrieved from /home/airflow/.local/lib/python3.8/site-packages/airflow/example_dags/example_latest_only.py
[2023-12-24T14:22:49.702+0000] {logging_mixin.py:188} INFO - [2023-12-24T14:22:49.702+0000] {dag.py:3033} INFO - Sync 1 DAGs
[2023-12-24T14:22:49.783+0000] {logging_mixin.py:188} INFO - [2023-12-24T14:22:49.783+0000] {dag.py:3820} INFO - Setting next_dagrun for latest_only to 2023-12-24T08:00:00+00:00, run_after=2023-12-24T12:00:00+00:00
[2023-12-24T14:22:49.864+0000] {processor.py:183} INFO - Processing /home/airflow/.local/lib/python3.8/site-packages/airflow/example_dags/example_latest_only.py took 0.264 seconds
[2023-12-24T14:23:20.230+0000] {processor.py:161} INFO - Started process (PID=595) to work on /home/airflow/.local/lib/python3.8/site-packages/airflow/example_dags/example_latest_only.py
[2023-12-24T14:23:20.231+0000] {processor.py:830} INFO - Processing file /home/airflow/.local/lib/python3.8/site-packages/airflow/example_dags/example_latest_only.py for tasks to queue
[2023-12-24T14:23:20.236+0000] {logging_mixin.py:188} INFO - [2023-12-24T14:23:20.235+0000] {dagbag.py:538} INFO - Filling up the DagBag from /home/airflow/.local/lib/python3.8/site-packages/airflow/example_dags/example_latest_only.py
[2023-12-24T14:23:20.245+0000] {processor.py:840} INFO - DAG(s) 'latest_only' retrieved from /home/airflow/.local/lib/python3.8/site-packages/airflow/example_dags/example_latest_only.py
[2023-12-24T14:23:20.277+0000] {logging_mixin.py:188} INFO - [2023-12-24T14:23:20.277+0000] {dag.py:3033} INFO - Sync 1 DAGs
[2023-12-24T14:23:20.315+0000] {logging_mixin.py:188} INFO - [2023-12-24T14:23:20.315+0000] {dag.py:3820} INFO - Setting next_dagrun for latest_only to 2023-12-24T08:00:00+00:00, run_after=2023-12-24T12:00:00+00:00
[2023-12-24T14:23:20.352+0000] {processor.py:183} INFO - Processing /home/airflow/.local/lib/python3.8/site-packages/airflow/example_dags/example_latest_only.py took 0.129 seconds
[2023-12-24T14:23:51.028+0000] {processor.py:161} INFO - Started process (PID=653) to work on /home/airflow/.local/lib/python3.8/site-packages/airflow/example_dags/example_latest_only.py
[2023-12-24T14:23:51.036+0000] {processor.py:830} INFO - Processing file /home/airflow/.local/lib/python3.8/site-packages/airflow/example_dags/example_latest_only.py for tasks to queue
[2023-12-24T14:23:51.041+0000] {logging_mixin.py:188} INFO - [2023-12-24T14:23:51.040+0000] {dagbag.py:538} INFO - Filling up the DagBag from /home/airflow/.local/lib/python3.8/site-packages/airflow/example_dags/example_latest_only.py
[2023-12-24T14:23:51.053+0000] {processor.py:840} INFO - DAG(s) 'latest_only' retrieved from /home/airflow/.local/lib/python3.8/site-packages/airflow/example_dags/example_latest_only.py
[2023-12-24T14:23:51.090+0000] {logging_mixin.py:188} INFO - [2023-12-24T14:23:51.090+0000] {dag.py:3033} INFO - Sync 1 DAGs
[2023-12-24T14:23:51.131+0000] {logging_mixin.py:188} INFO - [2023-12-24T14:23:51.130+0000] {dag.py:3820} INFO - Setting next_dagrun for latest_only to 2023-12-24T08:00:00+00:00, run_after=2023-12-24T12:00:00+00:00
[2023-12-24T14:23:51.168+0000] {processor.py:183} INFO - Processing /home/airflow/.local/lib/python3.8/site-packages/airflow/example_dags/example_latest_only.py took 0.147 seconds
[2023-12-24T14:24:21.264+0000] {processor.py:161} INFO - Started process (PID=712) to work on /home/airflow/.local/lib/python3.8/site-packages/airflow/example_dags/example_latest_only.py
[2023-12-24T14:24:21.278+0000] {processor.py:830} INFO - Processing file /home/airflow/.local/lib/python3.8/site-packages/airflow/example_dags/example_latest_only.py for tasks to queue
[2023-12-24T14:24:21.285+0000] {logging_mixin.py:188} INFO - [2023-12-24T14:24:21.284+0000] {dagbag.py:538} INFO - Filling up the DagBag from /home/airflow/.local/lib/python3.8/site-packages/airflow/example_dags/example_latest_only.py
[2023-12-24T14:24:21.302+0000] {processor.py:840} INFO - DAG(s) 'latest_only' retrieved from /home/airflow/.local/lib/python3.8/site-packages/airflow/example_dags/example_latest_only.py
[2023-12-24T14:24:21.348+0000] {logging_mixin.py:188} INFO - [2023-12-24T14:24:21.347+0000] {dag.py:3033} INFO - Sync 1 DAGs
[2023-12-24T14:24:21.398+0000] {logging_mixin.py:188} INFO - [2023-12-24T14:24:21.397+0000] {dag.py:3820} INFO - Setting next_dagrun for latest_only to 2023-12-24T08:00:00+00:00, run_after=2023-12-24T12:00:00+00:00
[2023-12-24T14:24:21.452+0000] {processor.py:183} INFO - Processing /home/airflow/.local/lib/python3.8/site-packages/airflow/example_dags/example_latest_only.py took 0.197 seconds
[2023-12-24T14:24:52.209+0000] {processor.py:161} INFO - Started process (PID=770) to work on /home/airflow/.local/lib/python3.8/site-packages/airflow/example_dags/example_latest_only.py
[2023-12-24T14:24:52.211+0000] {processor.py:830} INFO - Processing file /home/airflow/.local/lib/python3.8/site-packages/airflow/example_dags/example_latest_only.py for tasks to queue
[2023-12-24T14:24:52.229+0000] {logging_mixin.py:188} INFO - [2023-12-24T14:24:52.228+0000] {dagbag.py:538} INFO - Filling up the DagBag from /home/airflow/.local/lib/python3.8/site-packages/airflow/example_dags/example_latest_only.py
[2023-12-24T14:24:52.246+0000] {processor.py:840} INFO - DAG(s) 'latest_only' retrieved from /home/airflow/.local/lib/python3.8/site-packages/airflow/example_dags/example_latest_only.py
[2023-12-24T14:24:52.402+0000] {logging_mixin.py:188} INFO - [2023-12-24T14:24:52.402+0000] {dag.py:3033} INFO - Sync 1 DAGs
[2023-12-24T14:24:52.553+0000] {logging_mixin.py:188} INFO - [2023-12-24T14:24:52.553+0000] {dag.py:3820} INFO - Setting next_dagrun for latest_only to 2023-12-24T08:00:00+00:00, run_after=2023-12-24T12:00:00+00:00
[2023-12-24T14:24:52.648+0000] {processor.py:183} INFO - Processing /home/airflow/.local/lib/python3.8/site-packages/airflow/example_dags/example_latest_only.py took 0.456 seconds
[2023-12-24T14:25:23.091+0000] {processor.py:161} INFO - Started process (PID=828) to work on /home/airflow/.local/lib/python3.8/site-packages/airflow/example_dags/example_latest_only.py
[2023-12-24T14:25:23.093+0000] {processor.py:830} INFO - Processing file /home/airflow/.local/lib/python3.8/site-packages/airflow/example_dags/example_latest_only.py for tasks to queue
[2023-12-24T14:25:23.099+0000] {logging_mixin.py:188} INFO - [2023-12-24T14:25:23.098+0000] {dagbag.py:538} INFO - Filling up the DagBag from /home/airflow/.local/lib/python3.8/site-packages/airflow/example_dags/example_latest_only.py
[2023-12-24T14:25:23.110+0000] {processor.py:840} INFO - DAG(s) 'latest_only' retrieved from /home/airflow/.local/lib/python3.8/site-packages/airflow/example_dags/example_latest_only.py
[2023-12-24T14:25:23.145+0000] {logging_mixin.py:188} INFO - [2023-12-24T14:25:23.144+0000] {dag.py:3033} INFO - Sync 1 DAGs
[2023-12-24T14:25:23.186+0000] {logging_mixin.py:188} INFO - [2023-12-24T14:25:23.185+0000] {dag.py:3820} INFO - Setting next_dagrun for latest_only to 2023-12-24T08:00:00+00:00, run_after=2023-12-24T12:00:00+00:00
[2023-12-24T14:25:23.226+0000] {processor.py:183} INFO - Processing /home/airflow/.local/lib/python3.8/site-packages/airflow/example_dags/example_latest_only.py took 0.144 seconds
[2023-12-24T14:25:53.420+0000] {processor.py:161} INFO - Started process (PID=886) to work on /home/airflow/.local/lib/python3.8/site-packages/airflow/example_dags/example_latest_only.py
[2023-12-24T14:25:53.422+0000] {processor.py:830} INFO - Processing file /home/airflow/.local/lib/python3.8/site-packages/airflow/example_dags/example_latest_only.py for tasks to queue
[2023-12-24T14:25:53.428+0000] {logging_mixin.py:188} INFO - [2023-12-24T14:25:53.427+0000] {dagbag.py:538} INFO - Filling up the DagBag from /home/airflow/.local/lib/python3.8/site-packages/airflow/example_dags/example_latest_only.py
[2023-12-24T14:25:53.440+0000] {processor.py:840} INFO - DAG(s) 'latest_only' retrieved from /home/airflow/.local/lib/python3.8/site-packages/airflow/example_dags/example_latest_only.py
[2023-12-24T14:25:53.483+0000] {logging_mixin.py:188} INFO - [2023-12-24T14:25:53.483+0000] {dag.py:3033} INFO - Sync 1 DAGs
[2023-12-24T14:25:53.520+0000] {logging_mixin.py:188} INFO - [2023-12-24T14:25:53.520+0000] {dag.py:3820} INFO - Setting next_dagrun for latest_only to 2023-12-24T08:00:00+00:00, run_after=2023-12-24T12:00:00+00:00
[2023-12-24T14:25:53.555+0000] {processor.py:183} INFO - Processing /home/airflow/.local/lib/python3.8/site-packages/airflow/example_dags/example_latest_only.py took 0.142 seconds
[2023-12-24T14:26:23.650+0000] {processor.py:161} INFO - Started process (PID=943) to work on /home/airflow/.local/lib/python3.8/site-packages/airflow/example_dags/example_latest_only.py
[2023-12-24T14:26:23.652+0000] {processor.py:830} INFO - Processing file /home/airflow/.local/lib/python3.8/site-packages/airflow/example_dags/example_latest_only.py for tasks to queue
[2023-12-24T14:26:23.657+0000] {logging_mixin.py:188} INFO - [2023-12-24T14:26:23.656+0000] {dagbag.py:538} INFO - Filling up the DagBag from /home/airflow/.local/lib/python3.8/site-packages/airflow/example_dags/example_latest_only.py
[2023-12-24T14:26:23.666+0000] {processor.py:840} INFO - DAG(s) 'latest_only' retrieved from /home/airflow/.local/lib/python3.8/site-packages/airflow/example_dags/example_latest_only.py
[2023-12-24T14:26:23.697+0000] {logging_mixin.py:188} INFO - [2023-12-24T14:26:23.697+0000] {dag.py:3033} INFO - Sync 1 DAGs
[2023-12-24T14:26:23.733+0000] {logging_mixin.py:188} INFO - [2023-12-24T14:26:23.733+0000] {dag.py:3820} INFO - Setting next_dagrun for latest_only to 2023-12-24T08:00:00+00:00, run_after=2023-12-24T12:00:00+00:00
[2023-12-24T14:26:23.765+0000] {processor.py:183} INFO - Processing /home/airflow/.local/lib/python3.8/site-packages/airflow/example_dags/example_latest_only.py took 0.121 seconds
[2023-12-24T14:26:53.819+0000] {processor.py:161} INFO - Started process (PID=1001) to work on /home/airflow/.local/lib/python3.8/site-packages/airflow/example_dags/example_latest_only.py
[2023-12-24T14:26:53.821+0000] {processor.py:830} INFO - Processing file /home/airflow/.local/lib/python3.8/site-packages/airflow/example_dags/example_latest_only.py for tasks to queue
[2023-12-24T14:26:53.828+0000] {logging_mixin.py:188} INFO - [2023-12-24T14:26:53.827+0000] {dagbag.py:538} INFO - Filling up the DagBag from /home/airflow/.local/lib/python3.8/site-packages/airflow/example_dags/example_latest_only.py
[2023-12-24T14:26:53.841+0000] {processor.py:840} INFO - DAG(s) 'latest_only' retrieved from /home/airflow/.local/lib/python3.8/site-packages/airflow/example_dags/example_latest_only.py
[2023-12-24T14:26:53.889+0000] {logging_mixin.py:188} INFO - [2023-12-24T14:26:53.888+0000] {dag.py:3033} INFO - Sync 1 DAGs
[2023-12-24T14:26:53.948+0000] {logging_mixin.py:188} INFO - [2023-12-24T14:26:53.948+0000] {dag.py:3820} INFO - Setting next_dagrun for latest_only to 2023-12-24T08:00:00+00:00, run_after=2023-12-24T12:00:00+00:00
[2023-12-24T14:26:53.988+0000] {processor.py:183} INFO - Processing /home/airflow/.local/lib/python3.8/site-packages/airflow/example_dags/example_latest_only.py took 0.177 seconds
[2023-12-24T14:27:24.828+0000] {processor.py:161} INFO - Started process (PID=1059) to work on /home/airflow/.local/lib/python3.8/site-packages/airflow/example_dags/example_latest_only.py
[2023-12-24T14:27:24.831+0000] {processor.py:830} INFO - Processing file /home/airflow/.local/lib/python3.8/site-packages/airflow/example_dags/example_latest_only.py for tasks to queue
[2023-12-24T14:27:24.839+0000] {logging_mixin.py:188} INFO - [2023-12-24T14:27:24.838+0000] {dagbag.py:538} INFO - Filling up the DagBag from /home/airflow/.local/lib/python3.8/site-packages/airflow/example_dags/example_latest_only.py
[2023-12-24T14:27:24.853+0000] {processor.py:840} INFO - DAG(s) 'latest_only' retrieved from /home/airflow/.local/lib/python3.8/site-packages/airflow/example_dags/example_latest_only.py
[2023-12-24T14:27:24.930+0000] {logging_mixin.py:188} INFO - [2023-12-24T14:27:24.929+0000] {dag.py:3033} INFO - Sync 1 DAGs
[2023-12-24T14:27:25.053+0000] {logging_mixin.py:188} INFO - [2023-12-24T14:27:25.052+0000] {dag.py:3820} INFO - Setting next_dagrun for latest_only to 2023-12-24T08:00:00+00:00, run_after=2023-12-24T12:00:00+00:00
[2023-12-24T14:27:25.111+0000] {processor.py:183} INFO - Processing /home/airflow/.local/lib/python3.8/site-packages/airflow/example_dags/example_latest_only.py took 0.291 seconds
[2023-12-24T14:27:55.331+0000] {processor.py:161} INFO - Started process (PID=1117) to work on /home/airflow/.local/lib/python3.8/site-packages/airflow/example_dags/example_latest_only.py
[2023-12-24T14:27:55.333+0000] {processor.py:830} INFO - Processing file /home/airflow/.local/lib/python3.8/site-packages/airflow/example_dags/example_latest_only.py for tasks to queue
[2023-12-24T14:27:55.338+0000] {logging_mixin.py:188} INFO - [2023-12-24T14:27:55.338+0000] {dagbag.py:538} INFO - Filling up the DagBag from /home/airflow/.local/lib/python3.8/site-packages/airflow/example_dags/example_latest_only.py
[2023-12-24T14:27:55.348+0000] {processor.py:840} INFO - DAG(s) 'latest_only' retrieved from /home/airflow/.local/lib/python3.8/site-packages/airflow/example_dags/example_latest_only.py
[2023-12-24T14:27:55.391+0000] {logging_mixin.py:188} INFO - [2023-12-24T14:27:55.391+0000] {dag.py:3033} INFO - Sync 1 DAGs
[2023-12-24T14:27:55.455+0000] {logging_mixin.py:188} INFO - [2023-12-24T14:27:55.455+0000] {dag.py:3820} INFO - Setting next_dagrun for latest_only to 2023-12-24T08:00:00+00:00, run_after=2023-12-24T12:00:00+00:00
[2023-12-24T14:27:55.498+0000] {processor.py:183} INFO - Processing /home/airflow/.local/lib/python3.8/site-packages/airflow/example_dags/example_latest_only.py took 0.173 seconds
[2023-12-24T14:28:26.051+0000] {processor.py:161} INFO - Started process (PID=1175) to work on /home/airflow/.local/lib/python3.8/site-packages/airflow/example_dags/example_latest_only.py
[2023-12-24T14:28:26.053+0000] {processor.py:830} INFO - Processing file /home/airflow/.local/lib/python3.8/site-packages/airflow/example_dags/example_latest_only.py for tasks to queue
[2023-12-24T14:28:26.059+0000] {logging_mixin.py:188} INFO - [2023-12-24T14:28:26.058+0000] {dagbag.py:538} INFO - Filling up the DagBag from /home/airflow/.local/lib/python3.8/site-packages/airflow/example_dags/example_latest_only.py
[2023-12-24T14:28:26.072+0000] {processor.py:840} INFO - DAG(s) 'latest_only' retrieved from /home/airflow/.local/lib/python3.8/site-packages/airflow/example_dags/example_latest_only.py
[2023-12-24T14:28:26.108+0000] {logging_mixin.py:188} INFO - [2023-12-24T14:28:26.107+0000] {dag.py:3033} INFO - Sync 1 DAGs
[2023-12-24T14:28:26.145+0000] {logging_mixin.py:188} INFO - [2023-12-24T14:28:26.145+0000] {dag.py:3820} INFO - Setting next_dagrun for latest_only to 2023-12-24T08:00:00+00:00, run_after=2023-12-24T12:00:00+00:00
[2023-12-24T14:28:26.182+0000] {processor.py:183} INFO - Processing /home/airflow/.local/lib/python3.8/site-packages/airflow/example_dags/example_latest_only.py took 0.139 seconds
[2023-12-24T14:28:57.078+0000] {processor.py:161} INFO - Started process (PID=1233) to work on /home/airflow/.local/lib/python3.8/site-packages/airflow/example_dags/example_latest_only.py
[2023-12-24T14:28:57.080+0000] {processor.py:830} INFO - Processing file /home/airflow/.local/lib/python3.8/site-packages/airflow/example_dags/example_latest_only.py for tasks to queue
[2023-12-24T14:28:57.086+0000] {logging_mixin.py:188} INFO - [2023-12-24T14:28:57.085+0000] {dagbag.py:538} INFO - Filling up the DagBag from /home/airflow/.local/lib/python3.8/site-packages/airflow/example_dags/example_latest_only.py
[2023-12-24T14:28:57.105+0000] {processor.py:840} INFO - DAG(s) 'latest_only' retrieved from /home/airflow/.local/lib/python3.8/site-packages/airflow/example_dags/example_latest_only.py
[2023-12-24T14:28:57.169+0000] {logging_mixin.py:188} INFO - [2023-12-24T14:28:57.169+0000] {dag.py:3033} INFO - Sync 1 DAGs
[2023-12-24T14:28:57.226+0000] {logging_mixin.py:188} INFO - [2023-12-24T14:28:57.225+0000] {dag.py:3820} INFO - Setting next_dagrun for latest_only to 2023-12-24T08:00:00+00:00, run_after=2023-12-24T12:00:00+00:00
[2023-12-24T14:28:57.266+0000] {processor.py:183} INFO - Processing /home/airflow/.local/lib/python3.8/site-packages/airflow/example_dags/example_latest_only.py took 0.198 seconds
[2023-12-24T14:29:28.438+0000] {processor.py:161} INFO - Started process (PID=1296) to work on /home/airflow/.local/lib/python3.8/site-packages/airflow/example_dags/example_latest_only.py
[2023-12-24T14:29:28.441+0000] {processor.py:830} INFO - Processing file /home/airflow/.local/lib/python3.8/site-packages/airflow/example_dags/example_latest_only.py for tasks to queue
[2023-12-24T14:29:28.479+0000] {logging_mixin.py:188} INFO - [2023-12-24T14:29:28.478+0000] {dagbag.py:538} INFO - Filling up the DagBag from /home/airflow/.local/lib/python3.8/site-packages/airflow/example_dags/example_latest_only.py
[2023-12-24T14:29:28.496+0000] {processor.py:840} INFO - DAG(s) 'latest_only' retrieved from /home/airflow/.local/lib/python3.8/site-packages/airflow/example_dags/example_latest_only.py
[2023-12-24T14:29:28.532+0000] {logging_mixin.py:188} INFO - [2023-12-24T14:29:28.532+0000] {dag.py:3033} INFO - Sync 1 DAGs
[2023-12-24T14:29:28.581+0000] {logging_mixin.py:188} INFO - [2023-12-24T14:29:28.581+0000] {dag.py:3820} INFO - Setting next_dagrun for latest_only to 2023-12-24T08:00:00+00:00, run_after=2023-12-24T12:00:00+00:00
[2023-12-24T14:29:28.644+0000] {processor.py:183} INFO - Processing /home/airflow/.local/lib/python3.8/site-packages/airflow/example_dags/example_latest_only.py took 0.215 seconds
[2023-12-24T14:29:58.868+0000] {processor.py:161} INFO - Started process (PID=1354) to work on /home/airflow/.local/lib/python3.8/site-packages/airflow/example_dags/example_latest_only.py
[2023-12-24T14:29:58.870+0000] {processor.py:830} INFO - Processing file /home/airflow/.local/lib/python3.8/site-packages/airflow/example_dags/example_latest_only.py for tasks to queue
[2023-12-24T14:29:58.875+0000] {logging_mixin.py:188} INFO - [2023-12-24T14:29:58.874+0000] {dagbag.py:538} INFO - Filling up the DagBag from /home/airflow/.local/lib/python3.8/site-packages/airflow/example_dags/example_latest_only.py
[2023-12-24T14:29:58.887+0000] {processor.py:840} INFO - DAG(s) 'latest_only' retrieved from /home/airflow/.local/lib/python3.8/site-packages/airflow/example_dags/example_latest_only.py
[2023-12-24T14:29:58.928+0000] {logging_mixin.py:188} INFO - [2023-12-24T14:29:58.927+0000] {dag.py:3033} INFO - Sync 1 DAGs
[2023-12-24T14:29:58.970+0000] {logging_mixin.py:188} INFO - [2023-12-24T14:29:58.970+0000] {dag.py:3820} INFO - Setting next_dagrun for latest_only to 2023-12-24T08:00:00+00:00, run_after=2023-12-24T12:00:00+00:00
[2023-12-24T14:29:59.004+0000] {processor.py:183} INFO - Processing /home/airflow/.local/lib/python3.8/site-packages/airflow/example_dags/example_latest_only.py took 0.144 seconds
[2023-12-24T14:30:29.198+0000] {processor.py:161} INFO - Started process (PID=1412) to work on /home/airflow/.local/lib/python3.8/site-packages/airflow/example_dags/example_latest_only.py
[2023-12-24T14:30:29.200+0000] {processor.py:830} INFO - Processing file /home/airflow/.local/lib/python3.8/site-packages/airflow/example_dags/example_latest_only.py for tasks to queue
[2023-12-24T14:30:29.205+0000] {logging_mixin.py:188} INFO - [2023-12-24T14:30:29.204+0000] {dagbag.py:538} INFO - Filling up the DagBag from /home/airflow/.local/lib/python3.8/site-packages/airflow/example_dags/example_latest_only.py
[2023-12-24T14:30:29.217+0000] {processor.py:840} INFO - DAG(s) 'latest_only' retrieved from /home/airflow/.local/lib/python3.8/site-packages/airflow/example_dags/example_latest_only.py
[2023-12-24T14:30:29.252+0000] {logging_mixin.py:188} INFO - [2023-12-24T14:30:29.252+0000] {dag.py:3033} INFO - Sync 1 DAGs
[2023-12-24T14:30:29.293+0000] {logging_mixin.py:188} INFO - [2023-12-24T14:30:29.292+0000] {dag.py:3820} INFO - Setting next_dagrun for latest_only to 2023-12-24T08:00:00+00:00, run_after=2023-12-24T12:00:00+00:00
[2023-12-24T14:30:29.326+0000] {processor.py:183} INFO - Processing /home/airflow/.local/lib/python3.8/site-packages/airflow/example_dags/example_latest_only.py took 0.136 seconds
[2023-12-24T14:30:59.499+0000] {processor.py:161} INFO - Started process (PID=1470) to work on /home/airflow/.local/lib/python3.8/site-packages/airflow/example_dags/example_latest_only.py
[2023-12-24T14:30:59.503+0000] {processor.py:830} INFO - Processing file /home/airflow/.local/lib/python3.8/site-packages/airflow/example_dags/example_latest_only.py for tasks to queue
[2023-12-24T14:30:59.510+0000] {logging_mixin.py:188} INFO - [2023-12-24T14:30:59.510+0000] {dagbag.py:538} INFO - Filling up the DagBag from /home/airflow/.local/lib/python3.8/site-packages/airflow/example_dags/example_latest_only.py
[2023-12-24T14:30:59.524+0000] {processor.py:840} INFO - DAG(s) 'latest_only' retrieved from /home/airflow/.local/lib/python3.8/site-packages/airflow/example_dags/example_latest_only.py
[2023-12-24T14:30:59.569+0000] {logging_mixin.py:188} INFO - [2023-12-24T14:30:59.568+0000] {dag.py:3033} INFO - Sync 1 DAGs
[2023-12-24T14:30:59.629+0000] {logging_mixin.py:188} INFO - [2023-12-24T14:30:59.628+0000] {dag.py:3820} INFO - Setting next_dagrun for latest_only to 2023-12-24T08:00:00+00:00, run_after=2023-12-24T12:00:00+00:00
[2023-12-24T14:30:59.662+0000] {processor.py:183} INFO - Processing /home/airflow/.local/lib/python3.8/site-packages/airflow/example_dags/example_latest_only.py took 0.170 seconds
[2023-12-24T14:31:30.213+0000] {processor.py:161} INFO - Started process (PID=1528) to work on /home/airflow/.local/lib/python3.8/site-packages/airflow/example_dags/example_latest_only.py
[2023-12-24T14:31:30.215+0000] {processor.py:830} INFO - Processing file /home/airflow/.local/lib/python3.8/site-packages/airflow/example_dags/example_latest_only.py for tasks to queue
[2023-12-24T14:31:30.220+0000] {logging_mixin.py:188} INFO - [2023-12-24T14:31:30.219+0000] {dagbag.py:538} INFO - Filling up the DagBag from /home/airflow/.local/lib/python3.8/site-packages/airflow/example_dags/example_latest_only.py
[2023-12-24T14:31:30.231+0000] {processor.py:840} INFO - DAG(s) 'latest_only' retrieved from /home/airflow/.local/lib/python3.8/site-packages/airflow/example_dags/example_latest_only.py
[2023-12-24T14:31:30.264+0000] {logging_mixin.py:188} INFO - [2023-12-24T14:31:30.264+0000] {dag.py:3033} INFO - Sync 1 DAGs
[2023-12-24T14:31:30.308+0000] {logging_mixin.py:188} INFO - [2023-12-24T14:31:30.308+0000] {dag.py:3820} INFO - Setting next_dagrun for latest_only to 2023-12-24T08:00:00+00:00, run_after=2023-12-24T12:00:00+00:00
[2023-12-24T14:31:30.346+0000] {processor.py:183} INFO - Processing /home/airflow/.local/lib/python3.8/site-packages/airflow/example_dags/example_latest_only.py took 0.139 seconds
[2023-12-24T14:33:24.230+0000] {processor.py:161} INFO - Started process (PID=66) to work on /home/airflow/.local/lib/python3.8/site-packages/airflow/example_dags/example_latest_only.py
[2023-12-24T14:33:24.232+0000] {processor.py:830} INFO - Processing file /home/airflow/.local/lib/python3.8/site-packages/airflow/example_dags/example_latest_only.py for tasks to queue
[2023-12-24T14:33:24.238+0000] {logging_mixin.py:188} INFO - [2023-12-24T14:33:24.238+0000] {dagbag.py:538} INFO - Filling up the DagBag from /home/airflow/.local/lib/python3.8/site-packages/airflow/example_dags/example_latest_only.py
[2023-12-24T14:33:24.254+0000] {processor.py:840} INFO - DAG(s) 'latest_only' retrieved from /home/airflow/.local/lib/python3.8/site-packages/airflow/example_dags/example_latest_only.py
[2023-12-24T14:33:24.285+0000] {logging_mixin.py:188} INFO - [2023-12-24T14:33:24.285+0000] {dag.py:3033} INFO - Sync 1 DAGs
[2023-12-24T14:33:24.332+0000] {logging_mixin.py:188} INFO - [2023-12-24T14:33:24.331+0000] {dag.py:3820} INFO - Setting next_dagrun for latest_only to 2023-12-24T08:00:00+00:00, run_after=2023-12-24T12:00:00+00:00
[2023-12-24T14:33:24.371+0000] {processor.py:183} INFO - Processing /home/airflow/.local/lib/python3.8/site-packages/airflow/example_dags/example_latest_only.py took 0.150 seconds
[2023-12-24T14:33:56.408+0000] {processor.py:161} INFO - Started process (PID=124) to work on /home/airflow/.local/lib/python3.8/site-packages/airflow/example_dags/example_latest_only.py
[2023-12-24T14:33:56.411+0000] {processor.py:830} INFO - Processing file /home/airflow/.local/lib/python3.8/site-packages/airflow/example_dags/example_latest_only.py for tasks to queue
[2023-12-24T14:33:56.415+0000] {logging_mixin.py:188} INFO - [2023-12-24T14:33:56.415+0000] {dagbag.py:538} INFO - Filling up the DagBag from /home/airflow/.local/lib/python3.8/site-packages/airflow/example_dags/example_latest_only.py
[2023-12-24T14:33:56.428+0000] {processor.py:840} INFO - DAG(s) 'latest_only' retrieved from /home/airflow/.local/lib/python3.8/site-packages/airflow/example_dags/example_latest_only.py
[2023-12-24T14:33:56.623+0000] {logging_mixin.py:188} INFO - [2023-12-24T14:33:56.622+0000] {dag.py:3033} INFO - Sync 1 DAGs
[2023-12-24T14:33:56.661+0000] {logging_mixin.py:188} INFO - [2023-12-24T14:33:56.660+0000] {dag.py:3820} INFO - Setting next_dagrun for latest_only to 2023-12-24T08:00:00+00:00, run_after=2023-12-24T12:00:00+00:00
[2023-12-24T14:33:56.709+0000] {processor.py:183} INFO - Processing /home/airflow/.local/lib/python3.8/site-packages/airflow/example_dags/example_latest_only.py took 0.307 seconds
[2023-12-24T14:34:27.275+0000] {processor.py:161} INFO - Started process (PID=182) to work on /home/airflow/.local/lib/python3.8/site-packages/airflow/example_dags/example_latest_only.py
[2023-12-24T14:34:27.279+0000] {processor.py:830} INFO - Processing file /home/airflow/.local/lib/python3.8/site-packages/airflow/example_dags/example_latest_only.py for tasks to queue
[2023-12-24T14:34:27.285+0000] {logging_mixin.py:188} INFO - [2023-12-24T14:34:27.284+0000] {dagbag.py:538} INFO - Filling up the DagBag from /home/airflow/.local/lib/python3.8/site-packages/airflow/example_dags/example_latest_only.py
[2023-12-24T14:34:27.297+0000] {processor.py:840} INFO - DAG(s) 'latest_only' retrieved from /home/airflow/.local/lib/python3.8/site-packages/airflow/example_dags/example_latest_only.py
[2023-12-24T14:34:27.338+0000] {logging_mixin.py:188} INFO - [2023-12-24T14:34:27.338+0000] {dag.py:3033} INFO - Sync 1 DAGs
[2023-12-24T14:34:27.383+0000] {logging_mixin.py:188} INFO - [2023-12-24T14:34:27.383+0000] {dag.py:3820} INFO - Setting next_dagrun for latest_only to 2023-12-24T08:00:00+00:00, run_after=2023-12-24T12:00:00+00:00
[2023-12-24T14:34:27.420+0000] {processor.py:183} INFO - Processing /home/airflow/.local/lib/python3.8/site-packages/airflow/example_dags/example_latest_only.py took 0.151 seconds
[2023-12-24T14:34:57.900+0000] {processor.py:161} INFO - Started process (PID=240) to work on /home/airflow/.local/lib/python3.8/site-packages/airflow/example_dags/example_latest_only.py
[2023-12-24T14:34:57.909+0000] {processor.py:830} INFO - Processing file /home/airflow/.local/lib/python3.8/site-packages/airflow/example_dags/example_latest_only.py for tasks to queue
[2023-12-24T14:34:57.915+0000] {logging_mixin.py:188} INFO - [2023-12-24T14:34:57.914+0000] {dagbag.py:538} INFO - Filling up the DagBag from /home/airflow/.local/lib/python3.8/site-packages/airflow/example_dags/example_latest_only.py
[2023-12-24T14:34:57.930+0000] {processor.py:840} INFO - DAG(s) 'latest_only' retrieved from /home/airflow/.local/lib/python3.8/site-packages/airflow/example_dags/example_latest_only.py
[2023-12-24T14:34:58.043+0000] {logging_mixin.py:188} INFO - [2023-12-24T14:34:58.043+0000] {dag.py:3033} INFO - Sync 1 DAGs
[2023-12-24T14:34:58.166+0000] {logging_mixin.py:188} INFO - [2023-12-24T14:34:58.165+0000] {dag.py:3820} INFO - Setting next_dagrun for latest_only to 2023-12-24T08:00:00+00:00, run_after=2023-12-24T12:00:00+00:00
[2023-12-24T14:34:58.314+0000] {processor.py:183} INFO - Processing /home/airflow/.local/lib/python3.8/site-packages/airflow/example_dags/example_latest_only.py took 0.427 seconds
[2023-12-24T14:35:29.050+0000] {processor.py:161} INFO - Started process (PID=298) to work on /home/airflow/.local/lib/python3.8/site-packages/airflow/example_dags/example_latest_only.py
[2023-12-24T14:35:29.052+0000] {processor.py:830} INFO - Processing file /home/airflow/.local/lib/python3.8/site-packages/airflow/example_dags/example_latest_only.py for tasks to queue
[2023-12-24T14:35:29.057+0000] {logging_mixin.py:188} INFO - [2023-12-24T14:35:29.057+0000] {dagbag.py:538} INFO - Filling up the DagBag from /home/airflow/.local/lib/python3.8/site-packages/airflow/example_dags/example_latest_only.py
[2023-12-24T14:35:29.070+0000] {processor.py:840} INFO - DAG(s) 'latest_only' retrieved from /home/airflow/.local/lib/python3.8/site-packages/airflow/example_dags/example_latest_only.py
[2023-12-24T14:35:29.117+0000] {logging_mixin.py:188} INFO - [2023-12-24T14:35:29.117+0000] {dag.py:3033} INFO - Sync 1 DAGs
[2023-12-24T14:35:29.166+0000] {logging_mixin.py:188} INFO - [2023-12-24T14:35:29.166+0000] {dag.py:3820} INFO - Setting next_dagrun for latest_only to 2023-12-24T08:00:00+00:00, run_after=2023-12-24T12:00:00+00:00
[2023-12-24T14:35:29.203+0000] {processor.py:183} INFO - Processing /home/airflow/.local/lib/python3.8/site-packages/airflow/example_dags/example_latest_only.py took 0.161 seconds
[2023-12-24T14:36:00.218+0000] {processor.py:161} INFO - Started process (PID=357) to work on /home/airflow/.local/lib/python3.8/site-packages/airflow/example_dags/example_latest_only.py
[2023-12-24T14:36:00.220+0000] {processor.py:830} INFO - Processing file /home/airflow/.local/lib/python3.8/site-packages/airflow/example_dags/example_latest_only.py for tasks to queue
[2023-12-24T14:36:00.225+0000] {logging_mixin.py:188} INFO - [2023-12-24T14:36:00.225+0000] {dagbag.py:538} INFO - Filling up the DagBag from /home/airflow/.local/lib/python3.8/site-packages/airflow/example_dags/example_latest_only.py
[2023-12-24T14:36:00.234+0000] {processor.py:840} INFO - DAG(s) 'latest_only' retrieved from /home/airflow/.local/lib/python3.8/site-packages/airflow/example_dags/example_latest_only.py
[2023-12-24T14:36:00.269+0000] {logging_mixin.py:188} INFO - [2023-12-24T14:36:00.269+0000] {dag.py:3033} INFO - Sync 1 DAGs
[2023-12-24T14:36:00.324+0000] {logging_mixin.py:188} INFO - [2023-12-24T14:36:00.324+0000] {dag.py:3820} INFO - Setting next_dagrun for latest_only to 2023-12-24T08:00:00+00:00, run_after=2023-12-24T12:00:00+00:00
[2023-12-24T14:36:00.394+0000] {processor.py:183} INFO - Processing /home/airflow/.local/lib/python3.8/site-packages/airflow/example_dags/example_latest_only.py took 0.183 seconds
[2023-12-24T14:36:30.901+0000] {processor.py:161} INFO - Started process (PID=415) to work on /home/airflow/.local/lib/python3.8/site-packages/airflow/example_dags/example_latest_only.py
[2023-12-24T14:36:30.903+0000] {processor.py:830} INFO - Processing file /home/airflow/.local/lib/python3.8/site-packages/airflow/example_dags/example_latest_only.py for tasks to queue
[2023-12-24T14:36:30.908+0000] {logging_mixin.py:188} INFO - [2023-12-24T14:36:30.908+0000] {dagbag.py:538} INFO - Filling up the DagBag from /home/airflow/.local/lib/python3.8/site-packages/airflow/example_dags/example_latest_only.py
[2023-12-24T14:36:30.919+0000] {processor.py:840} INFO - DAG(s) 'latest_only' retrieved from /home/airflow/.local/lib/python3.8/site-packages/airflow/example_dags/example_latest_only.py
[2023-12-24T14:36:30.963+0000] {logging_mixin.py:188} INFO - [2023-12-24T14:36:30.963+0000] {dag.py:3033} INFO - Sync 1 DAGs
[2023-12-24T14:36:31.015+0000] {logging_mixin.py:188} INFO - [2023-12-24T14:36:31.014+0000] {dag.py:3820} INFO - Setting next_dagrun for latest_only to 2023-12-24T08:00:00+00:00, run_after=2023-12-24T12:00:00+00:00
[2023-12-24T14:36:31.053+0000] {processor.py:183} INFO - Processing /home/airflow/.local/lib/python3.8/site-packages/airflow/example_dags/example_latest_only.py took 0.161 seconds
[2023-12-24T14:37:01.613+0000] {processor.py:161} INFO - Started process (PID=474) to work on /home/airflow/.local/lib/python3.8/site-packages/airflow/example_dags/example_latest_only.py
[2023-12-24T14:37:01.615+0000] {processor.py:830} INFO - Processing file /home/airflow/.local/lib/python3.8/site-packages/airflow/example_dags/example_latest_only.py for tasks to queue
[2023-12-24T14:37:01.621+0000] {logging_mixin.py:188} INFO - [2023-12-24T14:37:01.620+0000] {dagbag.py:538} INFO - Filling up the DagBag from /home/airflow/.local/lib/python3.8/site-packages/airflow/example_dags/example_latest_only.py
[2023-12-24T14:37:01.637+0000] {processor.py:840} INFO - DAG(s) 'latest_only' retrieved from /home/airflow/.local/lib/python3.8/site-packages/airflow/example_dags/example_latest_only.py
[2023-12-24T14:37:01.687+0000] {logging_mixin.py:188} INFO - [2023-12-24T14:37:01.687+0000] {dag.py:3033} INFO - Sync 1 DAGs
[2023-12-24T14:37:01.752+0000] {logging_mixin.py:188} INFO - [2023-12-24T14:37:01.751+0000] {dag.py:3820} INFO - Setting next_dagrun for latest_only to 2023-12-24T08:00:00+00:00, run_after=2023-12-24T12:00:00+00:00
[2023-12-24T14:37:01.805+0000] {processor.py:183} INFO - Processing /home/airflow/.local/lib/python3.8/site-packages/airflow/example_dags/example_latest_only.py took 0.202 seconds
[2023-12-24T14:37:32.037+0000] {processor.py:161} INFO - Started process (PID=533) to work on /home/airflow/.local/lib/python3.8/site-packages/airflow/example_dags/example_latest_only.py
[2023-12-24T14:37:32.039+0000] {processor.py:830} INFO - Processing file /home/airflow/.local/lib/python3.8/site-packages/airflow/example_dags/example_latest_only.py for tasks to queue
[2023-12-24T14:37:32.043+0000] {logging_mixin.py:188} INFO - [2023-12-24T14:37:32.043+0000] {dagbag.py:538} INFO - Filling up the DagBag from /home/airflow/.local/lib/python3.8/site-packages/airflow/example_dags/example_latest_only.py
[2023-12-24T14:37:32.053+0000] {processor.py:840} INFO - DAG(s) 'latest_only' retrieved from /home/airflow/.local/lib/python3.8/site-packages/airflow/example_dags/example_latest_only.py
[2023-12-24T14:37:32.095+0000] {logging_mixin.py:188} INFO - [2023-12-24T14:37:32.095+0000] {dag.py:3033} INFO - Sync 1 DAGs
[2023-12-24T14:37:32.141+0000] {logging_mixin.py:188} INFO - [2023-12-24T14:37:32.141+0000] {dag.py:3820} INFO - Setting next_dagrun for latest_only to 2023-12-24T08:00:00+00:00, run_after=2023-12-24T12:00:00+00:00
[2023-12-24T14:37:32.174+0000] {processor.py:183} INFO - Processing /home/airflow/.local/lib/python3.8/site-packages/airflow/example_dags/example_latest_only.py took 0.144 seconds
[2023-12-24T14:38:02.704+0000] {processor.py:161} INFO - Started process (PID=591) to work on /home/airflow/.local/lib/python3.8/site-packages/airflow/example_dags/example_latest_only.py
[2023-12-24T14:38:02.707+0000] {processor.py:830} INFO - Processing file /home/airflow/.local/lib/python3.8/site-packages/airflow/example_dags/example_latest_only.py for tasks to queue
[2023-12-24T14:38:02.712+0000] {logging_mixin.py:188} INFO - [2023-12-24T14:38:02.712+0000] {dagbag.py:538} INFO - Filling up the DagBag from /home/airflow/.local/lib/python3.8/site-packages/airflow/example_dags/example_latest_only.py
[2023-12-24T14:38:02.726+0000] {processor.py:840} INFO - DAG(s) 'latest_only' retrieved from /home/airflow/.local/lib/python3.8/site-packages/airflow/example_dags/example_latest_only.py
[2023-12-24T14:38:02.786+0000] {logging_mixin.py:188} INFO - [2023-12-24T14:38:02.785+0000] {dag.py:3033} INFO - Sync 1 DAGs
[2023-12-24T14:38:02.849+0000] {logging_mixin.py:188} INFO - [2023-12-24T14:38:02.849+0000] {dag.py:3820} INFO - Setting next_dagrun for latest_only to 2023-12-24T08:00:00+00:00, run_after=2023-12-24T12:00:00+00:00
[2023-12-24T14:38:02.905+0000] {processor.py:183} INFO - Processing /home/airflow/.local/lib/python3.8/site-packages/airflow/example_dags/example_latest_only.py took 0.210 seconds
[2023-12-24T14:38:33.960+0000] {processor.py:161} INFO - Started process (PID=650) to work on /home/airflow/.local/lib/python3.8/site-packages/airflow/example_dags/example_latest_only.py
[2023-12-24T14:38:33.963+0000] {processor.py:830} INFO - Processing file /home/airflow/.local/lib/python3.8/site-packages/airflow/example_dags/example_latest_only.py for tasks to queue
[2023-12-24T14:38:33.968+0000] {logging_mixin.py:188} INFO - [2023-12-24T14:38:33.968+0000] {dagbag.py:538} INFO - Filling up the DagBag from /home/airflow/.local/lib/python3.8/site-packages/airflow/example_dags/example_latest_only.py
[2023-12-24T14:38:33.990+0000] {processor.py:840} INFO - DAG(s) 'latest_only' retrieved from /home/airflow/.local/lib/python3.8/site-packages/airflow/example_dags/example_latest_only.py
[2023-12-24T14:38:34.063+0000] {logging_mixin.py:188} INFO - [2023-12-24T14:38:34.063+0000] {dag.py:3033} INFO - Sync 1 DAGs
[2023-12-24T14:38:34.105+0000] {logging_mixin.py:188} INFO - [2023-12-24T14:38:34.104+0000] {dag.py:3820} INFO - Setting next_dagrun for latest_only to 2023-12-24T08:00:00+00:00, run_after=2023-12-24T12:00:00+00:00
[2023-12-24T14:38:34.166+0000] {processor.py:183} INFO - Processing /home/airflow/.local/lib/python3.8/site-packages/airflow/example_dags/example_latest_only.py took 0.215 seconds
[2023-12-24T14:39:04.548+0000] {processor.py:161} INFO - Started process (PID=709) to work on /home/airflow/.local/lib/python3.8/site-packages/airflow/example_dags/example_latest_only.py
[2023-12-24T14:39:04.550+0000] {processor.py:830} INFO - Processing file /home/airflow/.local/lib/python3.8/site-packages/airflow/example_dags/example_latest_only.py for tasks to queue
[2023-12-24T14:39:04.554+0000] {logging_mixin.py:188} INFO - [2023-12-24T14:39:04.554+0000] {dagbag.py:538} INFO - Filling up the DagBag from /home/airflow/.local/lib/python3.8/site-packages/airflow/example_dags/example_latest_only.py
[2023-12-24T14:39:04.564+0000] {processor.py:840} INFO - DAG(s) 'latest_only' retrieved from /home/airflow/.local/lib/python3.8/site-packages/airflow/example_dags/example_latest_only.py
[2023-12-24T14:39:04.596+0000] {logging_mixin.py:188} INFO - [2023-12-24T14:39:04.596+0000] {dag.py:3033} INFO - Sync 1 DAGs
[2023-12-24T14:39:04.643+0000] {logging_mixin.py:188} INFO - [2023-12-24T14:39:04.643+0000] {dag.py:3820} INFO - Setting next_dagrun for latest_only to 2023-12-24T08:00:00+00:00, run_after=2023-12-24T12:00:00+00:00
[2023-12-24T14:39:04.682+0000] {processor.py:183} INFO - Processing /home/airflow/.local/lib/python3.8/site-packages/airflow/example_dags/example_latest_only.py took 0.141 seconds
[2023-12-24T14:39:34.793+0000] {processor.py:161} INFO - Started process (PID=768) to work on /home/airflow/.local/lib/python3.8/site-packages/airflow/example_dags/example_latest_only.py
[2023-12-24T14:39:34.795+0000] {processor.py:830} INFO - Processing file /home/airflow/.local/lib/python3.8/site-packages/airflow/example_dags/example_latest_only.py for tasks to queue
[2023-12-24T14:39:34.813+0000] {logging_mixin.py:188} INFO - [2023-12-24T14:39:34.812+0000] {dagbag.py:538} INFO - Filling up the DagBag from /home/airflow/.local/lib/python3.8/site-packages/airflow/example_dags/example_latest_only.py
[2023-12-24T14:39:34.825+0000] {processor.py:840} INFO - DAG(s) 'latest_only' retrieved from /home/airflow/.local/lib/python3.8/site-packages/airflow/example_dags/example_latest_only.py
[2023-12-24T14:39:34.876+0000] {logging_mixin.py:188} INFO - [2023-12-24T14:39:34.875+0000] {dag.py:3033} INFO - Sync 1 DAGs
[2023-12-24T14:39:34.942+0000] {logging_mixin.py:188} INFO - [2023-12-24T14:39:34.942+0000] {dag.py:3820} INFO - Setting next_dagrun for latest_only to 2023-12-24T08:00:00+00:00, run_after=2023-12-24T12:00:00+00:00
[2023-12-24T14:39:34.994+0000] {processor.py:183} INFO - Processing /home/airflow/.local/lib/python3.8/site-packages/airflow/example_dags/example_latest_only.py took 0.210 seconds
[2023-12-24T14:40:05.202+0000] {processor.py:161} INFO - Started process (PID=827) to work on /home/airflow/.local/lib/python3.8/site-packages/airflow/example_dags/example_latest_only.py
[2023-12-24T14:40:05.205+0000] {processor.py:830} INFO - Processing file /home/airflow/.local/lib/python3.8/site-packages/airflow/example_dags/example_latest_only.py for tasks to queue
[2023-12-24T14:40:05.212+0000] {logging_mixin.py:188} INFO - [2023-12-24T14:40:05.211+0000] {dagbag.py:538} INFO - Filling up the DagBag from /home/airflow/.local/lib/python3.8/site-packages/airflow/example_dags/example_latest_only.py
[2023-12-24T14:40:05.234+0000] {processor.py:840} INFO - DAG(s) 'latest_only' retrieved from /home/airflow/.local/lib/python3.8/site-packages/airflow/example_dags/example_latest_only.py
[2023-12-24T14:40:05.302+0000] {logging_mixin.py:188} INFO - [2023-12-24T14:40:05.301+0000] {dag.py:3033} INFO - Sync 1 DAGs
[2023-12-24T14:40:05.368+0000] {logging_mixin.py:188} INFO - [2023-12-24T14:40:05.367+0000] {dag.py:3820} INFO - Setting next_dagrun for latest_only to 2023-12-24T08:00:00+00:00, run_after=2023-12-24T12:00:00+00:00
[2023-12-24T14:40:05.417+0000] {processor.py:183} INFO - Processing /home/airflow/.local/lib/python3.8/site-packages/airflow/example_dags/example_latest_only.py took 0.225 seconds
[2023-12-24T14:40:35.741+0000] {processor.py:161} INFO - Started process (PID=887) to work on /home/airflow/.local/lib/python3.8/site-packages/airflow/example_dags/example_latest_only.py
[2023-12-24T14:40:35.743+0000] {processor.py:830} INFO - Processing file /home/airflow/.local/lib/python3.8/site-packages/airflow/example_dags/example_latest_only.py for tasks to queue
[2023-12-24T14:40:35.749+0000] {logging_mixin.py:188} INFO - [2023-12-24T14:40:35.748+0000] {dagbag.py:538} INFO - Filling up the DagBag from /home/airflow/.local/lib/python3.8/site-packages/airflow/example_dags/example_latest_only.py
[2023-12-24T14:40:35.763+0000] {processor.py:840} INFO - DAG(s) 'latest_only' retrieved from /home/airflow/.local/lib/python3.8/site-packages/airflow/example_dags/example_latest_only.py
[2023-12-24T14:40:35.827+0000] {logging_mixin.py:188} INFO - [2023-12-24T14:40:35.827+0000] {dag.py:3033} INFO - Sync 1 DAGs
[2023-12-24T14:40:35.884+0000] {logging_mixin.py:188} INFO - [2023-12-24T14:40:35.883+0000] {dag.py:3820} INFO - Setting next_dagrun for latest_only to 2023-12-24T08:00:00+00:00, run_after=2023-12-24T12:00:00+00:00
[2023-12-24T14:40:35.929+0000] {processor.py:183} INFO - Processing /home/airflow/.local/lib/python3.8/site-packages/airflow/example_dags/example_latest_only.py took 0.196 seconds
[2023-12-24T14:41:06.127+0000] {processor.py:161} INFO - Started process (PID=946) to work on /home/airflow/.local/lib/python3.8/site-packages/airflow/example_dags/example_latest_only.py
[2023-12-24T14:41:06.129+0000] {processor.py:830} INFO - Processing file /home/airflow/.local/lib/python3.8/site-packages/airflow/example_dags/example_latest_only.py for tasks to queue
[2023-12-24T14:41:06.135+0000] {logging_mixin.py:188} INFO - [2023-12-24T14:41:06.134+0000] {dagbag.py:538} INFO - Filling up the DagBag from /home/airflow/.local/lib/python3.8/site-packages/airflow/example_dags/example_latest_only.py
[2023-12-24T14:41:06.149+0000] {processor.py:840} INFO - DAG(s) 'latest_only' retrieved from /home/airflow/.local/lib/python3.8/site-packages/airflow/example_dags/example_latest_only.py
[2023-12-24T14:41:06.197+0000] {logging_mixin.py:188} INFO - [2023-12-24T14:41:06.196+0000] {dag.py:3033} INFO - Sync 1 DAGs
[2023-12-24T14:41:06.250+0000] {logging_mixin.py:188} INFO - [2023-12-24T14:41:06.249+0000] {dag.py:3820} INFO - Setting next_dagrun for latest_only to 2023-12-24T08:00:00+00:00, run_after=2023-12-24T12:00:00+00:00
[2023-12-24T14:41:06.299+0000] {processor.py:183} INFO - Processing /home/airflow/.local/lib/python3.8/site-packages/airflow/example_dags/example_latest_only.py took 0.180 seconds
[2023-12-24T14:41:36.728+0000] {processor.py:161} INFO - Started process (PID=1005) to work on /home/airflow/.local/lib/python3.8/site-packages/airflow/example_dags/example_latest_only.py
[2023-12-24T14:41:36.730+0000] {processor.py:830} INFO - Processing file /home/airflow/.local/lib/python3.8/site-packages/airflow/example_dags/example_latest_only.py for tasks to queue
[2023-12-24T14:41:36.736+0000] {logging_mixin.py:188} INFO - [2023-12-24T14:41:36.735+0000] {dagbag.py:538} INFO - Filling up the DagBag from /home/airflow/.local/lib/python3.8/site-packages/airflow/example_dags/example_latest_only.py
[2023-12-24T14:41:36.749+0000] {processor.py:840} INFO - DAG(s) 'latest_only' retrieved from /home/airflow/.local/lib/python3.8/site-packages/airflow/example_dags/example_latest_only.py
[2023-12-24T14:41:36.792+0000] {logging_mixin.py:188} INFO - [2023-12-24T14:41:36.791+0000] {dag.py:3033} INFO - Sync 1 DAGs
[2023-12-24T14:41:36.831+0000] {logging_mixin.py:188} INFO - [2023-12-24T14:41:36.831+0000] {dag.py:3820} INFO - Setting next_dagrun for latest_only to 2023-12-24T08:00:00+00:00, run_after=2023-12-24T12:00:00+00:00
[2023-12-24T14:41:36.864+0000] {processor.py:183} INFO - Processing /home/airflow/.local/lib/python3.8/site-packages/airflow/example_dags/example_latest_only.py took 0.144 seconds
[2023-12-24T14:42:07.493+0000] {processor.py:161} INFO - Started process (PID=1064) to work on /home/airflow/.local/lib/python3.8/site-packages/airflow/example_dags/example_latest_only.py
[2023-12-24T14:42:07.495+0000] {processor.py:830} INFO - Processing file /home/airflow/.local/lib/python3.8/site-packages/airflow/example_dags/example_latest_only.py for tasks to queue
[2023-12-24T14:42:07.500+0000] {logging_mixin.py:188} INFO - [2023-12-24T14:42:07.500+0000] {dagbag.py:538} INFO - Filling up the DagBag from /home/airflow/.local/lib/python3.8/site-packages/airflow/example_dags/example_latest_only.py
[2023-12-24T14:42:07.512+0000] {processor.py:840} INFO - DAG(s) 'latest_only' retrieved from /home/airflow/.local/lib/python3.8/site-packages/airflow/example_dags/example_latest_only.py
[2023-12-24T14:42:07.563+0000] {logging_mixin.py:188} INFO - [2023-12-24T14:42:07.563+0000] {dag.py:3033} INFO - Sync 1 DAGs
[2023-12-24T14:42:07.621+0000] {logging_mixin.py:188} INFO - [2023-12-24T14:42:07.621+0000] {dag.py:3820} INFO - Setting next_dagrun for latest_only to 2023-12-24T08:00:00+00:00, run_after=2023-12-24T12:00:00+00:00
[2023-12-24T14:42:07.662+0000] {processor.py:183} INFO - Processing /home/airflow/.local/lib/python3.8/site-packages/airflow/example_dags/example_latest_only.py took 0.177 seconds
[2023-12-24T14:42:37.948+0000] {processor.py:161} INFO - Started process (PID=1123) to work on /home/airflow/.local/lib/python3.8/site-packages/airflow/example_dags/example_latest_only.py
[2023-12-24T14:42:37.950+0000] {processor.py:830} INFO - Processing file /home/airflow/.local/lib/python3.8/site-packages/airflow/example_dags/example_latest_only.py for tasks to queue
[2023-12-24T14:42:37.957+0000] {logging_mixin.py:188} INFO - [2023-12-24T14:42:37.956+0000] {dagbag.py:538} INFO - Filling up the DagBag from /home/airflow/.local/lib/python3.8/site-packages/airflow/example_dags/example_latest_only.py
[2023-12-24T14:42:37.974+0000] {processor.py:840} INFO - DAG(s) 'latest_only' retrieved from /home/airflow/.local/lib/python3.8/site-packages/airflow/example_dags/example_latest_only.py
[2023-12-24T14:42:38.035+0000] {logging_mixin.py:188} INFO - [2023-12-24T14:42:38.035+0000] {dag.py:3033} INFO - Sync 1 DAGs
[2023-12-24T14:42:38.116+0000] {logging_mixin.py:188} INFO - [2023-12-24T14:42:38.115+0000] {dag.py:3820} INFO - Setting next_dagrun for latest_only to 2023-12-24T08:00:00+00:00, run_after=2023-12-24T12:00:00+00:00
[2023-12-24T14:42:38.164+0000] {processor.py:183} INFO - Processing /home/airflow/.local/lib/python3.8/site-packages/airflow/example_dags/example_latest_only.py took 0.227 seconds
[2023-12-24T14:43:08.507+0000] {processor.py:161} INFO - Started process (PID=1182) to work on /home/airflow/.local/lib/python3.8/site-packages/airflow/example_dags/example_latest_only.py
[2023-12-24T14:43:08.509+0000] {processor.py:830} INFO - Processing file /home/airflow/.local/lib/python3.8/site-packages/airflow/example_dags/example_latest_only.py for tasks to queue
[2023-12-24T14:43:08.513+0000] {logging_mixin.py:188} INFO - [2023-12-24T14:43:08.513+0000] {dagbag.py:538} INFO - Filling up the DagBag from /home/airflow/.local/lib/python3.8/site-packages/airflow/example_dags/example_latest_only.py
[2023-12-24T14:43:08.524+0000] {processor.py:840} INFO - DAG(s) 'latest_only' retrieved from /home/airflow/.local/lib/python3.8/site-packages/airflow/example_dags/example_latest_only.py
[2023-12-24T14:43:08.557+0000] {logging_mixin.py:188} INFO - [2023-12-24T14:43:08.557+0000] {dag.py:3033} INFO - Sync 1 DAGs
[2023-12-24T14:43:08.596+0000] {logging_mixin.py:188} INFO - [2023-12-24T14:43:08.596+0000] {dag.py:3820} INFO - Setting next_dagrun for latest_only to 2023-12-24T08:00:00+00:00, run_after=2023-12-24T12:00:00+00:00
[2023-12-24T14:43:08.630+0000] {processor.py:183} INFO - Processing /home/airflow/.local/lib/python3.8/site-packages/airflow/example_dags/example_latest_only.py took 0.131 seconds
[2023-12-24T14:43:39.860+0000] {processor.py:161} INFO - Started process (PID=1241) to work on /home/airflow/.local/lib/python3.8/site-packages/airflow/example_dags/example_latest_only.py
[2023-12-24T14:43:39.863+0000] {processor.py:830} INFO - Processing file /home/airflow/.local/lib/python3.8/site-packages/airflow/example_dags/example_latest_only.py for tasks to queue
[2023-12-24T14:43:39.869+0000] {logging_mixin.py:188} INFO - [2023-12-24T14:43:39.868+0000] {dagbag.py:538} INFO - Filling up the DagBag from /home/airflow/.local/lib/python3.8/site-packages/airflow/example_dags/example_latest_only.py
[2023-12-24T14:43:39.885+0000] {processor.py:840} INFO - DAG(s) 'latest_only' retrieved from /home/airflow/.local/lib/python3.8/site-packages/airflow/example_dags/example_latest_only.py
[2023-12-24T14:43:39.992+0000] {logging_mixin.py:188} INFO - [2023-12-24T14:43:39.991+0000] {dag.py:3033} INFO - Sync 1 DAGs
[2023-12-24T14:43:40.115+0000] {logging_mixin.py:188} INFO - [2023-12-24T14:43:40.115+0000] {dag.py:3820} INFO - Setting next_dagrun for latest_only to 2023-12-24T08:00:00+00:00, run_after=2023-12-24T12:00:00+00:00
[2023-12-24T14:43:40.258+0000] {processor.py:183} INFO - Processing /home/airflow/.local/lib/python3.8/site-packages/airflow/example_dags/example_latest_only.py took 0.410 seconds
[2023-12-24T14:44:11.237+0000] {processor.py:161} INFO - Started process (PID=1300) to work on /home/airflow/.local/lib/python3.8/site-packages/airflow/example_dags/example_latest_only.py
[2023-12-24T14:44:11.238+0000] {processor.py:830} INFO - Processing file /home/airflow/.local/lib/python3.8/site-packages/airflow/example_dags/example_latest_only.py for tasks to queue
[2023-12-24T14:44:11.244+0000] {logging_mixin.py:188} INFO - [2023-12-24T14:44:11.244+0000] {dagbag.py:538} INFO - Filling up the DagBag from /home/airflow/.local/lib/python3.8/site-packages/airflow/example_dags/example_latest_only.py
[2023-12-24T14:44:11.256+0000] {processor.py:840} INFO - DAG(s) 'latest_only' retrieved from /home/airflow/.local/lib/python3.8/site-packages/airflow/example_dags/example_latest_only.py
[2023-12-24T14:44:11.291+0000] {logging_mixin.py:188} INFO - [2023-12-24T14:44:11.291+0000] {dag.py:3033} INFO - Sync 1 DAGs
[2023-12-24T14:44:11.332+0000] {logging_mixin.py:188} INFO - [2023-12-24T14:44:11.332+0000] {dag.py:3820} INFO - Setting next_dagrun for latest_only to 2023-12-24T08:00:00+00:00, run_after=2023-12-24T12:00:00+00:00
[2023-12-24T14:44:11.370+0000] {processor.py:183} INFO - Processing /home/airflow/.local/lib/python3.8/site-packages/airflow/example_dags/example_latest_only.py took 0.141 seconds
[2023-12-24T14:44:41.770+0000] {processor.py:161} INFO - Started process (PID=1358) to work on /home/airflow/.local/lib/python3.8/site-packages/airflow/example_dags/example_latest_only.py
[2023-12-24T14:44:41.772+0000] {processor.py:830} INFO - Processing file /home/airflow/.local/lib/python3.8/site-packages/airflow/example_dags/example_latest_only.py for tasks to queue
[2023-12-24T14:44:41.777+0000] {logging_mixin.py:188} INFO - [2023-12-24T14:44:41.777+0000] {dagbag.py:538} INFO - Filling up the DagBag from /home/airflow/.local/lib/python3.8/site-packages/airflow/example_dags/example_latest_only.py
[2023-12-24T14:44:41.788+0000] {processor.py:840} INFO - DAG(s) 'latest_only' retrieved from /home/airflow/.local/lib/python3.8/site-packages/airflow/example_dags/example_latest_only.py
[2023-12-24T14:44:41.826+0000] {logging_mixin.py:188} INFO - [2023-12-24T14:44:41.826+0000] {dag.py:3033} INFO - Sync 1 DAGs
[2023-12-24T14:44:41.867+0000] {logging_mixin.py:188} INFO - [2023-12-24T14:44:41.866+0000] {dag.py:3820} INFO - Setting next_dagrun for latest_only to 2023-12-24T08:00:00+00:00, run_after=2023-12-24T12:00:00+00:00
[2023-12-24T14:44:41.907+0000] {processor.py:183} INFO - Processing /home/airflow/.local/lib/python3.8/site-packages/airflow/example_dags/example_latest_only.py took 0.144 seconds
[2023-12-24T14:45:12.237+0000] {processor.py:161} INFO - Started process (PID=1417) to work on /home/airflow/.local/lib/python3.8/site-packages/airflow/example_dags/example_latest_only.py
[2023-12-24T14:45:12.239+0000] {processor.py:830} INFO - Processing file /home/airflow/.local/lib/python3.8/site-packages/airflow/example_dags/example_latest_only.py for tasks to queue
[2023-12-24T14:45:12.245+0000] {logging_mixin.py:188} INFO - [2023-12-24T14:45:12.244+0000] {dagbag.py:538} INFO - Filling up the DagBag from /home/airflow/.local/lib/python3.8/site-packages/airflow/example_dags/example_latest_only.py
[2023-12-24T14:45:12.257+0000] {processor.py:840} INFO - DAG(s) 'latest_only' retrieved from /home/airflow/.local/lib/python3.8/site-packages/airflow/example_dags/example_latest_only.py
[2023-12-24T14:45:12.299+0000] {logging_mixin.py:188} INFO - [2023-12-24T14:45:12.299+0000] {dag.py:3033} INFO - Sync 1 DAGs
[2023-12-24T14:45:12.351+0000] {logging_mixin.py:188} INFO - [2023-12-24T14:45:12.351+0000] {dag.py:3820} INFO - Setting next_dagrun for latest_only to 2023-12-24T08:00:00+00:00, run_after=2023-12-24T12:00:00+00:00
[2023-12-24T14:45:12.392+0000] {processor.py:183} INFO - Processing /home/airflow/.local/lib/python3.8/site-packages/airflow/example_dags/example_latest_only.py took 0.160 seconds
