[2023-12-24T14:03:48.436+0000] {processor.py:161} INFO - Started process (PID=117) to work on /home/airflow/.local/lib/python3.8/site-packages/airflow/example_dags/example_python_decorator.py
[2023-12-24T14:03:48.437+0000] {processor.py:830} INFO - Processing file /home/airflow/.local/lib/python3.8/site-packages/airflow/example_dags/example_python_decorator.py for tasks to queue
[2023-12-24T14:03:48.440+0000] {logging_mixin.py:188} INFO - [2023-12-24T14:03:48.440+0000] {dagbag.py:538} INFO - Filling up the DagBag from /home/airflow/.local/lib/python3.8/site-packages/airflow/example_dags/example_python_decorator.py
[2023-12-24T14:03:48.455+0000] {processor.py:840} INFO - DAG(s) 'example_python_decorator' retrieved from /home/airflow/.local/lib/python3.8/site-packages/airflow/example_dags/example_python_decorator.py
[2023-12-24T14:03:48.568+0000] {logging_mixin.py:188} INFO - [2023-12-24T14:03:48.567+0000] {dag.py:3033} INFO - Sync 1 DAGs
[2023-12-24T14:03:48.581+0000] {logging_mixin.py:188} INFO - [2023-12-24T14:03:48.581+0000] {dag.py:3820} INFO - Setting next_dagrun for example_python_decorator to None, run_after=None
[2023-12-24T14:03:48.604+0000] {processor.py:183} INFO - Processing /home/airflow/.local/lib/python3.8/site-packages/airflow/example_dags/example_python_decorator.py took 0.173 seconds
[2023-12-24T14:05:54.596+0000] {processor.py:161} INFO - Started process (PID=74) to work on /home/airflow/.local/lib/python3.8/site-packages/airflow/example_dags/example_python_decorator.py
[2023-12-24T14:05:54.597+0000] {processor.py:830} INFO - Processing file /home/airflow/.local/lib/python3.8/site-packages/airflow/example_dags/example_python_decorator.py for tasks to queue
[2023-12-24T14:05:54.604+0000] {logging_mixin.py:188} INFO - [2023-12-24T14:05:54.603+0000] {dagbag.py:538} INFO - Filling up the DagBag from /home/airflow/.local/lib/python3.8/site-packages/airflow/example_dags/example_python_decorator.py
[2023-12-24T14:05:54.634+0000] {processor.py:840} INFO - DAG(s) 'example_python_decorator' retrieved from /home/airflow/.local/lib/python3.8/site-packages/airflow/example_dags/example_python_decorator.py
[2023-12-24T14:05:54.931+0000] {logging_mixin.py:188} INFO - [2023-12-24T14:05:54.931+0000] {dag.py:3033} INFO - Sync 1 DAGs
[2023-12-24T14:05:54.972+0000] {logging_mixin.py:188} INFO - [2023-12-24T14:05:54.972+0000] {dag.py:3820} INFO - Setting next_dagrun for example_python_decorator to None, run_after=None
[2023-12-24T14:05:55.036+0000] {processor.py:183} INFO - Processing /home/airflow/.local/lib/python3.8/site-packages/airflow/example_dags/example_python_decorator.py took 0.449 seconds
[2023-12-24T14:06:37.686+0000] {processor.py:161} INFO - Started process (PID=67) to work on /home/airflow/.local/lib/python3.8/site-packages/airflow/example_dags/example_python_decorator.py
[2023-12-24T14:06:37.688+0000] {processor.py:830} INFO - Processing file /home/airflow/.local/lib/python3.8/site-packages/airflow/example_dags/example_python_decorator.py for tasks to queue
[2023-12-24T14:06:37.694+0000] {logging_mixin.py:188} INFO - [2023-12-24T14:06:37.693+0000] {dagbag.py:538} INFO - Filling up the DagBag from /home/airflow/.local/lib/python3.8/site-packages/airflow/example_dags/example_python_decorator.py
[2023-12-24T14:06:37.718+0000] {processor.py:840} INFO - DAG(s) 'example_python_decorator' retrieved from /home/airflow/.local/lib/python3.8/site-packages/airflow/example_dags/example_python_decorator.py
[2023-12-24T14:06:37.782+0000] {logging_mixin.py:188} INFO - [2023-12-24T14:06:37.782+0000] {dag.py:3033} INFO - Sync 1 DAGs
[2023-12-24T14:06:37.819+0000] {logging_mixin.py:188} INFO - [2023-12-24T14:06:37.819+0000] {dag.py:3820} INFO - Setting next_dagrun for example_python_decorator to None, run_after=None
[2023-12-24T14:06:37.861+0000] {processor.py:183} INFO - Processing /home/airflow/.local/lib/python3.8/site-packages/airflow/example_dags/example_python_decorator.py took 0.182 seconds
[2023-12-24T14:07:09.082+0000] {processor.py:161} INFO - Started process (PID=126) to work on /home/airflow/.local/lib/python3.8/site-packages/airflow/example_dags/example_python_decorator.py
[2023-12-24T14:07:09.085+0000] {processor.py:830} INFO - Processing file /home/airflow/.local/lib/python3.8/site-packages/airflow/example_dags/example_python_decorator.py for tasks to queue
[2023-12-24T14:07:09.099+0000] {logging_mixin.py:188} INFO - [2023-12-24T14:07:09.098+0000] {dagbag.py:538} INFO - Filling up the DagBag from /home/airflow/.local/lib/python3.8/site-packages/airflow/example_dags/example_python_decorator.py
[2023-12-24T14:07:09.126+0000] {processor.py:840} INFO - DAG(s) 'example_python_decorator' retrieved from /home/airflow/.local/lib/python3.8/site-packages/airflow/example_dags/example_python_decorator.py
[2023-12-24T14:07:09.182+0000] {logging_mixin.py:188} INFO - [2023-12-24T14:07:09.182+0000] {dag.py:3033} INFO - Sync 1 DAGs
[2023-12-24T14:07:09.218+0000] {logging_mixin.py:188} INFO - [2023-12-24T14:07:09.217+0000] {dag.py:3820} INFO - Setting next_dagrun for example_python_decorator to None, run_after=None
[2023-12-24T14:07:09.264+0000] {processor.py:183} INFO - Processing /home/airflow/.local/lib/python3.8/site-packages/airflow/example_dags/example_python_decorator.py took 0.190 seconds
[2023-12-24T14:07:40.418+0000] {processor.py:161} INFO - Started process (PID=185) to work on /home/airflow/.local/lib/python3.8/site-packages/airflow/example_dags/example_python_decorator.py
[2023-12-24T14:07:40.420+0000] {processor.py:830} INFO - Processing file /home/airflow/.local/lib/python3.8/site-packages/airflow/example_dags/example_python_decorator.py for tasks to queue
[2023-12-24T14:07:40.425+0000] {logging_mixin.py:188} INFO - [2023-12-24T14:07:40.425+0000] {dagbag.py:538} INFO - Filling up the DagBag from /home/airflow/.local/lib/python3.8/site-packages/airflow/example_dags/example_python_decorator.py
[2023-12-24T14:07:40.449+0000] {processor.py:840} INFO - DAG(s) 'example_python_decorator' retrieved from /home/airflow/.local/lib/python3.8/site-packages/airflow/example_dags/example_python_decorator.py
[2023-12-24T14:07:40.495+0000] {logging_mixin.py:188} INFO - [2023-12-24T14:07:40.494+0000] {dag.py:3033} INFO - Sync 1 DAGs
[2023-12-24T14:07:40.517+0000] {logging_mixin.py:188} INFO - [2023-12-24T14:07:40.517+0000] {dag.py:3820} INFO - Setting next_dagrun for example_python_decorator to None, run_after=None
[2023-12-24T14:07:40.551+0000] {processor.py:183} INFO - Processing /home/airflow/.local/lib/python3.8/site-packages/airflow/example_dags/example_python_decorator.py took 0.141 seconds
[2023-12-24T14:08:13.852+0000] {processor.py:161} INFO - Started process (PID=244) to work on /home/airflow/.local/lib/python3.8/site-packages/airflow/example_dags/example_python_decorator.py
[2023-12-24T14:08:13.855+0000] {processor.py:830} INFO - Processing file /home/airflow/.local/lib/python3.8/site-packages/airflow/example_dags/example_python_decorator.py for tasks to queue
[2023-12-24T14:08:13.865+0000] {logging_mixin.py:188} INFO - [2023-12-24T14:08:13.865+0000] {dagbag.py:538} INFO - Filling up the DagBag from /home/airflow/.local/lib/python3.8/site-packages/airflow/example_dags/example_python_decorator.py
[2023-12-24T14:08:13.909+0000] {processor.py:840} INFO - DAG(s) 'example_python_decorator' retrieved from /home/airflow/.local/lib/python3.8/site-packages/airflow/example_dags/example_python_decorator.py
[2023-12-24T14:08:13.957+0000] {logging_mixin.py:188} INFO - [2023-12-24T14:08:13.956+0000] {dag.py:3033} INFO - Sync 1 DAGs
[2023-12-24T14:08:13.988+0000] {logging_mixin.py:188} INFO - [2023-12-24T14:08:13.988+0000] {dag.py:3820} INFO - Setting next_dagrun for example_python_decorator to None, run_after=None
[2023-12-24T14:08:14.022+0000] {processor.py:183} INFO - Processing /home/airflow/.local/lib/python3.8/site-packages/airflow/example_dags/example_python_decorator.py took 0.205 seconds
[2023-12-24T14:08:44.574+0000] {processor.py:161} INFO - Started process (PID=303) to work on /home/airflow/.local/lib/python3.8/site-packages/airflow/example_dags/example_python_decorator.py
[2023-12-24T14:08:44.584+0000] {processor.py:830} INFO - Processing file /home/airflow/.local/lib/python3.8/site-packages/airflow/example_dags/example_python_decorator.py for tasks to queue
[2023-12-24T14:08:44.613+0000] {logging_mixin.py:188} INFO - [2023-12-24T14:08:44.612+0000] {dagbag.py:538} INFO - Filling up the DagBag from /home/airflow/.local/lib/python3.8/site-packages/airflow/example_dags/example_python_decorator.py
[2023-12-24T14:08:44.698+0000] {processor.py:840} INFO - DAG(s) 'example_python_decorator' retrieved from /home/airflow/.local/lib/python3.8/site-packages/airflow/example_dags/example_python_decorator.py
[2023-12-24T14:08:44.853+0000] {logging_mixin.py:188} INFO - [2023-12-24T14:08:44.852+0000] {dag.py:3033} INFO - Sync 1 DAGs
[2023-12-24T14:08:44.997+0000] {logging_mixin.py:188} INFO - [2023-12-24T14:08:44.996+0000] {dag.py:3820} INFO - Setting next_dagrun for example_python_decorator to None, run_after=None
[2023-12-24T14:08:45.133+0000] {processor.py:183} INFO - Processing /home/airflow/.local/lib/python3.8/site-packages/airflow/example_dags/example_python_decorator.py took 0.588 seconds
[2023-12-24T14:09:15.773+0000] {processor.py:161} INFO - Started process (PID=369) to work on /home/airflow/.local/lib/python3.8/site-packages/airflow/example_dags/example_python_decorator.py
[2023-12-24T14:09:15.777+0000] {processor.py:830} INFO - Processing file /home/airflow/.local/lib/python3.8/site-packages/airflow/example_dags/example_python_decorator.py for tasks to queue
[2023-12-24T14:09:15.788+0000] {logging_mixin.py:188} INFO - [2023-12-24T14:09:15.783+0000] {dagbag.py:538} INFO - Filling up the DagBag from /home/airflow/.local/lib/python3.8/site-packages/airflow/example_dags/example_python_decorator.py
[2023-12-24T14:09:15.838+0000] {processor.py:840} INFO - DAG(s) 'example_python_decorator' retrieved from /home/airflow/.local/lib/python3.8/site-packages/airflow/example_dags/example_python_decorator.py
[2023-12-24T14:09:15.890+0000] {logging_mixin.py:188} INFO - [2023-12-24T14:09:15.889+0000] {dag.py:3033} INFO - Sync 1 DAGs
[2023-12-24T14:09:15.925+0000] {logging_mixin.py:188} INFO - [2023-12-24T14:09:15.925+0000] {dag.py:3820} INFO - Setting next_dagrun for example_python_decorator to None, run_after=None
[2023-12-24T14:09:15.974+0000] {processor.py:183} INFO - Processing /home/airflow/.local/lib/python3.8/site-packages/airflow/example_dags/example_python_decorator.py took 0.212 seconds
[2023-12-24T14:09:46.389+0000] {processor.py:161} INFO - Started process (PID=428) to work on /home/airflow/.local/lib/python3.8/site-packages/airflow/example_dags/example_python_decorator.py
[2023-12-24T14:09:46.391+0000] {processor.py:830} INFO - Processing file /home/airflow/.local/lib/python3.8/site-packages/airflow/example_dags/example_python_decorator.py for tasks to queue
[2023-12-24T14:09:46.396+0000] {logging_mixin.py:188} INFO - [2023-12-24T14:09:46.395+0000] {dagbag.py:538} INFO - Filling up the DagBag from /home/airflow/.local/lib/python3.8/site-packages/airflow/example_dags/example_python_decorator.py
[2023-12-24T14:09:46.418+0000] {processor.py:840} INFO - DAG(s) 'example_python_decorator' retrieved from /home/airflow/.local/lib/python3.8/site-packages/airflow/example_dags/example_python_decorator.py
[2023-12-24T14:09:46.460+0000] {logging_mixin.py:188} INFO - [2023-12-24T14:09:46.459+0000] {dag.py:3033} INFO - Sync 1 DAGs
[2023-12-24T14:09:46.484+0000] {logging_mixin.py:188} INFO - [2023-12-24T14:09:46.483+0000] {dag.py:3820} INFO - Setting next_dagrun for example_python_decorator to None, run_after=None
[2023-12-24T14:09:46.524+0000] {processor.py:183} INFO - Processing /home/airflow/.local/lib/python3.8/site-packages/airflow/example_dags/example_python_decorator.py took 0.141 seconds
[2023-12-24T14:10:17.259+0000] {processor.py:161} INFO - Started process (PID=486) to work on /home/airflow/.local/lib/python3.8/site-packages/airflow/example_dags/example_python_decorator.py
[2023-12-24T14:10:17.261+0000] {processor.py:830} INFO - Processing file /home/airflow/.local/lib/python3.8/site-packages/airflow/example_dags/example_python_decorator.py for tasks to queue
[2023-12-24T14:10:17.267+0000] {logging_mixin.py:188} INFO - [2023-12-24T14:10:17.266+0000] {dagbag.py:538} INFO - Filling up the DagBag from /home/airflow/.local/lib/python3.8/site-packages/airflow/example_dags/example_python_decorator.py
[2023-12-24T14:10:17.292+0000] {processor.py:840} INFO - DAG(s) 'example_python_decorator' retrieved from /home/airflow/.local/lib/python3.8/site-packages/airflow/example_dags/example_python_decorator.py
[2023-12-24T14:10:17.334+0000] {logging_mixin.py:188} INFO - [2023-12-24T14:10:17.334+0000] {dag.py:3033} INFO - Sync 1 DAGs
[2023-12-24T14:10:17.363+0000] {logging_mixin.py:188} INFO - [2023-12-24T14:10:17.363+0000] {dag.py:3820} INFO - Setting next_dagrun for example_python_decorator to None, run_after=None
[2023-12-24T14:10:17.416+0000] {processor.py:183} INFO - Processing /home/airflow/.local/lib/python3.8/site-packages/airflow/example_dags/example_python_decorator.py took 0.166 seconds
[2023-12-24T14:10:47.683+0000] {processor.py:161} INFO - Started process (PID=545) to work on /home/airflow/.local/lib/python3.8/site-packages/airflow/example_dags/example_python_decorator.py
[2023-12-24T14:10:47.685+0000] {processor.py:830} INFO - Processing file /home/airflow/.local/lib/python3.8/site-packages/airflow/example_dags/example_python_decorator.py for tasks to queue
[2023-12-24T14:10:47.689+0000] {logging_mixin.py:188} INFO - [2023-12-24T14:10:47.689+0000] {dagbag.py:538} INFO - Filling up the DagBag from /home/airflow/.local/lib/python3.8/site-packages/airflow/example_dags/example_python_decorator.py
[2023-12-24T14:10:47.707+0000] {processor.py:840} INFO - DAG(s) 'example_python_decorator' retrieved from /home/airflow/.local/lib/python3.8/site-packages/airflow/example_dags/example_python_decorator.py
[2023-12-24T14:10:47.745+0000] {logging_mixin.py:188} INFO - [2023-12-24T14:10:47.744+0000] {dag.py:3033} INFO - Sync 1 DAGs
[2023-12-24T14:10:47.776+0000] {logging_mixin.py:188} INFO - [2023-12-24T14:10:47.776+0000] {dag.py:3820} INFO - Setting next_dagrun for example_python_decorator to None, run_after=None
[2023-12-24T14:10:47.817+0000] {processor.py:183} INFO - Processing /home/airflow/.local/lib/python3.8/site-packages/airflow/example_dags/example_python_decorator.py took 0.140 seconds
[2023-12-24T14:11:21.309+0000] {processor.py:161} INFO - Started process (PID=605) to work on /home/airflow/.local/lib/python3.8/site-packages/airflow/example_dags/example_python_decorator.py
[2023-12-24T14:11:21.312+0000] {processor.py:830} INFO - Processing file /home/airflow/.local/lib/python3.8/site-packages/airflow/example_dags/example_python_decorator.py for tasks to queue
[2023-12-24T14:11:21.323+0000] {logging_mixin.py:188} INFO - [2023-12-24T14:11:21.322+0000] {dagbag.py:538} INFO - Filling up the DagBag from /home/airflow/.local/lib/python3.8/site-packages/airflow/example_dags/example_python_decorator.py
[2023-12-24T14:11:21.409+0000] {processor.py:840} INFO - DAG(s) 'example_python_decorator' retrieved from /home/airflow/.local/lib/python3.8/site-packages/airflow/example_dags/example_python_decorator.py
[2023-12-24T14:11:21.672+0000] {logging_mixin.py:188} INFO - [2023-12-24T14:11:21.667+0000] {dag.py:3033} INFO - Sync 1 DAGs
[2023-12-24T14:11:21.817+0000] {logging_mixin.py:188} INFO - [2023-12-24T14:11:21.817+0000] {dag.py:3820} INFO - Setting next_dagrun for example_python_decorator to None, run_after=None
[2023-12-24T14:11:21.937+0000] {processor.py:183} INFO - Processing /home/airflow/.local/lib/python3.8/site-packages/airflow/example_dags/example_python_decorator.py took 0.659 seconds
[2023-12-24T14:11:52.429+0000] {processor.py:161} INFO - Started process (PID=663) to work on /home/airflow/.local/lib/python3.8/site-packages/airflow/example_dags/example_python_decorator.py
[2023-12-24T14:11:52.432+0000] {processor.py:830} INFO - Processing file /home/airflow/.local/lib/python3.8/site-packages/airflow/example_dags/example_python_decorator.py for tasks to queue
[2023-12-24T14:11:52.437+0000] {logging_mixin.py:188} INFO - [2023-12-24T14:11:52.436+0000] {dagbag.py:538} INFO - Filling up the DagBag from /home/airflow/.local/lib/python3.8/site-packages/airflow/example_dags/example_python_decorator.py
[2023-12-24T14:11:52.460+0000] {processor.py:840} INFO - DAG(s) 'example_python_decorator' retrieved from /home/airflow/.local/lib/python3.8/site-packages/airflow/example_dags/example_python_decorator.py
[2023-12-24T14:11:52.481+0000] {logging_mixin.py:188} INFO - [2023-12-24T14:11:52.481+0000] {dag.py:3033} INFO - Sync 1 DAGs
[2023-12-24T14:11:52.513+0000] {logging_mixin.py:188} INFO - [2023-12-24T14:11:52.512+0000] {dag.py:3820} INFO - Setting next_dagrun for example_python_decorator to None, run_after=None
[2023-12-24T14:11:52.550+0000] {processor.py:183} INFO - Processing /home/airflow/.local/lib/python3.8/site-packages/airflow/example_dags/example_python_decorator.py took 0.130 seconds
[2023-12-24T14:12:22.653+0000] {processor.py:161} INFO - Started process (PID=722) to work on /home/airflow/.local/lib/python3.8/site-packages/airflow/example_dags/example_python_decorator.py
[2023-12-24T14:12:22.655+0000] {processor.py:830} INFO - Processing file /home/airflow/.local/lib/python3.8/site-packages/airflow/example_dags/example_python_decorator.py for tasks to queue
[2023-12-24T14:12:22.660+0000] {logging_mixin.py:188} INFO - [2023-12-24T14:12:22.660+0000] {dagbag.py:538} INFO - Filling up the DagBag from /home/airflow/.local/lib/python3.8/site-packages/airflow/example_dags/example_python_decorator.py
[2023-12-24T14:12:22.679+0000] {processor.py:840} INFO - DAG(s) 'example_python_decorator' retrieved from /home/airflow/.local/lib/python3.8/site-packages/airflow/example_dags/example_python_decorator.py
[2023-12-24T14:12:22.856+0000] {logging_mixin.py:188} INFO - [2023-12-24T14:12:22.856+0000] {dag.py:3033} INFO - Sync 1 DAGs
[2023-12-24T14:12:22.876+0000] {logging_mixin.py:188} INFO - [2023-12-24T14:12:22.876+0000] {dag.py:3820} INFO - Setting next_dagrun for example_python_decorator to None, run_after=None
[2023-12-24T14:12:22.913+0000] {processor.py:183} INFO - Processing /home/airflow/.local/lib/python3.8/site-packages/airflow/example_dags/example_python_decorator.py took 0.265 seconds
[2023-12-24T14:12:53.466+0000] {processor.py:161} INFO - Started process (PID=781) to work on /home/airflow/.local/lib/python3.8/site-packages/airflow/example_dags/example_python_decorator.py
[2023-12-24T14:12:53.478+0000] {processor.py:830} INFO - Processing file /home/airflow/.local/lib/python3.8/site-packages/airflow/example_dags/example_python_decorator.py for tasks to queue
[2023-12-24T14:12:53.487+0000] {logging_mixin.py:188} INFO - [2023-12-24T14:12:53.486+0000] {dagbag.py:538} INFO - Filling up the DagBag from /home/airflow/.local/lib/python3.8/site-packages/airflow/example_dags/example_python_decorator.py
[2023-12-24T14:12:53.515+0000] {processor.py:840} INFO - DAG(s) 'example_python_decorator' retrieved from /home/airflow/.local/lib/python3.8/site-packages/airflow/example_dags/example_python_decorator.py
[2023-12-24T14:12:53.571+0000] {logging_mixin.py:188} INFO - [2023-12-24T14:12:53.570+0000] {dag.py:3033} INFO - Sync 1 DAGs
[2023-12-24T14:12:53.608+0000] {logging_mixin.py:188} INFO - [2023-12-24T14:12:53.607+0000] {dag.py:3820} INFO - Setting next_dagrun for example_python_decorator to None, run_after=None
[2023-12-24T14:12:53.665+0000] {processor.py:183} INFO - Processing /home/airflow/.local/lib/python3.8/site-packages/airflow/example_dags/example_python_decorator.py took 0.210 seconds
[2023-12-24T14:13:24.083+0000] {processor.py:161} INFO - Started process (PID=840) to work on /home/airflow/.local/lib/python3.8/site-packages/airflow/example_dags/example_python_decorator.py
[2023-12-24T14:13:24.086+0000] {processor.py:830} INFO - Processing file /home/airflow/.local/lib/python3.8/site-packages/airflow/example_dags/example_python_decorator.py for tasks to queue
[2023-12-24T14:13:24.091+0000] {logging_mixin.py:188} INFO - [2023-12-24T14:13:24.090+0000] {dagbag.py:538} INFO - Filling up the DagBag from /home/airflow/.local/lib/python3.8/site-packages/airflow/example_dags/example_python_decorator.py
[2023-12-24T14:13:24.108+0000] {processor.py:840} INFO - DAG(s) 'example_python_decorator' retrieved from /home/airflow/.local/lib/python3.8/site-packages/airflow/example_dags/example_python_decorator.py
[2023-12-24T14:13:24.147+0000] {logging_mixin.py:188} INFO - [2023-12-24T14:13:24.147+0000] {dag.py:3033} INFO - Sync 1 DAGs
[2023-12-24T14:13:24.173+0000] {logging_mixin.py:188} INFO - [2023-12-24T14:13:24.172+0000] {dag.py:3820} INFO - Setting next_dagrun for example_python_decorator to None, run_after=None
[2023-12-24T14:13:24.210+0000] {processor.py:183} INFO - Processing /home/airflow/.local/lib/python3.8/site-packages/airflow/example_dags/example_python_decorator.py took 0.135 seconds
[2023-12-24T14:13:54.890+0000] {processor.py:161} INFO - Started process (PID=899) to work on /home/airflow/.local/lib/python3.8/site-packages/airflow/example_dags/example_python_decorator.py
[2023-12-24T14:13:54.892+0000] {processor.py:830} INFO - Processing file /home/airflow/.local/lib/python3.8/site-packages/airflow/example_dags/example_python_decorator.py for tasks to queue
[2023-12-24T14:13:54.899+0000] {logging_mixin.py:188} INFO - [2023-12-24T14:13:54.898+0000] {dagbag.py:538} INFO - Filling up the DagBag from /home/airflow/.local/lib/python3.8/site-packages/airflow/example_dags/example_python_decorator.py
[2023-12-24T14:13:54.924+0000] {processor.py:840} INFO - DAG(s) 'example_python_decorator' retrieved from /home/airflow/.local/lib/python3.8/site-packages/airflow/example_dags/example_python_decorator.py
[2023-12-24T14:13:54.994+0000] {logging_mixin.py:188} INFO - [2023-12-24T14:13:54.994+0000] {dag.py:3033} INFO - Sync 1 DAGs
[2023-12-24T14:13:55.033+0000] {logging_mixin.py:188} INFO - [2023-12-24T14:13:55.033+0000] {dag.py:3820} INFO - Setting next_dagrun for example_python_decorator to None, run_after=None
[2023-12-24T14:13:55.091+0000] {processor.py:183} INFO - Processing /home/airflow/.local/lib/python3.8/site-packages/airflow/example_dags/example_python_decorator.py took 0.219 seconds
[2023-12-24T14:14:25.371+0000] {processor.py:161} INFO - Started process (PID=958) to work on /home/airflow/.local/lib/python3.8/site-packages/airflow/example_dags/example_python_decorator.py
[2023-12-24T14:14:25.374+0000] {processor.py:830} INFO - Processing file /home/airflow/.local/lib/python3.8/site-packages/airflow/example_dags/example_python_decorator.py for tasks to queue
[2023-12-24T14:14:25.379+0000] {logging_mixin.py:188} INFO - [2023-12-24T14:14:25.378+0000] {dagbag.py:538} INFO - Filling up the DagBag from /home/airflow/.local/lib/python3.8/site-packages/airflow/example_dags/example_python_decorator.py
[2023-12-24T14:14:25.401+0000] {processor.py:840} INFO - DAG(s) 'example_python_decorator' retrieved from /home/airflow/.local/lib/python3.8/site-packages/airflow/example_dags/example_python_decorator.py
[2023-12-24T14:14:25.450+0000] {logging_mixin.py:188} INFO - [2023-12-24T14:14:25.450+0000] {dag.py:3033} INFO - Sync 1 DAGs
[2023-12-24T14:14:25.483+0000] {logging_mixin.py:188} INFO - [2023-12-24T14:14:25.483+0000] {dag.py:3820} INFO - Setting next_dagrun for example_python_decorator to None, run_after=None
[2023-12-24T14:14:25.526+0000] {processor.py:183} INFO - Processing /home/airflow/.local/lib/python3.8/site-packages/airflow/example_dags/example_python_decorator.py took 0.162 seconds
[2023-12-24T14:14:55.926+0000] {processor.py:161} INFO - Started process (PID=1017) to work on /home/airflow/.local/lib/python3.8/site-packages/airflow/example_dags/example_python_decorator.py
[2023-12-24T14:14:55.927+0000] {processor.py:830} INFO - Processing file /home/airflow/.local/lib/python3.8/site-packages/airflow/example_dags/example_python_decorator.py for tasks to queue
[2023-12-24T14:14:55.933+0000] {logging_mixin.py:188} INFO - [2023-12-24T14:14:55.932+0000] {dagbag.py:538} INFO - Filling up the DagBag from /home/airflow/.local/lib/python3.8/site-packages/airflow/example_dags/example_python_decorator.py
[2023-12-24T14:14:55.960+0000] {processor.py:840} INFO - DAG(s) 'example_python_decorator' retrieved from /home/airflow/.local/lib/python3.8/site-packages/airflow/example_dags/example_python_decorator.py
[2023-12-24T14:14:56.010+0000] {logging_mixin.py:188} INFO - [2023-12-24T14:14:56.009+0000] {dag.py:3033} INFO - Sync 1 DAGs
[2023-12-24T14:14:56.038+0000] {logging_mixin.py:188} INFO - [2023-12-24T14:14:56.037+0000] {dag.py:3820} INFO - Setting next_dagrun for example_python_decorator to None, run_after=None
[2023-12-24T14:14:56.080+0000] {processor.py:183} INFO - Processing /home/airflow/.local/lib/python3.8/site-packages/airflow/example_dags/example_python_decorator.py took 0.161 seconds
[2023-12-24T14:15:26.359+0000] {processor.py:161} INFO - Started process (PID=1076) to work on /home/airflow/.local/lib/python3.8/site-packages/airflow/example_dags/example_python_decorator.py
[2023-12-24T14:15:26.361+0000] {processor.py:830} INFO - Processing file /home/airflow/.local/lib/python3.8/site-packages/airflow/example_dags/example_python_decorator.py for tasks to queue
[2023-12-24T14:15:26.368+0000] {logging_mixin.py:188} INFO - [2023-12-24T14:15:26.367+0000] {dagbag.py:538} INFO - Filling up the DagBag from /home/airflow/.local/lib/python3.8/site-packages/airflow/example_dags/example_python_decorator.py
[2023-12-24T14:15:26.394+0000] {processor.py:840} INFO - DAG(s) 'example_python_decorator' retrieved from /home/airflow/.local/lib/python3.8/site-packages/airflow/example_dags/example_python_decorator.py
[2023-12-24T14:15:26.440+0000] {logging_mixin.py:188} INFO - [2023-12-24T14:15:26.439+0000] {dag.py:3033} INFO - Sync 1 DAGs
[2023-12-24T14:15:26.471+0000] {logging_mixin.py:188} INFO - [2023-12-24T14:15:26.471+0000] {dag.py:3820} INFO - Setting next_dagrun for example_python_decorator to None, run_after=None
[2023-12-24T14:15:26.516+0000] {processor.py:183} INFO - Processing /home/airflow/.local/lib/python3.8/site-packages/airflow/example_dags/example_python_decorator.py took 0.165 seconds
[2023-12-24T14:15:57.200+0000] {processor.py:161} INFO - Started process (PID=1135) to work on /home/airflow/.local/lib/python3.8/site-packages/airflow/example_dags/example_python_decorator.py
[2023-12-24T14:15:57.202+0000] {processor.py:830} INFO - Processing file /home/airflow/.local/lib/python3.8/site-packages/airflow/example_dags/example_python_decorator.py for tasks to queue
[2023-12-24T14:15:57.207+0000] {logging_mixin.py:188} INFO - [2023-12-24T14:15:57.207+0000] {dagbag.py:538} INFO - Filling up the DagBag from /home/airflow/.local/lib/python3.8/site-packages/airflow/example_dags/example_python_decorator.py
[2023-12-24T14:15:57.230+0000] {processor.py:840} INFO - DAG(s) 'example_python_decorator' retrieved from /home/airflow/.local/lib/python3.8/site-packages/airflow/example_dags/example_python_decorator.py
[2023-12-24T14:15:57.268+0000] {logging_mixin.py:188} INFO - [2023-12-24T14:15:57.268+0000] {dag.py:3033} INFO - Sync 1 DAGs
[2023-12-24T14:15:57.296+0000] {logging_mixin.py:188} INFO - [2023-12-24T14:15:57.296+0000] {dag.py:3820} INFO - Setting next_dagrun for example_python_decorator to None, run_after=None
[2023-12-24T14:15:57.337+0000] {processor.py:183} INFO - Processing /home/airflow/.local/lib/python3.8/site-packages/airflow/example_dags/example_python_decorator.py took 0.145 seconds
[2023-12-24T14:16:27.912+0000] {processor.py:161} INFO - Started process (PID=1194) to work on /home/airflow/.local/lib/python3.8/site-packages/airflow/example_dags/example_python_decorator.py
[2023-12-24T14:16:27.914+0000] {processor.py:830} INFO - Processing file /home/airflow/.local/lib/python3.8/site-packages/airflow/example_dags/example_python_decorator.py for tasks to queue
[2023-12-24T14:16:27.919+0000] {logging_mixin.py:188} INFO - [2023-12-24T14:16:27.918+0000] {dagbag.py:538} INFO - Filling up the DagBag from /home/airflow/.local/lib/python3.8/site-packages/airflow/example_dags/example_python_decorator.py
[2023-12-24T14:16:27.943+0000] {processor.py:840} INFO - DAG(s) 'example_python_decorator' retrieved from /home/airflow/.local/lib/python3.8/site-packages/airflow/example_dags/example_python_decorator.py
[2023-12-24T14:16:27.984+0000] {logging_mixin.py:188} INFO - [2023-12-24T14:16:27.984+0000] {dag.py:3033} INFO - Sync 1 DAGs
[2023-12-24T14:16:28.009+0000] {logging_mixin.py:188} INFO - [2023-12-24T14:16:28.008+0000] {dag.py:3820} INFO - Setting next_dagrun for example_python_decorator to None, run_after=None
[2023-12-24T14:16:28.041+0000] {processor.py:183} INFO - Processing /home/airflow/.local/lib/python3.8/site-packages/airflow/example_dags/example_python_decorator.py took 0.137 seconds
[2023-12-24T14:18:42.661+0000] {processor.py:161} INFO - Started process (PID=74) to work on /home/airflow/.local/lib/python3.8/site-packages/airflow/example_dags/example_python_decorator.py
[2023-12-24T14:18:42.663+0000] {processor.py:830} INFO - Processing file /home/airflow/.local/lib/python3.8/site-packages/airflow/example_dags/example_python_decorator.py for tasks to queue
[2023-12-24T14:18:42.669+0000] {logging_mixin.py:188} INFO - [2023-12-24T14:18:42.668+0000] {dagbag.py:538} INFO - Filling up the DagBag from /home/airflow/.local/lib/python3.8/site-packages/airflow/example_dags/example_python_decorator.py
[2023-12-24T14:18:42.710+0000] {processor.py:840} INFO - DAG(s) 'example_python_decorator' retrieved from /home/airflow/.local/lib/python3.8/site-packages/airflow/example_dags/example_python_decorator.py
[2023-12-24T14:18:42.733+0000] {logging_mixin.py:188} INFO - [2023-12-24T14:18:42.732+0000] {dag.py:3033} INFO - Sync 1 DAGs
[2023-12-24T14:18:42.767+0000] {logging_mixin.py:188} INFO - [2023-12-24T14:18:42.767+0000] {dag.py:3820} INFO - Setting next_dagrun for example_python_decorator to None, run_after=None
[2023-12-24T14:18:42.812+0000] {processor.py:183} INFO - Processing /home/airflow/.local/lib/python3.8/site-packages/airflow/example_dags/example_python_decorator.py took 0.159 seconds
[2023-12-24T14:19:14.726+0000] {processor.py:161} INFO - Started process (PID=134) to work on /home/airflow/.local/lib/python3.8/site-packages/airflow/example_dags/example_python_decorator.py
[2023-12-24T14:19:14.728+0000] {processor.py:830} INFO - Processing file /home/airflow/.local/lib/python3.8/site-packages/airflow/example_dags/example_python_decorator.py for tasks to queue
[2023-12-24T14:19:14.734+0000] {logging_mixin.py:188} INFO - [2023-12-24T14:19:14.733+0000] {dagbag.py:538} INFO - Filling up the DagBag from /home/airflow/.local/lib/python3.8/site-packages/airflow/example_dags/example_python_decorator.py
[2023-12-24T14:19:14.758+0000] {processor.py:840} INFO - DAG(s) 'example_python_decorator' retrieved from /home/airflow/.local/lib/python3.8/site-packages/airflow/example_dags/example_python_decorator.py
[2023-12-24T14:19:14.788+0000] {logging_mixin.py:188} INFO - [2023-12-24T14:19:14.788+0000] {dag.py:3033} INFO - Sync 1 DAGs
[2023-12-24T14:19:14.830+0000] {logging_mixin.py:188} INFO - [2023-12-24T14:19:14.829+0000] {dag.py:3820} INFO - Setting next_dagrun for example_python_decorator to None, run_after=None
[2023-12-24T14:19:14.903+0000] {processor.py:183} INFO - Processing /home/airflow/.local/lib/python3.8/site-packages/airflow/example_dags/example_python_decorator.py took 0.183 seconds
[2023-12-24T14:19:46.309+0000] {processor.py:161} INFO - Started process (PID=193) to work on /home/airflow/.local/lib/python3.8/site-packages/airflow/example_dags/example_python_decorator.py
[2023-12-24T14:19:46.311+0000] {processor.py:830} INFO - Processing file /home/airflow/.local/lib/python3.8/site-packages/airflow/example_dags/example_python_decorator.py for tasks to queue
[2023-12-24T14:19:46.317+0000] {logging_mixin.py:188} INFO - [2023-12-24T14:19:46.316+0000] {dagbag.py:538} INFO - Filling up the DagBag from /home/airflow/.local/lib/python3.8/site-packages/airflow/example_dags/example_python_decorator.py
[2023-12-24T14:19:46.355+0000] {processor.py:840} INFO - DAG(s) 'example_python_decorator' retrieved from /home/airflow/.local/lib/python3.8/site-packages/airflow/example_dags/example_python_decorator.py
[2023-12-24T14:19:46.685+0000] {logging_mixin.py:188} INFO - [2023-12-24T14:19:46.684+0000] {dag.py:3033} INFO - Sync 1 DAGs
[2023-12-24T14:19:46.716+0000] {logging_mixin.py:188} INFO - [2023-12-24T14:19:46.716+0000] {dag.py:3820} INFO - Setting next_dagrun for example_python_decorator to None, run_after=None
[2023-12-24T14:19:46.788+0000] {processor.py:183} INFO - Processing /home/airflow/.local/lib/python3.8/site-packages/airflow/example_dags/example_python_decorator.py took 0.489 seconds
[2023-12-24T14:20:16.862+0000] {processor.py:161} INFO - Started process (PID=253) to work on /home/airflow/.local/lib/python3.8/site-packages/airflow/example_dags/example_python_decorator.py
[2023-12-24T14:20:16.875+0000] {processor.py:830} INFO - Processing file /home/airflow/.local/lib/python3.8/site-packages/airflow/example_dags/example_python_decorator.py for tasks to queue
[2023-12-24T14:20:16.884+0000] {logging_mixin.py:188} INFO - [2023-12-24T14:20:16.884+0000] {dagbag.py:538} INFO - Filling up the DagBag from /home/airflow/.local/lib/python3.8/site-packages/airflow/example_dags/example_python_decorator.py
[2023-12-24T14:20:16.949+0000] {processor.py:840} INFO - DAG(s) 'example_python_decorator' retrieved from /home/airflow/.local/lib/python3.8/site-packages/airflow/example_dags/example_python_decorator.py
[2023-12-24T14:20:17.035+0000] {logging_mixin.py:188} INFO - [2023-12-24T14:20:17.034+0000] {dag.py:3033} INFO - Sync 1 DAGs
[2023-12-24T14:20:17.079+0000] {logging_mixin.py:188} INFO - [2023-12-24T14:20:17.078+0000] {dag.py:3820} INFO - Setting next_dagrun for example_python_decorator to None, run_after=None
[2023-12-24T14:20:17.177+0000] {processor.py:183} INFO - Processing /home/airflow/.local/lib/python3.8/site-packages/airflow/example_dags/example_python_decorator.py took 0.338 seconds
[2023-12-24T14:20:47.630+0000] {processor.py:161} INFO - Started process (PID=311) to work on /home/airflow/.local/lib/python3.8/site-packages/airflow/example_dags/example_python_decorator.py
[2023-12-24T14:20:47.633+0000] {processor.py:830} INFO - Processing file /home/airflow/.local/lib/python3.8/site-packages/airflow/example_dags/example_python_decorator.py for tasks to queue
[2023-12-24T14:20:47.640+0000] {logging_mixin.py:188} INFO - [2023-12-24T14:20:47.639+0000] {dagbag.py:538} INFO - Filling up the DagBag from /home/airflow/.local/lib/python3.8/site-packages/airflow/example_dags/example_python_decorator.py
[2023-12-24T14:20:47.670+0000] {processor.py:840} INFO - DAG(s) 'example_python_decorator' retrieved from /home/airflow/.local/lib/python3.8/site-packages/airflow/example_dags/example_python_decorator.py
[2023-12-24T14:20:47.726+0000] {logging_mixin.py:188} INFO - [2023-12-24T14:20:47.726+0000] {dag.py:3033} INFO - Sync 1 DAGs
[2023-12-24T14:20:47.763+0000] {logging_mixin.py:188} INFO - [2023-12-24T14:20:47.763+0000] {dag.py:3820} INFO - Setting next_dagrun for example_python_decorator to None, run_after=None
[2023-12-24T14:20:47.804+0000] {processor.py:183} INFO - Processing /home/airflow/.local/lib/python3.8/site-packages/airflow/example_dags/example_python_decorator.py took 0.182 seconds
[2023-12-24T14:21:18.373+0000] {processor.py:161} INFO - Started process (PID=369) to work on /home/airflow/.local/lib/python3.8/site-packages/airflow/example_dags/example_python_decorator.py
[2023-12-24T14:21:18.375+0000] {processor.py:830} INFO - Processing file /home/airflow/.local/lib/python3.8/site-packages/airflow/example_dags/example_python_decorator.py for tasks to queue
[2023-12-24T14:21:18.382+0000] {logging_mixin.py:188} INFO - [2023-12-24T14:21:18.381+0000] {dagbag.py:538} INFO - Filling up the DagBag from /home/airflow/.local/lib/python3.8/site-packages/airflow/example_dags/example_python_decorator.py
[2023-12-24T14:21:18.403+0000] {processor.py:840} INFO - DAG(s) 'example_python_decorator' retrieved from /home/airflow/.local/lib/python3.8/site-packages/airflow/example_dags/example_python_decorator.py
[2023-12-24T14:21:18.465+0000] {logging_mixin.py:188} INFO - [2023-12-24T14:21:18.464+0000] {dag.py:3033} INFO - Sync 1 DAGs
[2023-12-24T14:21:18.509+0000] {logging_mixin.py:188} INFO - [2023-12-24T14:21:18.509+0000] {dag.py:3820} INFO - Setting next_dagrun for example_python_decorator to None, run_after=None
[2023-12-24T14:21:18.556+0000] {processor.py:183} INFO - Processing /home/airflow/.local/lib/python3.8/site-packages/airflow/example_dags/example_python_decorator.py took 0.193 seconds
[2023-12-24T14:21:48.684+0000] {processor.py:161} INFO - Started process (PID=427) to work on /home/airflow/.local/lib/python3.8/site-packages/airflow/example_dags/example_python_decorator.py
[2023-12-24T14:21:48.686+0000] {processor.py:830} INFO - Processing file /home/airflow/.local/lib/python3.8/site-packages/airflow/example_dags/example_python_decorator.py for tasks to queue
[2023-12-24T14:21:48.691+0000] {logging_mixin.py:188} INFO - [2023-12-24T14:21:48.690+0000] {dagbag.py:538} INFO - Filling up the DagBag from /home/airflow/.local/lib/python3.8/site-packages/airflow/example_dags/example_python_decorator.py
[2023-12-24T14:21:48.709+0000] {processor.py:840} INFO - DAG(s) 'example_python_decorator' retrieved from /home/airflow/.local/lib/python3.8/site-packages/airflow/example_dags/example_python_decorator.py
[2023-12-24T14:21:48.746+0000] {logging_mixin.py:188} INFO - [2023-12-24T14:21:48.746+0000] {dag.py:3033} INFO - Sync 1 DAGs
[2023-12-24T14:21:48.768+0000] {logging_mixin.py:188} INFO - [2023-12-24T14:21:48.767+0000] {dag.py:3820} INFO - Setting next_dagrun for example_python_decorator to None, run_after=None
[2023-12-24T14:21:48.801+0000] {processor.py:183} INFO - Processing /home/airflow/.local/lib/python3.8/site-packages/airflow/example_dags/example_python_decorator.py took 0.124 seconds
[2023-12-24T14:22:19.812+0000] {processor.py:161} INFO - Started process (PID=485) to work on /home/airflow/.local/lib/python3.8/site-packages/airflow/example_dags/example_python_decorator.py
[2023-12-24T14:22:19.814+0000] {processor.py:830} INFO - Processing file /home/airflow/.local/lib/python3.8/site-packages/airflow/example_dags/example_python_decorator.py for tasks to queue
[2023-12-24T14:22:19.820+0000] {logging_mixin.py:188} INFO - [2023-12-24T14:22:19.820+0000] {dagbag.py:538} INFO - Filling up the DagBag from /home/airflow/.local/lib/python3.8/site-packages/airflow/example_dags/example_python_decorator.py
[2023-12-24T14:22:19.843+0000] {processor.py:840} INFO - DAG(s) 'example_python_decorator' retrieved from /home/airflow/.local/lib/python3.8/site-packages/airflow/example_dags/example_python_decorator.py
[2023-12-24T14:22:19.901+0000] {logging_mixin.py:188} INFO - [2023-12-24T14:22:19.901+0000] {dag.py:3033} INFO - Sync 1 DAGs
[2023-12-24T14:22:19.936+0000] {logging_mixin.py:188} INFO - [2023-12-24T14:22:19.935+0000] {dag.py:3820} INFO - Setting next_dagrun for example_python_decorator to None, run_after=None
[2023-12-24T14:22:19.974+0000] {processor.py:183} INFO - Processing /home/airflow/.local/lib/python3.8/site-packages/airflow/example_dags/example_python_decorator.py took 0.168 seconds
[2023-12-24T14:22:50.698+0000] {processor.py:161} INFO - Started process (PID=543) to work on /home/airflow/.local/lib/python3.8/site-packages/airflow/example_dags/example_python_decorator.py
[2023-12-24T14:22:50.699+0000] {processor.py:830} INFO - Processing file /home/airflow/.local/lib/python3.8/site-packages/airflow/example_dags/example_python_decorator.py for tasks to queue
[2023-12-24T14:22:50.704+0000] {logging_mixin.py:188} INFO - [2023-12-24T14:22:50.703+0000] {dagbag.py:538} INFO - Filling up the DagBag from /home/airflow/.local/lib/python3.8/site-packages/airflow/example_dags/example_python_decorator.py
[2023-12-24T14:22:50.721+0000] {processor.py:840} INFO - DAG(s) 'example_python_decorator' retrieved from /home/airflow/.local/lib/python3.8/site-packages/airflow/example_dags/example_python_decorator.py
[2023-12-24T14:22:50.760+0000] {logging_mixin.py:188} INFO - [2023-12-24T14:22:50.759+0000] {dag.py:3033} INFO - Sync 1 DAGs
[2023-12-24T14:22:50.785+0000] {logging_mixin.py:188} INFO - [2023-12-24T14:22:50.785+0000] {dag.py:3820} INFO - Setting next_dagrun for example_python_decorator to None, run_after=None
[2023-12-24T14:22:50.822+0000] {processor.py:183} INFO - Processing /home/airflow/.local/lib/python3.8/site-packages/airflow/example_dags/example_python_decorator.py took 0.130 seconds
[2023-12-24T14:23:21.007+0000] {processor.py:161} INFO - Started process (PID=601) to work on /home/airflow/.local/lib/python3.8/site-packages/airflow/example_dags/example_python_decorator.py
[2023-12-24T14:23:21.009+0000] {processor.py:830} INFO - Processing file /home/airflow/.local/lib/python3.8/site-packages/airflow/example_dags/example_python_decorator.py for tasks to queue
[2023-12-24T14:23:21.013+0000] {logging_mixin.py:188} INFO - [2023-12-24T14:23:21.013+0000] {dagbag.py:538} INFO - Filling up the DagBag from /home/airflow/.local/lib/python3.8/site-packages/airflow/example_dags/example_python_decorator.py
[2023-12-24T14:23:21.031+0000] {processor.py:840} INFO - DAG(s) 'example_python_decorator' retrieved from /home/airflow/.local/lib/python3.8/site-packages/airflow/example_dags/example_python_decorator.py
[2023-12-24T14:23:21.067+0000] {logging_mixin.py:188} INFO - [2023-12-24T14:23:21.066+0000] {dag.py:3033} INFO - Sync 1 DAGs
[2023-12-24T14:23:21.089+0000] {logging_mixin.py:188} INFO - [2023-12-24T14:23:21.089+0000] {dag.py:3820} INFO - Setting next_dagrun for example_python_decorator to None, run_after=None
[2023-12-24T14:23:21.118+0000] {processor.py:183} INFO - Processing /home/airflow/.local/lib/python3.8/site-packages/airflow/example_dags/example_python_decorator.py took 0.118 seconds
[2023-12-24T14:23:51.637+0000] {processor.py:161} INFO - Started process (PID=659) to work on /home/airflow/.local/lib/python3.8/site-packages/airflow/example_dags/example_python_decorator.py
[2023-12-24T14:23:51.639+0000] {processor.py:830} INFO - Processing file /home/airflow/.local/lib/python3.8/site-packages/airflow/example_dags/example_python_decorator.py for tasks to queue
[2023-12-24T14:23:51.644+0000] {logging_mixin.py:188} INFO - [2023-12-24T14:23:51.644+0000] {dagbag.py:538} INFO - Filling up the DagBag from /home/airflow/.local/lib/python3.8/site-packages/airflow/example_dags/example_python_decorator.py
[2023-12-24T14:23:51.671+0000] {processor.py:840} INFO - DAG(s) 'example_python_decorator' retrieved from /home/airflow/.local/lib/python3.8/site-packages/airflow/example_dags/example_python_decorator.py
[2023-12-24T14:23:51.717+0000] {logging_mixin.py:188} INFO - [2023-12-24T14:23:51.717+0000] {dag.py:3033} INFO - Sync 1 DAGs
[2023-12-24T14:23:51.755+0000] {logging_mixin.py:188} INFO - [2023-12-24T14:23:51.755+0000] {dag.py:3820} INFO - Setting next_dagrun for example_python_decorator to None, run_after=None
[2023-12-24T14:23:51.803+0000] {processor.py:183} INFO - Processing /home/airflow/.local/lib/python3.8/site-packages/airflow/example_dags/example_python_decorator.py took 0.171 seconds
[2023-12-24T14:24:22.343+0000] {processor.py:161} INFO - Started process (PID=718) to work on /home/airflow/.local/lib/python3.8/site-packages/airflow/example_dags/example_python_decorator.py
[2023-12-24T14:24:22.345+0000] {processor.py:830} INFO - Processing file /home/airflow/.local/lib/python3.8/site-packages/airflow/example_dags/example_python_decorator.py for tasks to queue
[2023-12-24T14:24:22.350+0000] {logging_mixin.py:188} INFO - [2023-12-24T14:24:22.349+0000] {dagbag.py:538} INFO - Filling up the DagBag from /home/airflow/.local/lib/python3.8/site-packages/airflow/example_dags/example_python_decorator.py
[2023-12-24T14:24:22.378+0000] {processor.py:840} INFO - DAG(s) 'example_python_decorator' retrieved from /home/airflow/.local/lib/python3.8/site-packages/airflow/example_dags/example_python_decorator.py
[2023-12-24T14:24:22.483+0000] {logging_mixin.py:188} INFO - [2023-12-24T14:24:22.482+0000] {dag.py:3033} INFO - Sync 1 DAGs
[2023-12-24T14:24:22.524+0000] {logging_mixin.py:188} INFO - [2023-12-24T14:24:22.524+0000] {dag.py:3820} INFO - Setting next_dagrun for example_python_decorator to None, run_after=None
[2023-12-24T14:24:22.573+0000] {processor.py:183} INFO - Processing /home/airflow/.local/lib/python3.8/site-packages/airflow/example_dags/example_python_decorator.py took 0.237 seconds
[2023-12-24T14:24:53.766+0000] {processor.py:161} INFO - Started process (PID=776) to work on /home/airflow/.local/lib/python3.8/site-packages/airflow/example_dags/example_python_decorator.py
[2023-12-24T14:24:53.779+0000] {processor.py:830} INFO - Processing file /home/airflow/.local/lib/python3.8/site-packages/airflow/example_dags/example_python_decorator.py for tasks to queue
[2023-12-24T14:24:53.788+0000] {logging_mixin.py:188} INFO - [2023-12-24T14:24:53.787+0000] {dagbag.py:538} INFO - Filling up the DagBag from /home/airflow/.local/lib/python3.8/site-packages/airflow/example_dags/example_python_decorator.py
[2023-12-24T14:24:53.866+0000] {processor.py:840} INFO - DAG(s) 'example_python_decorator' retrieved from /home/airflow/.local/lib/python3.8/site-packages/airflow/example_dags/example_python_decorator.py
[2023-12-24T14:24:53.989+0000] {logging_mixin.py:188} INFO - [2023-12-24T14:24:53.988+0000] {dag.py:3033} INFO - Sync 1 DAGs
[2023-12-24T14:24:54.103+0000] {logging_mixin.py:188} INFO - [2023-12-24T14:24:54.102+0000] {dag.py:3820} INFO - Setting next_dagrun for example_python_decorator to None, run_after=None
[2023-12-24T14:24:54.219+0000] {processor.py:183} INFO - Processing /home/airflow/.local/lib/python3.8/site-packages/airflow/example_dags/example_python_decorator.py took 0.468 seconds
[2023-12-24T14:25:24.649+0000] {processor.py:161} INFO - Started process (PID=834) to work on /home/airflow/.local/lib/python3.8/site-packages/airflow/example_dags/example_python_decorator.py
[2023-12-24T14:25:24.650+0000] {processor.py:830} INFO - Processing file /home/airflow/.local/lib/python3.8/site-packages/airflow/example_dags/example_python_decorator.py for tasks to queue
[2023-12-24T14:25:24.655+0000] {logging_mixin.py:188} INFO - [2023-12-24T14:25:24.654+0000] {dagbag.py:538} INFO - Filling up the DagBag from /home/airflow/.local/lib/python3.8/site-packages/airflow/example_dags/example_python_decorator.py
[2023-12-24T14:25:24.677+0000] {processor.py:840} INFO - DAG(s) 'example_python_decorator' retrieved from /home/airflow/.local/lib/python3.8/site-packages/airflow/example_dags/example_python_decorator.py
[2023-12-24T14:25:24.742+0000] {logging_mixin.py:188} INFO - [2023-12-24T14:25:24.740+0000] {dag.py:3033} INFO - Sync 1 DAGs
[2023-12-24T14:25:24.777+0000] {logging_mixin.py:188} INFO - [2023-12-24T14:25:24.777+0000] {dag.py:3820} INFO - Setting next_dagrun for example_python_decorator to None, run_after=None
[2023-12-24T14:25:24.836+0000] {processor.py:183} INFO - Processing /home/airflow/.local/lib/python3.8/site-packages/airflow/example_dags/example_python_decorator.py took 0.194 seconds
[2023-12-24T14:25:55.160+0000] {processor.py:161} INFO - Started process (PID=892) to work on /home/airflow/.local/lib/python3.8/site-packages/airflow/example_dags/example_python_decorator.py
[2023-12-24T14:25:55.164+0000] {processor.py:830} INFO - Processing file /home/airflow/.local/lib/python3.8/site-packages/airflow/example_dags/example_python_decorator.py for tasks to queue
[2023-12-24T14:25:55.170+0000] {logging_mixin.py:188} INFO - [2023-12-24T14:25:55.169+0000] {dagbag.py:538} INFO - Filling up the DagBag from /home/airflow/.local/lib/python3.8/site-packages/airflow/example_dags/example_python_decorator.py
[2023-12-24T14:25:55.190+0000] {processor.py:840} INFO - DAG(s) 'example_python_decorator' retrieved from /home/airflow/.local/lib/python3.8/site-packages/airflow/example_dags/example_python_decorator.py
[2023-12-24T14:25:55.231+0000] {logging_mixin.py:188} INFO - [2023-12-24T14:25:55.231+0000] {dag.py:3033} INFO - Sync 1 DAGs
[2023-12-24T14:25:55.254+0000] {logging_mixin.py:188} INFO - [2023-12-24T14:25:55.253+0000] {dag.py:3820} INFO - Setting next_dagrun for example_python_decorator to None, run_after=None
[2023-12-24T14:25:55.306+0000] {processor.py:183} INFO - Processing /home/airflow/.local/lib/python3.8/site-packages/airflow/example_dags/example_python_decorator.py took 0.156 seconds
[2023-12-24T14:26:25.575+0000] {processor.py:161} INFO - Started process (PID=950) to work on /home/airflow/.local/lib/python3.8/site-packages/airflow/example_dags/example_python_decorator.py
[2023-12-24T14:26:25.578+0000] {processor.py:830} INFO - Processing file /home/airflow/.local/lib/python3.8/site-packages/airflow/example_dags/example_python_decorator.py for tasks to queue
[2023-12-24T14:26:25.585+0000] {logging_mixin.py:188} INFO - [2023-12-24T14:26:25.585+0000] {dagbag.py:538} INFO - Filling up the DagBag from /home/airflow/.local/lib/python3.8/site-packages/airflow/example_dags/example_python_decorator.py
[2023-12-24T14:26:25.611+0000] {processor.py:840} INFO - DAG(s) 'example_python_decorator' retrieved from /home/airflow/.local/lib/python3.8/site-packages/airflow/example_dags/example_python_decorator.py
[2023-12-24T14:26:25.657+0000] {logging_mixin.py:188} INFO - [2023-12-24T14:26:25.656+0000] {dag.py:3033} INFO - Sync 1 DAGs
[2023-12-24T14:26:25.686+0000] {logging_mixin.py:188} INFO - [2023-12-24T14:26:25.685+0000] {dag.py:3820} INFO - Setting next_dagrun for example_python_decorator to None, run_after=None
[2023-12-24T14:26:25.730+0000] {processor.py:183} INFO - Processing /home/airflow/.local/lib/python3.8/site-packages/airflow/example_dags/example_python_decorator.py took 0.166 seconds
[2023-12-24T14:26:56.414+0000] {processor.py:161} INFO - Started process (PID=1008) to work on /home/airflow/.local/lib/python3.8/site-packages/airflow/example_dags/example_python_decorator.py
[2023-12-24T14:26:56.416+0000] {processor.py:830} INFO - Processing file /home/airflow/.local/lib/python3.8/site-packages/airflow/example_dags/example_python_decorator.py for tasks to queue
[2023-12-24T14:26:56.422+0000] {logging_mixin.py:188} INFO - [2023-12-24T14:26:56.420+0000] {dagbag.py:538} INFO - Filling up the DagBag from /home/airflow/.local/lib/python3.8/site-packages/airflow/example_dags/example_python_decorator.py
[2023-12-24T14:26:56.440+0000] {processor.py:840} INFO - DAG(s) 'example_python_decorator' retrieved from /home/airflow/.local/lib/python3.8/site-packages/airflow/example_dags/example_python_decorator.py
[2023-12-24T14:26:56.497+0000] {logging_mixin.py:188} INFO - [2023-12-24T14:26:56.496+0000] {dag.py:3033} INFO - Sync 1 DAGs
[2023-12-24T14:26:56.529+0000] {logging_mixin.py:188} INFO - [2023-12-24T14:26:56.528+0000] {dag.py:3820} INFO - Setting next_dagrun for example_python_decorator to None, run_after=None
[2023-12-24T14:26:56.575+0000] {processor.py:183} INFO - Processing /home/airflow/.local/lib/python3.8/site-packages/airflow/example_dags/example_python_decorator.py took 0.167 seconds
[2023-12-24T14:27:27.321+0000] {processor.py:161} INFO - Started process (PID=1066) to work on /home/airflow/.local/lib/python3.8/site-packages/airflow/example_dags/example_python_decorator.py
[2023-12-24T14:27:27.323+0000] {processor.py:830} INFO - Processing file /home/airflow/.local/lib/python3.8/site-packages/airflow/example_dags/example_python_decorator.py for tasks to queue
[2023-12-24T14:27:27.329+0000] {logging_mixin.py:188} INFO - [2023-12-24T14:27:27.329+0000] {dagbag.py:538} INFO - Filling up the DagBag from /home/airflow/.local/lib/python3.8/site-packages/airflow/example_dags/example_python_decorator.py
[2023-12-24T14:27:27.356+0000] {processor.py:840} INFO - DAG(s) 'example_python_decorator' retrieved from /home/airflow/.local/lib/python3.8/site-packages/airflow/example_dags/example_python_decorator.py
[2023-12-24T14:27:27.404+0000] {logging_mixin.py:188} INFO - [2023-12-24T14:27:27.404+0000] {dag.py:3033} INFO - Sync 1 DAGs
[2023-12-24T14:27:27.428+0000] {logging_mixin.py:188} INFO - [2023-12-24T14:27:27.428+0000] {dag.py:3820} INFO - Setting next_dagrun for example_python_decorator to None, run_after=None
[2023-12-24T14:27:27.471+0000] {processor.py:183} INFO - Processing /home/airflow/.local/lib/python3.8/site-packages/airflow/example_dags/example_python_decorator.py took 0.158 seconds
[2023-12-24T14:27:58.296+0000] {processor.py:161} INFO - Started process (PID=1130) to work on /home/airflow/.local/lib/python3.8/site-packages/airflow/example_dags/example_python_decorator.py
[2023-12-24T14:27:58.300+0000] {processor.py:830} INFO - Processing file /home/airflow/.local/lib/python3.8/site-packages/airflow/example_dags/example_python_decorator.py for tasks to queue
[2023-12-24T14:27:58.313+0000] {logging_mixin.py:188} INFO - [2023-12-24T14:27:58.312+0000] {dagbag.py:538} INFO - Filling up the DagBag from /home/airflow/.local/lib/python3.8/site-packages/airflow/example_dags/example_python_decorator.py
[2023-12-24T14:27:58.359+0000] {processor.py:840} INFO - DAG(s) 'example_python_decorator' retrieved from /home/airflow/.local/lib/python3.8/site-packages/airflow/example_dags/example_python_decorator.py
[2023-12-24T14:27:58.440+0000] {logging_mixin.py:188} INFO - [2023-12-24T14:27:58.440+0000] {dag.py:3033} INFO - Sync 1 DAGs
[2023-12-24T14:27:58.466+0000] {logging_mixin.py:188} INFO - [2023-12-24T14:27:58.466+0000] {dag.py:3820} INFO - Setting next_dagrun for example_python_decorator to None, run_after=None
[2023-12-24T14:27:58.519+0000] {processor.py:183} INFO - Processing /home/airflow/.local/lib/python3.8/site-packages/airflow/example_dags/example_python_decorator.py took 0.232 seconds
[2023-12-24T14:28:28.572+0000] {processor.py:161} INFO - Started process (PID=1187) to work on /home/airflow/.local/lib/python3.8/site-packages/airflow/example_dags/example_python_decorator.py
[2023-12-24T14:28:28.574+0000] {processor.py:830} INFO - Processing file /home/airflow/.local/lib/python3.8/site-packages/airflow/example_dags/example_python_decorator.py for tasks to queue
[2023-12-24T14:28:28.578+0000] {logging_mixin.py:188} INFO - [2023-12-24T14:28:28.578+0000] {dagbag.py:538} INFO - Filling up the DagBag from /home/airflow/.local/lib/python3.8/site-packages/airflow/example_dags/example_python_decorator.py
[2023-12-24T14:28:28.597+0000] {processor.py:840} INFO - DAG(s) 'example_python_decorator' retrieved from /home/airflow/.local/lib/python3.8/site-packages/airflow/example_dags/example_python_decorator.py
[2023-12-24T14:28:28.632+0000] {logging_mixin.py:188} INFO - [2023-12-24T14:28:28.632+0000] {dag.py:3033} INFO - Sync 1 DAGs
[2023-12-24T14:28:28.660+0000] {logging_mixin.py:188} INFO - [2023-12-24T14:28:28.659+0000] {dag.py:3820} INFO - Setting next_dagrun for example_python_decorator to None, run_after=None
[2023-12-24T14:28:28.700+0000] {processor.py:183} INFO - Processing /home/airflow/.local/lib/python3.8/site-packages/airflow/example_dags/example_python_decorator.py took 0.135 seconds
[2023-12-24T14:28:59.919+0000] {processor.py:161} INFO - Started process (PID=1246) to work on /home/airflow/.local/lib/python3.8/site-packages/airflow/example_dags/example_python_decorator.py
[2023-12-24T14:28:59.921+0000] {processor.py:830} INFO - Processing file /home/airflow/.local/lib/python3.8/site-packages/airflow/example_dags/example_python_decorator.py for tasks to queue
[2023-12-24T14:28:59.925+0000] {logging_mixin.py:188} INFO - [2023-12-24T14:28:59.925+0000] {dagbag.py:538} INFO - Filling up the DagBag from /home/airflow/.local/lib/python3.8/site-packages/airflow/example_dags/example_python_decorator.py
[2023-12-24T14:28:59.943+0000] {processor.py:840} INFO - DAG(s) 'example_python_decorator' retrieved from /home/airflow/.local/lib/python3.8/site-packages/airflow/example_dags/example_python_decorator.py
[2023-12-24T14:28:59.978+0000] {logging_mixin.py:188} INFO - [2023-12-24T14:28:59.978+0000] {dag.py:3033} INFO - Sync 1 DAGs
[2023-12-24T14:29:00.002+0000] {logging_mixin.py:188} INFO - [2023-12-24T14:29:00.002+0000] {dag.py:3820} INFO - Setting next_dagrun for example_python_decorator to None, run_after=None
[2023-12-24T14:29:00.037+0000] {processor.py:183} INFO - Processing /home/airflow/.local/lib/python3.8/site-packages/airflow/example_dags/example_python_decorator.py took 0.124 seconds
[2023-12-24T14:29:30.123+0000] {processor.py:161} INFO - Started process (PID=1302) to work on /home/airflow/.local/lib/python3.8/site-packages/airflow/example_dags/example_python_decorator.py
[2023-12-24T14:29:30.125+0000] {processor.py:830} INFO - Processing file /home/airflow/.local/lib/python3.8/site-packages/airflow/example_dags/example_python_decorator.py for tasks to queue
[2023-12-24T14:29:30.129+0000] {logging_mixin.py:188} INFO - [2023-12-24T14:29:30.129+0000] {dagbag.py:538} INFO - Filling up the DagBag from /home/airflow/.local/lib/python3.8/site-packages/airflow/example_dags/example_python_decorator.py
[2023-12-24T14:29:30.147+0000] {processor.py:840} INFO - DAG(s) 'example_python_decorator' retrieved from /home/airflow/.local/lib/python3.8/site-packages/airflow/example_dags/example_python_decorator.py
[2023-12-24T14:29:30.183+0000] {logging_mixin.py:188} INFO - [2023-12-24T14:29:30.183+0000] {dag.py:3033} INFO - Sync 1 DAGs
[2023-12-24T14:29:30.216+0000] {logging_mixin.py:188} INFO - [2023-12-24T14:29:30.215+0000] {dag.py:3820} INFO - Setting next_dagrun for example_python_decorator to None, run_after=None
[2023-12-24T14:29:30.256+0000] {processor.py:183} INFO - Processing /home/airflow/.local/lib/python3.8/site-packages/airflow/example_dags/example_python_decorator.py took 0.140 seconds
[2023-12-24T14:30:00.500+0000] {processor.py:161} INFO - Started process (PID=1360) to work on /home/airflow/.local/lib/python3.8/site-packages/airflow/example_dags/example_python_decorator.py
[2023-12-24T14:30:00.502+0000] {processor.py:830} INFO - Processing file /home/airflow/.local/lib/python3.8/site-packages/airflow/example_dags/example_python_decorator.py for tasks to queue
[2023-12-24T14:30:00.507+0000] {logging_mixin.py:188} INFO - [2023-12-24T14:30:00.506+0000] {dagbag.py:538} INFO - Filling up the DagBag from /home/airflow/.local/lib/python3.8/site-packages/airflow/example_dags/example_python_decorator.py
[2023-12-24T14:30:00.527+0000] {processor.py:840} INFO - DAG(s) 'example_python_decorator' retrieved from /home/airflow/.local/lib/python3.8/site-packages/airflow/example_dags/example_python_decorator.py
[2023-12-24T14:30:00.576+0000] {logging_mixin.py:188} INFO - [2023-12-24T14:30:00.576+0000] {dag.py:3033} INFO - Sync 1 DAGs
[2023-12-24T14:30:00.604+0000] {logging_mixin.py:188} INFO - [2023-12-24T14:30:00.604+0000] {dag.py:3820} INFO - Setting next_dagrun for example_python_decorator to None, run_after=None
[2023-12-24T14:30:00.650+0000] {processor.py:183} INFO - Processing /home/airflow/.local/lib/python3.8/site-packages/airflow/example_dags/example_python_decorator.py took 0.156 seconds
[2023-12-24T14:30:30.820+0000] {processor.py:161} INFO - Started process (PID=1418) to work on /home/airflow/.local/lib/python3.8/site-packages/airflow/example_dags/example_python_decorator.py
[2023-12-24T14:30:30.837+0000] {processor.py:830} INFO - Processing file /home/airflow/.local/lib/python3.8/site-packages/airflow/example_dags/example_python_decorator.py for tasks to queue
[2023-12-24T14:30:30.846+0000] {logging_mixin.py:188} INFO - [2023-12-24T14:30:30.841+0000] {dagbag.py:538} INFO - Filling up the DagBag from /home/airflow/.local/lib/python3.8/site-packages/airflow/example_dags/example_python_decorator.py
[2023-12-24T14:30:30.875+0000] {processor.py:840} INFO - DAG(s) 'example_python_decorator' retrieved from /home/airflow/.local/lib/python3.8/site-packages/airflow/example_dags/example_python_decorator.py
[2023-12-24T14:30:30.920+0000] {logging_mixin.py:188} INFO - [2023-12-24T14:30:30.920+0000] {dag.py:3033} INFO - Sync 1 DAGs
[2023-12-24T14:30:30.953+0000] {logging_mixin.py:188} INFO - [2023-12-24T14:30:30.953+0000] {dag.py:3820} INFO - Setting next_dagrun for example_python_decorator to None, run_after=None
[2023-12-24T14:30:30.995+0000] {processor.py:183} INFO - Processing /home/airflow/.local/lib/python3.8/site-packages/airflow/example_dags/example_python_decorator.py took 0.184 seconds
[2023-12-24T14:31:01.074+0000] {processor.py:161} INFO - Started process (PID=1476) to work on /home/airflow/.local/lib/python3.8/site-packages/airflow/example_dags/example_python_decorator.py
[2023-12-24T14:31:01.076+0000] {processor.py:830} INFO - Processing file /home/airflow/.local/lib/python3.8/site-packages/airflow/example_dags/example_python_decorator.py for tasks to queue
[2023-12-24T14:31:01.081+0000] {logging_mixin.py:188} INFO - [2023-12-24T14:31:01.080+0000] {dagbag.py:538} INFO - Filling up the DagBag from /home/airflow/.local/lib/python3.8/site-packages/airflow/example_dags/example_python_decorator.py
[2023-12-24T14:31:01.099+0000] {processor.py:840} INFO - DAG(s) 'example_python_decorator' retrieved from /home/airflow/.local/lib/python3.8/site-packages/airflow/example_dags/example_python_decorator.py
[2023-12-24T14:31:01.136+0000] {logging_mixin.py:188} INFO - [2023-12-24T14:31:01.136+0000] {dag.py:3033} INFO - Sync 1 DAGs
[2023-12-24T14:31:01.156+0000] {logging_mixin.py:188} INFO - [2023-12-24T14:31:01.156+0000] {dag.py:3820} INFO - Setting next_dagrun for example_python_decorator to None, run_after=None
[2023-12-24T14:31:01.187+0000] {processor.py:183} INFO - Processing /home/airflow/.local/lib/python3.8/site-packages/airflow/example_dags/example_python_decorator.py took 0.119 seconds
[2023-12-24T14:31:31.839+0000] {processor.py:161} INFO - Started process (PID=1534) to work on /home/airflow/.local/lib/python3.8/site-packages/airflow/example_dags/example_python_decorator.py
[2023-12-24T14:31:31.841+0000] {processor.py:830} INFO - Processing file /home/airflow/.local/lib/python3.8/site-packages/airflow/example_dags/example_python_decorator.py for tasks to queue
[2023-12-24T14:31:31.846+0000] {logging_mixin.py:188} INFO - [2023-12-24T14:31:31.846+0000] {dagbag.py:538} INFO - Filling up the DagBag from /home/airflow/.local/lib/python3.8/site-packages/airflow/example_dags/example_python_decorator.py
[2023-12-24T14:31:31.865+0000] {processor.py:840} INFO - DAG(s) 'example_python_decorator' retrieved from /home/airflow/.local/lib/python3.8/site-packages/airflow/example_dags/example_python_decorator.py
[2023-12-24T14:31:31.902+0000] {logging_mixin.py:188} INFO - [2023-12-24T14:31:31.902+0000] {dag.py:3033} INFO - Sync 1 DAGs
[2023-12-24T14:31:31.924+0000] {logging_mixin.py:188} INFO - [2023-12-24T14:31:31.924+0000] {dag.py:3820} INFO - Setting next_dagrun for example_python_decorator to None, run_after=None
[2023-12-24T14:31:31.960+0000] {processor.py:183} INFO - Processing /home/airflow/.local/lib/python3.8/site-packages/airflow/example_dags/example_python_decorator.py took 0.129 seconds
[2023-12-24T14:33:24.841+0000] {processor.py:161} INFO - Started process (PID=72) to work on /home/airflow/.local/lib/python3.8/site-packages/airflow/example_dags/example_python_decorator.py
[2023-12-24T14:33:24.843+0000] {processor.py:830} INFO - Processing file /home/airflow/.local/lib/python3.8/site-packages/airflow/example_dags/example_python_decorator.py for tasks to queue
[2023-12-24T14:33:24.848+0000] {logging_mixin.py:188} INFO - [2023-12-24T14:33:24.847+0000] {dagbag.py:538} INFO - Filling up the DagBag from /home/airflow/.local/lib/python3.8/site-packages/airflow/example_dags/example_python_decorator.py
[2023-12-24T14:33:24.873+0000] {processor.py:840} INFO - DAG(s) 'example_python_decorator' retrieved from /home/airflow/.local/lib/python3.8/site-packages/airflow/example_dags/example_python_decorator.py
[2023-12-24T14:33:24.905+0000] {logging_mixin.py:188} INFO - [2023-12-24T14:33:24.905+0000] {dag.py:3033} INFO - Sync 1 DAGs
[2023-12-24T14:33:24.940+0000] {logging_mixin.py:188} INFO - [2023-12-24T14:33:24.940+0000] {dag.py:3820} INFO - Setting next_dagrun for example_python_decorator to None, run_after=None
[2023-12-24T14:33:24.989+0000] {processor.py:183} INFO - Processing /home/airflow/.local/lib/python3.8/site-packages/airflow/example_dags/example_python_decorator.py took 0.155 seconds
[2023-12-24T14:33:57.466+0000] {processor.py:161} INFO - Started process (PID=130) to work on /home/airflow/.local/lib/python3.8/site-packages/airflow/example_dags/example_python_decorator.py
[2023-12-24T14:33:57.467+0000] {processor.py:830} INFO - Processing file /home/airflow/.local/lib/python3.8/site-packages/airflow/example_dags/example_python_decorator.py for tasks to queue
[2023-12-24T14:33:57.472+0000] {logging_mixin.py:188} INFO - [2023-12-24T14:33:57.472+0000] {dagbag.py:538} INFO - Filling up the DagBag from /home/airflow/.local/lib/python3.8/site-packages/airflow/example_dags/example_python_decorator.py
[2023-12-24T14:33:57.490+0000] {processor.py:840} INFO - DAG(s) 'example_python_decorator' retrieved from /home/airflow/.local/lib/python3.8/site-packages/airflow/example_dags/example_python_decorator.py
[2023-12-24T14:33:57.683+0000] {logging_mixin.py:188} INFO - [2023-12-24T14:33:57.682+0000] {dag.py:3033} INFO - Sync 1 DAGs
[2023-12-24T14:33:57.702+0000] {logging_mixin.py:188} INFO - [2023-12-24T14:33:57.701+0000] {dag.py:3820} INFO - Setting next_dagrun for example_python_decorator to None, run_after=None
[2023-12-24T14:33:57.754+0000] {processor.py:183} INFO - Processing /home/airflow/.local/lib/python3.8/site-packages/airflow/example_dags/example_python_decorator.py took 0.294 seconds
[2023-12-24T14:34:28.003+0000] {processor.py:161} INFO - Started process (PID=188) to work on /home/airflow/.local/lib/python3.8/site-packages/airflow/example_dags/example_python_decorator.py
[2023-12-24T14:34:28.005+0000] {processor.py:830} INFO - Processing file /home/airflow/.local/lib/python3.8/site-packages/airflow/example_dags/example_python_decorator.py for tasks to queue
[2023-12-24T14:34:28.010+0000] {logging_mixin.py:188} INFO - [2023-12-24T14:34:28.009+0000] {dagbag.py:538} INFO - Filling up the DagBag from /home/airflow/.local/lib/python3.8/site-packages/airflow/example_dags/example_python_decorator.py
[2023-12-24T14:34:28.030+0000] {processor.py:840} INFO - DAG(s) 'example_python_decorator' retrieved from /home/airflow/.local/lib/python3.8/site-packages/airflow/example_dags/example_python_decorator.py
[2023-12-24T14:34:28.080+0000] {logging_mixin.py:188} INFO - [2023-12-24T14:34:28.080+0000] {dag.py:3033} INFO - Sync 1 DAGs
[2023-12-24T14:34:28.108+0000] {logging_mixin.py:188} INFO - [2023-12-24T14:34:28.108+0000] {dag.py:3820} INFO - Setting next_dagrun for example_python_decorator to None, run_after=None
[2023-12-24T14:34:28.150+0000] {processor.py:183} INFO - Processing /home/airflow/.local/lib/python3.8/site-packages/airflow/example_dags/example_python_decorator.py took 0.153 seconds
[2023-12-24T14:34:59.402+0000] {processor.py:161} INFO - Started process (PID=246) to work on /home/airflow/.local/lib/python3.8/site-packages/airflow/example_dags/example_python_decorator.py
[2023-12-24T14:34:59.406+0000] {processor.py:830} INFO - Processing file /home/airflow/.local/lib/python3.8/site-packages/airflow/example_dags/example_python_decorator.py for tasks to queue
[2023-12-24T14:34:59.412+0000] {logging_mixin.py:188} INFO - [2023-12-24T14:34:59.411+0000] {dagbag.py:538} INFO - Filling up the DagBag from /home/airflow/.local/lib/python3.8/site-packages/airflow/example_dags/example_python_decorator.py
[2023-12-24T14:34:59.466+0000] {processor.py:840} INFO - DAG(s) 'example_python_decorator' retrieved from /home/airflow/.local/lib/python3.8/site-packages/airflow/example_dags/example_python_decorator.py
[2023-12-24T14:34:59.532+0000] {logging_mixin.py:188} INFO - [2023-12-24T14:34:59.531+0000] {dag.py:3033} INFO - Sync 1 DAGs
[2023-12-24T14:34:59.576+0000] {logging_mixin.py:188} INFO - [2023-12-24T14:34:59.576+0000] {dag.py:3820} INFO - Setting next_dagrun for example_python_decorator to None, run_after=None
[2023-12-24T14:34:59.614+0000] {processor.py:183} INFO - Processing /home/airflow/.local/lib/python3.8/site-packages/airflow/example_dags/example_python_decorator.py took 0.222 seconds
[2023-12-24T14:35:29.850+0000] {processor.py:161} INFO - Started process (PID=304) to work on /home/airflow/.local/lib/python3.8/site-packages/airflow/example_dags/example_python_decorator.py
[2023-12-24T14:35:29.852+0000] {processor.py:830} INFO - Processing file /home/airflow/.local/lib/python3.8/site-packages/airflow/example_dags/example_python_decorator.py for tasks to queue
[2023-12-24T14:35:29.859+0000] {logging_mixin.py:188} INFO - [2023-12-24T14:35:29.858+0000] {dagbag.py:538} INFO - Filling up the DagBag from /home/airflow/.local/lib/python3.8/site-packages/airflow/example_dags/example_python_decorator.py
[2023-12-24T14:35:29.878+0000] {processor.py:840} INFO - DAG(s) 'example_python_decorator' retrieved from /home/airflow/.local/lib/python3.8/site-packages/airflow/example_dags/example_python_decorator.py
[2023-12-24T14:35:29.915+0000] {logging_mixin.py:188} INFO - [2023-12-24T14:35:29.914+0000] {dag.py:3033} INFO - Sync 1 DAGs
[2023-12-24T14:35:29.939+0000] {logging_mixin.py:188} INFO - [2023-12-24T14:35:29.938+0000] {dag.py:3820} INFO - Setting next_dagrun for example_python_decorator to None, run_after=None
[2023-12-24T14:35:29.974+0000] {processor.py:183} INFO - Processing /home/airflow/.local/lib/python3.8/site-packages/airflow/example_dags/example_python_decorator.py took 0.132 seconds
[2023-12-24T14:36:00.962+0000] {processor.py:161} INFO - Started process (PID=363) to work on /home/airflow/.local/lib/python3.8/site-packages/airflow/example_dags/example_python_decorator.py
[2023-12-24T14:36:00.965+0000] {processor.py:830} INFO - Processing file /home/airflow/.local/lib/python3.8/site-packages/airflow/example_dags/example_python_decorator.py for tasks to queue
[2023-12-24T14:36:00.971+0000] {logging_mixin.py:188} INFO - [2023-12-24T14:36:00.971+0000] {dagbag.py:538} INFO - Filling up the DagBag from /home/airflow/.local/lib/python3.8/site-packages/airflow/example_dags/example_python_decorator.py
[2023-12-24T14:36:01.004+0000] {processor.py:840} INFO - DAG(s) 'example_python_decorator' retrieved from /home/airflow/.local/lib/python3.8/site-packages/airflow/example_dags/example_python_decorator.py
[2023-12-24T14:36:01.079+0000] {logging_mixin.py:188} INFO - [2023-12-24T14:36:01.078+0000] {dag.py:3033} INFO - Sync 1 DAGs
[2023-12-24T14:36:01.121+0000] {logging_mixin.py:188} INFO - [2023-12-24T14:36:01.120+0000] {dag.py:3820} INFO - Setting next_dagrun for example_python_decorator to None, run_after=None
[2023-12-24T14:36:01.183+0000] {processor.py:183} INFO - Processing /home/airflow/.local/lib/python3.8/site-packages/airflow/example_dags/example_python_decorator.py took 0.230 seconds
[2023-12-24T14:36:31.588+0000] {processor.py:161} INFO - Started process (PID=421) to work on /home/airflow/.local/lib/python3.8/site-packages/airflow/example_dags/example_python_decorator.py
[2023-12-24T14:36:31.590+0000] {processor.py:830} INFO - Processing file /home/airflow/.local/lib/python3.8/site-packages/airflow/example_dags/example_python_decorator.py for tasks to queue
[2023-12-24T14:36:31.596+0000] {logging_mixin.py:188} INFO - [2023-12-24T14:36:31.595+0000] {dagbag.py:538} INFO - Filling up the DagBag from /home/airflow/.local/lib/python3.8/site-packages/airflow/example_dags/example_python_decorator.py
[2023-12-24T14:36:31.616+0000] {processor.py:840} INFO - DAG(s) 'example_python_decorator' retrieved from /home/airflow/.local/lib/python3.8/site-packages/airflow/example_dags/example_python_decorator.py
[2023-12-24T14:36:31.692+0000] {logging_mixin.py:188} INFO - [2023-12-24T14:36:31.691+0000] {dag.py:3033} INFO - Sync 1 DAGs
[2023-12-24T14:36:31.743+0000] {logging_mixin.py:188} INFO - [2023-12-24T14:36:31.742+0000] {dag.py:3820} INFO - Setting next_dagrun for example_python_decorator to None, run_after=None
[2023-12-24T14:36:31.814+0000] {processor.py:183} INFO - Processing /home/airflow/.local/lib/python3.8/site-packages/airflow/example_dags/example_python_decorator.py took 0.232 seconds
[2023-12-24T14:37:02.424+0000] {processor.py:161} INFO - Started process (PID=480) to work on /home/airflow/.local/lib/python3.8/site-packages/airflow/example_dags/example_python_decorator.py
[2023-12-24T14:37:02.426+0000] {processor.py:830} INFO - Processing file /home/airflow/.local/lib/python3.8/site-packages/airflow/example_dags/example_python_decorator.py for tasks to queue
[2023-12-24T14:37:02.432+0000] {logging_mixin.py:188} INFO - [2023-12-24T14:37:02.431+0000] {dagbag.py:538} INFO - Filling up the DagBag from /home/airflow/.local/lib/python3.8/site-packages/airflow/example_dags/example_python_decorator.py
[2023-12-24T14:37:02.450+0000] {processor.py:840} INFO - DAG(s) 'example_python_decorator' retrieved from /home/airflow/.local/lib/python3.8/site-packages/airflow/example_dags/example_python_decorator.py
[2023-12-24T14:37:02.483+0000] {logging_mixin.py:188} INFO - [2023-12-24T14:37:02.483+0000] {dag.py:3033} INFO - Sync 1 DAGs
[2023-12-24T14:37:02.504+0000] {logging_mixin.py:188} INFO - [2023-12-24T14:37:02.503+0000] {dag.py:3820} INFO - Setting next_dagrun for example_python_decorator to None, run_after=None
[2023-12-24T14:37:02.533+0000] {processor.py:183} INFO - Processing /home/airflow/.local/lib/python3.8/site-packages/airflow/example_dags/example_python_decorator.py took 0.115 seconds
[2023-12-24T14:37:32.715+0000] {processor.py:161} INFO - Started process (PID=539) to work on /home/airflow/.local/lib/python3.8/site-packages/airflow/example_dags/example_python_decorator.py
[2023-12-24T14:37:32.717+0000] {processor.py:830} INFO - Processing file /home/airflow/.local/lib/python3.8/site-packages/airflow/example_dags/example_python_decorator.py for tasks to queue
[2023-12-24T14:37:32.721+0000] {logging_mixin.py:188} INFO - [2023-12-24T14:37:32.721+0000] {dagbag.py:538} INFO - Filling up the DagBag from /home/airflow/.local/lib/python3.8/site-packages/airflow/example_dags/example_python_decorator.py
[2023-12-24T14:37:32.740+0000] {processor.py:840} INFO - DAG(s) 'example_python_decorator' retrieved from /home/airflow/.local/lib/python3.8/site-packages/airflow/example_dags/example_python_decorator.py
[2023-12-24T14:37:32.779+0000] {logging_mixin.py:188} INFO - [2023-12-24T14:37:32.779+0000] {dag.py:3033} INFO - Sync 1 DAGs
[2023-12-24T14:37:32.803+0000] {logging_mixin.py:188} INFO - [2023-12-24T14:37:32.803+0000] {dag.py:3820} INFO - Setting next_dagrun for example_python_decorator to None, run_after=None
[2023-12-24T14:37:32.842+0000] {processor.py:183} INFO - Processing /home/airflow/.local/lib/python3.8/site-packages/airflow/example_dags/example_python_decorator.py took 0.134 seconds
[2023-12-24T14:38:04.226+0000] {processor.py:161} INFO - Started process (PID=597) to work on /home/airflow/.local/lib/python3.8/site-packages/airflow/example_dags/example_python_decorator.py
[2023-12-24T14:38:04.228+0000] {processor.py:830} INFO - Processing file /home/airflow/.local/lib/python3.8/site-packages/airflow/example_dags/example_python_decorator.py for tasks to queue
[2023-12-24T14:38:04.234+0000] {logging_mixin.py:188} INFO - [2023-12-24T14:38:04.233+0000] {dagbag.py:538} INFO - Filling up the DagBag from /home/airflow/.local/lib/python3.8/site-packages/airflow/example_dags/example_python_decorator.py
[2023-12-24T14:38:04.280+0000] {processor.py:840} INFO - DAG(s) 'example_python_decorator' retrieved from /home/airflow/.local/lib/python3.8/site-packages/airflow/example_dags/example_python_decorator.py
[2023-12-24T14:38:04.338+0000] {logging_mixin.py:188} INFO - [2023-12-24T14:38:04.338+0000] {dag.py:3033} INFO - Sync 1 DAGs
[2023-12-24T14:38:04.368+0000] {logging_mixin.py:188} INFO - [2023-12-24T14:38:04.368+0000] {dag.py:3820} INFO - Setting next_dagrun for example_python_decorator to None, run_after=None
[2023-12-24T14:38:04.427+0000] {processor.py:183} INFO - Processing /home/airflow/.local/lib/python3.8/site-packages/airflow/example_dags/example_python_decorator.py took 0.209 seconds
[2023-12-24T14:38:34.634+0000] {processor.py:161} INFO - Started process (PID=656) to work on /home/airflow/.local/lib/python3.8/site-packages/airflow/example_dags/example_python_decorator.py
[2023-12-24T14:38:34.636+0000] {processor.py:830} INFO - Processing file /home/airflow/.local/lib/python3.8/site-packages/airflow/example_dags/example_python_decorator.py for tasks to queue
[2023-12-24T14:38:34.642+0000] {logging_mixin.py:188} INFO - [2023-12-24T14:38:34.641+0000] {dagbag.py:538} INFO - Filling up the DagBag from /home/airflow/.local/lib/python3.8/site-packages/airflow/example_dags/example_python_decorator.py
[2023-12-24T14:38:34.665+0000] {processor.py:840} INFO - DAG(s) 'example_python_decorator' retrieved from /home/airflow/.local/lib/python3.8/site-packages/airflow/example_dags/example_python_decorator.py
[2023-12-24T14:38:34.708+0000] {logging_mixin.py:188} INFO - [2023-12-24T14:38:34.708+0000] {dag.py:3033} INFO - Sync 1 DAGs
[2023-12-24T14:38:34.741+0000] {logging_mixin.py:188} INFO - [2023-12-24T14:38:34.740+0000] {dag.py:3820} INFO - Setting next_dagrun for example_python_decorator to None, run_after=None
[2023-12-24T14:38:34.783+0000] {processor.py:183} INFO - Processing /home/airflow/.local/lib/python3.8/site-packages/airflow/example_dags/example_python_decorator.py took 0.156 seconds
[2023-12-24T14:39:05.216+0000] {processor.py:161} INFO - Started process (PID=715) to work on /home/airflow/.local/lib/python3.8/site-packages/airflow/example_dags/example_python_decorator.py
[2023-12-24T14:39:05.218+0000] {processor.py:830} INFO - Processing file /home/airflow/.local/lib/python3.8/site-packages/airflow/example_dags/example_python_decorator.py for tasks to queue
[2023-12-24T14:39:05.222+0000] {logging_mixin.py:188} INFO - [2023-12-24T14:39:05.222+0000] {dagbag.py:538} INFO - Filling up the DagBag from /home/airflow/.local/lib/python3.8/site-packages/airflow/example_dags/example_python_decorator.py
[2023-12-24T14:39:05.240+0000] {processor.py:840} INFO - DAG(s) 'example_python_decorator' retrieved from /home/airflow/.local/lib/python3.8/site-packages/airflow/example_dags/example_python_decorator.py
[2023-12-24T14:39:05.277+0000] {logging_mixin.py:188} INFO - [2023-12-24T14:39:05.277+0000] {dag.py:3033} INFO - Sync 1 DAGs
[2023-12-24T14:39:05.300+0000] {logging_mixin.py:188} INFO - [2023-12-24T14:39:05.300+0000] {dag.py:3820} INFO - Setting next_dagrun for example_python_decorator to None, run_after=None
[2023-12-24T14:39:05.334+0000] {processor.py:183} INFO - Processing /home/airflow/.local/lib/python3.8/site-packages/airflow/example_dags/example_python_decorator.py took 0.125 seconds
[2023-12-24T14:39:36.003+0000] {processor.py:161} INFO - Started process (PID=774) to work on /home/airflow/.local/lib/python3.8/site-packages/airflow/example_dags/example_python_decorator.py
[2023-12-24T14:39:36.006+0000] {processor.py:830} INFO - Processing file /home/airflow/.local/lib/python3.8/site-packages/airflow/example_dags/example_python_decorator.py for tasks to queue
[2023-12-24T14:39:36.012+0000] {logging_mixin.py:188} INFO - [2023-12-24T14:39:36.011+0000] {dagbag.py:538} INFO - Filling up the DagBag from /home/airflow/.local/lib/python3.8/site-packages/airflow/example_dags/example_python_decorator.py
[2023-12-24T14:39:36.033+0000] {processor.py:840} INFO - DAG(s) 'example_python_decorator' retrieved from /home/airflow/.local/lib/python3.8/site-packages/airflow/example_dags/example_python_decorator.py
[2023-12-24T14:39:36.111+0000] {logging_mixin.py:188} INFO - [2023-12-24T14:39:36.110+0000] {dag.py:3033} INFO - Sync 1 DAGs
[2023-12-24T14:39:36.147+0000] {logging_mixin.py:188} INFO - [2023-12-24T14:39:36.146+0000] {dag.py:3820} INFO - Setting next_dagrun for example_python_decorator to None, run_after=None
[2023-12-24T14:39:36.217+0000] {processor.py:183} INFO - Processing /home/airflow/.local/lib/python3.8/site-packages/airflow/example_dags/example_python_decorator.py took 0.232 seconds
[2023-12-24T14:40:06.359+0000] {processor.py:161} INFO - Started process (PID=833) to work on /home/airflow/.local/lib/python3.8/site-packages/airflow/example_dags/example_python_decorator.py
[2023-12-24T14:40:06.361+0000] {processor.py:830} INFO - Processing file /home/airflow/.local/lib/python3.8/site-packages/airflow/example_dags/example_python_decorator.py for tasks to queue
[2023-12-24T14:40:06.366+0000] {logging_mixin.py:188} INFO - [2023-12-24T14:40:06.366+0000] {dagbag.py:538} INFO - Filling up the DagBag from /home/airflow/.local/lib/python3.8/site-packages/airflow/example_dags/example_python_decorator.py
[2023-12-24T14:40:06.388+0000] {processor.py:840} INFO - DAG(s) 'example_python_decorator' retrieved from /home/airflow/.local/lib/python3.8/site-packages/airflow/example_dags/example_python_decorator.py
[2023-12-24T14:40:06.430+0000] {logging_mixin.py:188} INFO - [2023-12-24T14:40:06.430+0000] {dag.py:3033} INFO - Sync 1 DAGs
[2023-12-24T14:40:06.458+0000] {logging_mixin.py:188} INFO - [2023-12-24T14:40:06.457+0000] {dag.py:3820} INFO - Setting next_dagrun for example_python_decorator to None, run_after=None
[2023-12-24T14:40:06.501+0000] {processor.py:183} INFO - Processing /home/airflow/.local/lib/python3.8/site-packages/airflow/example_dags/example_python_decorator.py took 0.150 seconds
[2023-12-24T14:40:36.696+0000] {processor.py:161} INFO - Started process (PID=893) to work on /home/airflow/.local/lib/python3.8/site-packages/airflow/example_dags/example_python_decorator.py
[2023-12-24T14:40:36.697+0000] {processor.py:830} INFO - Processing file /home/airflow/.local/lib/python3.8/site-packages/airflow/example_dags/example_python_decorator.py for tasks to queue
[2023-12-24T14:40:36.702+0000] {logging_mixin.py:188} INFO - [2023-12-24T14:40:36.701+0000] {dagbag.py:538} INFO - Filling up the DagBag from /home/airflow/.local/lib/python3.8/site-packages/airflow/example_dags/example_python_decorator.py
[2023-12-24T14:40:36.720+0000] {processor.py:840} INFO - DAG(s) 'example_python_decorator' retrieved from /home/airflow/.local/lib/python3.8/site-packages/airflow/example_dags/example_python_decorator.py
[2023-12-24T14:40:36.758+0000] {logging_mixin.py:188} INFO - [2023-12-24T14:40:36.758+0000] {dag.py:3033} INFO - Sync 1 DAGs
[2023-12-24T14:40:36.783+0000] {logging_mixin.py:188} INFO - [2023-12-24T14:40:36.783+0000] {dag.py:3820} INFO - Setting next_dagrun for example_python_decorator to None, run_after=None
[2023-12-24T14:40:36.816+0000] {processor.py:183} INFO - Processing /home/airflow/.local/lib/python3.8/site-packages/airflow/example_dags/example_python_decorator.py took 0.127 seconds
[2023-12-24T14:41:07.052+0000] {processor.py:161} INFO - Started process (PID=952) to work on /home/airflow/.local/lib/python3.8/site-packages/airflow/example_dags/example_python_decorator.py
[2023-12-24T14:41:07.054+0000] {processor.py:830} INFO - Processing file /home/airflow/.local/lib/python3.8/site-packages/airflow/example_dags/example_python_decorator.py for tasks to queue
[2023-12-24T14:41:07.059+0000] {logging_mixin.py:188} INFO - [2023-12-24T14:41:07.059+0000] {dagbag.py:538} INFO - Filling up the DagBag from /home/airflow/.local/lib/python3.8/site-packages/airflow/example_dags/example_python_decorator.py
[2023-12-24T14:41:07.085+0000] {processor.py:840} INFO - DAG(s) 'example_python_decorator' retrieved from /home/airflow/.local/lib/python3.8/site-packages/airflow/example_dags/example_python_decorator.py
[2023-12-24T14:41:07.139+0000] {logging_mixin.py:188} INFO - [2023-12-24T14:41:07.139+0000] {dag.py:3033} INFO - Sync 1 DAGs
[2023-12-24T14:41:07.166+0000] {logging_mixin.py:188} INFO - [2023-12-24T14:41:07.166+0000] {dag.py:3820} INFO - Setting next_dagrun for example_python_decorator to None, run_after=None
[2023-12-24T14:41:07.208+0000] {processor.py:183} INFO - Processing /home/airflow/.local/lib/python3.8/site-packages/airflow/example_dags/example_python_decorator.py took 0.165 seconds
[2023-12-24T14:41:37.540+0000] {processor.py:161} INFO - Started process (PID=1011) to work on /home/airflow/.local/lib/python3.8/site-packages/airflow/example_dags/example_python_decorator.py
[2023-12-24T14:41:37.541+0000] {processor.py:830} INFO - Processing file /home/airflow/.local/lib/python3.8/site-packages/airflow/example_dags/example_python_decorator.py for tasks to queue
[2023-12-24T14:41:37.547+0000] {logging_mixin.py:188} INFO - [2023-12-24T14:41:37.546+0000] {dagbag.py:538} INFO - Filling up the DagBag from /home/airflow/.local/lib/python3.8/site-packages/airflow/example_dags/example_python_decorator.py
[2023-12-24T14:41:37.570+0000] {processor.py:840} INFO - DAG(s) 'example_python_decorator' retrieved from /home/airflow/.local/lib/python3.8/site-packages/airflow/example_dags/example_python_decorator.py
[2023-12-24T14:41:37.619+0000] {logging_mixin.py:188} INFO - [2023-12-24T14:41:37.619+0000] {dag.py:3033} INFO - Sync 1 DAGs
[2023-12-24T14:41:37.652+0000] {logging_mixin.py:188} INFO - [2023-12-24T14:41:37.652+0000] {dag.py:3820} INFO - Setting next_dagrun for example_python_decorator to None, run_after=None
[2023-12-24T14:41:37.689+0000] {processor.py:183} INFO - Processing /home/airflow/.local/lib/python3.8/site-packages/airflow/example_dags/example_python_decorator.py took 0.158 seconds
[2023-12-24T14:42:08.329+0000] {processor.py:161} INFO - Started process (PID=1070) to work on /home/airflow/.local/lib/python3.8/site-packages/airflow/example_dags/example_python_decorator.py
[2023-12-24T14:42:08.331+0000] {processor.py:830} INFO - Processing file /home/airflow/.local/lib/python3.8/site-packages/airflow/example_dags/example_python_decorator.py for tasks to queue
[2023-12-24T14:42:08.336+0000] {logging_mixin.py:188} INFO - [2023-12-24T14:42:08.336+0000] {dagbag.py:538} INFO - Filling up the DagBag from /home/airflow/.local/lib/python3.8/site-packages/airflow/example_dags/example_python_decorator.py
[2023-12-24T14:42:08.362+0000] {processor.py:840} INFO - DAG(s) 'example_python_decorator' retrieved from /home/airflow/.local/lib/python3.8/site-packages/airflow/example_dags/example_python_decorator.py
[2023-12-24T14:42:08.403+0000] {logging_mixin.py:188} INFO - [2023-12-24T14:42:08.403+0000] {dag.py:3033} INFO - Sync 1 DAGs
[2023-12-24T14:42:08.425+0000] {logging_mixin.py:188} INFO - [2023-12-24T14:42:08.425+0000] {dag.py:3820} INFO - Setting next_dagrun for example_python_decorator to None, run_after=None
[2023-12-24T14:42:08.462+0000] {processor.py:183} INFO - Processing /home/airflow/.local/lib/python3.8/site-packages/airflow/example_dags/example_python_decorator.py took 0.141 seconds
[2023-12-24T14:42:39.341+0000] {processor.py:161} INFO - Started process (PID=1129) to work on /home/airflow/.local/lib/python3.8/site-packages/airflow/example_dags/example_python_decorator.py
[2023-12-24T14:42:39.343+0000] {processor.py:830} INFO - Processing file /home/airflow/.local/lib/python3.8/site-packages/airflow/example_dags/example_python_decorator.py for tasks to queue
[2023-12-24T14:42:39.348+0000] {logging_mixin.py:188} INFO - [2023-12-24T14:42:39.347+0000] {dagbag.py:538} INFO - Filling up the DagBag from /home/airflow/.local/lib/python3.8/site-packages/airflow/example_dags/example_python_decorator.py
[2023-12-24T14:42:39.378+0000] {processor.py:840} INFO - DAG(s) 'example_python_decorator' retrieved from /home/airflow/.local/lib/python3.8/site-packages/airflow/example_dags/example_python_decorator.py
[2023-12-24T14:42:39.434+0000] {logging_mixin.py:188} INFO - [2023-12-24T14:42:39.433+0000] {dag.py:3033} INFO - Sync 1 DAGs
[2023-12-24T14:42:39.472+0000] {logging_mixin.py:188} INFO - [2023-12-24T14:42:39.471+0000] {dag.py:3820} INFO - Setting next_dagrun for example_python_decorator to None, run_after=None
[2023-12-24T14:42:39.518+0000] {processor.py:183} INFO - Processing /home/airflow/.local/lib/python3.8/site-packages/airflow/example_dags/example_python_decorator.py took 0.184 seconds
[2023-12-24T14:43:10.064+0000] {processor.py:161} INFO - Started process (PID=1188) to work on /home/airflow/.local/lib/python3.8/site-packages/airflow/example_dags/example_python_decorator.py
[2023-12-24T14:43:10.066+0000] {processor.py:830} INFO - Processing file /home/airflow/.local/lib/python3.8/site-packages/airflow/example_dags/example_python_decorator.py for tasks to queue
[2023-12-24T14:43:10.072+0000] {logging_mixin.py:188} INFO - [2023-12-24T14:43:10.072+0000] {dagbag.py:538} INFO - Filling up the DagBag from /home/airflow/.local/lib/python3.8/site-packages/airflow/example_dags/example_python_decorator.py
[2023-12-24T14:43:10.112+0000] {processor.py:840} INFO - DAG(s) 'example_python_decorator' retrieved from /home/airflow/.local/lib/python3.8/site-packages/airflow/example_dags/example_python_decorator.py
[2023-12-24T14:43:10.159+0000] {logging_mixin.py:188} INFO - [2023-12-24T14:43:10.158+0000] {dag.py:3033} INFO - Sync 1 DAGs
[2023-12-24T14:43:10.189+0000] {logging_mixin.py:188} INFO - [2023-12-24T14:43:10.188+0000] {dag.py:3820} INFO - Setting next_dagrun for example_python_decorator to None, run_after=None
[2023-12-24T14:43:10.225+0000] {processor.py:183} INFO - Processing /home/airflow/.local/lib/python3.8/site-packages/airflow/example_dags/example_python_decorator.py took 0.169 seconds
[2023-12-24T14:43:41.153+0000] {processor.py:161} INFO - Started process (PID=1247) to work on /home/airflow/.local/lib/python3.8/site-packages/airflow/example_dags/example_python_decorator.py
[2023-12-24T14:43:41.156+0000] {processor.py:830} INFO - Processing file /home/airflow/.local/lib/python3.8/site-packages/airflow/example_dags/example_python_decorator.py for tasks to queue
[2023-12-24T14:43:41.166+0000] {logging_mixin.py:188} INFO - [2023-12-24T14:43:41.165+0000] {dagbag.py:538} INFO - Filling up the DagBag from /home/airflow/.local/lib/python3.8/site-packages/airflow/example_dags/example_python_decorator.py
[2023-12-24T14:43:41.193+0000] {processor.py:840} INFO - DAG(s) 'example_python_decorator' retrieved from /home/airflow/.local/lib/python3.8/site-packages/airflow/example_dags/example_python_decorator.py
[2023-12-24T14:43:41.264+0000] {logging_mixin.py:188} INFO - [2023-12-24T14:43:41.263+0000] {dag.py:3033} INFO - Sync 1 DAGs
[2023-12-24T14:43:41.303+0000] {logging_mixin.py:188} INFO - [2023-12-24T14:43:41.303+0000] {dag.py:3820} INFO - Setting next_dagrun for example_python_decorator to None, run_after=None
[2023-12-24T14:43:41.357+0000] {processor.py:183} INFO - Processing /home/airflow/.local/lib/python3.8/site-packages/airflow/example_dags/example_python_decorator.py took 0.214 seconds
[2023-12-24T14:44:12.151+0000] {processor.py:161} INFO - Started process (PID=1306) to work on /home/airflow/.local/lib/python3.8/site-packages/airflow/example_dags/example_python_decorator.py
[2023-12-24T14:44:12.152+0000] {processor.py:830} INFO - Processing file /home/airflow/.local/lib/python3.8/site-packages/airflow/example_dags/example_python_decorator.py for tasks to queue
[2023-12-24T14:44:12.157+0000] {logging_mixin.py:188} INFO - [2023-12-24T14:44:12.157+0000] {dagbag.py:538} INFO - Filling up the DagBag from /home/airflow/.local/lib/python3.8/site-packages/airflow/example_dags/example_python_decorator.py
[2023-12-24T14:44:12.183+0000] {processor.py:840} INFO - DAG(s) 'example_python_decorator' retrieved from /home/airflow/.local/lib/python3.8/site-packages/airflow/example_dags/example_python_decorator.py
[2023-12-24T14:44:12.222+0000] {logging_mixin.py:188} INFO - [2023-12-24T14:44:12.222+0000] {dag.py:3033} INFO - Sync 1 DAGs
[2023-12-24T14:44:12.249+0000] {logging_mixin.py:188} INFO - [2023-12-24T14:44:12.248+0000] {dag.py:3820} INFO - Setting next_dagrun for example_python_decorator to None, run_after=None
[2023-12-24T14:44:12.282+0000] {processor.py:183} INFO - Processing /home/airflow/.local/lib/python3.8/site-packages/airflow/example_dags/example_python_decorator.py took 0.137 seconds
[2023-12-24T14:44:42.685+0000] {processor.py:161} INFO - Started process (PID=1365) to work on /home/airflow/.local/lib/python3.8/site-packages/airflow/example_dags/example_python_decorator.py
[2023-12-24T14:44:42.687+0000] {processor.py:830} INFO - Processing file /home/airflow/.local/lib/python3.8/site-packages/airflow/example_dags/example_python_decorator.py for tasks to queue
[2023-12-24T14:44:42.692+0000] {logging_mixin.py:188} INFO - [2023-12-24T14:44:42.692+0000] {dagbag.py:538} INFO - Filling up the DagBag from /home/airflow/.local/lib/python3.8/site-packages/airflow/example_dags/example_python_decorator.py
[2023-12-24T14:44:42.718+0000] {processor.py:840} INFO - DAG(s) 'example_python_decorator' retrieved from /home/airflow/.local/lib/python3.8/site-packages/airflow/example_dags/example_python_decorator.py
[2023-12-24T14:44:42.760+0000] {logging_mixin.py:188} INFO - [2023-12-24T14:44:42.759+0000] {dag.py:3033} INFO - Sync 1 DAGs
[2023-12-24T14:44:42.792+0000] {logging_mixin.py:188} INFO - [2023-12-24T14:44:42.792+0000] {dag.py:3820} INFO - Setting next_dagrun for example_python_decorator to None, run_after=None
[2023-12-24T14:44:42.839+0000] {processor.py:183} INFO - Processing /home/airflow/.local/lib/python3.8/site-packages/airflow/example_dags/example_python_decorator.py took 0.161 seconds
[2023-12-24T14:45:12.937+0000] {processor.py:161} INFO - Started process (PID=1424) to work on /home/airflow/.local/lib/python3.8/site-packages/airflow/example_dags/example_python_decorator.py
[2023-12-24T14:45:12.939+0000] {processor.py:830} INFO - Processing file /home/airflow/.local/lib/python3.8/site-packages/airflow/example_dags/example_python_decorator.py for tasks to queue
[2023-12-24T14:45:12.944+0000] {logging_mixin.py:188} INFO - [2023-12-24T14:45:12.943+0000] {dagbag.py:538} INFO - Filling up the DagBag from /home/airflow/.local/lib/python3.8/site-packages/airflow/example_dags/example_python_decorator.py
[2023-12-24T14:45:12.962+0000] {processor.py:840} INFO - DAG(s) 'example_python_decorator' retrieved from /home/airflow/.local/lib/python3.8/site-packages/airflow/example_dags/example_python_decorator.py
[2023-12-24T14:45:13.000+0000] {logging_mixin.py:188} INFO - [2023-12-24T14:45:13.000+0000] {dag.py:3033} INFO - Sync 1 DAGs
[2023-12-24T14:45:13.026+0000] {logging_mixin.py:188} INFO - [2023-12-24T14:45:13.025+0000] {dag.py:3820} INFO - Setting next_dagrun for example_python_decorator to None, run_after=None
[2023-12-24T14:45:13.064+0000] {processor.py:183} INFO - Processing /home/airflow/.local/lib/python3.8/site-packages/airflow/example_dags/example_python_decorator.py took 0.134 seconds
