[2023-12-24T14:03:48.001+0000] {processor.py:161} INFO - Started process (PID=113) to work on /home/airflow/.local/lib/python3.8/site-packages/airflow/example_dags/example_nested_branch_dag.py
[2023-12-24T14:03:48.002+0000] {processor.py:830} INFO - Processing file /home/airflow/.local/lib/python3.8/site-packages/airflow/example_dags/example_nested_branch_dag.py for tasks to queue
[2023-12-24T14:03:48.006+0000] {logging_mixin.py:188} INFO - [2023-12-24T14:03:48.005+0000] {dagbag.py:538} INFO - Filling up the DagBag from /home/airflow/.local/lib/python3.8/site-packages/airflow/example_dags/example_nested_branch_dag.py
[2023-12-24T14:03:48.021+0000] {processor.py:840} INFO - DAG(s) 'example_nested_branch_dag' retrieved from /home/airflow/.local/lib/python3.8/site-packages/airflow/example_dags/example_nested_branch_dag.py
[2023-12-24T14:03:48.148+0000] {logging_mixin.py:188} INFO - [2023-12-24T14:03:48.148+0000] {dag.py:3033} INFO - Sync 1 DAGs
[2023-12-24T14:03:48.178+0000] {logging_mixin.py:188} INFO - [2023-12-24T14:03:48.178+0000] {dag.py:3820} INFO - Setting next_dagrun for example_nested_branch_dag to 2023-12-23T00:00:00+00:00, run_after=2023-12-24T00:00:00+00:00
[2023-12-24T14:03:48.199+0000] {processor.py:183} INFO - Processing /home/airflow/.local/lib/python3.8/site-packages/airflow/example_dags/example_nested_branch_dag.py took 0.203 seconds
[2023-12-24T14:05:53.576+0000] {processor.py:161} INFO - Started process (PID=70) to work on /home/airflow/.local/lib/python3.8/site-packages/airflow/example_dags/example_nested_branch_dag.py
[2023-12-24T14:05:53.589+0000] {processor.py:830} INFO - Processing file /home/airflow/.local/lib/python3.8/site-packages/airflow/example_dags/example_nested_branch_dag.py for tasks to queue
[2023-12-24T14:05:53.606+0000] {logging_mixin.py:188} INFO - [2023-12-24T14:05:53.605+0000] {dagbag.py:538} INFO - Filling up the DagBag from /home/airflow/.local/lib/python3.8/site-packages/airflow/example_dags/example_nested_branch_dag.py
[2023-12-24T14:05:53.645+0000] {processor.py:840} INFO - DAG(s) 'example_nested_branch_dag' retrieved from /home/airflow/.local/lib/python3.8/site-packages/airflow/example_dags/example_nested_branch_dag.py
[2023-12-24T14:05:53.939+0000] {logging_mixin.py:188} INFO - [2023-12-24T14:05:53.938+0000] {dag.py:3033} INFO - Sync 1 DAGs
[2023-12-24T14:05:53.996+0000] {logging_mixin.py:188} INFO - [2023-12-24T14:05:53.995+0000] {dag.py:3820} INFO - Setting next_dagrun for example_nested_branch_dag to 2023-12-23T00:00:00+00:00, run_after=2023-12-24T00:00:00+00:00
[2023-12-24T14:05:54.041+0000] {processor.py:183} INFO - Processing /home/airflow/.local/lib/python3.8/site-packages/airflow/example_dags/example_nested_branch_dag.py took 0.483 seconds
[2023-12-24T14:06:37.246+0000] {processor.py:161} INFO - Started process (PID=63) to work on /home/airflow/.local/lib/python3.8/site-packages/airflow/example_dags/example_nested_branch_dag.py
[2023-12-24T14:06:37.249+0000] {processor.py:830} INFO - Processing file /home/airflow/.local/lib/python3.8/site-packages/airflow/example_dags/example_nested_branch_dag.py for tasks to queue
[2023-12-24T14:06:37.255+0000] {logging_mixin.py:188} INFO - [2023-12-24T14:06:37.254+0000] {dagbag.py:538} INFO - Filling up the DagBag from /home/airflow/.local/lib/python3.8/site-packages/airflow/example_dags/example_nested_branch_dag.py
[2023-12-24T14:06:37.278+0000] {processor.py:840} INFO - DAG(s) 'example_nested_branch_dag' retrieved from /home/airflow/.local/lib/python3.8/site-packages/airflow/example_dags/example_nested_branch_dag.py
[2023-12-24T14:06:37.334+0000] {logging_mixin.py:188} INFO - [2023-12-24T14:06:37.334+0000] {dag.py:3033} INFO - Sync 1 DAGs
[2023-12-24T14:06:37.390+0000] {logging_mixin.py:188} INFO - [2023-12-24T14:06:37.389+0000] {dag.py:3820} INFO - Setting next_dagrun for example_nested_branch_dag to 2023-12-23T00:00:00+00:00, run_after=2023-12-24T00:00:00+00:00
[2023-12-24T14:06:37.428+0000] {processor.py:183} INFO - Processing /home/airflow/.local/lib/python3.8/site-packages/airflow/example_dags/example_nested_branch_dag.py took 0.190 seconds
[2023-12-24T14:07:08.439+0000] {processor.py:161} INFO - Started process (PID=122) to work on /home/airflow/.local/lib/python3.8/site-packages/airflow/example_dags/example_nested_branch_dag.py
[2023-12-24T14:07:08.441+0000] {processor.py:830} INFO - Processing file /home/airflow/.local/lib/python3.8/site-packages/airflow/example_dags/example_nested_branch_dag.py for tasks to queue
[2023-12-24T14:07:08.449+0000] {logging_mixin.py:188} INFO - [2023-12-24T14:07:08.448+0000] {dagbag.py:538} INFO - Filling up the DagBag from /home/airflow/.local/lib/python3.8/site-packages/airflow/example_dags/example_nested_branch_dag.py
[2023-12-24T14:07:08.479+0000] {processor.py:840} INFO - DAG(s) 'example_nested_branch_dag' retrieved from /home/airflow/.local/lib/python3.8/site-packages/airflow/example_dags/example_nested_branch_dag.py
[2023-12-24T14:07:08.543+0000] {logging_mixin.py:188} INFO - [2023-12-24T14:07:08.541+0000] {dag.py:3033} INFO - Sync 1 DAGs
[2023-12-24T14:07:08.595+0000] {logging_mixin.py:188} INFO - [2023-12-24T14:07:08.595+0000] {dag.py:3820} INFO - Setting next_dagrun for example_nested_branch_dag to 2023-12-23T00:00:00+00:00, run_after=2023-12-24T00:00:00+00:00
[2023-12-24T14:07:08.649+0000] {processor.py:183} INFO - Processing /home/airflow/.local/lib/python3.8/site-packages/airflow/example_dags/example_nested_branch_dag.py took 0.219 seconds
[2023-12-24T14:07:40.036+0000] {processor.py:161} INFO - Started process (PID=181) to work on /home/airflow/.local/lib/python3.8/site-packages/airflow/example_dags/example_nested_branch_dag.py
[2023-12-24T14:07:40.038+0000] {processor.py:830} INFO - Processing file /home/airflow/.local/lib/python3.8/site-packages/airflow/example_dags/example_nested_branch_dag.py for tasks to queue
[2023-12-24T14:07:40.043+0000] {logging_mixin.py:188} INFO - [2023-12-24T14:07:40.042+0000] {dagbag.py:538} INFO - Filling up the DagBag from /home/airflow/.local/lib/python3.8/site-packages/airflow/example_dags/example_nested_branch_dag.py
[2023-12-24T14:07:40.067+0000] {processor.py:840} INFO - DAG(s) 'example_nested_branch_dag' retrieved from /home/airflow/.local/lib/python3.8/site-packages/airflow/example_dags/example_nested_branch_dag.py
[2023-12-24T14:07:40.104+0000] {logging_mixin.py:188} INFO - [2023-12-24T14:07:40.104+0000] {dag.py:3033} INFO - Sync 1 DAGs
[2023-12-24T14:07:40.151+0000] {logging_mixin.py:188} INFO - [2023-12-24T14:07:40.150+0000] {dag.py:3820} INFO - Setting next_dagrun for example_nested_branch_dag to 2023-12-23T00:00:00+00:00, run_after=2023-12-24T00:00:00+00:00
[2023-12-24T14:07:40.184+0000] {processor.py:183} INFO - Processing /home/airflow/.local/lib/python3.8/site-packages/airflow/example_dags/example_nested_branch_dag.py took 0.155 seconds
[2023-12-24T14:08:12.616+0000] {processor.py:161} INFO - Started process (PID=240) to work on /home/airflow/.local/lib/python3.8/site-packages/airflow/example_dags/example_nested_branch_dag.py
[2023-12-24T14:08:12.627+0000] {processor.py:830} INFO - Processing file /home/airflow/.local/lib/python3.8/site-packages/airflow/example_dags/example_nested_branch_dag.py for tasks to queue
[2023-12-24T14:08:12.671+0000] {logging_mixin.py:188} INFO - [2023-12-24T14:08:12.652+0000] {dagbag.py:538} INFO - Filling up the DagBag from /home/airflow/.local/lib/python3.8/site-packages/airflow/example_dags/example_nested_branch_dag.py
[2023-12-24T14:08:12.734+0000] {processor.py:840} INFO - DAG(s) 'example_nested_branch_dag' retrieved from /home/airflow/.local/lib/python3.8/site-packages/airflow/example_dags/example_nested_branch_dag.py
[2023-12-24T14:08:12.898+0000] {logging_mixin.py:188} INFO - [2023-12-24T14:08:12.898+0000] {dag.py:3033} INFO - Sync 1 DAGs
[2023-12-24T14:08:13.164+0000] {logging_mixin.py:188} INFO - [2023-12-24T14:08:13.163+0000] {dag.py:3820} INFO - Setting next_dagrun for example_nested_branch_dag to 2023-12-23T00:00:00+00:00, run_after=2023-12-24T00:00:00+00:00
[2023-12-24T14:08:13.279+0000] {processor.py:183} INFO - Processing /home/airflow/.local/lib/python3.8/site-packages/airflow/example_dags/example_nested_branch_dag.py took 0.692 seconds
[2023-12-24T14:08:43.439+0000] {processor.py:161} INFO - Started process (PID=299) to work on /home/airflow/.local/lib/python3.8/site-packages/airflow/example_dags/example_nested_branch_dag.py
[2023-12-24T14:08:43.441+0000] {processor.py:830} INFO - Processing file /home/airflow/.local/lib/python3.8/site-packages/airflow/example_dags/example_nested_branch_dag.py for tasks to queue
[2023-12-24T14:08:43.460+0000] {logging_mixin.py:188} INFO - [2023-12-24T14:08:43.459+0000] {dagbag.py:538} INFO - Filling up the DagBag from /home/airflow/.local/lib/python3.8/site-packages/airflow/example_dags/example_nested_branch_dag.py
[2023-12-24T14:08:43.486+0000] {processor.py:840} INFO - DAG(s) 'example_nested_branch_dag' retrieved from /home/airflow/.local/lib/python3.8/site-packages/airflow/example_dags/example_nested_branch_dag.py
[2023-12-24T14:08:43.588+0000] {logging_mixin.py:188} INFO - [2023-12-24T14:08:43.588+0000] {dag.py:3033} INFO - Sync 1 DAGs
[2023-12-24T14:08:43.698+0000] {logging_mixin.py:188} INFO - [2023-12-24T14:08:43.698+0000] {dag.py:3820} INFO - Setting next_dagrun for example_nested_branch_dag to 2023-12-23T00:00:00+00:00, run_after=2023-12-24T00:00:00+00:00
[2023-12-24T14:08:43.781+0000] {processor.py:183} INFO - Processing /home/airflow/.local/lib/python3.8/site-packages/airflow/example_dags/example_nested_branch_dag.py took 0.351 seconds
[2023-12-24T14:09:14.155+0000] {processor.py:161} INFO - Started process (PID=359) to work on /home/airflow/.local/lib/python3.8/site-packages/airflow/example_dags/example_nested_branch_dag.py
[2023-12-24T14:09:14.157+0000] {processor.py:830} INFO - Processing file /home/airflow/.local/lib/python3.8/site-packages/airflow/example_dags/example_nested_branch_dag.py for tasks to queue
[2023-12-24T14:09:14.163+0000] {logging_mixin.py:188} INFO - [2023-12-24T14:09:14.162+0000] {dagbag.py:538} INFO - Filling up the DagBag from /home/airflow/.local/lib/python3.8/site-packages/airflow/example_dags/example_nested_branch_dag.py
[2023-12-24T14:09:14.185+0000] {processor.py:840} INFO - DAG(s) 'example_nested_branch_dag' retrieved from /home/airflow/.local/lib/python3.8/site-packages/airflow/example_dags/example_nested_branch_dag.py
[2023-12-24T14:09:14.225+0000] {logging_mixin.py:188} INFO - [2023-12-24T14:09:14.225+0000] {dag.py:3033} INFO - Sync 1 DAGs
[2023-12-24T14:09:14.271+0000] {logging_mixin.py:188} INFO - [2023-12-24T14:09:14.271+0000] {dag.py:3820} INFO - Setting next_dagrun for example_nested_branch_dag to 2023-12-23T00:00:00+00:00, run_after=2023-12-24T00:00:00+00:00
[2023-12-24T14:09:14.314+0000] {processor.py:183} INFO - Processing /home/airflow/.local/lib/python3.8/site-packages/airflow/example_dags/example_nested_branch_dag.py took 0.168 seconds
[2023-12-24T14:09:44.911+0000] {processor.py:161} INFO - Started process (PID=418) to work on /home/airflow/.local/lib/python3.8/site-packages/airflow/example_dags/example_nested_branch_dag.py
[2023-12-24T14:09:44.913+0000] {processor.py:830} INFO - Processing file /home/airflow/.local/lib/python3.8/site-packages/airflow/example_dags/example_nested_branch_dag.py for tasks to queue
[2023-12-24T14:09:44.918+0000] {logging_mixin.py:188} INFO - [2023-12-24T14:09:44.917+0000] {dagbag.py:538} INFO - Filling up the DagBag from /home/airflow/.local/lib/python3.8/site-packages/airflow/example_dags/example_nested_branch_dag.py
[2023-12-24T14:09:44.943+0000] {processor.py:840} INFO - DAG(s) 'example_nested_branch_dag' retrieved from /home/airflow/.local/lib/python3.8/site-packages/airflow/example_dags/example_nested_branch_dag.py
[2023-12-24T14:09:44.992+0000] {logging_mixin.py:188} INFO - [2023-12-24T14:09:44.991+0000] {dag.py:3033} INFO - Sync 1 DAGs
[2023-12-24T14:09:45.040+0000] {logging_mixin.py:188} INFO - [2023-12-24T14:09:45.040+0000] {dag.py:3820} INFO - Setting next_dagrun for example_nested_branch_dag to 2023-12-23T00:00:00+00:00, run_after=2023-12-24T00:00:00+00:00
[2023-12-24T14:09:45.083+0000] {processor.py:183} INFO - Processing /home/airflow/.local/lib/python3.8/site-packages/airflow/example_dags/example_nested_branch_dag.py took 0.180 seconds
[2023-12-24T14:10:16.804+0000] {processor.py:161} INFO - Started process (PID=482) to work on /home/airflow/.local/lib/python3.8/site-packages/airflow/example_dags/example_nested_branch_dag.py
[2023-12-24T14:10:16.807+0000] {processor.py:830} INFO - Processing file /home/airflow/.local/lib/python3.8/site-packages/airflow/example_dags/example_nested_branch_dag.py for tasks to queue
[2023-12-24T14:10:16.812+0000] {logging_mixin.py:188} INFO - [2023-12-24T14:10:16.811+0000] {dagbag.py:538} INFO - Filling up the DagBag from /home/airflow/.local/lib/python3.8/site-packages/airflow/example_dags/example_nested_branch_dag.py
[2023-12-24T14:10:16.842+0000] {processor.py:840} INFO - DAG(s) 'example_nested_branch_dag' retrieved from /home/airflow/.local/lib/python3.8/site-packages/airflow/example_dags/example_nested_branch_dag.py
[2023-12-24T14:10:16.893+0000] {logging_mixin.py:188} INFO - [2023-12-24T14:10:16.892+0000] {dag.py:3033} INFO - Sync 1 DAGs
[2023-12-24T14:10:16.956+0000] {logging_mixin.py:188} INFO - [2023-12-24T14:10:16.956+0000] {dag.py:3820} INFO - Setting next_dagrun for example_nested_branch_dag to 2023-12-23T00:00:00+00:00, run_after=2023-12-24T00:00:00+00:00
[2023-12-24T14:10:17.003+0000] {processor.py:183} INFO - Processing /home/airflow/.local/lib/python3.8/site-packages/airflow/example_dags/example_nested_branch_dag.py took 0.207 seconds
[2023-12-24T14:10:47.326+0000] {processor.py:161} INFO - Started process (PID=541) to work on /home/airflow/.local/lib/python3.8/site-packages/airflow/example_dags/example_nested_branch_dag.py
[2023-12-24T14:10:47.328+0000] {processor.py:830} INFO - Processing file /home/airflow/.local/lib/python3.8/site-packages/airflow/example_dags/example_nested_branch_dag.py for tasks to queue
[2023-12-24T14:10:47.333+0000] {logging_mixin.py:188} INFO - [2023-12-24T14:10:47.332+0000] {dagbag.py:538} INFO - Filling up the DagBag from /home/airflow/.local/lib/python3.8/site-packages/airflow/example_dags/example_nested_branch_dag.py
[2023-12-24T14:10:47.359+0000] {processor.py:840} INFO - DAG(s) 'example_nested_branch_dag' retrieved from /home/airflow/.local/lib/python3.8/site-packages/airflow/example_dags/example_nested_branch_dag.py
[2023-12-24T14:10:47.398+0000] {logging_mixin.py:188} INFO - [2023-12-24T14:10:47.398+0000] {dag.py:3033} INFO - Sync 1 DAGs
[2023-12-24T14:10:47.448+0000] {logging_mixin.py:188} INFO - [2023-12-24T14:10:47.448+0000] {dag.py:3820} INFO - Setting next_dagrun for example_nested_branch_dag to 2023-12-23T00:00:00+00:00, run_after=2023-12-24T00:00:00+00:00
[2023-12-24T14:10:47.486+0000] {processor.py:183} INFO - Processing /home/airflow/.local/lib/python3.8/site-packages/airflow/example_dags/example_nested_branch_dag.py took 0.168 seconds
[2023-12-24T14:11:19.799+0000] {processor.py:161} INFO - Started process (PID=601) to work on /home/airflow/.local/lib/python3.8/site-packages/airflow/example_dags/example_nested_branch_dag.py
[2023-12-24T14:11:19.801+0000] {processor.py:830} INFO - Processing file /home/airflow/.local/lib/python3.8/site-packages/airflow/example_dags/example_nested_branch_dag.py for tasks to queue
[2023-12-24T14:11:19.814+0000] {logging_mixin.py:188} INFO - [2023-12-24T14:11:19.810+0000] {dagbag.py:538} INFO - Filling up the DagBag from /home/airflow/.local/lib/python3.8/site-packages/airflow/example_dags/example_nested_branch_dag.py
[2023-12-24T14:11:19.855+0000] {processor.py:840} INFO - DAG(s) 'example_nested_branch_dag' retrieved from /home/airflow/.local/lib/python3.8/site-packages/airflow/example_dags/example_nested_branch_dag.py
[2023-12-24T14:11:19.932+0000] {logging_mixin.py:188} INFO - [2023-12-24T14:11:19.931+0000] {dag.py:3033} INFO - Sync 1 DAGs
[2023-12-24T14:11:20.013+0000] {logging_mixin.py:188} INFO - [2023-12-24T14:11:20.013+0000] {dag.py:3820} INFO - Setting next_dagrun for example_nested_branch_dag to 2023-12-23T00:00:00+00:00, run_after=2023-12-24T00:00:00+00:00
[2023-12-24T14:11:20.104+0000] {processor.py:183} INFO - Processing /home/airflow/.local/lib/python3.8/site-packages/airflow/example_dags/example_nested_branch_dag.py took 0.330 seconds
[2023-12-24T14:11:50.221+0000] {processor.py:161} INFO - Started process (PID=660) to work on /home/airflow/.local/lib/python3.8/site-packages/airflow/example_dags/example_nested_branch_dag.py
[2023-12-24T14:11:50.223+0000] {processor.py:830} INFO - Processing file /home/airflow/.local/lib/python3.8/site-packages/airflow/example_dags/example_nested_branch_dag.py for tasks to queue
[2023-12-24T14:11:50.230+0000] {logging_mixin.py:188} INFO - [2023-12-24T14:11:50.229+0000] {dagbag.py:538} INFO - Filling up the DagBag from /home/airflow/.local/lib/python3.8/site-packages/airflow/example_dags/example_nested_branch_dag.py
[2023-12-24T14:11:50.251+0000] {processor.py:840} INFO - DAG(s) 'example_nested_branch_dag' retrieved from /home/airflow/.local/lib/python3.8/site-packages/airflow/example_dags/example_nested_branch_dag.py
[2023-12-24T14:11:50.273+0000] {logging_mixin.py:188} INFO - [2023-12-24T14:11:50.273+0000] {dag.py:3033} INFO - Sync 1 DAGs
[2023-12-24T14:11:50.326+0000] {logging_mixin.py:188} INFO - [2023-12-24T14:11:50.326+0000] {dag.py:3820} INFO - Setting next_dagrun for example_nested_branch_dag to 2023-12-23T00:00:00+00:00, run_after=2023-12-24T00:00:00+00:00
[2023-12-24T14:11:50.363+0000] {processor.py:183} INFO - Processing /home/airflow/.local/lib/python3.8/site-packages/airflow/example_dags/example_nested_branch_dag.py took 0.148 seconds
[2023-12-24T14:12:21.298+0000] {processor.py:161} INFO - Started process (PID=719) to work on /home/airflow/.local/lib/python3.8/site-packages/airflow/example_dags/example_nested_branch_dag.py
[2023-12-24T14:12:21.299+0000] {processor.py:830} INFO - Processing file /home/airflow/.local/lib/python3.8/site-packages/airflow/example_dags/example_nested_branch_dag.py for tasks to queue
[2023-12-24T14:12:21.304+0000] {logging_mixin.py:188} INFO - [2023-12-24T14:12:21.303+0000] {dagbag.py:538} INFO - Filling up the DagBag from /home/airflow/.local/lib/python3.8/site-packages/airflow/example_dags/example_nested_branch_dag.py
[2023-12-24T14:12:21.323+0000] {processor.py:840} INFO - DAG(s) 'example_nested_branch_dag' retrieved from /home/airflow/.local/lib/python3.8/site-packages/airflow/example_dags/example_nested_branch_dag.py
[2023-12-24T14:12:21.503+0000] {logging_mixin.py:188} INFO - [2023-12-24T14:12:21.502+0000] {dag.py:3033} INFO - Sync 1 DAGs
[2023-12-24T14:12:21.539+0000] {logging_mixin.py:188} INFO - [2023-12-24T14:12:21.539+0000] {dag.py:3820} INFO - Setting next_dagrun for example_nested_branch_dag to 2023-12-23T00:00:00+00:00, run_after=2023-12-24T00:00:00+00:00
[2023-12-24T14:12:21.585+0000] {processor.py:183} INFO - Processing /home/airflow/.local/lib/python3.8/site-packages/airflow/example_dags/example_nested_branch_dag.py took 0.293 seconds
[2023-12-24T14:12:52.045+0000] {processor.py:161} INFO - Started process (PID=777) to work on /home/airflow/.local/lib/python3.8/site-packages/airflow/example_dags/example_nested_branch_dag.py
[2023-12-24T14:12:52.048+0000] {processor.py:830} INFO - Processing file /home/airflow/.local/lib/python3.8/site-packages/airflow/example_dags/example_nested_branch_dag.py for tasks to queue
[2023-12-24T14:12:52.054+0000] {logging_mixin.py:188} INFO - [2023-12-24T14:12:52.053+0000] {dagbag.py:538} INFO - Filling up the DagBag from /home/airflow/.local/lib/python3.8/site-packages/airflow/example_dags/example_nested_branch_dag.py
[2023-12-24T14:12:52.080+0000] {processor.py:840} INFO - DAG(s) 'example_nested_branch_dag' retrieved from /home/airflow/.local/lib/python3.8/site-packages/airflow/example_dags/example_nested_branch_dag.py
[2023-12-24T14:12:52.129+0000] {logging_mixin.py:188} INFO - [2023-12-24T14:12:52.129+0000] {dag.py:3033} INFO - Sync 1 DAGs
[2023-12-24T14:12:52.176+0000] {logging_mixin.py:188} INFO - [2023-12-24T14:12:52.176+0000] {dag.py:3820} INFO - Setting next_dagrun for example_nested_branch_dag to 2023-12-23T00:00:00+00:00, run_after=2023-12-24T00:00:00+00:00
[2023-12-24T14:12:52.213+0000] {processor.py:183} INFO - Processing /home/airflow/.local/lib/python3.8/site-packages/airflow/example_dags/example_nested_branch_dag.py took 0.174 seconds
[2023-12-24T14:13:22.615+0000] {processor.py:161} INFO - Started process (PID=836) to work on /home/airflow/.local/lib/python3.8/site-packages/airflow/example_dags/example_nested_branch_dag.py
[2023-12-24T14:13:22.618+0000] {processor.py:830} INFO - Processing file /home/airflow/.local/lib/python3.8/site-packages/airflow/example_dags/example_nested_branch_dag.py for tasks to queue
[2023-12-24T14:13:22.624+0000] {logging_mixin.py:188} INFO - [2023-12-24T14:13:22.623+0000] {dagbag.py:538} INFO - Filling up the DagBag from /home/airflow/.local/lib/python3.8/site-packages/airflow/example_dags/example_nested_branch_dag.py
[2023-12-24T14:13:22.650+0000] {processor.py:840} INFO - DAG(s) 'example_nested_branch_dag' retrieved from /home/airflow/.local/lib/python3.8/site-packages/airflow/example_dags/example_nested_branch_dag.py
[2023-12-24T14:13:22.696+0000] {logging_mixin.py:188} INFO - [2023-12-24T14:13:22.695+0000] {dag.py:3033} INFO - Sync 1 DAGs
[2023-12-24T14:13:22.742+0000] {logging_mixin.py:188} INFO - [2023-12-24T14:13:22.742+0000] {dag.py:3820} INFO - Setting next_dagrun for example_nested_branch_dag to 2023-12-23T00:00:00+00:00, run_after=2023-12-24T00:00:00+00:00
[2023-12-24T14:13:22.773+0000] {processor.py:183} INFO - Processing /home/airflow/.local/lib/python3.8/site-packages/airflow/example_dags/example_nested_branch_dag.py took 0.165 seconds
[2023-12-24T14:13:53.541+0000] {processor.py:161} INFO - Started process (PID=895) to work on /home/airflow/.local/lib/python3.8/site-packages/airflow/example_dags/example_nested_branch_dag.py
[2023-12-24T14:13:53.543+0000] {processor.py:830} INFO - Processing file /home/airflow/.local/lib/python3.8/site-packages/airflow/example_dags/example_nested_branch_dag.py for tasks to queue
[2023-12-24T14:13:53.548+0000] {logging_mixin.py:188} INFO - [2023-12-24T14:13:53.547+0000] {dagbag.py:538} INFO - Filling up the DagBag from /home/airflow/.local/lib/python3.8/site-packages/airflow/example_dags/example_nested_branch_dag.py
[2023-12-24T14:13:53.570+0000] {processor.py:840} INFO - DAG(s) 'example_nested_branch_dag' retrieved from /home/airflow/.local/lib/python3.8/site-packages/airflow/example_dags/example_nested_branch_dag.py
[2023-12-24T14:13:53.621+0000] {logging_mixin.py:188} INFO - [2023-12-24T14:13:53.621+0000] {dag.py:3033} INFO - Sync 1 DAGs
[2023-12-24T14:13:53.670+0000] {logging_mixin.py:188} INFO - [2023-12-24T14:13:53.670+0000] {dag.py:3820} INFO - Setting next_dagrun for example_nested_branch_dag to 2023-12-23T00:00:00+00:00, run_after=2023-12-24T00:00:00+00:00
[2023-12-24T14:13:53.709+0000] {processor.py:183} INFO - Processing /home/airflow/.local/lib/python3.8/site-packages/airflow/example_dags/example_nested_branch_dag.py took 0.176 seconds
[2023-12-24T14:14:24.154+0000] {processor.py:161} INFO - Started process (PID=954) to work on /home/airflow/.local/lib/python3.8/site-packages/airflow/example_dags/example_nested_branch_dag.py
[2023-12-24T14:14:24.156+0000] {processor.py:830} INFO - Processing file /home/airflow/.local/lib/python3.8/site-packages/airflow/example_dags/example_nested_branch_dag.py for tasks to queue
[2023-12-24T14:14:24.160+0000] {logging_mixin.py:188} INFO - [2023-12-24T14:14:24.160+0000] {dagbag.py:538} INFO - Filling up the DagBag from /home/airflow/.local/lib/python3.8/site-packages/airflow/example_dags/example_nested_branch_dag.py
[2023-12-24T14:14:24.183+0000] {processor.py:840} INFO - DAG(s) 'example_nested_branch_dag' retrieved from /home/airflow/.local/lib/python3.8/site-packages/airflow/example_dags/example_nested_branch_dag.py
[2023-12-24T14:14:24.221+0000] {logging_mixin.py:188} INFO - [2023-12-24T14:14:24.221+0000] {dag.py:3033} INFO - Sync 1 DAGs
[2023-12-24T14:14:24.264+0000] {logging_mixin.py:188} INFO - [2023-12-24T14:14:24.264+0000] {dag.py:3820} INFO - Setting next_dagrun for example_nested_branch_dag to 2023-12-23T00:00:00+00:00, run_after=2023-12-24T00:00:00+00:00
[2023-12-24T14:14:24.303+0000] {processor.py:183} INFO - Processing /home/airflow/.local/lib/python3.8/site-packages/airflow/example_dags/example_nested_branch_dag.py took 0.155 seconds
[2023-12-24T14:14:54.730+0000] {processor.py:161} INFO - Started process (PID=1013) to work on /home/airflow/.local/lib/python3.8/site-packages/airflow/example_dags/example_nested_branch_dag.py
[2023-12-24T14:14:54.732+0000] {processor.py:830} INFO - Processing file /home/airflow/.local/lib/python3.8/site-packages/airflow/example_dags/example_nested_branch_dag.py for tasks to queue
[2023-12-24T14:14:54.736+0000] {logging_mixin.py:188} INFO - [2023-12-24T14:14:54.735+0000] {dagbag.py:538} INFO - Filling up the DagBag from /home/airflow/.local/lib/python3.8/site-packages/airflow/example_dags/example_nested_branch_dag.py
[2023-12-24T14:14:54.755+0000] {processor.py:840} INFO - DAG(s) 'example_nested_branch_dag' retrieved from /home/airflow/.local/lib/python3.8/site-packages/airflow/example_dags/example_nested_branch_dag.py
[2023-12-24T14:14:54.793+0000] {logging_mixin.py:188} INFO - [2023-12-24T14:14:54.793+0000] {dag.py:3033} INFO - Sync 1 DAGs
[2023-12-24T14:14:54.832+0000] {logging_mixin.py:188} INFO - [2023-12-24T14:14:54.832+0000] {dag.py:3820} INFO - Setting next_dagrun for example_nested_branch_dag to 2023-12-23T00:00:00+00:00, run_after=2023-12-24T00:00:00+00:00
[2023-12-24T14:14:54.864+0000] {processor.py:183} INFO - Processing /home/airflow/.local/lib/python3.8/site-packages/airflow/example_dags/example_nested_branch_dag.py took 0.140 seconds
[2023-12-24T14:15:25.120+0000] {processor.py:161} INFO - Started process (PID=1072) to work on /home/airflow/.local/lib/python3.8/site-packages/airflow/example_dags/example_nested_branch_dag.py
[2023-12-24T14:15:25.121+0000] {processor.py:830} INFO - Processing file /home/airflow/.local/lib/python3.8/site-packages/airflow/example_dags/example_nested_branch_dag.py for tasks to queue
[2023-12-24T14:15:25.127+0000] {logging_mixin.py:188} INFO - [2023-12-24T14:15:25.126+0000] {dagbag.py:538} INFO - Filling up the DagBag from /home/airflow/.local/lib/python3.8/site-packages/airflow/example_dags/example_nested_branch_dag.py
[2023-12-24T14:15:25.148+0000] {processor.py:840} INFO - DAG(s) 'example_nested_branch_dag' retrieved from /home/airflow/.local/lib/python3.8/site-packages/airflow/example_dags/example_nested_branch_dag.py
[2023-12-24T14:15:25.201+0000] {logging_mixin.py:188} INFO - [2023-12-24T14:15:25.201+0000] {dag.py:3033} INFO - Sync 1 DAGs
[2023-12-24T14:15:25.248+0000] {logging_mixin.py:188} INFO - [2023-12-24T14:15:25.248+0000] {dag.py:3820} INFO - Setting next_dagrun for example_nested_branch_dag to 2023-12-23T00:00:00+00:00, run_after=2023-12-24T00:00:00+00:00
[2023-12-24T14:15:25.285+0000] {processor.py:183} INFO - Processing /home/airflow/.local/lib/python3.8/site-packages/airflow/example_dags/example_nested_branch_dag.py took 0.171 seconds
[2023-12-24T14:15:55.849+0000] {processor.py:161} INFO - Started process (PID=1131) to work on /home/airflow/.local/lib/python3.8/site-packages/airflow/example_dags/example_nested_branch_dag.py
[2023-12-24T14:15:55.850+0000] {processor.py:830} INFO - Processing file /home/airflow/.local/lib/python3.8/site-packages/airflow/example_dags/example_nested_branch_dag.py for tasks to queue
[2023-12-24T14:15:55.855+0000] {logging_mixin.py:188} INFO - [2023-12-24T14:15:55.855+0000] {dagbag.py:538} INFO - Filling up the DagBag from /home/airflow/.local/lib/python3.8/site-packages/airflow/example_dags/example_nested_branch_dag.py
[2023-12-24T14:15:55.876+0000] {processor.py:840} INFO - DAG(s) 'example_nested_branch_dag' retrieved from /home/airflow/.local/lib/python3.8/site-packages/airflow/example_dags/example_nested_branch_dag.py
[2023-12-24T14:15:55.924+0000] {logging_mixin.py:188} INFO - [2023-12-24T14:15:55.923+0000] {dag.py:3033} INFO - Sync 1 DAGs
[2023-12-24T14:15:55.992+0000] {logging_mixin.py:188} INFO - [2023-12-24T14:15:55.991+0000] {dag.py:3820} INFO - Setting next_dagrun for example_nested_branch_dag to 2023-12-23T00:00:00+00:00, run_after=2023-12-24T00:00:00+00:00
[2023-12-24T14:15:56.032+0000] {processor.py:183} INFO - Processing /home/airflow/.local/lib/python3.8/site-packages/airflow/example_dags/example_nested_branch_dag.py took 0.191 seconds
[2023-12-24T14:16:26.678+0000] {processor.py:161} INFO - Started process (PID=1190) to work on /home/airflow/.local/lib/python3.8/site-packages/airflow/example_dags/example_nested_branch_dag.py
[2023-12-24T14:16:26.680+0000] {processor.py:830} INFO - Processing file /home/airflow/.local/lib/python3.8/site-packages/airflow/example_dags/example_nested_branch_dag.py for tasks to queue
[2023-12-24T14:16:26.685+0000] {logging_mixin.py:188} INFO - [2023-12-24T14:16:26.684+0000] {dagbag.py:538} INFO - Filling up the DagBag from /home/airflow/.local/lib/python3.8/site-packages/airflow/example_dags/example_nested_branch_dag.py
[2023-12-24T14:16:26.712+0000] {processor.py:840} INFO - DAG(s) 'example_nested_branch_dag' retrieved from /home/airflow/.local/lib/python3.8/site-packages/airflow/example_dags/example_nested_branch_dag.py
[2023-12-24T14:16:26.764+0000] {logging_mixin.py:188} INFO - [2023-12-24T14:16:26.764+0000] {dag.py:3033} INFO - Sync 1 DAGs
[2023-12-24T14:16:26.815+0000] {logging_mixin.py:188} INFO - [2023-12-24T14:16:26.815+0000] {dag.py:3820} INFO - Setting next_dagrun for example_nested_branch_dag to 2023-12-23T00:00:00+00:00, run_after=2023-12-24T00:00:00+00:00
[2023-12-24T14:16:26.851+0000] {processor.py:183} INFO - Processing /home/airflow/.local/lib/python3.8/site-packages/airflow/example_dags/example_nested_branch_dag.py took 0.180 seconds
[2023-12-24T14:18:42.133+0000] {processor.py:161} INFO - Started process (PID=70) to work on /home/airflow/.local/lib/python3.8/site-packages/airflow/example_dags/example_nested_branch_dag.py
[2023-12-24T14:18:42.135+0000] {processor.py:830} INFO - Processing file /home/airflow/.local/lib/python3.8/site-packages/airflow/example_dags/example_nested_branch_dag.py for tasks to queue
[2023-12-24T14:18:42.141+0000] {logging_mixin.py:188} INFO - [2023-12-24T14:18:42.140+0000] {dagbag.py:538} INFO - Filling up the DagBag from /home/airflow/.local/lib/python3.8/site-packages/airflow/example_dags/example_nested_branch_dag.py
[2023-12-24T14:18:42.168+0000] {processor.py:840} INFO - DAG(s) 'example_nested_branch_dag' retrieved from /home/airflow/.local/lib/python3.8/site-packages/airflow/example_dags/example_nested_branch_dag.py
[2023-12-24T14:18:42.197+0000] {logging_mixin.py:188} INFO - [2023-12-24T14:18:42.196+0000] {dag.py:3033} INFO - Sync 1 DAGs
[2023-12-24T14:18:42.267+0000] {logging_mixin.py:188} INFO - [2023-12-24T14:18:42.266+0000] {dag.py:3820} INFO - Setting next_dagrun for example_nested_branch_dag to 2023-12-23T00:00:00+00:00, run_after=2023-12-24T00:00:00+00:00
[2023-12-24T14:18:42.313+0000] {processor.py:183} INFO - Processing /home/airflow/.local/lib/python3.8/site-packages/airflow/example_dags/example_nested_branch_dag.py took 0.189 seconds
[2023-12-24T14:19:14.227+0000] {processor.py:161} INFO - Started process (PID=130) to work on /home/airflow/.local/lib/python3.8/site-packages/airflow/example_dags/example_nested_branch_dag.py
[2023-12-24T14:19:14.230+0000] {processor.py:830} INFO - Processing file /home/airflow/.local/lib/python3.8/site-packages/airflow/example_dags/example_nested_branch_dag.py for tasks to queue
[2023-12-24T14:19:14.240+0000] {logging_mixin.py:188} INFO - [2023-12-24T14:19:14.240+0000] {dagbag.py:538} INFO - Filling up the DagBag from /home/airflow/.local/lib/python3.8/site-packages/airflow/example_dags/example_nested_branch_dag.py
[2023-12-24T14:19:14.274+0000] {processor.py:840} INFO - DAG(s) 'example_nested_branch_dag' retrieved from /home/airflow/.local/lib/python3.8/site-packages/airflow/example_dags/example_nested_branch_dag.py
[2023-12-24T14:19:14.316+0000] {logging_mixin.py:188} INFO - [2023-12-24T14:19:14.315+0000] {dag.py:3033} INFO - Sync 1 DAGs
[2023-12-24T14:19:14.383+0000] {logging_mixin.py:188} INFO - [2023-12-24T14:19:14.383+0000] {dag.py:3820} INFO - Setting next_dagrun for example_nested_branch_dag to 2023-12-23T00:00:00+00:00, run_after=2023-12-24T00:00:00+00:00
[2023-12-24T14:19:14.431+0000] {processor.py:183} INFO - Processing /home/airflow/.local/lib/python3.8/site-packages/airflow/example_dags/example_nested_branch_dag.py took 0.215 seconds
[2023-12-24T14:19:45.120+0000] {processor.py:161} INFO - Started process (PID=189) to work on /home/airflow/.local/lib/python3.8/site-packages/airflow/example_dags/example_nested_branch_dag.py
[2023-12-24T14:19:45.123+0000] {processor.py:830} INFO - Processing file /home/airflow/.local/lib/python3.8/site-packages/airflow/example_dags/example_nested_branch_dag.py for tasks to queue
[2023-12-24T14:19:45.145+0000] {logging_mixin.py:188} INFO - [2023-12-24T14:19:45.144+0000] {dagbag.py:538} INFO - Filling up the DagBag from /home/airflow/.local/lib/python3.8/site-packages/airflow/example_dags/example_nested_branch_dag.py
[2023-12-24T14:19:45.187+0000] {processor.py:840} INFO - DAG(s) 'example_nested_branch_dag' retrieved from /home/airflow/.local/lib/python3.8/site-packages/airflow/example_dags/example_nested_branch_dag.py
[2023-12-24T14:19:45.549+0000] {logging_mixin.py:188} INFO - [2023-12-24T14:19:45.548+0000] {dag.py:3033} INFO - Sync 1 DAGs
[2023-12-24T14:19:45.615+0000] {logging_mixin.py:188} INFO - [2023-12-24T14:19:45.615+0000] {dag.py:3820} INFO - Setting next_dagrun for example_nested_branch_dag to 2023-12-23T00:00:00+00:00, run_after=2023-12-24T00:00:00+00:00
[2023-12-24T14:19:45.654+0000] {processor.py:183} INFO - Processing /home/airflow/.local/lib/python3.8/site-packages/airflow/example_dags/example_nested_branch_dag.py took 0.543 seconds
[2023-12-24T14:20:16.279+0000] {processor.py:161} INFO - Started process (PID=249) to work on /home/airflow/.local/lib/python3.8/site-packages/airflow/example_dags/example_nested_branch_dag.py
[2023-12-24T14:20:16.280+0000] {processor.py:830} INFO - Processing file /home/airflow/.local/lib/python3.8/site-packages/airflow/example_dags/example_nested_branch_dag.py for tasks to queue
[2023-12-24T14:20:16.289+0000] {logging_mixin.py:188} INFO - [2023-12-24T14:20:16.288+0000] {dagbag.py:538} INFO - Filling up the DagBag from /home/airflow/.local/lib/python3.8/site-packages/airflow/example_dags/example_nested_branch_dag.py
[2023-12-24T14:20:16.319+0000] {processor.py:840} INFO - DAG(s) 'example_nested_branch_dag' retrieved from /home/airflow/.local/lib/python3.8/site-packages/airflow/example_dags/example_nested_branch_dag.py
[2023-12-24T14:20:16.386+0000] {logging_mixin.py:188} INFO - [2023-12-24T14:20:16.386+0000] {dag.py:3033} INFO - Sync 1 DAGs
[2023-12-24T14:20:16.460+0000] {logging_mixin.py:188} INFO - [2023-12-24T14:20:16.460+0000] {dag.py:3820} INFO - Setting next_dagrun for example_nested_branch_dag to 2023-12-23T00:00:00+00:00, run_after=2023-12-24T00:00:00+00:00
[2023-12-24T14:20:16.525+0000] {processor.py:183} INFO - Processing /home/airflow/.local/lib/python3.8/site-packages/airflow/example_dags/example_nested_branch_dag.py took 0.254 seconds
[2023-12-24T14:20:47.199+0000] {processor.py:161} INFO - Started process (PID=307) to work on /home/airflow/.local/lib/python3.8/site-packages/airflow/example_dags/example_nested_branch_dag.py
[2023-12-24T14:20:47.201+0000] {processor.py:830} INFO - Processing file /home/airflow/.local/lib/python3.8/site-packages/airflow/example_dags/example_nested_branch_dag.py for tasks to queue
[2023-12-24T14:20:47.207+0000] {logging_mixin.py:188} INFO - [2023-12-24T14:20:47.206+0000] {dagbag.py:538} INFO - Filling up the DagBag from /home/airflow/.local/lib/python3.8/site-packages/airflow/example_dags/example_nested_branch_dag.py
[2023-12-24T14:20:47.226+0000] {processor.py:840} INFO - DAG(s) 'example_nested_branch_dag' retrieved from /home/airflow/.local/lib/python3.8/site-packages/airflow/example_dags/example_nested_branch_dag.py
[2023-12-24T14:20:47.275+0000] {logging_mixin.py:188} INFO - [2023-12-24T14:20:47.274+0000] {dag.py:3033} INFO - Sync 1 DAGs
[2023-12-24T14:20:47.331+0000] {logging_mixin.py:188} INFO - [2023-12-24T14:20:47.330+0000] {dag.py:3820} INFO - Setting next_dagrun for example_nested_branch_dag to 2023-12-23T00:00:00+00:00, run_after=2023-12-24T00:00:00+00:00
[2023-12-24T14:20:47.371+0000] {processor.py:183} INFO - Processing /home/airflow/.local/lib/python3.8/site-packages/airflow/example_dags/example_nested_branch_dag.py took 0.179 seconds
[2023-12-24T14:21:17.965+0000] {processor.py:161} INFO - Started process (PID=365) to work on /home/airflow/.local/lib/python3.8/site-packages/airflow/example_dags/example_nested_branch_dag.py
[2023-12-24T14:21:17.968+0000] {processor.py:830} INFO - Processing file /home/airflow/.local/lib/python3.8/site-packages/airflow/example_dags/example_nested_branch_dag.py for tasks to queue
[2023-12-24T14:21:17.978+0000] {logging_mixin.py:188} INFO - [2023-12-24T14:21:17.977+0000] {dagbag.py:538} INFO - Filling up the DagBag from /home/airflow/.local/lib/python3.8/site-packages/airflow/example_dags/example_nested_branch_dag.py
[2023-12-24T14:21:18.011+0000] {processor.py:840} INFO - DAG(s) 'example_nested_branch_dag' retrieved from /home/airflow/.local/lib/python3.8/site-packages/airflow/example_dags/example_nested_branch_dag.py
[2023-12-24T14:21:18.079+0000] {logging_mixin.py:188} INFO - [2023-12-24T14:21:18.078+0000] {dag.py:3033} INFO - Sync 1 DAGs
[2023-12-24T14:21:18.122+0000] {logging_mixin.py:188} INFO - [2023-12-24T14:21:18.121+0000] {dag.py:3820} INFO - Setting next_dagrun for example_nested_branch_dag to 2023-12-23T00:00:00+00:00, run_after=2023-12-24T00:00:00+00:00
[2023-12-24T14:21:18.162+0000] {processor.py:183} INFO - Processing /home/airflow/.local/lib/python3.8/site-packages/airflow/example_dags/example_nested_branch_dag.py took 0.212 seconds
[2023-12-24T14:21:48.212+0000] {processor.py:161} INFO - Started process (PID=423) to work on /home/airflow/.local/lib/python3.8/site-packages/airflow/example_dags/example_nested_branch_dag.py
[2023-12-24T14:21:48.214+0000] {processor.py:830} INFO - Processing file /home/airflow/.local/lib/python3.8/site-packages/airflow/example_dags/example_nested_branch_dag.py for tasks to queue
[2023-12-24T14:21:48.219+0000] {logging_mixin.py:188} INFO - [2023-12-24T14:21:48.218+0000] {dagbag.py:538} INFO - Filling up the DagBag from /home/airflow/.local/lib/python3.8/site-packages/airflow/example_dags/example_nested_branch_dag.py
[2023-12-24T14:21:48.238+0000] {processor.py:840} INFO - DAG(s) 'example_nested_branch_dag' retrieved from /home/airflow/.local/lib/python3.8/site-packages/airflow/example_dags/example_nested_branch_dag.py
[2023-12-24T14:21:48.278+0000] {logging_mixin.py:188} INFO - [2023-12-24T14:21:48.278+0000] {dag.py:3033} INFO - Sync 1 DAGs
[2023-12-24T14:21:48.321+0000] {logging_mixin.py:188} INFO - [2023-12-24T14:21:48.321+0000] {dag.py:3820} INFO - Setting next_dagrun for example_nested_branch_dag to 2023-12-23T00:00:00+00:00, run_after=2023-12-24T00:00:00+00:00
[2023-12-24T14:21:48.357+0000] {processor.py:183} INFO - Processing /home/airflow/.local/lib/python3.8/site-packages/airflow/example_dags/example_nested_branch_dag.py took 0.152 seconds
[2023-12-24T14:22:19.385+0000] {processor.py:161} INFO - Started process (PID=481) to work on /home/airflow/.local/lib/python3.8/site-packages/airflow/example_dags/example_nested_branch_dag.py
[2023-12-24T14:22:19.387+0000] {processor.py:830} INFO - Processing file /home/airflow/.local/lib/python3.8/site-packages/airflow/example_dags/example_nested_branch_dag.py for tasks to queue
[2023-12-24T14:22:19.392+0000] {logging_mixin.py:188} INFO - [2023-12-24T14:22:19.392+0000] {dagbag.py:538} INFO - Filling up the DagBag from /home/airflow/.local/lib/python3.8/site-packages/airflow/example_dags/example_nested_branch_dag.py
[2023-12-24T14:22:19.421+0000] {processor.py:840} INFO - DAG(s) 'example_nested_branch_dag' retrieved from /home/airflow/.local/lib/python3.8/site-packages/airflow/example_dags/example_nested_branch_dag.py
[2023-12-24T14:22:19.471+0000] {logging_mixin.py:188} INFO - [2023-12-24T14:22:19.471+0000] {dag.py:3033} INFO - Sync 1 DAGs
[2023-12-24T14:22:19.528+0000] {logging_mixin.py:188} INFO - [2023-12-24T14:22:19.528+0000] {dag.py:3820} INFO - Setting next_dagrun for example_nested_branch_dag to 2023-12-23T00:00:00+00:00, run_after=2023-12-24T00:00:00+00:00
[2023-12-24T14:22:19.583+0000] {processor.py:183} INFO - Processing /home/airflow/.local/lib/python3.8/site-packages/airflow/example_dags/example_nested_branch_dag.py took 0.205 seconds
[2023-12-24T14:22:50.288+0000] {processor.py:161} INFO - Started process (PID=540) to work on /home/airflow/.local/lib/python3.8/site-packages/airflow/example_dags/example_nested_branch_dag.py
[2023-12-24T14:22:50.290+0000] {processor.py:830} INFO - Processing file /home/airflow/.local/lib/python3.8/site-packages/airflow/example_dags/example_nested_branch_dag.py for tasks to queue
[2023-12-24T14:22:50.297+0000] {logging_mixin.py:188} INFO - [2023-12-24T14:22:50.296+0000] {dagbag.py:538} INFO - Filling up the DagBag from /home/airflow/.local/lib/python3.8/site-packages/airflow/example_dags/example_nested_branch_dag.py
[2023-12-24T14:22:50.325+0000] {processor.py:840} INFO - DAG(s) 'example_nested_branch_dag' retrieved from /home/airflow/.local/lib/python3.8/site-packages/airflow/example_dags/example_nested_branch_dag.py
[2023-12-24T14:22:50.383+0000] {logging_mixin.py:188} INFO - [2023-12-24T14:22:50.382+0000] {dag.py:3033} INFO - Sync 1 DAGs
[2023-12-24T14:22:50.440+0000] {logging_mixin.py:188} INFO - [2023-12-24T14:22:50.439+0000] {dag.py:3820} INFO - Setting next_dagrun for example_nested_branch_dag to 2023-12-23T00:00:00+00:00, run_after=2023-12-24T00:00:00+00:00
[2023-12-24T14:22:50.477+0000] {processor.py:183} INFO - Processing /home/airflow/.local/lib/python3.8/site-packages/airflow/example_dags/example_nested_branch_dag.py took 0.198 seconds
[2023-12-24T14:23:20.667+0000] {processor.py:161} INFO - Started process (PID=598) to work on /home/airflow/.local/lib/python3.8/site-packages/airflow/example_dags/example_nested_branch_dag.py
[2023-12-24T14:23:20.669+0000] {processor.py:830} INFO - Processing file /home/airflow/.local/lib/python3.8/site-packages/airflow/example_dags/example_nested_branch_dag.py for tasks to queue
[2023-12-24T14:23:20.674+0000] {logging_mixin.py:188} INFO - [2023-12-24T14:23:20.674+0000] {dagbag.py:538} INFO - Filling up the DagBag from /home/airflow/.local/lib/python3.8/site-packages/airflow/example_dags/example_nested_branch_dag.py
[2023-12-24T14:23:20.699+0000] {processor.py:840} INFO - DAG(s) 'example_nested_branch_dag' retrieved from /home/airflow/.local/lib/python3.8/site-packages/airflow/example_dags/example_nested_branch_dag.py
[2023-12-24T14:23:20.738+0000] {logging_mixin.py:188} INFO - [2023-12-24T14:23:20.738+0000] {dag.py:3033} INFO - Sync 1 DAGs
[2023-12-24T14:23:20.778+0000] {logging_mixin.py:188} INFO - [2023-12-24T14:23:20.777+0000] {dag.py:3820} INFO - Setting next_dagrun for example_nested_branch_dag to 2023-12-23T00:00:00+00:00, run_after=2023-12-24T00:00:00+00:00
[2023-12-24T14:23:20.808+0000] {processor.py:183} INFO - Processing /home/airflow/.local/lib/python3.8/site-packages/airflow/example_dags/example_nested_branch_dag.py took 0.147 seconds
[2023-12-24T14:23:51.211+0000] {processor.py:161} INFO - Started process (PID=655) to work on /home/airflow/.local/lib/python3.8/site-packages/airflow/example_dags/example_nested_branch_dag.py
[2023-12-24T14:23:51.213+0000] {processor.py:830} INFO - Processing file /home/airflow/.local/lib/python3.8/site-packages/airflow/example_dags/example_nested_branch_dag.py for tasks to queue
[2023-12-24T14:23:51.217+0000] {logging_mixin.py:188} INFO - [2023-12-24T14:23:51.217+0000] {dagbag.py:538} INFO - Filling up the DagBag from /home/airflow/.local/lib/python3.8/site-packages/airflow/example_dags/example_nested_branch_dag.py
[2023-12-24T14:23:51.236+0000] {processor.py:840} INFO - DAG(s) 'example_nested_branch_dag' retrieved from /home/airflow/.local/lib/python3.8/site-packages/airflow/example_dags/example_nested_branch_dag.py
[2023-12-24T14:23:51.282+0000] {logging_mixin.py:188} INFO - [2023-12-24T14:23:51.281+0000] {dag.py:3033} INFO - Sync 1 DAGs
[2023-12-24T14:23:51.339+0000] {logging_mixin.py:188} INFO - [2023-12-24T14:23:51.339+0000] {dag.py:3820} INFO - Setting next_dagrun for example_nested_branch_dag to 2023-12-23T00:00:00+00:00, run_after=2023-12-24T00:00:00+00:00
[2023-12-24T14:23:51.387+0000] {processor.py:183} INFO - Processing /home/airflow/.local/lib/python3.8/site-packages/airflow/example_dags/example_nested_branch_dag.py took 0.183 seconds
[2023-12-24T14:24:21.802+0000] {processor.py:161} INFO - Started process (PID=714) to work on /home/airflow/.local/lib/python3.8/site-packages/airflow/example_dags/example_nested_branch_dag.py
[2023-12-24T14:24:21.806+0000] {processor.py:830} INFO - Processing file /home/airflow/.local/lib/python3.8/site-packages/airflow/example_dags/example_nested_branch_dag.py for tasks to queue
[2023-12-24T14:24:21.816+0000] {logging_mixin.py:188} INFO - [2023-12-24T14:24:21.814+0000] {dagbag.py:538} INFO - Filling up the DagBag from /home/airflow/.local/lib/python3.8/site-packages/airflow/example_dags/example_nested_branch_dag.py
[2023-12-24T14:24:21.851+0000] {processor.py:840} INFO - DAG(s) 'example_nested_branch_dag' retrieved from /home/airflow/.local/lib/python3.8/site-packages/airflow/example_dags/example_nested_branch_dag.py
[2023-12-24T14:24:21.930+0000] {logging_mixin.py:188} INFO - [2023-12-24T14:24:21.930+0000] {dag.py:3033} INFO - Sync 1 DAGs
[2023-12-24T14:24:21.998+0000] {logging_mixin.py:188} INFO - [2023-12-24T14:24:21.997+0000] {dag.py:3820} INFO - Setting next_dagrun for example_nested_branch_dag to 2023-12-23T00:00:00+00:00, run_after=2023-12-24T00:00:00+00:00
[2023-12-24T14:24:22.047+0000] {processor.py:183} INFO - Processing /home/airflow/.local/lib/python3.8/site-packages/airflow/example_dags/example_nested_branch_dag.py took 0.253 seconds
[2023-12-24T14:24:52.739+0000] {processor.py:161} INFO - Started process (PID=772) to work on /home/airflow/.local/lib/python3.8/site-packages/airflow/example_dags/example_nested_branch_dag.py
[2023-12-24T14:24:52.753+0000] {processor.py:830} INFO - Processing file /home/airflow/.local/lib/python3.8/site-packages/airflow/example_dags/example_nested_branch_dag.py for tasks to queue
[2023-12-24T14:24:52.780+0000] {logging_mixin.py:188} INFO - [2023-12-24T14:24:52.779+0000] {dagbag.py:538} INFO - Filling up the DagBag from /home/airflow/.local/lib/python3.8/site-packages/airflow/example_dags/example_nested_branch_dag.py
[2023-12-24T14:24:52.843+0000] {processor.py:840} INFO - DAG(s) 'example_nested_branch_dag' retrieved from /home/airflow/.local/lib/python3.8/site-packages/airflow/example_dags/example_nested_branch_dag.py
[2023-12-24T14:24:52.975+0000] {logging_mixin.py:188} INFO - [2023-12-24T14:24:52.975+0000] {dag.py:3033} INFO - Sync 1 DAGs
[2023-12-24T14:24:53.082+0000] {logging_mixin.py:188} INFO - [2023-12-24T14:24:53.081+0000] {dag.py:3820} INFO - Setting next_dagrun for example_nested_branch_dag to 2023-12-23T00:00:00+00:00, run_after=2023-12-24T00:00:00+00:00
[2023-12-24T14:24:53.201+0000] {processor.py:183} INFO - Processing /home/airflow/.local/lib/python3.8/site-packages/airflow/example_dags/example_nested_branch_dag.py took 0.471 seconds
[2023-12-24T14:25:23.308+0000] {processor.py:161} INFO - Started process (PID=830) to work on /home/airflow/.local/lib/python3.8/site-packages/airflow/example_dags/example_nested_branch_dag.py
[2023-12-24T14:25:23.310+0000] {processor.py:830} INFO - Processing file /home/airflow/.local/lib/python3.8/site-packages/airflow/example_dags/example_nested_branch_dag.py for tasks to queue
[2023-12-24T14:25:23.315+0000] {logging_mixin.py:188} INFO - [2023-12-24T14:25:23.314+0000] {dagbag.py:538} INFO - Filling up the DagBag from /home/airflow/.local/lib/python3.8/site-packages/airflow/example_dags/example_nested_branch_dag.py
[2023-12-24T14:25:23.337+0000] {processor.py:840} INFO - DAG(s) 'example_nested_branch_dag' retrieved from /home/airflow/.local/lib/python3.8/site-packages/airflow/example_dags/example_nested_branch_dag.py
[2023-12-24T14:25:23.377+0000] {logging_mixin.py:188} INFO - [2023-12-24T14:25:23.376+0000] {dag.py:3033} INFO - Sync 1 DAGs
[2023-12-24T14:25:23.417+0000] {logging_mixin.py:188} INFO - [2023-12-24T14:25:23.417+0000] {dag.py:3820} INFO - Setting next_dagrun for example_nested_branch_dag to 2023-12-23T00:00:00+00:00, run_after=2023-12-24T00:00:00+00:00
[2023-12-24T14:25:23.454+0000] {processor.py:183} INFO - Processing /home/airflow/.local/lib/python3.8/site-packages/airflow/example_dags/example_nested_branch_dag.py took 0.157 seconds
[2023-12-24T14:25:53.758+0000] {processor.py:161} INFO - Started process (PID=888) to work on /home/airflow/.local/lib/python3.8/site-packages/airflow/example_dags/example_nested_branch_dag.py
[2023-12-24T14:25:53.759+0000] {processor.py:830} INFO - Processing file /home/airflow/.local/lib/python3.8/site-packages/airflow/example_dags/example_nested_branch_dag.py for tasks to queue
[2023-12-24T14:25:53.764+0000] {logging_mixin.py:188} INFO - [2023-12-24T14:25:53.763+0000] {dagbag.py:538} INFO - Filling up the DagBag from /home/airflow/.local/lib/python3.8/site-packages/airflow/example_dags/example_nested_branch_dag.py
[2023-12-24T14:25:53.784+0000] {processor.py:840} INFO - DAG(s) 'example_nested_branch_dag' retrieved from /home/airflow/.local/lib/python3.8/site-packages/airflow/example_dags/example_nested_branch_dag.py
[2023-12-24T14:25:53.820+0000] {logging_mixin.py:188} INFO - [2023-12-24T14:25:53.819+0000] {dag.py:3033} INFO - Sync 1 DAGs
[2023-12-24T14:25:53.871+0000] {logging_mixin.py:188} INFO - [2023-12-24T14:25:53.870+0000] {dag.py:3820} INFO - Setting next_dagrun for example_nested_branch_dag to 2023-12-23T00:00:00+00:00, run_after=2023-12-24T00:00:00+00:00
[2023-12-24T14:25:53.904+0000] {processor.py:183} INFO - Processing /home/airflow/.local/lib/python3.8/site-packages/airflow/example_dags/example_nested_branch_dag.py took 0.152 seconds
[2023-12-24T14:26:24.034+0000] {processor.py:161} INFO - Started process (PID=946) to work on /home/airflow/.local/lib/python3.8/site-packages/airflow/example_dags/example_nested_branch_dag.py
[2023-12-24T14:26:24.036+0000] {processor.py:830} INFO - Processing file /home/airflow/.local/lib/python3.8/site-packages/airflow/example_dags/example_nested_branch_dag.py for tasks to queue
[2023-12-24T14:26:24.042+0000] {logging_mixin.py:188} INFO - [2023-12-24T14:26:24.041+0000] {dagbag.py:538} INFO - Filling up the DagBag from /home/airflow/.local/lib/python3.8/site-packages/airflow/example_dags/example_nested_branch_dag.py
[2023-12-24T14:26:24.065+0000] {processor.py:840} INFO - DAG(s) 'example_nested_branch_dag' retrieved from /home/airflow/.local/lib/python3.8/site-packages/airflow/example_dags/example_nested_branch_dag.py
[2023-12-24T14:26:24.106+0000] {logging_mixin.py:188} INFO - [2023-12-24T14:26:24.106+0000] {dag.py:3033} INFO - Sync 1 DAGs
[2023-12-24T14:26:24.147+0000] {logging_mixin.py:188} INFO - [2023-12-24T14:26:24.146+0000] {dag.py:3820} INFO - Setting next_dagrun for example_nested_branch_dag to 2023-12-23T00:00:00+00:00, run_after=2023-12-24T00:00:00+00:00
[2023-12-24T14:26:24.181+0000] {processor.py:183} INFO - Processing /home/airflow/.local/lib/python3.8/site-packages/airflow/example_dags/example_nested_branch_dag.py took 0.156 seconds
[2023-12-24T14:26:54.219+0000] {processor.py:161} INFO - Started process (PID=1003) to work on /home/airflow/.local/lib/python3.8/site-packages/airflow/example_dags/example_nested_branch_dag.py
[2023-12-24T14:26:54.221+0000] {processor.py:830} INFO - Processing file /home/airflow/.local/lib/python3.8/site-packages/airflow/example_dags/example_nested_branch_dag.py for tasks to queue
[2023-12-24T14:26:54.226+0000] {logging_mixin.py:188} INFO - [2023-12-24T14:26:54.225+0000] {dagbag.py:538} INFO - Filling up the DagBag from /home/airflow/.local/lib/python3.8/site-packages/airflow/example_dags/example_nested_branch_dag.py
[2023-12-24T14:26:54.245+0000] {processor.py:840} INFO - DAG(s) 'example_nested_branch_dag' retrieved from /home/airflow/.local/lib/python3.8/site-packages/airflow/example_dags/example_nested_branch_dag.py
[2023-12-24T14:26:54.279+0000] {logging_mixin.py:188} INFO - [2023-12-24T14:26:54.279+0000] {dag.py:3033} INFO - Sync 1 DAGs
[2023-12-24T14:26:54.316+0000] {logging_mixin.py:188} INFO - [2023-12-24T14:26:54.315+0000] {dag.py:3820} INFO - Setting next_dagrun for example_nested_branch_dag to 2023-12-23T00:00:00+00:00, run_after=2023-12-24T00:00:00+00:00
[2023-12-24T14:26:54.348+0000] {processor.py:183} INFO - Processing /home/airflow/.local/lib/python3.8/site-packages/airflow/example_dags/example_nested_branch_dag.py took 0.136 seconds
[2023-12-24T14:27:25.366+0000] {processor.py:161} INFO - Started process (PID=1061) to work on /home/airflow/.local/lib/python3.8/site-packages/airflow/example_dags/example_nested_branch_dag.py
[2023-12-24T14:27:25.368+0000] {processor.py:830} INFO - Processing file /home/airflow/.local/lib/python3.8/site-packages/airflow/example_dags/example_nested_branch_dag.py for tasks to queue
[2023-12-24T14:27:25.375+0000] {logging_mixin.py:188} INFO - [2023-12-24T14:27:25.374+0000] {dagbag.py:538} INFO - Filling up the DagBag from /home/airflow/.local/lib/python3.8/site-packages/airflow/example_dags/example_nested_branch_dag.py
[2023-12-24T14:27:25.404+0000] {processor.py:840} INFO - DAG(s) 'example_nested_branch_dag' retrieved from /home/airflow/.local/lib/python3.8/site-packages/airflow/example_dags/example_nested_branch_dag.py
[2023-12-24T14:27:25.473+0000] {logging_mixin.py:188} INFO - [2023-12-24T14:27:25.472+0000] {dag.py:3033} INFO - Sync 1 DAGs
[2023-12-24T14:27:25.544+0000] {logging_mixin.py:188} INFO - [2023-12-24T14:27:25.544+0000] {dag.py:3820} INFO - Setting next_dagrun for example_nested_branch_dag to 2023-12-23T00:00:00+00:00, run_after=2023-12-24T00:00:00+00:00
[2023-12-24T14:27:25.586+0000] {processor.py:183} INFO - Processing /home/airflow/.local/lib/python3.8/site-packages/airflow/example_dags/example_nested_branch_dag.py took 0.228 seconds
[2023-12-24T14:27:55.713+0000] {processor.py:161} INFO - Started process (PID=1119) to work on /home/airflow/.local/lib/python3.8/site-packages/airflow/example_dags/example_nested_branch_dag.py
[2023-12-24T14:27:55.715+0000] {processor.py:830} INFO - Processing file /home/airflow/.local/lib/python3.8/site-packages/airflow/example_dags/example_nested_branch_dag.py for tasks to queue
[2023-12-24T14:27:55.720+0000] {logging_mixin.py:188} INFO - [2023-12-24T14:27:55.719+0000] {dagbag.py:538} INFO - Filling up the DagBag from /home/airflow/.local/lib/python3.8/site-packages/airflow/example_dags/example_nested_branch_dag.py
[2023-12-24T14:27:55.741+0000] {processor.py:840} INFO - DAG(s) 'example_nested_branch_dag' retrieved from /home/airflow/.local/lib/python3.8/site-packages/airflow/example_dags/example_nested_branch_dag.py
[2023-12-24T14:27:55.792+0000] {logging_mixin.py:188} INFO - [2023-12-24T14:27:55.791+0000] {dag.py:3033} INFO - Sync 1 DAGs
[2023-12-24T14:27:55.851+0000] {logging_mixin.py:188} INFO - [2023-12-24T14:27:55.851+0000] {dag.py:3820} INFO - Setting next_dagrun for example_nested_branch_dag to 2023-12-23T00:00:00+00:00, run_after=2023-12-24T00:00:00+00:00
[2023-12-24T14:27:55.888+0000] {processor.py:183} INFO - Processing /home/airflow/.local/lib/python3.8/site-packages/airflow/example_dags/example_nested_branch_dag.py took 0.183 seconds
[2023-12-24T14:28:26.231+0000] {processor.py:161} INFO - Started process (PID=1177) to work on /home/airflow/.local/lib/python3.8/site-packages/airflow/example_dags/example_nested_branch_dag.py
[2023-12-24T14:28:26.232+0000] {processor.py:830} INFO - Processing file /home/airflow/.local/lib/python3.8/site-packages/airflow/example_dags/example_nested_branch_dag.py for tasks to queue
[2023-12-24T14:28:26.237+0000] {logging_mixin.py:188} INFO - [2023-12-24T14:28:26.237+0000] {dagbag.py:538} INFO - Filling up the DagBag from /home/airflow/.local/lib/python3.8/site-packages/airflow/example_dags/example_nested_branch_dag.py
[2023-12-24T14:28:26.257+0000] {processor.py:840} INFO - DAG(s) 'example_nested_branch_dag' retrieved from /home/airflow/.local/lib/python3.8/site-packages/airflow/example_dags/example_nested_branch_dag.py
[2023-12-24T14:28:26.293+0000] {logging_mixin.py:188} INFO - [2023-12-24T14:28:26.293+0000] {dag.py:3033} INFO - Sync 1 DAGs
[2023-12-24T14:28:26.330+0000] {logging_mixin.py:188} INFO - [2023-12-24T14:28:26.330+0000] {dag.py:3820} INFO - Setting next_dagrun for example_nested_branch_dag to 2023-12-23T00:00:00+00:00, run_after=2023-12-24T00:00:00+00:00
[2023-12-24T14:28:26.362+0000] {processor.py:183} INFO - Processing /home/airflow/.local/lib/python3.8/site-packages/airflow/example_dags/example_nested_branch_dag.py took 0.138 seconds
[2023-12-24T14:28:57.308+0000] {processor.py:161} INFO - Started process (PID=1235) to work on /home/airflow/.local/lib/python3.8/site-packages/airflow/example_dags/example_nested_branch_dag.py
[2023-12-24T14:28:57.310+0000] {processor.py:830} INFO - Processing file /home/airflow/.local/lib/python3.8/site-packages/airflow/example_dags/example_nested_branch_dag.py for tasks to queue
[2023-12-24T14:28:57.315+0000] {logging_mixin.py:188} INFO - [2023-12-24T14:28:57.314+0000] {dagbag.py:538} INFO - Filling up the DagBag from /home/airflow/.local/lib/python3.8/site-packages/airflow/example_dags/example_nested_branch_dag.py
[2023-12-24T14:28:57.339+0000] {processor.py:840} INFO - DAG(s) 'example_nested_branch_dag' retrieved from /home/airflow/.local/lib/python3.8/site-packages/airflow/example_dags/example_nested_branch_dag.py
[2023-12-24T14:28:57.380+0000] {logging_mixin.py:188} INFO - [2023-12-24T14:28:57.379+0000] {dag.py:3033} INFO - Sync 1 DAGs
[2023-12-24T14:28:57.434+0000] {logging_mixin.py:188} INFO - [2023-12-24T14:28:57.434+0000] {dag.py:3820} INFO - Setting next_dagrun for example_nested_branch_dag to 2023-12-23T00:00:00+00:00, run_after=2023-12-24T00:00:00+00:00
[2023-12-24T14:28:57.475+0000] {processor.py:183} INFO - Processing /home/airflow/.local/lib/python3.8/site-packages/airflow/example_dags/example_nested_branch_dag.py took 0.175 seconds
[2023-12-24T14:29:28.717+0000] {processor.py:161} INFO - Started process (PID=1298) to work on /home/airflow/.local/lib/python3.8/site-packages/airflow/example_dags/example_nested_branch_dag.py
[2023-12-24T14:29:28.719+0000] {processor.py:830} INFO - Processing file /home/airflow/.local/lib/python3.8/site-packages/airflow/example_dags/example_nested_branch_dag.py for tasks to queue
[2023-12-24T14:29:28.728+0000] {logging_mixin.py:188} INFO - [2023-12-24T14:29:28.725+0000] {dagbag.py:538} INFO - Filling up the DagBag from /home/airflow/.local/lib/python3.8/site-packages/airflow/example_dags/example_nested_branch_dag.py
[2023-12-24T14:29:28.769+0000] {processor.py:840} INFO - DAG(s) 'example_nested_branch_dag' retrieved from /home/airflow/.local/lib/python3.8/site-packages/airflow/example_dags/example_nested_branch_dag.py
[2023-12-24T14:29:28.814+0000] {logging_mixin.py:188} INFO - [2023-12-24T14:29:28.814+0000] {dag.py:3033} INFO - Sync 1 DAGs
[2023-12-24T14:29:28.872+0000] {logging_mixin.py:188} INFO - [2023-12-24T14:29:28.871+0000] {dag.py:3820} INFO - Setting next_dagrun for example_nested_branch_dag to 2023-12-23T00:00:00+00:00, run_after=2023-12-24T00:00:00+00:00
[2023-12-24T14:29:28.917+0000] {processor.py:183} INFO - Processing /home/airflow/.local/lib/python3.8/site-packages/airflow/example_dags/example_nested_branch_dag.py took 0.209 seconds
[2023-12-24T14:29:59.056+0000] {processor.py:161} INFO - Started process (PID=1356) to work on /home/airflow/.local/lib/python3.8/site-packages/airflow/example_dags/example_nested_branch_dag.py
[2023-12-24T14:29:59.058+0000] {processor.py:830} INFO - Processing file /home/airflow/.local/lib/python3.8/site-packages/airflow/example_dags/example_nested_branch_dag.py for tasks to queue
[2023-12-24T14:29:59.063+0000] {logging_mixin.py:188} INFO - [2023-12-24T14:29:59.063+0000] {dagbag.py:538} INFO - Filling up the DagBag from /home/airflow/.local/lib/python3.8/site-packages/airflow/example_dags/example_nested_branch_dag.py
[2023-12-24T14:29:59.089+0000] {processor.py:840} INFO - DAG(s) 'example_nested_branch_dag' retrieved from /home/airflow/.local/lib/python3.8/site-packages/airflow/example_dags/example_nested_branch_dag.py
[2023-12-24T14:29:59.140+0000] {logging_mixin.py:188} INFO - [2023-12-24T14:29:59.140+0000] {dag.py:3033} INFO - Sync 1 DAGs
[2023-12-24T14:29:59.194+0000] {logging_mixin.py:188} INFO - [2023-12-24T14:29:59.193+0000] {dag.py:3820} INFO - Setting next_dagrun for example_nested_branch_dag to 2023-12-23T00:00:00+00:00, run_after=2023-12-24T00:00:00+00:00
[2023-12-24T14:29:59.235+0000] {processor.py:183} INFO - Processing /home/airflow/.local/lib/python3.8/site-packages/airflow/example_dags/example_nested_branch_dag.py took 0.189 seconds
[2023-12-24T14:30:29.378+0000] {processor.py:161} INFO - Started process (PID=1414) to work on /home/airflow/.local/lib/python3.8/site-packages/airflow/example_dags/example_nested_branch_dag.py
[2023-12-24T14:30:29.380+0000] {processor.py:830} INFO - Processing file /home/airflow/.local/lib/python3.8/site-packages/airflow/example_dags/example_nested_branch_dag.py for tasks to queue
[2023-12-24T14:30:29.387+0000] {logging_mixin.py:188} INFO - [2023-12-24T14:30:29.386+0000] {dagbag.py:538} INFO - Filling up the DagBag from /home/airflow/.local/lib/python3.8/site-packages/airflow/example_dags/example_nested_branch_dag.py
[2023-12-24T14:30:29.409+0000] {processor.py:840} INFO - DAG(s) 'example_nested_branch_dag' retrieved from /home/airflow/.local/lib/python3.8/site-packages/airflow/example_dags/example_nested_branch_dag.py
[2023-12-24T14:30:29.460+0000] {logging_mixin.py:188} INFO - [2023-12-24T14:30:29.459+0000] {dag.py:3033} INFO - Sync 1 DAGs
[2023-12-24T14:30:29.518+0000] {logging_mixin.py:188} INFO - [2023-12-24T14:30:29.518+0000] {dag.py:3820} INFO - Setting next_dagrun for example_nested_branch_dag to 2023-12-23T00:00:00+00:00, run_after=2023-12-24T00:00:00+00:00
[2023-12-24T14:30:29.556+0000] {processor.py:183} INFO - Processing /home/airflow/.local/lib/python3.8/site-packages/airflow/example_dags/example_nested_branch_dag.py took 0.188 seconds
[2023-12-24T14:30:59.701+0000] {processor.py:161} INFO - Started process (PID=1472) to work on /home/airflow/.local/lib/python3.8/site-packages/airflow/example_dags/example_nested_branch_dag.py
[2023-12-24T14:30:59.703+0000] {processor.py:830} INFO - Processing file /home/airflow/.local/lib/python3.8/site-packages/airflow/example_dags/example_nested_branch_dag.py for tasks to queue
[2023-12-24T14:30:59.707+0000] {logging_mixin.py:188} INFO - [2023-12-24T14:30:59.707+0000] {dagbag.py:538} INFO - Filling up the DagBag from /home/airflow/.local/lib/python3.8/site-packages/airflow/example_dags/example_nested_branch_dag.py
[2023-12-24T14:30:59.725+0000] {processor.py:840} INFO - DAG(s) 'example_nested_branch_dag' retrieved from /home/airflow/.local/lib/python3.8/site-packages/airflow/example_dags/example_nested_branch_dag.py
[2023-12-24T14:30:59.768+0000] {logging_mixin.py:188} INFO - [2023-12-24T14:30:59.767+0000] {dag.py:3033} INFO - Sync 1 DAGs
[2023-12-24T14:30:59.814+0000] {logging_mixin.py:188} INFO - [2023-12-24T14:30:59.814+0000] {dag.py:3820} INFO - Setting next_dagrun for example_nested_branch_dag to 2023-12-23T00:00:00+00:00, run_after=2023-12-24T00:00:00+00:00
[2023-12-24T14:30:59.867+0000] {processor.py:183} INFO - Processing /home/airflow/.local/lib/python3.8/site-packages/airflow/example_dags/example_nested_branch_dag.py took 0.172 seconds
[2023-12-24T14:31:30.387+0000] {processor.py:161} INFO - Started process (PID=1530) to work on /home/airflow/.local/lib/python3.8/site-packages/airflow/example_dags/example_nested_branch_dag.py
[2023-12-24T14:31:30.388+0000] {processor.py:830} INFO - Processing file /home/airflow/.local/lib/python3.8/site-packages/airflow/example_dags/example_nested_branch_dag.py for tasks to queue
[2023-12-24T14:31:30.392+0000] {logging_mixin.py:188} INFO - [2023-12-24T14:31:30.391+0000] {dagbag.py:538} INFO - Filling up the DagBag from /home/airflow/.local/lib/python3.8/site-packages/airflow/example_dags/example_nested_branch_dag.py
[2023-12-24T14:31:30.416+0000] {processor.py:840} INFO - DAG(s) 'example_nested_branch_dag' retrieved from /home/airflow/.local/lib/python3.8/site-packages/airflow/example_dags/example_nested_branch_dag.py
[2023-12-24T14:31:30.465+0000] {logging_mixin.py:188} INFO - [2023-12-24T14:31:30.465+0000] {dag.py:3033} INFO - Sync 1 DAGs
[2023-12-24T14:31:30.520+0000] {logging_mixin.py:188} INFO - [2023-12-24T14:31:30.519+0000] {dag.py:3820} INFO - Setting next_dagrun for example_nested_branch_dag to 2023-12-23T00:00:00+00:00, run_after=2023-12-24T00:00:00+00:00
[2023-12-24T14:31:30.563+0000] {processor.py:183} INFO - Processing /home/airflow/.local/lib/python3.8/site-packages/airflow/example_dags/example_nested_branch_dag.py took 0.184 seconds
[2023-12-24T14:33:24.417+0000] {processor.py:161} INFO - Started process (PID=68) to work on /home/airflow/.local/lib/python3.8/site-packages/airflow/example_dags/example_nested_branch_dag.py
[2023-12-24T14:33:24.420+0000] {processor.py:830} INFO - Processing file /home/airflow/.local/lib/python3.8/site-packages/airflow/example_dags/example_nested_branch_dag.py for tasks to queue
[2023-12-24T14:33:24.425+0000] {logging_mixin.py:188} INFO - [2023-12-24T14:33:24.424+0000] {dagbag.py:538} INFO - Filling up the DagBag from /home/airflow/.local/lib/python3.8/site-packages/airflow/example_dags/example_nested_branch_dag.py
[2023-12-24T14:33:24.450+0000] {processor.py:840} INFO - DAG(s) 'example_nested_branch_dag' retrieved from /home/airflow/.local/lib/python3.8/site-packages/airflow/example_dags/example_nested_branch_dag.py
[2023-12-24T14:33:24.477+0000] {logging_mixin.py:188} INFO - [2023-12-24T14:33:24.477+0000] {dag.py:3033} INFO - Sync 1 DAGs
[2023-12-24T14:33:24.536+0000] {logging_mixin.py:188} INFO - [2023-12-24T14:33:24.536+0000] {dag.py:3820} INFO - Setting next_dagrun for example_nested_branch_dag to 2023-12-23T00:00:00+00:00, run_after=2023-12-24T00:00:00+00:00
[2023-12-24T14:33:24.579+0000] {processor.py:183} INFO - Processing /home/airflow/.local/lib/python3.8/site-packages/airflow/example_dags/example_nested_branch_dag.py took 0.169 seconds
[2023-12-24T14:33:56.748+0000] {processor.py:161} INFO - Started process (PID=126) to work on /home/airflow/.local/lib/python3.8/site-packages/airflow/example_dags/example_nested_branch_dag.py
[2023-12-24T14:33:56.750+0000] {processor.py:830} INFO - Processing file /home/airflow/.local/lib/python3.8/site-packages/airflow/example_dags/example_nested_branch_dag.py for tasks to queue
[2023-12-24T14:33:56.755+0000] {logging_mixin.py:188} INFO - [2023-12-24T14:33:56.754+0000] {dagbag.py:538} INFO - Filling up the DagBag from /home/airflow/.local/lib/python3.8/site-packages/airflow/example_dags/example_nested_branch_dag.py
[2023-12-24T14:33:56.781+0000] {processor.py:840} INFO - DAG(s) 'example_nested_branch_dag' retrieved from /home/airflow/.local/lib/python3.8/site-packages/airflow/example_dags/example_nested_branch_dag.py
[2023-12-24T14:33:57.032+0000] {logging_mixin.py:188} INFO - [2023-12-24T14:33:57.032+0000] {dag.py:3033} INFO - Sync 1 DAGs
[2023-12-24T14:33:57.069+0000] {logging_mixin.py:188} INFO - [2023-12-24T14:33:57.068+0000] {dag.py:3820} INFO - Setting next_dagrun for example_nested_branch_dag to 2023-12-23T00:00:00+00:00, run_after=2023-12-24T00:00:00+00:00
[2023-12-24T14:33:57.108+0000] {processor.py:183} INFO - Processing /home/airflow/.local/lib/python3.8/site-packages/airflow/example_dags/example_nested_branch_dag.py took 0.366 seconds
[2023-12-24T14:34:27.463+0000] {processor.py:161} INFO - Started process (PID=184) to work on /home/airflow/.local/lib/python3.8/site-packages/airflow/example_dags/example_nested_branch_dag.py
[2023-12-24T14:34:27.465+0000] {processor.py:830} INFO - Processing file /home/airflow/.local/lib/python3.8/site-packages/airflow/example_dags/example_nested_branch_dag.py for tasks to queue
[2023-12-24T14:34:27.470+0000] {logging_mixin.py:188} INFO - [2023-12-24T14:34:27.469+0000] {dagbag.py:538} INFO - Filling up the DagBag from /home/airflow/.local/lib/python3.8/site-packages/airflow/example_dags/example_nested_branch_dag.py
[2023-12-24T14:34:27.494+0000] {processor.py:840} INFO - DAG(s) 'example_nested_branch_dag' retrieved from /home/airflow/.local/lib/python3.8/site-packages/airflow/example_dags/example_nested_branch_dag.py
[2023-12-24T14:34:27.539+0000] {logging_mixin.py:188} INFO - [2023-12-24T14:34:27.539+0000] {dag.py:3033} INFO - Sync 1 DAGs
[2023-12-24T14:34:27.589+0000] {logging_mixin.py:188} INFO - [2023-12-24T14:34:27.588+0000] {dag.py:3820} INFO - Setting next_dagrun for example_nested_branch_dag to 2023-12-23T00:00:00+00:00, run_after=2023-12-24T00:00:00+00:00
[2023-12-24T14:34:27.629+0000] {processor.py:183} INFO - Processing /home/airflow/.local/lib/python3.8/site-packages/airflow/example_dags/example_nested_branch_dag.py took 0.174 seconds
[2023-12-24T14:34:58.375+0000] {processor.py:161} INFO - Started process (PID=242) to work on /home/airflow/.local/lib/python3.8/site-packages/airflow/example_dags/example_nested_branch_dag.py
[2023-12-24T14:34:58.380+0000] {processor.py:830} INFO - Processing file /home/airflow/.local/lib/python3.8/site-packages/airflow/example_dags/example_nested_branch_dag.py for tasks to queue
[2023-12-24T14:34:58.390+0000] {logging_mixin.py:188} INFO - [2023-12-24T14:34:58.389+0000] {dagbag.py:538} INFO - Filling up the DagBag from /home/airflow/.local/lib/python3.8/site-packages/airflow/example_dags/example_nested_branch_dag.py
[2023-12-24T14:34:58.422+0000] {processor.py:840} INFO - DAG(s) 'example_nested_branch_dag' retrieved from /home/airflow/.local/lib/python3.8/site-packages/airflow/example_dags/example_nested_branch_dag.py
[2023-12-24T14:34:58.491+0000] {logging_mixin.py:188} INFO - [2023-12-24T14:34:58.491+0000] {dag.py:3033} INFO - Sync 1 DAGs
[2023-12-24T14:34:58.572+0000] {logging_mixin.py:188} INFO - [2023-12-24T14:34:58.572+0000] {dag.py:3820} INFO - Setting next_dagrun for example_nested_branch_dag to 2023-12-23T00:00:00+00:00, run_after=2023-12-24T00:00:00+00:00
[2023-12-24T14:34:58.672+0000] {processor.py:183} INFO - Processing /home/airflow/.local/lib/python3.8/site-packages/airflow/example_dags/example_nested_branch_dag.py took 0.307 seconds
[2023-12-24T14:35:29.275+0000] {processor.py:161} INFO - Started process (PID=300) to work on /home/airflow/.local/lib/python3.8/site-packages/airflow/example_dags/example_nested_branch_dag.py
[2023-12-24T14:35:29.277+0000] {processor.py:830} INFO - Processing file /home/airflow/.local/lib/python3.8/site-packages/airflow/example_dags/example_nested_branch_dag.py for tasks to queue
[2023-12-24T14:35:29.282+0000] {logging_mixin.py:188} INFO - [2023-12-24T14:35:29.282+0000] {dagbag.py:538} INFO - Filling up the DagBag from /home/airflow/.local/lib/python3.8/site-packages/airflow/example_dags/example_nested_branch_dag.py
[2023-12-24T14:35:29.306+0000] {processor.py:840} INFO - DAG(s) 'example_nested_branch_dag' retrieved from /home/airflow/.local/lib/python3.8/site-packages/airflow/example_dags/example_nested_branch_dag.py
[2023-12-24T14:35:29.349+0000] {logging_mixin.py:188} INFO - [2023-12-24T14:35:29.348+0000] {dag.py:3033} INFO - Sync 1 DAGs
[2023-12-24T14:35:29.401+0000] {logging_mixin.py:188} INFO - [2023-12-24T14:35:29.401+0000] {dag.py:3820} INFO - Setting next_dagrun for example_nested_branch_dag to 2023-12-23T00:00:00+00:00, run_after=2023-12-24T00:00:00+00:00
[2023-12-24T14:35:29.448+0000] {processor.py:183} INFO - Processing /home/airflow/.local/lib/python3.8/site-packages/airflow/example_dags/example_nested_branch_dag.py took 0.179 seconds
[2023-12-24T14:36:00.457+0000] {processor.py:161} INFO - Started process (PID=359) to work on /home/airflow/.local/lib/python3.8/site-packages/airflow/example_dags/example_nested_branch_dag.py
[2023-12-24T14:36:00.459+0000] {processor.py:830} INFO - Processing file /home/airflow/.local/lib/python3.8/site-packages/airflow/example_dags/example_nested_branch_dag.py for tasks to queue
[2023-12-24T14:36:00.464+0000] {logging_mixin.py:188} INFO - [2023-12-24T14:36:00.463+0000] {dagbag.py:538} INFO - Filling up the DagBag from /home/airflow/.local/lib/python3.8/site-packages/airflow/example_dags/example_nested_branch_dag.py
[2023-12-24T14:36:00.491+0000] {processor.py:840} INFO - DAG(s) 'example_nested_branch_dag' retrieved from /home/airflow/.local/lib/python3.8/site-packages/airflow/example_dags/example_nested_branch_dag.py
[2023-12-24T14:36:00.559+0000] {logging_mixin.py:188} INFO - [2023-12-24T14:36:00.559+0000] {dag.py:3033} INFO - Sync 1 DAGs
[2023-12-24T14:36:00.607+0000] {logging_mixin.py:188} INFO - [2023-12-24T14:36:00.606+0000] {dag.py:3820} INFO - Setting next_dagrun for example_nested_branch_dag to 2023-12-23T00:00:00+00:00, run_after=2023-12-24T00:00:00+00:00
[2023-12-24T14:36:00.668+0000] {processor.py:183} INFO - Processing /home/airflow/.local/lib/python3.8/site-packages/airflow/example_dags/example_nested_branch_dag.py took 0.218 seconds
[2023-12-24T14:36:31.122+0000] {processor.py:161} INFO - Started process (PID=417) to work on /home/airflow/.local/lib/python3.8/site-packages/airflow/example_dags/example_nested_branch_dag.py
[2023-12-24T14:36:31.124+0000] {processor.py:830} INFO - Processing file /home/airflow/.local/lib/python3.8/site-packages/airflow/example_dags/example_nested_branch_dag.py for tasks to queue
[2023-12-24T14:36:31.129+0000] {logging_mixin.py:188} INFO - [2023-12-24T14:36:31.128+0000] {dagbag.py:538} INFO - Filling up the DagBag from /home/airflow/.local/lib/python3.8/site-packages/airflow/example_dags/example_nested_branch_dag.py
[2023-12-24T14:36:31.151+0000] {processor.py:840} INFO - DAG(s) 'example_nested_branch_dag' retrieved from /home/airflow/.local/lib/python3.8/site-packages/airflow/example_dags/example_nested_branch_dag.py
[2023-12-24T14:36:31.200+0000] {logging_mixin.py:188} INFO - [2023-12-24T14:36:31.200+0000] {dag.py:3033} INFO - Sync 1 DAGs
[2023-12-24T14:36:31.262+0000] {logging_mixin.py:188} INFO - [2023-12-24T14:36:31.261+0000] {dag.py:3820} INFO - Setting next_dagrun for example_nested_branch_dag to 2023-12-23T00:00:00+00:00, run_after=2023-12-24T00:00:00+00:00
[2023-12-24T14:36:31.311+0000] {processor.py:183} INFO - Processing /home/airflow/.local/lib/python3.8/site-packages/airflow/example_dags/example_nested_branch_dag.py took 0.196 seconds
[2023-12-24T14:37:02.039+0000] {processor.py:161} INFO - Started process (PID=476) to work on /home/airflow/.local/lib/python3.8/site-packages/airflow/example_dags/example_nested_branch_dag.py
[2023-12-24T14:37:02.041+0000] {processor.py:830} INFO - Processing file /home/airflow/.local/lib/python3.8/site-packages/airflow/example_dags/example_nested_branch_dag.py for tasks to queue
[2023-12-24T14:37:02.045+0000] {logging_mixin.py:188} INFO - [2023-12-24T14:37:02.044+0000] {dagbag.py:538} INFO - Filling up the DagBag from /home/airflow/.local/lib/python3.8/site-packages/airflow/example_dags/example_nested_branch_dag.py
[2023-12-24T14:37:02.064+0000] {processor.py:840} INFO - DAG(s) 'example_nested_branch_dag' retrieved from /home/airflow/.local/lib/python3.8/site-packages/airflow/example_dags/example_nested_branch_dag.py
[2023-12-24T14:37:02.102+0000] {logging_mixin.py:188} INFO - [2023-12-24T14:37:02.102+0000] {dag.py:3033} INFO - Sync 1 DAGs
[2023-12-24T14:37:02.164+0000] {logging_mixin.py:188} INFO - [2023-12-24T14:37:02.163+0000] {dag.py:3820} INFO - Setting next_dagrun for example_nested_branch_dag to 2023-12-23T00:00:00+00:00, run_after=2023-12-24T00:00:00+00:00
[2023-12-24T14:37:02.203+0000] {processor.py:183} INFO - Processing /home/airflow/.local/lib/python3.8/site-packages/airflow/example_dags/example_nested_branch_dag.py took 0.173 seconds
[2023-12-24T14:37:32.337+0000] {processor.py:161} INFO - Started process (PID=535) to work on /home/airflow/.local/lib/python3.8/site-packages/airflow/example_dags/example_nested_branch_dag.py
[2023-12-24T14:37:32.339+0000] {processor.py:830} INFO - Processing file /home/airflow/.local/lib/python3.8/site-packages/airflow/example_dags/example_nested_branch_dag.py for tasks to queue
[2023-12-24T14:37:32.344+0000] {logging_mixin.py:188} INFO - [2023-12-24T14:37:32.343+0000] {dagbag.py:538} INFO - Filling up the DagBag from /home/airflow/.local/lib/python3.8/site-packages/airflow/example_dags/example_nested_branch_dag.py
[2023-12-24T14:37:32.367+0000] {processor.py:840} INFO - DAG(s) 'example_nested_branch_dag' retrieved from /home/airflow/.local/lib/python3.8/site-packages/airflow/example_dags/example_nested_branch_dag.py
[2023-12-24T14:37:32.415+0000] {logging_mixin.py:188} INFO - [2023-12-24T14:37:32.414+0000] {dag.py:3033} INFO - Sync 1 DAGs
[2023-12-24T14:37:32.453+0000] {logging_mixin.py:188} INFO - [2023-12-24T14:37:32.453+0000] {dag.py:3820} INFO - Setting next_dagrun for example_nested_branch_dag to 2023-12-23T00:00:00+00:00, run_after=2023-12-24T00:00:00+00:00
[2023-12-24T14:37:32.488+0000] {processor.py:183} INFO - Processing /home/airflow/.local/lib/python3.8/site-packages/airflow/example_dags/example_nested_branch_dag.py took 0.156 seconds
[2023-12-24T14:38:03.729+0000] {processor.py:161} INFO - Started process (PID=593) to work on /home/airflow/.local/lib/python3.8/site-packages/airflow/example_dags/example_nested_branch_dag.py
[2023-12-24T14:38:03.732+0000] {processor.py:830} INFO - Processing file /home/airflow/.local/lib/python3.8/site-packages/airflow/example_dags/example_nested_branch_dag.py for tasks to queue
[2023-12-24T14:38:03.738+0000] {logging_mixin.py:188} INFO - [2023-12-24T14:38:03.737+0000] {dagbag.py:538} INFO - Filling up the DagBag from /home/airflow/.local/lib/python3.8/site-packages/airflow/example_dags/example_nested_branch_dag.py
[2023-12-24T14:38:03.765+0000] {processor.py:840} INFO - DAG(s) 'example_nested_branch_dag' retrieved from /home/airflow/.local/lib/python3.8/site-packages/airflow/example_dags/example_nested_branch_dag.py
[2023-12-24T14:38:03.816+0000] {logging_mixin.py:188} INFO - [2023-12-24T14:38:03.815+0000] {dag.py:3033} INFO - Sync 1 DAGs
[2023-12-24T14:38:03.879+0000] {logging_mixin.py:188} INFO - [2023-12-24T14:38:03.878+0000] {dag.py:3820} INFO - Setting next_dagrun for example_nested_branch_dag to 2023-12-23T00:00:00+00:00, run_after=2023-12-24T00:00:00+00:00
[2023-12-24T14:38:03.941+0000] {processor.py:183} INFO - Processing /home/airflow/.local/lib/python3.8/site-packages/airflow/example_dags/example_nested_branch_dag.py took 0.220 seconds
[2023-12-24T14:38:34.216+0000] {processor.py:161} INFO - Started process (PID=652) to work on /home/airflow/.local/lib/python3.8/site-packages/airflow/example_dags/example_nested_branch_dag.py
[2023-12-24T14:38:34.218+0000] {processor.py:830} INFO - Processing file /home/airflow/.local/lib/python3.8/site-packages/airflow/example_dags/example_nested_branch_dag.py for tasks to queue
[2023-12-24T14:38:34.224+0000] {logging_mixin.py:188} INFO - [2023-12-24T14:38:34.223+0000] {dagbag.py:538} INFO - Filling up the DagBag from /home/airflow/.local/lib/python3.8/site-packages/airflow/example_dags/example_nested_branch_dag.py
[2023-12-24T14:38:34.248+0000] {processor.py:840} INFO - DAG(s) 'example_nested_branch_dag' retrieved from /home/airflow/.local/lib/python3.8/site-packages/airflow/example_dags/example_nested_branch_dag.py
[2023-12-24T14:38:34.294+0000] {logging_mixin.py:188} INFO - [2023-12-24T14:38:34.294+0000] {dag.py:3033} INFO - Sync 1 DAGs
[2023-12-24T14:38:34.340+0000] {logging_mixin.py:188} INFO - [2023-12-24T14:38:34.340+0000] {dag.py:3820} INFO - Setting next_dagrun for example_nested_branch_dag to 2023-12-23T00:00:00+00:00, run_after=2023-12-24T00:00:00+00:00
[2023-12-24T14:38:34.380+0000] {processor.py:183} INFO - Processing /home/airflow/.local/lib/python3.8/site-packages/airflow/example_dags/example_nested_branch_dag.py took 0.170 seconds
[2023-12-24T14:39:04.861+0000] {processor.py:161} INFO - Started process (PID=711) to work on /home/airflow/.local/lib/python3.8/site-packages/airflow/example_dags/example_nested_branch_dag.py
[2023-12-24T14:39:04.862+0000] {processor.py:830} INFO - Processing file /home/airflow/.local/lib/python3.8/site-packages/airflow/example_dags/example_nested_branch_dag.py for tasks to queue
[2023-12-24T14:39:04.867+0000] {logging_mixin.py:188} INFO - [2023-12-24T14:39:04.866+0000] {dagbag.py:538} INFO - Filling up the DagBag from /home/airflow/.local/lib/python3.8/site-packages/airflow/example_dags/example_nested_branch_dag.py
[2023-12-24T14:39:04.884+0000] {processor.py:840} INFO - DAG(s) 'example_nested_branch_dag' retrieved from /home/airflow/.local/lib/python3.8/site-packages/airflow/example_dags/example_nested_branch_dag.py
[2023-12-24T14:39:04.921+0000] {logging_mixin.py:188} INFO - [2023-12-24T14:39:04.920+0000] {dag.py:3033} INFO - Sync 1 DAGs
[2023-12-24T14:39:04.959+0000] {logging_mixin.py:188} INFO - [2023-12-24T14:39:04.959+0000] {dag.py:3820} INFO - Setting next_dagrun for example_nested_branch_dag to 2023-12-23T00:00:00+00:00, run_after=2023-12-24T00:00:00+00:00
[2023-12-24T14:39:04.988+0000] {processor.py:183} INFO - Processing /home/airflow/.local/lib/python3.8/site-packages/airflow/example_dags/example_nested_branch_dag.py took 0.132 seconds
[2023-12-24T14:39:35.289+0000] {processor.py:161} INFO - Started process (PID=770) to work on /home/airflow/.local/lib/python3.8/site-packages/airflow/example_dags/example_nested_branch_dag.py
[2023-12-24T14:39:35.292+0000] {processor.py:830} INFO - Processing file /home/airflow/.local/lib/python3.8/site-packages/airflow/example_dags/example_nested_branch_dag.py for tasks to queue
[2023-12-24T14:39:35.303+0000] {logging_mixin.py:188} INFO - [2023-12-24T14:39:35.302+0000] {dagbag.py:538} INFO - Filling up the DagBag from /home/airflow/.local/lib/python3.8/site-packages/airflow/example_dags/example_nested_branch_dag.py
[2023-12-24T14:39:35.346+0000] {processor.py:840} INFO - DAG(s) 'example_nested_branch_dag' retrieved from /home/airflow/.local/lib/python3.8/site-packages/airflow/example_dags/example_nested_branch_dag.py
[2023-12-24T14:39:35.420+0000] {logging_mixin.py:188} INFO - [2023-12-24T14:39:35.420+0000] {dag.py:3033} INFO - Sync 1 DAGs
[2023-12-24T14:39:35.513+0000] {logging_mixin.py:188} INFO - [2023-12-24T14:39:35.512+0000] {dag.py:3820} INFO - Setting next_dagrun for example_nested_branch_dag to 2023-12-23T00:00:00+00:00, run_after=2023-12-24T00:00:00+00:00
[2023-12-24T14:39:35.594+0000] {processor.py:183} INFO - Processing /home/airflow/.local/lib/python3.8/site-packages/airflow/example_dags/example_nested_branch_dag.py took 0.313 seconds
[2023-12-24T14:40:05.724+0000] {processor.py:161} INFO - Started process (PID=829) to work on /home/airflow/.local/lib/python3.8/site-packages/airflow/example_dags/example_nested_branch_dag.py
[2023-12-24T14:40:05.726+0000] {processor.py:830} INFO - Processing file /home/airflow/.local/lib/python3.8/site-packages/airflow/example_dags/example_nested_branch_dag.py for tasks to queue
[2023-12-24T14:40:05.733+0000] {logging_mixin.py:188} INFO - [2023-12-24T14:40:05.732+0000] {dagbag.py:538} INFO - Filling up the DagBag from /home/airflow/.local/lib/python3.8/site-packages/airflow/example_dags/example_nested_branch_dag.py
[2023-12-24T14:40:05.763+0000] {processor.py:840} INFO - DAG(s) 'example_nested_branch_dag' retrieved from /home/airflow/.local/lib/python3.8/site-packages/airflow/example_dags/example_nested_branch_dag.py
[2023-12-24T14:40:05.829+0000] {logging_mixin.py:188} INFO - [2023-12-24T14:40:05.829+0000] {dag.py:3033} INFO - Sync 1 DAGs
[2023-12-24T14:40:05.978+0000] {logging_mixin.py:188} INFO - [2023-12-24T14:40:05.978+0000] {dag.py:3820} INFO - Setting next_dagrun for example_nested_branch_dag to 2023-12-23T00:00:00+00:00, run_after=2023-12-24T00:00:00+00:00
[2023-12-24T14:40:06.123+0000] {processor.py:183} INFO - Processing /home/airflow/.local/lib/python3.8/site-packages/airflow/example_dags/example_nested_branch_dag.py took 0.410 seconds
[2023-12-24T14:40:36.177+0000] {processor.py:161} INFO - Started process (PID=889) to work on /home/airflow/.local/lib/python3.8/site-packages/airflow/example_dags/example_nested_branch_dag.py
[2023-12-24T14:40:36.179+0000] {processor.py:830} INFO - Processing file /home/airflow/.local/lib/python3.8/site-packages/airflow/example_dags/example_nested_branch_dag.py for tasks to queue
[2023-12-24T14:40:36.184+0000] {logging_mixin.py:188} INFO - [2023-12-24T14:40:36.183+0000] {dagbag.py:538} INFO - Filling up the DagBag from /home/airflow/.local/lib/python3.8/site-packages/airflow/example_dags/example_nested_branch_dag.py
[2023-12-24T14:40:36.209+0000] {processor.py:840} INFO - DAG(s) 'example_nested_branch_dag' retrieved from /home/airflow/.local/lib/python3.8/site-packages/airflow/example_dags/example_nested_branch_dag.py
[2023-12-24T14:40:36.257+0000] {logging_mixin.py:188} INFO - [2023-12-24T14:40:36.257+0000] {dag.py:3033} INFO - Sync 1 DAGs
[2023-12-24T14:40:36.317+0000] {logging_mixin.py:188} INFO - [2023-12-24T14:40:36.316+0000] {dag.py:3820} INFO - Setting next_dagrun for example_nested_branch_dag to 2023-12-23T00:00:00+00:00, run_after=2023-12-24T00:00:00+00:00
[2023-12-24T14:40:36.360+0000] {processor.py:183} INFO - Processing /home/airflow/.local/lib/python3.8/site-packages/airflow/example_dags/example_nested_branch_dag.py took 0.190 seconds
[2023-12-24T14:41:06.625+0000] {processor.py:161} INFO - Started process (PID=948) to work on /home/airflow/.local/lib/python3.8/site-packages/airflow/example_dags/example_nested_branch_dag.py
[2023-12-24T14:41:06.629+0000] {processor.py:830} INFO - Processing file /home/airflow/.local/lib/python3.8/site-packages/airflow/example_dags/example_nested_branch_dag.py for tasks to queue
[2023-12-24T14:41:06.636+0000] {logging_mixin.py:188} INFO - [2023-12-24T14:41:06.635+0000] {dagbag.py:538} INFO - Filling up the DagBag from /home/airflow/.local/lib/python3.8/site-packages/airflow/example_dags/example_nested_branch_dag.py
[2023-12-24T14:41:06.662+0000] {processor.py:840} INFO - DAG(s) 'example_nested_branch_dag' retrieved from /home/airflow/.local/lib/python3.8/site-packages/airflow/example_dags/example_nested_branch_dag.py
[2023-12-24T14:41:06.720+0000] {logging_mixin.py:188} INFO - [2023-12-24T14:41:06.720+0000] {dag.py:3033} INFO - Sync 1 DAGs
[2023-12-24T14:41:06.771+0000] {logging_mixin.py:188} INFO - [2023-12-24T14:41:06.771+0000] {dag.py:3820} INFO - Setting next_dagrun for example_nested_branch_dag to 2023-12-23T00:00:00+00:00, run_after=2023-12-24T00:00:00+00:00
[2023-12-24T14:41:06.812+0000] {processor.py:183} INFO - Processing /home/airflow/.local/lib/python3.8/site-packages/airflow/example_dags/example_nested_branch_dag.py took 0.196 seconds
[2023-12-24T14:41:37.085+0000] {processor.py:161} INFO - Started process (PID=1007) to work on /home/airflow/.local/lib/python3.8/site-packages/airflow/example_dags/example_nested_branch_dag.py
[2023-12-24T14:41:37.086+0000] {processor.py:830} INFO - Processing file /home/airflow/.local/lib/python3.8/site-packages/airflow/example_dags/example_nested_branch_dag.py for tasks to queue
[2023-12-24T14:41:37.091+0000] {logging_mixin.py:188} INFO - [2023-12-24T14:41:37.090+0000] {dagbag.py:538} INFO - Filling up the DagBag from /home/airflow/.local/lib/python3.8/site-packages/airflow/example_dags/example_nested_branch_dag.py
[2023-12-24T14:41:37.116+0000] {processor.py:840} INFO - DAG(s) 'example_nested_branch_dag' retrieved from /home/airflow/.local/lib/python3.8/site-packages/airflow/example_dags/example_nested_branch_dag.py
[2023-12-24T14:41:37.163+0000] {logging_mixin.py:188} INFO - [2023-12-24T14:41:37.162+0000] {dag.py:3033} INFO - Sync 1 DAGs
[2023-12-24T14:41:37.216+0000] {logging_mixin.py:188} INFO - [2023-12-24T14:41:37.216+0000] {dag.py:3820} INFO - Setting next_dagrun for example_nested_branch_dag to 2023-12-23T00:00:00+00:00, run_after=2023-12-24T00:00:00+00:00
[2023-12-24T14:41:37.261+0000] {processor.py:183} INFO - Processing /home/airflow/.local/lib/python3.8/site-packages/airflow/example_dags/example_nested_branch_dag.py took 0.182 seconds
[2023-12-24T14:42:07.893+0000] {processor.py:161} INFO - Started process (PID=1066) to work on /home/airflow/.local/lib/python3.8/site-packages/airflow/example_dags/example_nested_branch_dag.py
[2023-12-24T14:42:07.895+0000] {processor.py:830} INFO - Processing file /home/airflow/.local/lib/python3.8/site-packages/airflow/example_dags/example_nested_branch_dag.py for tasks to queue
[2023-12-24T14:42:07.904+0000] {logging_mixin.py:188} INFO - [2023-12-24T14:42:07.903+0000] {dagbag.py:538} INFO - Filling up the DagBag from /home/airflow/.local/lib/python3.8/site-packages/airflow/example_dags/example_nested_branch_dag.py
[2023-12-24T14:42:07.936+0000] {processor.py:840} INFO - DAG(s) 'example_nested_branch_dag' retrieved from /home/airflow/.local/lib/python3.8/site-packages/airflow/example_dags/example_nested_branch_dag.py
[2023-12-24T14:42:07.994+0000] {logging_mixin.py:188} INFO - [2023-12-24T14:42:07.994+0000] {dag.py:3033} INFO - Sync 1 DAGs
[2023-12-24T14:42:08.047+0000] {logging_mixin.py:188} INFO - [2023-12-24T14:42:08.047+0000] {dag.py:3820} INFO - Setting next_dagrun for example_nested_branch_dag to 2023-12-23T00:00:00+00:00, run_after=2023-12-24T00:00:00+00:00
[2023-12-24T14:42:08.090+0000] {processor.py:183} INFO - Processing /home/airflow/.local/lib/python3.8/site-packages/airflow/example_dags/example_nested_branch_dag.py took 0.208 seconds
[2023-12-24T14:42:38.625+0000] {processor.py:161} INFO - Started process (PID=1125) to work on /home/airflow/.local/lib/python3.8/site-packages/airflow/example_dags/example_nested_branch_dag.py
[2023-12-24T14:42:38.636+0000] {processor.py:830} INFO - Processing file /home/airflow/.local/lib/python3.8/site-packages/airflow/example_dags/example_nested_branch_dag.py for tasks to queue
[2023-12-24T14:42:38.654+0000] {logging_mixin.py:188} INFO - [2023-12-24T14:42:38.646+0000] {dagbag.py:538} INFO - Filling up the DagBag from /home/airflow/.local/lib/python3.8/site-packages/airflow/example_dags/example_nested_branch_dag.py
[2023-12-24T14:42:38.829+0000] {processor.py:840} INFO - DAG(s) 'example_nested_branch_dag' retrieved from /home/airflow/.local/lib/python3.8/site-packages/airflow/example_dags/example_nested_branch_dag.py
[2023-12-24T14:42:38.888+0000] {logging_mixin.py:188} INFO - [2023-12-24T14:42:38.888+0000] {dag.py:3033} INFO - Sync 1 DAGs
[2023-12-24T14:42:38.979+0000] {logging_mixin.py:188} INFO - [2023-12-24T14:42:38.979+0000] {dag.py:3820} INFO - Setting next_dagrun for example_nested_branch_dag to 2023-12-23T00:00:00+00:00, run_after=2023-12-24T00:00:00+00:00
[2023-12-24T14:42:39.064+0000] {processor.py:183} INFO - Processing /home/airflow/.local/lib/python3.8/site-packages/airflow/example_dags/example_nested_branch_dag.py took 0.451 seconds
[2023-12-24T14:43:09.680+0000] {processor.py:161} INFO - Started process (PID=1184) to work on /home/airflow/.local/lib/python3.8/site-packages/airflow/example_dags/example_nested_branch_dag.py
[2023-12-24T14:43:09.684+0000] {processor.py:830} INFO - Processing file /home/airflow/.local/lib/python3.8/site-packages/airflow/example_dags/example_nested_branch_dag.py for tasks to queue
[2023-12-24T14:43:09.690+0000] {logging_mixin.py:188} INFO - [2023-12-24T14:43:09.690+0000] {dagbag.py:538} INFO - Filling up the DagBag from /home/airflow/.local/lib/python3.8/site-packages/airflow/example_dags/example_nested_branch_dag.py
[2023-12-24T14:43:09.716+0000] {processor.py:840} INFO - DAG(s) 'example_nested_branch_dag' retrieved from /home/airflow/.local/lib/python3.8/site-packages/airflow/example_dags/example_nested_branch_dag.py
[2023-12-24T14:43:09.759+0000] {logging_mixin.py:188} INFO - [2023-12-24T14:43:09.758+0000] {dag.py:3033} INFO - Sync 1 DAGs
[2023-12-24T14:43:09.815+0000] {logging_mixin.py:188} INFO - [2023-12-24T14:43:09.815+0000] {dag.py:3820} INFO - Setting next_dagrun for example_nested_branch_dag to 2023-12-23T00:00:00+00:00, run_after=2023-12-24T00:00:00+00:00
[2023-12-24T14:43:09.863+0000] {processor.py:183} INFO - Processing /home/airflow/.local/lib/python3.8/site-packages/airflow/example_dags/example_nested_branch_dag.py took 0.191 seconds
[2023-12-24T14:43:40.586+0000] {processor.py:161} INFO - Started process (PID=1243) to work on /home/airflow/.local/lib/python3.8/site-packages/airflow/example_dags/example_nested_branch_dag.py
[2023-12-24T14:43:40.593+0000] {processor.py:830} INFO - Processing file /home/airflow/.local/lib/python3.8/site-packages/airflow/example_dags/example_nested_branch_dag.py for tasks to queue
[2023-12-24T14:43:40.603+0000] {logging_mixin.py:188} INFO - [2023-12-24T14:43:40.602+0000] {dagbag.py:538} INFO - Filling up the DagBag from /home/airflow/.local/lib/python3.8/site-packages/airflow/example_dags/example_nested_branch_dag.py
[2023-12-24T14:43:40.631+0000] {processor.py:840} INFO - DAG(s) 'example_nested_branch_dag' retrieved from /home/airflow/.local/lib/python3.8/site-packages/airflow/example_dags/example_nested_branch_dag.py
[2023-12-24T14:43:40.685+0000] {logging_mixin.py:188} INFO - [2023-12-24T14:43:40.685+0000] {dag.py:3033} INFO - Sync 1 DAGs
[2023-12-24T14:43:40.739+0000] {logging_mixin.py:188} INFO - [2023-12-24T14:43:40.739+0000] {dag.py:3820} INFO - Setting next_dagrun for example_nested_branch_dag to 2023-12-23T00:00:00+00:00, run_after=2023-12-24T00:00:00+00:00
[2023-12-24T14:43:40.786+0000] {processor.py:183} INFO - Processing /home/airflow/.local/lib/python3.8/site-packages/airflow/example_dags/example_nested_branch_dag.py took 0.209 seconds
[2023-12-24T14:44:11.612+0000] {processor.py:161} INFO - Started process (PID=1302) to work on /home/airflow/.local/lib/python3.8/site-packages/airflow/example_dags/example_nested_branch_dag.py
[2023-12-24T14:44:11.613+0000] {processor.py:830} INFO - Processing file /home/airflow/.local/lib/python3.8/site-packages/airflow/example_dags/example_nested_branch_dag.py for tasks to queue
[2023-12-24T14:44:11.619+0000] {logging_mixin.py:188} INFO - [2023-12-24T14:44:11.619+0000] {dagbag.py:538} INFO - Filling up the DagBag from /home/airflow/.local/lib/python3.8/site-packages/airflow/example_dags/example_nested_branch_dag.py
[2023-12-24T14:44:11.637+0000] {processor.py:840} INFO - DAG(s) 'example_nested_branch_dag' retrieved from /home/airflow/.local/lib/python3.8/site-packages/airflow/example_dags/example_nested_branch_dag.py
[2023-12-24T14:44:11.676+0000] {logging_mixin.py:188} INFO - [2023-12-24T14:44:11.676+0000] {dag.py:3033} INFO - Sync 1 DAGs
[2023-12-24T14:44:11.723+0000] {logging_mixin.py:188} INFO - [2023-12-24T14:44:11.723+0000] {dag.py:3820} INFO - Setting next_dagrun for example_nested_branch_dag to 2023-12-23T00:00:00+00:00, run_after=2023-12-24T00:00:00+00:00
[2023-12-24T14:44:11.764+0000] {processor.py:183} INFO - Processing /home/airflow/.local/lib/python3.8/site-packages/airflow/example_dags/example_nested_branch_dag.py took 0.158 seconds
[2023-12-24T14:44:41.944+0000] {processor.py:161} INFO - Started process (PID=1360) to work on /home/airflow/.local/lib/python3.8/site-packages/airflow/example_dags/example_nested_branch_dag.py
[2023-12-24T14:44:41.946+0000] {processor.py:830} INFO - Processing file /home/airflow/.local/lib/python3.8/site-packages/airflow/example_dags/example_nested_branch_dag.py for tasks to queue
[2023-12-24T14:44:41.951+0000] {logging_mixin.py:188} INFO - [2023-12-24T14:44:41.950+0000] {dagbag.py:538} INFO - Filling up the DagBag from /home/airflow/.local/lib/python3.8/site-packages/airflow/example_dags/example_nested_branch_dag.py
[2023-12-24T14:44:41.970+0000] {processor.py:840} INFO - DAG(s) 'example_nested_branch_dag' retrieved from /home/airflow/.local/lib/python3.8/site-packages/airflow/example_dags/example_nested_branch_dag.py
[2023-12-24T14:44:42.016+0000] {logging_mixin.py:188} INFO - [2023-12-24T14:44:42.015+0000] {dag.py:3033} INFO - Sync 1 DAGs
[2023-12-24T14:44:42.060+0000] {logging_mixin.py:188} INFO - [2023-12-24T14:44:42.060+0000] {dag.py:3820} INFO - Setting next_dagrun for example_nested_branch_dag to 2023-12-23T00:00:00+00:00, run_after=2023-12-24T00:00:00+00:00
[2023-12-24T14:44:42.097+0000] {processor.py:183} INFO - Processing /home/airflow/.local/lib/python3.8/site-packages/airflow/example_dags/example_nested_branch_dag.py took 0.161 seconds
[2023-12-24T14:45:12.425+0000] {processor.py:161} INFO - Started process (PID=1419) to work on /home/airflow/.local/lib/python3.8/site-packages/airflow/example_dags/example_nested_branch_dag.py
[2023-12-24T14:45:12.426+0000] {processor.py:830} INFO - Processing file /home/airflow/.local/lib/python3.8/site-packages/airflow/example_dags/example_nested_branch_dag.py for tasks to queue
[2023-12-24T14:45:12.431+0000] {logging_mixin.py:188} INFO - [2023-12-24T14:45:12.430+0000] {dagbag.py:538} INFO - Filling up the DagBag from /home/airflow/.local/lib/python3.8/site-packages/airflow/example_dags/example_nested_branch_dag.py
[2023-12-24T14:45:12.449+0000] {processor.py:840} INFO - DAG(s) 'example_nested_branch_dag' retrieved from /home/airflow/.local/lib/python3.8/site-packages/airflow/example_dags/example_nested_branch_dag.py
[2023-12-24T14:45:12.487+0000] {logging_mixin.py:188} INFO - [2023-12-24T14:45:12.486+0000] {dag.py:3033} INFO - Sync 1 DAGs
[2023-12-24T14:45:12.526+0000] {logging_mixin.py:188} INFO - [2023-12-24T14:45:12.526+0000] {dag.py:3820} INFO - Setting next_dagrun for example_nested_branch_dag to 2023-12-23T00:00:00+00:00, run_after=2023-12-24T00:00:00+00:00
[2023-12-24T14:45:12.557+0000] {processor.py:183} INFO - Processing /home/airflow/.local/lib/python3.8/site-packages/airflow/example_dags/example_nested_branch_dag.py took 0.138 seconds
