[2023-12-24T14:03:48.878+0000] {processor.py:161} INFO - Started process (PID=121) to work on /home/airflow/.local/lib/python3.8/site-packages/airflow/example_dags/example_bash_operator.py
[2023-12-24T14:03:48.879+0000] {processor.py:830} INFO - Processing file /home/airflow/.local/lib/python3.8/site-packages/airflow/example_dags/example_bash_operator.py for tasks to queue
[2023-12-24T14:03:48.882+0000] {logging_mixin.py:188} INFO - [2023-12-24T14:03:48.882+0000] {dagbag.py:538} INFO - Filling up the DagBag from /home/airflow/.local/lib/python3.8/site-packages/airflow/example_dags/example_bash_operator.py
[2023-12-24T14:03:48.895+0000] {processor.py:840} INFO - DAG(s) 'example_bash_operator' retrieved from /home/airflow/.local/lib/python3.8/site-packages/airflow/example_dags/example_bash_operator.py
[2023-12-24T14:03:48.995+0000] {logging_mixin.py:188} INFO - [2023-12-24T14:03:48.995+0000] {dag.py:3033} INFO - Sync 1 DAGs
[2023-12-24T14:03:49.022+0000] {logging_mixin.py:188} INFO - [2023-12-24T14:03:49.022+0000] {dag.py:3820} INFO - Setting next_dagrun for example_bash_operator to 2023-12-23T00:00:00+00:00, run_after=2023-12-24T00:00:00+00:00
[2023-12-24T14:03:49.045+0000] {processor.py:183} INFO - Processing /home/airflow/.local/lib/python3.8/site-packages/airflow/example_dags/example_bash_operator.py took 0.171 seconds
[2023-12-24T14:05:56.019+0000] {processor.py:161} INFO - Started process (PID=78) to work on /home/airflow/.local/lib/python3.8/site-packages/airflow/example_dags/example_bash_operator.py
[2023-12-24T14:05:56.021+0000] {processor.py:830} INFO - Processing file /home/airflow/.local/lib/python3.8/site-packages/airflow/example_dags/example_bash_operator.py for tasks to queue
[2023-12-24T14:05:56.026+0000] {logging_mixin.py:188} INFO - [2023-12-24T14:05:56.026+0000] {dagbag.py:538} INFO - Filling up the DagBag from /home/airflow/.local/lib/python3.8/site-packages/airflow/example_dags/example_bash_operator.py
[2023-12-24T14:05:56.060+0000] {processor.py:840} INFO - DAG(s) 'example_bash_operator' retrieved from /home/airflow/.local/lib/python3.8/site-packages/airflow/example_dags/example_bash_operator.py
[2023-12-24T14:05:56.278+0000] {logging_mixin.py:188} INFO - [2023-12-24T14:05:56.277+0000] {dag.py:3033} INFO - Sync 1 DAGs
[2023-12-24T14:05:56.331+0000] {logging_mixin.py:188} INFO - [2023-12-24T14:05:56.330+0000] {dag.py:3820} INFO - Setting next_dagrun for example_bash_operator to 2023-12-23T00:00:00+00:00, run_after=2023-12-24T00:00:00+00:00
[2023-12-24T14:05:56.374+0000] {processor.py:183} INFO - Processing /home/airflow/.local/lib/python3.8/site-packages/airflow/example_dags/example_bash_operator.py took 0.364 seconds
[2023-12-24T14:06:38.100+0000] {processor.py:161} INFO - Started process (PID=71) to work on /home/airflow/.local/lib/python3.8/site-packages/airflow/example_dags/example_bash_operator.py
[2023-12-24T14:06:38.101+0000] {processor.py:830} INFO - Processing file /home/airflow/.local/lib/python3.8/site-packages/airflow/example_dags/example_bash_operator.py for tasks to queue
[2023-12-24T14:06:38.106+0000] {logging_mixin.py:188} INFO - [2023-12-24T14:06:38.105+0000] {dagbag.py:538} INFO - Filling up the DagBag from /home/airflow/.local/lib/python3.8/site-packages/airflow/example_dags/example_bash_operator.py
[2023-12-24T14:06:38.126+0000] {processor.py:840} INFO - DAG(s) 'example_bash_operator' retrieved from /home/airflow/.local/lib/python3.8/site-packages/airflow/example_dags/example_bash_operator.py
[2023-12-24T14:06:38.179+0000] {logging_mixin.py:188} INFO - [2023-12-24T14:06:38.179+0000] {dag.py:3033} INFO - Sync 1 DAGs
[2023-12-24T14:06:38.220+0000] {logging_mixin.py:188} INFO - [2023-12-24T14:06:38.220+0000] {dag.py:3820} INFO - Setting next_dagrun for example_bash_operator to 2023-12-23T00:00:00+00:00, run_after=2023-12-24T00:00:00+00:00
[2023-12-24T14:06:38.252+0000] {processor.py:183} INFO - Processing /home/airflow/.local/lib/python3.8/site-packages/airflow/example_dags/example_bash_operator.py took 0.158 seconds
[2023-12-24T14:07:09.570+0000] {processor.py:161} INFO - Started process (PID=130) to work on /home/airflow/.local/lib/python3.8/site-packages/airflow/example_dags/example_bash_operator.py
[2023-12-24T14:07:09.575+0000] {processor.py:830} INFO - Processing file /home/airflow/.local/lib/python3.8/site-packages/airflow/example_dags/example_bash_operator.py for tasks to queue
[2023-12-24T14:07:09.580+0000] {logging_mixin.py:188} INFO - [2023-12-24T14:07:09.580+0000] {dagbag.py:538} INFO - Filling up the DagBag from /home/airflow/.local/lib/python3.8/site-packages/airflow/example_dags/example_bash_operator.py
[2023-12-24T14:07:09.618+0000] {processor.py:840} INFO - DAG(s) 'example_bash_operator' retrieved from /home/airflow/.local/lib/python3.8/site-packages/airflow/example_dags/example_bash_operator.py
[2023-12-24T14:07:09.696+0000] {logging_mixin.py:188} INFO - [2023-12-24T14:07:09.696+0000] {dag.py:3033} INFO - Sync 1 DAGs
[2023-12-24T14:07:09.755+0000] {logging_mixin.py:188} INFO - [2023-12-24T14:07:09.754+0000] {dag.py:3820} INFO - Setting next_dagrun for example_bash_operator to 2023-12-23T00:00:00+00:00, run_after=2023-12-24T00:00:00+00:00
[2023-12-24T14:07:09.799+0000] {processor.py:183} INFO - Processing /home/airflow/.local/lib/python3.8/site-packages/airflow/example_dags/example_bash_operator.py took 0.236 seconds
[2023-12-24T14:07:40.754+0000] {processor.py:161} INFO - Started process (PID=189) to work on /home/airflow/.local/lib/python3.8/site-packages/airflow/example_dags/example_bash_operator.py
[2023-12-24T14:07:40.755+0000] {processor.py:830} INFO - Processing file /home/airflow/.local/lib/python3.8/site-packages/airflow/example_dags/example_bash_operator.py for tasks to queue
[2023-12-24T14:07:40.760+0000] {logging_mixin.py:188} INFO - [2023-12-24T14:07:40.760+0000] {dagbag.py:538} INFO - Filling up the DagBag from /home/airflow/.local/lib/python3.8/site-packages/airflow/example_dags/example_bash_operator.py
[2023-12-24T14:07:40.781+0000] {processor.py:840} INFO - DAG(s) 'example_bash_operator' retrieved from /home/airflow/.local/lib/python3.8/site-packages/airflow/example_dags/example_bash_operator.py
[2023-12-24T14:07:40.841+0000] {logging_mixin.py:188} INFO - [2023-12-24T14:07:40.841+0000] {dag.py:3033} INFO - Sync 1 DAGs
[2023-12-24T14:07:40.885+0000] {logging_mixin.py:188} INFO - [2023-12-24T14:07:40.885+0000] {dag.py:3820} INFO - Setting next_dagrun for example_bash_operator to 2023-12-23T00:00:00+00:00, run_after=2023-12-24T00:00:00+00:00
[2023-12-24T14:07:40.920+0000] {processor.py:183} INFO - Processing /home/airflow/.local/lib/python3.8/site-packages/airflow/example_dags/example_bash_operator.py took 0.172 seconds
[2023-12-24T14:08:14.387+0000] {processor.py:161} INFO - Started process (PID=248) to work on /home/airflow/.local/lib/python3.8/site-packages/airflow/example_dags/example_bash_operator.py
[2023-12-24T14:08:14.389+0000] {processor.py:830} INFO - Processing file /home/airflow/.local/lib/python3.8/site-packages/airflow/example_dags/example_bash_operator.py for tasks to queue
[2023-12-24T14:08:14.395+0000] {logging_mixin.py:188} INFO - [2023-12-24T14:08:14.394+0000] {dagbag.py:538} INFO - Filling up the DagBag from /home/airflow/.local/lib/python3.8/site-packages/airflow/example_dags/example_bash_operator.py
[2023-12-24T14:08:14.420+0000] {processor.py:840} INFO - DAG(s) 'example_bash_operator' retrieved from /home/airflow/.local/lib/python3.8/site-packages/airflow/example_dags/example_bash_operator.py
[2023-12-24T14:08:14.526+0000] {logging_mixin.py:188} INFO - [2023-12-24T14:08:14.525+0000] {dag.py:3033} INFO - Sync 1 DAGs
[2023-12-24T14:08:14.614+0000] {logging_mixin.py:188} INFO - [2023-12-24T14:08:14.614+0000] {dag.py:3820} INFO - Setting next_dagrun for example_bash_operator to 2023-12-23T00:00:00+00:00, run_after=2023-12-24T00:00:00+00:00
[2023-12-24T14:08:14.677+0000] {processor.py:183} INFO - Processing /home/airflow/.local/lib/python3.8/site-packages/airflow/example_dags/example_bash_operator.py took 0.298 seconds
[2023-12-24T14:08:45.823+0000] {processor.py:161} INFO - Started process (PID=314) to work on /home/airflow/.local/lib/python3.8/site-packages/airflow/example_dags/example_bash_operator.py
[2023-12-24T14:08:45.829+0000] {processor.py:830} INFO - Processing file /home/airflow/.local/lib/python3.8/site-packages/airflow/example_dags/example_bash_operator.py for tasks to queue
[2023-12-24T14:08:45.837+0000] {logging_mixin.py:188} INFO - [2023-12-24T14:08:45.837+0000] {dagbag.py:538} INFO - Filling up the DagBag from /home/airflow/.local/lib/python3.8/site-packages/airflow/example_dags/example_bash_operator.py
[2023-12-24T14:08:45.891+0000] {processor.py:840} INFO - DAG(s) 'example_bash_operator' retrieved from /home/airflow/.local/lib/python3.8/site-packages/airflow/example_dags/example_bash_operator.py
[2023-12-24T14:08:46.040+0000] {logging_mixin.py:188} INFO - [2023-12-24T14:08:46.040+0000] {dag.py:3033} INFO - Sync 1 DAGs
[2023-12-24T14:08:46.146+0000] {logging_mixin.py:188} INFO - [2023-12-24T14:08:46.145+0000] {dag.py:3820} INFO - Setting next_dagrun for example_bash_operator to 2023-12-23T00:00:00+00:00, run_after=2023-12-24T00:00:00+00:00
[2023-12-24T14:08:46.310+0000] {processor.py:183} INFO - Processing /home/airflow/.local/lib/python3.8/site-packages/airflow/example_dags/example_bash_operator.py took 0.508 seconds
[2023-12-24T14:09:17.171+0000] {processor.py:161} INFO - Started process (PID=373) to work on /home/airflow/.local/lib/python3.8/site-packages/airflow/example_dags/example_bash_operator.py
[2023-12-24T14:09:17.176+0000] {processor.py:830} INFO - Processing file /home/airflow/.local/lib/python3.8/site-packages/airflow/example_dags/example_bash_operator.py for tasks to queue
[2023-12-24T14:09:17.184+0000] {logging_mixin.py:188} INFO - [2023-12-24T14:09:17.183+0000] {dagbag.py:538} INFO - Filling up the DagBag from /home/airflow/.local/lib/python3.8/site-packages/airflow/example_dags/example_bash_operator.py
[2023-12-24T14:09:17.216+0000] {processor.py:840} INFO - DAG(s) 'example_bash_operator' retrieved from /home/airflow/.local/lib/python3.8/site-packages/airflow/example_dags/example_bash_operator.py
[2023-12-24T14:09:17.298+0000] {logging_mixin.py:188} INFO - [2023-12-24T14:09:17.297+0000] {dag.py:3033} INFO - Sync 1 DAGs
[2023-12-24T14:09:17.357+0000] {logging_mixin.py:188} INFO - [2023-12-24T14:09:17.356+0000] {dag.py:3820} INFO - Setting next_dagrun for example_bash_operator to 2023-12-23T00:00:00+00:00, run_after=2023-12-24T00:00:00+00:00
[2023-12-24T14:09:17.401+0000] {processor.py:183} INFO - Processing /home/airflow/.local/lib/python3.8/site-packages/airflow/example_dags/example_bash_operator.py took 0.249 seconds
[2023-12-24T14:09:47.626+0000] {processor.py:161} INFO - Started process (PID=432) to work on /home/airflow/.local/lib/python3.8/site-packages/airflow/example_dags/example_bash_operator.py
[2023-12-24T14:09:47.628+0000] {processor.py:830} INFO - Processing file /home/airflow/.local/lib/python3.8/site-packages/airflow/example_dags/example_bash_operator.py for tasks to queue
[2023-12-24T14:09:47.633+0000] {logging_mixin.py:188} INFO - [2023-12-24T14:09:47.632+0000] {dagbag.py:538} INFO - Filling up the DagBag from /home/airflow/.local/lib/python3.8/site-packages/airflow/example_dags/example_bash_operator.py
[2023-12-24T14:09:47.653+0000] {processor.py:840} INFO - DAG(s) 'example_bash_operator' retrieved from /home/airflow/.local/lib/python3.8/site-packages/airflow/example_dags/example_bash_operator.py
[2023-12-24T14:09:47.716+0000] {logging_mixin.py:188} INFO - [2023-12-24T14:09:47.716+0000] {dag.py:3033} INFO - Sync 1 DAGs
[2023-12-24T14:09:47.777+0000] {logging_mixin.py:188} INFO - [2023-12-24T14:09:47.776+0000] {dag.py:3820} INFO - Setting next_dagrun for example_bash_operator to 2023-12-23T00:00:00+00:00, run_after=2023-12-24T00:00:00+00:00
[2023-12-24T14:09:47.819+0000] {processor.py:183} INFO - Processing /home/airflow/.local/lib/python3.8/site-packages/airflow/example_dags/example_bash_operator.py took 0.200 seconds
[2023-12-24T14:10:18.766+0000] {processor.py:161} INFO - Started process (PID=490) to work on /home/airflow/.local/lib/python3.8/site-packages/airflow/example_dags/example_bash_operator.py
[2023-12-24T14:10:18.767+0000] {processor.py:830} INFO - Processing file /home/airflow/.local/lib/python3.8/site-packages/airflow/example_dags/example_bash_operator.py for tasks to queue
[2023-12-24T14:10:18.772+0000] {logging_mixin.py:188} INFO - [2023-12-24T14:10:18.771+0000] {dagbag.py:538} INFO - Filling up the DagBag from /home/airflow/.local/lib/python3.8/site-packages/airflow/example_dags/example_bash_operator.py
[2023-12-24T14:10:18.794+0000] {processor.py:840} INFO - DAG(s) 'example_bash_operator' retrieved from /home/airflow/.local/lib/python3.8/site-packages/airflow/example_dags/example_bash_operator.py
[2023-12-24T14:10:18.843+0000] {logging_mixin.py:188} INFO - [2023-12-24T14:10:18.842+0000] {dag.py:3033} INFO - Sync 1 DAGs
[2023-12-24T14:10:18.885+0000] {logging_mixin.py:188} INFO - [2023-12-24T14:10:18.885+0000] {dag.py:3820} INFO - Setting next_dagrun for example_bash_operator to 2023-12-23T00:00:00+00:00, run_after=2023-12-24T00:00:00+00:00
[2023-12-24T14:10:18.924+0000] {processor.py:183} INFO - Processing /home/airflow/.local/lib/python3.8/site-packages/airflow/example_dags/example_bash_operator.py took 0.165 seconds
[2023-12-24T14:10:49.069+0000] {processor.py:161} INFO - Started process (PID=549) to work on /home/airflow/.local/lib/python3.8/site-packages/airflow/example_dags/example_bash_operator.py
[2023-12-24T14:10:49.070+0000] {processor.py:830} INFO - Processing file /home/airflow/.local/lib/python3.8/site-packages/airflow/example_dags/example_bash_operator.py for tasks to queue
[2023-12-24T14:10:49.075+0000] {logging_mixin.py:188} INFO - [2023-12-24T14:10:49.074+0000] {dagbag.py:538} INFO - Filling up the DagBag from /home/airflow/.local/lib/python3.8/site-packages/airflow/example_dags/example_bash_operator.py
[2023-12-24T14:10:49.098+0000] {processor.py:840} INFO - DAG(s) 'example_bash_operator' retrieved from /home/airflow/.local/lib/python3.8/site-packages/airflow/example_dags/example_bash_operator.py
[2023-12-24T14:10:49.148+0000] {logging_mixin.py:188} INFO - [2023-12-24T14:10:49.148+0000] {dag.py:3033} INFO - Sync 1 DAGs
[2023-12-24T14:10:49.197+0000] {logging_mixin.py:188} INFO - [2023-12-24T14:10:49.197+0000] {dag.py:3820} INFO - Setting next_dagrun for example_bash_operator to 2023-12-23T00:00:00+00:00, run_after=2023-12-24T00:00:00+00:00
[2023-12-24T14:10:49.234+0000] {processor.py:183} INFO - Processing /home/airflow/.local/lib/python3.8/site-packages/airflow/example_dags/example_bash_operator.py took 0.172 seconds
[2023-12-24T14:11:22.743+0000] {processor.py:161} INFO - Started process (PID=609) to work on /home/airflow/.local/lib/python3.8/site-packages/airflow/example_dags/example_bash_operator.py
[2023-12-24T14:11:22.746+0000] {processor.py:830} INFO - Processing file /home/airflow/.local/lib/python3.8/site-packages/airflow/example_dags/example_bash_operator.py for tasks to queue
[2023-12-24T14:11:22.755+0000] {logging_mixin.py:188} INFO - [2023-12-24T14:11:22.754+0000] {dagbag.py:538} INFO - Filling up the DagBag from /home/airflow/.local/lib/python3.8/site-packages/airflow/example_dags/example_bash_operator.py
[2023-12-24T14:11:22.787+0000] {processor.py:840} INFO - DAG(s) 'example_bash_operator' retrieved from /home/airflow/.local/lib/python3.8/site-packages/airflow/example_dags/example_bash_operator.py
[2023-12-24T14:11:22.933+0000] {logging_mixin.py:188} INFO - [2023-12-24T14:11:22.932+0000] {dag.py:3033} INFO - Sync 1 DAGs
[2023-12-24T14:11:23.183+0000] {logging_mixin.py:188} INFO - [2023-12-24T14:11:23.182+0000] {dag.py:3820} INFO - Setting next_dagrun for example_bash_operator to 2023-12-23T00:00:00+00:00, run_after=2023-12-24T00:00:00+00:00
[2023-12-24T14:11:23.349+0000] {processor.py:183} INFO - Processing /home/airflow/.local/lib/python3.8/site-packages/airflow/example_dags/example_bash_operator.py took 0.622 seconds
[2023-12-24T14:11:53.760+0000] {processor.py:161} INFO - Started process (PID=667) to work on /home/airflow/.local/lib/python3.8/site-packages/airflow/example_dags/example_bash_operator.py
[2023-12-24T14:11:53.761+0000] {processor.py:830} INFO - Processing file /home/airflow/.local/lib/python3.8/site-packages/airflow/example_dags/example_bash_operator.py for tasks to queue
[2023-12-24T14:11:53.766+0000] {logging_mixin.py:188} INFO - [2023-12-24T14:11:53.766+0000] {dagbag.py:538} INFO - Filling up the DagBag from /home/airflow/.local/lib/python3.8/site-packages/airflow/example_dags/example_bash_operator.py
[2023-12-24T14:11:53.793+0000] {processor.py:840} INFO - DAG(s) 'example_bash_operator' retrieved from /home/airflow/.local/lib/python3.8/site-packages/airflow/example_dags/example_bash_operator.py
[2023-12-24T14:11:53.813+0000] {logging_mixin.py:188} INFO - [2023-12-24T14:11:53.813+0000] {dag.py:3033} INFO - Sync 1 DAGs
[2023-12-24T14:11:53.855+0000] {logging_mixin.py:188} INFO - [2023-12-24T14:11:53.854+0000] {dag.py:3820} INFO - Setting next_dagrun for example_bash_operator to 2023-12-23T00:00:00+00:00, run_after=2023-12-24T00:00:00+00:00
[2023-12-24T14:11:53.888+0000] {processor.py:183} INFO - Processing /home/airflow/.local/lib/python3.8/site-packages/airflow/example_dags/example_bash_operator.py took 0.135 seconds
[2023-12-24T14:12:24.285+0000] {processor.py:161} INFO - Started process (PID=726) to work on /home/airflow/.local/lib/python3.8/site-packages/airflow/example_dags/example_bash_operator.py
[2023-12-24T14:12:24.287+0000] {processor.py:830} INFO - Processing file /home/airflow/.local/lib/python3.8/site-packages/airflow/example_dags/example_bash_operator.py for tasks to queue
[2023-12-24T14:12:24.291+0000] {logging_mixin.py:188} INFO - [2023-12-24T14:12:24.291+0000] {dagbag.py:538} INFO - Filling up the DagBag from /home/airflow/.local/lib/python3.8/site-packages/airflow/example_dags/example_bash_operator.py
[2023-12-24T14:12:24.311+0000] {processor.py:840} INFO - DAG(s) 'example_bash_operator' retrieved from /home/airflow/.local/lib/python3.8/site-packages/airflow/example_dags/example_bash_operator.py
[2023-12-24T14:12:24.513+0000] {logging_mixin.py:188} INFO - [2023-12-24T14:12:24.512+0000] {dag.py:3033} INFO - Sync 1 DAGs
[2023-12-24T14:12:24.555+0000] {logging_mixin.py:188} INFO - [2023-12-24T14:12:24.555+0000] {dag.py:3820} INFO - Setting next_dagrun for example_bash_operator to 2023-12-23T00:00:00+00:00, run_after=2023-12-24T00:00:00+00:00
[2023-12-24T14:12:24.591+0000] {processor.py:183} INFO - Processing /home/airflow/.local/lib/python3.8/site-packages/airflow/example_dags/example_bash_operator.py took 0.313 seconds
[2023-12-24T14:12:54.974+0000] {processor.py:161} INFO - Started process (PID=785) to work on /home/airflow/.local/lib/python3.8/site-packages/airflow/example_dags/example_bash_operator.py
[2023-12-24T14:12:54.977+0000] {processor.py:830} INFO - Processing file /home/airflow/.local/lib/python3.8/site-packages/airflow/example_dags/example_bash_operator.py for tasks to queue
[2023-12-24T14:12:54.982+0000] {logging_mixin.py:188} INFO - [2023-12-24T14:12:54.981+0000] {dagbag.py:538} INFO - Filling up the DagBag from /home/airflow/.local/lib/python3.8/site-packages/airflow/example_dags/example_bash_operator.py
[2023-12-24T14:12:55.012+0000] {processor.py:840} INFO - DAG(s) 'example_bash_operator' retrieved from /home/airflow/.local/lib/python3.8/site-packages/airflow/example_dags/example_bash_operator.py
[2023-12-24T14:12:55.094+0000] {logging_mixin.py:188} INFO - [2023-12-24T14:12:55.094+0000] {dag.py:3033} INFO - Sync 1 DAGs
[2023-12-24T14:12:55.170+0000] {logging_mixin.py:188} INFO - [2023-12-24T14:12:55.169+0000] {dag.py:3820} INFO - Setting next_dagrun for example_bash_operator to 2023-12-23T00:00:00+00:00, run_after=2023-12-24T00:00:00+00:00
[2023-12-24T14:12:55.254+0000] {processor.py:183} INFO - Processing /home/airflow/.local/lib/python3.8/site-packages/airflow/example_dags/example_bash_operator.py took 0.288 seconds
[2023-12-24T14:13:25.449+0000] {processor.py:161} INFO - Started process (PID=844) to work on /home/airflow/.local/lib/python3.8/site-packages/airflow/example_dags/example_bash_operator.py
[2023-12-24T14:13:25.451+0000] {processor.py:830} INFO - Processing file /home/airflow/.local/lib/python3.8/site-packages/airflow/example_dags/example_bash_operator.py for tasks to queue
[2023-12-24T14:13:25.457+0000] {logging_mixin.py:188} INFO - [2023-12-24T14:13:25.456+0000] {dagbag.py:538} INFO - Filling up the DagBag from /home/airflow/.local/lib/python3.8/site-packages/airflow/example_dags/example_bash_operator.py
[2023-12-24T14:13:25.486+0000] {processor.py:840} INFO - DAG(s) 'example_bash_operator' retrieved from /home/airflow/.local/lib/python3.8/site-packages/airflow/example_dags/example_bash_operator.py
[2023-12-24T14:13:25.560+0000] {logging_mixin.py:188} INFO - [2023-12-24T14:13:25.559+0000] {dag.py:3033} INFO - Sync 1 DAGs
[2023-12-24T14:13:25.621+0000] {logging_mixin.py:188} INFO - [2023-12-24T14:13:25.621+0000] {dag.py:3820} INFO - Setting next_dagrun for example_bash_operator to 2023-12-23T00:00:00+00:00, run_after=2023-12-24T00:00:00+00:00
[2023-12-24T14:13:25.669+0000] {processor.py:183} INFO - Processing /home/airflow/.local/lib/python3.8/site-packages/airflow/example_dags/example_bash_operator.py took 0.227 seconds
[2023-12-24T14:13:56.344+0000] {processor.py:161} INFO - Started process (PID=903) to work on /home/airflow/.local/lib/python3.8/site-packages/airflow/example_dags/example_bash_operator.py
[2023-12-24T14:13:56.346+0000] {processor.py:830} INFO - Processing file /home/airflow/.local/lib/python3.8/site-packages/airflow/example_dags/example_bash_operator.py for tasks to queue
[2023-12-24T14:13:56.351+0000] {logging_mixin.py:188} INFO - [2023-12-24T14:13:56.350+0000] {dagbag.py:538} INFO - Filling up the DagBag from /home/airflow/.local/lib/python3.8/site-packages/airflow/example_dags/example_bash_operator.py
[2023-12-24T14:13:56.380+0000] {processor.py:840} INFO - DAG(s) 'example_bash_operator' retrieved from /home/airflow/.local/lib/python3.8/site-packages/airflow/example_dags/example_bash_operator.py
[2023-12-24T14:13:56.460+0000] {logging_mixin.py:188} INFO - [2023-12-24T14:13:56.460+0000] {dag.py:3033} INFO - Sync 1 DAGs
[2023-12-24T14:13:56.540+0000] {logging_mixin.py:188} INFO - [2023-12-24T14:13:56.539+0000] {dag.py:3820} INFO - Setting next_dagrun for example_bash_operator to 2023-12-23T00:00:00+00:00, run_after=2023-12-24T00:00:00+00:00
[2023-12-24T14:13:56.588+0000] {processor.py:183} INFO - Processing /home/airflow/.local/lib/python3.8/site-packages/airflow/example_dags/example_bash_operator.py took 0.251 seconds
[2023-12-24T14:14:26.740+0000] {processor.py:161} INFO - Started process (PID=962) to work on /home/airflow/.local/lib/python3.8/site-packages/airflow/example_dags/example_bash_operator.py
[2023-12-24T14:14:26.744+0000] {processor.py:830} INFO - Processing file /home/airflow/.local/lib/python3.8/site-packages/airflow/example_dags/example_bash_operator.py for tasks to queue
[2023-12-24T14:14:26.750+0000] {logging_mixin.py:188} INFO - [2023-12-24T14:14:26.750+0000] {dagbag.py:538} INFO - Filling up the DagBag from /home/airflow/.local/lib/python3.8/site-packages/airflow/example_dags/example_bash_operator.py
[2023-12-24T14:14:26.780+0000] {processor.py:840} INFO - DAG(s) 'example_bash_operator' retrieved from /home/airflow/.local/lib/python3.8/site-packages/airflow/example_dags/example_bash_operator.py
[2023-12-24T14:14:26.854+0000] {logging_mixin.py:188} INFO - [2023-12-24T14:14:26.854+0000] {dag.py:3033} INFO - Sync 1 DAGs
[2023-12-24T14:14:26.915+0000] {logging_mixin.py:188} INFO - [2023-12-24T14:14:26.915+0000] {dag.py:3820} INFO - Setting next_dagrun for example_bash_operator to 2023-12-23T00:00:00+00:00, run_after=2023-12-24T00:00:00+00:00
[2023-12-24T14:14:26.981+0000] {processor.py:183} INFO - Processing /home/airflow/.local/lib/python3.8/site-packages/airflow/example_dags/example_bash_operator.py took 0.248 seconds
[2023-12-24T14:14:57.348+0000] {processor.py:161} INFO - Started process (PID=1021) to work on /home/airflow/.local/lib/python3.8/site-packages/airflow/example_dags/example_bash_operator.py
[2023-12-24T14:14:57.350+0000] {processor.py:830} INFO - Processing file /home/airflow/.local/lib/python3.8/site-packages/airflow/example_dags/example_bash_operator.py for tasks to queue
[2023-12-24T14:14:57.356+0000] {logging_mixin.py:188} INFO - [2023-12-24T14:14:57.355+0000] {dagbag.py:538} INFO - Filling up the DagBag from /home/airflow/.local/lib/python3.8/site-packages/airflow/example_dags/example_bash_operator.py
[2023-12-24T14:14:57.383+0000] {processor.py:840} INFO - DAG(s) 'example_bash_operator' retrieved from /home/airflow/.local/lib/python3.8/site-packages/airflow/example_dags/example_bash_operator.py
[2023-12-24T14:14:57.438+0000] {logging_mixin.py:188} INFO - [2023-12-24T14:14:57.438+0000] {dag.py:3033} INFO - Sync 1 DAGs
[2023-12-24T14:14:57.481+0000] {logging_mixin.py:188} INFO - [2023-12-24T14:14:57.481+0000] {dag.py:3820} INFO - Setting next_dagrun for example_bash_operator to 2023-12-23T00:00:00+00:00, run_after=2023-12-24T00:00:00+00:00
[2023-12-24T14:14:57.517+0000] {processor.py:183} INFO - Processing /home/airflow/.local/lib/python3.8/site-packages/airflow/example_dags/example_bash_operator.py took 0.175 seconds
[2023-12-24T14:15:27.762+0000] {processor.py:161} INFO - Started process (PID=1080) to work on /home/airflow/.local/lib/python3.8/site-packages/airflow/example_dags/example_bash_operator.py
[2023-12-24T14:15:27.764+0000] {processor.py:830} INFO - Processing file /home/airflow/.local/lib/python3.8/site-packages/airflow/example_dags/example_bash_operator.py for tasks to queue
[2023-12-24T14:15:27.770+0000] {logging_mixin.py:188} INFO - [2023-12-24T14:15:27.769+0000] {dagbag.py:538} INFO - Filling up the DagBag from /home/airflow/.local/lib/python3.8/site-packages/airflow/example_dags/example_bash_operator.py
[2023-12-24T14:15:27.800+0000] {processor.py:840} INFO - DAG(s) 'example_bash_operator' retrieved from /home/airflow/.local/lib/python3.8/site-packages/airflow/example_dags/example_bash_operator.py
[2023-12-24T14:15:27.865+0000] {logging_mixin.py:188} INFO - [2023-12-24T14:15:27.865+0000] {dag.py:3033} INFO - Sync 1 DAGs
[2023-12-24T14:15:27.923+0000] {logging_mixin.py:188} INFO - [2023-12-24T14:15:27.922+0000] {dag.py:3820} INFO - Setting next_dagrun for example_bash_operator to 2023-12-23T00:00:00+00:00, run_after=2023-12-24T00:00:00+00:00
[2023-12-24T14:15:27.968+0000] {processor.py:183} INFO - Processing /home/airflow/.local/lib/python3.8/site-packages/airflow/example_dags/example_bash_operator.py took 0.214 seconds
[2023-12-24T14:15:58.563+0000] {processor.py:161} INFO - Started process (PID=1139) to work on /home/airflow/.local/lib/python3.8/site-packages/airflow/example_dags/example_bash_operator.py
[2023-12-24T14:15:58.564+0000] {processor.py:830} INFO - Processing file /home/airflow/.local/lib/python3.8/site-packages/airflow/example_dags/example_bash_operator.py for tasks to queue
[2023-12-24T14:15:58.569+0000] {logging_mixin.py:188} INFO - [2023-12-24T14:15:58.568+0000] {dagbag.py:538} INFO - Filling up the DagBag from /home/airflow/.local/lib/python3.8/site-packages/airflow/example_dags/example_bash_operator.py
[2023-12-24T14:15:58.589+0000] {processor.py:840} INFO - DAG(s) 'example_bash_operator' retrieved from /home/airflow/.local/lib/python3.8/site-packages/airflow/example_dags/example_bash_operator.py
[2023-12-24T14:15:58.656+0000] {logging_mixin.py:188} INFO - [2023-12-24T14:15:58.656+0000] {dag.py:3033} INFO - Sync 1 DAGs
[2023-12-24T14:15:58.711+0000] {logging_mixin.py:188} INFO - [2023-12-24T14:15:58.710+0000] {dag.py:3820} INFO - Setting next_dagrun for example_bash_operator to 2023-12-23T00:00:00+00:00, run_after=2023-12-24T00:00:00+00:00
[2023-12-24T14:15:58.748+0000] {processor.py:183} INFO - Processing /home/airflow/.local/lib/python3.8/site-packages/airflow/example_dags/example_bash_operator.py took 0.191 seconds
[2023-12-24T14:16:29.264+0000] {processor.py:161} INFO - Started process (PID=1198) to work on /home/airflow/.local/lib/python3.8/site-packages/airflow/example_dags/example_bash_operator.py
[2023-12-24T14:16:29.265+0000] {processor.py:830} INFO - Processing file /home/airflow/.local/lib/python3.8/site-packages/airflow/example_dags/example_bash_operator.py for tasks to queue
[2023-12-24T14:16:29.270+0000] {logging_mixin.py:188} INFO - [2023-12-24T14:16:29.270+0000] {dagbag.py:538} INFO - Filling up the DagBag from /home/airflow/.local/lib/python3.8/site-packages/airflow/example_dags/example_bash_operator.py
[2023-12-24T14:16:29.291+0000] {processor.py:840} INFO - DAG(s) 'example_bash_operator' retrieved from /home/airflow/.local/lib/python3.8/site-packages/airflow/example_dags/example_bash_operator.py
[2023-12-24T14:16:29.340+0000] {logging_mixin.py:188} INFO - [2023-12-24T14:16:29.340+0000] {dag.py:3033} INFO - Sync 1 DAGs
[2023-12-24T14:16:29.379+0000] {logging_mixin.py:188} INFO - [2023-12-24T14:16:29.378+0000] {dag.py:3820} INFO - Setting next_dagrun for example_bash_operator to 2023-12-23T00:00:00+00:00, run_after=2023-12-24T00:00:00+00:00
[2023-12-24T14:16:29.410+0000] {processor.py:183} INFO - Processing /home/airflow/.local/lib/python3.8/site-packages/airflow/example_dags/example_bash_operator.py took 0.153 seconds
[2023-12-24T14:18:43.007+0000] {processor.py:161} INFO - Started process (PID=78) to work on /home/airflow/.local/lib/python3.8/site-packages/airflow/example_dags/example_bash_operator.py
[2023-12-24T14:18:43.009+0000] {processor.py:830} INFO - Processing file /home/airflow/.local/lib/python3.8/site-packages/airflow/example_dags/example_bash_operator.py for tasks to queue
[2023-12-24T14:18:43.013+0000] {logging_mixin.py:188} INFO - [2023-12-24T14:18:43.012+0000] {dagbag.py:538} INFO - Filling up the DagBag from /home/airflow/.local/lib/python3.8/site-packages/airflow/example_dags/example_bash_operator.py
[2023-12-24T14:18:43.036+0000] {processor.py:840} INFO - DAG(s) 'example_bash_operator' retrieved from /home/airflow/.local/lib/python3.8/site-packages/airflow/example_dags/example_bash_operator.py
[2023-12-24T14:18:43.059+0000] {logging_mixin.py:188} INFO - [2023-12-24T14:18:43.059+0000] {dag.py:3033} INFO - Sync 1 DAGs
[2023-12-24T14:18:43.116+0000] {logging_mixin.py:188} INFO - [2023-12-24T14:18:43.115+0000] {dag.py:3820} INFO - Setting next_dagrun for example_bash_operator to 2023-12-23T00:00:00+00:00, run_after=2023-12-24T00:00:00+00:00
[2023-12-24T14:18:43.156+0000] {processor.py:183} INFO - Processing /home/airflow/.local/lib/python3.8/site-packages/airflow/example_dags/example_bash_operator.py took 0.155 seconds
[2023-12-24T14:19:15.150+0000] {processor.py:161} INFO - Started process (PID=138) to work on /home/airflow/.local/lib/python3.8/site-packages/airflow/example_dags/example_bash_operator.py
[2023-12-24T14:19:15.152+0000] {processor.py:830} INFO - Processing file /home/airflow/.local/lib/python3.8/site-packages/airflow/example_dags/example_bash_operator.py for tasks to queue
[2023-12-24T14:19:15.159+0000] {logging_mixin.py:188} INFO - [2023-12-24T14:19:15.158+0000] {dagbag.py:538} INFO - Filling up the DagBag from /home/airflow/.local/lib/python3.8/site-packages/airflow/example_dags/example_bash_operator.py
[2023-12-24T14:19:15.188+0000] {processor.py:840} INFO - DAG(s) 'example_bash_operator' retrieved from /home/airflow/.local/lib/python3.8/site-packages/airflow/example_dags/example_bash_operator.py
[2023-12-24T14:19:15.212+0000] {logging_mixin.py:188} INFO - [2023-12-24T14:19:15.212+0000] {dag.py:3033} INFO - Sync 1 DAGs
[2023-12-24T14:19:15.286+0000] {logging_mixin.py:188} INFO - [2023-12-24T14:19:15.286+0000] {dag.py:3820} INFO - Setting next_dagrun for example_bash_operator to 2023-12-23T00:00:00+00:00, run_after=2023-12-24T00:00:00+00:00
[2023-12-24T14:19:15.342+0000] {processor.py:183} INFO - Processing /home/airflow/.local/lib/python3.8/site-packages/airflow/example_dags/example_bash_operator.py took 0.200 seconds
[2023-12-24T14:19:47.893+0000] {processor.py:161} INFO - Started process (PID=197) to work on /home/airflow/.local/lib/python3.8/site-packages/airflow/example_dags/example_bash_operator.py
[2023-12-24T14:19:47.911+0000] {processor.py:830} INFO - Processing file /home/airflow/.local/lib/python3.8/site-packages/airflow/example_dags/example_bash_operator.py for tasks to queue
[2023-12-24T14:19:47.930+0000] {logging_mixin.py:188} INFO - [2023-12-24T14:19:47.929+0000] {dagbag.py:538} INFO - Filling up the DagBag from /home/airflow/.local/lib/python3.8/site-packages/airflow/example_dags/example_bash_operator.py
[2023-12-24T14:19:48.052+0000] {processor.py:840} INFO - DAG(s) 'example_bash_operator' retrieved from /home/airflow/.local/lib/python3.8/site-packages/airflow/example_dags/example_bash_operator.py
[2023-12-24T14:19:48.598+0000] {logging_mixin.py:188} INFO - [2023-12-24T14:19:48.597+0000] {dag.py:3033} INFO - Sync 1 DAGs
[2023-12-24T14:19:48.716+0000] {logging_mixin.py:188} INFO - [2023-12-24T14:19:48.716+0000] {dag.py:3820} INFO - Setting next_dagrun for example_bash_operator to 2023-12-23T00:00:00+00:00, run_after=2023-12-24T00:00:00+00:00
[2023-12-24T14:19:48.784+0000] {processor.py:183} INFO - Processing /home/airflow/.local/lib/python3.8/site-packages/airflow/example_dags/example_bash_operator.py took 0.909 seconds
[2023-12-24T14:20:19.018+0000] {processor.py:161} INFO - Started process (PID=257) to work on /home/airflow/.local/lib/python3.8/site-packages/airflow/example_dags/example_bash_operator.py
[2023-12-24T14:20:19.020+0000] {processor.py:830} INFO - Processing file /home/airflow/.local/lib/python3.8/site-packages/airflow/example_dags/example_bash_operator.py for tasks to queue
[2023-12-24T14:20:19.027+0000] {logging_mixin.py:188} INFO - [2023-12-24T14:20:19.026+0000] {dagbag.py:538} INFO - Filling up the DagBag from /home/airflow/.local/lib/python3.8/site-packages/airflow/example_dags/example_bash_operator.py
[2023-12-24T14:20:19.074+0000] {processor.py:840} INFO - DAG(s) 'example_bash_operator' retrieved from /home/airflow/.local/lib/python3.8/site-packages/airflow/example_dags/example_bash_operator.py
[2023-12-24T14:20:19.189+0000] {logging_mixin.py:188} INFO - [2023-12-24T14:20:19.188+0000] {dag.py:3033} INFO - Sync 1 DAGs
[2023-12-24T14:20:19.374+0000] {logging_mixin.py:188} INFO - [2023-12-24T14:20:19.374+0000] {dag.py:3820} INFO - Setting next_dagrun for example_bash_operator to 2023-12-23T00:00:00+00:00, run_after=2023-12-24T00:00:00+00:00
[2023-12-24T14:20:19.482+0000] {processor.py:183} INFO - Processing /home/airflow/.local/lib/python3.8/site-packages/airflow/example_dags/example_bash_operator.py took 0.472 seconds
[2023-12-24T14:20:50.026+0000] {processor.py:161} INFO - Started process (PID=315) to work on /home/airflow/.local/lib/python3.8/site-packages/airflow/example_dags/example_bash_operator.py
[2023-12-24T14:20:50.028+0000] {processor.py:830} INFO - Processing file /home/airflow/.local/lib/python3.8/site-packages/airflow/example_dags/example_bash_operator.py for tasks to queue
[2023-12-24T14:20:50.032+0000] {logging_mixin.py:188} INFO - [2023-12-24T14:20:50.031+0000] {dagbag.py:538} INFO - Filling up the DagBag from /home/airflow/.local/lib/python3.8/site-packages/airflow/example_dags/example_bash_operator.py
[2023-12-24T14:20:50.054+0000] {processor.py:840} INFO - DAG(s) 'example_bash_operator' retrieved from /home/airflow/.local/lib/python3.8/site-packages/airflow/example_dags/example_bash_operator.py
[2023-12-24T14:20:50.107+0000] {logging_mixin.py:188} INFO - [2023-12-24T14:20:50.106+0000] {dag.py:3033} INFO - Sync 1 DAGs
[2023-12-24T14:20:50.145+0000] {logging_mixin.py:188} INFO - [2023-12-24T14:20:50.145+0000] {dag.py:3820} INFO - Setting next_dagrun for example_bash_operator to 2023-12-23T00:00:00+00:00, run_after=2023-12-24T00:00:00+00:00
[2023-12-24T14:20:50.181+0000] {processor.py:183} INFO - Processing /home/airflow/.local/lib/python3.8/site-packages/airflow/example_dags/example_bash_operator.py took 0.160 seconds
[2023-12-24T14:21:20.746+0000] {processor.py:161} INFO - Started process (PID=373) to work on /home/airflow/.local/lib/python3.8/site-packages/airflow/example_dags/example_bash_operator.py
[2023-12-24T14:21:20.748+0000] {processor.py:830} INFO - Processing file /home/airflow/.local/lib/python3.8/site-packages/airflow/example_dags/example_bash_operator.py for tasks to queue
[2023-12-24T14:21:20.755+0000] {logging_mixin.py:188} INFO - [2023-12-24T14:21:20.754+0000] {dagbag.py:538} INFO - Filling up the DagBag from /home/airflow/.local/lib/python3.8/site-packages/airflow/example_dags/example_bash_operator.py
[2023-12-24T14:21:20.780+0000] {processor.py:840} INFO - DAG(s) 'example_bash_operator' retrieved from /home/airflow/.local/lib/python3.8/site-packages/airflow/example_dags/example_bash_operator.py
[2023-12-24T14:21:20.835+0000] {logging_mixin.py:188} INFO - [2023-12-24T14:21:20.835+0000] {dag.py:3033} INFO - Sync 1 DAGs
[2023-12-24T14:21:20.895+0000] {logging_mixin.py:188} INFO - [2023-12-24T14:21:20.894+0000] {dag.py:3820} INFO - Setting next_dagrun for example_bash_operator to 2023-12-23T00:00:00+00:00, run_after=2023-12-24T00:00:00+00:00
[2023-12-24T14:21:20.948+0000] {processor.py:183} INFO - Processing /home/airflow/.local/lib/python3.8/site-packages/airflow/example_dags/example_bash_operator.py took 0.209 seconds
[2023-12-24T14:21:51.145+0000] {processor.py:161} INFO - Started process (PID=431) to work on /home/airflow/.local/lib/python3.8/site-packages/airflow/example_dags/example_bash_operator.py
[2023-12-24T14:21:51.148+0000] {processor.py:830} INFO - Processing file /home/airflow/.local/lib/python3.8/site-packages/airflow/example_dags/example_bash_operator.py for tasks to queue
[2023-12-24T14:21:51.153+0000] {logging_mixin.py:188} INFO - [2023-12-24T14:21:51.153+0000] {dagbag.py:538} INFO - Filling up the DagBag from /home/airflow/.local/lib/python3.8/site-packages/airflow/example_dags/example_bash_operator.py
[2023-12-24T14:21:51.183+0000] {processor.py:840} INFO - DAG(s) 'example_bash_operator' retrieved from /home/airflow/.local/lib/python3.8/site-packages/airflow/example_dags/example_bash_operator.py
[2023-12-24T14:21:51.249+0000] {logging_mixin.py:188} INFO - [2023-12-24T14:21:51.249+0000] {dag.py:3033} INFO - Sync 1 DAGs
[2023-12-24T14:21:51.296+0000] {logging_mixin.py:188} INFO - [2023-12-24T14:21:51.295+0000] {dag.py:3820} INFO - Setting next_dagrun for example_bash_operator to 2023-12-23T00:00:00+00:00, run_after=2023-12-24T00:00:00+00:00
[2023-12-24T14:21:51.337+0000] {processor.py:183} INFO - Processing /home/airflow/.local/lib/python3.8/site-packages/airflow/example_dags/example_bash_operator.py took 0.199 seconds
[2023-12-24T14:22:21.411+0000] {processor.py:161} INFO - Started process (PID=489) to work on /home/airflow/.local/lib/python3.8/site-packages/airflow/example_dags/example_bash_operator.py
[2023-12-24T14:22:21.413+0000] {processor.py:830} INFO - Processing file /home/airflow/.local/lib/python3.8/site-packages/airflow/example_dags/example_bash_operator.py for tasks to queue
[2023-12-24T14:22:21.419+0000] {logging_mixin.py:188} INFO - [2023-12-24T14:22:21.418+0000] {dagbag.py:538} INFO - Filling up the DagBag from /home/airflow/.local/lib/python3.8/site-packages/airflow/example_dags/example_bash_operator.py
[2023-12-24T14:22:21.449+0000] {processor.py:840} INFO - DAG(s) 'example_bash_operator' retrieved from /home/airflow/.local/lib/python3.8/site-packages/airflow/example_dags/example_bash_operator.py
[2023-12-24T14:22:21.505+0000] {logging_mixin.py:188} INFO - [2023-12-24T14:22:21.505+0000] {dag.py:3033} INFO - Sync 1 DAGs
[2023-12-24T14:22:21.556+0000] {logging_mixin.py:188} INFO - [2023-12-24T14:22:21.556+0000] {dag.py:3820} INFO - Setting next_dagrun for example_bash_operator to 2023-12-23T00:00:00+00:00, run_after=2023-12-24T00:00:00+00:00
[2023-12-24T14:22:21.604+0000] {processor.py:183} INFO - Processing /home/airflow/.local/lib/python3.8/site-packages/airflow/example_dags/example_bash_operator.py took 0.201 seconds
[2023-12-24T14:22:52.064+0000] {processor.py:161} INFO - Started process (PID=547) to work on /home/airflow/.local/lib/python3.8/site-packages/airflow/example_dags/example_bash_operator.py
[2023-12-24T14:22:52.066+0000] {processor.py:830} INFO - Processing file /home/airflow/.local/lib/python3.8/site-packages/airflow/example_dags/example_bash_operator.py for tasks to queue
[2023-12-24T14:22:52.072+0000] {logging_mixin.py:188} INFO - [2023-12-24T14:22:52.071+0000] {dagbag.py:538} INFO - Filling up the DagBag from /home/airflow/.local/lib/python3.8/site-packages/airflow/example_dags/example_bash_operator.py
[2023-12-24T14:22:52.100+0000] {processor.py:840} INFO - DAG(s) 'example_bash_operator' retrieved from /home/airflow/.local/lib/python3.8/site-packages/airflow/example_dags/example_bash_operator.py
[2023-12-24T14:22:52.165+0000] {logging_mixin.py:188} INFO - [2023-12-24T14:22:52.165+0000] {dag.py:3033} INFO - Sync 1 DAGs
[2023-12-24T14:22:52.214+0000] {logging_mixin.py:188} INFO - [2023-12-24T14:22:52.214+0000] {dag.py:3820} INFO - Setting next_dagrun for example_bash_operator to 2023-12-23T00:00:00+00:00, run_after=2023-12-24T00:00:00+00:00
[2023-12-24T14:22:52.252+0000] {processor.py:183} INFO - Processing /home/airflow/.local/lib/python3.8/site-packages/airflow/example_dags/example_bash_operator.py took 0.195 seconds
[2023-12-24T14:23:22.375+0000] {processor.py:161} INFO - Started process (PID=605) to work on /home/airflow/.local/lib/python3.8/site-packages/airflow/example_dags/example_bash_operator.py
[2023-12-24T14:23:22.376+0000] {processor.py:830} INFO - Processing file /home/airflow/.local/lib/python3.8/site-packages/airflow/example_dags/example_bash_operator.py for tasks to queue
[2023-12-24T14:23:22.383+0000] {logging_mixin.py:188} INFO - [2023-12-24T14:23:22.382+0000] {dagbag.py:538} INFO - Filling up the DagBag from /home/airflow/.local/lib/python3.8/site-packages/airflow/example_dags/example_bash_operator.py
[2023-12-24T14:23:22.408+0000] {processor.py:840} INFO - DAG(s) 'example_bash_operator' retrieved from /home/airflow/.local/lib/python3.8/site-packages/airflow/example_dags/example_bash_operator.py
[2023-12-24T14:23:22.464+0000] {logging_mixin.py:188} INFO - [2023-12-24T14:23:22.463+0000] {dag.py:3033} INFO - Sync 1 DAGs
[2023-12-24T14:23:22.517+0000] {logging_mixin.py:188} INFO - [2023-12-24T14:23:22.516+0000] {dag.py:3820} INFO - Setting next_dagrun for example_bash_operator to 2023-12-23T00:00:00+00:00, run_after=2023-12-24T00:00:00+00:00
[2023-12-24T14:23:22.560+0000] {processor.py:183} INFO - Processing /home/airflow/.local/lib/python3.8/site-packages/airflow/example_dags/example_bash_operator.py took 0.194 seconds
[2023-12-24T14:23:53.387+0000] {processor.py:161} INFO - Started process (PID=663) to work on /home/airflow/.local/lib/python3.8/site-packages/airflow/example_dags/example_bash_operator.py
[2023-12-24T14:23:53.390+0000] {processor.py:830} INFO - Processing file /home/airflow/.local/lib/python3.8/site-packages/airflow/example_dags/example_bash_operator.py for tasks to queue
[2023-12-24T14:23:53.395+0000] {logging_mixin.py:188} INFO - [2023-12-24T14:23:53.395+0000] {dagbag.py:538} INFO - Filling up the DagBag from /home/airflow/.local/lib/python3.8/site-packages/airflow/example_dags/example_bash_operator.py
[2023-12-24T14:23:53.427+0000] {processor.py:840} INFO - DAG(s) 'example_bash_operator' retrieved from /home/airflow/.local/lib/python3.8/site-packages/airflow/example_dags/example_bash_operator.py
[2023-12-24T14:23:53.508+0000] {logging_mixin.py:188} INFO - [2023-12-24T14:23:53.508+0000] {dag.py:3033} INFO - Sync 1 DAGs
[2023-12-24T14:23:53.596+0000] {logging_mixin.py:188} INFO - [2023-12-24T14:23:53.596+0000] {dag.py:3820} INFO - Setting next_dagrun for example_bash_operator to 2023-12-23T00:00:00+00:00, run_after=2023-12-24T00:00:00+00:00
[2023-12-24T14:23:53.683+0000] {processor.py:183} INFO - Processing /home/airflow/.local/lib/python3.8/site-packages/airflow/example_dags/example_bash_operator.py took 0.304 seconds
[2023-12-24T14:24:23.838+0000] {processor.py:161} INFO - Started process (PID=722) to work on /home/airflow/.local/lib/python3.8/site-packages/airflow/example_dags/example_bash_operator.py
[2023-12-24T14:24:23.840+0000] {processor.py:830} INFO - Processing file /home/airflow/.local/lib/python3.8/site-packages/airflow/example_dags/example_bash_operator.py for tasks to queue
[2023-12-24T14:24:23.845+0000] {logging_mixin.py:188} INFO - [2023-12-24T14:24:23.844+0000] {dagbag.py:538} INFO - Filling up the DagBag from /home/airflow/.local/lib/python3.8/site-packages/airflow/example_dags/example_bash_operator.py
[2023-12-24T14:24:23.867+0000] {processor.py:840} INFO - DAG(s) 'example_bash_operator' retrieved from /home/airflow/.local/lib/python3.8/site-packages/airflow/example_dags/example_bash_operator.py
[2023-12-24T14:24:23.941+0000] {logging_mixin.py:188} INFO - [2023-12-24T14:24:23.941+0000] {dag.py:3033} INFO - Sync 1 DAGs
[2023-12-24T14:24:23.998+0000] {logging_mixin.py:188} INFO - [2023-12-24T14:24:23.998+0000] {dag.py:3820} INFO - Setting next_dagrun for example_bash_operator to 2023-12-23T00:00:00+00:00, run_after=2023-12-24T00:00:00+00:00
[2023-12-24T14:24:24.036+0000] {processor.py:183} INFO - Processing /home/airflow/.local/lib/python3.8/site-packages/airflow/example_dags/example_bash_operator.py took 0.205 seconds
[2023-12-24T14:24:54.793+0000] {processor.py:161} INFO - Started process (PID=780) to work on /home/airflow/.local/lib/python3.8/site-packages/airflow/example_dags/example_bash_operator.py
[2023-12-24T14:24:54.796+0000] {processor.py:830} INFO - Processing file /home/airflow/.local/lib/python3.8/site-packages/airflow/example_dags/example_bash_operator.py for tasks to queue
[2023-12-24T14:24:54.801+0000] {logging_mixin.py:188} INFO - [2023-12-24T14:24:54.801+0000] {dagbag.py:538} INFO - Filling up the DagBag from /home/airflow/.local/lib/python3.8/site-packages/airflow/example_dags/example_bash_operator.py
[2023-12-24T14:24:54.854+0000] {processor.py:840} INFO - DAG(s) 'example_bash_operator' retrieved from /home/airflow/.local/lib/python3.8/site-packages/airflow/example_dags/example_bash_operator.py
[2023-12-24T14:24:55.064+0000] {logging_mixin.py:188} INFO - [2023-12-24T14:24:55.064+0000] {dag.py:3033} INFO - Sync 1 DAGs
[2023-12-24T14:24:55.147+0000] {logging_mixin.py:188} INFO - [2023-12-24T14:24:55.147+0000] {dag.py:3820} INFO - Setting next_dagrun for example_bash_operator to 2023-12-23T00:00:00+00:00, run_after=2023-12-24T00:00:00+00:00
[2023-12-24T14:24:55.214+0000] {processor.py:183} INFO - Processing /home/airflow/.local/lib/python3.8/site-packages/airflow/example_dags/example_bash_operator.py took 0.436 seconds
[2023-12-24T14:25:26.066+0000] {processor.py:161} INFO - Started process (PID=838) to work on /home/airflow/.local/lib/python3.8/site-packages/airflow/example_dags/example_bash_operator.py
[2023-12-24T14:25:26.068+0000] {processor.py:830} INFO - Processing file /home/airflow/.local/lib/python3.8/site-packages/airflow/example_dags/example_bash_operator.py for tasks to queue
[2023-12-24T14:25:26.073+0000] {logging_mixin.py:188} INFO - [2023-12-24T14:25:26.072+0000] {dagbag.py:538} INFO - Filling up the DagBag from /home/airflow/.local/lib/python3.8/site-packages/airflow/example_dags/example_bash_operator.py
[2023-12-24T14:25:26.102+0000] {processor.py:840} INFO - DAG(s) 'example_bash_operator' retrieved from /home/airflow/.local/lib/python3.8/site-packages/airflow/example_dags/example_bash_operator.py
[2023-12-24T14:25:26.174+0000] {logging_mixin.py:188} INFO - [2023-12-24T14:25:26.174+0000] {dag.py:3033} INFO - Sync 1 DAGs
[2023-12-24T14:25:26.236+0000] {logging_mixin.py:188} INFO - [2023-12-24T14:25:26.235+0000] {dag.py:3820} INFO - Setting next_dagrun for example_bash_operator to 2023-12-23T00:00:00+00:00, run_after=2023-12-24T00:00:00+00:00
[2023-12-24T14:25:26.288+0000] {processor.py:183} INFO - Processing /home/airflow/.local/lib/python3.8/site-packages/airflow/example_dags/example_bash_operator.py took 0.229 seconds
[2023-12-24T14:25:56.466+0000] {processor.py:161} INFO - Started process (PID=896) to work on /home/airflow/.local/lib/python3.8/site-packages/airflow/example_dags/example_bash_operator.py
[2023-12-24T14:25:56.468+0000] {processor.py:830} INFO - Processing file /home/airflow/.local/lib/python3.8/site-packages/airflow/example_dags/example_bash_operator.py for tasks to queue
[2023-12-24T14:25:56.473+0000] {logging_mixin.py:188} INFO - [2023-12-24T14:25:56.472+0000] {dagbag.py:538} INFO - Filling up the DagBag from /home/airflow/.local/lib/python3.8/site-packages/airflow/example_dags/example_bash_operator.py
[2023-12-24T14:25:56.495+0000] {processor.py:840} INFO - DAG(s) 'example_bash_operator' retrieved from /home/airflow/.local/lib/python3.8/site-packages/airflow/example_dags/example_bash_operator.py
[2023-12-24T14:25:56.570+0000] {logging_mixin.py:188} INFO - [2023-12-24T14:25:56.570+0000] {dag.py:3033} INFO - Sync 1 DAGs
[2023-12-24T14:25:56.632+0000] {logging_mixin.py:188} INFO - [2023-12-24T14:25:56.631+0000] {dag.py:3820} INFO - Setting next_dagrun for example_bash_operator to 2023-12-23T00:00:00+00:00, run_after=2023-12-24T00:00:00+00:00
[2023-12-24T14:25:56.678+0000] {processor.py:183} INFO - Processing /home/airflow/.local/lib/python3.8/site-packages/airflow/example_dags/example_bash_operator.py took 0.219 seconds
[2023-12-24T14:26:26.845+0000] {processor.py:161} INFO - Started process (PID=954) to work on /home/airflow/.local/lib/python3.8/site-packages/airflow/example_dags/example_bash_operator.py
[2023-12-24T14:26:26.846+0000] {processor.py:830} INFO - Processing file /home/airflow/.local/lib/python3.8/site-packages/airflow/example_dags/example_bash_operator.py for tasks to queue
[2023-12-24T14:26:26.851+0000] {logging_mixin.py:188} INFO - [2023-12-24T14:26:26.850+0000] {dagbag.py:538} INFO - Filling up the DagBag from /home/airflow/.local/lib/python3.8/site-packages/airflow/example_dags/example_bash_operator.py
[2023-12-24T14:26:26.874+0000] {processor.py:840} INFO - DAG(s) 'example_bash_operator' retrieved from /home/airflow/.local/lib/python3.8/site-packages/airflow/example_dags/example_bash_operator.py
[2023-12-24T14:26:26.930+0000] {logging_mixin.py:188} INFO - [2023-12-24T14:26:26.930+0000] {dag.py:3033} INFO - Sync 1 DAGs
[2023-12-24T14:26:26.995+0000] {logging_mixin.py:188} INFO - [2023-12-24T14:26:26.995+0000] {dag.py:3820} INFO - Setting next_dagrun for example_bash_operator to 2023-12-23T00:00:00+00:00, run_after=2023-12-24T00:00:00+00:00
[2023-12-24T14:26:27.037+0000] {processor.py:183} INFO - Processing /home/airflow/.local/lib/python3.8/site-packages/airflow/example_dags/example_bash_operator.py took 0.198 seconds
[2023-12-24T14:26:57.739+0000] {processor.py:161} INFO - Started process (PID=1018) to work on /home/airflow/.local/lib/python3.8/site-packages/airflow/example_dags/example_bash_operator.py
[2023-12-24T14:26:57.747+0000] {processor.py:830} INFO - Processing file /home/airflow/.local/lib/python3.8/site-packages/airflow/example_dags/example_bash_operator.py for tasks to queue
[2023-12-24T14:26:57.779+0000] {logging_mixin.py:188} INFO - [2023-12-24T14:26:57.778+0000] {dagbag.py:538} INFO - Filling up the DagBag from /home/airflow/.local/lib/python3.8/site-packages/airflow/example_dags/example_bash_operator.py
[2023-12-24T14:26:57.897+0000] {processor.py:840} INFO - DAG(s) 'example_bash_operator' retrieved from /home/airflow/.local/lib/python3.8/site-packages/airflow/example_dags/example_bash_operator.py
[2023-12-24T14:26:58.097+0000] {logging_mixin.py:188} INFO - [2023-12-24T14:26:58.097+0000] {dag.py:3033} INFO - Sync 1 DAGs
[2023-12-24T14:26:58.171+0000] {logging_mixin.py:188} INFO - [2023-12-24T14:26:58.171+0000] {dag.py:3820} INFO - Setting next_dagrun for example_bash_operator to 2023-12-23T00:00:00+00:00, run_after=2023-12-24T00:00:00+00:00
[2023-12-24T14:26:58.219+0000] {processor.py:183} INFO - Processing /home/airflow/.local/lib/python3.8/site-packages/airflow/example_dags/example_bash_operator.py took 0.495 seconds
[2023-12-24T14:27:28.771+0000] {processor.py:161} INFO - Started process (PID=1076) to work on /home/airflow/.local/lib/python3.8/site-packages/airflow/example_dags/example_bash_operator.py
[2023-12-24T14:27:28.773+0000] {processor.py:830} INFO - Processing file /home/airflow/.local/lib/python3.8/site-packages/airflow/example_dags/example_bash_operator.py for tasks to queue
[2023-12-24T14:27:28.778+0000] {logging_mixin.py:188} INFO - [2023-12-24T14:27:28.777+0000] {dagbag.py:538} INFO - Filling up the DagBag from /home/airflow/.local/lib/python3.8/site-packages/airflow/example_dags/example_bash_operator.py
[2023-12-24T14:27:28.798+0000] {processor.py:840} INFO - DAG(s) 'example_bash_operator' retrieved from /home/airflow/.local/lib/python3.8/site-packages/airflow/example_dags/example_bash_operator.py
[2023-12-24T14:27:28.848+0000] {logging_mixin.py:188} INFO - [2023-12-24T14:27:28.847+0000] {dag.py:3033} INFO - Sync 1 DAGs
[2023-12-24T14:27:28.889+0000] {logging_mixin.py:188} INFO - [2023-12-24T14:27:28.888+0000] {dag.py:3820} INFO - Setting next_dagrun for example_bash_operator to 2023-12-23T00:00:00+00:00, run_after=2023-12-24T00:00:00+00:00
[2023-12-24T14:27:28.918+0000] {processor.py:183} INFO - Processing /home/airflow/.local/lib/python3.8/site-packages/airflow/example_dags/example_bash_operator.py took 0.153 seconds
[2023-12-24T14:27:59.828+0000] {processor.py:161} INFO - Started process (PID=1134) to work on /home/airflow/.local/lib/python3.8/site-packages/airflow/example_dags/example_bash_operator.py
[2023-12-24T14:27:59.831+0000] {processor.py:830} INFO - Processing file /home/airflow/.local/lib/python3.8/site-packages/airflow/example_dags/example_bash_operator.py for tasks to queue
[2023-12-24T14:27:59.837+0000] {logging_mixin.py:188} INFO - [2023-12-24T14:27:59.836+0000] {dagbag.py:538} INFO - Filling up the DagBag from /home/airflow/.local/lib/python3.8/site-packages/airflow/example_dags/example_bash_operator.py
[2023-12-24T14:27:59.870+0000] {processor.py:840} INFO - DAG(s) 'example_bash_operator' retrieved from /home/airflow/.local/lib/python3.8/site-packages/airflow/example_dags/example_bash_operator.py
[2023-12-24T14:27:59.990+0000] {logging_mixin.py:188} INFO - [2023-12-24T14:27:59.989+0000] {dag.py:3033} INFO - Sync 1 DAGs
[2023-12-24T14:28:00.058+0000] {logging_mixin.py:188} INFO - [2023-12-24T14:28:00.057+0000] {dag.py:3820} INFO - Setting next_dagrun for example_bash_operator to 2023-12-23T00:00:00+00:00, run_after=2023-12-24T00:00:00+00:00
[2023-12-24T14:28:00.107+0000] {processor.py:183} INFO - Processing /home/airflow/.local/lib/python3.8/site-packages/airflow/example_dags/example_bash_operator.py took 0.287 seconds
[2023-12-24T14:28:30.389+0000] {processor.py:161} INFO - Started process (PID=1192) to work on /home/airflow/.local/lib/python3.8/site-packages/airflow/example_dags/example_bash_operator.py
[2023-12-24T14:28:30.391+0000] {processor.py:830} INFO - Processing file /home/airflow/.local/lib/python3.8/site-packages/airflow/example_dags/example_bash_operator.py for tasks to queue
[2023-12-24T14:28:30.394+0000] {logging_mixin.py:188} INFO - [2023-12-24T14:28:30.393+0000] {dagbag.py:538} INFO - Filling up the DagBag from /home/airflow/.local/lib/python3.8/site-packages/airflow/example_dags/example_bash_operator.py
[2023-12-24T14:28:30.416+0000] {processor.py:840} INFO - DAG(s) 'example_bash_operator' retrieved from /home/airflow/.local/lib/python3.8/site-packages/airflow/example_dags/example_bash_operator.py
[2023-12-24T14:28:30.487+0000] {logging_mixin.py:188} INFO - [2023-12-24T14:28:30.487+0000] {dag.py:3033} INFO - Sync 1 DAGs
[2023-12-24T14:28:30.539+0000] {logging_mixin.py:188} INFO - [2023-12-24T14:28:30.538+0000] {dag.py:3820} INFO - Setting next_dagrun for example_bash_operator to 2023-12-23T00:00:00+00:00, run_after=2023-12-24T00:00:00+00:00
[2023-12-24T14:28:30.582+0000] {processor.py:183} INFO - Processing /home/airflow/.local/lib/python3.8/site-packages/airflow/example_dags/example_bash_operator.py took 0.201 seconds
[2023-12-24T14:29:01.318+0000] {processor.py:161} INFO - Started process (PID=1250) to work on /home/airflow/.local/lib/python3.8/site-packages/airflow/example_dags/example_bash_operator.py
[2023-12-24T14:29:01.320+0000] {processor.py:830} INFO - Processing file /home/airflow/.local/lib/python3.8/site-packages/airflow/example_dags/example_bash_operator.py for tasks to queue
[2023-12-24T14:29:01.325+0000] {logging_mixin.py:188} INFO - [2023-12-24T14:29:01.324+0000] {dagbag.py:538} INFO - Filling up the DagBag from /home/airflow/.local/lib/python3.8/site-packages/airflow/example_dags/example_bash_operator.py
[2023-12-24T14:29:01.353+0000] {processor.py:840} INFO - DAG(s) 'example_bash_operator' retrieved from /home/airflow/.local/lib/python3.8/site-packages/airflow/example_dags/example_bash_operator.py
[2023-12-24T14:29:01.415+0000] {logging_mixin.py:188} INFO - [2023-12-24T14:29:01.414+0000] {dag.py:3033} INFO - Sync 1 DAGs
[2023-12-24T14:29:01.465+0000] {logging_mixin.py:188} INFO - [2023-12-24T14:29:01.464+0000] {dag.py:3820} INFO - Setting next_dagrun for example_bash_operator to 2023-12-23T00:00:00+00:00, run_after=2023-12-24T00:00:00+00:00
[2023-12-24T14:29:01.505+0000] {processor.py:183} INFO - Processing /home/airflow/.local/lib/python3.8/site-packages/airflow/example_dags/example_bash_operator.py took 0.193 seconds
[2023-12-24T14:29:31.966+0000] {processor.py:161} INFO - Started process (PID=1307) to work on /home/airflow/.local/lib/python3.8/site-packages/airflow/example_dags/example_bash_operator.py
[2023-12-24T14:29:31.968+0000] {processor.py:830} INFO - Processing file /home/airflow/.local/lib/python3.8/site-packages/airflow/example_dags/example_bash_operator.py for tasks to queue
[2023-12-24T14:29:31.987+0000] {logging_mixin.py:188} INFO - [2023-12-24T14:29:31.986+0000] {dagbag.py:538} INFO - Filling up the DagBag from /home/airflow/.local/lib/python3.8/site-packages/airflow/example_dags/example_bash_operator.py
[2023-12-24T14:29:32.035+0000] {processor.py:840} INFO - DAG(s) 'example_bash_operator' retrieved from /home/airflow/.local/lib/python3.8/site-packages/airflow/example_dags/example_bash_operator.py
[2023-12-24T14:29:32.218+0000] {logging_mixin.py:188} INFO - [2023-12-24T14:29:32.216+0000] {dag.py:3033} INFO - Sync 1 DAGs
[2023-12-24T14:29:32.347+0000] {logging_mixin.py:188} INFO - [2023-12-24T14:29:32.347+0000] {dag.py:3820} INFO - Setting next_dagrun for example_bash_operator to 2023-12-23T00:00:00+00:00, run_after=2023-12-24T00:00:00+00:00
[2023-12-24T14:29:32.443+0000] {processor.py:183} INFO - Processing /home/airflow/.local/lib/python3.8/site-packages/airflow/example_dags/example_bash_operator.py took 0.493 seconds
[2023-12-24T14:30:03.323+0000] {processor.py:161} INFO - Started process (PID=1365) to work on /home/airflow/.local/lib/python3.8/site-packages/airflow/example_dags/example_bash_operator.py
[2023-12-24T14:30:03.325+0000] {processor.py:830} INFO - Processing file /home/airflow/.local/lib/python3.8/site-packages/airflow/example_dags/example_bash_operator.py for tasks to queue
[2023-12-24T14:30:03.331+0000] {logging_mixin.py:188} INFO - [2023-12-24T14:30:03.331+0000] {dagbag.py:538} INFO - Filling up the DagBag from /home/airflow/.local/lib/python3.8/site-packages/airflow/example_dags/example_bash_operator.py
[2023-12-24T14:30:03.361+0000] {processor.py:840} INFO - DAG(s) 'example_bash_operator' retrieved from /home/airflow/.local/lib/python3.8/site-packages/airflow/example_dags/example_bash_operator.py
[2023-12-24T14:30:03.426+0000] {logging_mixin.py:188} INFO - [2023-12-24T14:30:03.425+0000] {dag.py:3033} INFO - Sync 1 DAGs
[2023-12-24T14:30:03.473+0000] {logging_mixin.py:188} INFO - [2023-12-24T14:30:03.472+0000] {dag.py:3820} INFO - Setting next_dagrun for example_bash_operator to 2023-12-23T00:00:00+00:00, run_after=2023-12-24T00:00:00+00:00
[2023-12-24T14:30:03.514+0000] {processor.py:183} INFO - Processing /home/airflow/.local/lib/python3.8/site-packages/airflow/example_dags/example_bash_operator.py took 0.199 seconds
[2023-12-24T14:30:34.247+0000] {processor.py:161} INFO - Started process (PID=1423) to work on /home/airflow/.local/lib/python3.8/site-packages/airflow/example_dags/example_bash_operator.py
[2023-12-24T14:30:34.249+0000] {processor.py:830} INFO - Processing file /home/airflow/.local/lib/python3.8/site-packages/airflow/example_dags/example_bash_operator.py for tasks to queue
[2023-12-24T14:30:34.253+0000] {logging_mixin.py:188} INFO - [2023-12-24T14:30:34.253+0000] {dagbag.py:538} INFO - Filling up the DagBag from /home/airflow/.local/lib/python3.8/site-packages/airflow/example_dags/example_bash_operator.py
[2023-12-24T14:30:34.274+0000] {processor.py:840} INFO - DAG(s) 'example_bash_operator' retrieved from /home/airflow/.local/lib/python3.8/site-packages/airflow/example_dags/example_bash_operator.py
[2023-12-24T14:30:34.325+0000] {logging_mixin.py:188} INFO - [2023-12-24T14:30:34.325+0000] {dag.py:3033} INFO - Sync 1 DAGs
[2023-12-24T14:30:34.367+0000] {logging_mixin.py:188} INFO - [2023-12-24T14:30:34.367+0000] {dag.py:3820} INFO - Setting next_dagrun for example_bash_operator to 2023-12-23T00:00:00+00:00, run_after=2023-12-24T00:00:00+00:00
[2023-12-24T14:30:34.400+0000] {processor.py:183} INFO - Processing /home/airflow/.local/lib/python3.8/site-packages/airflow/example_dags/example_bash_operator.py took 0.160 seconds
[2023-12-24T14:31:04.767+0000] {processor.py:161} INFO - Started process (PID=1481) to work on /home/airflow/.local/lib/python3.8/site-packages/airflow/example_dags/example_bash_operator.py
[2023-12-24T14:31:04.769+0000] {processor.py:830} INFO - Processing file /home/airflow/.local/lib/python3.8/site-packages/airflow/example_dags/example_bash_operator.py for tasks to queue
[2023-12-24T14:31:04.773+0000] {logging_mixin.py:188} INFO - [2023-12-24T14:31:04.773+0000] {dagbag.py:538} INFO - Filling up the DagBag from /home/airflow/.local/lib/python3.8/site-packages/airflow/example_dags/example_bash_operator.py
[2023-12-24T14:31:04.791+0000] {processor.py:840} INFO - DAG(s) 'example_bash_operator' retrieved from /home/airflow/.local/lib/python3.8/site-packages/airflow/example_dags/example_bash_operator.py
[2023-12-24T14:31:04.839+0000] {logging_mixin.py:188} INFO - [2023-12-24T14:31:04.838+0000] {dag.py:3033} INFO - Sync 1 DAGs
[2023-12-24T14:31:04.875+0000] {logging_mixin.py:188} INFO - [2023-12-24T14:31:04.875+0000] {dag.py:3820} INFO - Setting next_dagrun for example_bash_operator to 2023-12-23T00:00:00+00:00, run_after=2023-12-24T00:00:00+00:00
[2023-12-24T14:31:04.911+0000] {processor.py:183} INFO - Processing /home/airflow/.local/lib/python3.8/site-packages/airflow/example_dags/example_bash_operator.py took 0.151 seconds
[2023-12-24T14:31:35.251+0000] {processor.py:161} INFO - Started process (PID=1539) to work on /home/airflow/.local/lib/python3.8/site-packages/airflow/example_dags/example_bash_operator.py
[2023-12-24T14:31:35.253+0000] {processor.py:830} INFO - Processing file /home/airflow/.local/lib/python3.8/site-packages/airflow/example_dags/example_bash_operator.py for tasks to queue
[2023-12-24T14:31:35.258+0000] {logging_mixin.py:188} INFO - [2023-12-24T14:31:35.258+0000] {dagbag.py:538} INFO - Filling up the DagBag from /home/airflow/.local/lib/python3.8/site-packages/airflow/example_dags/example_bash_operator.py
[2023-12-24T14:31:35.286+0000] {processor.py:840} INFO - DAG(s) 'example_bash_operator' retrieved from /home/airflow/.local/lib/python3.8/site-packages/airflow/example_dags/example_bash_operator.py
[2023-12-24T14:31:35.337+0000] {logging_mixin.py:188} INFO - [2023-12-24T14:31:35.337+0000] {dag.py:3033} INFO - Sync 1 DAGs
[2023-12-24T14:31:35.383+0000] {logging_mixin.py:188} INFO - [2023-12-24T14:31:35.383+0000] {dag.py:3820} INFO - Setting next_dagrun for example_bash_operator to 2023-12-23T00:00:00+00:00, run_after=2023-12-24T00:00:00+00:00
[2023-12-24T14:31:35.418+0000] {processor.py:183} INFO - Processing /home/airflow/.local/lib/python3.8/site-packages/airflow/example_dags/example_bash_operator.py took 0.173 seconds
[2023-12-24T14:33:25.238+0000] {processor.py:161} INFO - Started process (PID=76) to work on /home/airflow/.local/lib/python3.8/site-packages/airflow/example_dags/example_bash_operator.py
[2023-12-24T14:33:25.241+0000] {processor.py:830} INFO - Processing file /home/airflow/.local/lib/python3.8/site-packages/airflow/example_dags/example_bash_operator.py for tasks to queue
[2023-12-24T14:33:25.246+0000] {logging_mixin.py:188} INFO - [2023-12-24T14:33:25.246+0000] {dagbag.py:538} INFO - Filling up the DagBag from /home/airflow/.local/lib/python3.8/site-packages/airflow/example_dags/example_bash_operator.py
[2023-12-24T14:33:25.278+0000] {processor.py:840} INFO - DAG(s) 'example_bash_operator' retrieved from /home/airflow/.local/lib/python3.8/site-packages/airflow/example_dags/example_bash_operator.py
[2023-12-24T14:33:25.306+0000] {logging_mixin.py:188} INFO - [2023-12-24T14:33:25.305+0000] {dag.py:3033} INFO - Sync 1 DAGs
[2023-12-24T14:33:25.386+0000] {logging_mixin.py:188} INFO - [2023-12-24T14:33:25.385+0000] {dag.py:3820} INFO - Setting next_dagrun for example_bash_operator to 2023-12-23T00:00:00+00:00, run_after=2023-12-24T00:00:00+00:00
[2023-12-24T14:33:25.440+0000] {processor.py:183} INFO - Processing /home/airflow/.local/lib/python3.8/site-packages/airflow/example_dags/example_bash_operator.py took 0.212 seconds
[2023-12-24T14:33:58.125+0000] {processor.py:161} INFO - Started process (PID=134) to work on /home/airflow/.local/lib/python3.8/site-packages/airflow/example_dags/example_bash_operator.py
[2023-12-24T14:33:58.127+0000] {processor.py:830} INFO - Processing file /home/airflow/.local/lib/python3.8/site-packages/airflow/example_dags/example_bash_operator.py for tasks to queue
[2023-12-24T14:33:58.132+0000] {logging_mixin.py:188} INFO - [2023-12-24T14:33:58.131+0000] {dagbag.py:538} INFO - Filling up the DagBag from /home/airflow/.local/lib/python3.8/site-packages/airflow/example_dags/example_bash_operator.py
[2023-12-24T14:33:58.160+0000] {processor.py:840} INFO - DAG(s) 'example_bash_operator' retrieved from /home/airflow/.local/lib/python3.8/site-packages/airflow/example_dags/example_bash_operator.py
[2023-12-24T14:33:58.370+0000] {logging_mixin.py:188} INFO - [2023-12-24T14:33:58.369+0000] {dag.py:3033} INFO - Sync 1 DAGs
[2023-12-24T14:33:58.432+0000] {logging_mixin.py:188} INFO - [2023-12-24T14:33:58.432+0000] {dag.py:3820} INFO - Setting next_dagrun for example_bash_operator to 2023-12-23T00:00:00+00:00, run_after=2023-12-24T00:00:00+00:00
[2023-12-24T14:33:58.469+0000] {processor.py:183} INFO - Processing /home/airflow/.local/lib/python3.8/site-packages/airflow/example_dags/example_bash_operator.py took 0.351 seconds
[2023-12-24T14:34:28.581+0000] {processor.py:161} INFO - Started process (PID=192) to work on /home/airflow/.local/lib/python3.8/site-packages/airflow/example_dags/example_bash_operator.py
[2023-12-24T14:34:28.584+0000] {processor.py:830} INFO - Processing file /home/airflow/.local/lib/python3.8/site-packages/airflow/example_dags/example_bash_operator.py for tasks to queue
[2023-12-24T14:34:28.592+0000] {logging_mixin.py:188} INFO - [2023-12-24T14:34:28.592+0000] {dagbag.py:538} INFO - Filling up the DagBag from /home/airflow/.local/lib/python3.8/site-packages/airflow/example_dags/example_bash_operator.py
[2023-12-24T14:34:28.630+0000] {processor.py:840} INFO - DAG(s) 'example_bash_operator' retrieved from /home/airflow/.local/lib/python3.8/site-packages/airflow/example_dags/example_bash_operator.py
[2023-12-24T14:34:28.711+0000] {logging_mixin.py:188} INFO - [2023-12-24T14:34:28.711+0000] {dag.py:3033} INFO - Sync 1 DAGs
[2023-12-24T14:34:28.771+0000] {logging_mixin.py:188} INFO - [2023-12-24T14:34:28.770+0000] {dag.py:3820} INFO - Setting next_dagrun for example_bash_operator to 2023-12-23T00:00:00+00:00, run_after=2023-12-24T00:00:00+00:00
[2023-12-24T14:34:28.818+0000] {processor.py:183} INFO - Processing /home/airflow/.local/lib/python3.8/site-packages/airflow/example_dags/example_bash_operator.py took 0.246 seconds
[2023-12-24T14:34:59.961+0000] {processor.py:161} INFO - Started process (PID=250) to work on /home/airflow/.local/lib/python3.8/site-packages/airflow/example_dags/example_bash_operator.py
[2023-12-24T14:34:59.963+0000] {processor.py:830} INFO - Processing file /home/airflow/.local/lib/python3.8/site-packages/airflow/example_dags/example_bash_operator.py for tasks to queue
[2023-12-24T14:34:59.968+0000] {logging_mixin.py:188} INFO - [2023-12-24T14:34:59.967+0000] {dagbag.py:538} INFO - Filling up the DagBag from /home/airflow/.local/lib/python3.8/site-packages/airflow/example_dags/example_bash_operator.py
[2023-12-24T14:34:59.997+0000] {processor.py:840} INFO - DAG(s) 'example_bash_operator' retrieved from /home/airflow/.local/lib/python3.8/site-packages/airflow/example_dags/example_bash_operator.py
[2023-12-24T14:35:00.070+0000] {logging_mixin.py:188} INFO - [2023-12-24T14:35:00.069+0000] {dag.py:3033} INFO - Sync 1 DAGs
[2023-12-24T14:35:00.115+0000] {logging_mixin.py:188} INFO - [2023-12-24T14:35:00.114+0000] {dag.py:3820} INFO - Setting next_dagrun for example_bash_operator to 2023-12-23T00:00:00+00:00, run_after=2023-12-24T00:00:00+00:00
[2023-12-24T14:35:00.150+0000] {processor.py:183} INFO - Processing /home/airflow/.local/lib/python3.8/site-packages/airflow/example_dags/example_bash_operator.py took 0.196 seconds
[2023-12-24T14:35:30.569+0000] {processor.py:161} INFO - Started process (PID=308) to work on /home/airflow/.local/lib/python3.8/site-packages/airflow/example_dags/example_bash_operator.py
[2023-12-24T14:35:30.571+0000] {processor.py:830} INFO - Processing file /home/airflow/.local/lib/python3.8/site-packages/airflow/example_dags/example_bash_operator.py for tasks to queue
[2023-12-24T14:35:30.581+0000] {logging_mixin.py:188} INFO - [2023-12-24T14:35:30.580+0000] {dagbag.py:538} INFO - Filling up the DagBag from /home/airflow/.local/lib/python3.8/site-packages/airflow/example_dags/example_bash_operator.py
[2023-12-24T14:35:30.615+0000] {processor.py:840} INFO - DAG(s) 'example_bash_operator' retrieved from /home/airflow/.local/lib/python3.8/site-packages/airflow/example_dags/example_bash_operator.py
[2023-12-24T14:35:30.694+0000] {logging_mixin.py:188} INFO - [2023-12-24T14:35:30.693+0000] {dag.py:3033} INFO - Sync 1 DAGs
[2023-12-24T14:35:30.738+0000] {logging_mixin.py:188} INFO - [2023-12-24T14:35:30.738+0000] {dag.py:3820} INFO - Setting next_dagrun for example_bash_operator to 2023-12-23T00:00:00+00:00, run_after=2023-12-24T00:00:00+00:00
[2023-12-24T14:35:30.774+0000] {processor.py:183} INFO - Processing /home/airflow/.local/lib/python3.8/site-packages/airflow/example_dags/example_bash_operator.py took 0.215 seconds
[2023-12-24T14:36:01.444+0000] {processor.py:161} INFO - Started process (PID=367) to work on /home/airflow/.local/lib/python3.8/site-packages/airflow/example_dags/example_bash_operator.py
[2023-12-24T14:36:01.450+0000] {processor.py:830} INFO - Processing file /home/airflow/.local/lib/python3.8/site-packages/airflow/example_dags/example_bash_operator.py for tasks to queue
[2023-12-24T14:36:01.455+0000] {logging_mixin.py:188} INFO - [2023-12-24T14:36:01.454+0000] {dagbag.py:538} INFO - Filling up the DagBag from /home/airflow/.local/lib/python3.8/site-packages/airflow/example_dags/example_bash_operator.py
[2023-12-24T14:36:01.485+0000] {processor.py:840} INFO - DAG(s) 'example_bash_operator' retrieved from /home/airflow/.local/lib/python3.8/site-packages/airflow/example_dags/example_bash_operator.py
[2023-12-24T14:36:01.604+0000] {logging_mixin.py:188} INFO - [2023-12-24T14:36:01.603+0000] {dag.py:3033} INFO - Sync 1 DAGs
[2023-12-24T14:36:01.727+0000] {logging_mixin.py:188} INFO - [2023-12-24T14:36:01.726+0000] {dag.py:3820} INFO - Setting next_dagrun for example_bash_operator to 2023-12-23T00:00:00+00:00, run_after=2023-12-24T00:00:00+00:00
[2023-12-24T14:36:01.806+0000] {processor.py:183} INFO - Processing /home/airflow/.local/lib/python3.8/site-packages/airflow/example_dags/example_bash_operator.py took 0.371 seconds
[2023-12-24T14:36:32.169+0000] {processor.py:161} INFO - Started process (PID=425) to work on /home/airflow/.local/lib/python3.8/site-packages/airflow/example_dags/example_bash_operator.py
[2023-12-24T14:36:32.171+0000] {processor.py:830} INFO - Processing file /home/airflow/.local/lib/python3.8/site-packages/airflow/example_dags/example_bash_operator.py for tasks to queue
[2023-12-24T14:36:32.178+0000] {logging_mixin.py:188} INFO - [2023-12-24T14:36:32.177+0000] {dagbag.py:538} INFO - Filling up the DagBag from /home/airflow/.local/lib/python3.8/site-packages/airflow/example_dags/example_bash_operator.py
[2023-12-24T14:36:32.209+0000] {processor.py:840} INFO - DAG(s) 'example_bash_operator' retrieved from /home/airflow/.local/lib/python3.8/site-packages/airflow/example_dags/example_bash_operator.py
[2023-12-24T14:36:32.288+0000] {logging_mixin.py:188} INFO - [2023-12-24T14:36:32.288+0000] {dag.py:3033} INFO - Sync 1 DAGs
[2023-12-24T14:36:32.352+0000] {logging_mixin.py:188} INFO - [2023-12-24T14:36:32.351+0000] {dag.py:3820} INFO - Setting next_dagrun for example_bash_operator to 2023-12-23T00:00:00+00:00, run_after=2023-12-24T00:00:00+00:00
[2023-12-24T14:36:32.409+0000] {processor.py:183} INFO - Processing /home/airflow/.local/lib/python3.8/site-packages/airflow/example_dags/example_bash_operator.py took 0.248 seconds
[2023-12-24T14:37:02.999+0000] {processor.py:161} INFO - Started process (PID=484) to work on /home/airflow/.local/lib/python3.8/site-packages/airflow/example_dags/example_bash_operator.py
[2023-12-24T14:37:03.001+0000] {processor.py:830} INFO - Processing file /home/airflow/.local/lib/python3.8/site-packages/airflow/example_dags/example_bash_operator.py for tasks to queue
[2023-12-24T14:37:03.006+0000] {logging_mixin.py:188} INFO - [2023-12-24T14:37:03.005+0000] {dagbag.py:538} INFO - Filling up the DagBag from /home/airflow/.local/lib/python3.8/site-packages/airflow/example_dags/example_bash_operator.py
[2023-12-24T14:37:03.043+0000] {processor.py:840} INFO - DAG(s) 'example_bash_operator' retrieved from /home/airflow/.local/lib/python3.8/site-packages/airflow/example_dags/example_bash_operator.py
[2023-12-24T14:37:03.108+0000] {logging_mixin.py:188} INFO - [2023-12-24T14:37:03.107+0000] {dag.py:3033} INFO - Sync 1 DAGs
[2023-12-24T14:37:03.161+0000] {logging_mixin.py:188} INFO - [2023-12-24T14:37:03.161+0000] {dag.py:3820} INFO - Setting next_dagrun for example_bash_operator to 2023-12-23T00:00:00+00:00, run_after=2023-12-24T00:00:00+00:00
[2023-12-24T14:37:03.200+0000] {processor.py:183} INFO - Processing /home/airflow/.local/lib/python3.8/site-packages/airflow/example_dags/example_bash_operator.py took 0.209 seconds
[2023-12-24T14:37:33.343+0000] {processor.py:161} INFO - Started process (PID=543) to work on /home/airflow/.local/lib/python3.8/site-packages/airflow/example_dags/example_bash_operator.py
[2023-12-24T14:37:33.345+0000] {processor.py:830} INFO - Processing file /home/airflow/.local/lib/python3.8/site-packages/airflow/example_dags/example_bash_operator.py for tasks to queue
[2023-12-24T14:37:33.351+0000] {logging_mixin.py:188} INFO - [2023-12-24T14:37:33.350+0000] {dagbag.py:538} INFO - Filling up the DagBag from /home/airflow/.local/lib/python3.8/site-packages/airflow/example_dags/example_bash_operator.py
[2023-12-24T14:37:33.381+0000] {processor.py:840} INFO - DAG(s) 'example_bash_operator' retrieved from /home/airflow/.local/lib/python3.8/site-packages/airflow/example_dags/example_bash_operator.py
[2023-12-24T14:37:33.459+0000] {logging_mixin.py:188} INFO - [2023-12-24T14:37:33.458+0000] {dag.py:3033} INFO - Sync 1 DAGs
[2023-12-24T14:37:33.523+0000] {logging_mixin.py:188} INFO - [2023-12-24T14:37:33.523+0000] {dag.py:3820} INFO - Setting next_dagrun for example_bash_operator to 2023-12-23T00:00:00+00:00, run_after=2023-12-24T00:00:00+00:00
[2023-12-24T14:37:33.570+0000] {processor.py:183} INFO - Processing /home/airflow/.local/lib/python3.8/site-packages/airflow/example_dags/example_bash_operator.py took 0.236 seconds
[2023-12-24T14:38:04.777+0000] {processor.py:161} INFO - Started process (PID=601) to work on /home/airflow/.local/lib/python3.8/site-packages/airflow/example_dags/example_bash_operator.py
[2023-12-24T14:38:04.779+0000] {processor.py:830} INFO - Processing file /home/airflow/.local/lib/python3.8/site-packages/airflow/example_dags/example_bash_operator.py for tasks to queue
[2023-12-24T14:38:04.784+0000] {logging_mixin.py:188} INFO - [2023-12-24T14:38:04.783+0000] {dagbag.py:538} INFO - Filling up the DagBag from /home/airflow/.local/lib/python3.8/site-packages/airflow/example_dags/example_bash_operator.py
[2023-12-24T14:38:04.821+0000] {processor.py:840} INFO - DAG(s) 'example_bash_operator' retrieved from /home/airflow/.local/lib/python3.8/site-packages/airflow/example_dags/example_bash_operator.py
[2023-12-24T14:38:04.897+0000] {logging_mixin.py:188} INFO - [2023-12-24T14:38:04.896+0000] {dag.py:3033} INFO - Sync 1 DAGs
[2023-12-24T14:38:04.990+0000] {logging_mixin.py:188} INFO - [2023-12-24T14:38:04.989+0000] {dag.py:3820} INFO - Setting next_dagrun for example_bash_operator to 2023-12-23T00:00:00+00:00, run_after=2023-12-24T00:00:00+00:00
[2023-12-24T14:38:05.038+0000] {processor.py:183} INFO - Processing /home/airflow/.local/lib/python3.8/site-packages/airflow/example_dags/example_bash_operator.py took 0.268 seconds
[2023-12-24T14:38:35.237+0000] {processor.py:161} INFO - Started process (PID=660) to work on /home/airflow/.local/lib/python3.8/site-packages/airflow/example_dags/example_bash_operator.py
[2023-12-24T14:38:35.239+0000] {processor.py:830} INFO - Processing file /home/airflow/.local/lib/python3.8/site-packages/airflow/example_dags/example_bash_operator.py for tasks to queue
[2023-12-24T14:38:35.243+0000] {logging_mixin.py:188} INFO - [2023-12-24T14:38:35.242+0000] {dagbag.py:538} INFO - Filling up the DagBag from /home/airflow/.local/lib/python3.8/site-packages/airflow/example_dags/example_bash_operator.py
[2023-12-24T14:38:35.262+0000] {processor.py:840} INFO - DAG(s) 'example_bash_operator' retrieved from /home/airflow/.local/lib/python3.8/site-packages/airflow/example_dags/example_bash_operator.py
[2023-12-24T14:38:35.307+0000] {logging_mixin.py:188} INFO - [2023-12-24T14:38:35.307+0000] {dag.py:3033} INFO - Sync 1 DAGs
[2023-12-24T14:38:35.346+0000] {logging_mixin.py:188} INFO - [2023-12-24T14:38:35.345+0000] {dag.py:3820} INFO - Setting next_dagrun for example_bash_operator to 2023-12-23T00:00:00+00:00, run_after=2023-12-24T00:00:00+00:00
[2023-12-24T14:38:35.378+0000] {processor.py:183} INFO - Processing /home/airflow/.local/lib/python3.8/site-packages/airflow/example_dags/example_bash_operator.py took 0.146 seconds
[2023-12-24T14:39:05.544+0000] {processor.py:161} INFO - Started process (PID=719) to work on /home/airflow/.local/lib/python3.8/site-packages/airflow/example_dags/example_bash_operator.py
[2023-12-24T14:39:05.546+0000] {processor.py:830} INFO - Processing file /home/airflow/.local/lib/python3.8/site-packages/airflow/example_dags/example_bash_operator.py for tasks to queue
[2023-12-24T14:39:05.551+0000] {logging_mixin.py:188} INFO - [2023-12-24T14:39:05.550+0000] {dagbag.py:538} INFO - Filling up the DagBag from /home/airflow/.local/lib/python3.8/site-packages/airflow/example_dags/example_bash_operator.py
[2023-12-24T14:39:05.572+0000] {processor.py:840} INFO - DAG(s) 'example_bash_operator' retrieved from /home/airflow/.local/lib/python3.8/site-packages/airflow/example_dags/example_bash_operator.py
[2023-12-24T14:39:05.643+0000] {logging_mixin.py:188} INFO - [2023-12-24T14:39:05.642+0000] {dag.py:3033} INFO - Sync 1 DAGs
[2023-12-24T14:39:05.702+0000] {logging_mixin.py:188} INFO - [2023-12-24T14:39:05.701+0000] {dag.py:3820} INFO - Setting next_dagrun for example_bash_operator to 2023-12-23T00:00:00+00:00, run_after=2023-12-24T00:00:00+00:00
[2023-12-24T14:39:05.739+0000] {processor.py:183} INFO - Processing /home/airflow/.local/lib/python3.8/site-packages/airflow/example_dags/example_bash_operator.py took 0.201 seconds
[2023-12-24T14:39:36.900+0000] {processor.py:161} INFO - Started process (PID=778) to work on /home/airflow/.local/lib/python3.8/site-packages/airflow/example_dags/example_bash_operator.py
[2023-12-24T14:39:36.903+0000] {processor.py:830} INFO - Processing file /home/airflow/.local/lib/python3.8/site-packages/airflow/example_dags/example_bash_operator.py for tasks to queue
[2023-12-24T14:39:36.912+0000] {logging_mixin.py:188} INFO - [2023-12-24T14:39:36.909+0000] {dagbag.py:538} INFO - Filling up the DagBag from /home/airflow/.local/lib/python3.8/site-packages/airflow/example_dags/example_bash_operator.py
[2023-12-24T14:39:36.948+0000] {processor.py:840} INFO - DAG(s) 'example_bash_operator' retrieved from /home/airflow/.local/lib/python3.8/site-packages/airflow/example_dags/example_bash_operator.py
[2023-12-24T14:39:37.005+0000] {logging_mixin.py:188} INFO - [2023-12-24T14:39:37.004+0000] {dag.py:3033} INFO - Sync 1 DAGs
[2023-12-24T14:39:37.050+0000] {logging_mixin.py:188} INFO - [2023-12-24T14:39:37.050+0000] {dag.py:3820} INFO - Setting next_dagrun for example_bash_operator to 2023-12-23T00:00:00+00:00, run_after=2023-12-24T00:00:00+00:00
[2023-12-24T14:39:37.086+0000] {processor.py:183} INFO - Processing /home/airflow/.local/lib/python3.8/site-packages/airflow/example_dags/example_bash_operator.py took 0.194 seconds
[2023-12-24T14:40:07.791+0000] {processor.py:161} INFO - Started process (PID=837) to work on /home/airflow/.local/lib/python3.8/site-packages/airflow/example_dags/example_bash_operator.py
[2023-12-24T14:40:07.798+0000] {processor.py:830} INFO - Processing file /home/airflow/.local/lib/python3.8/site-packages/airflow/example_dags/example_bash_operator.py for tasks to queue
[2023-12-24T14:40:07.805+0000] {logging_mixin.py:188} INFO - [2023-12-24T14:40:07.804+0000] {dagbag.py:538} INFO - Filling up the DagBag from /home/airflow/.local/lib/python3.8/site-packages/airflow/example_dags/example_bash_operator.py
[2023-12-24T14:40:07.837+0000] {processor.py:840} INFO - DAG(s) 'example_bash_operator' retrieved from /home/airflow/.local/lib/python3.8/site-packages/airflow/example_dags/example_bash_operator.py
[2023-12-24T14:40:07.903+0000] {logging_mixin.py:188} INFO - [2023-12-24T14:40:07.903+0000] {dag.py:3033} INFO - Sync 1 DAGs
[2023-12-24T14:40:07.964+0000] {logging_mixin.py:188} INFO - [2023-12-24T14:40:07.964+0000] {dag.py:3820} INFO - Setting next_dagrun for example_bash_operator to 2023-12-23T00:00:00+00:00, run_after=2023-12-24T00:00:00+00:00
[2023-12-24T14:40:08.014+0000] {processor.py:183} INFO - Processing /home/airflow/.local/lib/python3.8/site-packages/airflow/example_dags/example_bash_operator.py took 0.230 seconds
[2023-12-24T14:40:38.315+0000] {processor.py:161} INFO - Started process (PID=897) to work on /home/airflow/.local/lib/python3.8/site-packages/airflow/example_dags/example_bash_operator.py
[2023-12-24T14:40:38.317+0000] {processor.py:830} INFO - Processing file /home/airflow/.local/lib/python3.8/site-packages/airflow/example_dags/example_bash_operator.py for tasks to queue
[2023-12-24T14:40:38.322+0000] {logging_mixin.py:188} INFO - [2023-12-24T14:40:38.321+0000] {dagbag.py:538} INFO - Filling up the DagBag from /home/airflow/.local/lib/python3.8/site-packages/airflow/example_dags/example_bash_operator.py
[2023-12-24T14:40:38.344+0000] {processor.py:840} INFO - DAG(s) 'example_bash_operator' retrieved from /home/airflow/.local/lib/python3.8/site-packages/airflow/example_dags/example_bash_operator.py
[2023-12-24T14:40:38.397+0000] {logging_mixin.py:188} INFO - [2023-12-24T14:40:38.397+0000] {dag.py:3033} INFO - Sync 1 DAGs
[2023-12-24T14:40:38.438+0000] {logging_mixin.py:188} INFO - [2023-12-24T14:40:38.437+0000] {dag.py:3820} INFO - Setting next_dagrun for example_bash_operator to 2023-12-23T00:00:00+00:00, run_after=2023-12-24T00:00:00+00:00
[2023-12-24T14:40:38.471+0000] {processor.py:183} INFO - Processing /home/airflow/.local/lib/python3.8/site-packages/airflow/example_dags/example_bash_operator.py took 0.161 seconds
[2023-12-24T14:41:08.639+0000] {processor.py:161} INFO - Started process (PID=956) to work on /home/airflow/.local/lib/python3.8/site-packages/airflow/example_dags/example_bash_operator.py
[2023-12-24T14:41:08.641+0000] {processor.py:830} INFO - Processing file /home/airflow/.local/lib/python3.8/site-packages/airflow/example_dags/example_bash_operator.py for tasks to queue
[2023-12-24T14:41:08.645+0000] {logging_mixin.py:188} INFO - [2023-12-24T14:41:08.645+0000] {dagbag.py:538} INFO - Filling up the DagBag from /home/airflow/.local/lib/python3.8/site-packages/airflow/example_dags/example_bash_operator.py
[2023-12-24T14:41:08.666+0000] {processor.py:840} INFO - DAG(s) 'example_bash_operator' retrieved from /home/airflow/.local/lib/python3.8/site-packages/airflow/example_dags/example_bash_operator.py
[2023-12-24T14:41:08.720+0000] {logging_mixin.py:188} INFO - [2023-12-24T14:41:08.719+0000] {dag.py:3033} INFO - Sync 1 DAGs
[2023-12-24T14:41:08.789+0000] {logging_mixin.py:188} INFO - [2023-12-24T14:41:08.789+0000] {dag.py:3820} INFO - Setting next_dagrun for example_bash_operator to 2023-12-23T00:00:00+00:00, run_after=2023-12-24T00:00:00+00:00
[2023-12-24T14:41:08.843+0000] {processor.py:183} INFO - Processing /home/airflow/.local/lib/python3.8/site-packages/airflow/example_dags/example_bash_operator.py took 0.211 seconds
[2023-12-24T14:41:38.930+0000] {processor.py:161} INFO - Started process (PID=1015) to work on /home/airflow/.local/lib/python3.8/site-packages/airflow/example_dags/example_bash_operator.py
[2023-12-24T14:41:38.932+0000] {processor.py:830} INFO - Processing file /home/airflow/.local/lib/python3.8/site-packages/airflow/example_dags/example_bash_operator.py for tasks to queue
[2023-12-24T14:41:38.936+0000] {logging_mixin.py:188} INFO - [2023-12-24T14:41:38.936+0000] {dagbag.py:538} INFO - Filling up the DagBag from /home/airflow/.local/lib/python3.8/site-packages/airflow/example_dags/example_bash_operator.py
[2023-12-24T14:41:38.957+0000] {processor.py:840} INFO - DAG(s) 'example_bash_operator' retrieved from /home/airflow/.local/lib/python3.8/site-packages/airflow/example_dags/example_bash_operator.py
[2023-12-24T14:41:39.004+0000] {logging_mixin.py:188} INFO - [2023-12-24T14:41:39.003+0000] {dag.py:3033} INFO - Sync 1 DAGs
[2023-12-24T14:41:39.040+0000] {logging_mixin.py:188} INFO - [2023-12-24T14:41:39.039+0000] {dag.py:3820} INFO - Setting next_dagrun for example_bash_operator to 2023-12-23T00:00:00+00:00, run_after=2023-12-24T00:00:00+00:00
[2023-12-24T14:41:39.070+0000] {processor.py:183} INFO - Processing /home/airflow/.local/lib/python3.8/site-packages/airflow/example_dags/example_bash_operator.py took 0.147 seconds
[2023-12-24T14:42:09.729+0000] {processor.py:161} INFO - Started process (PID=1074) to work on /home/airflow/.local/lib/python3.8/site-packages/airflow/example_dags/example_bash_operator.py
[2023-12-24T14:42:09.731+0000] {processor.py:830} INFO - Processing file /home/airflow/.local/lib/python3.8/site-packages/airflow/example_dags/example_bash_operator.py for tasks to queue
[2023-12-24T14:42:09.736+0000] {logging_mixin.py:188} INFO - [2023-12-24T14:42:09.735+0000] {dagbag.py:538} INFO - Filling up the DagBag from /home/airflow/.local/lib/python3.8/site-packages/airflow/example_dags/example_bash_operator.py
[2023-12-24T14:42:09.759+0000] {processor.py:840} INFO - DAG(s) 'example_bash_operator' retrieved from /home/airflow/.local/lib/python3.8/site-packages/airflow/example_dags/example_bash_operator.py
[2023-12-24T14:42:09.809+0000] {logging_mixin.py:188} INFO - [2023-12-24T14:42:09.809+0000] {dag.py:3033} INFO - Sync 1 DAGs
[2023-12-24T14:42:09.850+0000] {logging_mixin.py:188} INFO - [2023-12-24T14:42:09.850+0000] {dag.py:3820} INFO - Setting next_dagrun for example_bash_operator to 2023-12-23T00:00:00+00:00, run_after=2023-12-24T00:00:00+00:00
[2023-12-24T14:42:09.884+0000] {processor.py:183} INFO - Processing /home/airflow/.local/lib/python3.8/site-packages/airflow/example_dags/example_bash_operator.py took 0.162 seconds
[2023-12-24T14:42:40.090+0000] {processor.py:161} INFO - Started process (PID=1133) to work on /home/airflow/.local/lib/python3.8/site-packages/airflow/example_dags/example_bash_operator.py
[2023-12-24T14:42:40.092+0000] {processor.py:830} INFO - Processing file /home/airflow/.local/lib/python3.8/site-packages/airflow/example_dags/example_bash_operator.py for tasks to queue
[2023-12-24T14:42:40.097+0000] {logging_mixin.py:188} INFO - [2023-12-24T14:42:40.097+0000] {dagbag.py:538} INFO - Filling up the DagBag from /home/airflow/.local/lib/python3.8/site-packages/airflow/example_dags/example_bash_operator.py
[2023-12-24T14:42:40.129+0000] {processor.py:840} INFO - DAG(s) 'example_bash_operator' retrieved from /home/airflow/.local/lib/python3.8/site-packages/airflow/example_dags/example_bash_operator.py
[2023-12-24T14:42:40.206+0000] {logging_mixin.py:188} INFO - [2023-12-24T14:42:40.206+0000] {dag.py:3033} INFO - Sync 1 DAGs
[2023-12-24T14:42:40.268+0000] {logging_mixin.py:188} INFO - [2023-12-24T14:42:40.267+0000] {dag.py:3820} INFO - Setting next_dagrun for example_bash_operator to 2023-12-23T00:00:00+00:00, run_after=2023-12-24T00:00:00+00:00
[2023-12-24T14:42:40.306+0000] {processor.py:183} INFO - Processing /home/airflow/.local/lib/python3.8/site-packages/airflow/example_dags/example_bash_operator.py took 0.224 seconds
[2023-12-24T14:43:10.455+0000] {processor.py:161} INFO - Started process (PID=1192) to work on /home/airflow/.local/lib/python3.8/site-packages/airflow/example_dags/example_bash_operator.py
[2023-12-24T14:43:10.466+0000] {processor.py:830} INFO - Processing file /home/airflow/.local/lib/python3.8/site-packages/airflow/example_dags/example_bash_operator.py for tasks to queue
[2023-12-24T14:43:10.471+0000] {logging_mixin.py:188} INFO - [2023-12-24T14:43:10.470+0000] {dagbag.py:538} INFO - Filling up the DagBag from /home/airflow/.local/lib/python3.8/site-packages/airflow/example_dags/example_bash_operator.py
[2023-12-24T14:43:10.493+0000] {processor.py:840} INFO - DAG(s) 'example_bash_operator' retrieved from /home/airflow/.local/lib/python3.8/site-packages/airflow/example_dags/example_bash_operator.py
[2023-12-24T14:43:10.556+0000] {logging_mixin.py:188} INFO - [2023-12-24T14:43:10.555+0000] {dag.py:3033} INFO - Sync 1 DAGs
[2023-12-24T14:43:10.651+0000] {logging_mixin.py:188} INFO - [2023-12-24T14:43:10.651+0000] {dag.py:3820} INFO - Setting next_dagrun for example_bash_operator to 2023-12-23T00:00:00+00:00, run_after=2023-12-24T00:00:00+00:00
[2023-12-24T14:43:10.709+0000] {processor.py:183} INFO - Processing /home/airflow/.local/lib/python3.8/site-packages/airflow/example_dags/example_bash_operator.py took 0.260 seconds
[2023-12-24T14:43:41.683+0000] {processor.py:161} INFO - Started process (PID=1251) to work on /home/airflow/.local/lib/python3.8/site-packages/airflow/example_dags/example_bash_operator.py
[2023-12-24T14:43:41.686+0000] {processor.py:830} INFO - Processing file /home/airflow/.local/lib/python3.8/site-packages/airflow/example_dags/example_bash_operator.py for tasks to queue
[2023-12-24T14:43:41.697+0000] {logging_mixin.py:188} INFO - [2023-12-24T14:43:41.696+0000] {dagbag.py:538} INFO - Filling up the DagBag from /home/airflow/.local/lib/python3.8/site-packages/airflow/example_dags/example_bash_operator.py
[2023-12-24T14:43:41.751+0000] {processor.py:840} INFO - DAG(s) 'example_bash_operator' retrieved from /home/airflow/.local/lib/python3.8/site-packages/airflow/example_dags/example_bash_operator.py
[2023-12-24T14:43:41.857+0000] {logging_mixin.py:188} INFO - [2023-12-24T14:43:41.857+0000] {dag.py:3033} INFO - Sync 1 DAGs
[2023-12-24T14:43:41.930+0000] {logging_mixin.py:188} INFO - [2023-12-24T14:43:41.929+0000] {dag.py:3820} INFO - Setting next_dagrun for example_bash_operator to 2023-12-23T00:00:00+00:00, run_after=2023-12-24T00:00:00+00:00
[2023-12-24T14:43:41.979+0000] {processor.py:183} INFO - Processing /home/airflow/.local/lib/python3.8/site-packages/airflow/example_dags/example_bash_operator.py took 0.305 seconds
[2023-12-24T14:44:12.520+0000] {processor.py:161} INFO - Started process (PID=1310) to work on /home/airflow/.local/lib/python3.8/site-packages/airflow/example_dags/example_bash_operator.py
[2023-12-24T14:44:12.522+0000] {processor.py:830} INFO - Processing file /home/airflow/.local/lib/python3.8/site-packages/airflow/example_dags/example_bash_operator.py for tasks to queue
[2023-12-24T14:44:12.527+0000] {logging_mixin.py:188} INFO - [2023-12-24T14:44:12.526+0000] {dagbag.py:538} INFO - Filling up the DagBag from /home/airflow/.local/lib/python3.8/site-packages/airflow/example_dags/example_bash_operator.py
[2023-12-24T14:44:12.556+0000] {processor.py:840} INFO - DAG(s) 'example_bash_operator' retrieved from /home/airflow/.local/lib/python3.8/site-packages/airflow/example_dags/example_bash_operator.py
[2023-12-24T14:44:12.627+0000] {logging_mixin.py:188} INFO - [2023-12-24T14:44:12.626+0000] {dag.py:3033} INFO - Sync 1 DAGs
[2023-12-24T14:44:12.686+0000] {logging_mixin.py:188} INFO - [2023-12-24T14:44:12.686+0000] {dag.py:3820} INFO - Setting next_dagrun for example_bash_operator to 2023-12-23T00:00:00+00:00, run_after=2023-12-24T00:00:00+00:00
[2023-12-24T14:44:12.740+0000] {processor.py:183} INFO - Processing /home/airflow/.local/lib/python3.8/site-packages/airflow/example_dags/example_bash_operator.py took 0.228 seconds
[2023-12-24T14:44:43.351+0000] {processor.py:161} INFO - Started process (PID=1369) to work on /home/airflow/.local/lib/python3.8/site-packages/airflow/example_dags/example_bash_operator.py
[2023-12-24T14:44:43.353+0000] {processor.py:830} INFO - Processing file /home/airflow/.local/lib/python3.8/site-packages/airflow/example_dags/example_bash_operator.py for tasks to queue
[2023-12-24T14:44:43.358+0000] {logging_mixin.py:188} INFO - [2023-12-24T14:44:43.357+0000] {dagbag.py:538} INFO - Filling up the DagBag from /home/airflow/.local/lib/python3.8/site-packages/airflow/example_dags/example_bash_operator.py
[2023-12-24T14:44:43.381+0000] {processor.py:840} INFO - DAG(s) 'example_bash_operator' retrieved from /home/airflow/.local/lib/python3.8/site-packages/airflow/example_dags/example_bash_operator.py
[2023-12-24T14:44:43.434+0000] {logging_mixin.py:188} INFO - [2023-12-24T14:44:43.433+0000] {dag.py:3033} INFO - Sync 1 DAGs
[2023-12-24T14:44:43.485+0000] {logging_mixin.py:188} INFO - [2023-12-24T14:44:43.485+0000] {dag.py:3820} INFO - Setting next_dagrun for example_bash_operator to 2023-12-23T00:00:00+00:00, run_after=2023-12-24T00:00:00+00:00
[2023-12-24T14:44:43.529+0000] {processor.py:183} INFO - Processing /home/airflow/.local/lib/python3.8/site-packages/airflow/example_dags/example_bash_operator.py took 0.183 seconds
[2023-12-24T14:45:13.625+0000] {processor.py:161} INFO - Started process (PID=1428) to work on /home/airflow/.local/lib/python3.8/site-packages/airflow/example_dags/example_bash_operator.py
[2023-12-24T14:45:13.627+0000] {processor.py:830} INFO - Processing file /home/airflow/.local/lib/python3.8/site-packages/airflow/example_dags/example_bash_operator.py for tasks to queue
[2023-12-24T14:45:13.633+0000] {logging_mixin.py:188} INFO - [2023-12-24T14:45:13.632+0000] {dagbag.py:538} INFO - Filling up the DagBag from /home/airflow/.local/lib/python3.8/site-packages/airflow/example_dags/example_bash_operator.py
[2023-12-24T14:45:13.657+0000] {processor.py:840} INFO - DAG(s) 'example_bash_operator' retrieved from /home/airflow/.local/lib/python3.8/site-packages/airflow/example_dags/example_bash_operator.py
[2023-12-24T14:45:13.712+0000] {logging_mixin.py:188} INFO - [2023-12-24T14:45:13.712+0000] {dag.py:3033} INFO - Sync 1 DAGs
[2023-12-24T14:45:13.766+0000] {logging_mixin.py:188} INFO - [2023-12-24T14:45:13.766+0000] {dag.py:3820} INFO - Setting next_dagrun for example_bash_operator to 2023-12-23T00:00:00+00:00, run_after=2023-12-24T00:00:00+00:00
[2023-12-24T14:45:13.805+0000] {processor.py:183} INFO - Processing /home/airflow/.local/lib/python3.8/site-packages/airflow/example_dags/example_bash_operator.py took 0.188 seconds
