[2023-12-24T14:03:49.716+0000] {processor.py:161} INFO - Started process (PID=133) to work on /home/airflow/.local/lib/python3.8/site-packages/airflow/example_dags/example_setup_teardown.py
[2023-12-24T14:03:49.717+0000] {processor.py:830} INFO - Processing file /home/airflow/.local/lib/python3.8/site-packages/airflow/example_dags/example_setup_teardown.py for tasks to queue
[2023-12-24T14:03:49.720+0000] {logging_mixin.py:188} INFO - [2023-12-24T14:03:49.720+0000] {dagbag.py:538} INFO - Filling up the DagBag from /home/airflow/.local/lib/python3.8/site-packages/airflow/example_dags/example_setup_teardown.py
[2023-12-24T14:03:49.732+0000] {processor.py:840} INFO - DAG(s) 'example_setup_teardown' retrieved from /home/airflow/.local/lib/python3.8/site-packages/airflow/example_dags/example_setup_teardown.py
[2023-12-24T14:03:49.859+0000] {logging_mixin.py:188} INFO - [2023-12-24T14:03:49.858+0000] {dag.py:3033} INFO - Sync 1 DAGs
[2023-12-24T14:03:49.879+0000] {logging_mixin.py:188} INFO - [2023-12-24T14:03:49.879+0000] {dag.py:3820} INFO - Setting next_dagrun for example_setup_teardown to 2023-12-23T00:00:00+00:00, run_after=2023-12-24T00:00:00+00:00
[2023-12-24T14:03:49.902+0000] {processor.py:183} INFO - Processing /home/airflow/.local/lib/python3.8/site-packages/airflow/example_dags/example_setup_teardown.py took 0.192 seconds
[2023-12-24T14:05:57.562+0000] {processor.py:161} INFO - Started process (PID=84) to work on /home/airflow/.local/lib/python3.8/site-packages/airflow/example_dags/example_setup_teardown.py
[2023-12-24T14:05:57.566+0000] {processor.py:830} INFO - Processing file /home/airflow/.local/lib/python3.8/site-packages/airflow/example_dags/example_setup_teardown.py for tasks to queue
[2023-12-24T14:05:57.574+0000] {logging_mixin.py:188} INFO - [2023-12-24T14:05:57.573+0000] {dagbag.py:538} INFO - Filling up the DagBag from /home/airflow/.local/lib/python3.8/site-packages/airflow/example_dags/example_setup_teardown.py
[2023-12-24T14:05:57.596+0000] {processor.py:840} INFO - DAG(s) 'example_setup_teardown' retrieved from /home/airflow/.local/lib/python3.8/site-packages/airflow/example_dags/example_setup_teardown.py
[2023-12-24T14:05:57.877+0000] {logging_mixin.py:188} INFO - [2023-12-24T14:05:57.877+0000] {dag.py:3033} INFO - Sync 1 DAGs
[2023-12-24T14:05:57.913+0000] {logging_mixin.py:188} INFO - [2023-12-24T14:05:57.912+0000] {dag.py:3820} INFO - Setting next_dagrun for example_setup_teardown to 2023-12-23T00:00:00+00:00, run_after=2023-12-24T00:00:00+00:00
[2023-12-24T14:05:57.947+0000] {processor.py:183} INFO - Processing /home/airflow/.local/lib/python3.8/site-packages/airflow/example_dags/example_setup_teardown.py took 0.392 seconds
[2023-12-24T14:06:39.089+0000] {processor.py:161} INFO - Started process (PID=77) to work on /home/airflow/.local/lib/python3.8/site-packages/airflow/example_dags/example_setup_teardown.py
[2023-12-24T14:06:39.091+0000] {processor.py:830} INFO - Processing file /home/airflow/.local/lib/python3.8/site-packages/airflow/example_dags/example_setup_teardown.py for tasks to queue
[2023-12-24T14:06:39.097+0000] {logging_mixin.py:188} INFO - [2023-12-24T14:06:39.096+0000] {dagbag.py:538} INFO - Filling up the DagBag from /home/airflow/.local/lib/python3.8/site-packages/airflow/example_dags/example_setup_teardown.py
[2023-12-24T14:06:39.124+0000] {processor.py:840} INFO - DAG(s) 'example_setup_teardown' retrieved from /home/airflow/.local/lib/python3.8/site-packages/airflow/example_dags/example_setup_teardown.py
[2023-12-24T14:06:39.173+0000] {logging_mixin.py:188} INFO - [2023-12-24T14:06:39.173+0000] {dag.py:3033} INFO - Sync 1 DAGs
[2023-12-24T14:06:39.295+0000] {logging_mixin.py:188} INFO - [2023-12-24T14:06:39.294+0000] {dag.py:3820} INFO - Setting next_dagrun for example_setup_teardown to 2023-12-23T00:00:00+00:00, run_after=2023-12-24T00:00:00+00:00
[2023-12-24T14:06:39.422+0000] {processor.py:183} INFO - Processing /home/airflow/.local/lib/python3.8/site-packages/airflow/example_dags/example_setup_teardown.py took 0.341 seconds
[2023-12-24T14:07:10.401+0000] {processor.py:161} INFO - Started process (PID=136) to work on /home/airflow/.local/lib/python3.8/site-packages/airflow/example_dags/example_setup_teardown.py
[2023-12-24T14:07:10.403+0000] {processor.py:830} INFO - Processing file /home/airflow/.local/lib/python3.8/site-packages/airflow/example_dags/example_setup_teardown.py for tasks to queue
[2023-12-24T14:07:10.409+0000] {logging_mixin.py:188} INFO - [2023-12-24T14:07:10.409+0000] {dagbag.py:538} INFO - Filling up the DagBag from /home/airflow/.local/lib/python3.8/site-packages/airflow/example_dags/example_setup_teardown.py
[2023-12-24T14:07:10.426+0000] {processor.py:840} INFO - DAG(s) 'example_setup_teardown' retrieved from /home/airflow/.local/lib/python3.8/site-packages/airflow/example_dags/example_setup_teardown.py
[2023-12-24T14:07:10.473+0000] {logging_mixin.py:188} INFO - [2023-12-24T14:07:10.473+0000] {dag.py:3033} INFO - Sync 1 DAGs
[2023-12-24T14:07:10.514+0000] {logging_mixin.py:188} INFO - [2023-12-24T14:07:10.514+0000] {dag.py:3820} INFO - Setting next_dagrun for example_setup_teardown to 2023-12-23T00:00:00+00:00, run_after=2023-12-24T00:00:00+00:00
[2023-12-24T14:07:10.559+0000] {processor.py:183} INFO - Processing /home/airflow/.local/lib/python3.8/site-packages/airflow/example_dags/example_setup_teardown.py took 0.166 seconds
[2023-12-24T14:07:41.530+0000] {processor.py:161} INFO - Started process (PID=195) to work on /home/airflow/.local/lib/python3.8/site-packages/airflow/example_dags/example_setup_teardown.py
[2023-12-24T14:07:41.532+0000] {processor.py:830} INFO - Processing file /home/airflow/.local/lib/python3.8/site-packages/airflow/example_dags/example_setup_teardown.py for tasks to queue
[2023-12-24T14:07:41.539+0000] {logging_mixin.py:188} INFO - [2023-12-24T14:07:41.538+0000] {dagbag.py:538} INFO - Filling up the DagBag from /home/airflow/.local/lib/python3.8/site-packages/airflow/example_dags/example_setup_teardown.py
[2023-12-24T14:07:41.557+0000] {processor.py:840} INFO - DAG(s) 'example_setup_teardown' retrieved from /home/airflow/.local/lib/python3.8/site-packages/airflow/example_dags/example_setup_teardown.py
[2023-12-24T14:07:41.608+0000] {logging_mixin.py:188} INFO - [2023-12-24T14:07:41.608+0000] {dag.py:3033} INFO - Sync 1 DAGs
[2023-12-24T14:07:41.671+0000] {logging_mixin.py:188} INFO - [2023-12-24T14:07:41.670+0000] {dag.py:3820} INFO - Setting next_dagrun for example_setup_teardown to 2023-12-23T00:00:00+00:00, run_after=2023-12-24T00:00:00+00:00
[2023-12-24T14:07:41.710+0000] {processor.py:183} INFO - Processing /home/airflow/.local/lib/python3.8/site-packages/airflow/example_dags/example_setup_teardown.py took 0.189 seconds
[2023-12-24T14:08:15.553+0000] {processor.py:161} INFO - Started process (PID=260) to work on /home/airflow/.local/lib/python3.8/site-packages/airflow/example_dags/example_setup_teardown.py
[2023-12-24T14:08:15.555+0000] {processor.py:830} INFO - Processing file /home/airflow/.local/lib/python3.8/site-packages/airflow/example_dags/example_setup_teardown.py for tasks to queue
[2023-12-24T14:08:15.562+0000] {logging_mixin.py:188} INFO - [2023-12-24T14:08:15.561+0000] {dagbag.py:538} INFO - Filling up the DagBag from /home/airflow/.local/lib/python3.8/site-packages/airflow/example_dags/example_setup_teardown.py
[2023-12-24T14:08:15.580+0000] {processor.py:840} INFO - DAG(s) 'example_setup_teardown' retrieved from /home/airflow/.local/lib/python3.8/site-packages/airflow/example_dags/example_setup_teardown.py
[2023-12-24T14:08:15.622+0000] {logging_mixin.py:188} INFO - [2023-12-24T14:08:15.622+0000] {dag.py:3033} INFO - Sync 1 DAGs
[2023-12-24T14:08:15.667+0000] {logging_mixin.py:188} INFO - [2023-12-24T14:08:15.667+0000] {dag.py:3820} INFO - Setting next_dagrun for example_setup_teardown to 2023-12-23T00:00:00+00:00, run_after=2023-12-24T00:00:00+00:00
[2023-12-24T14:08:15.705+0000] {processor.py:183} INFO - Processing /home/airflow/.local/lib/python3.8/site-packages/airflow/example_dags/example_setup_teardown.py took 0.160 seconds
[2023-12-24T14:08:47.855+0000] {processor.py:161} INFO - Started process (PID=320) to work on /home/airflow/.local/lib/python3.8/site-packages/airflow/example_dags/example_setup_teardown.py
[2023-12-24T14:08:47.861+0000] {processor.py:830} INFO - Processing file /home/airflow/.local/lib/python3.8/site-packages/airflow/example_dags/example_setup_teardown.py for tasks to queue
[2023-12-24T14:08:47.869+0000] {logging_mixin.py:188} INFO - [2023-12-24T14:08:47.868+0000] {dagbag.py:538} INFO - Filling up the DagBag from /home/airflow/.local/lib/python3.8/site-packages/airflow/example_dags/example_setup_teardown.py
[2023-12-24T14:08:47.898+0000] {processor.py:840} INFO - DAG(s) 'example_setup_teardown' retrieved from /home/airflow/.local/lib/python3.8/site-packages/airflow/example_dags/example_setup_teardown.py
[2023-12-24T14:08:47.988+0000] {logging_mixin.py:188} INFO - [2023-12-24T14:08:47.987+0000] {dag.py:3033} INFO - Sync 1 DAGs
[2023-12-24T14:08:48.075+0000] {logging_mixin.py:188} INFO - [2023-12-24T14:08:48.074+0000] {dag.py:3820} INFO - Setting next_dagrun for example_setup_teardown to 2023-12-23T00:00:00+00:00, run_after=2023-12-24T00:00:00+00:00
[2023-12-24T14:08:48.179+0000] {processor.py:183} INFO - Processing /home/airflow/.local/lib/python3.8/site-packages/airflow/example_dags/example_setup_teardown.py took 0.332 seconds
[2023-12-24T14:09:18.361+0000] {processor.py:161} INFO - Started process (PID=379) to work on /home/airflow/.local/lib/python3.8/site-packages/airflow/example_dags/example_setup_teardown.py
[2023-12-24T14:09:18.363+0000] {processor.py:830} INFO - Processing file /home/airflow/.local/lib/python3.8/site-packages/airflow/example_dags/example_setup_teardown.py for tasks to queue
[2023-12-24T14:09:18.367+0000] {logging_mixin.py:188} INFO - [2023-12-24T14:09:18.367+0000] {dagbag.py:538} INFO - Filling up the DagBag from /home/airflow/.local/lib/python3.8/site-packages/airflow/example_dags/example_setup_teardown.py
[2023-12-24T14:09:18.381+0000] {processor.py:840} INFO - DAG(s) 'example_setup_teardown' retrieved from /home/airflow/.local/lib/python3.8/site-packages/airflow/example_dags/example_setup_teardown.py
[2023-12-24T14:09:18.425+0000] {logging_mixin.py:188} INFO - [2023-12-24T14:09:18.425+0000] {dag.py:3033} INFO - Sync 1 DAGs
[2023-12-24T14:09:18.466+0000] {logging_mixin.py:188} INFO - [2023-12-24T14:09:18.466+0000] {dag.py:3820} INFO - Setting next_dagrun for example_setup_teardown to 2023-12-23T00:00:00+00:00, run_after=2023-12-24T00:00:00+00:00
[2023-12-24T14:09:18.502+0000] {processor.py:183} INFO - Processing /home/airflow/.local/lib/python3.8/site-packages/airflow/example_dags/example_setup_teardown.py took 0.148 seconds
[2023-12-24T14:09:48.623+0000] {processor.py:161} INFO - Started process (PID=438) to work on /home/airflow/.local/lib/python3.8/site-packages/airflow/example_dags/example_setup_teardown.py
[2023-12-24T14:09:48.625+0000] {processor.py:830} INFO - Processing file /home/airflow/.local/lib/python3.8/site-packages/airflow/example_dags/example_setup_teardown.py for tasks to queue
[2023-12-24T14:09:48.631+0000] {logging_mixin.py:188} INFO - [2023-12-24T14:09:48.630+0000] {dagbag.py:538} INFO - Filling up the DagBag from /home/airflow/.local/lib/python3.8/site-packages/airflow/example_dags/example_setup_teardown.py
[2023-12-24T14:09:48.648+0000] {processor.py:840} INFO - DAG(s) 'example_setup_teardown' retrieved from /home/airflow/.local/lib/python3.8/site-packages/airflow/example_dags/example_setup_teardown.py
[2023-12-24T14:09:48.697+0000] {logging_mixin.py:188} INFO - [2023-12-24T14:09:48.696+0000] {dag.py:3033} INFO - Sync 1 DAGs
[2023-12-24T14:09:48.743+0000] {logging_mixin.py:188} INFO - [2023-12-24T14:09:48.742+0000] {dag.py:3820} INFO - Setting next_dagrun for example_setup_teardown to 2023-12-23T00:00:00+00:00, run_after=2023-12-24T00:00:00+00:00
[2023-12-24T14:09:48.784+0000] {processor.py:183} INFO - Processing /home/airflow/.local/lib/python3.8/site-packages/airflow/example_dags/example_setup_teardown.py took 0.168 seconds
[2023-12-24T14:10:19.550+0000] {processor.py:161} INFO - Started process (PID=496) to work on /home/airflow/.local/lib/python3.8/site-packages/airflow/example_dags/example_setup_teardown.py
[2023-12-24T14:10:19.552+0000] {processor.py:830} INFO - Processing file /home/airflow/.local/lib/python3.8/site-packages/airflow/example_dags/example_setup_teardown.py for tasks to queue
[2023-12-24T14:10:19.557+0000] {logging_mixin.py:188} INFO - [2023-12-24T14:10:19.556+0000] {dagbag.py:538} INFO - Filling up the DagBag from /home/airflow/.local/lib/python3.8/site-packages/airflow/example_dags/example_setup_teardown.py
[2023-12-24T14:10:19.567+0000] {processor.py:840} INFO - DAG(s) 'example_setup_teardown' retrieved from /home/airflow/.local/lib/python3.8/site-packages/airflow/example_dags/example_setup_teardown.py
[2023-12-24T14:10:19.603+0000] {logging_mixin.py:188} INFO - [2023-12-24T14:10:19.603+0000] {dag.py:3033} INFO - Sync 1 DAGs
[2023-12-24T14:10:19.645+0000] {logging_mixin.py:188} INFO - [2023-12-24T14:10:19.645+0000] {dag.py:3820} INFO - Setting next_dagrun for example_setup_teardown to 2023-12-23T00:00:00+00:00, run_after=2023-12-24T00:00:00+00:00
[2023-12-24T14:10:19.683+0000] {processor.py:183} INFO - Processing /home/airflow/.local/lib/python3.8/site-packages/airflow/example_dags/example_setup_teardown.py took 0.139 seconds
[2023-12-24T14:10:49.895+0000] {processor.py:161} INFO - Started process (PID=555) to work on /home/airflow/.local/lib/python3.8/site-packages/airflow/example_dags/example_setup_teardown.py
[2023-12-24T14:10:49.896+0000] {processor.py:830} INFO - Processing file /home/airflow/.local/lib/python3.8/site-packages/airflow/example_dags/example_setup_teardown.py for tasks to queue
[2023-12-24T14:10:49.901+0000] {logging_mixin.py:188} INFO - [2023-12-24T14:10:49.901+0000] {dagbag.py:538} INFO - Filling up the DagBag from /home/airflow/.local/lib/python3.8/site-packages/airflow/example_dags/example_setup_teardown.py
[2023-12-24T14:10:49.916+0000] {processor.py:840} INFO - DAG(s) 'example_setup_teardown' retrieved from /home/airflow/.local/lib/python3.8/site-packages/airflow/example_dags/example_setup_teardown.py
[2023-12-24T14:10:49.995+0000] {logging_mixin.py:188} INFO - [2023-12-24T14:10:49.995+0000] {dag.py:3033} INFO - Sync 1 DAGs
[2023-12-24T14:10:50.062+0000] {logging_mixin.py:188} INFO - [2023-12-24T14:10:50.062+0000] {dag.py:3820} INFO - Setting next_dagrun for example_setup_teardown to 2023-12-23T00:00:00+00:00, run_after=2023-12-24T00:00:00+00:00
[2023-12-24T14:10:50.101+0000] {processor.py:183} INFO - Processing /home/airflow/.local/lib/python3.8/site-packages/airflow/example_dags/example_setup_teardown.py took 0.212 seconds
[2023-12-24T14:11:25.419+0000] {processor.py:161} INFO - Started process (PID=615) to work on /home/airflow/.local/lib/python3.8/site-packages/airflow/example_dags/example_setup_teardown.py
[2023-12-24T14:11:25.434+0000] {processor.py:830} INFO - Processing file /home/airflow/.local/lib/python3.8/site-packages/airflow/example_dags/example_setup_teardown.py for tasks to queue
[2023-12-24T14:11:25.443+0000] {logging_mixin.py:188} INFO - [2023-12-24T14:11:25.441+0000] {dagbag.py:538} INFO - Filling up the DagBag from /home/airflow/.local/lib/python3.8/site-packages/airflow/example_dags/example_setup_teardown.py
[2023-12-24T14:11:25.495+0000] {processor.py:840} INFO - DAG(s) 'example_setup_teardown' retrieved from /home/airflow/.local/lib/python3.8/site-packages/airflow/example_dags/example_setup_teardown.py
[2023-12-24T14:11:25.634+0000] {logging_mixin.py:188} INFO - [2023-12-24T14:11:25.633+0000] {dag.py:3033} INFO - Sync 1 DAGs
[2023-12-24T14:11:25.723+0000] {logging_mixin.py:188} INFO - [2023-12-24T14:11:25.723+0000] {dag.py:3820} INFO - Setting next_dagrun for example_setup_teardown to 2023-12-23T00:00:00+00:00, run_after=2023-12-24T00:00:00+00:00
[2023-12-24T14:11:25.793+0000] {processor.py:183} INFO - Processing /home/airflow/.local/lib/python3.8/site-packages/airflow/example_dags/example_setup_teardown.py took 0.381 seconds
[2023-12-24T14:11:56.366+0000] {processor.py:161} INFO - Started process (PID=673) to work on /home/airflow/.local/lib/python3.8/site-packages/airflow/example_dags/example_setup_teardown.py
[2023-12-24T14:11:56.368+0000] {processor.py:830} INFO - Processing file /home/airflow/.local/lib/python3.8/site-packages/airflow/example_dags/example_setup_teardown.py for tasks to queue
[2023-12-24T14:11:56.379+0000] {logging_mixin.py:188} INFO - [2023-12-24T14:11:56.379+0000] {dagbag.py:538} INFO - Filling up the DagBag from /home/airflow/.local/lib/python3.8/site-packages/airflow/example_dags/example_setup_teardown.py
[2023-12-24T14:11:56.392+0000] {processor.py:840} INFO - DAG(s) 'example_setup_teardown' retrieved from /home/airflow/.local/lib/python3.8/site-packages/airflow/example_dags/example_setup_teardown.py
[2023-12-24T14:11:56.414+0000] {logging_mixin.py:188} INFO - [2023-12-24T14:11:56.413+0000] {dag.py:3033} INFO - Sync 1 DAGs
[2023-12-24T14:11:56.470+0000] {logging_mixin.py:188} INFO - [2023-12-24T14:11:56.470+0000] {dag.py:3820} INFO - Setting next_dagrun for example_setup_teardown to 2023-12-23T00:00:00+00:00, run_after=2023-12-24T00:00:00+00:00
[2023-12-24T14:11:56.513+0000] {processor.py:183} INFO - Processing /home/airflow/.local/lib/python3.8/site-packages/airflow/example_dags/example_setup_teardown.py took 0.153 seconds
[2023-12-24T14:12:26.760+0000] {processor.py:161} INFO - Started process (PID=732) to work on /home/airflow/.local/lib/python3.8/site-packages/airflow/example_dags/example_setup_teardown.py
[2023-12-24T14:12:26.762+0000] {processor.py:830} INFO - Processing file /home/airflow/.local/lib/python3.8/site-packages/airflow/example_dags/example_setup_teardown.py for tasks to queue
[2023-12-24T14:12:26.767+0000] {logging_mixin.py:188} INFO - [2023-12-24T14:12:26.766+0000] {dagbag.py:538} INFO - Filling up the DagBag from /home/airflow/.local/lib/python3.8/site-packages/airflow/example_dags/example_setup_teardown.py
[2023-12-24T14:12:26.779+0000] {processor.py:840} INFO - DAG(s) 'example_setup_teardown' retrieved from /home/airflow/.local/lib/python3.8/site-packages/airflow/example_dags/example_setup_teardown.py
[2023-12-24T14:12:27.083+0000] {logging_mixin.py:188} INFO - [2023-12-24T14:12:27.083+0000] {dag.py:3033} INFO - Sync 1 DAGs
[2023-12-24T14:12:27.133+0000] {logging_mixin.py:188} INFO - [2023-12-24T14:12:27.132+0000] {dag.py:3820} INFO - Setting next_dagrun for example_setup_teardown to 2023-12-23T00:00:00+00:00, run_after=2023-12-24T00:00:00+00:00
[2023-12-24T14:12:27.175+0000] {processor.py:183} INFO - Processing /home/airflow/.local/lib/python3.8/site-packages/airflow/example_dags/example_setup_teardown.py took 0.421 seconds
[2023-12-24T14:12:58.063+0000] {processor.py:161} INFO - Started process (PID=791) to work on /home/airflow/.local/lib/python3.8/site-packages/airflow/example_dags/example_setup_teardown.py
[2023-12-24T14:12:58.066+0000] {processor.py:830} INFO - Processing file /home/airflow/.local/lib/python3.8/site-packages/airflow/example_dags/example_setup_teardown.py for tasks to queue
[2023-12-24T14:12:58.074+0000] {logging_mixin.py:188} INFO - [2023-12-24T14:12:58.073+0000] {dagbag.py:538} INFO - Filling up the DagBag from /home/airflow/.local/lib/python3.8/site-packages/airflow/example_dags/example_setup_teardown.py
[2023-12-24T14:12:58.094+0000] {processor.py:840} INFO - DAG(s) 'example_setup_teardown' retrieved from /home/airflow/.local/lib/python3.8/site-packages/airflow/example_dags/example_setup_teardown.py
[2023-12-24T14:12:58.165+0000] {logging_mixin.py:188} INFO - [2023-12-24T14:12:58.162+0000] {dag.py:3033} INFO - Sync 1 DAGs
[2023-12-24T14:12:58.214+0000] {logging_mixin.py:188} INFO - [2023-12-24T14:12:58.214+0000] {dag.py:3820} INFO - Setting next_dagrun for example_setup_teardown to 2023-12-23T00:00:00+00:00, run_after=2023-12-24T00:00:00+00:00
[2023-12-24T14:12:58.249+0000] {processor.py:183} INFO - Processing /home/airflow/.local/lib/python3.8/site-packages/airflow/example_dags/example_setup_teardown.py took 0.194 seconds
[2023-12-24T14:13:28.469+0000] {processor.py:161} INFO - Started process (PID=850) to work on /home/airflow/.local/lib/python3.8/site-packages/airflow/example_dags/example_setup_teardown.py
[2023-12-24T14:13:28.471+0000] {processor.py:830} INFO - Processing file /home/airflow/.local/lib/python3.8/site-packages/airflow/example_dags/example_setup_teardown.py for tasks to queue
[2023-12-24T14:13:28.476+0000] {logging_mixin.py:188} INFO - [2023-12-24T14:13:28.475+0000] {dagbag.py:538} INFO - Filling up the DagBag from /home/airflow/.local/lib/python3.8/site-packages/airflow/example_dags/example_setup_teardown.py
[2023-12-24T14:13:28.491+0000] {processor.py:840} INFO - DAG(s) 'example_setup_teardown' retrieved from /home/airflow/.local/lib/python3.8/site-packages/airflow/example_dags/example_setup_teardown.py
[2023-12-24T14:13:28.536+0000] {logging_mixin.py:188} INFO - [2023-12-24T14:13:28.536+0000] {dag.py:3033} INFO - Sync 1 DAGs
[2023-12-24T14:13:28.577+0000] {logging_mixin.py:188} INFO - [2023-12-24T14:13:28.576+0000] {dag.py:3820} INFO - Setting next_dagrun for example_setup_teardown to 2023-12-23T00:00:00+00:00, run_after=2023-12-24T00:00:00+00:00
[2023-12-24T14:13:28.612+0000] {processor.py:183} INFO - Processing /home/airflow/.local/lib/python3.8/site-packages/airflow/example_dags/example_setup_teardown.py took 0.151 seconds
[2023-12-24T14:13:59.231+0000] {processor.py:161} INFO - Started process (PID=909) to work on /home/airflow/.local/lib/python3.8/site-packages/airflow/example_dags/example_setup_teardown.py
[2023-12-24T14:13:59.233+0000] {processor.py:830} INFO - Processing file /home/airflow/.local/lib/python3.8/site-packages/airflow/example_dags/example_setup_teardown.py for tasks to queue
[2023-12-24T14:13:59.239+0000] {logging_mixin.py:188} INFO - [2023-12-24T14:13:59.238+0000] {dagbag.py:538} INFO - Filling up the DagBag from /home/airflow/.local/lib/python3.8/site-packages/airflow/example_dags/example_setup_teardown.py
[2023-12-24T14:13:59.256+0000] {processor.py:840} INFO - DAG(s) 'example_setup_teardown' retrieved from /home/airflow/.local/lib/python3.8/site-packages/airflow/example_dags/example_setup_teardown.py
[2023-12-24T14:13:59.307+0000] {logging_mixin.py:188} INFO - [2023-12-24T14:13:59.307+0000] {dag.py:3033} INFO - Sync 1 DAGs
[2023-12-24T14:13:59.362+0000] {logging_mixin.py:188} INFO - [2023-12-24T14:13:59.362+0000] {dag.py:3820} INFO - Setting next_dagrun for example_setup_teardown to 2023-12-23T00:00:00+00:00, run_after=2023-12-24T00:00:00+00:00
[2023-12-24T14:13:59.403+0000] {processor.py:183} INFO - Processing /home/airflow/.local/lib/python3.8/site-packages/airflow/example_dags/example_setup_teardown.py took 0.180 seconds
[2023-12-24T14:14:29.551+0000] {processor.py:161} INFO - Started process (PID=968) to work on /home/airflow/.local/lib/python3.8/site-packages/airflow/example_dags/example_setup_teardown.py
[2023-12-24T14:14:29.553+0000] {processor.py:830} INFO - Processing file /home/airflow/.local/lib/python3.8/site-packages/airflow/example_dags/example_setup_teardown.py for tasks to queue
[2023-12-24T14:14:29.558+0000] {logging_mixin.py:188} INFO - [2023-12-24T14:14:29.558+0000] {dagbag.py:538} INFO - Filling up the DagBag from /home/airflow/.local/lib/python3.8/site-packages/airflow/example_dags/example_setup_teardown.py
[2023-12-24T14:14:29.575+0000] {processor.py:840} INFO - DAG(s) 'example_setup_teardown' retrieved from /home/airflow/.local/lib/python3.8/site-packages/airflow/example_dags/example_setup_teardown.py
[2023-12-24T14:14:29.618+0000] {logging_mixin.py:188} INFO - [2023-12-24T14:14:29.618+0000] {dag.py:3033} INFO - Sync 1 DAGs
[2023-12-24T14:14:29.667+0000] {logging_mixin.py:188} INFO - [2023-12-24T14:14:29.667+0000] {dag.py:3820} INFO - Setting next_dagrun for example_setup_teardown to 2023-12-23T00:00:00+00:00, run_after=2023-12-24T00:00:00+00:00
[2023-12-24T14:14:29.704+0000] {processor.py:183} INFO - Processing /home/airflow/.local/lib/python3.8/site-packages/airflow/example_dags/example_setup_teardown.py took 0.159 seconds
[2023-12-24T14:15:00.133+0000] {processor.py:161} INFO - Started process (PID=1027) to work on /home/airflow/.local/lib/python3.8/site-packages/airflow/example_dags/example_setup_teardown.py
[2023-12-24T14:15:00.135+0000] {processor.py:830} INFO - Processing file /home/airflow/.local/lib/python3.8/site-packages/airflow/example_dags/example_setup_teardown.py for tasks to queue
[2023-12-24T14:15:00.141+0000] {logging_mixin.py:188} INFO - [2023-12-24T14:15:00.141+0000] {dagbag.py:538} INFO - Filling up the DagBag from /home/airflow/.local/lib/python3.8/site-packages/airflow/example_dags/example_setup_teardown.py
[2023-12-24T14:15:00.159+0000] {processor.py:840} INFO - DAG(s) 'example_setup_teardown' retrieved from /home/airflow/.local/lib/python3.8/site-packages/airflow/example_dags/example_setup_teardown.py
[2023-12-24T14:15:00.206+0000] {logging_mixin.py:188} INFO - [2023-12-24T14:15:00.206+0000] {dag.py:3033} INFO - Sync 1 DAGs
[2023-12-24T14:15:00.250+0000] {logging_mixin.py:188} INFO - [2023-12-24T14:15:00.250+0000] {dag.py:3820} INFO - Setting next_dagrun for example_setup_teardown to 2023-12-23T00:00:00+00:00, run_after=2023-12-24T00:00:00+00:00
[2023-12-24T14:15:00.284+0000] {processor.py:183} INFO - Processing /home/airflow/.local/lib/python3.8/site-packages/airflow/example_dags/example_setup_teardown.py took 0.157 seconds
[2023-12-24T14:15:30.665+0000] {processor.py:161} INFO - Started process (PID=1086) to work on /home/airflow/.local/lib/python3.8/site-packages/airflow/example_dags/example_setup_teardown.py
[2023-12-24T14:15:30.667+0000] {processor.py:830} INFO - Processing file /home/airflow/.local/lib/python3.8/site-packages/airflow/example_dags/example_setup_teardown.py for tasks to queue
[2023-12-24T14:15:30.671+0000] {logging_mixin.py:188} INFO - [2023-12-24T14:15:30.671+0000] {dagbag.py:538} INFO - Filling up the DagBag from /home/airflow/.local/lib/python3.8/site-packages/airflow/example_dags/example_setup_teardown.py
[2023-12-24T14:15:30.688+0000] {processor.py:840} INFO - DAG(s) 'example_setup_teardown' retrieved from /home/airflow/.local/lib/python3.8/site-packages/airflow/example_dags/example_setup_teardown.py
[2023-12-24T14:15:30.728+0000] {logging_mixin.py:188} INFO - [2023-12-24T14:15:30.727+0000] {dag.py:3033} INFO - Sync 1 DAGs
[2023-12-24T14:15:30.768+0000] {logging_mixin.py:188} INFO - [2023-12-24T14:15:30.768+0000] {dag.py:3820} INFO - Setting next_dagrun for example_setup_teardown to 2023-12-23T00:00:00+00:00, run_after=2023-12-24T00:00:00+00:00
[2023-12-24T14:15:30.802+0000] {processor.py:183} INFO - Processing /home/airflow/.local/lib/python3.8/site-packages/airflow/example_dags/example_setup_teardown.py took 0.143 seconds
[2023-12-24T14:16:01.363+0000] {processor.py:161} INFO - Started process (PID=1145) to work on /home/airflow/.local/lib/python3.8/site-packages/airflow/example_dags/example_setup_teardown.py
[2023-12-24T14:16:01.365+0000] {processor.py:830} INFO - Processing file /home/airflow/.local/lib/python3.8/site-packages/airflow/example_dags/example_setup_teardown.py for tasks to queue
[2023-12-24T14:16:01.371+0000] {logging_mixin.py:188} INFO - [2023-12-24T14:16:01.370+0000] {dagbag.py:538} INFO - Filling up the DagBag from /home/airflow/.local/lib/python3.8/site-packages/airflow/example_dags/example_setup_teardown.py
[2023-12-24T14:16:01.384+0000] {processor.py:840} INFO - DAG(s) 'example_setup_teardown' retrieved from /home/airflow/.local/lib/python3.8/site-packages/airflow/example_dags/example_setup_teardown.py
[2023-12-24T14:16:01.423+0000] {logging_mixin.py:188} INFO - [2023-12-24T14:16:01.422+0000] {dag.py:3033} INFO - Sync 1 DAGs
[2023-12-24T14:16:01.462+0000] {logging_mixin.py:188} INFO - [2023-12-24T14:16:01.462+0000] {dag.py:3820} INFO - Setting next_dagrun for example_setup_teardown to 2023-12-23T00:00:00+00:00, run_after=2023-12-24T00:00:00+00:00
[2023-12-24T14:16:01.493+0000] {processor.py:183} INFO - Processing /home/airflow/.local/lib/python3.8/site-packages/airflow/example_dags/example_setup_teardown.py took 0.137 seconds
[2023-12-24T14:16:31.886+0000] {processor.py:161} INFO - Started process (PID=1204) to work on /home/airflow/.local/lib/python3.8/site-packages/airflow/example_dags/example_setup_teardown.py
[2023-12-24T14:16:31.888+0000] {processor.py:830} INFO - Processing file /home/airflow/.local/lib/python3.8/site-packages/airflow/example_dags/example_setup_teardown.py for tasks to queue
[2023-12-24T14:16:31.893+0000] {logging_mixin.py:188} INFO - [2023-12-24T14:16:31.892+0000] {dagbag.py:538} INFO - Filling up the DagBag from /home/airflow/.local/lib/python3.8/site-packages/airflow/example_dags/example_setup_teardown.py
[2023-12-24T14:16:31.908+0000] {processor.py:840} INFO - DAG(s) 'example_setup_teardown' retrieved from /home/airflow/.local/lib/python3.8/site-packages/airflow/example_dags/example_setup_teardown.py
[2023-12-24T14:16:31.953+0000] {logging_mixin.py:188} INFO - [2023-12-24T14:16:31.953+0000] {dag.py:3033} INFO - Sync 1 DAGs
[2023-12-24T14:16:31.995+0000] {logging_mixin.py:188} INFO - [2023-12-24T14:16:31.995+0000] {dag.py:3820} INFO - Setting next_dagrun for example_setup_teardown to 2023-12-23T00:00:00+00:00, run_after=2023-12-24T00:00:00+00:00
[2023-12-24T14:16:32.030+0000] {processor.py:183} INFO - Processing /home/airflow/.local/lib/python3.8/site-packages/airflow/example_dags/example_setup_teardown.py took 0.152 seconds
[2023-12-24T14:18:43.527+0000] {processor.py:161} INFO - Started process (PID=84) to work on /home/airflow/.local/lib/python3.8/site-packages/airflow/example_dags/example_setup_teardown.py
[2023-12-24T14:18:43.529+0000] {processor.py:830} INFO - Processing file /home/airflow/.local/lib/python3.8/site-packages/airflow/example_dags/example_setup_teardown.py for tasks to queue
[2023-12-24T14:18:43.534+0000] {logging_mixin.py:188} INFO - [2023-12-24T14:18:43.533+0000] {dagbag.py:538} INFO - Filling up the DagBag from /home/airflow/.local/lib/python3.8/site-packages/airflow/example_dags/example_setup_teardown.py
[2023-12-24T14:18:43.550+0000] {processor.py:840} INFO - DAG(s) 'example_setup_teardown' retrieved from /home/airflow/.local/lib/python3.8/site-packages/airflow/example_dags/example_setup_teardown.py
[2023-12-24T14:18:43.574+0000] {logging_mixin.py:188} INFO - [2023-12-24T14:18:43.573+0000] {dag.py:3033} INFO - Sync 1 DAGs
[2023-12-24T14:18:43.616+0000] {logging_mixin.py:188} INFO - [2023-12-24T14:18:43.616+0000] {dag.py:3820} INFO - Setting next_dagrun for example_setup_teardown to 2023-12-23T00:00:00+00:00, run_after=2023-12-24T00:00:00+00:00
[2023-12-24T14:18:43.652+0000] {processor.py:183} INFO - Processing /home/airflow/.local/lib/python3.8/site-packages/airflow/example_dags/example_setup_teardown.py took 0.133 seconds
[2023-12-24T14:19:15.935+0000] {processor.py:161} INFO - Started process (PID=144) to work on /home/airflow/.local/lib/python3.8/site-packages/airflow/example_dags/example_setup_teardown.py
[2023-12-24T14:19:15.942+0000] {processor.py:830} INFO - Processing file /home/airflow/.local/lib/python3.8/site-packages/airflow/example_dags/example_setup_teardown.py for tasks to queue
[2023-12-24T14:19:15.950+0000] {logging_mixin.py:188} INFO - [2023-12-24T14:19:15.949+0000] {dagbag.py:538} INFO - Filling up the DagBag from /home/airflow/.local/lib/python3.8/site-packages/airflow/example_dags/example_setup_teardown.py
[2023-12-24T14:19:15.967+0000] {processor.py:840} INFO - DAG(s) 'example_setup_teardown' retrieved from /home/airflow/.local/lib/python3.8/site-packages/airflow/example_dags/example_setup_teardown.py
[2023-12-24T14:19:16.003+0000] {logging_mixin.py:188} INFO - [2023-12-24T14:19:16.002+0000] {dag.py:3033} INFO - Sync 1 DAGs
[2023-12-24T14:19:16.056+0000] {logging_mixin.py:188} INFO - [2023-12-24T14:19:16.055+0000] {dag.py:3820} INFO - Setting next_dagrun for example_setup_teardown to 2023-12-23T00:00:00+00:00, run_after=2023-12-24T00:00:00+00:00
[2023-12-24T14:19:16.097+0000] {processor.py:183} INFO - Processing /home/airflow/.local/lib/python3.8/site-packages/airflow/example_dags/example_setup_teardown.py took 0.177 seconds
[2023-12-24T14:19:49.745+0000] {processor.py:161} INFO - Started process (PID=203) to work on /home/airflow/.local/lib/python3.8/site-packages/airflow/example_dags/example_setup_teardown.py
[2023-12-24T14:19:49.747+0000] {processor.py:830} INFO - Processing file /home/airflow/.local/lib/python3.8/site-packages/airflow/example_dags/example_setup_teardown.py for tasks to queue
[2023-12-24T14:19:49.753+0000] {logging_mixin.py:188} INFO - [2023-12-24T14:19:49.753+0000] {dagbag.py:538} INFO - Filling up the DagBag from /home/airflow/.local/lib/python3.8/site-packages/airflow/example_dags/example_setup_teardown.py
[2023-12-24T14:19:49.767+0000] {processor.py:840} INFO - DAG(s) 'example_setup_teardown' retrieved from /home/airflow/.local/lib/python3.8/site-packages/airflow/example_dags/example_setup_teardown.py
[2023-12-24T14:19:49.970+0000] {logging_mixin.py:188} INFO - [2023-12-24T14:19:49.970+0000] {dag.py:3033} INFO - Sync 1 DAGs
[2023-12-24T14:19:50.024+0000] {logging_mixin.py:188} INFO - [2023-12-24T14:19:50.023+0000] {dag.py:3820} INFO - Setting next_dagrun for example_setup_teardown to 2023-12-23T00:00:00+00:00, run_after=2023-12-24T00:00:00+00:00
[2023-12-24T14:19:50.069+0000] {processor.py:183} INFO - Processing /home/airflow/.local/lib/python3.8/site-packages/airflow/example_dags/example_setup_teardown.py took 0.331 seconds
[2023-12-24T14:20:20.336+0000] {processor.py:161} INFO - Started process (PID=263) to work on /home/airflow/.local/lib/python3.8/site-packages/airflow/example_dags/example_setup_teardown.py
[2023-12-24T14:20:20.337+0000] {processor.py:830} INFO - Processing file /home/airflow/.local/lib/python3.8/site-packages/airflow/example_dags/example_setup_teardown.py for tasks to queue
[2023-12-24T14:20:20.343+0000] {logging_mixin.py:188} INFO - [2023-12-24T14:20:20.342+0000] {dagbag.py:538} INFO - Filling up the DagBag from /home/airflow/.local/lib/python3.8/site-packages/airflow/example_dags/example_setup_teardown.py
[2023-12-24T14:20:20.359+0000] {processor.py:840} INFO - DAG(s) 'example_setup_teardown' retrieved from /home/airflow/.local/lib/python3.8/site-packages/airflow/example_dags/example_setup_teardown.py
[2023-12-24T14:20:20.408+0000] {logging_mixin.py:188} INFO - [2023-12-24T14:20:20.408+0000] {dag.py:3033} INFO - Sync 1 DAGs
[2023-12-24T14:20:20.456+0000] {logging_mixin.py:188} INFO - [2023-12-24T14:20:20.455+0000] {dag.py:3820} INFO - Setting next_dagrun for example_setup_teardown to 2023-12-23T00:00:00+00:00, run_after=2023-12-24T00:00:00+00:00
[2023-12-24T14:20:20.497+0000] {processor.py:183} INFO - Processing /home/airflow/.local/lib/python3.8/site-packages/airflow/example_dags/example_setup_teardown.py took 0.169 seconds
[2023-12-24T14:20:50.638+0000] {processor.py:161} INFO - Started process (PID=321) to work on /home/airflow/.local/lib/python3.8/site-packages/airflow/example_dags/example_setup_teardown.py
[2023-12-24T14:20:50.640+0000] {processor.py:830} INFO - Processing file /home/airflow/.local/lib/python3.8/site-packages/airflow/example_dags/example_setup_teardown.py for tasks to queue
[2023-12-24T14:20:50.645+0000] {logging_mixin.py:188} INFO - [2023-12-24T14:20:50.645+0000] {dagbag.py:538} INFO - Filling up the DagBag from /home/airflow/.local/lib/python3.8/site-packages/airflow/example_dags/example_setup_teardown.py
[2023-12-24T14:20:50.658+0000] {processor.py:840} INFO - DAG(s) 'example_setup_teardown' retrieved from /home/airflow/.local/lib/python3.8/site-packages/airflow/example_dags/example_setup_teardown.py
[2023-12-24T14:20:50.707+0000] {logging_mixin.py:188} INFO - [2023-12-24T14:20:50.707+0000] {dag.py:3033} INFO - Sync 1 DAGs
[2023-12-24T14:20:50.765+0000] {logging_mixin.py:188} INFO - [2023-12-24T14:20:50.764+0000] {dag.py:3820} INFO - Setting next_dagrun for example_setup_teardown to 2023-12-23T00:00:00+00:00, run_after=2023-12-24T00:00:00+00:00
[2023-12-24T14:20:50.811+0000] {processor.py:183} INFO - Processing /home/airflow/.local/lib/python3.8/site-packages/airflow/example_dags/example_setup_teardown.py took 0.179 seconds
[2023-12-24T14:21:21.523+0000] {processor.py:161} INFO - Started process (PID=379) to work on /home/airflow/.local/lib/python3.8/site-packages/airflow/example_dags/example_setup_teardown.py
[2023-12-24T14:21:21.525+0000] {processor.py:830} INFO - Processing file /home/airflow/.local/lib/python3.8/site-packages/airflow/example_dags/example_setup_teardown.py for tasks to queue
[2023-12-24T14:21:21.530+0000] {logging_mixin.py:188} INFO - [2023-12-24T14:21:21.529+0000] {dagbag.py:538} INFO - Filling up the DagBag from /home/airflow/.local/lib/python3.8/site-packages/airflow/example_dags/example_setup_teardown.py
[2023-12-24T14:21:21.544+0000] {processor.py:840} INFO - DAG(s) 'example_setup_teardown' retrieved from /home/airflow/.local/lib/python3.8/site-packages/airflow/example_dags/example_setup_teardown.py
[2023-12-24T14:21:21.588+0000] {logging_mixin.py:188} INFO - [2023-12-24T14:21:21.588+0000] {dag.py:3033} INFO - Sync 1 DAGs
[2023-12-24T14:21:21.646+0000] {logging_mixin.py:188} INFO - [2023-12-24T14:21:21.646+0000] {dag.py:3820} INFO - Setting next_dagrun for example_setup_teardown to 2023-12-23T00:00:00+00:00, run_after=2023-12-24T00:00:00+00:00
[2023-12-24T14:21:21.713+0000] {processor.py:183} INFO - Processing /home/airflow/.local/lib/python3.8/site-packages/airflow/example_dags/example_setup_teardown.py took 0.198 seconds
[2023-12-24T14:21:51.832+0000] {processor.py:161} INFO - Started process (PID=437) to work on /home/airflow/.local/lib/python3.8/site-packages/airflow/example_dags/example_setup_teardown.py
[2023-12-24T14:21:51.834+0000] {processor.py:830} INFO - Processing file /home/airflow/.local/lib/python3.8/site-packages/airflow/example_dags/example_setup_teardown.py for tasks to queue
[2023-12-24T14:21:51.839+0000] {logging_mixin.py:188} INFO - [2023-12-24T14:21:51.838+0000] {dagbag.py:538} INFO - Filling up the DagBag from /home/airflow/.local/lib/python3.8/site-packages/airflow/example_dags/example_setup_teardown.py
[2023-12-24T14:21:51.855+0000] {processor.py:840} INFO - DAG(s) 'example_setup_teardown' retrieved from /home/airflow/.local/lib/python3.8/site-packages/airflow/example_dags/example_setup_teardown.py
[2023-12-24T14:21:51.893+0000] {logging_mixin.py:188} INFO - [2023-12-24T14:21:51.893+0000] {dag.py:3033} INFO - Sync 1 DAGs
[2023-12-24T14:21:51.936+0000] {logging_mixin.py:188} INFO - [2023-12-24T14:21:51.936+0000] {dag.py:3820} INFO - Setting next_dagrun for example_setup_teardown to 2023-12-23T00:00:00+00:00, run_after=2023-12-24T00:00:00+00:00
[2023-12-24T14:21:51.977+0000] {processor.py:183} INFO - Processing /home/airflow/.local/lib/python3.8/site-packages/airflow/example_dags/example_setup_teardown.py took 0.153 seconds
[2023-12-24T14:22:22.234+0000] {processor.py:161} INFO - Started process (PID=495) to work on /home/airflow/.local/lib/python3.8/site-packages/airflow/example_dags/example_setup_teardown.py
[2023-12-24T14:22:22.235+0000] {processor.py:830} INFO - Processing file /home/airflow/.local/lib/python3.8/site-packages/airflow/example_dags/example_setup_teardown.py for tasks to queue
[2023-12-24T14:22:22.240+0000] {logging_mixin.py:188} INFO - [2023-12-24T14:22:22.239+0000] {dagbag.py:538} INFO - Filling up the DagBag from /home/airflow/.local/lib/python3.8/site-packages/airflow/example_dags/example_setup_teardown.py
[2023-12-24T14:22:22.254+0000] {processor.py:840} INFO - DAG(s) 'example_setup_teardown' retrieved from /home/airflow/.local/lib/python3.8/site-packages/airflow/example_dags/example_setup_teardown.py
[2023-12-24T14:22:22.292+0000] {logging_mixin.py:188} INFO - [2023-12-24T14:22:22.292+0000] {dag.py:3033} INFO - Sync 1 DAGs
[2023-12-24T14:22:22.340+0000] {logging_mixin.py:188} INFO - [2023-12-24T14:22:22.339+0000] {dag.py:3820} INFO - Setting next_dagrun for example_setup_teardown to 2023-12-23T00:00:00+00:00, run_after=2023-12-24T00:00:00+00:00
[2023-12-24T14:22:22.375+0000] {processor.py:183} INFO - Processing /home/airflow/.local/lib/python3.8/site-packages/airflow/example_dags/example_setup_teardown.py took 0.147 seconds
[2023-12-24T14:22:52.811+0000] {processor.py:161} INFO - Started process (PID=553) to work on /home/airflow/.local/lib/python3.8/site-packages/airflow/example_dags/example_setup_teardown.py
[2023-12-24T14:22:52.813+0000] {processor.py:830} INFO - Processing file /home/airflow/.local/lib/python3.8/site-packages/airflow/example_dags/example_setup_teardown.py for tasks to queue
[2023-12-24T14:22:52.819+0000] {logging_mixin.py:188} INFO - [2023-12-24T14:22:52.818+0000] {dagbag.py:538} INFO - Filling up the DagBag from /home/airflow/.local/lib/python3.8/site-packages/airflow/example_dags/example_setup_teardown.py
[2023-12-24T14:22:52.836+0000] {processor.py:840} INFO - DAG(s) 'example_setup_teardown' retrieved from /home/airflow/.local/lib/python3.8/site-packages/airflow/example_dags/example_setup_teardown.py
[2023-12-24T14:22:52.885+0000] {logging_mixin.py:188} INFO - [2023-12-24T14:22:52.885+0000] {dag.py:3033} INFO - Sync 1 DAGs
[2023-12-24T14:22:52.935+0000] {logging_mixin.py:188} INFO - [2023-12-24T14:22:52.935+0000] {dag.py:3820} INFO - Setting next_dagrun for example_setup_teardown to 2023-12-23T00:00:00+00:00, run_after=2023-12-24T00:00:00+00:00
[2023-12-24T14:22:52.975+0000] {processor.py:183} INFO - Processing /home/airflow/.local/lib/python3.8/site-packages/airflow/example_dags/example_setup_teardown.py took 0.173 seconds
[2023-12-24T14:23:23.414+0000] {processor.py:161} INFO - Started process (PID=611) to work on /home/airflow/.local/lib/python3.8/site-packages/airflow/example_dags/example_setup_teardown.py
[2023-12-24T14:23:23.416+0000] {processor.py:830} INFO - Processing file /home/airflow/.local/lib/python3.8/site-packages/airflow/example_dags/example_setup_teardown.py for tasks to queue
[2023-12-24T14:23:23.424+0000] {logging_mixin.py:188} INFO - [2023-12-24T14:23:23.423+0000] {dagbag.py:538} INFO - Filling up the DagBag from /home/airflow/.local/lib/python3.8/site-packages/airflow/example_dags/example_setup_teardown.py
[2023-12-24T14:23:23.441+0000] {processor.py:840} INFO - DAG(s) 'example_setup_teardown' retrieved from /home/airflow/.local/lib/python3.8/site-packages/airflow/example_dags/example_setup_teardown.py
[2023-12-24T14:23:23.527+0000] {logging_mixin.py:188} INFO - [2023-12-24T14:23:23.527+0000] {dag.py:3033} INFO - Sync 1 DAGs
[2023-12-24T14:23:23.587+0000] {logging_mixin.py:188} INFO - [2023-12-24T14:23:23.587+0000] {dag.py:3820} INFO - Setting next_dagrun for example_setup_teardown to 2023-12-23T00:00:00+00:00, run_after=2023-12-24T00:00:00+00:00
[2023-12-24T14:23:23.639+0000] {processor.py:183} INFO - Processing /home/airflow/.local/lib/python3.8/site-packages/airflow/example_dags/example_setup_teardown.py took 0.232 seconds
[2023-12-24T14:23:54.520+0000] {processor.py:161} INFO - Started process (PID=669) to work on /home/airflow/.local/lib/python3.8/site-packages/airflow/example_dags/example_setup_teardown.py
[2023-12-24T14:23:54.522+0000] {processor.py:830} INFO - Processing file /home/airflow/.local/lib/python3.8/site-packages/airflow/example_dags/example_setup_teardown.py for tasks to queue
[2023-12-24T14:23:54.527+0000] {logging_mixin.py:188} INFO - [2023-12-24T14:23:54.527+0000] {dagbag.py:538} INFO - Filling up the DagBag from /home/airflow/.local/lib/python3.8/site-packages/airflow/example_dags/example_setup_teardown.py
[2023-12-24T14:23:54.540+0000] {processor.py:840} INFO - DAG(s) 'example_setup_teardown' retrieved from /home/airflow/.local/lib/python3.8/site-packages/airflow/example_dags/example_setup_teardown.py
[2023-12-24T14:23:54.591+0000] {logging_mixin.py:188} INFO - [2023-12-24T14:23:54.590+0000] {dag.py:3033} INFO - Sync 1 DAGs
[2023-12-24T14:23:54.654+0000] {logging_mixin.py:188} INFO - [2023-12-24T14:23:54.654+0000] {dag.py:3820} INFO - Setting next_dagrun for example_setup_teardown to 2023-12-23T00:00:00+00:00, run_after=2023-12-24T00:00:00+00:00
[2023-12-24T14:23:54.698+0000] {processor.py:183} INFO - Processing /home/airflow/.local/lib/python3.8/site-packages/airflow/example_dags/example_setup_teardown.py took 0.185 seconds
[2023-12-24T14:24:24.825+0000] {processor.py:161} INFO - Started process (PID=728) to work on /home/airflow/.local/lib/python3.8/site-packages/airflow/example_dags/example_setup_teardown.py
[2023-12-24T14:24:24.829+0000] {processor.py:830} INFO - Processing file /home/airflow/.local/lib/python3.8/site-packages/airflow/example_dags/example_setup_teardown.py for tasks to queue
[2023-12-24T14:24:24.835+0000] {logging_mixin.py:188} INFO - [2023-12-24T14:24:24.834+0000] {dagbag.py:538} INFO - Filling up the DagBag from /home/airflow/.local/lib/python3.8/site-packages/airflow/example_dags/example_setup_teardown.py
[2023-12-24T14:24:24.856+0000] {processor.py:840} INFO - DAG(s) 'example_setup_teardown' retrieved from /home/airflow/.local/lib/python3.8/site-packages/airflow/example_dags/example_setup_teardown.py
[2023-12-24T14:24:24.914+0000] {logging_mixin.py:188} INFO - [2023-12-24T14:24:24.914+0000] {dag.py:3033} INFO - Sync 1 DAGs
[2023-12-24T14:24:24.984+0000] {logging_mixin.py:188} INFO - [2023-12-24T14:24:24.984+0000] {dag.py:3820} INFO - Setting next_dagrun for example_setup_teardown to 2023-12-23T00:00:00+00:00, run_after=2023-12-24T00:00:00+00:00
[2023-12-24T14:24:25.037+0000] {processor.py:183} INFO - Processing /home/airflow/.local/lib/python3.8/site-packages/airflow/example_dags/example_setup_teardown.py took 0.223 seconds
[2023-12-24T14:24:56.375+0000] {processor.py:161} INFO - Started process (PID=786) to work on /home/airflow/.local/lib/python3.8/site-packages/airflow/example_dags/example_setup_teardown.py
[2023-12-24T14:24:56.377+0000] {processor.py:830} INFO - Processing file /home/airflow/.local/lib/python3.8/site-packages/airflow/example_dags/example_setup_teardown.py for tasks to queue
[2023-12-24T14:24:56.383+0000] {logging_mixin.py:188} INFO - [2023-12-24T14:24:56.382+0000] {dagbag.py:538} INFO - Filling up the DagBag from /home/airflow/.local/lib/python3.8/site-packages/airflow/example_dags/example_setup_teardown.py
[2023-12-24T14:24:56.400+0000] {processor.py:840} INFO - DAG(s) 'example_setup_teardown' retrieved from /home/airflow/.local/lib/python3.8/site-packages/airflow/example_dags/example_setup_teardown.py
[2023-12-24T14:24:56.449+0000] {logging_mixin.py:188} INFO - [2023-12-24T14:24:56.448+0000] {dag.py:3033} INFO - Sync 1 DAGs
[2023-12-24T14:24:56.502+0000] {logging_mixin.py:188} INFO - [2023-12-24T14:24:56.502+0000] {dag.py:3820} INFO - Setting next_dagrun for example_setup_teardown to 2023-12-23T00:00:00+00:00, run_after=2023-12-24T00:00:00+00:00
[2023-12-24T14:24:56.536+0000] {processor.py:183} INFO - Processing /home/airflow/.local/lib/python3.8/site-packages/airflow/example_dags/example_setup_teardown.py took 0.169 seconds
[2023-12-24T14:25:27.183+0000] {processor.py:161} INFO - Started process (PID=844) to work on /home/airflow/.local/lib/python3.8/site-packages/airflow/example_dags/example_setup_teardown.py
[2023-12-24T14:25:27.184+0000] {processor.py:830} INFO - Processing file /home/airflow/.local/lib/python3.8/site-packages/airflow/example_dags/example_setup_teardown.py for tasks to queue
[2023-12-24T14:25:27.189+0000] {logging_mixin.py:188} INFO - [2023-12-24T14:25:27.188+0000] {dagbag.py:538} INFO - Filling up the DagBag from /home/airflow/.local/lib/python3.8/site-packages/airflow/example_dags/example_setup_teardown.py
[2023-12-24T14:25:27.203+0000] {processor.py:840} INFO - DAG(s) 'example_setup_teardown' retrieved from /home/airflow/.local/lib/python3.8/site-packages/airflow/example_dags/example_setup_teardown.py
[2023-12-24T14:25:27.277+0000] {logging_mixin.py:188} INFO - [2023-12-24T14:25:27.276+0000] {dag.py:3033} INFO - Sync 1 DAGs
[2023-12-24T14:25:27.348+0000] {logging_mixin.py:188} INFO - [2023-12-24T14:25:27.348+0000] {dag.py:3820} INFO - Setting next_dagrun for example_setup_teardown to 2023-12-23T00:00:00+00:00, run_after=2023-12-24T00:00:00+00:00
[2023-12-24T14:25:27.458+0000] {processor.py:183} INFO - Processing /home/airflow/.local/lib/python3.8/site-packages/airflow/example_dags/example_setup_teardown.py took 0.282 seconds
[2023-12-24T14:25:57.638+0000] {processor.py:161} INFO - Started process (PID=908) to work on /home/airflow/.local/lib/python3.8/site-packages/airflow/example_dags/example_setup_teardown.py
[2023-12-24T14:25:57.640+0000] {processor.py:830} INFO - Processing file /home/airflow/.local/lib/python3.8/site-packages/airflow/example_dags/example_setup_teardown.py for tasks to queue
[2023-12-24T14:25:57.646+0000] {logging_mixin.py:188} INFO - [2023-12-24T14:25:57.645+0000] {dagbag.py:538} INFO - Filling up the DagBag from /home/airflow/.local/lib/python3.8/site-packages/airflow/example_dags/example_setup_teardown.py
[2023-12-24T14:25:57.664+0000] {processor.py:840} INFO - DAG(s) 'example_setup_teardown' retrieved from /home/airflow/.local/lib/python3.8/site-packages/airflow/example_dags/example_setup_teardown.py
[2023-12-24T14:25:57.704+0000] {logging_mixin.py:188} INFO - [2023-12-24T14:25:57.704+0000] {dag.py:3033} INFO - Sync 1 DAGs
[2023-12-24T14:25:57.759+0000] {logging_mixin.py:188} INFO - [2023-12-24T14:25:57.758+0000] {dag.py:3820} INFO - Setting next_dagrun for example_setup_teardown to 2023-12-23T00:00:00+00:00, run_after=2023-12-24T00:00:00+00:00
[2023-12-24T14:25:57.800+0000] {processor.py:183} INFO - Processing /home/airflow/.local/lib/python3.8/site-packages/airflow/example_dags/example_setup_teardown.py took 0.170 seconds
[2023-12-24T14:26:27.910+0000] {processor.py:161} INFO - Started process (PID=966) to work on /home/airflow/.local/lib/python3.8/site-packages/airflow/example_dags/example_setup_teardown.py
[2023-12-24T14:26:27.912+0000] {processor.py:830} INFO - Processing file /home/airflow/.local/lib/python3.8/site-packages/airflow/example_dags/example_setup_teardown.py for tasks to queue
[2023-12-24T14:26:27.917+0000] {logging_mixin.py:188} INFO - [2023-12-24T14:26:27.916+0000] {dagbag.py:538} INFO - Filling up the DagBag from /home/airflow/.local/lib/python3.8/site-packages/airflow/example_dags/example_setup_teardown.py
[2023-12-24T14:26:27.934+0000] {processor.py:840} INFO - DAG(s) 'example_setup_teardown' retrieved from /home/airflow/.local/lib/python3.8/site-packages/airflow/example_dags/example_setup_teardown.py
[2023-12-24T14:26:27.976+0000] {logging_mixin.py:188} INFO - [2023-12-24T14:26:27.976+0000] {dag.py:3033} INFO - Sync 1 DAGs
[2023-12-24T14:26:28.027+0000] {logging_mixin.py:188} INFO - [2023-12-24T14:26:28.027+0000] {dag.py:3820} INFO - Setting next_dagrun for example_setup_teardown to 2023-12-23T00:00:00+00:00, run_after=2023-12-24T00:00:00+00:00
[2023-12-24T14:26:28.059+0000] {processor.py:183} INFO - Processing /home/airflow/.local/lib/python3.8/site-packages/airflow/example_dags/example_setup_teardown.py took 0.158 seconds
[2023-12-24T14:26:58.957+0000] {processor.py:161} INFO - Started process (PID=1024) to work on /home/airflow/.local/lib/python3.8/site-packages/airflow/example_dags/example_setup_teardown.py
[2023-12-24T14:26:58.961+0000] {processor.py:830} INFO - Processing file /home/airflow/.local/lib/python3.8/site-packages/airflow/example_dags/example_setup_teardown.py for tasks to queue
[2023-12-24T14:26:58.966+0000] {logging_mixin.py:188} INFO - [2023-12-24T14:26:58.965+0000] {dagbag.py:538} INFO - Filling up the DagBag from /home/airflow/.local/lib/python3.8/site-packages/airflow/example_dags/example_setup_teardown.py
[2023-12-24T14:26:58.979+0000] {processor.py:840} INFO - DAG(s) 'example_setup_teardown' retrieved from /home/airflow/.local/lib/python3.8/site-packages/airflow/example_dags/example_setup_teardown.py
[2023-12-24T14:26:59.017+0000] {logging_mixin.py:188} INFO - [2023-12-24T14:26:59.017+0000] {dag.py:3033} INFO - Sync 1 DAGs
[2023-12-24T14:26:59.064+0000] {logging_mixin.py:188} INFO - [2023-12-24T14:26:59.064+0000] {dag.py:3820} INFO - Setting next_dagrun for example_setup_teardown to 2023-12-23T00:00:00+00:00, run_after=2023-12-24T00:00:00+00:00
[2023-12-24T14:26:59.096+0000] {processor.py:183} INFO - Processing /home/airflow/.local/lib/python3.8/site-packages/airflow/example_dags/example_setup_teardown.py took 0.147 seconds
[2023-12-24T14:27:29.594+0000] {processor.py:161} INFO - Started process (PID=1082) to work on /home/airflow/.local/lib/python3.8/site-packages/airflow/example_dags/example_setup_teardown.py
[2023-12-24T14:27:29.595+0000] {processor.py:830} INFO - Processing file /home/airflow/.local/lib/python3.8/site-packages/airflow/example_dags/example_setup_teardown.py for tasks to queue
[2023-12-24T14:27:29.600+0000] {logging_mixin.py:188} INFO - [2023-12-24T14:27:29.599+0000] {dagbag.py:538} INFO - Filling up the DagBag from /home/airflow/.local/lib/python3.8/site-packages/airflow/example_dags/example_setup_teardown.py
[2023-12-24T14:27:29.612+0000] {processor.py:840} INFO - DAG(s) 'example_setup_teardown' retrieved from /home/airflow/.local/lib/python3.8/site-packages/airflow/example_dags/example_setup_teardown.py
[2023-12-24T14:27:29.653+0000] {logging_mixin.py:188} INFO - [2023-12-24T14:27:29.653+0000] {dag.py:3033} INFO - Sync 1 DAGs
[2023-12-24T14:27:29.691+0000] {logging_mixin.py:188} INFO - [2023-12-24T14:27:29.691+0000] {dag.py:3820} INFO - Setting next_dagrun for example_setup_teardown to 2023-12-23T00:00:00+00:00, run_after=2023-12-24T00:00:00+00:00
[2023-12-24T14:27:29.726+0000] {processor.py:183} INFO - Processing /home/airflow/.local/lib/python3.8/site-packages/airflow/example_dags/example_setup_teardown.py took 0.138 seconds
[2023-12-24T14:28:00.838+0000] {processor.py:161} INFO - Started process (PID=1140) to work on /home/airflow/.local/lib/python3.8/site-packages/airflow/example_dags/example_setup_teardown.py
[2023-12-24T14:28:00.840+0000] {processor.py:830} INFO - Processing file /home/airflow/.local/lib/python3.8/site-packages/airflow/example_dags/example_setup_teardown.py for tasks to queue
[2023-12-24T14:28:00.845+0000] {logging_mixin.py:188} INFO - [2023-12-24T14:28:00.845+0000] {dagbag.py:538} INFO - Filling up the DagBag from /home/airflow/.local/lib/python3.8/site-packages/airflow/example_dags/example_setup_teardown.py
[2023-12-24T14:28:00.864+0000] {processor.py:840} INFO - DAG(s) 'example_setup_teardown' retrieved from /home/airflow/.local/lib/python3.8/site-packages/airflow/example_dags/example_setup_teardown.py
[2023-12-24T14:28:00.905+0000] {logging_mixin.py:188} INFO - [2023-12-24T14:28:00.905+0000] {dag.py:3033} INFO - Sync 1 DAGs
[2023-12-24T14:28:00.953+0000] {logging_mixin.py:188} INFO - [2023-12-24T14:28:00.953+0000] {dag.py:3820} INFO - Setting next_dagrun for example_setup_teardown to 2023-12-23T00:00:00+00:00, run_after=2023-12-24T00:00:00+00:00
[2023-12-24T14:28:01.023+0000] {processor.py:183} INFO - Processing /home/airflow/.local/lib/python3.8/site-packages/airflow/example_dags/example_setup_teardown.py took 0.193 seconds
[2023-12-24T14:28:31.185+0000] {processor.py:161} INFO - Started process (PID=1198) to work on /home/airflow/.local/lib/python3.8/site-packages/airflow/example_dags/example_setup_teardown.py
[2023-12-24T14:28:31.187+0000] {processor.py:830} INFO - Processing file /home/airflow/.local/lib/python3.8/site-packages/airflow/example_dags/example_setup_teardown.py for tasks to queue
[2023-12-24T14:28:31.191+0000] {logging_mixin.py:188} INFO - [2023-12-24T14:28:31.191+0000] {dagbag.py:538} INFO - Filling up the DagBag from /home/airflow/.local/lib/python3.8/site-packages/airflow/example_dags/example_setup_teardown.py
[2023-12-24T14:28:31.207+0000] {processor.py:840} INFO - DAG(s) 'example_setup_teardown' retrieved from /home/airflow/.local/lib/python3.8/site-packages/airflow/example_dags/example_setup_teardown.py
[2023-12-24T14:28:31.257+0000] {logging_mixin.py:188} INFO - [2023-12-24T14:28:31.256+0000] {dag.py:3033} INFO - Sync 1 DAGs
[2023-12-24T14:28:31.312+0000] {logging_mixin.py:188} INFO - [2023-12-24T14:28:31.311+0000] {dag.py:3820} INFO - Setting next_dagrun for example_setup_teardown to 2023-12-23T00:00:00+00:00, run_after=2023-12-24T00:00:00+00:00
[2023-12-24T14:28:31.355+0000] {processor.py:183} INFO - Processing /home/airflow/.local/lib/python3.8/site-packages/airflow/example_dags/example_setup_teardown.py took 0.177 seconds
[2023-12-24T14:29:02.352+0000] {processor.py:161} INFO - Started process (PID=1256) to work on /home/airflow/.local/lib/python3.8/site-packages/airflow/example_dags/example_setup_teardown.py
[2023-12-24T14:29:02.354+0000] {processor.py:830} INFO - Processing file /home/airflow/.local/lib/python3.8/site-packages/airflow/example_dags/example_setup_teardown.py for tasks to queue
[2023-12-24T14:29:02.359+0000] {logging_mixin.py:188} INFO - [2023-12-24T14:29:02.358+0000] {dagbag.py:538} INFO - Filling up the DagBag from /home/airflow/.local/lib/python3.8/site-packages/airflow/example_dags/example_setup_teardown.py
[2023-12-24T14:29:02.374+0000] {processor.py:840} INFO - DAG(s) 'example_setup_teardown' retrieved from /home/airflow/.local/lib/python3.8/site-packages/airflow/example_dags/example_setup_teardown.py
[2023-12-24T14:29:02.430+0000] {logging_mixin.py:188} INFO - [2023-12-24T14:29:02.430+0000] {dag.py:3033} INFO - Sync 1 DAGs
[2023-12-24T14:29:02.497+0000] {logging_mixin.py:188} INFO - [2023-12-24T14:29:02.497+0000] {dag.py:3820} INFO - Setting next_dagrun for example_setup_teardown to 2023-12-23T00:00:00+00:00, run_after=2023-12-24T00:00:00+00:00
[2023-12-24T14:29:02.542+0000] {processor.py:183} INFO - Processing /home/airflow/.local/lib/python3.8/site-packages/airflow/example_dags/example_setup_teardown.py took 0.196 seconds
[2023-12-24T14:29:33.821+0000] {processor.py:161} INFO - Started process (PID=1313) to work on /home/airflow/.local/lib/python3.8/site-packages/airflow/example_dags/example_setup_teardown.py
[2023-12-24T14:29:33.824+0000] {processor.py:830} INFO - Processing file /home/airflow/.local/lib/python3.8/site-packages/airflow/example_dags/example_setup_teardown.py for tasks to queue
[2023-12-24T14:29:33.838+0000] {logging_mixin.py:188} INFO - [2023-12-24T14:29:33.837+0000] {dagbag.py:538} INFO - Filling up the DagBag from /home/airflow/.local/lib/python3.8/site-packages/airflow/example_dags/example_setup_teardown.py
[2023-12-24T14:29:33.858+0000] {processor.py:840} INFO - DAG(s) 'example_setup_teardown' retrieved from /home/airflow/.local/lib/python3.8/site-packages/airflow/example_dags/example_setup_teardown.py
[2023-12-24T14:29:33.920+0000] {logging_mixin.py:188} INFO - [2023-12-24T14:29:33.919+0000] {dag.py:3033} INFO - Sync 1 DAGs
[2023-12-24T14:29:34.007+0000] {logging_mixin.py:188} INFO - [2023-12-24T14:29:34.007+0000] {dag.py:3820} INFO - Setting next_dagrun for example_setup_teardown to 2023-12-23T00:00:00+00:00, run_after=2023-12-24T00:00:00+00:00
[2023-12-24T14:29:34.060+0000] {processor.py:183} INFO - Processing /home/airflow/.local/lib/python3.8/site-packages/airflow/example_dags/example_setup_teardown.py took 0.257 seconds
[2023-12-24T14:30:04.164+0000] {processor.py:161} INFO - Started process (PID=1371) to work on /home/airflow/.local/lib/python3.8/site-packages/airflow/example_dags/example_setup_teardown.py
[2023-12-24T14:30:04.166+0000] {processor.py:830} INFO - Processing file /home/airflow/.local/lib/python3.8/site-packages/airflow/example_dags/example_setup_teardown.py for tasks to queue
[2023-12-24T14:30:04.171+0000] {logging_mixin.py:188} INFO - [2023-12-24T14:30:04.170+0000] {dagbag.py:538} INFO - Filling up the DagBag from /home/airflow/.local/lib/python3.8/site-packages/airflow/example_dags/example_setup_teardown.py
[2023-12-24T14:30:04.188+0000] {processor.py:840} INFO - DAG(s) 'example_setup_teardown' retrieved from /home/airflow/.local/lib/python3.8/site-packages/airflow/example_dags/example_setup_teardown.py
[2023-12-24T14:30:04.230+0000] {logging_mixin.py:188} INFO - [2023-12-24T14:30:04.229+0000] {dag.py:3033} INFO - Sync 1 DAGs
[2023-12-24T14:30:04.278+0000] {logging_mixin.py:188} INFO - [2023-12-24T14:30:04.277+0000] {dag.py:3820} INFO - Setting next_dagrun for example_setup_teardown to 2023-12-23T00:00:00+00:00, run_after=2023-12-24T00:00:00+00:00
[2023-12-24T14:30:04.338+0000] {processor.py:183} INFO - Processing /home/airflow/.local/lib/python3.8/site-packages/airflow/example_dags/example_setup_teardown.py took 0.183 seconds
[2023-12-24T14:30:35.082+0000] {processor.py:161} INFO - Started process (PID=1429) to work on /home/airflow/.local/lib/python3.8/site-packages/airflow/example_dags/example_setup_teardown.py
[2023-12-24T14:30:35.084+0000] {processor.py:830} INFO - Processing file /home/airflow/.local/lib/python3.8/site-packages/airflow/example_dags/example_setup_teardown.py for tasks to queue
[2023-12-24T14:30:35.088+0000] {logging_mixin.py:188} INFO - [2023-12-24T14:30:35.088+0000] {dagbag.py:538} INFO - Filling up the DagBag from /home/airflow/.local/lib/python3.8/site-packages/airflow/example_dags/example_setup_teardown.py
[2023-12-24T14:30:35.103+0000] {processor.py:840} INFO - DAG(s) 'example_setup_teardown' retrieved from /home/airflow/.local/lib/python3.8/site-packages/airflow/example_dags/example_setup_teardown.py
[2023-12-24T14:30:35.144+0000] {logging_mixin.py:188} INFO - [2023-12-24T14:30:35.143+0000] {dag.py:3033} INFO - Sync 1 DAGs
[2023-12-24T14:30:35.189+0000] {logging_mixin.py:188} INFO - [2023-12-24T14:30:35.189+0000] {dag.py:3820} INFO - Setting next_dagrun for example_setup_teardown to 2023-12-23T00:00:00+00:00, run_after=2023-12-24T00:00:00+00:00
[2023-12-24T14:30:35.222+0000] {processor.py:183} INFO - Processing /home/airflow/.local/lib/python3.8/site-packages/airflow/example_dags/example_setup_teardown.py took 0.147 seconds
[2023-12-24T14:31:05.593+0000] {processor.py:161} INFO - Started process (PID=1487) to work on /home/airflow/.local/lib/python3.8/site-packages/airflow/example_dags/example_setup_teardown.py
[2023-12-24T14:31:05.595+0000] {processor.py:830} INFO - Processing file /home/airflow/.local/lib/python3.8/site-packages/airflow/example_dags/example_setup_teardown.py for tasks to queue
[2023-12-24T14:31:05.600+0000] {logging_mixin.py:188} INFO - [2023-12-24T14:31:05.599+0000] {dagbag.py:538} INFO - Filling up the DagBag from /home/airflow/.local/lib/python3.8/site-packages/airflow/example_dags/example_setup_teardown.py
[2023-12-24T14:31:05.617+0000] {processor.py:840} INFO - DAG(s) 'example_setup_teardown' retrieved from /home/airflow/.local/lib/python3.8/site-packages/airflow/example_dags/example_setup_teardown.py
[2023-12-24T14:31:05.661+0000] {logging_mixin.py:188} INFO - [2023-12-24T14:31:05.660+0000] {dag.py:3033} INFO - Sync 1 DAGs
[2023-12-24T14:31:05.713+0000] {logging_mixin.py:188} INFO - [2023-12-24T14:31:05.713+0000] {dag.py:3820} INFO - Setting next_dagrun for example_setup_teardown to 2023-12-23T00:00:00+00:00, run_after=2023-12-24T00:00:00+00:00
[2023-12-24T14:31:05.748+0000] {processor.py:183} INFO - Processing /home/airflow/.local/lib/python3.8/site-packages/airflow/example_dags/example_setup_teardown.py took 0.162 seconds
[2023-12-24T14:31:36.109+0000] {processor.py:161} INFO - Started process (PID=1545) to work on /home/airflow/.local/lib/python3.8/site-packages/airflow/example_dags/example_setup_teardown.py
[2023-12-24T14:31:36.111+0000] {processor.py:830} INFO - Processing file /home/airflow/.local/lib/python3.8/site-packages/airflow/example_dags/example_setup_teardown.py for tasks to queue
[2023-12-24T14:31:36.116+0000] {logging_mixin.py:188} INFO - [2023-12-24T14:31:36.115+0000] {dagbag.py:538} INFO - Filling up the DagBag from /home/airflow/.local/lib/python3.8/site-packages/airflow/example_dags/example_setup_teardown.py
[2023-12-24T14:31:36.132+0000] {processor.py:840} INFO - DAG(s) 'example_setup_teardown' retrieved from /home/airflow/.local/lib/python3.8/site-packages/airflow/example_dags/example_setup_teardown.py
[2023-12-24T14:31:36.174+0000] {logging_mixin.py:188} INFO - [2023-12-24T14:31:36.173+0000] {dag.py:3033} INFO - Sync 1 DAGs
[2023-12-24T14:31:36.218+0000] {logging_mixin.py:188} INFO - [2023-12-24T14:31:36.218+0000] {dag.py:3820} INFO - Setting next_dagrun for example_setup_teardown to 2023-12-23T00:00:00+00:00, run_after=2023-12-24T00:00:00+00:00
[2023-12-24T14:31:36.258+0000] {processor.py:183} INFO - Processing /home/airflow/.local/lib/python3.8/site-packages/airflow/example_dags/example_setup_teardown.py took 0.155 seconds
[2023-12-24T14:33:26.136+0000] {processor.py:161} INFO - Started process (PID=82) to work on /home/airflow/.local/lib/python3.8/site-packages/airflow/example_dags/example_setup_teardown.py
[2023-12-24T14:33:26.138+0000] {processor.py:830} INFO - Processing file /home/airflow/.local/lib/python3.8/site-packages/airflow/example_dags/example_setup_teardown.py for tasks to queue
[2023-12-24T14:33:26.144+0000] {logging_mixin.py:188} INFO - [2023-12-24T14:33:26.143+0000] {dagbag.py:538} INFO - Filling up the DagBag from /home/airflow/.local/lib/python3.8/site-packages/airflow/example_dags/example_setup_teardown.py
[2023-12-24T14:33:26.160+0000] {processor.py:840} INFO - DAG(s) 'example_setup_teardown' retrieved from /home/airflow/.local/lib/python3.8/site-packages/airflow/example_dags/example_setup_teardown.py
[2023-12-24T14:33:26.182+0000] {logging_mixin.py:188} INFO - [2023-12-24T14:33:26.182+0000] {dag.py:3033} INFO - Sync 1 DAGs
[2023-12-24T14:33:26.227+0000] {logging_mixin.py:188} INFO - [2023-12-24T14:33:26.227+0000] {dag.py:3820} INFO - Setting next_dagrun for example_setup_teardown to 2023-12-23T00:00:00+00:00, run_after=2023-12-24T00:00:00+00:00
[2023-12-24T14:33:26.282+0000] {processor.py:183} INFO - Processing /home/airflow/.local/lib/python3.8/site-packages/airflow/example_dags/example_setup_teardown.py took 0.154 seconds
[2023-12-24T14:33:59.199+0000] {processor.py:161} INFO - Started process (PID=140) to work on /home/airflow/.local/lib/python3.8/site-packages/airflow/example_dags/example_setup_teardown.py
[2023-12-24T14:33:59.200+0000] {processor.py:830} INFO - Processing file /home/airflow/.local/lib/python3.8/site-packages/airflow/example_dags/example_setup_teardown.py for tasks to queue
[2023-12-24T14:33:59.205+0000] {logging_mixin.py:188} INFO - [2023-12-24T14:33:59.204+0000] {dagbag.py:538} INFO - Filling up the DagBag from /home/airflow/.local/lib/python3.8/site-packages/airflow/example_dags/example_setup_teardown.py
[2023-12-24T14:33:59.217+0000] {processor.py:840} INFO - DAG(s) 'example_setup_teardown' retrieved from /home/airflow/.local/lib/python3.8/site-packages/airflow/example_dags/example_setup_teardown.py
[2023-12-24T14:33:59.383+0000] {logging_mixin.py:188} INFO - [2023-12-24T14:33:59.383+0000] {dag.py:3033} INFO - Sync 1 DAGs
[2023-12-24T14:33:59.420+0000] {logging_mixin.py:188} INFO - [2023-12-24T14:33:59.419+0000] {dag.py:3820} INFO - Setting next_dagrun for example_setup_teardown to 2023-12-23T00:00:00+00:00, run_after=2023-12-24T00:00:00+00:00
[2023-12-24T14:33:59.454+0000] {processor.py:183} INFO - Processing /home/airflow/.local/lib/python3.8/site-packages/airflow/example_dags/example_setup_teardown.py took 0.261 seconds
[2023-12-24T14:34:30.310+0000] {processor.py:161} INFO - Started process (PID=198) to work on /home/airflow/.local/lib/python3.8/site-packages/airflow/example_dags/example_setup_teardown.py
[2023-12-24T14:34:30.312+0000] {processor.py:830} INFO - Processing file /home/airflow/.local/lib/python3.8/site-packages/airflow/example_dags/example_setup_teardown.py for tasks to queue
[2023-12-24T14:34:30.317+0000] {logging_mixin.py:188} INFO - [2023-12-24T14:34:30.316+0000] {dagbag.py:538} INFO - Filling up the DagBag from /home/airflow/.local/lib/python3.8/site-packages/airflow/example_dags/example_setup_teardown.py
[2023-12-24T14:34:30.330+0000] {processor.py:840} INFO - DAG(s) 'example_setup_teardown' retrieved from /home/airflow/.local/lib/python3.8/site-packages/airflow/example_dags/example_setup_teardown.py
[2023-12-24T14:34:30.378+0000] {logging_mixin.py:188} INFO - [2023-12-24T14:34:30.378+0000] {dag.py:3033} INFO - Sync 1 DAGs
[2023-12-24T14:34:30.420+0000] {logging_mixin.py:188} INFO - [2023-12-24T14:34:30.420+0000] {dag.py:3820} INFO - Setting next_dagrun for example_setup_teardown to 2023-12-23T00:00:00+00:00, run_after=2023-12-24T00:00:00+00:00
[2023-12-24T14:34:30.458+0000] {processor.py:183} INFO - Processing /home/airflow/.local/lib/python3.8/site-packages/airflow/example_dags/example_setup_teardown.py took 0.155 seconds
[2023-12-24T14:35:01.052+0000] {processor.py:161} INFO - Started process (PID=256) to work on /home/airflow/.local/lib/python3.8/site-packages/airflow/example_dags/example_setup_teardown.py
[2023-12-24T14:35:01.053+0000] {processor.py:830} INFO - Processing file /home/airflow/.local/lib/python3.8/site-packages/airflow/example_dags/example_setup_teardown.py for tasks to queue
[2023-12-24T14:35:01.059+0000] {logging_mixin.py:188} INFO - [2023-12-24T14:35:01.058+0000] {dagbag.py:538} INFO - Filling up the DagBag from /home/airflow/.local/lib/python3.8/site-packages/airflow/example_dags/example_setup_teardown.py
[2023-12-24T14:35:01.070+0000] {processor.py:840} INFO - DAG(s) 'example_setup_teardown' retrieved from /home/airflow/.local/lib/python3.8/site-packages/airflow/example_dags/example_setup_teardown.py
[2023-12-24T14:35:01.169+0000] {logging_mixin.py:188} INFO - [2023-12-24T14:35:01.169+0000] {dag.py:3033} INFO - Sync 1 DAGs
[2023-12-24T14:35:01.256+0000] {logging_mixin.py:188} INFO - [2023-12-24T14:35:01.255+0000] {dag.py:3820} INFO - Setting next_dagrun for example_setup_teardown to 2023-12-23T00:00:00+00:00, run_after=2023-12-24T00:00:00+00:00
[2023-12-24T14:35:01.312+0000] {processor.py:183} INFO - Processing /home/airflow/.local/lib/python3.8/site-packages/airflow/example_dags/example_setup_teardown.py took 0.267 seconds
[2023-12-24T14:35:31.585+0000] {processor.py:161} INFO - Started process (PID=314) to work on /home/airflow/.local/lib/python3.8/site-packages/airflow/example_dags/example_setup_teardown.py
[2023-12-24T14:35:31.588+0000] {processor.py:830} INFO - Processing file /home/airflow/.local/lib/python3.8/site-packages/airflow/example_dags/example_setup_teardown.py for tasks to queue
[2023-12-24T14:35:31.595+0000] {logging_mixin.py:188} INFO - [2023-12-24T14:35:31.594+0000] {dagbag.py:538} INFO - Filling up the DagBag from /home/airflow/.local/lib/python3.8/site-packages/airflow/example_dags/example_setup_teardown.py
[2023-12-24T14:35:31.610+0000] {processor.py:840} INFO - DAG(s) 'example_setup_teardown' retrieved from /home/airflow/.local/lib/python3.8/site-packages/airflow/example_dags/example_setup_teardown.py
[2023-12-24T14:35:31.660+0000] {logging_mixin.py:188} INFO - [2023-12-24T14:35:31.659+0000] {dag.py:3033} INFO - Sync 1 DAGs
[2023-12-24T14:35:31.721+0000] {logging_mixin.py:188} INFO - [2023-12-24T14:35:31.721+0000] {dag.py:3820} INFO - Setting next_dagrun for example_setup_teardown to 2023-12-23T00:00:00+00:00, run_after=2023-12-24T00:00:00+00:00
[2023-12-24T14:35:31.776+0000] {processor.py:183} INFO - Processing /home/airflow/.local/lib/python3.8/site-packages/airflow/example_dags/example_setup_teardown.py took 0.204 seconds
[2023-12-24T14:36:02.555+0000] {processor.py:161} INFO - Started process (PID=373) to work on /home/airflow/.local/lib/python3.8/site-packages/airflow/example_dags/example_setup_teardown.py
[2023-12-24T14:36:02.558+0000] {processor.py:830} INFO - Processing file /home/airflow/.local/lib/python3.8/site-packages/airflow/example_dags/example_setup_teardown.py for tasks to queue
[2023-12-24T14:36:02.563+0000] {logging_mixin.py:188} INFO - [2023-12-24T14:36:02.563+0000] {dagbag.py:538} INFO - Filling up the DagBag from /home/airflow/.local/lib/python3.8/site-packages/airflow/example_dags/example_setup_teardown.py
[2023-12-24T14:36:02.579+0000] {processor.py:840} INFO - DAG(s) 'example_setup_teardown' retrieved from /home/airflow/.local/lib/python3.8/site-packages/airflow/example_dags/example_setup_teardown.py
[2023-12-24T14:36:02.652+0000] {logging_mixin.py:188} INFO - [2023-12-24T14:36:02.651+0000] {dag.py:3033} INFO - Sync 1 DAGs
[2023-12-24T14:36:02.718+0000] {logging_mixin.py:188} INFO - [2023-12-24T14:36:02.717+0000] {dag.py:3820} INFO - Setting next_dagrun for example_setup_teardown to 2023-12-23T00:00:00+00:00, run_after=2023-12-24T00:00:00+00:00
[2023-12-24T14:36:02.772+0000] {processor.py:183} INFO - Processing /home/airflow/.local/lib/python3.8/site-packages/airflow/example_dags/example_setup_teardown.py took 0.223 seconds
[2023-12-24T14:36:33.180+0000] {processor.py:161} INFO - Started process (PID=431) to work on /home/airflow/.local/lib/python3.8/site-packages/airflow/example_dags/example_setup_teardown.py
[2023-12-24T14:36:33.182+0000] {processor.py:830} INFO - Processing file /home/airflow/.local/lib/python3.8/site-packages/airflow/example_dags/example_setup_teardown.py for tasks to queue
[2023-12-24T14:36:33.188+0000] {logging_mixin.py:188} INFO - [2023-12-24T14:36:33.188+0000] {dagbag.py:538} INFO - Filling up the DagBag from /home/airflow/.local/lib/python3.8/site-packages/airflow/example_dags/example_setup_teardown.py
[2023-12-24T14:36:33.202+0000] {processor.py:840} INFO - DAG(s) 'example_setup_teardown' retrieved from /home/airflow/.local/lib/python3.8/site-packages/airflow/example_dags/example_setup_teardown.py
[2023-12-24T14:36:33.243+0000] {logging_mixin.py:188} INFO - [2023-12-24T14:36:33.243+0000] {dag.py:3033} INFO - Sync 1 DAGs
[2023-12-24T14:36:33.290+0000] {logging_mixin.py:188} INFO - [2023-12-24T14:36:33.290+0000] {dag.py:3820} INFO - Setting next_dagrun for example_setup_teardown to 2023-12-23T00:00:00+00:00, run_after=2023-12-24T00:00:00+00:00
[2023-12-24T14:36:33.331+0000] {processor.py:183} INFO - Processing /home/airflow/.local/lib/python3.8/site-packages/airflow/example_dags/example_setup_teardown.py took 0.159 seconds
[2023-12-24T14:37:03.603+0000] {processor.py:161} INFO - Started process (PID=490) to work on /home/airflow/.local/lib/python3.8/site-packages/airflow/example_dags/example_setup_teardown.py
[2023-12-24T14:37:03.605+0000] {processor.py:830} INFO - Processing file /home/airflow/.local/lib/python3.8/site-packages/airflow/example_dags/example_setup_teardown.py for tasks to queue
[2023-12-24T14:37:03.611+0000] {logging_mixin.py:188} INFO - [2023-12-24T14:37:03.610+0000] {dagbag.py:538} INFO - Filling up the DagBag from /home/airflow/.local/lib/python3.8/site-packages/airflow/example_dags/example_setup_teardown.py
[2023-12-24T14:37:03.626+0000] {processor.py:840} INFO - DAG(s) 'example_setup_teardown' retrieved from /home/airflow/.local/lib/python3.8/site-packages/airflow/example_dags/example_setup_teardown.py
[2023-12-24T14:37:03.671+0000] {logging_mixin.py:188} INFO - [2023-12-24T14:37:03.671+0000] {dag.py:3033} INFO - Sync 1 DAGs
[2023-12-24T14:37:03.730+0000] {logging_mixin.py:188} INFO - [2023-12-24T14:37:03.729+0000] {dag.py:3820} INFO - Setting next_dagrun for example_setup_teardown to 2023-12-23T00:00:00+00:00, run_after=2023-12-24T00:00:00+00:00
[2023-12-24T14:37:03.765+0000] {processor.py:183} INFO - Processing /home/airflow/.local/lib/python3.8/site-packages/airflow/example_dags/example_setup_teardown.py took 0.168 seconds
[2023-12-24T14:37:34.237+0000] {processor.py:161} INFO - Started process (PID=549) to work on /home/airflow/.local/lib/python3.8/site-packages/airflow/example_dags/example_setup_teardown.py
[2023-12-24T14:37:34.244+0000] {processor.py:830} INFO - Processing file /home/airflow/.local/lib/python3.8/site-packages/airflow/example_dags/example_setup_teardown.py for tasks to queue
[2023-12-24T14:37:34.249+0000] {logging_mixin.py:188} INFO - [2023-12-24T14:37:34.248+0000] {dagbag.py:538} INFO - Filling up the DagBag from /home/airflow/.local/lib/python3.8/site-packages/airflow/example_dags/example_setup_teardown.py
[2023-12-24T14:37:34.268+0000] {processor.py:840} INFO - DAG(s) 'example_setup_teardown' retrieved from /home/airflow/.local/lib/python3.8/site-packages/airflow/example_dags/example_setup_teardown.py
[2023-12-24T14:37:34.336+0000] {logging_mixin.py:188} INFO - [2023-12-24T14:37:34.335+0000] {dag.py:3033} INFO - Sync 1 DAGs
[2023-12-24T14:37:34.394+0000] {logging_mixin.py:188} INFO - [2023-12-24T14:37:34.394+0000] {dag.py:3820} INFO - Setting next_dagrun for example_setup_teardown to 2023-12-23T00:00:00+00:00, run_after=2023-12-24T00:00:00+00:00
[2023-12-24T14:37:34.449+0000] {processor.py:183} INFO - Processing /home/airflow/.local/lib/python3.8/site-packages/airflow/example_dags/example_setup_teardown.py took 0.223 seconds
[2023-12-24T14:38:05.606+0000] {processor.py:161} INFO - Started process (PID=607) to work on /home/airflow/.local/lib/python3.8/site-packages/airflow/example_dags/example_setup_teardown.py
[2023-12-24T14:38:05.608+0000] {processor.py:830} INFO - Processing file /home/airflow/.local/lib/python3.8/site-packages/airflow/example_dags/example_setup_teardown.py for tasks to queue
[2023-12-24T14:38:05.613+0000] {logging_mixin.py:188} INFO - [2023-12-24T14:38:05.612+0000] {dagbag.py:538} INFO - Filling up the DagBag from /home/airflow/.local/lib/python3.8/site-packages/airflow/example_dags/example_setup_teardown.py
[2023-12-24T14:38:05.626+0000] {processor.py:840} INFO - DAG(s) 'example_setup_teardown' retrieved from /home/airflow/.local/lib/python3.8/site-packages/airflow/example_dags/example_setup_teardown.py
[2023-12-24T14:38:05.669+0000] {logging_mixin.py:188} INFO - [2023-12-24T14:38:05.669+0000] {dag.py:3033} INFO - Sync 1 DAGs
[2023-12-24T14:38:05.733+0000] {logging_mixin.py:188} INFO - [2023-12-24T14:38:05.733+0000] {dag.py:3820} INFO - Setting next_dagrun for example_setup_teardown to 2023-12-23T00:00:00+00:00, run_after=2023-12-24T00:00:00+00:00
[2023-12-24T14:38:05.777+0000] {processor.py:183} INFO - Processing /home/airflow/.local/lib/python3.8/site-packages/airflow/example_dags/example_setup_teardown.py took 0.177 seconds
[2023-12-24T14:38:35.975+0000] {processor.py:161} INFO - Started process (PID=666) to work on /home/airflow/.local/lib/python3.8/site-packages/airflow/example_dags/example_setup_teardown.py
[2023-12-24T14:38:35.980+0000] {processor.py:830} INFO - Processing file /home/airflow/.local/lib/python3.8/site-packages/airflow/example_dags/example_setup_teardown.py for tasks to queue
[2023-12-24T14:38:35.998+0000] {logging_mixin.py:188} INFO - [2023-12-24T14:38:35.997+0000] {dagbag.py:538} INFO - Filling up the DagBag from /home/airflow/.local/lib/python3.8/site-packages/airflow/example_dags/example_setup_teardown.py
[2023-12-24T14:38:36.017+0000] {processor.py:840} INFO - DAG(s) 'example_setup_teardown' retrieved from /home/airflow/.local/lib/python3.8/site-packages/airflow/example_dags/example_setup_teardown.py
[2023-12-24T14:38:36.074+0000] {logging_mixin.py:188} INFO - [2023-12-24T14:38:36.074+0000] {dag.py:3033} INFO - Sync 1 DAGs
[2023-12-24T14:38:36.130+0000] {logging_mixin.py:188} INFO - [2023-12-24T14:38:36.129+0000] {dag.py:3820} INFO - Setting next_dagrun for example_setup_teardown to 2023-12-23T00:00:00+00:00, run_after=2023-12-24T00:00:00+00:00
[2023-12-24T14:38:36.172+0000] {processor.py:183} INFO - Processing /home/airflow/.local/lib/python3.8/site-packages/airflow/example_dags/example_setup_teardown.py took 0.207 seconds
[2023-12-24T14:39:06.236+0000] {processor.py:161} INFO - Started process (PID=725) to work on /home/airflow/.local/lib/python3.8/site-packages/airflow/example_dags/example_setup_teardown.py
[2023-12-24T14:39:06.238+0000] {processor.py:830} INFO - Processing file /home/airflow/.local/lib/python3.8/site-packages/airflow/example_dags/example_setup_teardown.py for tasks to queue
[2023-12-24T14:39:06.242+0000] {logging_mixin.py:188} INFO - [2023-12-24T14:39:06.242+0000] {dagbag.py:538} INFO - Filling up the DagBag from /home/airflow/.local/lib/python3.8/site-packages/airflow/example_dags/example_setup_teardown.py
[2023-12-24T14:39:06.255+0000] {processor.py:840} INFO - DAG(s) 'example_setup_teardown' retrieved from /home/airflow/.local/lib/python3.8/site-packages/airflow/example_dags/example_setup_teardown.py
[2023-12-24T14:39:06.291+0000] {logging_mixin.py:188} INFO - [2023-12-24T14:39:06.291+0000] {dag.py:3033} INFO - Sync 1 DAGs
[2023-12-24T14:39:06.336+0000] {logging_mixin.py:188} INFO - [2023-12-24T14:39:06.335+0000] {dag.py:3820} INFO - Setting next_dagrun for example_setup_teardown to 2023-12-23T00:00:00+00:00, run_after=2023-12-24T00:00:00+00:00
[2023-12-24T14:39:06.375+0000] {processor.py:183} INFO - Processing /home/airflow/.local/lib/python3.8/site-packages/airflow/example_dags/example_setup_teardown.py took 0.147 seconds
[2023-12-24T14:39:37.699+0000] {processor.py:161} INFO - Started process (PID=784) to work on /home/airflow/.local/lib/python3.8/site-packages/airflow/example_dags/example_setup_teardown.py
[2023-12-24T14:39:37.701+0000] {processor.py:830} INFO - Processing file /home/airflow/.local/lib/python3.8/site-packages/airflow/example_dags/example_setup_teardown.py for tasks to queue
[2023-12-24T14:39:37.706+0000] {logging_mixin.py:188} INFO - [2023-12-24T14:39:37.705+0000] {dagbag.py:538} INFO - Filling up the DagBag from /home/airflow/.local/lib/python3.8/site-packages/airflow/example_dags/example_setup_teardown.py
[2023-12-24T14:39:37.723+0000] {processor.py:840} INFO - DAG(s) 'example_setup_teardown' retrieved from /home/airflow/.local/lib/python3.8/site-packages/airflow/example_dags/example_setup_teardown.py
[2023-12-24T14:39:37.774+0000] {logging_mixin.py:188} INFO - [2023-12-24T14:39:37.774+0000] {dag.py:3033} INFO - Sync 1 DAGs
[2023-12-24T14:39:37.829+0000] {logging_mixin.py:188} INFO - [2023-12-24T14:39:37.829+0000] {dag.py:3820} INFO - Setting next_dagrun for example_setup_teardown to 2023-12-23T00:00:00+00:00, run_after=2023-12-24T00:00:00+00:00
[2023-12-24T14:39:37.874+0000] {processor.py:183} INFO - Processing /home/airflow/.local/lib/python3.8/site-packages/airflow/example_dags/example_setup_teardown.py took 0.187 seconds
[2023-12-24T14:40:08.808+0000] {processor.py:161} INFO - Started process (PID=843) to work on /home/airflow/.local/lib/python3.8/site-packages/airflow/example_dags/example_setup_teardown.py
[2023-12-24T14:40:08.810+0000] {processor.py:830} INFO - Processing file /home/airflow/.local/lib/python3.8/site-packages/airflow/example_dags/example_setup_teardown.py for tasks to queue
[2023-12-24T14:40:08.815+0000] {logging_mixin.py:188} INFO - [2023-12-24T14:40:08.815+0000] {dagbag.py:538} INFO - Filling up the DagBag from /home/airflow/.local/lib/python3.8/site-packages/airflow/example_dags/example_setup_teardown.py
[2023-12-24T14:40:08.830+0000] {processor.py:840} INFO - DAG(s) 'example_setup_teardown' retrieved from /home/airflow/.local/lib/python3.8/site-packages/airflow/example_dags/example_setup_teardown.py
[2023-12-24T14:40:08.873+0000] {logging_mixin.py:188} INFO - [2023-12-24T14:40:08.873+0000] {dag.py:3033} INFO - Sync 1 DAGs
[2023-12-24T14:40:08.921+0000] {logging_mixin.py:188} INFO - [2023-12-24T14:40:08.921+0000] {dag.py:3820} INFO - Setting next_dagrun for example_setup_teardown to 2023-12-23T00:00:00+00:00, run_after=2023-12-24T00:00:00+00:00
[2023-12-24T14:40:08.962+0000] {processor.py:183} INFO - Processing /home/airflow/.local/lib/python3.8/site-packages/airflow/example_dags/example_setup_teardown.py took 0.163 seconds
[2023-12-24T14:40:39.139+0000] {processor.py:161} INFO - Started process (PID=903) to work on /home/airflow/.local/lib/python3.8/site-packages/airflow/example_dags/example_setup_teardown.py
[2023-12-24T14:40:39.141+0000] {processor.py:830} INFO - Processing file /home/airflow/.local/lib/python3.8/site-packages/airflow/example_dags/example_setup_teardown.py for tasks to queue
[2023-12-24T14:40:39.147+0000] {logging_mixin.py:188} INFO - [2023-12-24T14:40:39.146+0000] {dagbag.py:538} INFO - Filling up the DagBag from /home/airflow/.local/lib/python3.8/site-packages/airflow/example_dags/example_setup_teardown.py
[2023-12-24T14:40:39.164+0000] {processor.py:840} INFO - DAG(s) 'example_setup_teardown' retrieved from /home/airflow/.local/lib/python3.8/site-packages/airflow/example_dags/example_setup_teardown.py
[2023-12-24T14:40:39.214+0000] {logging_mixin.py:188} INFO - [2023-12-24T14:40:39.213+0000] {dag.py:3033} INFO - Sync 1 DAGs
[2023-12-24T14:40:39.264+0000] {logging_mixin.py:188} INFO - [2023-12-24T14:40:39.263+0000] {dag.py:3820} INFO - Setting next_dagrun for example_setup_teardown to 2023-12-23T00:00:00+00:00, run_after=2023-12-24T00:00:00+00:00
[2023-12-24T14:40:39.302+0000] {processor.py:183} INFO - Processing /home/airflow/.local/lib/python3.8/site-packages/airflow/example_dags/example_setup_teardown.py took 0.170 seconds
[2023-12-24T14:41:09.492+0000] {processor.py:161} INFO - Started process (PID=962) to work on /home/airflow/.local/lib/python3.8/site-packages/airflow/example_dags/example_setup_teardown.py
[2023-12-24T14:41:09.494+0000] {processor.py:830} INFO - Processing file /home/airflow/.local/lib/python3.8/site-packages/airflow/example_dags/example_setup_teardown.py for tasks to queue
[2023-12-24T14:41:09.499+0000] {logging_mixin.py:188} INFO - [2023-12-24T14:41:09.498+0000] {dagbag.py:538} INFO - Filling up the DagBag from /home/airflow/.local/lib/python3.8/site-packages/airflow/example_dags/example_setup_teardown.py
[2023-12-24T14:41:09.511+0000] {processor.py:840} INFO - DAG(s) 'example_setup_teardown' retrieved from /home/airflow/.local/lib/python3.8/site-packages/airflow/example_dags/example_setup_teardown.py
[2023-12-24T14:41:09.581+0000] {logging_mixin.py:188} INFO - [2023-12-24T14:41:09.579+0000] {dag.py:3033} INFO - Sync 1 DAGs
[2023-12-24T14:41:09.637+0000] {logging_mixin.py:188} INFO - [2023-12-24T14:41:09.636+0000] {dag.py:3820} INFO - Setting next_dagrun for example_setup_teardown to 2023-12-23T00:00:00+00:00, run_after=2023-12-24T00:00:00+00:00
[2023-12-24T14:41:09.672+0000] {processor.py:183} INFO - Processing /home/airflow/.local/lib/python3.8/site-packages/airflow/example_dags/example_setup_teardown.py took 0.186 seconds
[2023-12-24T14:41:40.405+0000] {processor.py:161} INFO - Started process (PID=1021) to work on /home/airflow/.local/lib/python3.8/site-packages/airflow/example_dags/example_setup_teardown.py
[2023-12-24T14:41:40.406+0000] {processor.py:830} INFO - Processing file /home/airflow/.local/lib/python3.8/site-packages/airflow/example_dags/example_setup_teardown.py for tasks to queue
[2023-12-24T14:41:40.411+0000] {logging_mixin.py:188} INFO - [2023-12-24T14:41:40.410+0000] {dagbag.py:538} INFO - Filling up the DagBag from /home/airflow/.local/lib/python3.8/site-packages/airflow/example_dags/example_setup_teardown.py
[2023-12-24T14:41:40.427+0000] {processor.py:840} INFO - DAG(s) 'example_setup_teardown' retrieved from /home/airflow/.local/lib/python3.8/site-packages/airflow/example_dags/example_setup_teardown.py
[2023-12-24T14:41:40.468+0000] {logging_mixin.py:188} INFO - [2023-12-24T14:41:40.468+0000] {dag.py:3033} INFO - Sync 1 DAGs
[2023-12-24T14:41:40.512+0000] {logging_mixin.py:188} INFO - [2023-12-24T14:41:40.512+0000] {dag.py:3820} INFO - Setting next_dagrun for example_setup_teardown to 2023-12-23T00:00:00+00:00, run_after=2023-12-24T00:00:00+00:00
[2023-12-24T14:41:40.546+0000] {processor.py:183} INFO - Processing /home/airflow/.local/lib/python3.8/site-packages/airflow/example_dags/example_setup_teardown.py took 0.148 seconds
[2023-12-24T14:42:11.309+0000] {processor.py:161} INFO - Started process (PID=1080) to work on /home/airflow/.local/lib/python3.8/site-packages/airflow/example_dags/example_setup_teardown.py
[2023-12-24T14:42:11.311+0000] {processor.py:830} INFO - Processing file /home/airflow/.local/lib/python3.8/site-packages/airflow/example_dags/example_setup_teardown.py for tasks to queue
[2023-12-24T14:42:11.316+0000] {logging_mixin.py:188} INFO - [2023-12-24T14:42:11.315+0000] {dagbag.py:538} INFO - Filling up the DagBag from /home/airflow/.local/lib/python3.8/site-packages/airflow/example_dags/example_setup_teardown.py
[2023-12-24T14:42:11.332+0000] {processor.py:840} INFO - DAG(s) 'example_setup_teardown' retrieved from /home/airflow/.local/lib/python3.8/site-packages/airflow/example_dags/example_setup_teardown.py
[2023-12-24T14:42:11.435+0000] {logging_mixin.py:188} INFO - [2023-12-24T14:42:11.434+0000] {dag.py:3033} INFO - Sync 1 DAGs
[2023-12-24T14:42:11.496+0000] {logging_mixin.py:188} INFO - [2023-12-24T14:42:11.496+0000] {dag.py:3820} INFO - Setting next_dagrun for example_setup_teardown to 2023-12-23T00:00:00+00:00, run_after=2023-12-24T00:00:00+00:00
[2023-12-24T14:42:11.541+0000] {processor.py:183} INFO - Processing /home/airflow/.local/lib/python3.8/site-packages/airflow/example_dags/example_setup_teardown.py took 0.238 seconds
[2023-12-24T14:42:41.723+0000] {processor.py:161} INFO - Started process (PID=1139) to work on /home/airflow/.local/lib/python3.8/site-packages/airflow/example_dags/example_setup_teardown.py
[2023-12-24T14:42:41.724+0000] {processor.py:830} INFO - Processing file /home/airflow/.local/lib/python3.8/site-packages/airflow/example_dags/example_setup_teardown.py for tasks to queue
[2023-12-24T14:42:41.730+0000] {logging_mixin.py:188} INFO - [2023-12-24T14:42:41.729+0000] {dagbag.py:538} INFO - Filling up the DagBag from /home/airflow/.local/lib/python3.8/site-packages/airflow/example_dags/example_setup_teardown.py
[2023-12-24T14:42:41.742+0000] {processor.py:840} INFO - DAG(s) 'example_setup_teardown' retrieved from /home/airflow/.local/lib/python3.8/site-packages/airflow/example_dags/example_setup_teardown.py
[2023-12-24T14:42:41.779+0000] {logging_mixin.py:188} INFO - [2023-12-24T14:42:41.779+0000] {dag.py:3033} INFO - Sync 1 DAGs
[2023-12-24T14:42:41.823+0000] {logging_mixin.py:188} INFO - [2023-12-24T14:42:41.823+0000] {dag.py:3820} INFO - Setting next_dagrun for example_setup_teardown to 2023-12-23T00:00:00+00:00, run_after=2023-12-24T00:00:00+00:00
[2023-12-24T14:42:41.859+0000] {processor.py:183} INFO - Processing /home/airflow/.local/lib/python3.8/site-packages/airflow/example_dags/example_setup_teardown.py took 0.143 seconds
[2023-12-24T14:43:12.327+0000] {processor.py:161} INFO - Started process (PID=1198) to work on /home/airflow/.local/lib/python3.8/site-packages/airflow/example_dags/example_setup_teardown.py
[2023-12-24T14:43:12.329+0000] {processor.py:830} INFO - Processing file /home/airflow/.local/lib/python3.8/site-packages/airflow/example_dags/example_setup_teardown.py for tasks to queue
[2023-12-24T14:43:12.334+0000] {logging_mixin.py:188} INFO - [2023-12-24T14:43:12.333+0000] {dagbag.py:538} INFO - Filling up the DagBag from /home/airflow/.local/lib/python3.8/site-packages/airflow/example_dags/example_setup_teardown.py
[2023-12-24T14:43:12.347+0000] {processor.py:840} INFO - DAG(s) 'example_setup_teardown' retrieved from /home/airflow/.local/lib/python3.8/site-packages/airflow/example_dags/example_setup_teardown.py
[2023-12-24T14:43:12.391+0000] {logging_mixin.py:188} INFO - [2023-12-24T14:43:12.390+0000] {dag.py:3033} INFO - Sync 1 DAGs
[2023-12-24T14:43:12.451+0000] {logging_mixin.py:188} INFO - [2023-12-24T14:43:12.450+0000] {dag.py:3820} INFO - Setting next_dagrun for example_setup_teardown to 2023-12-23T00:00:00+00:00, run_after=2023-12-24T00:00:00+00:00
[2023-12-24T14:43:12.497+0000] {processor.py:183} INFO - Processing /home/airflow/.local/lib/python3.8/site-packages/airflow/example_dags/example_setup_teardown.py took 0.178 seconds
[2023-12-24T14:43:43.232+0000] {processor.py:161} INFO - Started process (PID=1257) to work on /home/airflow/.local/lib/python3.8/site-packages/airflow/example_dags/example_setup_teardown.py
[2023-12-24T14:43:43.234+0000] {processor.py:830} INFO - Processing file /home/airflow/.local/lib/python3.8/site-packages/airflow/example_dags/example_setup_teardown.py for tasks to queue
[2023-12-24T14:43:43.256+0000] {logging_mixin.py:188} INFO - [2023-12-24T14:43:43.255+0000] {dagbag.py:538} INFO - Filling up the DagBag from /home/airflow/.local/lib/python3.8/site-packages/airflow/example_dags/example_setup_teardown.py
[2023-12-24T14:43:43.270+0000] {processor.py:840} INFO - DAG(s) 'example_setup_teardown' retrieved from /home/airflow/.local/lib/python3.8/site-packages/airflow/example_dags/example_setup_teardown.py
[2023-12-24T14:43:43.311+0000] {logging_mixin.py:188} INFO - [2023-12-24T14:43:43.311+0000] {dag.py:3033} INFO - Sync 1 DAGs
[2023-12-24T14:43:43.355+0000] {logging_mixin.py:188} INFO - [2023-12-24T14:43:43.354+0000] {dag.py:3820} INFO - Setting next_dagrun for example_setup_teardown to 2023-12-23T00:00:00+00:00, run_after=2023-12-24T00:00:00+00:00
[2023-12-24T14:43:43.393+0000] {processor.py:183} INFO - Processing /home/airflow/.local/lib/python3.8/site-packages/airflow/example_dags/example_setup_teardown.py took 0.168 seconds
[2023-12-24T14:44:13.532+0000] {processor.py:161} INFO - Started process (PID=1316) to work on /home/airflow/.local/lib/python3.8/site-packages/airflow/example_dags/example_setup_teardown.py
[2023-12-24T14:44:13.534+0000] {processor.py:830} INFO - Processing file /home/airflow/.local/lib/python3.8/site-packages/airflow/example_dags/example_setup_teardown.py for tasks to queue
[2023-12-24T14:44:13.540+0000] {logging_mixin.py:188} INFO - [2023-12-24T14:44:13.540+0000] {dagbag.py:538} INFO - Filling up the DagBag from /home/airflow/.local/lib/python3.8/site-packages/airflow/example_dags/example_setup_teardown.py
[2023-12-24T14:44:13.553+0000] {processor.py:840} INFO - DAG(s) 'example_setup_teardown' retrieved from /home/airflow/.local/lib/python3.8/site-packages/airflow/example_dags/example_setup_teardown.py
[2023-12-24T14:44:13.595+0000] {logging_mixin.py:188} INFO - [2023-12-24T14:44:13.595+0000] {dag.py:3033} INFO - Sync 1 DAGs
[2023-12-24T14:44:13.636+0000] {logging_mixin.py:188} INFO - [2023-12-24T14:44:13.636+0000] {dag.py:3820} INFO - Setting next_dagrun for example_setup_teardown to 2023-12-23T00:00:00+00:00, run_after=2023-12-24T00:00:00+00:00
[2023-12-24T14:44:13.668+0000] {processor.py:183} INFO - Processing /home/airflow/.local/lib/python3.8/site-packages/airflow/example_dags/example_setup_teardown.py took 0.145 seconds
[2023-12-24T14:44:44.008+0000] {processor.py:161} INFO - Started process (PID=1375) to work on /home/airflow/.local/lib/python3.8/site-packages/airflow/example_dags/example_setup_teardown.py
[2023-12-24T14:44:44.010+0000] {processor.py:830} INFO - Processing file /home/airflow/.local/lib/python3.8/site-packages/airflow/example_dags/example_setup_teardown.py for tasks to queue
[2023-12-24T14:44:44.015+0000] {logging_mixin.py:188} INFO - [2023-12-24T14:44:44.014+0000] {dagbag.py:538} INFO - Filling up the DagBag from /home/airflow/.local/lib/python3.8/site-packages/airflow/example_dags/example_setup_teardown.py
[2023-12-24T14:44:44.026+0000] {processor.py:840} INFO - DAG(s) 'example_setup_teardown' retrieved from /home/airflow/.local/lib/python3.8/site-packages/airflow/example_dags/example_setup_teardown.py
[2023-12-24T14:44:44.069+0000] {logging_mixin.py:188} INFO - [2023-12-24T14:44:44.068+0000] {dag.py:3033} INFO - Sync 1 DAGs
[2023-12-24T14:44:44.112+0000] {logging_mixin.py:188} INFO - [2023-12-24T14:44:44.112+0000] {dag.py:3820} INFO - Setting next_dagrun for example_setup_teardown to 2023-12-23T00:00:00+00:00, run_after=2023-12-24T00:00:00+00:00
[2023-12-24T14:44:44.150+0000] {processor.py:183} INFO - Processing /home/airflow/.local/lib/python3.8/site-packages/airflow/example_dags/example_setup_teardown.py took 0.149 seconds
[2023-12-24T14:45:14.761+0000] {processor.py:161} INFO - Started process (PID=1434) to work on /home/airflow/.local/lib/python3.8/site-packages/airflow/example_dags/example_setup_teardown.py
[2023-12-24T14:45:14.763+0000] {processor.py:830} INFO - Processing file /home/airflow/.local/lib/python3.8/site-packages/airflow/example_dags/example_setup_teardown.py for tasks to queue
[2023-12-24T14:45:14.770+0000] {logging_mixin.py:188} INFO - [2023-12-24T14:45:14.769+0000] {dagbag.py:538} INFO - Filling up the DagBag from /home/airflow/.local/lib/python3.8/site-packages/airflow/example_dags/example_setup_teardown.py
[2023-12-24T14:45:14.788+0000] {processor.py:840} INFO - DAG(s) 'example_setup_teardown' retrieved from /home/airflow/.local/lib/python3.8/site-packages/airflow/example_dags/example_setup_teardown.py
[2023-12-24T14:45:14.827+0000] {logging_mixin.py:188} INFO - [2023-12-24T14:45:14.827+0000] {dag.py:3033} INFO - Sync 1 DAGs
[2023-12-24T14:45:14.867+0000] {logging_mixin.py:188} INFO - [2023-12-24T14:45:14.866+0000] {dag.py:3820} INFO - Setting next_dagrun for example_setup_teardown to 2023-12-23T00:00:00+00:00, run_after=2023-12-24T00:00:00+00:00
[2023-12-24T14:45:14.902+0000] {processor.py:183} INFO - Processing /home/airflow/.local/lib/python3.8/site-packages/airflow/example_dags/example_setup_teardown.py took 0.148 seconds
