[2023-12-24T14:03:46.257+0000] {processor.py:161} INFO - Started process (PID=98) to work on /home/airflow/.local/lib/python3.8/site-packages/airflow/example_dags/example_branch_labels.py
[2023-12-24T14:03:46.258+0000] {processor.py:830} INFO - Processing file /home/airflow/.local/lib/python3.8/site-packages/airflow/example_dags/example_branch_labels.py for tasks to queue
[2023-12-24T14:03:46.261+0000] {logging_mixin.py:188} INFO - [2023-12-24T14:03:46.261+0000] {dagbag.py:538} INFO - Filling up the DagBag from /home/airflow/.local/lib/python3.8/site-packages/airflow/example_dags/example_branch_labels.py
[2023-12-24T14:03:46.274+0000] {processor.py:840} INFO - DAG(s) 'example_branch_labels' retrieved from /home/airflow/.local/lib/python3.8/site-packages/airflow/example_dags/example_branch_labels.py
[2023-12-24T14:03:46.434+0000] {logging_mixin.py:188} INFO - [2023-12-24T14:03:46.434+0000] {dag.py:3033} INFO - Sync 1 DAGs
[2023-12-24T14:03:46.463+0000] {logging_mixin.py:188} INFO - [2023-12-24T14:03:46.462+0000] {dag.py:3820} INFO - Setting next_dagrun for example_branch_labels to 2023-12-23T00:00:00+00:00, run_after=2023-12-24T00:00:00+00:00
[2023-12-24T14:03:46.489+0000] {processor.py:183} INFO - Processing /home/airflow/.local/lib/python3.8/site-packages/airflow/example_dags/example_branch_labels.py took 0.237 seconds
[2023-12-24T14:05:49.938+0000] {processor.py:161} INFO - Started process (PID=55) to work on /home/airflow/.local/lib/python3.8/site-packages/airflow/example_dags/example_branch_labels.py
[2023-12-24T14:05:49.941+0000] {processor.py:830} INFO - Processing file /home/airflow/.local/lib/python3.8/site-packages/airflow/example_dags/example_branch_labels.py for tasks to queue
[2023-12-24T14:05:49.947+0000] {logging_mixin.py:188} INFO - [2023-12-24T14:05:49.946+0000] {dagbag.py:538} INFO - Filling up the DagBag from /home/airflow/.local/lib/python3.8/site-packages/airflow/example_dags/example_branch_labels.py
[2023-12-24T14:05:49.970+0000] {processor.py:840} INFO - DAG(s) 'example_branch_labels' retrieved from /home/airflow/.local/lib/python3.8/site-packages/airflow/example_dags/example_branch_labels.py
[2023-12-24T14:05:50.276+0000] {logging_mixin.py:188} INFO - [2023-12-24T14:05:50.275+0000] {dag.py:3033} INFO - Sync 1 DAGs
[2023-12-24T14:05:50.330+0000] {logging_mixin.py:188} INFO - [2023-12-24T14:05:50.330+0000] {dag.py:3820} INFO - Setting next_dagrun for example_branch_labels to 2023-12-23T00:00:00+00:00, run_after=2023-12-24T00:00:00+00:00
[2023-12-24T14:05:50.383+0000] {processor.py:183} INFO - Processing /home/airflow/.local/lib/python3.8/site-packages/airflow/example_dags/example_branch_labels.py took 0.454 seconds
[2023-12-24T14:06:35.654+0000] {processor.py:161} INFO - Started process (PID=48) to work on /home/airflow/.local/lib/python3.8/site-packages/airflow/example_dags/example_branch_labels.py
[2023-12-24T14:06:35.656+0000] {processor.py:830} INFO - Processing file /home/airflow/.local/lib/python3.8/site-packages/airflow/example_dags/example_branch_labels.py for tasks to queue
[2023-12-24T14:06:35.661+0000] {logging_mixin.py:188} INFO - [2023-12-24T14:06:35.661+0000] {dagbag.py:538} INFO - Filling up the DagBag from /home/airflow/.local/lib/python3.8/site-packages/airflow/example_dags/example_branch_labels.py
[2023-12-24T14:06:35.675+0000] {processor.py:840} INFO - DAG(s) 'example_branch_labels' retrieved from /home/airflow/.local/lib/python3.8/site-packages/airflow/example_dags/example_branch_labels.py
[2023-12-24T14:06:35.725+0000] {logging_mixin.py:188} INFO - [2023-12-24T14:06:35.725+0000] {dag.py:3033} INFO - Sync 1 DAGs
[2023-12-24T14:06:35.769+0000] {logging_mixin.py:188} INFO - [2023-12-24T14:06:35.769+0000] {dag.py:3820} INFO - Setting next_dagrun for example_branch_labels to 2023-12-23T00:00:00+00:00, run_after=2023-12-24T00:00:00+00:00
[2023-12-24T14:06:35.799+0000] {processor.py:183} INFO - Processing /home/airflow/.local/lib/python3.8/site-packages/airflow/example_dags/example_branch_labels.py took 0.152 seconds
[2023-12-24T14:07:06.637+0000] {processor.py:161} INFO - Started process (PID=107) to work on /home/airflow/.local/lib/python3.8/site-packages/airflow/example_dags/example_branch_labels.py
[2023-12-24T14:07:06.640+0000] {processor.py:830} INFO - Processing file /home/airflow/.local/lib/python3.8/site-packages/airflow/example_dags/example_branch_labels.py for tasks to queue
[2023-12-24T14:07:06.645+0000] {logging_mixin.py:188} INFO - [2023-12-24T14:07:06.645+0000] {dagbag.py:538} INFO - Filling up the DagBag from /home/airflow/.local/lib/python3.8/site-packages/airflow/example_dags/example_branch_labels.py
[2023-12-24T14:07:06.667+0000] {processor.py:840} INFO - DAG(s) 'example_branch_labels' retrieved from /home/airflow/.local/lib/python3.8/site-packages/airflow/example_dags/example_branch_labels.py
[2023-12-24T14:07:06.717+0000] {logging_mixin.py:188} INFO - [2023-12-24T14:07:06.716+0000] {dag.py:3033} INFO - Sync 1 DAGs
[2023-12-24T14:07:06.772+0000] {logging_mixin.py:188} INFO - [2023-12-24T14:07:06.772+0000] {dag.py:3820} INFO - Setting next_dagrun for example_branch_labels to 2023-12-23T00:00:00+00:00, run_after=2023-12-24T00:00:00+00:00
[2023-12-24T14:07:06.820+0000] {processor.py:183} INFO - Processing /home/airflow/.local/lib/python3.8/site-packages/airflow/example_dags/example_branch_labels.py took 0.190 seconds
[2023-12-24T14:07:38.544+0000] {processor.py:161} INFO - Started process (PID=166) to work on /home/airflow/.local/lib/python3.8/site-packages/airflow/example_dags/example_branch_labels.py
[2023-12-24T14:07:38.548+0000] {processor.py:830} INFO - Processing file /home/airflow/.local/lib/python3.8/site-packages/airflow/example_dags/example_branch_labels.py for tasks to queue
[2023-12-24T14:07:38.553+0000] {logging_mixin.py:188} INFO - [2023-12-24T14:07:38.552+0000] {dagbag.py:538} INFO - Filling up the DagBag from /home/airflow/.local/lib/python3.8/site-packages/airflow/example_dags/example_branch_labels.py
[2023-12-24T14:07:38.570+0000] {processor.py:840} INFO - DAG(s) 'example_branch_labels' retrieved from /home/airflow/.local/lib/python3.8/site-packages/airflow/example_dags/example_branch_labels.py
[2023-12-24T14:07:38.615+0000] {logging_mixin.py:188} INFO - [2023-12-24T14:07:38.614+0000] {dag.py:3033} INFO - Sync 1 DAGs
[2023-12-24T14:07:38.662+0000] {logging_mixin.py:188} INFO - [2023-12-24T14:07:38.661+0000] {dag.py:3820} INFO - Setting next_dagrun for example_branch_labels to 2023-12-23T00:00:00+00:00, run_after=2023-12-24T00:00:00+00:00
[2023-12-24T14:07:38.696+0000] {processor.py:183} INFO - Processing /home/airflow/.local/lib/python3.8/site-packages/airflow/example_dags/example_branch_labels.py took 0.160 seconds
[2023-12-24T14:08:09.887+0000] {processor.py:161} INFO - Started process (PID=225) to work on /home/airflow/.local/lib/python3.8/site-packages/airflow/example_dags/example_branch_labels.py
[2023-12-24T14:08:09.890+0000] {processor.py:830} INFO - Processing file /home/airflow/.local/lib/python3.8/site-packages/airflow/example_dags/example_branch_labels.py for tasks to queue
[2023-12-24T14:08:09.898+0000] {logging_mixin.py:188} INFO - [2023-12-24T14:08:09.897+0000] {dagbag.py:538} INFO - Filling up the DagBag from /home/airflow/.local/lib/python3.8/site-packages/airflow/example_dags/example_branch_labels.py
[2023-12-24T14:08:09.915+0000] {processor.py:840} INFO - DAG(s) 'example_branch_labels' retrieved from /home/airflow/.local/lib/python3.8/site-packages/airflow/example_dags/example_branch_labels.py
[2023-12-24T14:08:09.967+0000] {logging_mixin.py:188} INFO - [2023-12-24T14:08:09.966+0000] {dag.py:3033} INFO - Sync 1 DAGs
[2023-12-24T14:08:10.032+0000] {logging_mixin.py:188} INFO - [2023-12-24T14:08:10.031+0000] {dag.py:3820} INFO - Setting next_dagrun for example_branch_labels to 2023-12-23T00:00:00+00:00, run_after=2023-12-24T00:00:00+00:00
[2023-12-24T14:08:10.092+0000] {processor.py:183} INFO - Processing /home/airflow/.local/lib/python3.8/site-packages/airflow/example_dags/example_branch_labels.py took 0.213 seconds
[2023-12-24T14:08:40.961+0000] {processor.py:161} INFO - Started process (PID=284) to work on /home/airflow/.local/lib/python3.8/site-packages/airflow/example_dags/example_branch_labels.py
[2023-12-24T14:08:40.963+0000] {processor.py:830} INFO - Processing file /home/airflow/.local/lib/python3.8/site-packages/airflow/example_dags/example_branch_labels.py for tasks to queue
[2023-12-24T14:08:40.968+0000] {logging_mixin.py:188} INFO - [2023-12-24T14:08:40.968+0000] {dagbag.py:538} INFO - Filling up the DagBag from /home/airflow/.local/lib/python3.8/site-packages/airflow/example_dags/example_branch_labels.py
[2023-12-24T14:08:40.988+0000] {processor.py:840} INFO - DAG(s) 'example_branch_labels' retrieved from /home/airflow/.local/lib/python3.8/site-packages/airflow/example_dags/example_branch_labels.py
[2023-12-24T14:08:41.034+0000] {logging_mixin.py:188} INFO - [2023-12-24T14:08:41.033+0000] {dag.py:3033} INFO - Sync 1 DAGs
[2023-12-24T14:08:41.091+0000] {logging_mixin.py:188} INFO - [2023-12-24T14:08:41.090+0000] {dag.py:3820} INFO - Setting next_dagrun for example_branch_labels to 2023-12-23T00:00:00+00:00, run_after=2023-12-24T00:00:00+00:00
[2023-12-24T14:08:41.140+0000] {processor.py:183} INFO - Processing /home/airflow/.local/lib/python3.8/site-packages/airflow/example_dags/example_branch_labels.py took 0.187 seconds
[2023-12-24T14:09:11.758+0000] {processor.py:161} INFO - Started process (PID=344) to work on /home/airflow/.local/lib/python3.8/site-packages/airflow/example_dags/example_branch_labels.py
[2023-12-24T14:09:11.760+0000] {processor.py:830} INFO - Processing file /home/airflow/.local/lib/python3.8/site-packages/airflow/example_dags/example_branch_labels.py for tasks to queue
[2023-12-24T14:09:11.766+0000] {logging_mixin.py:188} INFO - [2023-12-24T14:09:11.765+0000] {dagbag.py:538} INFO - Filling up the DagBag from /home/airflow/.local/lib/python3.8/site-packages/airflow/example_dags/example_branch_labels.py
[2023-12-24T14:09:11.781+0000] {processor.py:840} INFO - DAG(s) 'example_branch_labels' retrieved from /home/airflow/.local/lib/python3.8/site-packages/airflow/example_dags/example_branch_labels.py
[2023-12-24T14:09:11.826+0000] {logging_mixin.py:188} INFO - [2023-12-24T14:09:11.825+0000] {dag.py:3033} INFO - Sync 1 DAGs
[2023-12-24T14:09:11.874+0000] {logging_mixin.py:188} INFO - [2023-12-24T14:09:11.873+0000] {dag.py:3820} INFO - Setting next_dagrun for example_branch_labels to 2023-12-23T00:00:00+00:00, run_after=2023-12-24T00:00:00+00:00
[2023-12-24T14:09:11.904+0000] {processor.py:183} INFO - Processing /home/airflow/.local/lib/python3.8/site-packages/airflow/example_dags/example_branch_labels.py took 0.154 seconds
[2023-12-24T14:09:42.857+0000] {processor.py:161} INFO - Started process (PID=403) to work on /home/airflow/.local/lib/python3.8/site-packages/airflow/example_dags/example_branch_labels.py
[2023-12-24T14:09:42.859+0000] {processor.py:830} INFO - Processing file /home/airflow/.local/lib/python3.8/site-packages/airflow/example_dags/example_branch_labels.py for tasks to queue
[2023-12-24T14:09:42.871+0000] {logging_mixin.py:188} INFO - [2023-12-24T14:09:42.870+0000] {dagbag.py:538} INFO - Filling up the DagBag from /home/airflow/.local/lib/python3.8/site-packages/airflow/example_dags/example_branch_labels.py
[2023-12-24T14:09:42.896+0000] {processor.py:840} INFO - DAG(s) 'example_branch_labels' retrieved from /home/airflow/.local/lib/python3.8/site-packages/airflow/example_dags/example_branch_labels.py
[2023-12-24T14:09:42.957+0000] {logging_mixin.py:188} INFO - [2023-12-24T14:09:42.956+0000] {dag.py:3033} INFO - Sync 1 DAGs
[2023-12-24T14:09:43.019+0000] {logging_mixin.py:188} INFO - [2023-12-24T14:09:43.018+0000] {dag.py:3820} INFO - Setting next_dagrun for example_branch_labels to 2023-12-23T00:00:00+00:00, run_after=2023-12-24T00:00:00+00:00
[2023-12-24T14:09:43.065+0000] {processor.py:183} INFO - Processing /home/airflow/.local/lib/python3.8/site-packages/airflow/example_dags/example_branch_labels.py took 0.216 seconds
[2023-12-24T14:10:13.883+0000] {processor.py:161} INFO - Started process (PID=462) to work on /home/airflow/.local/lib/python3.8/site-packages/airflow/example_dags/example_branch_labels.py
[2023-12-24T14:10:13.885+0000] {processor.py:830} INFO - Processing file /home/airflow/.local/lib/python3.8/site-packages/airflow/example_dags/example_branch_labels.py for tasks to queue
[2023-12-24T14:10:13.900+0000] {logging_mixin.py:188} INFO - [2023-12-24T14:10:13.899+0000] {dagbag.py:538} INFO - Filling up the DagBag from /home/airflow/.local/lib/python3.8/site-packages/airflow/example_dags/example_branch_labels.py
[2023-12-24T14:10:13.929+0000] {processor.py:840} INFO - DAG(s) 'example_branch_labels' retrieved from /home/airflow/.local/lib/python3.8/site-packages/airflow/example_dags/example_branch_labels.py
[2023-12-24T14:10:14.089+0000] {logging_mixin.py:188} INFO - [2023-12-24T14:10:14.089+0000] {dag.py:3033} INFO - Sync 1 DAGs
[2023-12-24T14:10:14.208+0000] {logging_mixin.py:188} INFO - [2023-12-24T14:10:14.207+0000] {dag.py:3820} INFO - Setting next_dagrun for example_branch_labels to 2023-12-23T00:00:00+00:00, run_after=2023-12-24T00:00:00+00:00
[2023-12-24T14:10:14.389+0000] {processor.py:183} INFO - Processing /home/airflow/.local/lib/python3.8/site-packages/airflow/example_dags/example_branch_labels.py took 0.514 seconds
[2023-12-24T14:10:45.218+0000] {processor.py:161} INFO - Started process (PID=520) to work on /home/airflow/.local/lib/python3.8/site-packages/airflow/example_dags/example_branch_labels.py
[2023-12-24T14:10:45.220+0000] {processor.py:830} INFO - Processing file /home/airflow/.local/lib/python3.8/site-packages/airflow/example_dags/example_branch_labels.py for tasks to queue
[2023-12-24T14:10:45.225+0000] {logging_mixin.py:188} INFO - [2023-12-24T14:10:45.224+0000] {dagbag.py:538} INFO - Filling up the DagBag from /home/airflow/.local/lib/python3.8/site-packages/airflow/example_dags/example_branch_labels.py
[2023-12-24T14:10:45.240+0000] {processor.py:840} INFO - DAG(s) 'example_branch_labels' retrieved from /home/airflow/.local/lib/python3.8/site-packages/airflow/example_dags/example_branch_labels.py
[2023-12-24T14:10:45.281+0000] {logging_mixin.py:188} INFO - [2023-12-24T14:10:45.280+0000] {dag.py:3033} INFO - Sync 1 DAGs
[2023-12-24T14:10:45.328+0000] {logging_mixin.py:188} INFO - [2023-12-24T14:10:45.328+0000] {dag.py:3820} INFO - Setting next_dagrun for example_branch_labels to 2023-12-23T00:00:00+00:00, run_after=2023-12-24T00:00:00+00:00
[2023-12-24T14:10:45.360+0000] {processor.py:183} INFO - Processing /home/airflow/.local/lib/python3.8/site-packages/airflow/example_dags/example_branch_labels.py took 0.149 seconds
[2023-12-24T14:11:15.614+0000] {processor.py:161} INFO - Started process (PID=579) to work on /home/airflow/.local/lib/python3.8/site-packages/airflow/example_dags/example_branch_labels.py
[2023-12-24T14:11:15.617+0000] {processor.py:830} INFO - Processing file /home/airflow/.local/lib/python3.8/site-packages/airflow/example_dags/example_branch_labels.py for tasks to queue
[2023-12-24T14:11:15.638+0000] {logging_mixin.py:188} INFO - [2023-12-24T14:11:15.628+0000] {dagbag.py:538} INFO - Filling up the DagBag from /home/airflow/.local/lib/python3.8/site-packages/airflow/example_dags/example_branch_labels.py
[2023-12-24T14:11:15.670+0000] {processor.py:840} INFO - DAG(s) 'example_branch_labels' retrieved from /home/airflow/.local/lib/python3.8/site-packages/airflow/example_dags/example_branch_labels.py
[2023-12-24T14:11:15.753+0000] {logging_mixin.py:188} INFO - [2023-12-24T14:11:15.752+0000] {dag.py:3033} INFO - Sync 1 DAGs
[2023-12-24T14:11:15.900+0000] {logging_mixin.py:188} INFO - [2023-12-24T14:11:15.877+0000] {dag.py:3820} INFO - Setting next_dagrun for example_branch_labels to 2023-12-23T00:00:00+00:00, run_after=2023-12-24T00:00:00+00:00
[2023-12-24T14:11:16.023+0000] {processor.py:183} INFO - Processing /home/airflow/.local/lib/python3.8/site-packages/airflow/example_dags/example_branch_labels.py took 0.421 seconds
[2023-12-24T14:11:46.628+0000] {processor.py:161} INFO - Started process (PID=644) to work on /home/airflow/.local/lib/python3.8/site-packages/airflow/example_dags/example_branch_labels.py
[2023-12-24T14:11:46.630+0000] {processor.py:830} INFO - Processing file /home/airflow/.local/lib/python3.8/site-packages/airflow/example_dags/example_branch_labels.py for tasks to queue
[2023-12-24T14:11:46.638+0000] {logging_mixin.py:188} INFO - [2023-12-24T14:11:46.637+0000] {dagbag.py:538} INFO - Filling up the DagBag from /home/airflow/.local/lib/python3.8/site-packages/airflow/example_dags/example_branch_labels.py
[2023-12-24T14:11:46.658+0000] {processor.py:840} INFO - DAG(s) 'example_branch_labels' retrieved from /home/airflow/.local/lib/python3.8/site-packages/airflow/example_dags/example_branch_labels.py
[2023-12-24T14:11:46.696+0000] {logging_mixin.py:188} INFO - [2023-12-24T14:11:46.695+0000] {dag.py:3033} INFO - Sync 1 DAGs
[2023-12-24T14:11:46.776+0000] {logging_mixin.py:188} INFO - [2023-12-24T14:11:46.776+0000] {dag.py:3820} INFO - Setting next_dagrun for example_branch_labels to 2023-12-23T00:00:00+00:00, run_after=2023-12-24T00:00:00+00:00
[2023-12-24T14:11:46.873+0000] {processor.py:183} INFO - Processing /home/airflow/.local/lib/python3.8/site-packages/airflow/example_dags/example_branch_labels.py took 0.255 seconds
[2023-12-24T14:12:17.992+0000] {processor.py:161} INFO - Started process (PID=703) to work on /home/airflow/.local/lib/python3.8/site-packages/airflow/example_dags/example_branch_labels.py
[2023-12-24T14:12:17.994+0000] {processor.py:830} INFO - Processing file /home/airflow/.local/lib/python3.8/site-packages/airflow/example_dags/example_branch_labels.py for tasks to queue
[2023-12-24T14:12:18.001+0000] {logging_mixin.py:188} INFO - [2023-12-24T14:12:18.000+0000] {dagbag.py:538} INFO - Filling up the DagBag from /home/airflow/.local/lib/python3.8/site-packages/airflow/example_dags/example_branch_labels.py
[2023-12-24T14:12:18.023+0000] {processor.py:840} INFO - DAG(s) 'example_branch_labels' retrieved from /home/airflow/.local/lib/python3.8/site-packages/airflow/example_dags/example_branch_labels.py
[2023-12-24T14:12:18.252+0000] {logging_mixin.py:188} INFO - [2023-12-24T14:12:18.252+0000] {dag.py:3033} INFO - Sync 1 DAGs
[2023-12-24T14:12:18.291+0000] {logging_mixin.py:188} INFO - [2023-12-24T14:12:18.291+0000] {dag.py:3820} INFO - Setting next_dagrun for example_branch_labels to 2023-12-23T00:00:00+00:00, run_after=2023-12-24T00:00:00+00:00
[2023-12-24T14:12:18.325+0000] {processor.py:183} INFO - Processing /home/airflow/.local/lib/python3.8/site-packages/airflow/example_dags/example_branch_labels.py took 0.342 seconds
[2023-12-24T14:12:48.467+0000] {processor.py:161} INFO - Started process (PID=762) to work on /home/airflow/.local/lib/python3.8/site-packages/airflow/example_dags/example_branch_labels.py
[2023-12-24T14:12:48.469+0000] {processor.py:830} INFO - Processing file /home/airflow/.local/lib/python3.8/site-packages/airflow/example_dags/example_branch_labels.py for tasks to queue
[2023-12-24T14:12:48.473+0000] {logging_mixin.py:188} INFO - [2023-12-24T14:12:48.472+0000] {dagbag.py:538} INFO - Filling up the DagBag from /home/airflow/.local/lib/python3.8/site-packages/airflow/example_dags/example_branch_labels.py
[2023-12-24T14:12:48.487+0000] {processor.py:840} INFO - DAG(s) 'example_branch_labels' retrieved from /home/airflow/.local/lib/python3.8/site-packages/airflow/example_dags/example_branch_labels.py
[2023-12-24T14:12:48.521+0000] {logging_mixin.py:188} INFO - [2023-12-24T14:12:48.521+0000] {dag.py:3033} INFO - Sync 1 DAGs
[2023-12-24T14:12:48.571+0000] {logging_mixin.py:188} INFO - [2023-12-24T14:12:48.571+0000] {dag.py:3820} INFO - Setting next_dagrun for example_branch_labels to 2023-12-23T00:00:00+00:00, run_after=2023-12-24T00:00:00+00:00
[2023-12-24T14:12:48.612+0000] {processor.py:183} INFO - Processing /home/airflow/.local/lib/python3.8/site-packages/airflow/example_dags/example_branch_labels.py took 0.151 seconds
[2023-12-24T14:13:19.466+0000] {processor.py:161} INFO - Started process (PID=821) to work on /home/airflow/.local/lib/python3.8/site-packages/airflow/example_dags/example_branch_labels.py
[2023-12-24T14:13:19.468+0000] {processor.py:830} INFO - Processing file /home/airflow/.local/lib/python3.8/site-packages/airflow/example_dags/example_branch_labels.py for tasks to queue
[2023-12-24T14:13:19.474+0000] {logging_mixin.py:188} INFO - [2023-12-24T14:13:19.473+0000] {dagbag.py:538} INFO - Filling up the DagBag from /home/airflow/.local/lib/python3.8/site-packages/airflow/example_dags/example_branch_labels.py
[2023-12-24T14:13:19.495+0000] {processor.py:840} INFO - DAG(s) 'example_branch_labels' retrieved from /home/airflow/.local/lib/python3.8/site-packages/airflow/example_dags/example_branch_labels.py
[2023-12-24T14:13:19.546+0000] {logging_mixin.py:188} INFO - [2023-12-24T14:13:19.545+0000] {dag.py:3033} INFO - Sync 1 DAGs
[2023-12-24T14:13:19.619+0000] {logging_mixin.py:188} INFO - [2023-12-24T14:13:19.618+0000] {dag.py:3820} INFO - Setting next_dagrun for example_branch_labels to 2023-12-23T00:00:00+00:00, run_after=2023-12-24T00:00:00+00:00
[2023-12-24T14:13:19.687+0000] {processor.py:183} INFO - Processing /home/airflow/.local/lib/python3.8/site-packages/airflow/example_dags/example_branch_labels.py took 0.230 seconds
[2023-12-24T14:13:50.518+0000] {processor.py:161} INFO - Started process (PID=879) to work on /home/airflow/.local/lib/python3.8/site-packages/airflow/example_dags/example_branch_labels.py
[2023-12-24T14:13:50.520+0000] {processor.py:830} INFO - Processing file /home/airflow/.local/lib/python3.8/site-packages/airflow/example_dags/example_branch_labels.py for tasks to queue
[2023-12-24T14:13:50.525+0000] {logging_mixin.py:188} INFO - [2023-12-24T14:13:50.524+0000] {dagbag.py:538} INFO - Filling up the DagBag from /home/airflow/.local/lib/python3.8/site-packages/airflow/example_dags/example_branch_labels.py
[2023-12-24T14:13:50.538+0000] {processor.py:840} INFO - DAG(s) 'example_branch_labels' retrieved from /home/airflow/.local/lib/python3.8/site-packages/airflow/example_dags/example_branch_labels.py
[2023-12-24T14:13:50.575+0000] {logging_mixin.py:188} INFO - [2023-12-24T14:13:50.575+0000] {dag.py:3033} INFO - Sync 1 DAGs
[2023-12-24T14:13:50.632+0000] {logging_mixin.py:188} INFO - [2023-12-24T14:13:50.632+0000] {dag.py:3820} INFO - Setting next_dagrun for example_branch_labels to 2023-12-23T00:00:00+00:00, run_after=2023-12-24T00:00:00+00:00
[2023-12-24T14:13:50.676+0000] {processor.py:183} INFO - Processing /home/airflow/.local/lib/python3.8/site-packages/airflow/example_dags/example_branch_labels.py took 0.165 seconds
[2023-12-24T14:14:21.266+0000] {processor.py:161} INFO - Started process (PID=937) to work on /home/airflow/.local/lib/python3.8/site-packages/airflow/example_dags/example_branch_labels.py
[2023-12-24T14:14:21.268+0000] {processor.py:830} INFO - Processing file /home/airflow/.local/lib/python3.8/site-packages/airflow/example_dags/example_branch_labels.py for tasks to queue
[2023-12-24T14:14:21.274+0000] {logging_mixin.py:188} INFO - [2023-12-24T14:14:21.273+0000] {dagbag.py:538} INFO - Filling up the DagBag from /home/airflow/.local/lib/python3.8/site-packages/airflow/example_dags/example_branch_labels.py
[2023-12-24T14:14:21.294+0000] {processor.py:840} INFO - DAG(s) 'example_branch_labels' retrieved from /home/airflow/.local/lib/python3.8/site-packages/airflow/example_dags/example_branch_labels.py
[2023-12-24T14:14:21.337+0000] {logging_mixin.py:188} INFO - [2023-12-24T14:14:21.336+0000] {dag.py:3033} INFO - Sync 1 DAGs
[2023-12-24T14:14:21.386+0000] {logging_mixin.py:188} INFO - [2023-12-24T14:14:21.386+0000] {dag.py:3820} INFO - Setting next_dagrun for example_branch_labels to 2023-12-23T00:00:00+00:00, run_after=2023-12-24T00:00:00+00:00
[2023-12-24T14:14:21.428+0000] {processor.py:183} INFO - Processing /home/airflow/.local/lib/python3.8/site-packages/airflow/example_dags/example_branch_labels.py took 0.169 seconds
[2023-12-24T14:14:51.580+0000] {processor.py:161} INFO - Started process (PID=996) to work on /home/airflow/.local/lib/python3.8/site-packages/airflow/example_dags/example_branch_labels.py
[2023-12-24T14:14:51.583+0000] {processor.py:830} INFO - Processing file /home/airflow/.local/lib/python3.8/site-packages/airflow/example_dags/example_branch_labels.py for tasks to queue
[2023-12-24T14:14:51.589+0000] {logging_mixin.py:188} INFO - [2023-12-24T14:14:51.588+0000] {dagbag.py:538} INFO - Filling up the DagBag from /home/airflow/.local/lib/python3.8/site-packages/airflow/example_dags/example_branch_labels.py
[2023-12-24T14:14:51.625+0000] {processor.py:840} INFO - DAG(s) 'example_branch_labels' retrieved from /home/airflow/.local/lib/python3.8/site-packages/airflow/example_dags/example_branch_labels.py
[2023-12-24T14:14:51.667+0000] {logging_mixin.py:188} INFO - [2023-12-24T14:14:51.667+0000] {dag.py:3033} INFO - Sync 1 DAGs
[2023-12-24T14:14:51.730+0000] {logging_mixin.py:188} INFO - [2023-12-24T14:14:51.730+0000] {dag.py:3820} INFO - Setting next_dagrun for example_branch_labels to 2023-12-23T00:00:00+00:00, run_after=2023-12-24T00:00:00+00:00
[2023-12-24T14:14:51.794+0000] {processor.py:183} INFO - Processing /home/airflow/.local/lib/python3.8/site-packages/airflow/example_dags/example_branch_labels.py took 0.221 seconds
[2023-12-24T14:15:21.922+0000] {processor.py:161} INFO - Started process (PID=1055) to work on /home/airflow/.local/lib/python3.8/site-packages/airflow/example_dags/example_branch_labels.py
[2023-12-24T14:15:21.924+0000] {processor.py:830} INFO - Processing file /home/airflow/.local/lib/python3.8/site-packages/airflow/example_dags/example_branch_labels.py for tasks to queue
[2023-12-24T14:15:21.930+0000] {logging_mixin.py:188} INFO - [2023-12-24T14:15:21.929+0000] {dagbag.py:538} INFO - Filling up the DagBag from /home/airflow/.local/lib/python3.8/site-packages/airflow/example_dags/example_branch_labels.py
[2023-12-24T14:15:21.949+0000] {processor.py:840} INFO - DAG(s) 'example_branch_labels' retrieved from /home/airflow/.local/lib/python3.8/site-packages/airflow/example_dags/example_branch_labels.py
[2023-12-24T14:15:21.989+0000] {logging_mixin.py:188} INFO - [2023-12-24T14:15:21.989+0000] {dag.py:3033} INFO - Sync 1 DAGs
[2023-12-24T14:15:22.032+0000] {logging_mixin.py:188} INFO - [2023-12-24T14:15:22.032+0000] {dag.py:3820} INFO - Setting next_dagrun for example_branch_labels to 2023-12-23T00:00:00+00:00, run_after=2023-12-24T00:00:00+00:00
[2023-12-24T14:15:22.067+0000] {processor.py:183} INFO - Processing /home/airflow/.local/lib/python3.8/site-packages/airflow/example_dags/example_branch_labels.py took 0.152 seconds
[2023-12-24T14:15:52.473+0000] {processor.py:161} INFO - Started process (PID=1114) to work on /home/airflow/.local/lib/python3.8/site-packages/airflow/example_dags/example_branch_labels.py
[2023-12-24T14:15:52.475+0000] {processor.py:830} INFO - Processing file /home/airflow/.local/lib/python3.8/site-packages/airflow/example_dags/example_branch_labels.py for tasks to queue
[2023-12-24T14:15:52.480+0000] {logging_mixin.py:188} INFO - [2023-12-24T14:15:52.479+0000] {dagbag.py:538} INFO - Filling up the DagBag from /home/airflow/.local/lib/python3.8/site-packages/airflow/example_dags/example_branch_labels.py
[2023-12-24T14:15:52.497+0000] {processor.py:840} INFO - DAG(s) 'example_branch_labels' retrieved from /home/airflow/.local/lib/python3.8/site-packages/airflow/example_dags/example_branch_labels.py
[2023-12-24T14:15:52.538+0000] {logging_mixin.py:188} INFO - [2023-12-24T14:15:52.538+0000] {dag.py:3033} INFO - Sync 1 DAGs
[2023-12-24T14:15:52.595+0000] {logging_mixin.py:188} INFO - [2023-12-24T14:15:52.595+0000] {dag.py:3820} INFO - Setting next_dagrun for example_branch_labels to 2023-12-23T00:00:00+00:00, run_after=2023-12-24T00:00:00+00:00
[2023-12-24T14:15:52.630+0000] {processor.py:183} INFO - Processing /home/airflow/.local/lib/python3.8/site-packages/airflow/example_dags/example_branch_labels.py took 0.163 seconds
[2023-12-24T14:16:22.788+0000] {processor.py:161} INFO - Started process (PID=1173) to work on /home/airflow/.local/lib/python3.8/site-packages/airflow/example_dags/example_branch_labels.py
[2023-12-24T14:16:22.790+0000] {processor.py:830} INFO - Processing file /home/airflow/.local/lib/python3.8/site-packages/airflow/example_dags/example_branch_labels.py for tasks to queue
[2023-12-24T14:16:22.794+0000] {logging_mixin.py:188} INFO - [2023-12-24T14:16:22.793+0000] {dagbag.py:538} INFO - Filling up the DagBag from /home/airflow/.local/lib/python3.8/site-packages/airflow/example_dags/example_branch_labels.py
[2023-12-24T14:16:22.807+0000] {processor.py:840} INFO - DAG(s) 'example_branch_labels' retrieved from /home/airflow/.local/lib/python3.8/site-packages/airflow/example_dags/example_branch_labels.py
[2023-12-24T14:16:22.840+0000] {logging_mixin.py:188} INFO - [2023-12-24T14:16:22.840+0000] {dag.py:3033} INFO - Sync 1 DAGs
[2023-12-24T14:16:22.877+0000] {logging_mixin.py:188} INFO - [2023-12-24T14:16:22.876+0000] {dag.py:3820} INFO - Setting next_dagrun for example_branch_labels to 2023-12-23T00:00:00+00:00, run_after=2023-12-24T00:00:00+00:00
[2023-12-24T14:16:22.907+0000] {processor.py:183} INFO - Processing /home/airflow/.local/lib/python3.8/site-packages/airflow/example_dags/example_branch_labels.py took 0.127 seconds
[2023-12-24T14:18:39.951+0000] {processor.py:161} INFO - Started process (PID=55) to work on /home/airflow/.local/lib/python3.8/site-packages/airflow/example_dags/example_branch_labels.py
[2023-12-24T14:18:39.954+0000] {processor.py:830} INFO - Processing file /home/airflow/.local/lib/python3.8/site-packages/airflow/example_dags/example_branch_labels.py for tasks to queue
[2023-12-24T14:18:39.962+0000] {logging_mixin.py:188} INFO - [2023-12-24T14:18:39.962+0000] {dagbag.py:538} INFO - Filling up the DagBag from /home/airflow/.local/lib/python3.8/site-packages/airflow/example_dags/example_branch_labels.py
[2023-12-24T14:18:39.987+0000] {processor.py:840} INFO - DAG(s) 'example_branch_labels' retrieved from /home/airflow/.local/lib/python3.8/site-packages/airflow/example_dags/example_branch_labels.py
[2023-12-24T14:18:40.040+0000] {logging_mixin.py:188} INFO - [2023-12-24T14:18:40.040+0000] {dag.py:3033} INFO - Sync 1 DAGs
[2023-12-24T14:18:40.183+0000] {logging_mixin.py:188} INFO - [2023-12-24T14:18:40.182+0000] {dag.py:3820} INFO - Setting next_dagrun for example_branch_labels to 2023-12-23T00:00:00+00:00, run_after=2023-12-24T00:00:00+00:00
[2023-12-24T14:18:40.259+0000] {processor.py:183} INFO - Processing /home/airflow/.local/lib/python3.8/site-packages/airflow/example_dags/example_branch_labels.py took 0.317 seconds
[2023-12-24T14:19:11.595+0000] {processor.py:161} INFO - Started process (PID=115) to work on /home/airflow/.local/lib/python3.8/site-packages/airflow/example_dags/example_branch_labels.py
[2023-12-24T14:19:11.607+0000] {processor.py:830} INFO - Processing file /home/airflow/.local/lib/python3.8/site-packages/airflow/example_dags/example_branch_labels.py for tasks to queue
[2023-12-24T14:19:11.619+0000] {logging_mixin.py:188} INFO - [2023-12-24T14:19:11.618+0000] {dagbag.py:538} INFO - Filling up the DagBag from /home/airflow/.local/lib/python3.8/site-packages/airflow/example_dags/example_branch_labels.py
[2023-12-24T14:19:11.652+0000] {processor.py:840} INFO - DAG(s) 'example_branch_labels' retrieved from /home/airflow/.local/lib/python3.8/site-packages/airflow/example_dags/example_branch_labels.py
[2023-12-24T14:19:11.730+0000] {logging_mixin.py:188} INFO - [2023-12-24T14:19:11.730+0000] {dag.py:3033} INFO - Sync 1 DAGs
[2023-12-24T14:19:11.888+0000] {logging_mixin.py:188} INFO - [2023-12-24T14:19:11.884+0000] {dag.py:3820} INFO - Setting next_dagrun for example_branch_labels to 2023-12-23T00:00:00+00:00, run_after=2023-12-24T00:00:00+00:00
[2023-12-24T14:19:12.029+0000] {processor.py:183} INFO - Processing /home/airflow/.local/lib/python3.8/site-packages/airflow/example_dags/example_branch_labels.py took 0.445 seconds
[2023-12-24T14:19:42.353+0000] {processor.py:161} INFO - Started process (PID=174) to work on /home/airflow/.local/lib/python3.8/site-packages/airflow/example_dags/example_branch_labels.py
[2023-12-24T14:19:42.355+0000] {processor.py:830} INFO - Processing file /home/airflow/.local/lib/python3.8/site-packages/airflow/example_dags/example_branch_labels.py for tasks to queue
[2023-12-24T14:19:42.360+0000] {logging_mixin.py:188} INFO - [2023-12-24T14:19:42.360+0000] {dagbag.py:538} INFO - Filling up the DagBag from /home/airflow/.local/lib/python3.8/site-packages/airflow/example_dags/example_branch_labels.py
[2023-12-24T14:19:42.377+0000] {processor.py:840} INFO - DAG(s) 'example_branch_labels' retrieved from /home/airflow/.local/lib/python3.8/site-packages/airflow/example_dags/example_branch_labels.py
[2023-12-24T14:19:42.563+0000] {logging_mixin.py:188} INFO - [2023-12-24T14:19:42.563+0000] {dag.py:3033} INFO - Sync 1 DAGs
[2023-12-24T14:19:42.603+0000] {logging_mixin.py:188} INFO - [2023-12-24T14:19:42.603+0000] {dag.py:3820} INFO - Setting next_dagrun for example_branch_labels to 2023-12-23T00:00:00+00:00, run_after=2023-12-24T00:00:00+00:00
[2023-12-24T14:19:42.636+0000] {processor.py:183} INFO - Processing /home/airflow/.local/lib/python3.8/site-packages/airflow/example_dags/example_branch_labels.py took 0.289 seconds
[2023-12-24T14:20:13.762+0000] {processor.py:161} INFO - Started process (PID=233) to work on /home/airflow/.local/lib/python3.8/site-packages/airflow/example_dags/example_branch_labels.py
[2023-12-24T14:20:13.766+0000] {processor.py:830} INFO - Processing file /home/airflow/.local/lib/python3.8/site-packages/airflow/example_dags/example_branch_labels.py for tasks to queue
[2023-12-24T14:20:13.777+0000] {logging_mixin.py:188} INFO - [2023-12-24T14:20:13.776+0000] {dagbag.py:538} INFO - Filling up the DagBag from /home/airflow/.local/lib/python3.8/site-packages/airflow/example_dags/example_branch_labels.py
[2023-12-24T14:20:13.809+0000] {processor.py:840} INFO - DAG(s) 'example_branch_labels' retrieved from /home/airflow/.local/lib/python3.8/site-packages/airflow/example_dags/example_branch_labels.py
[2023-12-24T14:20:13.872+0000] {logging_mixin.py:188} INFO - [2023-12-24T14:20:13.871+0000] {dag.py:3033} INFO - Sync 1 DAGs
[2023-12-24T14:20:14.012+0000] {logging_mixin.py:188} INFO - [2023-12-24T14:20:14.011+0000] {dag.py:3820} INFO - Setting next_dagrun for example_branch_labels to 2023-12-23T00:00:00+00:00, run_after=2023-12-24T00:00:00+00:00
[2023-12-24T14:20:14.107+0000] {processor.py:183} INFO - Processing /home/airflow/.local/lib/python3.8/site-packages/airflow/example_dags/example_branch_labels.py took 0.370 seconds
[2023-12-24T14:20:44.258+0000] {processor.py:161} INFO - Started process (PID=291) to work on /home/airflow/.local/lib/python3.8/site-packages/airflow/example_dags/example_branch_labels.py
[2023-12-24T14:20:44.260+0000] {processor.py:830} INFO - Processing file /home/airflow/.local/lib/python3.8/site-packages/airflow/example_dags/example_branch_labels.py for tasks to queue
[2023-12-24T14:20:44.266+0000] {logging_mixin.py:188} INFO - [2023-12-24T14:20:44.266+0000] {dagbag.py:538} INFO - Filling up the DagBag from /home/airflow/.local/lib/python3.8/site-packages/airflow/example_dags/example_branch_labels.py
[2023-12-24T14:20:44.284+0000] {processor.py:840} INFO - DAG(s) 'example_branch_labels' retrieved from /home/airflow/.local/lib/python3.8/site-packages/airflow/example_dags/example_branch_labels.py
[2023-12-24T14:20:44.320+0000] {logging_mixin.py:188} INFO - [2023-12-24T14:20:44.319+0000] {dag.py:3033} INFO - Sync 1 DAGs
[2023-12-24T14:20:44.360+0000] {logging_mixin.py:188} INFO - [2023-12-24T14:20:44.359+0000] {dag.py:3820} INFO - Setting next_dagrun for example_branch_labels to 2023-12-23T00:00:00+00:00, run_after=2023-12-24T00:00:00+00:00
[2023-12-24T14:20:44.400+0000] {processor.py:183} INFO - Processing /home/airflow/.local/lib/python3.8/site-packages/airflow/example_dags/example_branch_labels.py took 0.148 seconds
[2023-12-24T14:21:14.999+0000] {processor.py:161} INFO - Started process (PID=349) to work on /home/airflow/.local/lib/python3.8/site-packages/airflow/example_dags/example_branch_labels.py
[2023-12-24T14:21:15.001+0000] {processor.py:830} INFO - Processing file /home/airflow/.local/lib/python3.8/site-packages/airflow/example_dags/example_branch_labels.py for tasks to queue
[2023-12-24T14:21:15.008+0000] {logging_mixin.py:188} INFO - [2023-12-24T14:21:15.007+0000] {dagbag.py:538} INFO - Filling up the DagBag from /home/airflow/.local/lib/python3.8/site-packages/airflow/example_dags/example_branch_labels.py
[2023-12-24T14:21:15.028+0000] {processor.py:840} INFO - DAG(s) 'example_branch_labels' retrieved from /home/airflow/.local/lib/python3.8/site-packages/airflow/example_dags/example_branch_labels.py
[2023-12-24T14:21:15.075+0000] {logging_mixin.py:188} INFO - [2023-12-24T14:21:15.074+0000] {dag.py:3033} INFO - Sync 1 DAGs
[2023-12-24T14:21:15.143+0000] {logging_mixin.py:188} INFO - [2023-12-24T14:21:15.142+0000] {dag.py:3820} INFO - Setting next_dagrun for example_branch_labels to 2023-12-23T00:00:00+00:00, run_after=2023-12-24T00:00:00+00:00
[2023-12-24T14:21:15.185+0000] {processor.py:183} INFO - Processing /home/airflow/.local/lib/python3.8/site-packages/airflow/example_dags/example_branch_labels.py took 0.194 seconds
[2023-12-24T14:21:45.679+0000] {processor.py:161} INFO - Started process (PID=408) to work on /home/airflow/.local/lib/python3.8/site-packages/airflow/example_dags/example_branch_labels.py
[2023-12-24T14:21:45.682+0000] {processor.py:830} INFO - Processing file /home/airflow/.local/lib/python3.8/site-packages/airflow/example_dags/example_branch_labels.py for tasks to queue
[2023-12-24T14:21:45.689+0000] {logging_mixin.py:188} INFO - [2023-12-24T14:21:45.688+0000] {dagbag.py:538} INFO - Filling up the DagBag from /home/airflow/.local/lib/python3.8/site-packages/airflow/example_dags/example_branch_labels.py
[2023-12-24T14:21:45.709+0000] {processor.py:840} INFO - DAG(s) 'example_branch_labels' retrieved from /home/airflow/.local/lib/python3.8/site-packages/airflow/example_dags/example_branch_labels.py
[2023-12-24T14:21:45.752+0000] {logging_mixin.py:188} INFO - [2023-12-24T14:21:45.751+0000] {dag.py:3033} INFO - Sync 1 DAGs
[2023-12-24T14:21:45.803+0000] {logging_mixin.py:188} INFO - [2023-12-24T14:21:45.801+0000] {dag.py:3820} INFO - Setting next_dagrun for example_branch_labels to 2023-12-23T00:00:00+00:00, run_after=2023-12-24T00:00:00+00:00
[2023-12-24T14:21:45.849+0000] {processor.py:183} INFO - Processing /home/airflow/.local/lib/python3.8/site-packages/airflow/example_dags/example_branch_labels.py took 0.178 seconds
[2023-12-24T14:22:16.755+0000] {processor.py:161} INFO - Started process (PID=466) to work on /home/airflow/.local/lib/python3.8/site-packages/airflow/example_dags/example_branch_labels.py
[2023-12-24T14:22:16.757+0000] {processor.py:830} INFO - Processing file /home/airflow/.local/lib/python3.8/site-packages/airflow/example_dags/example_branch_labels.py for tasks to queue
[2023-12-24T14:22:16.762+0000] {logging_mixin.py:188} INFO - [2023-12-24T14:22:16.761+0000] {dagbag.py:538} INFO - Filling up the DagBag from /home/airflow/.local/lib/python3.8/site-packages/airflow/example_dags/example_branch_labels.py
[2023-12-24T14:22:16.775+0000] {processor.py:840} INFO - DAG(s) 'example_branch_labels' retrieved from /home/airflow/.local/lib/python3.8/site-packages/airflow/example_dags/example_branch_labels.py
[2023-12-24T14:22:16.818+0000] {logging_mixin.py:188} INFO - [2023-12-24T14:22:16.818+0000] {dag.py:3033} INFO - Sync 1 DAGs
[2023-12-24T14:22:16.855+0000] {logging_mixin.py:188} INFO - [2023-12-24T14:22:16.855+0000] {dag.py:3820} INFO - Setting next_dagrun for example_branch_labels to 2023-12-23T00:00:00+00:00, run_after=2023-12-24T00:00:00+00:00
[2023-12-24T14:22:16.886+0000] {processor.py:183} INFO - Processing /home/airflow/.local/lib/python3.8/site-packages/airflow/example_dags/example_branch_labels.py took 0.139 seconds
[2023-12-24T14:22:46.967+0000] {processor.py:161} INFO - Started process (PID=523) to work on /home/airflow/.local/lib/python3.8/site-packages/airflow/example_dags/example_branch_labels.py
[2023-12-24T14:22:46.969+0000] {processor.py:830} INFO - Processing file /home/airflow/.local/lib/python3.8/site-packages/airflow/example_dags/example_branch_labels.py for tasks to queue
[2023-12-24T14:22:46.975+0000] {logging_mixin.py:188} INFO - [2023-12-24T14:22:46.974+0000] {dagbag.py:538} INFO - Filling up the DagBag from /home/airflow/.local/lib/python3.8/site-packages/airflow/example_dags/example_branch_labels.py
[2023-12-24T14:22:46.988+0000] {processor.py:840} INFO - DAG(s) 'example_branch_labels' retrieved from /home/airflow/.local/lib/python3.8/site-packages/airflow/example_dags/example_branch_labels.py
[2023-12-24T14:22:47.022+0000] {logging_mixin.py:188} INFO - [2023-12-24T14:22:47.022+0000] {dag.py:3033} INFO - Sync 1 DAGs
[2023-12-24T14:22:47.071+0000] {logging_mixin.py:188} INFO - [2023-12-24T14:22:47.071+0000] {dag.py:3820} INFO - Setting next_dagrun for example_branch_labels to 2023-12-23T00:00:00+00:00, run_after=2023-12-24T00:00:00+00:00
[2023-12-24T14:22:47.103+0000] {processor.py:183} INFO - Processing /home/airflow/.local/lib/python3.8/site-packages/airflow/example_dags/example_branch_labels.py took 0.143 seconds
[2023-12-24T14:23:17.251+0000] {processor.py:161} INFO - Started process (PID=581) to work on /home/airflow/.local/lib/python3.8/site-packages/airflow/example_dags/example_branch_labels.py
[2023-12-24T14:23:17.253+0000] {processor.py:830} INFO - Processing file /home/airflow/.local/lib/python3.8/site-packages/airflow/example_dags/example_branch_labels.py for tasks to queue
[2023-12-24T14:23:17.258+0000] {logging_mixin.py:188} INFO - [2023-12-24T14:23:17.258+0000] {dagbag.py:538} INFO - Filling up the DagBag from /home/airflow/.local/lib/python3.8/site-packages/airflow/example_dags/example_branch_labels.py
[2023-12-24T14:23:17.274+0000] {processor.py:840} INFO - DAG(s) 'example_branch_labels' retrieved from /home/airflow/.local/lib/python3.8/site-packages/airflow/example_dags/example_branch_labels.py
[2023-12-24T14:23:17.315+0000] {logging_mixin.py:188} INFO - [2023-12-24T14:23:17.314+0000] {dag.py:3033} INFO - Sync 1 DAGs
[2023-12-24T14:23:17.370+0000] {logging_mixin.py:188} INFO - [2023-12-24T14:23:17.370+0000] {dag.py:3820} INFO - Setting next_dagrun for example_branch_labels to 2023-12-23T00:00:00+00:00, run_after=2023-12-24T00:00:00+00:00
[2023-12-24T14:23:17.402+0000] {processor.py:183} INFO - Processing /home/airflow/.local/lib/python3.8/site-packages/airflow/example_dags/example_branch_labels.py took 0.159 seconds
[2023-12-24T14:23:47.594+0000] {processor.py:161} INFO - Started process (PID=639) to work on /home/airflow/.local/lib/python3.8/site-packages/airflow/example_dags/example_branch_labels.py
[2023-12-24T14:23:47.596+0000] {processor.py:830} INFO - Processing file /home/airflow/.local/lib/python3.8/site-packages/airflow/example_dags/example_branch_labels.py for tasks to queue
[2023-12-24T14:23:47.602+0000] {logging_mixin.py:188} INFO - [2023-12-24T14:23:47.602+0000] {dagbag.py:538} INFO - Filling up the DagBag from /home/airflow/.local/lib/python3.8/site-packages/airflow/example_dags/example_branch_labels.py
[2023-12-24T14:23:47.621+0000] {processor.py:840} INFO - DAG(s) 'example_branch_labels' retrieved from /home/airflow/.local/lib/python3.8/site-packages/airflow/example_dags/example_branch_labels.py
[2023-12-24T14:23:47.669+0000] {logging_mixin.py:188} INFO - [2023-12-24T14:23:47.669+0000] {dag.py:3033} INFO - Sync 1 DAGs
[2023-12-24T14:23:47.727+0000] {logging_mixin.py:188} INFO - [2023-12-24T14:23:47.726+0000] {dag.py:3820} INFO - Setting next_dagrun for example_branch_labels to 2023-12-23T00:00:00+00:00, run_after=2023-12-24T00:00:00+00:00
[2023-12-24T14:23:47.776+0000] {processor.py:183} INFO - Processing /home/airflow/.local/lib/python3.8/site-packages/airflow/example_dags/example_branch_labels.py took 0.191 seconds
[2023-12-24T14:24:18.333+0000] {processor.py:161} INFO - Started process (PID=698) to work on /home/airflow/.local/lib/python3.8/site-packages/airflow/example_dags/example_branch_labels.py
[2023-12-24T14:24:18.340+0000] {processor.py:830} INFO - Processing file /home/airflow/.local/lib/python3.8/site-packages/airflow/example_dags/example_branch_labels.py for tasks to queue
[2023-12-24T14:24:18.361+0000] {logging_mixin.py:188} INFO - [2023-12-24T14:24:18.359+0000] {dagbag.py:538} INFO - Filling up the DagBag from /home/airflow/.local/lib/python3.8/site-packages/airflow/example_dags/example_branch_labels.py
[2023-12-24T14:24:18.384+0000] {processor.py:840} INFO - DAG(s) 'example_branch_labels' retrieved from /home/airflow/.local/lib/python3.8/site-packages/airflow/example_dags/example_branch_labels.py
[2023-12-24T14:24:18.458+0000] {logging_mixin.py:188} INFO - [2023-12-24T14:24:18.458+0000] {dag.py:3033} INFO - Sync 1 DAGs
[2023-12-24T14:24:18.531+0000] {logging_mixin.py:188} INFO - [2023-12-24T14:24:18.531+0000] {dag.py:3820} INFO - Setting next_dagrun for example_branch_labels to 2023-12-23T00:00:00+00:00, run_after=2023-12-24T00:00:00+00:00
[2023-12-24T14:24:18.607+0000] {processor.py:183} INFO - Processing /home/airflow/.local/lib/python3.8/site-packages/airflow/example_dags/example_branch_labels.py took 0.291 seconds
[2023-12-24T14:24:48.897+0000] {processor.py:161} INFO - Started process (PID=756) to work on /home/airflow/.local/lib/python3.8/site-packages/airflow/example_dags/example_branch_labels.py
[2023-12-24T14:24:48.900+0000] {processor.py:830} INFO - Processing file /home/airflow/.local/lib/python3.8/site-packages/airflow/example_dags/example_branch_labels.py for tasks to queue
[2023-12-24T14:24:48.908+0000] {logging_mixin.py:188} INFO - [2023-12-24T14:24:48.907+0000] {dagbag.py:538} INFO - Filling up the DagBag from /home/airflow/.local/lib/python3.8/site-packages/airflow/example_dags/example_branch_labels.py
[2023-12-24T14:24:48.933+0000] {processor.py:840} INFO - DAG(s) 'example_branch_labels' retrieved from /home/airflow/.local/lib/python3.8/site-packages/airflow/example_dags/example_branch_labels.py
[2023-12-24T14:24:48.983+0000] {logging_mixin.py:188} INFO - [2023-12-24T14:24:48.983+0000] {dag.py:3033} INFO - Sync 1 DAGs
[2023-12-24T14:24:49.037+0000] {logging_mixin.py:188} INFO - [2023-12-24T14:24:49.037+0000] {dag.py:3820} INFO - Setting next_dagrun for example_branch_labels to 2023-12-23T00:00:00+00:00, run_after=2023-12-24T00:00:00+00:00
[2023-12-24T14:24:49.077+0000] {processor.py:183} INFO - Processing /home/airflow/.local/lib/python3.8/site-packages/airflow/example_dags/example_branch_labels.py took 0.188 seconds
[2023-12-24T14:25:19.269+0000] {processor.py:161} INFO - Started process (PID=814) to work on /home/airflow/.local/lib/python3.8/site-packages/airflow/example_dags/example_branch_labels.py
[2023-12-24T14:25:19.271+0000] {processor.py:830} INFO - Processing file /home/airflow/.local/lib/python3.8/site-packages/airflow/example_dags/example_branch_labels.py for tasks to queue
[2023-12-24T14:25:19.277+0000] {logging_mixin.py:188} INFO - [2023-12-24T14:25:19.276+0000] {dagbag.py:538} INFO - Filling up the DagBag from /home/airflow/.local/lib/python3.8/site-packages/airflow/example_dags/example_branch_labels.py
[2023-12-24T14:25:19.291+0000] {processor.py:840} INFO - DAG(s) 'example_branch_labels' retrieved from /home/airflow/.local/lib/python3.8/site-packages/airflow/example_dags/example_branch_labels.py
[2023-12-24T14:25:19.329+0000] {logging_mixin.py:188} INFO - [2023-12-24T14:25:19.328+0000] {dag.py:3033} INFO - Sync 1 DAGs
[2023-12-24T14:25:19.369+0000] {logging_mixin.py:188} INFO - [2023-12-24T14:25:19.369+0000] {dag.py:3820} INFO - Setting next_dagrun for example_branch_labels to 2023-12-23T00:00:00+00:00, run_after=2023-12-24T00:00:00+00:00
[2023-12-24T14:25:19.402+0000] {processor.py:183} INFO - Processing /home/airflow/.local/lib/python3.8/site-packages/airflow/example_dags/example_branch_labels.py took 0.139 seconds
[2023-12-24T14:25:49.596+0000] {processor.py:161} INFO - Started process (PID=872) to work on /home/airflow/.local/lib/python3.8/site-packages/airflow/example_dags/example_branch_labels.py
[2023-12-24T14:25:49.598+0000] {processor.py:830} INFO - Processing file /home/airflow/.local/lib/python3.8/site-packages/airflow/example_dags/example_branch_labels.py for tasks to queue
[2023-12-24T14:25:49.604+0000] {logging_mixin.py:188} INFO - [2023-12-24T14:25:49.603+0000] {dagbag.py:538} INFO - Filling up the DagBag from /home/airflow/.local/lib/python3.8/site-packages/airflow/example_dags/example_branch_labels.py
[2023-12-24T14:25:49.620+0000] {processor.py:840} INFO - DAG(s) 'example_branch_labels' retrieved from /home/airflow/.local/lib/python3.8/site-packages/airflow/example_dags/example_branch_labels.py
[2023-12-24T14:25:49.668+0000] {logging_mixin.py:188} INFO - [2023-12-24T14:25:49.667+0000] {dag.py:3033} INFO - Sync 1 DAGs
[2023-12-24T14:25:49.728+0000] {logging_mixin.py:188} INFO - [2023-12-24T14:25:49.727+0000] {dag.py:3820} INFO - Setting next_dagrun for example_branch_labels to 2023-12-23T00:00:00+00:00, run_after=2023-12-24T00:00:00+00:00
[2023-12-24T14:25:49.776+0000] {processor.py:183} INFO - Processing /home/airflow/.local/lib/python3.8/site-packages/airflow/example_dags/example_branch_labels.py took 0.186 seconds
[2023-12-24T14:26:19.841+0000] {processor.py:161} INFO - Started process (PID=930) to work on /home/airflow/.local/lib/python3.8/site-packages/airflow/example_dags/example_branch_labels.py
[2023-12-24T14:26:19.842+0000] {processor.py:830} INFO - Processing file /home/airflow/.local/lib/python3.8/site-packages/airflow/example_dags/example_branch_labels.py for tasks to queue
[2023-12-24T14:26:19.847+0000] {logging_mixin.py:188} INFO - [2023-12-24T14:26:19.847+0000] {dagbag.py:538} INFO - Filling up the DagBag from /home/airflow/.local/lib/python3.8/site-packages/airflow/example_dags/example_branch_labels.py
[2023-12-24T14:26:19.861+0000] {processor.py:840} INFO - DAG(s) 'example_branch_labels' retrieved from /home/airflow/.local/lib/python3.8/site-packages/airflow/example_dags/example_branch_labels.py
[2023-12-24T14:26:19.902+0000] {logging_mixin.py:188} INFO - [2023-12-24T14:26:19.902+0000] {dag.py:3033} INFO - Sync 1 DAGs
[2023-12-24T14:26:19.955+0000] {logging_mixin.py:188} INFO - [2023-12-24T14:26:19.954+0000] {dag.py:3820} INFO - Setting next_dagrun for example_branch_labels to 2023-12-23T00:00:00+00:00, run_after=2023-12-24T00:00:00+00:00
[2023-12-24T14:26:19.996+0000] {processor.py:183} INFO - Processing /home/airflow/.local/lib/python3.8/site-packages/airflow/example_dags/example_branch_labels.py took 0.162 seconds
[2023-12-24T14:26:50.292+0000] {processor.py:161} INFO - Started process (PID=988) to work on /home/airflow/.local/lib/python3.8/site-packages/airflow/example_dags/example_branch_labels.py
[2023-12-24T14:26:50.294+0000] {processor.py:830} INFO - Processing file /home/airflow/.local/lib/python3.8/site-packages/airflow/example_dags/example_branch_labels.py for tasks to queue
[2023-12-24T14:26:50.301+0000] {logging_mixin.py:188} INFO - [2023-12-24T14:26:50.300+0000] {dagbag.py:538} INFO - Filling up the DagBag from /home/airflow/.local/lib/python3.8/site-packages/airflow/example_dags/example_branch_labels.py
[2023-12-24T14:26:50.319+0000] {processor.py:840} INFO - DAG(s) 'example_branch_labels' retrieved from /home/airflow/.local/lib/python3.8/site-packages/airflow/example_dags/example_branch_labels.py
[2023-12-24T14:26:50.372+0000] {logging_mixin.py:188} INFO - [2023-12-24T14:26:50.372+0000] {dag.py:3033} INFO - Sync 1 DAGs
[2023-12-24T14:26:50.434+0000] {logging_mixin.py:188} INFO - [2023-12-24T14:26:50.433+0000] {dag.py:3820} INFO - Setting next_dagrun for example_branch_labels to 2023-12-23T00:00:00+00:00, run_after=2023-12-24T00:00:00+00:00
[2023-12-24T14:26:50.481+0000] {processor.py:183} INFO - Processing /home/airflow/.local/lib/python3.8/site-packages/airflow/example_dags/example_branch_labels.py took 0.197 seconds
[2023-12-24T14:27:20.576+0000] {processor.py:161} INFO - Started process (PID=1046) to work on /home/airflow/.local/lib/python3.8/site-packages/airflow/example_dags/example_branch_labels.py
[2023-12-24T14:27:20.578+0000] {processor.py:830} INFO - Processing file /home/airflow/.local/lib/python3.8/site-packages/airflow/example_dags/example_branch_labels.py for tasks to queue
[2023-12-24T14:27:20.584+0000] {logging_mixin.py:188} INFO - [2023-12-24T14:27:20.583+0000] {dagbag.py:538} INFO - Filling up the DagBag from /home/airflow/.local/lib/python3.8/site-packages/airflow/example_dags/example_branch_labels.py
[2023-12-24T14:27:20.604+0000] {processor.py:840} INFO - DAG(s) 'example_branch_labels' retrieved from /home/airflow/.local/lib/python3.8/site-packages/airflow/example_dags/example_branch_labels.py
[2023-12-24T14:27:20.655+0000] {logging_mixin.py:188} INFO - [2023-12-24T14:27:20.655+0000] {dag.py:3033} INFO - Sync 1 DAGs
[2023-12-24T14:27:20.710+0000] {logging_mixin.py:188} INFO - [2023-12-24T14:27:20.710+0000] {dag.py:3820} INFO - Setting next_dagrun for example_branch_labels to 2023-12-23T00:00:00+00:00, run_after=2023-12-24T00:00:00+00:00
[2023-12-24T14:27:20.746+0000] {processor.py:183} INFO - Processing /home/airflow/.local/lib/python3.8/site-packages/airflow/example_dags/example_branch_labels.py took 0.178 seconds
[2023-12-24T14:27:51.135+0000] {processor.py:161} INFO - Started process (PID=1104) to work on /home/airflow/.local/lib/python3.8/site-packages/airflow/example_dags/example_branch_labels.py
[2023-12-24T14:27:51.138+0000] {processor.py:830} INFO - Processing file /home/airflow/.local/lib/python3.8/site-packages/airflow/example_dags/example_branch_labels.py for tasks to queue
[2023-12-24T14:27:51.145+0000] {logging_mixin.py:188} INFO - [2023-12-24T14:27:51.144+0000] {dagbag.py:538} INFO - Filling up the DagBag from /home/airflow/.local/lib/python3.8/site-packages/airflow/example_dags/example_branch_labels.py
[2023-12-24T14:27:51.162+0000] {processor.py:840} INFO - DAG(s) 'example_branch_labels' retrieved from /home/airflow/.local/lib/python3.8/site-packages/airflow/example_dags/example_branch_labels.py
[2023-12-24T14:27:51.209+0000] {logging_mixin.py:188} INFO - [2023-12-24T14:27:51.209+0000] {dag.py:3033} INFO - Sync 1 DAGs
[2023-12-24T14:27:51.268+0000] {logging_mixin.py:188} INFO - [2023-12-24T14:27:51.267+0000] {dag.py:3820} INFO - Setting next_dagrun for example_branch_labels to 2023-12-23T00:00:00+00:00, run_after=2023-12-24T00:00:00+00:00
[2023-12-24T14:27:51.304+0000] {processor.py:183} INFO - Processing /home/airflow/.local/lib/python3.8/site-packages/airflow/example_dags/example_branch_labels.py took 0.183 seconds
[2023-12-24T14:28:21.737+0000] {processor.py:161} INFO - Started process (PID=1162) to work on /home/airflow/.local/lib/python3.8/site-packages/airflow/example_dags/example_branch_labels.py
[2023-12-24T14:28:21.739+0000] {processor.py:830} INFO - Processing file /home/airflow/.local/lib/python3.8/site-packages/airflow/example_dags/example_branch_labels.py for tasks to queue
[2023-12-24T14:28:21.745+0000] {logging_mixin.py:188} INFO - [2023-12-24T14:28:21.744+0000] {dagbag.py:538} INFO - Filling up the DagBag from /home/airflow/.local/lib/python3.8/site-packages/airflow/example_dags/example_branch_labels.py
[2023-12-24T14:28:21.765+0000] {processor.py:840} INFO - DAG(s) 'example_branch_labels' retrieved from /home/airflow/.local/lib/python3.8/site-packages/airflow/example_dags/example_branch_labels.py
[2023-12-24T14:28:21.807+0000] {logging_mixin.py:188} INFO - [2023-12-24T14:28:21.807+0000] {dag.py:3033} INFO - Sync 1 DAGs
[2023-12-24T14:28:21.866+0000] {logging_mixin.py:188} INFO - [2023-12-24T14:28:21.866+0000] {dag.py:3820} INFO - Setting next_dagrun for example_branch_labels to 2023-12-23T00:00:00+00:00, run_after=2023-12-24T00:00:00+00:00
[2023-12-24T14:28:21.908+0000] {processor.py:183} INFO - Processing /home/airflow/.local/lib/python3.8/site-packages/airflow/example_dags/example_branch_labels.py took 0.179 seconds
[2023-12-24T14:28:52.585+0000] {processor.py:161} INFO - Started process (PID=1220) to work on /home/airflow/.local/lib/python3.8/site-packages/airflow/example_dags/example_branch_labels.py
[2023-12-24T14:28:52.587+0000] {processor.py:830} INFO - Processing file /home/airflow/.local/lib/python3.8/site-packages/airflow/example_dags/example_branch_labels.py for tasks to queue
[2023-12-24T14:28:52.594+0000] {logging_mixin.py:188} INFO - [2023-12-24T14:28:52.593+0000] {dagbag.py:538} INFO - Filling up the DagBag from /home/airflow/.local/lib/python3.8/site-packages/airflow/example_dags/example_branch_labels.py
[2023-12-24T14:28:52.615+0000] {processor.py:840} INFO - DAG(s) 'example_branch_labels' retrieved from /home/airflow/.local/lib/python3.8/site-packages/airflow/example_dags/example_branch_labels.py
[2023-12-24T14:28:52.666+0000] {logging_mixin.py:188} INFO - [2023-12-24T14:28:52.665+0000] {dag.py:3033} INFO - Sync 1 DAGs
[2023-12-24T14:28:52.727+0000] {logging_mixin.py:188} INFO - [2023-12-24T14:28:52.727+0000] {dag.py:3820} INFO - Setting next_dagrun for example_branch_labels to 2023-12-23T00:00:00+00:00, run_after=2023-12-24T00:00:00+00:00
[2023-12-24T14:28:52.776+0000] {processor.py:183} INFO - Processing /home/airflow/.local/lib/python3.8/site-packages/airflow/example_dags/example_branch_labels.py took 0.198 seconds
[2023-12-24T14:29:22.935+0000] {processor.py:161} INFO - Started process (PID=1278) to work on /home/airflow/.local/lib/python3.8/site-packages/airflow/example_dags/example_branch_labels.py
[2023-12-24T14:29:22.936+0000] {processor.py:830} INFO - Processing file /home/airflow/.local/lib/python3.8/site-packages/airflow/example_dags/example_branch_labels.py for tasks to queue
[2023-12-24T14:29:22.941+0000] {logging_mixin.py:188} INFO - [2023-12-24T14:29:22.941+0000] {dagbag.py:538} INFO - Filling up the DagBag from /home/airflow/.local/lib/python3.8/site-packages/airflow/example_dags/example_branch_labels.py
[2023-12-24T14:29:22.956+0000] {processor.py:840} INFO - DAG(s) 'example_branch_labels' retrieved from /home/airflow/.local/lib/python3.8/site-packages/airflow/example_dags/example_branch_labels.py
[2023-12-24T14:29:22.994+0000] {logging_mixin.py:188} INFO - [2023-12-24T14:29:22.993+0000] {dag.py:3033} INFO - Sync 1 DAGs
[2023-12-24T14:29:23.033+0000] {logging_mixin.py:188} INFO - [2023-12-24T14:29:23.033+0000] {dag.py:3820} INFO - Setting next_dagrun for example_branch_labels to 2023-12-23T00:00:00+00:00, run_after=2023-12-24T00:00:00+00:00
[2023-12-24T14:29:23.063+0000] {processor.py:183} INFO - Processing /home/airflow/.local/lib/python3.8/site-packages/airflow/example_dags/example_branch_labels.py took 0.136 seconds
[2023-12-24T14:29:53.227+0000] {processor.py:161} INFO - Started process (PID=1335) to work on /home/airflow/.local/lib/python3.8/site-packages/airflow/example_dags/example_branch_labels.py
[2023-12-24T14:29:53.229+0000] {processor.py:830} INFO - Processing file /home/airflow/.local/lib/python3.8/site-packages/airflow/example_dags/example_branch_labels.py for tasks to queue
[2023-12-24T14:29:53.236+0000] {logging_mixin.py:188} INFO - [2023-12-24T14:29:53.235+0000] {dagbag.py:538} INFO - Filling up the DagBag from /home/airflow/.local/lib/python3.8/site-packages/airflow/example_dags/example_branch_labels.py
[2023-12-24T14:29:53.254+0000] {processor.py:840} INFO - DAG(s) 'example_branch_labels' retrieved from /home/airflow/.local/lib/python3.8/site-packages/airflow/example_dags/example_branch_labels.py
[2023-12-24T14:29:53.299+0000] {logging_mixin.py:188} INFO - [2023-12-24T14:29:53.298+0000] {dag.py:3033} INFO - Sync 1 DAGs
[2023-12-24T14:29:53.347+0000] {logging_mixin.py:188} INFO - [2023-12-24T14:29:53.347+0000] {dag.py:3820} INFO - Setting next_dagrun for example_branch_labels to 2023-12-23T00:00:00+00:00, run_after=2023-12-24T00:00:00+00:00
[2023-12-24T14:29:53.380+0000] {processor.py:183} INFO - Processing /home/airflow/.local/lib/python3.8/site-packages/airflow/example_dags/example_branch_labels.py took 0.163 seconds
[2023-12-24T14:30:23.544+0000] {processor.py:161} INFO - Started process (PID=1393) to work on /home/airflow/.local/lib/python3.8/site-packages/airflow/example_dags/example_branch_labels.py
[2023-12-24T14:30:23.546+0000] {processor.py:830} INFO - Processing file /home/airflow/.local/lib/python3.8/site-packages/airflow/example_dags/example_branch_labels.py for tasks to queue
[2023-12-24T14:30:23.552+0000] {logging_mixin.py:188} INFO - [2023-12-24T14:30:23.551+0000] {dagbag.py:538} INFO - Filling up the DagBag from /home/airflow/.local/lib/python3.8/site-packages/airflow/example_dags/example_branch_labels.py
[2023-12-24T14:30:23.569+0000] {processor.py:840} INFO - DAG(s) 'example_branch_labels' retrieved from /home/airflow/.local/lib/python3.8/site-packages/airflow/example_dags/example_branch_labels.py
[2023-12-24T14:30:23.616+0000] {logging_mixin.py:188} INFO - [2023-12-24T14:30:23.615+0000] {dag.py:3033} INFO - Sync 1 DAGs
[2023-12-24T14:30:23.666+0000] {logging_mixin.py:188} INFO - [2023-12-24T14:30:23.666+0000] {dag.py:3820} INFO - Setting next_dagrun for example_branch_labels to 2023-12-23T00:00:00+00:00, run_after=2023-12-24T00:00:00+00:00
[2023-12-24T14:30:23.706+0000] {processor.py:183} INFO - Processing /home/airflow/.local/lib/python3.8/site-packages/airflow/example_dags/example_branch_labels.py took 0.168 seconds
[2023-12-24T14:30:54.034+0000] {processor.py:161} INFO - Started process (PID=1451) to work on /home/airflow/.local/lib/python3.8/site-packages/airflow/example_dags/example_branch_labels.py
[2023-12-24T14:30:54.035+0000] {processor.py:830} INFO - Processing file /home/airflow/.local/lib/python3.8/site-packages/airflow/example_dags/example_branch_labels.py for tasks to queue
[2023-12-24T14:30:54.041+0000] {logging_mixin.py:188} INFO - [2023-12-24T14:30:54.040+0000] {dagbag.py:538} INFO - Filling up the DagBag from /home/airflow/.local/lib/python3.8/site-packages/airflow/example_dags/example_branch_labels.py
[2023-12-24T14:30:54.056+0000] {processor.py:840} INFO - DAG(s) 'example_branch_labels' retrieved from /home/airflow/.local/lib/python3.8/site-packages/airflow/example_dags/example_branch_labels.py
[2023-12-24T14:30:54.096+0000] {logging_mixin.py:188} INFO - [2023-12-24T14:30:54.096+0000] {dag.py:3033} INFO - Sync 1 DAGs
[2023-12-24T14:30:54.164+0000] {logging_mixin.py:188} INFO - [2023-12-24T14:30:54.163+0000] {dag.py:3820} INFO - Setting next_dagrun for example_branch_labels to 2023-12-23T00:00:00+00:00, run_after=2023-12-24T00:00:00+00:00
[2023-12-24T14:30:54.205+0000] {processor.py:183} INFO - Processing /home/airflow/.local/lib/python3.8/site-packages/airflow/example_dags/example_branch_labels.py took 0.179 seconds
[2023-12-24T14:31:24.333+0000] {processor.py:161} INFO - Started process (PID=1508) to work on /home/airflow/.local/lib/python3.8/site-packages/airflow/example_dags/example_branch_labels.py
[2023-12-24T14:31:24.336+0000] {processor.py:830} INFO - Processing file /home/airflow/.local/lib/python3.8/site-packages/airflow/example_dags/example_branch_labels.py for tasks to queue
[2023-12-24T14:31:24.342+0000] {logging_mixin.py:188} INFO - [2023-12-24T14:31:24.341+0000] {dagbag.py:538} INFO - Filling up the DagBag from /home/airflow/.local/lib/python3.8/site-packages/airflow/example_dags/example_branch_labels.py
[2023-12-24T14:31:24.364+0000] {processor.py:840} INFO - DAG(s) 'example_branch_labels' retrieved from /home/airflow/.local/lib/python3.8/site-packages/airflow/example_dags/example_branch_labels.py
[2023-12-24T14:31:24.411+0000] {logging_mixin.py:188} INFO - [2023-12-24T14:31:24.411+0000] {dag.py:3033} INFO - Sync 1 DAGs
[2023-12-24T14:31:24.458+0000] {logging_mixin.py:188} INFO - [2023-12-24T14:31:24.457+0000] {dag.py:3820} INFO - Setting next_dagrun for example_branch_labels to 2023-12-23T00:00:00+00:00, run_after=2023-12-24T00:00:00+00:00
[2023-12-24T14:31:24.501+0000] {processor.py:183} INFO - Processing /home/airflow/.local/lib/python3.8/site-packages/airflow/example_dags/example_branch_labels.py took 0.176 seconds
[2023-12-24T14:33:22.328+0000] {processor.py:161} INFO - Started process (PID=53) to work on /home/airflow/.local/lib/python3.8/site-packages/airflow/example_dags/example_branch_labels.py
[2023-12-24T14:33:22.338+0000] {processor.py:830} INFO - Processing file /home/airflow/.local/lib/python3.8/site-packages/airflow/example_dags/example_branch_labels.py for tasks to queue
[2023-12-24T14:33:22.347+0000] {logging_mixin.py:188} INFO - [2023-12-24T14:33:22.346+0000] {dagbag.py:538} INFO - Filling up the DagBag from /home/airflow/.local/lib/python3.8/site-packages/airflow/example_dags/example_branch_labels.py
[2023-12-24T14:33:22.389+0000] {processor.py:840} INFO - DAG(s) 'example_branch_labels' retrieved from /home/airflow/.local/lib/python3.8/site-packages/airflow/example_dags/example_branch_labels.py
[2023-12-24T14:33:22.422+0000] {logging_mixin.py:188} INFO - [2023-12-24T14:33:22.421+0000] {dag.py:3033} INFO - Sync 1 DAGs
[2023-12-24T14:33:22.506+0000] {logging_mixin.py:188} INFO - [2023-12-24T14:33:22.506+0000] {dag.py:3820} INFO - Setting next_dagrun for example_branch_labels to 2023-12-23T00:00:00+00:00, run_after=2023-12-24T00:00:00+00:00
[2023-12-24T14:33:22.557+0000] {processor.py:183} INFO - Processing /home/airflow/.local/lib/python3.8/site-packages/airflow/example_dags/example_branch_labels.py took 0.253 seconds
[2023-12-24T14:33:53.083+0000] {processor.py:161} INFO - Started process (PID=111) to work on /home/airflow/.local/lib/python3.8/site-packages/airflow/example_dags/example_branch_labels.py
[2023-12-24T14:33:53.085+0000] {processor.py:830} INFO - Processing file /home/airflow/.local/lib/python3.8/site-packages/airflow/example_dags/example_branch_labels.py for tasks to queue
[2023-12-24T14:33:53.092+0000] {logging_mixin.py:188} INFO - [2023-12-24T14:33:53.092+0000] {dagbag.py:538} INFO - Filling up the DagBag from /home/airflow/.local/lib/python3.8/site-packages/airflow/example_dags/example_branch_labels.py
[2023-12-24T14:33:53.113+0000] {processor.py:840} INFO - DAG(s) 'example_branch_labels' retrieved from /home/airflow/.local/lib/python3.8/site-packages/airflow/example_dags/example_branch_labels.py
[2023-12-24T14:33:53.386+0000] {logging_mixin.py:188} INFO - [2023-12-24T14:33:53.386+0000] {dag.py:3033} INFO - Sync 1 DAGs
[2023-12-24T14:33:53.474+0000] {logging_mixin.py:188} INFO - [2023-12-24T14:33:53.474+0000] {dag.py:3820} INFO - Setting next_dagrun for example_branch_labels to 2023-12-23T00:00:00+00:00, run_after=2023-12-24T00:00:00+00:00
[2023-12-24T14:33:53.522+0000] {processor.py:183} INFO - Processing /home/airflow/.local/lib/python3.8/site-packages/airflow/example_dags/example_branch_labels.py took 0.447 seconds
[2023-12-24T14:34:23.768+0000] {processor.py:161} INFO - Started process (PID=169) to work on /home/airflow/.local/lib/python3.8/site-packages/airflow/example_dags/example_branch_labels.py
[2023-12-24T14:34:23.769+0000] {processor.py:830} INFO - Processing file /home/airflow/.local/lib/python3.8/site-packages/airflow/example_dags/example_branch_labels.py for tasks to queue
[2023-12-24T14:34:23.775+0000] {logging_mixin.py:188} INFO - [2023-12-24T14:34:23.774+0000] {dagbag.py:538} INFO - Filling up the DagBag from /home/airflow/.local/lib/python3.8/site-packages/airflow/example_dags/example_branch_labels.py
[2023-12-24T14:34:23.791+0000] {processor.py:840} INFO - DAG(s) 'example_branch_labels' retrieved from /home/airflow/.local/lib/python3.8/site-packages/airflow/example_dags/example_branch_labels.py
[2023-12-24T14:34:23.836+0000] {logging_mixin.py:188} INFO - [2023-12-24T14:34:23.835+0000] {dag.py:3033} INFO - Sync 1 DAGs
[2023-12-24T14:34:23.888+0000] {logging_mixin.py:188} INFO - [2023-12-24T14:34:23.888+0000] {dag.py:3820} INFO - Setting next_dagrun for example_branch_labels to 2023-12-23T00:00:00+00:00, run_after=2023-12-24T00:00:00+00:00
[2023-12-24T14:34:23.923+0000] {processor.py:183} INFO - Processing /home/airflow/.local/lib/python3.8/site-packages/airflow/example_dags/example_branch_labels.py took 0.161 seconds
[2023-12-24T14:34:54.370+0000] {processor.py:161} INFO - Started process (PID=227) to work on /home/airflow/.local/lib/python3.8/site-packages/airflow/example_dags/example_branch_labels.py
[2023-12-24T14:34:54.371+0000] {processor.py:830} INFO - Processing file /home/airflow/.local/lib/python3.8/site-packages/airflow/example_dags/example_branch_labels.py for tasks to queue
[2023-12-24T14:34:54.377+0000] {logging_mixin.py:188} INFO - [2023-12-24T14:34:54.376+0000] {dagbag.py:538} INFO - Filling up the DagBag from /home/airflow/.local/lib/python3.8/site-packages/airflow/example_dags/example_branch_labels.py
[2023-12-24T14:34:54.395+0000] {processor.py:840} INFO - DAG(s) 'example_branch_labels' retrieved from /home/airflow/.local/lib/python3.8/site-packages/airflow/example_dags/example_branch_labels.py
[2023-12-24T14:34:54.443+0000] {logging_mixin.py:188} INFO - [2023-12-24T14:34:54.443+0000] {dag.py:3033} INFO - Sync 1 DAGs
[2023-12-24T14:34:54.488+0000] {logging_mixin.py:188} INFO - [2023-12-24T14:34:54.487+0000] {dag.py:3820} INFO - Setting next_dagrun for example_branch_labels to 2023-12-23T00:00:00+00:00, run_after=2023-12-24T00:00:00+00:00
[2023-12-24T14:34:54.521+0000] {processor.py:183} INFO - Processing /home/airflow/.local/lib/python3.8/site-packages/airflow/example_dags/example_branch_labels.py took 0.157 seconds
[2023-12-24T14:35:25.165+0000] {processor.py:161} INFO - Started process (PID=285) to work on /home/airflow/.local/lib/python3.8/site-packages/airflow/example_dags/example_branch_labels.py
[2023-12-24T14:35:25.167+0000] {processor.py:830} INFO - Processing file /home/airflow/.local/lib/python3.8/site-packages/airflow/example_dags/example_branch_labels.py for tasks to queue
[2023-12-24T14:35:25.175+0000] {logging_mixin.py:188} INFO - [2023-12-24T14:35:25.173+0000] {dagbag.py:538} INFO - Filling up the DagBag from /home/airflow/.local/lib/python3.8/site-packages/airflow/example_dags/example_branch_labels.py
[2023-12-24T14:35:25.194+0000] {processor.py:840} INFO - DAG(s) 'example_branch_labels' retrieved from /home/airflow/.local/lib/python3.8/site-packages/airflow/example_dags/example_branch_labels.py
[2023-12-24T14:35:25.245+0000] {logging_mixin.py:188} INFO - [2023-12-24T14:35:25.244+0000] {dag.py:3033} INFO - Sync 1 DAGs
[2023-12-24T14:35:25.326+0000] {logging_mixin.py:188} INFO - [2023-12-24T14:35:25.326+0000] {dag.py:3820} INFO - Setting next_dagrun for example_branch_labels to 2023-12-23T00:00:00+00:00, run_after=2023-12-24T00:00:00+00:00
[2023-12-24T14:35:25.384+0000] {processor.py:183} INFO - Processing /home/airflow/.local/lib/python3.8/site-packages/airflow/example_dags/example_branch_labels.py took 0.228 seconds
[2023-12-24T14:35:55.910+0000] {processor.py:161} INFO - Started process (PID=344) to work on /home/airflow/.local/lib/python3.8/site-packages/airflow/example_dags/example_branch_labels.py
[2023-12-24T14:35:55.912+0000] {processor.py:830} INFO - Processing file /home/airflow/.local/lib/python3.8/site-packages/airflow/example_dags/example_branch_labels.py for tasks to queue
[2023-12-24T14:35:55.919+0000] {logging_mixin.py:188} INFO - [2023-12-24T14:35:55.918+0000] {dagbag.py:538} INFO - Filling up the DagBag from /home/airflow/.local/lib/python3.8/site-packages/airflow/example_dags/example_branch_labels.py
[2023-12-24T14:35:55.937+0000] {processor.py:840} INFO - DAG(s) 'example_branch_labels' retrieved from /home/airflow/.local/lib/python3.8/site-packages/airflow/example_dags/example_branch_labels.py
[2023-12-24T14:35:55.983+0000] {logging_mixin.py:188} INFO - [2023-12-24T14:35:55.982+0000] {dag.py:3033} INFO - Sync 1 DAGs
[2023-12-24T14:35:56.025+0000] {logging_mixin.py:188} INFO - [2023-12-24T14:35:56.025+0000] {dag.py:3820} INFO - Setting next_dagrun for example_branch_labels to 2023-12-23T00:00:00+00:00, run_after=2023-12-24T00:00:00+00:00
[2023-12-24T14:35:56.060+0000] {processor.py:183} INFO - Processing /home/airflow/.local/lib/python3.8/site-packages/airflow/example_dags/example_branch_labels.py took 0.158 seconds
[2023-12-24T14:36:26.572+0000] {processor.py:161} INFO - Started process (PID=402) to work on /home/airflow/.local/lib/python3.8/site-packages/airflow/example_dags/example_branch_labels.py
[2023-12-24T14:36:26.574+0000] {processor.py:830} INFO - Processing file /home/airflow/.local/lib/python3.8/site-packages/airflow/example_dags/example_branch_labels.py for tasks to queue
[2023-12-24T14:36:26.581+0000] {logging_mixin.py:188} INFO - [2023-12-24T14:36:26.580+0000] {dagbag.py:538} INFO - Filling up the DagBag from /home/airflow/.local/lib/python3.8/site-packages/airflow/example_dags/example_branch_labels.py
[2023-12-24T14:36:26.603+0000] {processor.py:840} INFO - DAG(s) 'example_branch_labels' retrieved from /home/airflow/.local/lib/python3.8/site-packages/airflow/example_dags/example_branch_labels.py
[2023-12-24T14:36:26.640+0000] {logging_mixin.py:188} INFO - [2023-12-24T14:36:26.640+0000] {dag.py:3033} INFO - Sync 1 DAGs
[2023-12-24T14:36:26.680+0000] {logging_mixin.py:188} INFO - [2023-12-24T14:36:26.680+0000] {dag.py:3820} INFO - Setting next_dagrun for example_branch_labels to 2023-12-23T00:00:00+00:00, run_after=2023-12-24T00:00:00+00:00
[2023-12-24T14:36:26.712+0000] {processor.py:183} INFO - Processing /home/airflow/.local/lib/python3.8/site-packages/airflow/example_dags/example_branch_labels.py took 0.148 seconds
[2023-12-24T14:36:56.917+0000] {processor.py:161} INFO - Started process (PID=460) to work on /home/airflow/.local/lib/python3.8/site-packages/airflow/example_dags/example_branch_labels.py
[2023-12-24T14:36:56.918+0000] {processor.py:830} INFO - Processing file /home/airflow/.local/lib/python3.8/site-packages/airflow/example_dags/example_branch_labels.py for tasks to queue
[2023-12-24T14:36:56.923+0000] {logging_mixin.py:188} INFO - [2023-12-24T14:36:56.923+0000] {dagbag.py:538} INFO - Filling up the DagBag from /home/airflow/.local/lib/python3.8/site-packages/airflow/example_dags/example_branch_labels.py
[2023-12-24T14:36:56.944+0000] {processor.py:840} INFO - DAG(s) 'example_branch_labels' retrieved from /home/airflow/.local/lib/python3.8/site-packages/airflow/example_dags/example_branch_labels.py
[2023-12-24T14:36:56.992+0000] {logging_mixin.py:188} INFO - [2023-12-24T14:36:56.992+0000] {dag.py:3033} INFO - Sync 1 DAGs
[2023-12-24T14:36:57.046+0000] {logging_mixin.py:188} INFO - [2023-12-24T14:36:57.046+0000] {dag.py:3820} INFO - Setting next_dagrun for example_branch_labels to 2023-12-23T00:00:00+00:00, run_after=2023-12-24T00:00:00+00:00
[2023-12-24T14:36:57.119+0000] {processor.py:183} INFO - Processing /home/airflow/.local/lib/python3.8/site-packages/airflow/example_dags/example_branch_labels.py took 0.208 seconds
[2023-12-24T14:37:27.363+0000] {processor.py:161} INFO - Started process (PID=519) to work on /home/airflow/.local/lib/python3.8/site-packages/airflow/example_dags/example_branch_labels.py
[2023-12-24T14:37:27.365+0000] {processor.py:830} INFO - Processing file /home/airflow/.local/lib/python3.8/site-packages/airflow/example_dags/example_branch_labels.py for tasks to queue
[2023-12-24T14:37:27.370+0000] {logging_mixin.py:188} INFO - [2023-12-24T14:37:27.370+0000] {dagbag.py:538} INFO - Filling up the DagBag from /home/airflow/.local/lib/python3.8/site-packages/airflow/example_dags/example_branch_labels.py
[2023-12-24T14:37:27.389+0000] {processor.py:840} INFO - DAG(s) 'example_branch_labels' retrieved from /home/airflow/.local/lib/python3.8/site-packages/airflow/example_dags/example_branch_labels.py
[2023-12-24T14:37:27.440+0000] {logging_mixin.py:188} INFO - [2023-12-24T14:37:27.439+0000] {dag.py:3033} INFO - Sync 1 DAGs
[2023-12-24T14:37:27.484+0000] {logging_mixin.py:188} INFO - [2023-12-24T14:37:27.483+0000] {dag.py:3820} INFO - Setting next_dagrun for example_branch_labels to 2023-12-23T00:00:00+00:00, run_after=2023-12-24T00:00:00+00:00
[2023-12-24T14:37:27.520+0000] {processor.py:183} INFO - Processing /home/airflow/.local/lib/python3.8/site-packages/airflow/example_dags/example_branch_labels.py took 0.163 seconds
[2023-12-24T14:37:58.477+0000] {processor.py:161} INFO - Started process (PID=577) to work on /home/airflow/.local/lib/python3.8/site-packages/airflow/example_dags/example_branch_labels.py
[2023-12-24T14:37:58.484+0000] {processor.py:830} INFO - Processing file /home/airflow/.local/lib/python3.8/site-packages/airflow/example_dags/example_branch_labels.py for tasks to queue
[2023-12-24T14:37:58.496+0000] {logging_mixin.py:188} INFO - [2023-12-24T14:37:58.495+0000] {dagbag.py:538} INFO - Filling up the DagBag from /home/airflow/.local/lib/python3.8/site-packages/airflow/example_dags/example_branch_labels.py
[2023-12-24T14:37:58.535+0000] {processor.py:840} INFO - DAG(s) 'example_branch_labels' retrieved from /home/airflow/.local/lib/python3.8/site-packages/airflow/example_dags/example_branch_labels.py
[2023-12-24T14:37:58.633+0000] {logging_mixin.py:188} INFO - [2023-12-24T14:37:58.632+0000] {dag.py:3033} INFO - Sync 1 DAGs
[2023-12-24T14:37:58.702+0000] {logging_mixin.py:188} INFO - [2023-12-24T14:37:58.701+0000] {dag.py:3820} INFO - Setting next_dagrun for example_branch_labels to 2023-12-23T00:00:00+00:00, run_after=2023-12-24T00:00:00+00:00
[2023-12-24T14:37:58.747+0000] {processor.py:183} INFO - Processing /home/airflow/.local/lib/python3.8/site-packages/airflow/example_dags/example_branch_labels.py took 0.284 seconds
[2023-12-24T14:38:29.228+0000] {processor.py:161} INFO - Started process (PID=636) to work on /home/airflow/.local/lib/python3.8/site-packages/airflow/example_dags/example_branch_labels.py
[2023-12-24T14:38:29.229+0000] {processor.py:830} INFO - Processing file /home/airflow/.local/lib/python3.8/site-packages/airflow/example_dags/example_branch_labels.py for tasks to queue
[2023-12-24T14:38:29.234+0000] {logging_mixin.py:188} INFO - [2023-12-24T14:38:29.234+0000] {dagbag.py:538} INFO - Filling up the DagBag from /home/airflow/.local/lib/python3.8/site-packages/airflow/example_dags/example_branch_labels.py
[2023-12-24T14:38:29.249+0000] {processor.py:840} INFO - DAG(s) 'example_branch_labels' retrieved from /home/airflow/.local/lib/python3.8/site-packages/airflow/example_dags/example_branch_labels.py
[2023-12-24T14:38:29.296+0000] {logging_mixin.py:188} INFO - [2023-12-24T14:38:29.295+0000] {dag.py:3033} INFO - Sync 1 DAGs
[2023-12-24T14:38:29.345+0000] {logging_mixin.py:188} INFO - [2023-12-24T14:38:29.345+0000] {dag.py:3820} INFO - Setting next_dagrun for example_branch_labels to 2023-12-23T00:00:00+00:00, run_after=2023-12-24T00:00:00+00:00
[2023-12-24T14:38:29.384+0000] {processor.py:183} INFO - Processing /home/airflow/.local/lib/python3.8/site-packages/airflow/example_dags/example_branch_labels.py took 0.162 seconds
[2023-12-24T14:38:59.821+0000] {processor.py:161} INFO - Started process (PID=695) to work on /home/airflow/.local/lib/python3.8/site-packages/airflow/example_dags/example_branch_labels.py
[2023-12-24T14:38:59.823+0000] {processor.py:830} INFO - Processing file /home/airflow/.local/lib/python3.8/site-packages/airflow/example_dags/example_branch_labels.py for tasks to queue
[2023-12-24T14:38:59.831+0000] {logging_mixin.py:188} INFO - [2023-12-24T14:38:59.830+0000] {dagbag.py:538} INFO - Filling up the DagBag from /home/airflow/.local/lib/python3.8/site-packages/airflow/example_dags/example_branch_labels.py
[2023-12-24T14:38:59.855+0000] {processor.py:840} INFO - DAG(s) 'example_branch_labels' retrieved from /home/airflow/.local/lib/python3.8/site-packages/airflow/example_dags/example_branch_labels.py
[2023-12-24T14:38:59.922+0000] {logging_mixin.py:188} INFO - [2023-12-24T14:38:59.922+0000] {dag.py:3033} INFO - Sync 1 DAGs
[2023-12-24T14:39:00.033+0000] {logging_mixin.py:188} INFO - [2023-12-24T14:39:00.032+0000] {dag.py:3820} INFO - Setting next_dagrun for example_branch_labels to 2023-12-23T00:00:00+00:00, run_after=2023-12-24T00:00:00+00:00
[2023-12-24T14:39:00.106+0000] {processor.py:183} INFO - Processing /home/airflow/.local/lib/python3.8/site-packages/airflow/example_dags/example_branch_labels.py took 0.295 seconds
[2023-12-24T14:39:30.415+0000] {processor.py:161} INFO - Started process (PID=754) to work on /home/airflow/.local/lib/python3.8/site-packages/airflow/example_dags/example_branch_labels.py
[2023-12-24T14:39:30.417+0000] {processor.py:830} INFO - Processing file /home/airflow/.local/lib/python3.8/site-packages/airflow/example_dags/example_branch_labels.py for tasks to queue
[2023-12-24T14:39:30.427+0000] {logging_mixin.py:188} INFO - [2023-12-24T14:39:30.427+0000] {dagbag.py:538} INFO - Filling up the DagBag from /home/airflow/.local/lib/python3.8/site-packages/airflow/example_dags/example_branch_labels.py
[2023-12-24T14:39:30.442+0000] {processor.py:840} INFO - DAG(s) 'example_branch_labels' retrieved from /home/airflow/.local/lib/python3.8/site-packages/airflow/example_dags/example_branch_labels.py
[2023-12-24T14:39:30.482+0000] {logging_mixin.py:188} INFO - [2023-12-24T14:39:30.482+0000] {dag.py:3033} INFO - Sync 1 DAGs
[2023-12-24T14:39:30.533+0000] {logging_mixin.py:188} INFO - [2023-12-24T14:39:30.532+0000] {dag.py:3820} INFO - Setting next_dagrun for example_branch_labels to 2023-12-23T00:00:00+00:00, run_after=2023-12-24T00:00:00+00:00
[2023-12-24T14:39:30.575+0000] {processor.py:183} INFO - Processing /home/airflow/.local/lib/python3.8/site-packages/airflow/example_dags/example_branch_labels.py took 0.160 seconds
[2023-12-24T14:40:00.636+0000] {processor.py:161} INFO - Started process (PID=813) to work on /home/airflow/.local/lib/python3.8/site-packages/airflow/example_dags/example_branch_labels.py
[2023-12-24T14:40:00.639+0000] {processor.py:830} INFO - Processing file /home/airflow/.local/lib/python3.8/site-packages/airflow/example_dags/example_branch_labels.py for tasks to queue
[2023-12-24T14:40:00.646+0000] {logging_mixin.py:188} INFO - [2023-12-24T14:40:00.645+0000] {dagbag.py:538} INFO - Filling up the DagBag from /home/airflow/.local/lib/python3.8/site-packages/airflow/example_dags/example_branch_labels.py
[2023-12-24T14:40:00.667+0000] {processor.py:840} INFO - DAG(s) 'example_branch_labels' retrieved from /home/airflow/.local/lib/python3.8/site-packages/airflow/example_dags/example_branch_labels.py
[2023-12-24T14:40:00.710+0000] {logging_mixin.py:188} INFO - [2023-12-24T14:40:00.709+0000] {dag.py:3033} INFO - Sync 1 DAGs
[2023-12-24T14:40:00.771+0000] {logging_mixin.py:188} INFO - [2023-12-24T14:40:00.770+0000] {dag.py:3820} INFO - Setting next_dagrun for example_branch_labels to 2023-12-23T00:00:00+00:00, run_after=2023-12-24T00:00:00+00:00
[2023-12-24T14:40:00.809+0000] {processor.py:183} INFO - Processing /home/airflow/.local/lib/python3.8/site-packages/airflow/example_dags/example_branch_labels.py took 0.179 seconds
[2023-12-24T14:40:31.416+0000] {processor.py:161} INFO - Started process (PID=873) to work on /home/airflow/.local/lib/python3.8/site-packages/airflow/example_dags/example_branch_labels.py
[2023-12-24T14:40:31.417+0000] {processor.py:830} INFO - Processing file /home/airflow/.local/lib/python3.8/site-packages/airflow/example_dags/example_branch_labels.py for tasks to queue
[2023-12-24T14:40:31.423+0000] {logging_mixin.py:188} INFO - [2023-12-24T14:40:31.422+0000] {dagbag.py:538} INFO - Filling up the DagBag from /home/airflow/.local/lib/python3.8/site-packages/airflow/example_dags/example_branch_labels.py
[2023-12-24T14:40:31.437+0000] {processor.py:840} INFO - DAG(s) 'example_branch_labels' retrieved from /home/airflow/.local/lib/python3.8/site-packages/airflow/example_dags/example_branch_labels.py
[2023-12-24T14:40:31.473+0000] {logging_mixin.py:188} INFO - [2023-12-24T14:40:31.472+0000] {dag.py:3033} INFO - Sync 1 DAGs
[2023-12-24T14:40:31.519+0000] {logging_mixin.py:188} INFO - [2023-12-24T14:40:31.518+0000] {dag.py:3820} INFO - Setting next_dagrun for example_branch_labels to 2023-12-23T00:00:00+00:00, run_after=2023-12-24T00:00:00+00:00
[2023-12-24T14:40:31.551+0000] {processor.py:183} INFO - Processing /home/airflow/.local/lib/python3.8/site-packages/airflow/example_dags/example_branch_labels.py took 0.143 seconds
[2023-12-24T14:41:02.096+0000] {processor.py:161} INFO - Started process (PID=932) to work on /home/airflow/.local/lib/python3.8/site-packages/airflow/example_dags/example_branch_labels.py
[2023-12-24T14:41:02.098+0000] {processor.py:830} INFO - Processing file /home/airflow/.local/lib/python3.8/site-packages/airflow/example_dags/example_branch_labels.py for tasks to queue
[2023-12-24T14:41:02.104+0000] {logging_mixin.py:188} INFO - [2023-12-24T14:41:02.104+0000] {dagbag.py:538} INFO - Filling up the DagBag from /home/airflow/.local/lib/python3.8/site-packages/airflow/example_dags/example_branch_labels.py
[2023-12-24T14:41:02.118+0000] {processor.py:840} INFO - DAG(s) 'example_branch_labels' retrieved from /home/airflow/.local/lib/python3.8/site-packages/airflow/example_dags/example_branch_labels.py
[2023-12-24T14:41:02.159+0000] {logging_mixin.py:188} INFO - [2023-12-24T14:41:02.159+0000] {dag.py:3033} INFO - Sync 1 DAGs
[2023-12-24T14:41:02.205+0000] {logging_mixin.py:188} INFO - [2023-12-24T14:41:02.205+0000] {dag.py:3820} INFO - Setting next_dagrun for example_branch_labels to 2023-12-23T00:00:00+00:00, run_after=2023-12-24T00:00:00+00:00
[2023-12-24T14:41:02.238+0000] {processor.py:183} INFO - Processing /home/airflow/.local/lib/python3.8/site-packages/airflow/example_dags/example_branch_labels.py took 0.148 seconds
[2023-12-24T14:41:32.660+0000] {processor.py:161} INFO - Started process (PID=989) to work on /home/airflow/.local/lib/python3.8/site-packages/airflow/example_dags/example_branch_labels.py
[2023-12-24T14:41:32.662+0000] {processor.py:830} INFO - Processing file /home/airflow/.local/lib/python3.8/site-packages/airflow/example_dags/example_branch_labels.py for tasks to queue
[2023-12-24T14:41:32.669+0000] {logging_mixin.py:188} INFO - [2023-12-24T14:41:32.668+0000] {dagbag.py:538} INFO - Filling up the DagBag from /home/airflow/.local/lib/python3.8/site-packages/airflow/example_dags/example_branch_labels.py
[2023-12-24T14:41:32.691+0000] {processor.py:840} INFO - DAG(s) 'example_branch_labels' retrieved from /home/airflow/.local/lib/python3.8/site-packages/airflow/example_dags/example_branch_labels.py
[2023-12-24T14:41:32.747+0000] {logging_mixin.py:188} INFO - [2023-12-24T14:41:32.747+0000] {dag.py:3033} INFO - Sync 1 DAGs
[2023-12-24T14:41:32.810+0000] {logging_mixin.py:188} INFO - [2023-12-24T14:41:32.810+0000] {dag.py:3820} INFO - Setting next_dagrun for example_branch_labels to 2023-12-23T00:00:00+00:00, run_after=2023-12-24T00:00:00+00:00
[2023-12-24T14:41:32.854+0000] {processor.py:183} INFO - Processing /home/airflow/.local/lib/python3.8/site-packages/airflow/example_dags/example_branch_labels.py took 0.202 seconds
[2023-12-24T14:42:02.908+0000] {processor.py:161} INFO - Started process (PID=1048) to work on /home/airflow/.local/lib/python3.8/site-packages/airflow/example_dags/example_branch_labels.py
[2023-12-24T14:42:02.910+0000] {processor.py:830} INFO - Processing file /home/airflow/.local/lib/python3.8/site-packages/airflow/example_dags/example_branch_labels.py for tasks to queue
[2023-12-24T14:42:02.915+0000] {logging_mixin.py:188} INFO - [2023-12-24T14:42:02.915+0000] {dagbag.py:538} INFO - Filling up the DagBag from /home/airflow/.local/lib/python3.8/site-packages/airflow/example_dags/example_branch_labels.py
[2023-12-24T14:42:02.930+0000] {processor.py:840} INFO - DAG(s) 'example_branch_labels' retrieved from /home/airflow/.local/lib/python3.8/site-packages/airflow/example_dags/example_branch_labels.py
[2023-12-24T14:42:02.968+0000] {logging_mixin.py:188} INFO - [2023-12-24T14:42:02.967+0000] {dag.py:3033} INFO - Sync 1 DAGs
[2023-12-24T14:42:03.008+0000] {logging_mixin.py:188} INFO - [2023-12-24T14:42:03.008+0000] {dag.py:3820} INFO - Setting next_dagrun for example_branch_labels to 2023-12-23T00:00:00+00:00, run_after=2023-12-24T00:00:00+00:00
[2023-12-24T14:42:03.041+0000] {processor.py:183} INFO - Processing /home/airflow/.local/lib/python3.8/site-packages/airflow/example_dags/example_branch_labels.py took 0.142 seconds
[2023-12-24T14:42:33.701+0000] {processor.py:161} INFO - Started process (PID=1107) to work on /home/airflow/.local/lib/python3.8/site-packages/airflow/example_dags/example_branch_labels.py
[2023-12-24T14:42:33.703+0000] {processor.py:830} INFO - Processing file /home/airflow/.local/lib/python3.8/site-packages/airflow/example_dags/example_branch_labels.py for tasks to queue
[2023-12-24T14:42:33.708+0000] {logging_mixin.py:188} INFO - [2023-12-24T14:42:33.708+0000] {dagbag.py:538} INFO - Filling up the DagBag from /home/airflow/.local/lib/python3.8/site-packages/airflow/example_dags/example_branch_labels.py
[2023-12-24T14:42:33.725+0000] {processor.py:840} INFO - DAG(s) 'example_branch_labels' retrieved from /home/airflow/.local/lib/python3.8/site-packages/airflow/example_dags/example_branch_labels.py
[2023-12-24T14:42:33.776+0000] {logging_mixin.py:188} INFO - [2023-12-24T14:42:33.776+0000] {dag.py:3033} INFO - Sync 1 DAGs
[2023-12-24T14:42:33.830+0000] {logging_mixin.py:188} INFO - [2023-12-24T14:42:33.829+0000] {dag.py:3820} INFO - Setting next_dagrun for example_branch_labels to 2023-12-23T00:00:00+00:00, run_after=2023-12-24T00:00:00+00:00
[2023-12-24T14:42:33.867+0000] {processor.py:183} INFO - Processing /home/airflow/.local/lib/python3.8/site-packages/airflow/example_dags/example_branch_labels.py took 0.174 seconds
[2023-12-24T14:43:04.262+0000] {processor.py:161} INFO - Started process (PID=1166) to work on /home/airflow/.local/lib/python3.8/site-packages/airflow/example_dags/example_branch_labels.py
[2023-12-24T14:43:04.265+0000] {processor.py:830} INFO - Processing file /home/airflow/.local/lib/python3.8/site-packages/airflow/example_dags/example_branch_labels.py for tasks to queue
[2023-12-24T14:43:04.272+0000] {logging_mixin.py:188} INFO - [2023-12-24T14:43:04.271+0000] {dagbag.py:538} INFO - Filling up the DagBag from /home/airflow/.local/lib/python3.8/site-packages/airflow/example_dags/example_branch_labels.py
[2023-12-24T14:43:04.291+0000] {processor.py:840} INFO - DAG(s) 'example_branch_labels' retrieved from /home/airflow/.local/lib/python3.8/site-packages/airflow/example_dags/example_branch_labels.py
[2023-12-24T14:43:04.347+0000] {logging_mixin.py:188} INFO - [2023-12-24T14:43:04.347+0000] {dag.py:3033} INFO - Sync 1 DAGs
[2023-12-24T14:43:04.417+0000] {logging_mixin.py:188} INFO - [2023-12-24T14:43:04.417+0000] {dag.py:3820} INFO - Setting next_dagrun for example_branch_labels to 2023-12-23T00:00:00+00:00, run_after=2023-12-24T00:00:00+00:00
[2023-12-24T14:43:04.505+0000] {processor.py:183} INFO - Processing /home/airflow/.local/lib/python3.8/site-packages/airflow/example_dags/example_branch_labels.py took 0.272 seconds
[2023-12-24T14:43:34.554+0000] {processor.py:161} INFO - Started process (PID=1225) to work on /home/airflow/.local/lib/python3.8/site-packages/airflow/example_dags/example_branch_labels.py
[2023-12-24T14:43:34.556+0000] {processor.py:830} INFO - Processing file /home/airflow/.local/lib/python3.8/site-packages/airflow/example_dags/example_branch_labels.py for tasks to queue
[2023-12-24T14:43:34.562+0000] {logging_mixin.py:188} INFO - [2023-12-24T14:43:34.561+0000] {dagbag.py:538} INFO - Filling up the DagBag from /home/airflow/.local/lib/python3.8/site-packages/airflow/example_dags/example_branch_labels.py
[2023-12-24T14:43:34.576+0000] {processor.py:840} INFO - DAG(s) 'example_branch_labels' retrieved from /home/airflow/.local/lib/python3.8/site-packages/airflow/example_dags/example_branch_labels.py
[2023-12-24T14:43:34.613+0000] {logging_mixin.py:188} INFO - [2023-12-24T14:43:34.613+0000] {dag.py:3033} INFO - Sync 1 DAGs
[2023-12-24T14:43:34.663+0000] {logging_mixin.py:188} INFO - [2023-12-24T14:43:34.663+0000] {dag.py:3820} INFO - Setting next_dagrun for example_branch_labels to 2023-12-23T00:00:00+00:00, run_after=2023-12-24T00:00:00+00:00
[2023-12-24T14:43:34.695+0000] {processor.py:183} INFO - Processing /home/airflow/.local/lib/python3.8/site-packages/airflow/example_dags/example_branch_labels.py took 0.146 seconds
[2023-12-24T14:44:04.797+0000] {processor.py:161} INFO - Started process (PID=1284) to work on /home/airflow/.local/lib/python3.8/site-packages/airflow/example_dags/example_branch_labels.py
[2023-12-24T14:44:04.798+0000] {processor.py:830} INFO - Processing file /home/airflow/.local/lib/python3.8/site-packages/airflow/example_dags/example_branch_labels.py for tasks to queue
[2023-12-24T14:44:04.804+0000] {logging_mixin.py:188} INFO - [2023-12-24T14:44:04.803+0000] {dagbag.py:538} INFO - Filling up the DagBag from /home/airflow/.local/lib/python3.8/site-packages/airflow/example_dags/example_branch_labels.py
[2023-12-24T14:44:04.824+0000] {processor.py:840} INFO - DAG(s) 'example_branch_labels' retrieved from /home/airflow/.local/lib/python3.8/site-packages/airflow/example_dags/example_branch_labels.py
[2023-12-24T14:44:04.862+0000] {logging_mixin.py:188} INFO - [2023-12-24T14:44:04.861+0000] {dag.py:3033} INFO - Sync 1 DAGs
[2023-12-24T14:44:04.908+0000] {logging_mixin.py:188} INFO - [2023-12-24T14:44:04.908+0000] {dag.py:3820} INFO - Setting next_dagrun for example_branch_labels to 2023-12-23T00:00:00+00:00, run_after=2023-12-24T00:00:00+00:00
[2023-12-24T14:44:04.939+0000] {processor.py:183} INFO - Processing /home/airflow/.local/lib/python3.8/site-packages/airflow/example_dags/example_branch_labels.py took 0.149 seconds
[2023-12-24T14:44:35.106+0000] {processor.py:161} INFO - Started process (PID=1343) to work on /home/airflow/.local/lib/python3.8/site-packages/airflow/example_dags/example_branch_labels.py
[2023-12-24T14:44:35.108+0000] {processor.py:830} INFO - Processing file /home/airflow/.local/lib/python3.8/site-packages/airflow/example_dags/example_branch_labels.py for tasks to queue
[2023-12-24T14:44:35.113+0000] {logging_mixin.py:188} INFO - [2023-12-24T14:44:35.112+0000] {dagbag.py:538} INFO - Filling up the DagBag from /home/airflow/.local/lib/python3.8/site-packages/airflow/example_dags/example_branch_labels.py
[2023-12-24T14:44:35.127+0000] {processor.py:840} INFO - DAG(s) 'example_branch_labels' retrieved from /home/airflow/.local/lib/python3.8/site-packages/airflow/example_dags/example_branch_labels.py
[2023-12-24T14:44:35.165+0000] {logging_mixin.py:188} INFO - [2023-12-24T14:44:35.165+0000] {dag.py:3033} INFO - Sync 1 DAGs
[2023-12-24T14:44:35.205+0000] {logging_mixin.py:188} INFO - [2023-12-24T14:44:35.205+0000] {dag.py:3820} INFO - Setting next_dagrun for example_branch_labels to 2023-12-23T00:00:00+00:00, run_after=2023-12-24T00:00:00+00:00
[2023-12-24T14:44:35.236+0000] {processor.py:183} INFO - Processing /home/airflow/.local/lib/python3.8/site-packages/airflow/example_dags/example_branch_labels.py took 0.136 seconds
[2023-12-24T14:45:05.582+0000] {processor.py:161} INFO - Started process (PID=1402) to work on /home/airflow/.local/lib/python3.8/site-packages/airflow/example_dags/example_branch_labels.py
[2023-12-24T14:45:05.584+0000] {processor.py:830} INFO - Processing file /home/airflow/.local/lib/python3.8/site-packages/airflow/example_dags/example_branch_labels.py for tasks to queue
[2023-12-24T14:45:05.589+0000] {logging_mixin.py:188} INFO - [2023-12-24T14:45:05.589+0000] {dagbag.py:538} INFO - Filling up the DagBag from /home/airflow/.local/lib/python3.8/site-packages/airflow/example_dags/example_branch_labels.py
[2023-12-24T14:45:05.604+0000] {processor.py:840} INFO - DAG(s) 'example_branch_labels' retrieved from /home/airflow/.local/lib/python3.8/site-packages/airflow/example_dags/example_branch_labels.py
[2023-12-24T14:45:05.642+0000] {logging_mixin.py:188} INFO - [2023-12-24T14:45:05.642+0000] {dag.py:3033} INFO - Sync 1 DAGs
[2023-12-24T14:45:05.690+0000] {logging_mixin.py:188} INFO - [2023-12-24T14:45:05.689+0000] {dag.py:3820} INFO - Setting next_dagrun for example_branch_labels to 2023-12-23T00:00:00+00:00, run_after=2023-12-24T00:00:00+00:00
[2023-12-24T14:45:05.727+0000] {processor.py:183} INFO - Processing /home/airflow/.local/lib/python3.8/site-packages/airflow/example_dags/example_branch_labels.py took 0.151 seconds
