[2023-12-24T14:03:44.988+0000] {processor.py:161} INFO - Started process (PID=90) to work on /home/airflow/.local/lib/python3.8/site-packages/airflow/example_dags/example_sensors.py
[2023-12-24T14:03:44.990+0000] {processor.py:830} INFO - Processing file /home/airflow/.local/lib/python3.8/site-packages/airflow/example_dags/example_sensors.py for tasks to queue
[2023-12-24T14:03:44.994+0000] {logging_mixin.py:188} INFO - [2023-12-24T14:03:44.994+0000] {dagbag.py:538} INFO - Filling up the DagBag from /home/airflow/.local/lib/python3.8/site-packages/airflow/example_dags/example_sensors.py
[2023-12-24T14:03:45.016+0000] {processor.py:840} INFO - DAG(s) 'example_sensors' retrieved from /home/airflow/.local/lib/python3.8/site-packages/airflow/example_dags/example_sensors.py
[2023-12-24T14:03:45.182+0000] {logging_mixin.py:188} INFO - [2023-12-24T14:03:45.181+0000] {dag.py:3033} INFO - Sync 1 DAGs
[2023-12-24T14:03:45.197+0000] {logging_mixin.py:188} INFO - [2023-12-24T14:03:45.197+0000] {dag.py:3820} INFO - Setting next_dagrun for example_sensors to None, run_after=None
[2023-12-24T14:03:45.221+0000] {processor.py:183} INFO - Processing /home/airflow/.local/lib/python3.8/site-packages/airflow/example_dags/example_sensors.py took 0.238 seconds
[2023-12-24T14:05:46.371+0000] {processor.py:161} INFO - Started process (PID=47) to work on /home/airflow/.local/lib/python3.8/site-packages/airflow/example_dags/example_sensors.py
[2023-12-24T14:05:46.388+0000] {processor.py:830} INFO - Processing file /home/airflow/.local/lib/python3.8/site-packages/airflow/example_dags/example_sensors.py for tasks to queue
[2023-12-24T14:05:46.396+0000] {logging_mixin.py:188} INFO - [2023-12-24T14:05:46.396+0000] {dagbag.py:538} INFO - Filling up the DagBag from /home/airflow/.local/lib/python3.8/site-packages/airflow/example_dags/example_sensors.py
[2023-12-24T14:05:46.485+0000] {processor.py:840} INFO - DAG(s) 'example_sensors' retrieved from /home/airflow/.local/lib/python3.8/site-packages/airflow/example_dags/example_sensors.py
[2023-12-24T14:05:46.965+0000] {logging_mixin.py:188} INFO - [2023-12-24T14:05:46.964+0000] {dag.py:3033} INFO - Sync 1 DAGs
[2023-12-24T14:05:47.002+0000] {logging_mixin.py:188} INFO - [2023-12-24T14:05:47.002+0000] {dag.py:3820} INFO - Setting next_dagrun for example_sensors to None, run_after=None
[2023-12-24T14:05:47.119+0000] {processor.py:183} INFO - Processing /home/airflow/.local/lib/python3.8/site-packages/airflow/example_dags/example_sensors.py took 0.761 seconds
[2023-12-24T14:06:34.314+0000] {processor.py:161} INFO - Started process (PID=40) to work on /home/airflow/.local/lib/python3.8/site-packages/airflow/example_dags/example_sensors.py
[2023-12-24T14:06:34.316+0000] {processor.py:830} INFO - Processing file /home/airflow/.local/lib/python3.8/site-packages/airflow/example_dags/example_sensors.py for tasks to queue
[2023-12-24T14:06:34.321+0000] {logging_mixin.py:188} INFO - [2023-12-24T14:06:34.320+0000] {dagbag.py:538} INFO - Filling up the DagBag from /home/airflow/.local/lib/python3.8/site-packages/airflow/example_dags/example_sensors.py
[2023-12-24T14:06:34.348+0000] {processor.py:840} INFO - DAG(s) 'example_sensors' retrieved from /home/airflow/.local/lib/python3.8/site-packages/airflow/example_dags/example_sensors.py
[2023-12-24T14:06:34.419+0000] {logging_mixin.py:188} INFO - [2023-12-24T14:06:34.418+0000] {dag.py:3033} INFO - Sync 1 DAGs
[2023-12-24T14:06:34.463+0000] {logging_mixin.py:188} INFO - [2023-12-24T14:06:34.462+0000] {dag.py:3820} INFO - Setting next_dagrun for example_sensors to None, run_after=None
[2023-12-24T14:06:34.523+0000] {processor.py:183} INFO - Processing /home/airflow/.local/lib/python3.8/site-packages/airflow/example_dags/example_sensors.py took 0.215 seconds
[2023-12-24T14:07:05.018+0000] {processor.py:161} INFO - Started process (PID=99) to work on /home/airflow/.local/lib/python3.8/site-packages/airflow/example_dags/example_sensors.py
[2023-12-24T14:07:05.020+0000] {processor.py:830} INFO - Processing file /home/airflow/.local/lib/python3.8/site-packages/airflow/example_dags/example_sensors.py for tasks to queue
[2023-12-24T14:07:05.026+0000] {logging_mixin.py:188} INFO - [2023-12-24T14:07:05.026+0000] {dagbag.py:538} INFO - Filling up the DagBag from /home/airflow/.local/lib/python3.8/site-packages/airflow/example_dags/example_sensors.py
[2023-12-24T14:07:05.054+0000] {processor.py:840} INFO - DAG(s) 'example_sensors' retrieved from /home/airflow/.local/lib/python3.8/site-packages/airflow/example_dags/example_sensors.py
[2023-12-24T14:07:05.119+0000] {logging_mixin.py:188} INFO - [2023-12-24T14:07:05.118+0000] {dag.py:3033} INFO - Sync 1 DAGs
[2023-12-24T14:07:05.149+0000] {logging_mixin.py:188} INFO - [2023-12-24T14:07:05.149+0000] {dag.py:3820} INFO - Setting next_dagrun for example_sensors to None, run_after=None
[2023-12-24T14:07:05.187+0000] {processor.py:183} INFO - Processing /home/airflow/.local/lib/python3.8/site-packages/airflow/example_dags/example_sensors.py took 0.177 seconds
[2023-12-24T14:07:36.319+0000] {processor.py:161} INFO - Started process (PID=158) to work on /home/airflow/.local/lib/python3.8/site-packages/airflow/example_dags/example_sensors.py
[2023-12-24T14:07:36.323+0000] {processor.py:830} INFO - Processing file /home/airflow/.local/lib/python3.8/site-packages/airflow/example_dags/example_sensors.py for tasks to queue
[2023-12-24T14:07:36.330+0000] {logging_mixin.py:188} INFO - [2023-12-24T14:07:36.329+0000] {dagbag.py:538} INFO - Filling up the DagBag from /home/airflow/.local/lib/python3.8/site-packages/airflow/example_dags/example_sensors.py
[2023-12-24T14:07:36.395+0000] {processor.py:840} INFO - DAG(s) 'example_sensors' retrieved from /home/airflow/.local/lib/python3.8/site-packages/airflow/example_dags/example_sensors.py
[2023-12-24T14:07:36.560+0000] {logging_mixin.py:188} INFO - [2023-12-24T14:07:36.560+0000] {dag.py:3033} INFO - Sync 1 DAGs
[2023-12-24T14:07:36.606+0000] {logging_mixin.py:188} INFO - [2023-12-24T14:07:36.605+0000] {dag.py:3820} INFO - Setting next_dagrun for example_sensors to None, run_after=None
[2023-12-24T14:07:36.750+0000] {processor.py:183} INFO - Processing /home/airflow/.local/lib/python3.8/site-packages/airflow/example_dags/example_sensors.py took 0.451 seconds
[2023-12-24T14:08:07.369+0000] {processor.py:161} INFO - Started process (PID=217) to work on /home/airflow/.local/lib/python3.8/site-packages/airflow/example_dags/example_sensors.py
[2023-12-24T14:08:07.372+0000] {processor.py:830} INFO - Processing file /home/airflow/.local/lib/python3.8/site-packages/airflow/example_dags/example_sensors.py for tasks to queue
[2023-12-24T14:08:07.377+0000] {logging_mixin.py:188} INFO - [2023-12-24T14:08:07.377+0000] {dagbag.py:538} INFO - Filling up the DagBag from /home/airflow/.local/lib/python3.8/site-packages/airflow/example_dags/example_sensors.py
[2023-12-24T14:08:07.410+0000] {processor.py:840} INFO - DAG(s) 'example_sensors' retrieved from /home/airflow/.local/lib/python3.8/site-packages/airflow/example_dags/example_sensors.py
[2023-12-24T14:08:07.465+0000] {logging_mixin.py:188} INFO - [2023-12-24T14:08:07.464+0000] {dag.py:3033} INFO - Sync 1 DAGs
[2023-12-24T14:08:07.492+0000] {logging_mixin.py:188} INFO - [2023-12-24T14:08:07.492+0000] {dag.py:3820} INFO - Setting next_dagrun for example_sensors to None, run_after=None
[2023-12-24T14:08:07.553+0000] {processor.py:183} INFO - Processing /home/airflow/.local/lib/python3.8/site-packages/airflow/example_dags/example_sensors.py took 0.192 seconds
[2023-12-24T14:08:38.506+0000] {processor.py:161} INFO - Started process (PID=275) to work on /home/airflow/.local/lib/python3.8/site-packages/airflow/example_dags/example_sensors.py
[2023-12-24T14:08:38.509+0000] {processor.py:830} INFO - Processing file /home/airflow/.local/lib/python3.8/site-packages/airflow/example_dags/example_sensors.py for tasks to queue
[2023-12-24T14:08:38.514+0000] {logging_mixin.py:188} INFO - [2023-12-24T14:08:38.514+0000] {dagbag.py:538} INFO - Filling up the DagBag from /home/airflow/.local/lib/python3.8/site-packages/airflow/example_dags/example_sensors.py
[2023-12-24T14:08:38.538+0000] {processor.py:840} INFO - DAG(s) 'example_sensors' retrieved from /home/airflow/.local/lib/python3.8/site-packages/airflow/example_dags/example_sensors.py
[2023-12-24T14:08:38.600+0000] {logging_mixin.py:188} INFO - [2023-12-24T14:08:38.599+0000] {dag.py:3033} INFO - Sync 1 DAGs
[2023-12-24T14:08:38.632+0000] {logging_mixin.py:188} INFO - [2023-12-24T14:08:38.632+0000] {dag.py:3820} INFO - Setting next_dagrun for example_sensors to None, run_after=None
[2023-12-24T14:08:38.680+0000] {processor.py:183} INFO - Processing /home/airflow/.local/lib/python3.8/site-packages/airflow/example_dags/example_sensors.py took 0.181 seconds
[2023-12-24T14:09:09.345+0000] {processor.py:161} INFO - Started process (PID=335) to work on /home/airflow/.local/lib/python3.8/site-packages/airflow/example_dags/example_sensors.py
[2023-12-24T14:09:09.347+0000] {processor.py:830} INFO - Processing file /home/airflow/.local/lib/python3.8/site-packages/airflow/example_dags/example_sensors.py for tasks to queue
[2023-12-24T14:09:09.353+0000] {logging_mixin.py:188} INFO - [2023-12-24T14:09:09.352+0000] {dagbag.py:538} INFO - Filling up the DagBag from /home/airflow/.local/lib/python3.8/site-packages/airflow/example_dags/example_sensors.py
[2023-12-24T14:09:09.376+0000] {processor.py:840} INFO - DAG(s) 'example_sensors' retrieved from /home/airflow/.local/lib/python3.8/site-packages/airflow/example_dags/example_sensors.py
[2023-12-24T14:09:09.428+0000] {logging_mixin.py:188} INFO - [2023-12-24T14:09:09.427+0000] {dag.py:3033} INFO - Sync 1 DAGs
[2023-12-24T14:09:09.464+0000] {logging_mixin.py:188} INFO - [2023-12-24T14:09:09.463+0000] {dag.py:3820} INFO - Setting next_dagrun for example_sensors to None, run_after=None
[2023-12-24T14:09:09.509+0000] {processor.py:183} INFO - Processing /home/airflow/.local/lib/python3.8/site-packages/airflow/example_dags/example_sensors.py took 0.173 seconds
[2023-12-24T14:09:39.599+0000] {processor.py:161} INFO - Started process (PID=393) to work on /home/airflow/.local/lib/python3.8/site-packages/airflow/example_dags/example_sensors.py
[2023-12-24T14:09:39.600+0000] {processor.py:830} INFO - Processing file /home/airflow/.local/lib/python3.8/site-packages/airflow/example_dags/example_sensors.py for tasks to queue
[2023-12-24T14:09:39.605+0000] {logging_mixin.py:188} INFO - [2023-12-24T14:09:39.604+0000] {dagbag.py:538} INFO - Filling up the DagBag from /home/airflow/.local/lib/python3.8/site-packages/airflow/example_dags/example_sensors.py
[2023-12-24T14:09:39.622+0000] {processor.py:840} INFO - DAG(s) 'example_sensors' retrieved from /home/airflow/.local/lib/python3.8/site-packages/airflow/example_dags/example_sensors.py
[2023-12-24T14:09:39.666+0000] {logging_mixin.py:188} INFO - [2023-12-24T14:09:39.666+0000] {dag.py:3033} INFO - Sync 1 DAGs
[2023-12-24T14:09:39.689+0000] {logging_mixin.py:188} INFO - [2023-12-24T14:09:39.688+0000] {dag.py:3820} INFO - Setting next_dagrun for example_sensors to None, run_after=None
[2023-12-24T14:09:39.721+0000] {processor.py:183} INFO - Processing /home/airflow/.local/lib/python3.8/site-packages/airflow/example_dags/example_sensors.py took 0.128 seconds
[2023-12-24T14:10:09.808+0000] {processor.py:161} INFO - Started process (PID=452) to work on /home/airflow/.local/lib/python3.8/site-packages/airflow/example_dags/example_sensors.py
[2023-12-24T14:10:09.810+0000] {processor.py:830} INFO - Processing file /home/airflow/.local/lib/python3.8/site-packages/airflow/example_dags/example_sensors.py for tasks to queue
[2023-12-24T14:10:09.817+0000] {logging_mixin.py:188} INFO - [2023-12-24T14:10:09.816+0000] {dagbag.py:538} INFO - Filling up the DagBag from /home/airflow/.local/lib/python3.8/site-packages/airflow/example_dags/example_sensors.py
[2023-12-24T14:10:09.860+0000] {processor.py:840} INFO - DAG(s) 'example_sensors' retrieved from /home/airflow/.local/lib/python3.8/site-packages/airflow/example_dags/example_sensors.py
[2023-12-24T14:10:09.940+0000] {logging_mixin.py:188} INFO - [2023-12-24T14:10:09.939+0000] {dag.py:3033} INFO - Sync 1 DAGs
[2023-12-24T14:10:09.972+0000] {logging_mixin.py:188} INFO - [2023-12-24T14:10:09.972+0000] {dag.py:3820} INFO - Setting next_dagrun for example_sensors to None, run_after=None
[2023-12-24T14:10:10.026+0000] {processor.py:183} INFO - Processing /home/airflow/.local/lib/python3.8/site-packages/airflow/example_dags/example_sensors.py took 0.229 seconds
[2023-12-24T14:10:40.488+0000] {processor.py:161} INFO - Started process (PID=510) to work on /home/airflow/.local/lib/python3.8/site-packages/airflow/example_dags/example_sensors.py
[2023-12-24T14:10:40.490+0000] {processor.py:830} INFO - Processing file /home/airflow/.local/lib/python3.8/site-packages/airflow/example_dags/example_sensors.py for tasks to queue
[2023-12-24T14:10:40.497+0000] {logging_mixin.py:188} INFO - [2023-12-24T14:10:40.496+0000] {dagbag.py:538} INFO - Filling up the DagBag from /home/airflow/.local/lib/python3.8/site-packages/airflow/example_dags/example_sensors.py
[2023-12-24T14:10:40.523+0000] {processor.py:840} INFO - DAG(s) 'example_sensors' retrieved from /home/airflow/.local/lib/python3.8/site-packages/airflow/example_dags/example_sensors.py
[2023-12-24T14:10:40.654+0000] {logging_mixin.py:188} INFO - [2023-12-24T14:10:40.654+0000] {dag.py:3033} INFO - Sync 1 DAGs
[2023-12-24T14:10:40.698+0000] {logging_mixin.py:188} INFO - [2023-12-24T14:10:40.697+0000] {dag.py:3820} INFO - Setting next_dagrun for example_sensors to None, run_after=None
[2023-12-24T14:10:40.757+0000] {processor.py:183} INFO - Processing /home/airflow/.local/lib/python3.8/site-packages/airflow/example_dags/example_sensors.py took 0.277 seconds
[2023-12-24T14:11:10.804+0000] {processor.py:161} INFO - Started process (PID=569) to work on /home/airflow/.local/lib/python3.8/site-packages/airflow/example_dags/example_sensors.py
[2023-12-24T14:11:10.805+0000] {processor.py:830} INFO - Processing file /home/airflow/.local/lib/python3.8/site-packages/airflow/example_dags/example_sensors.py for tasks to queue
[2023-12-24T14:11:10.810+0000] {logging_mixin.py:188} INFO - [2023-12-24T14:11:10.809+0000] {dagbag.py:538} INFO - Filling up the DagBag from /home/airflow/.local/lib/python3.8/site-packages/airflow/example_dags/example_sensors.py
[2023-12-24T14:11:10.826+0000] {processor.py:840} INFO - DAG(s) 'example_sensors' retrieved from /home/airflow/.local/lib/python3.8/site-packages/airflow/example_dags/example_sensors.py
[2023-12-24T14:11:10.868+0000] {logging_mixin.py:188} INFO - [2023-12-24T14:11:10.867+0000] {dag.py:3033} INFO - Sync 1 DAGs
[2023-12-24T14:11:10.898+0000] {logging_mixin.py:188} INFO - [2023-12-24T14:11:10.897+0000] {dag.py:3820} INFO - Setting next_dagrun for example_sensors to None, run_after=None
[2023-12-24T14:11:10.939+0000] {processor.py:183} INFO - Processing /home/airflow/.local/lib/python3.8/site-packages/airflow/example_dags/example_sensors.py took 0.141 seconds
[2023-12-24T14:11:41.628+0000] {processor.py:161} INFO - Started process (PID=629) to work on /home/airflow/.local/lib/python3.8/site-packages/airflow/example_dags/example_sensors.py
[2023-12-24T14:11:41.629+0000] {processor.py:830} INFO - Processing file /home/airflow/.local/lib/python3.8/site-packages/airflow/example_dags/example_sensors.py for tasks to queue
[2023-12-24T14:11:41.638+0000] {logging_mixin.py:188} INFO - [2023-12-24T14:11:41.636+0000] {dagbag.py:538} INFO - Filling up the DagBag from /home/airflow/.local/lib/python3.8/site-packages/airflow/example_dags/example_sensors.py
[2023-12-24T14:11:41.704+0000] {processor.py:840} INFO - DAG(s) 'example_sensors' retrieved from /home/airflow/.local/lib/python3.8/site-packages/airflow/example_dags/example_sensors.py
[2023-12-24T14:11:41.757+0000] {logging_mixin.py:188} INFO - [2023-12-24T14:11:41.757+0000] {dag.py:3033} INFO - Sync 1 DAGs
[2023-12-24T14:11:41.827+0000] {logging_mixin.py:188} INFO - [2023-12-24T14:11:41.826+0000] {dag.py:3820} INFO - Setting next_dagrun for example_sensors to None, run_after=None
[2023-12-24T14:11:41.932+0000] {processor.py:183} INFO - Processing /home/airflow/.local/lib/python3.8/site-packages/airflow/example_dags/example_sensors.py took 0.312 seconds
[2023-12-24T14:12:12.416+0000] {processor.py:161} INFO - Started process (PID=687) to work on /home/airflow/.local/lib/python3.8/site-packages/airflow/example_dags/example_sensors.py
[2023-12-24T14:12:12.419+0000] {processor.py:830} INFO - Processing file /home/airflow/.local/lib/python3.8/site-packages/airflow/example_dags/example_sensors.py for tasks to queue
[2023-12-24T14:12:12.425+0000] {logging_mixin.py:188} INFO - [2023-12-24T14:12:12.424+0000] {dagbag.py:538} INFO - Filling up the DagBag from /home/airflow/.local/lib/python3.8/site-packages/airflow/example_dags/example_sensors.py
[2023-12-24T14:12:12.444+0000] {processor.py:840} INFO - DAG(s) 'example_sensors' retrieved from /home/airflow/.local/lib/python3.8/site-packages/airflow/example_dags/example_sensors.py
[2023-12-24T14:12:12.745+0000] {logging_mixin.py:188} INFO - [2023-12-24T14:12:12.744+0000] {dag.py:3033} INFO - Sync 1 DAGs
[2023-12-24T14:12:12.776+0000] {logging_mixin.py:188} INFO - [2023-12-24T14:12:12.776+0000] {dag.py:3820} INFO - Setting next_dagrun for example_sensors to None, run_after=None
[2023-12-24T14:12:12.836+0000] {processor.py:183} INFO - Processing /home/airflow/.local/lib/python3.8/site-packages/airflow/example_dags/example_sensors.py took 0.425 seconds
[2023-12-24T14:12:43.070+0000] {processor.py:161} INFO - Started process (PID=746) to work on /home/airflow/.local/lib/python3.8/site-packages/airflow/example_dags/example_sensors.py
[2023-12-24T14:12:43.072+0000] {processor.py:830} INFO - Processing file /home/airflow/.local/lib/python3.8/site-packages/airflow/example_dags/example_sensors.py for tasks to queue
[2023-12-24T14:12:43.079+0000] {logging_mixin.py:188} INFO - [2023-12-24T14:12:43.078+0000] {dagbag.py:538} INFO - Filling up the DagBag from /home/airflow/.local/lib/python3.8/site-packages/airflow/example_dags/example_sensors.py
[2023-12-24T14:12:43.102+0000] {processor.py:840} INFO - DAG(s) 'example_sensors' retrieved from /home/airflow/.local/lib/python3.8/site-packages/airflow/example_dags/example_sensors.py
[2023-12-24T14:12:43.168+0000] {logging_mixin.py:188} INFO - [2023-12-24T14:12:43.168+0000] {dag.py:3033} INFO - Sync 1 DAGs
[2023-12-24T14:12:43.199+0000] {logging_mixin.py:188} INFO - [2023-12-24T14:12:43.199+0000] {dag.py:3820} INFO - Setting next_dagrun for example_sensors to None, run_after=None
[2023-12-24T14:12:43.245+0000] {processor.py:183} INFO - Processing /home/airflow/.local/lib/python3.8/site-packages/airflow/example_dags/example_sensors.py took 0.181 seconds
[2023-12-24T14:13:13.729+0000] {processor.py:161} INFO - Started process (PID=805) to work on /home/airflow/.local/lib/python3.8/site-packages/airflow/example_dags/example_sensors.py
[2023-12-24T14:13:13.731+0000] {processor.py:830} INFO - Processing file /home/airflow/.local/lib/python3.8/site-packages/airflow/example_dags/example_sensors.py for tasks to queue
[2023-12-24T14:13:13.736+0000] {logging_mixin.py:188} INFO - [2023-12-24T14:13:13.736+0000] {dagbag.py:538} INFO - Filling up the DagBag from /home/airflow/.local/lib/python3.8/site-packages/airflow/example_dags/example_sensors.py
[2023-12-24T14:13:13.756+0000] {processor.py:840} INFO - DAG(s) 'example_sensors' retrieved from /home/airflow/.local/lib/python3.8/site-packages/airflow/example_dags/example_sensors.py
[2023-12-24T14:13:13.815+0000] {logging_mixin.py:188} INFO - [2023-12-24T14:13:13.815+0000] {dag.py:3033} INFO - Sync 1 DAGs
[2023-12-24T14:13:13.841+0000] {logging_mixin.py:188} INFO - [2023-12-24T14:13:13.841+0000] {dag.py:3820} INFO - Setting next_dagrun for example_sensors to None, run_after=None
[2023-12-24T14:13:13.877+0000] {processor.py:183} INFO - Processing /home/airflow/.local/lib/python3.8/site-packages/airflow/example_dags/example_sensors.py took 0.153 seconds
[2023-12-24T14:13:44.191+0000] {processor.py:161} INFO - Started process (PID=864) to work on /home/airflow/.local/lib/python3.8/site-packages/airflow/example_dags/example_sensors.py
[2023-12-24T14:13:44.192+0000] {processor.py:830} INFO - Processing file /home/airflow/.local/lib/python3.8/site-packages/airflow/example_dags/example_sensors.py for tasks to queue
[2023-12-24T14:13:44.197+0000] {logging_mixin.py:188} INFO - [2023-12-24T14:13:44.196+0000] {dagbag.py:538} INFO - Filling up the DagBag from /home/airflow/.local/lib/python3.8/site-packages/airflow/example_dags/example_sensors.py
[2023-12-24T14:13:44.214+0000] {processor.py:840} INFO - DAG(s) 'example_sensors' retrieved from /home/airflow/.local/lib/python3.8/site-packages/airflow/example_dags/example_sensors.py
[2023-12-24T14:13:44.258+0000] {logging_mixin.py:188} INFO - [2023-12-24T14:13:44.258+0000] {dag.py:3033} INFO - Sync 1 DAGs
[2023-12-24T14:13:44.281+0000] {logging_mixin.py:188} INFO - [2023-12-24T14:13:44.280+0000] {dag.py:3820} INFO - Setting next_dagrun for example_sensors to None, run_after=None
[2023-12-24T14:13:44.317+0000] {processor.py:183} INFO - Processing /home/airflow/.local/lib/python3.8/site-packages/airflow/example_dags/example_sensors.py took 0.132 seconds
[2023-12-24T14:14:14.432+0000] {processor.py:161} INFO - Started process (PID=923) to work on /home/airflow/.local/lib/python3.8/site-packages/airflow/example_dags/example_sensors.py
[2023-12-24T14:14:14.434+0000] {processor.py:830} INFO - Processing file /home/airflow/.local/lib/python3.8/site-packages/airflow/example_dags/example_sensors.py for tasks to queue
[2023-12-24T14:14:14.438+0000] {logging_mixin.py:188} INFO - [2023-12-24T14:14:14.437+0000] {dagbag.py:538} INFO - Filling up the DagBag from /home/airflow/.local/lib/python3.8/site-packages/airflow/example_dags/example_sensors.py
[2023-12-24T14:14:14.451+0000] {processor.py:840} INFO - DAG(s) 'example_sensors' retrieved from /home/airflow/.local/lib/python3.8/site-packages/airflow/example_dags/example_sensors.py
[2023-12-24T14:14:14.483+0000] {logging_mixin.py:188} INFO - [2023-12-24T14:14:14.483+0000] {dag.py:3033} INFO - Sync 1 DAGs
[2023-12-24T14:14:14.503+0000] {logging_mixin.py:188} INFO - [2023-12-24T14:14:14.503+0000] {dag.py:3820} INFO - Setting next_dagrun for example_sensors to None, run_after=None
[2023-12-24T14:14:14.534+0000] {processor.py:183} INFO - Processing /home/airflow/.local/lib/python3.8/site-packages/airflow/example_dags/example_sensors.py took 0.106 seconds
[2023-12-24T14:14:44.612+0000] {processor.py:161} INFO - Started process (PID=982) to work on /home/airflow/.local/lib/python3.8/site-packages/airflow/example_dags/example_sensors.py
[2023-12-24T14:14:44.614+0000] {processor.py:830} INFO - Processing file /home/airflow/.local/lib/python3.8/site-packages/airflow/example_dags/example_sensors.py for tasks to queue
[2023-12-24T14:14:44.620+0000] {logging_mixin.py:188} INFO - [2023-12-24T14:14:44.619+0000] {dagbag.py:538} INFO - Filling up the DagBag from /home/airflow/.local/lib/python3.8/site-packages/airflow/example_dags/example_sensors.py
[2023-12-24T14:14:44.640+0000] {processor.py:840} INFO - DAG(s) 'example_sensors' retrieved from /home/airflow/.local/lib/python3.8/site-packages/airflow/example_dags/example_sensors.py
[2023-12-24T14:14:44.681+0000] {logging_mixin.py:188} INFO - [2023-12-24T14:14:44.681+0000] {dag.py:3033} INFO - Sync 1 DAGs
[2023-12-24T14:14:44.705+0000] {logging_mixin.py:188} INFO - [2023-12-24T14:14:44.705+0000] {dag.py:3820} INFO - Setting next_dagrun for example_sensors to None, run_after=None
[2023-12-24T14:14:44.735+0000] {processor.py:183} INFO - Processing /home/airflow/.local/lib/python3.8/site-packages/airflow/example_dags/example_sensors.py took 0.130 seconds
[2023-12-24T14:15:14.868+0000] {processor.py:161} INFO - Started process (PID=1041) to work on /home/airflow/.local/lib/python3.8/site-packages/airflow/example_dags/example_sensors.py
[2023-12-24T14:15:14.872+0000] {processor.py:830} INFO - Processing file /home/airflow/.local/lib/python3.8/site-packages/airflow/example_dags/example_sensors.py for tasks to queue
[2023-12-24T14:15:14.890+0000] {logging_mixin.py:188} INFO - [2023-12-24T14:15:14.890+0000] {dagbag.py:538} INFO - Filling up the DagBag from /home/airflow/.local/lib/python3.8/site-packages/airflow/example_dags/example_sensors.py
[2023-12-24T14:15:14.917+0000] {processor.py:840} INFO - DAG(s) 'example_sensors' retrieved from /home/airflow/.local/lib/python3.8/site-packages/airflow/example_dags/example_sensors.py
[2023-12-24T14:15:14.969+0000] {logging_mixin.py:188} INFO - [2023-12-24T14:15:14.968+0000] {dag.py:3033} INFO - Sync 1 DAGs
[2023-12-24T14:15:14.988+0000] {logging_mixin.py:188} INFO - [2023-12-24T14:15:14.988+0000] {dag.py:3820} INFO - Setting next_dagrun for example_sensors to None, run_after=None
[2023-12-24T14:15:15.021+0000] {processor.py:183} INFO - Processing /home/airflow/.local/lib/python3.8/site-packages/airflow/example_dags/example_sensors.py took 0.160 seconds
[2023-12-24T14:15:45.133+0000] {processor.py:161} INFO - Started process (PID=1100) to work on /home/airflow/.local/lib/python3.8/site-packages/airflow/example_dags/example_sensors.py
[2023-12-24T14:15:45.135+0000] {processor.py:830} INFO - Processing file /home/airflow/.local/lib/python3.8/site-packages/airflow/example_dags/example_sensors.py for tasks to queue
[2023-12-24T14:15:45.139+0000] {logging_mixin.py:188} INFO - [2023-12-24T14:15:45.139+0000] {dagbag.py:538} INFO - Filling up the DagBag from /home/airflow/.local/lib/python3.8/site-packages/airflow/example_dags/example_sensors.py
[2023-12-24T14:15:45.158+0000] {processor.py:840} INFO - DAG(s) 'example_sensors' retrieved from /home/airflow/.local/lib/python3.8/site-packages/airflow/example_dags/example_sensors.py
[2023-12-24T14:15:45.200+0000] {logging_mixin.py:188} INFO - [2023-12-24T14:15:45.199+0000] {dag.py:3033} INFO - Sync 1 DAGs
[2023-12-24T14:15:45.223+0000] {logging_mixin.py:188} INFO - [2023-12-24T14:15:45.223+0000] {dag.py:3820} INFO - Setting next_dagrun for example_sensors to None, run_after=None
[2023-12-24T14:15:45.259+0000] {processor.py:183} INFO - Processing /home/airflow/.local/lib/python3.8/site-packages/airflow/example_dags/example_sensors.py took 0.132 seconds
[2023-12-24T14:16:15.993+0000] {processor.py:161} INFO - Started process (PID=1159) to work on /home/airflow/.local/lib/python3.8/site-packages/airflow/example_dags/example_sensors.py
[2023-12-24T14:16:15.995+0000] {processor.py:830} INFO - Processing file /home/airflow/.local/lib/python3.8/site-packages/airflow/example_dags/example_sensors.py for tasks to queue
[2023-12-24T14:16:15.999+0000] {logging_mixin.py:188} INFO - [2023-12-24T14:16:15.999+0000] {dagbag.py:538} INFO - Filling up the DagBag from /home/airflow/.local/lib/python3.8/site-packages/airflow/example_dags/example_sensors.py
[2023-12-24T14:16:16.017+0000] {processor.py:840} INFO - DAG(s) 'example_sensors' retrieved from /home/airflow/.local/lib/python3.8/site-packages/airflow/example_dags/example_sensors.py
[2023-12-24T14:16:16.065+0000] {logging_mixin.py:188} INFO - [2023-12-24T14:16:16.065+0000] {dag.py:3033} INFO - Sync 1 DAGs
[2023-12-24T14:16:16.092+0000] {logging_mixin.py:188} INFO - [2023-12-24T14:16:16.092+0000] {dag.py:3820} INFO - Setting next_dagrun for example_sensors to None, run_after=None
[2023-12-24T14:16:16.133+0000] {processor.py:183} INFO - Processing /home/airflow/.local/lib/python3.8/site-packages/airflow/example_dags/example_sensors.py took 0.149 seconds
[2023-12-24T14:18:37.597+0000] {processor.py:161} INFO - Started process (PID=47) to work on /home/airflow/.local/lib/python3.8/site-packages/airflow/example_dags/example_sensors.py
[2023-12-24T14:18:37.599+0000] {processor.py:830} INFO - Processing file /home/airflow/.local/lib/python3.8/site-packages/airflow/example_dags/example_sensors.py for tasks to queue
[2023-12-24T14:18:37.605+0000] {logging_mixin.py:188} INFO - [2023-12-24T14:18:37.604+0000] {dagbag.py:538} INFO - Filling up the DagBag from /home/airflow/.local/lib/python3.8/site-packages/airflow/example_dags/example_sensors.py
[2023-12-24T14:18:37.638+0000] {processor.py:840} INFO - DAG(s) 'example_sensors' retrieved from /home/airflow/.local/lib/python3.8/site-packages/airflow/example_dags/example_sensors.py
[2023-12-24T14:18:37.690+0000] {logging_mixin.py:188} INFO - [2023-12-24T14:18:37.690+0000] {dag.py:3033} INFO - Sync 1 DAGs
[2023-12-24T14:18:37.743+0000] {logging_mixin.py:188} INFO - [2023-12-24T14:18:37.743+0000] {dag.py:3820} INFO - Setting next_dagrun for example_sensors to None, run_after=None
[2023-12-24T14:18:37.821+0000] {processor.py:183} INFO - Processing /home/airflow/.local/lib/python3.8/site-packages/airflow/example_dags/example_sensors.py took 0.232 seconds
[2023-12-24T14:19:08.733+0000] {processor.py:161} INFO - Started process (PID=105) to work on /home/airflow/.local/lib/python3.8/site-packages/airflow/example_dags/example_sensors.py
[2023-12-24T14:19:08.743+0000] {processor.py:830} INFO - Processing file /home/airflow/.local/lib/python3.8/site-packages/airflow/example_dags/example_sensors.py for tasks to queue
[2023-12-24T14:19:08.763+0000] {logging_mixin.py:188} INFO - [2023-12-24T14:19:08.762+0000] {dagbag.py:538} INFO - Filling up the DagBag from /home/airflow/.local/lib/python3.8/site-packages/airflow/example_dags/example_sensors.py
[2023-12-24T14:19:08.822+0000] {processor.py:840} INFO - DAG(s) 'example_sensors' retrieved from /home/airflow/.local/lib/python3.8/site-packages/airflow/example_dags/example_sensors.py
[2023-12-24T14:19:08.880+0000] {logging_mixin.py:188} INFO - [2023-12-24T14:19:08.878+0000] {dag.py:3033} INFO - Sync 1 DAGs
[2023-12-24T14:19:08.968+0000] {logging_mixin.py:188} INFO - [2023-12-24T14:19:08.967+0000] {dag.py:3820} INFO - Setting next_dagrun for example_sensors to None, run_after=None
[2023-12-24T14:19:09.057+0000] {processor.py:183} INFO - Processing /home/airflow/.local/lib/python3.8/site-packages/airflow/example_dags/example_sensors.py took 0.332 seconds
[2023-12-24T14:19:40.107+0000] {processor.py:161} INFO - Started process (PID=164) to work on /home/airflow/.local/lib/python3.8/site-packages/airflow/example_dags/example_sensors.py
[2023-12-24T14:19:40.109+0000] {processor.py:830} INFO - Processing file /home/airflow/.local/lib/python3.8/site-packages/airflow/example_dags/example_sensors.py for tasks to queue
[2023-12-24T14:19:40.118+0000] {logging_mixin.py:188} INFO - [2023-12-24T14:19:40.117+0000] {dagbag.py:538} INFO - Filling up the DagBag from /home/airflow/.local/lib/python3.8/site-packages/airflow/example_dags/example_sensors.py
[2023-12-24T14:19:40.142+0000] {processor.py:840} INFO - DAG(s) 'example_sensors' retrieved from /home/airflow/.local/lib/python3.8/site-packages/airflow/example_dags/example_sensors.py
[2023-12-24T14:19:40.393+0000] {logging_mixin.py:188} INFO - [2023-12-24T14:19:40.393+0000] {dag.py:3033} INFO - Sync 1 DAGs
[2023-12-24T14:19:40.420+0000] {logging_mixin.py:188} INFO - [2023-12-24T14:19:40.420+0000] {dag.py:3820} INFO - Setting next_dagrun for example_sensors to None, run_after=None
[2023-12-24T14:19:40.469+0000] {processor.py:183} INFO - Processing /home/airflow/.local/lib/python3.8/site-packages/airflow/example_dags/example_sensors.py took 0.370 seconds
[2023-12-24T14:20:11.096+0000] {processor.py:161} INFO - Started process (PID=223) to work on /home/airflow/.local/lib/python3.8/site-packages/airflow/example_dags/example_sensors.py
[2023-12-24T14:20:11.098+0000] {processor.py:830} INFO - Processing file /home/airflow/.local/lib/python3.8/site-packages/airflow/example_dags/example_sensors.py for tasks to queue
[2023-12-24T14:20:11.103+0000] {logging_mixin.py:188} INFO - [2023-12-24T14:20:11.103+0000] {dagbag.py:538} INFO - Filling up the DagBag from /home/airflow/.local/lib/python3.8/site-packages/airflow/example_dags/example_sensors.py
[2023-12-24T14:20:11.129+0000] {processor.py:840} INFO - DAG(s) 'example_sensors' retrieved from /home/airflow/.local/lib/python3.8/site-packages/airflow/example_dags/example_sensors.py
[2023-12-24T14:20:11.193+0000] {logging_mixin.py:188} INFO - [2023-12-24T14:20:11.192+0000] {dag.py:3033} INFO - Sync 1 DAGs
[2023-12-24T14:20:11.227+0000] {logging_mixin.py:188} INFO - [2023-12-24T14:20:11.227+0000] {dag.py:3820} INFO - Setting next_dagrun for example_sensors to None, run_after=None
[2023-12-24T14:20:11.274+0000] {processor.py:183} INFO - Processing /home/airflow/.local/lib/python3.8/site-packages/airflow/example_dags/example_sensors.py took 0.185 seconds
[2023-12-24T14:20:41.339+0000] {processor.py:161} INFO - Started process (PID=283) to work on /home/airflow/.local/lib/python3.8/site-packages/airflow/example_dags/example_sensors.py
[2023-12-24T14:20:41.341+0000] {processor.py:830} INFO - Processing file /home/airflow/.local/lib/python3.8/site-packages/airflow/example_dags/example_sensors.py for tasks to queue
[2023-12-24T14:20:41.346+0000] {logging_mixin.py:188} INFO - [2023-12-24T14:20:41.345+0000] {dagbag.py:538} INFO - Filling up the DagBag from /home/airflow/.local/lib/python3.8/site-packages/airflow/example_dags/example_sensors.py
[2023-12-24T14:20:41.375+0000] {processor.py:840} INFO - DAG(s) 'example_sensors' retrieved from /home/airflow/.local/lib/python3.8/site-packages/airflow/example_dags/example_sensors.py
[2023-12-24T14:20:41.457+0000] {logging_mixin.py:188} INFO - [2023-12-24T14:20:41.457+0000] {dag.py:3033} INFO - Sync 1 DAGs
[2023-12-24T14:20:41.498+0000] {logging_mixin.py:188} INFO - [2023-12-24T14:20:41.498+0000] {dag.py:3820} INFO - Setting next_dagrun for example_sensors to None, run_after=None
[2023-12-24T14:20:41.565+0000] {processor.py:183} INFO - Processing /home/airflow/.local/lib/python3.8/site-packages/airflow/example_dags/example_sensors.py took 0.234 seconds
[2023-12-24T14:21:11.824+0000] {processor.py:161} INFO - Started process (PID=341) to work on /home/airflow/.local/lib/python3.8/site-packages/airflow/example_dags/example_sensors.py
[2023-12-24T14:21:11.826+0000] {processor.py:830} INFO - Processing file /home/airflow/.local/lib/python3.8/site-packages/airflow/example_dags/example_sensors.py for tasks to queue
[2023-12-24T14:21:11.831+0000] {logging_mixin.py:188} INFO - [2023-12-24T14:21:11.831+0000] {dagbag.py:538} INFO - Filling up the DagBag from /home/airflow/.local/lib/python3.8/site-packages/airflow/example_dags/example_sensors.py
[2023-12-24T14:21:11.855+0000] {processor.py:840} INFO - DAG(s) 'example_sensors' retrieved from /home/airflow/.local/lib/python3.8/site-packages/airflow/example_dags/example_sensors.py
[2023-12-24T14:21:11.903+0000] {logging_mixin.py:188} INFO - [2023-12-24T14:21:11.903+0000] {dag.py:3033} INFO - Sync 1 DAGs
[2023-12-24T14:21:11.929+0000] {logging_mixin.py:188} INFO - [2023-12-24T14:21:11.929+0000] {dag.py:3820} INFO - Setting next_dagrun for example_sensors to None, run_after=None
[2023-12-24T14:21:11.980+0000] {processor.py:183} INFO - Processing /home/airflow/.local/lib/python3.8/site-packages/airflow/example_dags/example_sensors.py took 0.162 seconds
[2023-12-24T14:21:42.369+0000] {processor.py:161} INFO - Started process (PID=400) to work on /home/airflow/.local/lib/python3.8/site-packages/airflow/example_dags/example_sensors.py
[2023-12-24T14:21:42.370+0000] {processor.py:830} INFO - Processing file /home/airflow/.local/lib/python3.8/site-packages/airflow/example_dags/example_sensors.py for tasks to queue
[2023-12-24T14:21:42.376+0000] {logging_mixin.py:188} INFO - [2023-12-24T14:21:42.375+0000] {dagbag.py:538} INFO - Filling up the DagBag from /home/airflow/.local/lib/python3.8/site-packages/airflow/example_dags/example_sensors.py
[2023-12-24T14:21:42.402+0000] {processor.py:840} INFO - DAG(s) 'example_sensors' retrieved from /home/airflow/.local/lib/python3.8/site-packages/airflow/example_dags/example_sensors.py
[2023-12-24T14:21:42.474+0000] {logging_mixin.py:188} INFO - [2023-12-24T14:21:42.474+0000] {dag.py:3033} INFO - Sync 1 DAGs
[2023-12-24T14:21:42.516+0000] {logging_mixin.py:188} INFO - [2023-12-24T14:21:42.516+0000] {dag.py:3820} INFO - Setting next_dagrun for example_sensors to None, run_after=None
[2023-12-24T14:21:42.702+0000] {processor.py:183} INFO - Processing /home/airflow/.local/lib/python3.8/site-packages/airflow/example_dags/example_sensors.py took 0.341 seconds
[2023-12-24T14:22:12.831+0000] {processor.py:161} INFO - Started process (PID=458) to work on /home/airflow/.local/lib/python3.8/site-packages/airflow/example_dags/example_sensors.py
[2023-12-24T14:22:12.833+0000] {processor.py:830} INFO - Processing file /home/airflow/.local/lib/python3.8/site-packages/airflow/example_dags/example_sensors.py for tasks to queue
[2023-12-24T14:22:12.838+0000] {logging_mixin.py:188} INFO - [2023-12-24T14:22:12.837+0000] {dagbag.py:538} INFO - Filling up the DagBag from /home/airflow/.local/lib/python3.8/site-packages/airflow/example_dags/example_sensors.py
[2023-12-24T14:22:12.856+0000] {processor.py:840} INFO - DAG(s) 'example_sensors' retrieved from /home/airflow/.local/lib/python3.8/site-packages/airflow/example_dags/example_sensors.py
[2023-12-24T14:22:12.914+0000] {logging_mixin.py:188} INFO - [2023-12-24T14:22:12.914+0000] {dag.py:3033} INFO - Sync 1 DAGs
[2023-12-24T14:22:12.946+0000] {logging_mixin.py:188} INFO - [2023-12-24T14:22:12.945+0000] {dag.py:3820} INFO - Setting next_dagrun for example_sensors to None, run_after=None
[2023-12-24T14:22:12.994+0000] {processor.py:183} INFO - Processing /home/airflow/.local/lib/python3.8/site-packages/airflow/example_dags/example_sensors.py took 0.168 seconds
[2023-12-24T14:22:43.281+0000] {processor.py:161} INFO - Started process (PID=516) to work on /home/airflow/.local/lib/python3.8/site-packages/airflow/example_dags/example_sensors.py
[2023-12-24T14:22:43.283+0000] {processor.py:830} INFO - Processing file /home/airflow/.local/lib/python3.8/site-packages/airflow/example_dags/example_sensors.py for tasks to queue
[2023-12-24T14:22:43.290+0000] {logging_mixin.py:188} INFO - [2023-12-24T14:22:43.289+0000] {dagbag.py:538} INFO - Filling up the DagBag from /home/airflow/.local/lib/python3.8/site-packages/airflow/example_dags/example_sensors.py
[2023-12-24T14:22:43.311+0000] {processor.py:840} INFO - DAG(s) 'example_sensors' retrieved from /home/airflow/.local/lib/python3.8/site-packages/airflow/example_dags/example_sensors.py
[2023-12-24T14:22:43.357+0000] {logging_mixin.py:188} INFO - [2023-12-24T14:22:43.356+0000] {dag.py:3033} INFO - Sync 1 DAGs
[2023-12-24T14:22:43.384+0000] {logging_mixin.py:188} INFO - [2023-12-24T14:22:43.383+0000] {dag.py:3820} INFO - Setting next_dagrun for example_sensors to None, run_after=None
[2023-12-24T14:22:43.424+0000] {processor.py:183} INFO - Processing /home/airflow/.local/lib/python3.8/site-packages/airflow/example_dags/example_sensors.py took 0.149 seconds
[2023-12-24T14:23:13.552+0000] {processor.py:161} INFO - Started process (PID=574) to work on /home/airflow/.local/lib/python3.8/site-packages/airflow/example_dags/example_sensors.py
[2023-12-24T14:23:13.563+0000] {processor.py:830} INFO - Processing file /home/airflow/.local/lib/python3.8/site-packages/airflow/example_dags/example_sensors.py for tasks to queue
[2023-12-24T14:23:13.573+0000] {logging_mixin.py:188} INFO - [2023-12-24T14:23:13.572+0000] {dagbag.py:538} INFO - Filling up the DagBag from /home/airflow/.local/lib/python3.8/site-packages/airflow/example_dags/example_sensors.py
[2023-12-24T14:23:13.594+0000] {processor.py:840} INFO - DAG(s) 'example_sensors' retrieved from /home/airflow/.local/lib/python3.8/site-packages/airflow/example_dags/example_sensors.py
[2023-12-24T14:23:13.643+0000] {logging_mixin.py:188} INFO - [2023-12-24T14:23:13.643+0000] {dag.py:3033} INFO - Sync 1 DAGs
[2023-12-24T14:23:13.663+0000] {logging_mixin.py:188} INFO - [2023-12-24T14:23:13.663+0000] {dag.py:3820} INFO - Setting next_dagrun for example_sensors to None, run_after=None
[2023-12-24T14:23:13.700+0000] {processor.py:183} INFO - Processing /home/airflow/.local/lib/python3.8/site-packages/airflow/example_dags/example_sensors.py took 0.156 seconds
[2023-12-24T14:23:43.838+0000] {processor.py:161} INFO - Started process (PID=632) to work on /home/airflow/.local/lib/python3.8/site-packages/airflow/example_dags/example_sensors.py
[2023-12-24T14:23:43.839+0000] {processor.py:830} INFO - Processing file /home/airflow/.local/lib/python3.8/site-packages/airflow/example_dags/example_sensors.py for tasks to queue
[2023-12-24T14:23:43.844+0000] {logging_mixin.py:188} INFO - [2023-12-24T14:23:43.843+0000] {dagbag.py:538} INFO - Filling up the DagBag from /home/airflow/.local/lib/python3.8/site-packages/airflow/example_dags/example_sensors.py
[2023-12-24T14:23:43.863+0000] {processor.py:840} INFO - DAG(s) 'example_sensors' retrieved from /home/airflow/.local/lib/python3.8/site-packages/airflow/example_dags/example_sensors.py
[2023-12-24T14:23:43.904+0000] {logging_mixin.py:188} INFO - [2023-12-24T14:23:43.904+0000] {dag.py:3033} INFO - Sync 1 DAGs
[2023-12-24T14:23:43.926+0000] {logging_mixin.py:188} INFO - [2023-12-24T14:23:43.925+0000] {dag.py:3820} INFO - Setting next_dagrun for example_sensors to None, run_after=None
[2023-12-24T14:23:43.962+0000] {processor.py:183} INFO - Processing /home/airflow/.local/lib/python3.8/site-packages/airflow/example_dags/example_sensors.py took 0.130 seconds
[2023-12-24T14:24:14.003+0000] {processor.py:161} INFO - Started process (PID=691) to work on /home/airflow/.local/lib/python3.8/site-packages/airflow/example_dags/example_sensors.py
[2023-12-24T14:24:14.005+0000] {processor.py:830} INFO - Processing file /home/airflow/.local/lib/python3.8/site-packages/airflow/example_dags/example_sensors.py for tasks to queue
[2023-12-24T14:24:14.021+0000] {logging_mixin.py:188} INFO - [2023-12-24T14:24:14.020+0000] {dagbag.py:538} INFO - Filling up the DagBag from /home/airflow/.local/lib/python3.8/site-packages/airflow/example_dags/example_sensors.py
[2023-12-24T14:24:14.045+0000] {processor.py:840} INFO - DAG(s) 'example_sensors' retrieved from /home/airflow/.local/lib/python3.8/site-packages/airflow/example_dags/example_sensors.py
[2023-12-24T14:24:14.117+0000] {logging_mixin.py:188} INFO - [2023-12-24T14:24:14.116+0000] {dag.py:3033} INFO - Sync 1 DAGs
[2023-12-24T14:24:14.161+0000] {logging_mixin.py:188} INFO - [2023-12-24T14:24:14.161+0000] {dag.py:3820} INFO - Setting next_dagrun for example_sensors to None, run_after=None
[2023-12-24T14:24:14.259+0000] {processor.py:183} INFO - Processing /home/airflow/.local/lib/python3.8/site-packages/airflow/example_dags/example_sensors.py took 0.264 seconds
[2023-12-24T14:24:45.224+0000] {processor.py:161} INFO - Started process (PID=749) to work on /home/airflow/.local/lib/python3.8/site-packages/airflow/example_dags/example_sensors.py
[2023-12-24T14:24:45.226+0000] {processor.py:830} INFO - Processing file /home/airflow/.local/lib/python3.8/site-packages/airflow/example_dags/example_sensors.py for tasks to queue
[2023-12-24T14:24:45.231+0000] {logging_mixin.py:188} INFO - [2023-12-24T14:24:45.230+0000] {dagbag.py:538} INFO - Filling up the DagBag from /home/airflow/.local/lib/python3.8/site-packages/airflow/example_dags/example_sensors.py
[2023-12-24T14:24:45.250+0000] {processor.py:840} INFO - DAG(s) 'example_sensors' retrieved from /home/airflow/.local/lib/python3.8/site-packages/airflow/example_dags/example_sensors.py
[2023-12-24T14:24:45.295+0000] {logging_mixin.py:188} INFO - [2023-12-24T14:24:45.294+0000] {dag.py:3033} INFO - Sync 1 DAGs
[2023-12-24T14:24:45.325+0000] {logging_mixin.py:188} INFO - [2023-12-24T14:24:45.325+0000] {dag.py:3820} INFO - Setting next_dagrun for example_sensors to None, run_after=None
[2023-12-24T14:24:45.369+0000] {processor.py:183} INFO - Processing /home/airflow/.local/lib/python3.8/site-packages/airflow/example_dags/example_sensors.py took 0.151 seconds
[2023-12-24T14:25:15.525+0000] {processor.py:161} INFO - Started process (PID=807) to work on /home/airflow/.local/lib/python3.8/site-packages/airflow/example_dags/example_sensors.py
[2023-12-24T14:25:15.527+0000] {processor.py:830} INFO - Processing file /home/airflow/.local/lib/python3.8/site-packages/airflow/example_dags/example_sensors.py for tasks to queue
[2023-12-24T14:25:15.532+0000] {logging_mixin.py:188} INFO - [2023-12-24T14:25:15.532+0000] {dagbag.py:538} INFO - Filling up the DagBag from /home/airflow/.local/lib/python3.8/site-packages/airflow/example_dags/example_sensors.py
[2023-12-24T14:25:15.553+0000] {processor.py:840} INFO - DAG(s) 'example_sensors' retrieved from /home/airflow/.local/lib/python3.8/site-packages/airflow/example_dags/example_sensors.py
[2023-12-24T14:25:15.605+0000] {logging_mixin.py:188} INFO - [2023-12-24T14:25:15.604+0000] {dag.py:3033} INFO - Sync 1 DAGs
[2023-12-24T14:25:15.626+0000] {logging_mixin.py:188} INFO - [2023-12-24T14:25:15.626+0000] {dag.py:3820} INFO - Setting next_dagrun for example_sensors to None, run_after=None
[2023-12-24T14:25:15.661+0000] {processor.py:183} INFO - Processing /home/airflow/.local/lib/python3.8/site-packages/airflow/example_dags/example_sensors.py took 0.144 seconds
[2023-12-24T14:25:45.912+0000] {processor.py:161} INFO - Started process (PID=865) to work on /home/airflow/.local/lib/python3.8/site-packages/airflow/example_dags/example_sensors.py
[2023-12-24T14:25:45.917+0000] {processor.py:830} INFO - Processing file /home/airflow/.local/lib/python3.8/site-packages/airflow/example_dags/example_sensors.py for tasks to queue
[2023-12-24T14:25:45.923+0000] {logging_mixin.py:188} INFO - [2023-12-24T14:25:45.922+0000] {dagbag.py:538} INFO - Filling up the DagBag from /home/airflow/.local/lib/python3.8/site-packages/airflow/example_dags/example_sensors.py
[2023-12-24T14:25:45.957+0000] {processor.py:840} INFO - DAG(s) 'example_sensors' retrieved from /home/airflow/.local/lib/python3.8/site-packages/airflow/example_dags/example_sensors.py
[2023-12-24T14:25:46.037+0000] {logging_mixin.py:188} INFO - [2023-12-24T14:25:46.037+0000] {dag.py:3033} INFO - Sync 1 DAGs
[2023-12-24T14:25:46.080+0000] {logging_mixin.py:188} INFO - [2023-12-24T14:25:46.080+0000] {dag.py:3820} INFO - Setting next_dagrun for example_sensors to None, run_after=None
[2023-12-24T14:25:46.127+0000] {processor.py:183} INFO - Processing /home/airflow/.local/lib/python3.8/site-packages/airflow/example_dags/example_sensors.py took 0.223 seconds
[2023-12-24T14:26:16.173+0000] {processor.py:161} INFO - Started process (PID=923) to work on /home/airflow/.local/lib/python3.8/site-packages/airflow/example_dags/example_sensors.py
[2023-12-24T14:26:16.175+0000] {processor.py:830} INFO - Processing file /home/airflow/.local/lib/python3.8/site-packages/airflow/example_dags/example_sensors.py for tasks to queue
[2023-12-24T14:26:16.181+0000] {logging_mixin.py:188} INFO - [2023-12-24T14:26:16.180+0000] {dagbag.py:538} INFO - Filling up the DagBag from /home/airflow/.local/lib/python3.8/site-packages/airflow/example_dags/example_sensors.py
[2023-12-24T14:26:16.201+0000] {processor.py:840} INFO - DAG(s) 'example_sensors' retrieved from /home/airflow/.local/lib/python3.8/site-packages/airflow/example_dags/example_sensors.py
[2023-12-24T14:26:16.244+0000] {logging_mixin.py:188} INFO - [2023-12-24T14:26:16.244+0000] {dag.py:3033} INFO - Sync 1 DAGs
[2023-12-24T14:26:16.268+0000] {logging_mixin.py:188} INFO - [2023-12-24T14:26:16.268+0000] {dag.py:3820} INFO - Setting next_dagrun for example_sensors to None, run_after=None
[2023-12-24T14:26:16.306+0000] {processor.py:183} INFO - Processing /home/airflow/.local/lib/python3.8/site-packages/airflow/example_dags/example_sensors.py took 0.139 seconds
[2023-12-24T14:26:46.489+0000] {processor.py:161} INFO - Started process (PID=981) to work on /home/airflow/.local/lib/python3.8/site-packages/airflow/example_dags/example_sensors.py
[2023-12-24T14:26:46.492+0000] {processor.py:830} INFO - Processing file /home/airflow/.local/lib/python3.8/site-packages/airflow/example_dags/example_sensors.py for tasks to queue
[2023-12-24T14:26:46.499+0000] {logging_mixin.py:188} INFO - [2023-12-24T14:26:46.498+0000] {dagbag.py:538} INFO - Filling up the DagBag from /home/airflow/.local/lib/python3.8/site-packages/airflow/example_dags/example_sensors.py
[2023-12-24T14:26:46.525+0000] {processor.py:840} INFO - DAG(s) 'example_sensors' retrieved from /home/airflow/.local/lib/python3.8/site-packages/airflow/example_dags/example_sensors.py
[2023-12-24T14:26:46.644+0000] {logging_mixin.py:188} INFO - [2023-12-24T14:26:46.643+0000] {dag.py:3033} INFO - Sync 1 DAGs
[2023-12-24T14:26:46.718+0000] {logging_mixin.py:188} INFO - [2023-12-24T14:26:46.713+0000] {dag.py:3820} INFO - Setting next_dagrun for example_sensors to None, run_after=None
[2023-12-24T14:26:46.859+0000] {processor.py:183} INFO - Processing /home/airflow/.local/lib/python3.8/site-packages/airflow/example_dags/example_sensors.py took 0.379 seconds
[2023-12-24T14:27:17.041+0000] {processor.py:161} INFO - Started process (PID=1039) to work on /home/airflow/.local/lib/python3.8/site-packages/airflow/example_dags/example_sensors.py
[2023-12-24T14:27:17.044+0000] {processor.py:830} INFO - Processing file /home/airflow/.local/lib/python3.8/site-packages/airflow/example_dags/example_sensors.py for tasks to queue
[2023-12-24T14:27:17.049+0000] {logging_mixin.py:188} INFO - [2023-12-24T14:27:17.048+0000] {dagbag.py:538} INFO - Filling up the DagBag from /home/airflow/.local/lib/python3.8/site-packages/airflow/example_dags/example_sensors.py
[2023-12-24T14:27:17.067+0000] {processor.py:840} INFO - DAG(s) 'example_sensors' retrieved from /home/airflow/.local/lib/python3.8/site-packages/airflow/example_dags/example_sensors.py
[2023-12-24T14:27:17.111+0000] {logging_mixin.py:188} INFO - [2023-12-24T14:27:17.111+0000] {dag.py:3033} INFO - Sync 1 DAGs
[2023-12-24T14:27:17.130+0000] {logging_mixin.py:188} INFO - [2023-12-24T14:27:17.130+0000] {dag.py:3820} INFO - Setting next_dagrun for example_sensors to None, run_after=None
[2023-12-24T14:27:17.161+0000] {processor.py:183} INFO - Processing /home/airflow/.local/lib/python3.8/site-packages/airflow/example_dags/example_sensors.py took 0.125 seconds
[2023-12-24T14:27:47.599+0000] {processor.py:161} INFO - Started process (PID=1097) to work on /home/airflow/.local/lib/python3.8/site-packages/airflow/example_dags/example_sensors.py
[2023-12-24T14:27:47.601+0000] {processor.py:830} INFO - Processing file /home/airflow/.local/lib/python3.8/site-packages/airflow/example_dags/example_sensors.py for tasks to queue
[2023-12-24T14:27:47.605+0000] {logging_mixin.py:188} INFO - [2023-12-24T14:27:47.605+0000] {dagbag.py:538} INFO - Filling up the DagBag from /home/airflow/.local/lib/python3.8/site-packages/airflow/example_dags/example_sensors.py
[2023-12-24T14:27:47.628+0000] {processor.py:840} INFO - DAG(s) 'example_sensors' retrieved from /home/airflow/.local/lib/python3.8/site-packages/airflow/example_dags/example_sensors.py
[2023-12-24T14:27:47.676+0000] {logging_mixin.py:188} INFO - [2023-12-24T14:27:47.675+0000] {dag.py:3033} INFO - Sync 1 DAGs
[2023-12-24T14:27:47.697+0000] {logging_mixin.py:188} INFO - [2023-12-24T14:27:47.697+0000] {dag.py:3820} INFO - Setting next_dagrun for example_sensors to None, run_after=None
[2023-12-24T14:27:47.732+0000] {processor.py:183} INFO - Processing /home/airflow/.local/lib/python3.8/site-packages/airflow/example_dags/example_sensors.py took 0.139 seconds
[2023-12-24T14:28:17.782+0000] {processor.py:161} INFO - Started process (PID=1155) to work on /home/airflow/.local/lib/python3.8/site-packages/airflow/example_dags/example_sensors.py
[2023-12-24T14:28:17.785+0000] {processor.py:830} INFO - Processing file /home/airflow/.local/lib/python3.8/site-packages/airflow/example_dags/example_sensors.py for tasks to queue
[2023-12-24T14:28:17.798+0000] {logging_mixin.py:188} INFO - [2023-12-24T14:28:17.797+0000] {dagbag.py:538} INFO - Filling up the DagBag from /home/airflow/.local/lib/python3.8/site-packages/airflow/example_dags/example_sensors.py
[2023-12-24T14:28:17.850+0000] {processor.py:840} INFO - DAG(s) 'example_sensors' retrieved from /home/airflow/.local/lib/python3.8/site-packages/airflow/example_dags/example_sensors.py
[2023-12-24T14:28:17.934+0000] {logging_mixin.py:188} INFO - [2023-12-24T14:28:17.934+0000] {dag.py:3033} INFO - Sync 1 DAGs
[2023-12-24T14:28:18.006+0000] {logging_mixin.py:188} INFO - [2023-12-24T14:28:18.005+0000] {dag.py:3820} INFO - Setting next_dagrun for example_sensors to None, run_after=None
[2023-12-24T14:28:18.068+0000] {processor.py:183} INFO - Processing /home/airflow/.local/lib/python3.8/site-packages/airflow/example_dags/example_sensors.py took 0.297 seconds
[2023-12-24T14:28:48.113+0000] {processor.py:161} INFO - Started process (PID=1213) to work on /home/airflow/.local/lib/python3.8/site-packages/airflow/example_dags/example_sensors.py
[2023-12-24T14:28:48.115+0000] {processor.py:830} INFO - Processing file /home/airflow/.local/lib/python3.8/site-packages/airflow/example_dags/example_sensors.py for tasks to queue
[2023-12-24T14:28:48.120+0000] {logging_mixin.py:188} INFO - [2023-12-24T14:28:48.119+0000] {dagbag.py:538} INFO - Filling up the DagBag from /home/airflow/.local/lib/python3.8/site-packages/airflow/example_dags/example_sensors.py
[2023-12-24T14:28:48.137+0000] {processor.py:840} INFO - DAG(s) 'example_sensors' retrieved from /home/airflow/.local/lib/python3.8/site-packages/airflow/example_dags/example_sensors.py
[2023-12-24T14:28:48.182+0000] {logging_mixin.py:188} INFO - [2023-12-24T14:28:48.182+0000] {dag.py:3033} INFO - Sync 1 DAGs
[2023-12-24T14:28:48.208+0000] {logging_mixin.py:188} INFO - [2023-12-24T14:28:48.208+0000] {dag.py:3820} INFO - Setting next_dagrun for example_sensors to None, run_after=None
[2023-12-24T14:28:48.244+0000] {processor.py:183} INFO - Processing /home/airflow/.local/lib/python3.8/site-packages/airflow/example_dags/example_sensors.py took 0.140 seconds
[2023-12-24T14:29:18.410+0000] {processor.py:161} INFO - Started process (PID=1271) to work on /home/airflow/.local/lib/python3.8/site-packages/airflow/example_dags/example_sensors.py
[2023-12-24T14:29:18.412+0000] {processor.py:830} INFO - Processing file /home/airflow/.local/lib/python3.8/site-packages/airflow/example_dags/example_sensors.py for tasks to queue
[2023-12-24T14:29:18.417+0000] {logging_mixin.py:188} INFO - [2023-12-24T14:29:18.416+0000] {dagbag.py:538} INFO - Filling up the DagBag from /home/airflow/.local/lib/python3.8/site-packages/airflow/example_dags/example_sensors.py
[2023-12-24T14:29:18.437+0000] {processor.py:840} INFO - DAG(s) 'example_sensors' retrieved from /home/airflow/.local/lib/python3.8/site-packages/airflow/example_dags/example_sensors.py
[2023-12-24T14:29:18.493+0000] {logging_mixin.py:188} INFO - [2023-12-24T14:29:18.493+0000] {dag.py:3033} INFO - Sync 1 DAGs
[2023-12-24T14:29:18.523+0000] {logging_mixin.py:188} INFO - [2023-12-24T14:29:18.522+0000] {dag.py:3820} INFO - Setting next_dagrun for example_sensors to None, run_after=None
[2023-12-24T14:29:18.558+0000] {processor.py:183} INFO - Processing /home/airflow/.local/lib/python3.8/site-packages/airflow/example_dags/example_sensors.py took 0.155 seconds
[2023-12-24T14:29:48.738+0000] {processor.py:161} INFO - Started process (PID=1328) to work on /home/airflow/.local/lib/python3.8/site-packages/airflow/example_dags/example_sensors.py
[2023-12-24T14:29:48.740+0000] {processor.py:830} INFO - Processing file /home/airflow/.local/lib/python3.8/site-packages/airflow/example_dags/example_sensors.py for tasks to queue
[2023-12-24T14:29:48.746+0000] {logging_mixin.py:188} INFO - [2023-12-24T14:29:48.745+0000] {dagbag.py:538} INFO - Filling up the DagBag from /home/airflow/.local/lib/python3.8/site-packages/airflow/example_dags/example_sensors.py
[2023-12-24T14:29:48.761+0000] {processor.py:840} INFO - DAG(s) 'example_sensors' retrieved from /home/airflow/.local/lib/python3.8/site-packages/airflow/example_dags/example_sensors.py
[2023-12-24T14:29:48.800+0000] {logging_mixin.py:188} INFO - [2023-12-24T14:29:48.800+0000] {dag.py:3033} INFO - Sync 1 DAGs
[2023-12-24T14:29:48.822+0000] {logging_mixin.py:188} INFO - [2023-12-24T14:29:48.822+0000] {dag.py:3820} INFO - Setting next_dagrun for example_sensors to None, run_after=None
[2023-12-24T14:29:48.852+0000] {processor.py:183} INFO - Processing /home/airflow/.local/lib/python3.8/site-packages/airflow/example_dags/example_sensors.py took 0.122 seconds
[2023-12-24T14:30:18.965+0000] {processor.py:161} INFO - Started process (PID=1386) to work on /home/airflow/.local/lib/python3.8/site-packages/airflow/example_dags/example_sensors.py
[2023-12-24T14:30:18.966+0000] {processor.py:830} INFO - Processing file /home/airflow/.local/lib/python3.8/site-packages/airflow/example_dags/example_sensors.py for tasks to queue
[2023-12-24T14:30:18.971+0000] {logging_mixin.py:188} INFO - [2023-12-24T14:30:18.970+0000] {dagbag.py:538} INFO - Filling up the DagBag from /home/airflow/.local/lib/python3.8/site-packages/airflow/example_dags/example_sensors.py
[2023-12-24T14:30:18.988+0000] {processor.py:840} INFO - DAG(s) 'example_sensors' retrieved from /home/airflow/.local/lib/python3.8/site-packages/airflow/example_dags/example_sensors.py
[2023-12-24T14:30:19.037+0000] {logging_mixin.py:188} INFO - [2023-12-24T14:30:19.037+0000] {dag.py:3033} INFO - Sync 1 DAGs
[2023-12-24T14:30:19.062+0000] {logging_mixin.py:188} INFO - [2023-12-24T14:30:19.062+0000] {dag.py:3820} INFO - Setting next_dagrun for example_sensors to None, run_after=None
[2023-12-24T14:30:19.098+0000] {processor.py:183} INFO - Processing /home/airflow/.local/lib/python3.8/site-packages/airflow/example_dags/example_sensors.py took 0.140 seconds
[2023-12-24T14:30:49.354+0000] {processor.py:161} INFO - Started process (PID=1444) to work on /home/airflow/.local/lib/python3.8/site-packages/airflow/example_dags/example_sensors.py
[2023-12-24T14:30:49.357+0000] {processor.py:830} INFO - Processing file /home/airflow/.local/lib/python3.8/site-packages/airflow/example_dags/example_sensors.py for tasks to queue
[2023-12-24T14:30:49.363+0000] {logging_mixin.py:188} INFO - [2023-12-24T14:30:49.362+0000] {dagbag.py:538} INFO - Filling up the DagBag from /home/airflow/.local/lib/python3.8/site-packages/airflow/example_dags/example_sensors.py
[2023-12-24T14:30:49.387+0000] {processor.py:840} INFO - DAG(s) 'example_sensors' retrieved from /home/airflow/.local/lib/python3.8/site-packages/airflow/example_dags/example_sensors.py
[2023-12-24T14:30:49.454+0000] {logging_mixin.py:188} INFO - [2023-12-24T14:30:49.454+0000] {dag.py:3033} INFO - Sync 1 DAGs
[2023-12-24T14:30:49.485+0000] {logging_mixin.py:188} INFO - [2023-12-24T14:30:49.484+0000] {dag.py:3820} INFO - Setting next_dagrun for example_sensors to None, run_after=None
[2023-12-24T14:30:49.569+0000] {processor.py:183} INFO - Processing /home/airflow/.local/lib/python3.8/site-packages/airflow/example_dags/example_sensors.py took 0.221 seconds
[2023-12-24T14:31:19.888+0000] {processor.py:161} INFO - Started process (PID=1502) to work on /home/airflow/.local/lib/python3.8/site-packages/airflow/example_dags/example_sensors.py
[2023-12-24T14:31:19.890+0000] {processor.py:830} INFO - Processing file /home/airflow/.local/lib/python3.8/site-packages/airflow/example_dags/example_sensors.py for tasks to queue
[2023-12-24T14:31:19.895+0000] {logging_mixin.py:188} INFO - [2023-12-24T14:31:19.894+0000] {dagbag.py:538} INFO - Filling up the DagBag from /home/airflow/.local/lib/python3.8/site-packages/airflow/example_dags/example_sensors.py
[2023-12-24T14:31:19.911+0000] {processor.py:840} INFO - DAG(s) 'example_sensors' retrieved from /home/airflow/.local/lib/python3.8/site-packages/airflow/example_dags/example_sensors.py
[2023-12-24T14:31:19.985+0000] {logging_mixin.py:188} INFO - [2023-12-24T14:31:19.984+0000] {dag.py:3033} INFO - Sync 1 DAGs
[2023-12-24T14:31:20.019+0000] {logging_mixin.py:188} INFO - [2023-12-24T14:31:20.019+0000] {dag.py:3820} INFO - Setting next_dagrun for example_sensors to None, run_after=None
[2023-12-24T14:31:20.060+0000] {processor.py:183} INFO - Processing /home/airflow/.local/lib/python3.8/site-packages/airflow/example_dags/example_sensors.py took 0.178 seconds
[2023-12-24T14:33:19.992+0000] {processor.py:161} INFO - Started process (PID=45) to work on /home/airflow/.local/lib/python3.8/site-packages/airflow/example_dags/example_sensors.py
[2023-12-24T14:33:19.994+0000] {processor.py:830} INFO - Processing file /home/airflow/.local/lib/python3.8/site-packages/airflow/example_dags/example_sensors.py for tasks to queue
[2023-12-24T14:33:20.020+0000] {logging_mixin.py:188} INFO - [2023-12-24T14:33:20.019+0000] {dagbag.py:538} INFO - Filling up the DagBag from /home/airflow/.local/lib/python3.8/site-packages/airflow/example_dags/example_sensors.py
[2023-12-24T14:33:20.121+0000] {processor.py:840} INFO - DAG(s) 'example_sensors' retrieved from /home/airflow/.local/lib/python3.8/site-packages/airflow/example_dags/example_sensors.py
[2023-12-24T14:33:20.245+0000] {logging_mixin.py:188} INFO - [2023-12-24T14:33:20.244+0000] {dag.py:3033} INFO - Sync 1 DAGs
[2023-12-24T14:33:20.439+0000] {logging_mixin.py:188} INFO - [2023-12-24T14:33:20.439+0000] {dag.py:3820} INFO - Setting next_dagrun for example_sensors to None, run_after=None
[2023-12-24T14:33:20.582+0000] {processor.py:183} INFO - Processing /home/airflow/.local/lib/python3.8/site-packages/airflow/example_dags/example_sensors.py took 0.628 seconds
[2023-12-24T14:33:50.908+0000] {processor.py:161} INFO - Started process (PID=103) to work on /home/airflow/.local/lib/python3.8/site-packages/airflow/example_dags/example_sensors.py
[2023-12-24T14:33:50.912+0000] {processor.py:830} INFO - Processing file /home/airflow/.local/lib/python3.8/site-packages/airflow/example_dags/example_sensors.py for tasks to queue
[2023-12-24T14:33:50.919+0000] {logging_mixin.py:188} INFO - [2023-12-24T14:33:50.918+0000] {dagbag.py:538} INFO - Filling up the DagBag from /home/airflow/.local/lib/python3.8/site-packages/airflow/example_dags/example_sensors.py
[2023-12-24T14:33:50.941+0000] {processor.py:840} INFO - DAG(s) 'example_sensors' retrieved from /home/airflow/.local/lib/python3.8/site-packages/airflow/example_dags/example_sensors.py
[2023-12-24T14:33:51.273+0000] {logging_mixin.py:188} INFO - [2023-12-24T14:33:51.272+0000] {dag.py:3033} INFO - Sync 1 DAGs
[2023-12-24T14:33:51.315+0000] {logging_mixin.py:188} INFO - [2023-12-24T14:33:51.315+0000] {dag.py:3820} INFO - Setting next_dagrun for example_sensors to None, run_after=None
[2023-12-24T14:33:51.412+0000] {processor.py:183} INFO - Processing /home/airflow/.local/lib/python3.8/site-packages/airflow/example_dags/example_sensors.py took 0.510 seconds
[2023-12-24T14:34:21.703+0000] {processor.py:161} INFO - Started process (PID=161) to work on /home/airflow/.local/lib/python3.8/site-packages/airflow/example_dags/example_sensors.py
[2023-12-24T14:34:21.705+0000] {processor.py:830} INFO - Processing file /home/airflow/.local/lib/python3.8/site-packages/airflow/example_dags/example_sensors.py for tasks to queue
[2023-12-24T14:34:21.710+0000] {logging_mixin.py:188} INFO - [2023-12-24T14:34:21.709+0000] {dagbag.py:538} INFO - Filling up the DagBag from /home/airflow/.local/lib/python3.8/site-packages/airflow/example_dags/example_sensors.py
[2023-12-24T14:34:21.732+0000] {processor.py:840} INFO - DAG(s) 'example_sensors' retrieved from /home/airflow/.local/lib/python3.8/site-packages/airflow/example_dags/example_sensors.py
[2023-12-24T14:34:21.778+0000] {logging_mixin.py:188} INFO - [2023-12-24T14:34:21.777+0000] {dag.py:3033} INFO - Sync 1 DAGs
[2023-12-24T14:34:21.799+0000] {logging_mixin.py:188} INFO - [2023-12-24T14:34:21.799+0000] {dag.py:3820} INFO - Setting next_dagrun for example_sensors to None, run_after=None
[2023-12-24T14:34:21.832+0000] {processor.py:183} INFO - Processing /home/airflow/.local/lib/python3.8/site-packages/airflow/example_dags/example_sensors.py took 0.136 seconds
[2023-12-24T14:34:52.142+0000] {processor.py:161} INFO - Started process (PID=219) to work on /home/airflow/.local/lib/python3.8/site-packages/airflow/example_dags/example_sensors.py
[2023-12-24T14:34:52.144+0000] {processor.py:830} INFO - Processing file /home/airflow/.local/lib/python3.8/site-packages/airflow/example_dags/example_sensors.py for tasks to queue
[2023-12-24T14:34:52.149+0000] {logging_mixin.py:188} INFO - [2023-12-24T14:34:52.149+0000] {dagbag.py:538} INFO - Filling up the DagBag from /home/airflow/.local/lib/python3.8/site-packages/airflow/example_dags/example_sensors.py
[2023-12-24T14:34:52.173+0000] {processor.py:840} INFO - DAG(s) 'example_sensors' retrieved from /home/airflow/.local/lib/python3.8/site-packages/airflow/example_dags/example_sensors.py
[2023-12-24T14:34:52.232+0000] {logging_mixin.py:188} INFO - [2023-12-24T14:34:52.231+0000] {dag.py:3033} INFO - Sync 1 DAGs
[2023-12-24T14:34:52.266+0000] {logging_mixin.py:188} INFO - [2023-12-24T14:34:52.265+0000] {dag.py:3820} INFO - Setting next_dagrun for example_sensors to None, run_after=None
[2023-12-24T14:34:52.304+0000] {processor.py:183} INFO - Processing /home/airflow/.local/lib/python3.8/site-packages/airflow/example_dags/example_sensors.py took 0.171 seconds
[2023-12-24T14:35:22.471+0000] {processor.py:161} INFO - Started process (PID=277) to work on /home/airflow/.local/lib/python3.8/site-packages/airflow/example_dags/example_sensors.py
[2023-12-24T14:35:22.473+0000] {processor.py:830} INFO - Processing file /home/airflow/.local/lib/python3.8/site-packages/airflow/example_dags/example_sensors.py for tasks to queue
[2023-12-24T14:35:22.478+0000] {logging_mixin.py:188} INFO - [2023-12-24T14:35:22.478+0000] {dagbag.py:538} INFO - Filling up the DagBag from /home/airflow/.local/lib/python3.8/site-packages/airflow/example_dags/example_sensors.py
[2023-12-24T14:35:22.494+0000] {processor.py:840} INFO - DAG(s) 'example_sensors' retrieved from /home/airflow/.local/lib/python3.8/site-packages/airflow/example_dags/example_sensors.py
[2023-12-24T14:35:22.533+0000] {logging_mixin.py:188} INFO - [2023-12-24T14:35:22.533+0000] {dag.py:3033} INFO - Sync 1 DAGs
[2023-12-24T14:35:22.561+0000] {logging_mixin.py:188} INFO - [2023-12-24T14:35:22.561+0000] {dag.py:3820} INFO - Setting next_dagrun for example_sensors to None, run_after=None
[2023-12-24T14:35:22.593+0000] {processor.py:183} INFO - Processing /home/airflow/.local/lib/python3.8/site-packages/airflow/example_dags/example_sensors.py took 0.129 seconds
[2023-12-24T14:35:52.994+0000] {processor.py:161} INFO - Started process (PID=336) to work on /home/airflow/.local/lib/python3.8/site-packages/airflow/example_dags/example_sensors.py
[2023-12-24T14:35:52.998+0000] {processor.py:830} INFO - Processing file /home/airflow/.local/lib/python3.8/site-packages/airflow/example_dags/example_sensors.py for tasks to queue
[2023-12-24T14:35:53.003+0000] {logging_mixin.py:188} INFO - [2023-12-24T14:35:53.003+0000] {dagbag.py:538} INFO - Filling up the DagBag from /home/airflow/.local/lib/python3.8/site-packages/airflow/example_dags/example_sensors.py
[2023-12-24T14:35:53.022+0000] {processor.py:840} INFO - DAG(s) 'example_sensors' retrieved from /home/airflow/.local/lib/python3.8/site-packages/airflow/example_dags/example_sensors.py
[2023-12-24T14:35:53.068+0000] {logging_mixin.py:188} INFO - [2023-12-24T14:35:53.068+0000] {dag.py:3033} INFO - Sync 1 DAGs
[2023-12-24T14:35:53.098+0000] {logging_mixin.py:188} INFO - [2023-12-24T14:35:53.098+0000] {dag.py:3820} INFO - Setting next_dagrun for example_sensors to None, run_after=None
[2023-12-24T14:35:53.142+0000] {processor.py:183} INFO - Processing /home/airflow/.local/lib/python3.8/site-packages/airflow/example_dags/example_sensors.py took 0.154 seconds
[2023-12-24T14:36:23.750+0000] {processor.py:161} INFO - Started process (PID=394) to work on /home/airflow/.local/lib/python3.8/site-packages/airflow/example_dags/example_sensors.py
[2023-12-24T14:36:23.752+0000] {processor.py:830} INFO - Processing file /home/airflow/.local/lib/python3.8/site-packages/airflow/example_dags/example_sensors.py for tasks to queue
[2023-12-24T14:36:23.757+0000] {logging_mixin.py:188} INFO - [2023-12-24T14:36:23.756+0000] {dagbag.py:538} INFO - Filling up the DagBag from /home/airflow/.local/lib/python3.8/site-packages/airflow/example_dags/example_sensors.py
[2023-12-24T14:36:23.781+0000] {processor.py:840} INFO - DAG(s) 'example_sensors' retrieved from /home/airflow/.local/lib/python3.8/site-packages/airflow/example_dags/example_sensors.py
[2023-12-24T14:36:23.844+0000] {logging_mixin.py:188} INFO - [2023-12-24T14:36:23.844+0000] {dag.py:3033} INFO - Sync 1 DAGs
[2023-12-24T14:36:23.877+0000] {logging_mixin.py:188} INFO - [2023-12-24T14:36:23.876+0000] {dag.py:3820} INFO - Setting next_dagrun for example_sensors to None, run_after=None
[2023-12-24T14:36:23.922+0000] {processor.py:183} INFO - Processing /home/airflow/.local/lib/python3.8/site-packages/airflow/example_dags/example_sensors.py took 0.178 seconds
[2023-12-24T14:36:54.189+0000] {processor.py:161} INFO - Started process (PID=453) to work on /home/airflow/.local/lib/python3.8/site-packages/airflow/example_dags/example_sensors.py
[2023-12-24T14:36:54.191+0000] {processor.py:830} INFO - Processing file /home/airflow/.local/lib/python3.8/site-packages/airflow/example_dags/example_sensors.py for tasks to queue
[2023-12-24T14:36:54.197+0000] {logging_mixin.py:188} INFO - [2023-12-24T14:36:54.196+0000] {dagbag.py:538} INFO - Filling up the DagBag from /home/airflow/.local/lib/python3.8/site-packages/airflow/example_dags/example_sensors.py
[2023-12-24T14:36:54.222+0000] {processor.py:840} INFO - DAG(s) 'example_sensors' retrieved from /home/airflow/.local/lib/python3.8/site-packages/airflow/example_dags/example_sensors.py
[2023-12-24T14:36:54.286+0000] {logging_mixin.py:188} INFO - [2023-12-24T14:36:54.285+0000] {dag.py:3033} INFO - Sync 1 DAGs
[2023-12-24T14:36:54.318+0000] {logging_mixin.py:188} INFO - [2023-12-24T14:36:54.318+0000] {dag.py:3820} INFO - Setting next_dagrun for example_sensors to None, run_after=None
[2023-12-24T14:36:54.353+0000] {processor.py:183} INFO - Processing /home/airflow/.local/lib/python3.8/site-packages/airflow/example_dags/example_sensors.py took 0.173 seconds
[2023-12-24T14:37:24.604+0000] {processor.py:161} INFO - Started process (PID=512) to work on /home/airflow/.local/lib/python3.8/site-packages/airflow/example_dags/example_sensors.py
[2023-12-24T14:37:24.605+0000] {processor.py:830} INFO - Processing file /home/airflow/.local/lib/python3.8/site-packages/airflow/example_dags/example_sensors.py for tasks to queue
[2023-12-24T14:37:24.611+0000] {logging_mixin.py:188} INFO - [2023-12-24T14:37:24.610+0000] {dagbag.py:538} INFO - Filling up the DagBag from /home/airflow/.local/lib/python3.8/site-packages/airflow/example_dags/example_sensors.py
[2023-12-24T14:37:24.639+0000] {processor.py:840} INFO - DAG(s) 'example_sensors' retrieved from /home/airflow/.local/lib/python3.8/site-packages/airflow/example_dags/example_sensors.py
[2023-12-24T14:37:24.696+0000] {logging_mixin.py:188} INFO - [2023-12-24T14:37:24.696+0000] {dag.py:3033} INFO - Sync 1 DAGs
[2023-12-24T14:37:24.722+0000] {logging_mixin.py:188} INFO - [2023-12-24T14:37:24.722+0000] {dag.py:3820} INFO - Setting next_dagrun for example_sensors to None, run_after=None
[2023-12-24T14:37:24.763+0000] {processor.py:183} INFO - Processing /home/airflow/.local/lib/python3.8/site-packages/airflow/example_dags/example_sensors.py took 0.166 seconds
[2023-12-24T14:37:55.226+0000] {processor.py:161} INFO - Started process (PID=570) to work on /home/airflow/.local/lib/python3.8/site-packages/airflow/example_dags/example_sensors.py
[2023-12-24T14:37:55.228+0000] {processor.py:830} INFO - Processing file /home/airflow/.local/lib/python3.8/site-packages/airflow/example_dags/example_sensors.py for tasks to queue
[2023-12-24T14:37:55.234+0000] {logging_mixin.py:188} INFO - [2023-12-24T14:37:55.232+0000] {dagbag.py:538} INFO - Filling up the DagBag from /home/airflow/.local/lib/python3.8/site-packages/airflow/example_dags/example_sensors.py
[2023-12-24T14:37:55.260+0000] {processor.py:840} INFO - DAG(s) 'example_sensors' retrieved from /home/airflow/.local/lib/python3.8/site-packages/airflow/example_dags/example_sensors.py
[2023-12-24T14:37:55.325+0000] {logging_mixin.py:188} INFO - [2023-12-24T14:37:55.325+0000] {dag.py:3033} INFO - Sync 1 DAGs
[2023-12-24T14:37:55.361+0000] {logging_mixin.py:188} INFO - [2023-12-24T14:37:55.360+0000] {dag.py:3820} INFO - Setting next_dagrun for example_sensors to None, run_after=None
[2023-12-24T14:37:55.485+0000] {processor.py:183} INFO - Processing /home/airflow/.local/lib/python3.8/site-packages/airflow/example_dags/example_sensors.py took 0.267 seconds
[2023-12-24T14:38:26.309+0000] {processor.py:161} INFO - Started process (PID=629) to work on /home/airflow/.local/lib/python3.8/site-packages/airflow/example_dags/example_sensors.py
[2023-12-24T14:38:26.312+0000] {processor.py:830} INFO - Processing file /home/airflow/.local/lib/python3.8/site-packages/airflow/example_dags/example_sensors.py for tasks to queue
[2023-12-24T14:38:26.318+0000] {logging_mixin.py:188} INFO - [2023-12-24T14:38:26.317+0000] {dagbag.py:538} INFO - Filling up the DagBag from /home/airflow/.local/lib/python3.8/site-packages/airflow/example_dags/example_sensors.py
[2023-12-24T14:38:26.354+0000] {processor.py:840} INFO - DAG(s) 'example_sensors' retrieved from /home/airflow/.local/lib/python3.8/site-packages/airflow/example_dags/example_sensors.py
[2023-12-24T14:38:26.418+0000] {logging_mixin.py:188} INFO - [2023-12-24T14:38:26.418+0000] {dag.py:3033} INFO - Sync 1 DAGs
[2023-12-24T14:38:26.451+0000] {logging_mixin.py:188} INFO - [2023-12-24T14:38:26.451+0000] {dag.py:3820} INFO - Setting next_dagrun for example_sensors to None, run_after=None
[2023-12-24T14:38:26.501+0000] {processor.py:183} INFO - Processing /home/airflow/.local/lib/python3.8/site-packages/airflow/example_dags/example_sensors.py took 0.203 seconds
[2023-12-24T14:38:57.333+0000] {processor.py:161} INFO - Started process (PID=688) to work on /home/airflow/.local/lib/python3.8/site-packages/airflow/example_dags/example_sensors.py
[2023-12-24T14:38:57.335+0000] {processor.py:830} INFO - Processing file /home/airflow/.local/lib/python3.8/site-packages/airflow/example_dags/example_sensors.py for tasks to queue
[2023-12-24T14:38:57.342+0000] {logging_mixin.py:188} INFO - [2023-12-24T14:38:57.341+0000] {dagbag.py:538} INFO - Filling up the DagBag from /home/airflow/.local/lib/python3.8/site-packages/airflow/example_dags/example_sensors.py
[2023-12-24T14:38:57.367+0000] {processor.py:840} INFO - DAG(s) 'example_sensors' retrieved from /home/airflow/.local/lib/python3.8/site-packages/airflow/example_dags/example_sensors.py
[2023-12-24T14:38:57.458+0000] {logging_mixin.py:188} INFO - [2023-12-24T14:38:57.458+0000] {dag.py:3033} INFO - Sync 1 DAGs
[2023-12-24T14:38:57.520+0000] {logging_mixin.py:188} INFO - [2023-12-24T14:38:57.519+0000] {dag.py:3820} INFO - Setting next_dagrun for example_sensors to None, run_after=None
[2023-12-24T14:38:57.635+0000] {processor.py:183} INFO - Processing /home/airflow/.local/lib/python3.8/site-packages/airflow/example_dags/example_sensors.py took 0.311 seconds
[2023-12-24T14:39:28.436+0000] {processor.py:161} INFO - Started process (PID=747) to work on /home/airflow/.local/lib/python3.8/site-packages/airflow/example_dags/example_sensors.py
[2023-12-24T14:39:28.438+0000] {processor.py:830} INFO - Processing file /home/airflow/.local/lib/python3.8/site-packages/airflow/example_dags/example_sensors.py for tasks to queue
[2023-12-24T14:39:28.444+0000] {logging_mixin.py:188} INFO - [2023-12-24T14:39:28.443+0000] {dagbag.py:538} INFO - Filling up the DagBag from /home/airflow/.local/lib/python3.8/site-packages/airflow/example_dags/example_sensors.py
[2023-12-24T14:39:28.470+0000] {processor.py:840} INFO - DAG(s) 'example_sensors' retrieved from /home/airflow/.local/lib/python3.8/site-packages/airflow/example_dags/example_sensors.py
[2023-12-24T14:39:28.523+0000] {logging_mixin.py:188} INFO - [2023-12-24T14:39:28.523+0000] {dag.py:3033} INFO - Sync 1 DAGs
[2023-12-24T14:39:28.553+0000] {logging_mixin.py:188} INFO - [2023-12-24T14:39:28.553+0000] {dag.py:3820} INFO - Setting next_dagrun for example_sensors to None, run_after=None
[2023-12-24T14:39:28.621+0000] {processor.py:183} INFO - Processing /home/airflow/.local/lib/python3.8/site-packages/airflow/example_dags/example_sensors.py took 0.194 seconds
[2023-12-24T14:39:58.765+0000] {processor.py:161} INFO - Started process (PID=804) to work on /home/airflow/.local/lib/python3.8/site-packages/airflow/example_dags/example_sensors.py
[2023-12-24T14:39:58.767+0000] {processor.py:830} INFO - Processing file /home/airflow/.local/lib/python3.8/site-packages/airflow/example_dags/example_sensors.py for tasks to queue
[2023-12-24T14:39:58.772+0000] {logging_mixin.py:188} INFO - [2023-12-24T14:39:58.772+0000] {dagbag.py:538} INFO - Filling up the DagBag from /home/airflow/.local/lib/python3.8/site-packages/airflow/example_dags/example_sensors.py
[2023-12-24T14:39:58.795+0000] {processor.py:840} INFO - DAG(s) 'example_sensors' retrieved from /home/airflow/.local/lib/python3.8/site-packages/airflow/example_dags/example_sensors.py
[2023-12-24T14:39:58.862+0000] {logging_mixin.py:188} INFO - [2023-12-24T14:39:58.861+0000] {dag.py:3033} INFO - Sync 1 DAGs
[2023-12-24T14:39:58.897+0000] {logging_mixin.py:188} INFO - [2023-12-24T14:39:58.897+0000] {dag.py:3820} INFO - Setting next_dagrun for example_sensors to None, run_after=None
[2023-12-24T14:39:58.948+0000] {processor.py:183} INFO - Processing /home/airflow/.local/lib/python3.8/site-packages/airflow/example_dags/example_sensors.py took 0.192 seconds
[2023-12-24T14:40:29.652+0000] {processor.py:161} INFO - Started process (PID=864) to work on /home/airflow/.local/lib/python3.8/site-packages/airflow/example_dags/example_sensors.py
[2023-12-24T14:40:29.653+0000] {processor.py:830} INFO - Processing file /home/airflow/.local/lib/python3.8/site-packages/airflow/example_dags/example_sensors.py for tasks to queue
[2023-12-24T14:40:29.659+0000] {logging_mixin.py:188} INFO - [2023-12-24T14:40:29.658+0000] {dagbag.py:538} INFO - Filling up the DagBag from /home/airflow/.local/lib/python3.8/site-packages/airflow/example_dags/example_sensors.py
[2023-12-24T14:40:29.683+0000] {processor.py:840} INFO - DAG(s) 'example_sensors' retrieved from /home/airflow/.local/lib/python3.8/site-packages/airflow/example_dags/example_sensors.py
[2023-12-24T14:40:29.746+0000] {logging_mixin.py:188} INFO - [2023-12-24T14:40:29.746+0000] {dag.py:3033} INFO - Sync 1 DAGs
[2023-12-24T14:40:29.783+0000] {logging_mixin.py:188} INFO - [2023-12-24T14:40:29.783+0000] {dag.py:3820} INFO - Setting next_dagrun for example_sensors to None, run_after=None
[2023-12-24T14:40:29.821+0000] {processor.py:183} INFO - Processing /home/airflow/.local/lib/python3.8/site-packages/airflow/example_dags/example_sensors.py took 0.176 seconds
[2023-12-24T14:40:59.878+0000] {processor.py:161} INFO - Started process (PID=923) to work on /home/airflow/.local/lib/python3.8/site-packages/airflow/example_dags/example_sensors.py
[2023-12-24T14:40:59.879+0000] {processor.py:830} INFO - Processing file /home/airflow/.local/lib/python3.8/site-packages/airflow/example_dags/example_sensors.py for tasks to queue
[2023-12-24T14:40:59.885+0000] {logging_mixin.py:188} INFO - [2023-12-24T14:40:59.884+0000] {dagbag.py:538} INFO - Filling up the DagBag from /home/airflow/.local/lib/python3.8/site-packages/airflow/example_dags/example_sensors.py
[2023-12-24T14:40:59.907+0000] {processor.py:840} INFO - DAG(s) 'example_sensors' retrieved from /home/airflow/.local/lib/python3.8/site-packages/airflow/example_dags/example_sensors.py
[2023-12-24T14:41:00.135+0000] {logging_mixin.py:188} INFO - [2023-12-24T14:41:00.134+0000] {dag.py:3033} INFO - Sync 1 DAGs
[2023-12-24T14:41:00.218+0000] {logging_mixin.py:188} INFO - [2023-12-24T14:41:00.218+0000] {dag.py:3820} INFO - Setting next_dagrun for example_sensors to None, run_after=None
[2023-12-24T14:41:00.278+0000] {processor.py:183} INFO - Processing /home/airflow/.local/lib/python3.8/site-packages/airflow/example_dags/example_sensors.py took 0.408 seconds
[2023-12-24T14:41:30.612+0000] {processor.py:161} INFO - Started process (PID=982) to work on /home/airflow/.local/lib/python3.8/site-packages/airflow/example_dags/example_sensors.py
[2023-12-24T14:41:30.613+0000] {processor.py:830} INFO - Processing file /home/airflow/.local/lib/python3.8/site-packages/airflow/example_dags/example_sensors.py for tasks to queue
[2023-12-24T14:41:30.620+0000] {logging_mixin.py:188} INFO - [2023-12-24T14:41:30.619+0000] {dagbag.py:538} INFO - Filling up the DagBag from /home/airflow/.local/lib/python3.8/site-packages/airflow/example_dags/example_sensors.py
[2023-12-24T14:41:30.646+0000] {processor.py:840} INFO - DAG(s) 'example_sensors' retrieved from /home/airflow/.local/lib/python3.8/site-packages/airflow/example_dags/example_sensors.py
[2023-12-24T14:41:30.707+0000] {logging_mixin.py:188} INFO - [2023-12-24T14:41:30.707+0000] {dag.py:3033} INFO - Sync 1 DAGs
[2023-12-24T14:41:30.742+0000] {logging_mixin.py:188} INFO - [2023-12-24T14:41:30.742+0000] {dag.py:3820} INFO - Setting next_dagrun for example_sensors to None, run_after=None
[2023-12-24T14:41:30.780+0000] {processor.py:183} INFO - Processing /home/airflow/.local/lib/python3.8/site-packages/airflow/example_dags/example_sensors.py took 0.177 seconds
[2023-12-24T14:42:01.055+0000] {processor.py:161} INFO - Started process (PID=1041) to work on /home/airflow/.local/lib/python3.8/site-packages/airflow/example_dags/example_sensors.py
[2023-12-24T14:42:01.057+0000] {processor.py:830} INFO - Processing file /home/airflow/.local/lib/python3.8/site-packages/airflow/example_dags/example_sensors.py for tasks to queue
[2023-12-24T14:42:01.063+0000] {logging_mixin.py:188} INFO - [2023-12-24T14:42:01.062+0000] {dagbag.py:538} INFO - Filling up the DagBag from /home/airflow/.local/lib/python3.8/site-packages/airflow/example_dags/example_sensors.py
[2023-12-24T14:42:01.081+0000] {processor.py:840} INFO - DAG(s) 'example_sensors' retrieved from /home/airflow/.local/lib/python3.8/site-packages/airflow/example_dags/example_sensors.py
[2023-12-24T14:42:01.125+0000] {logging_mixin.py:188} INFO - [2023-12-24T14:42:01.125+0000] {dag.py:3033} INFO - Sync 1 DAGs
[2023-12-24T14:42:01.150+0000] {logging_mixin.py:188} INFO - [2023-12-24T14:42:01.149+0000] {dag.py:3820} INFO - Setting next_dagrun for example_sensors to None, run_after=None
[2023-12-24T14:42:01.188+0000] {processor.py:183} INFO - Processing /home/airflow/.local/lib/python3.8/site-packages/airflow/example_dags/example_sensors.py took 0.141 seconds
[2023-12-24T14:42:31.817+0000] {processor.py:161} INFO - Started process (PID=1100) to work on /home/airflow/.local/lib/python3.8/site-packages/airflow/example_dags/example_sensors.py
[2023-12-24T14:42:31.819+0000] {processor.py:830} INFO - Processing file /home/airflow/.local/lib/python3.8/site-packages/airflow/example_dags/example_sensors.py for tasks to queue
[2023-12-24T14:42:31.824+0000] {logging_mixin.py:188} INFO - [2023-12-24T14:42:31.823+0000] {dagbag.py:538} INFO - Filling up the DagBag from /home/airflow/.local/lib/python3.8/site-packages/airflow/example_dags/example_sensors.py
[2023-12-24T14:42:31.844+0000] {processor.py:840} INFO - DAG(s) 'example_sensors' retrieved from /home/airflow/.local/lib/python3.8/site-packages/airflow/example_dags/example_sensors.py
[2023-12-24T14:42:31.891+0000] {logging_mixin.py:188} INFO - [2023-12-24T14:42:31.891+0000] {dag.py:3033} INFO - Sync 1 DAGs
[2023-12-24T14:42:31.916+0000] {logging_mixin.py:188} INFO - [2023-12-24T14:42:31.915+0000] {dag.py:3820} INFO - Setting next_dagrun for example_sensors to None, run_after=None
[2023-12-24T14:42:31.952+0000] {processor.py:183} INFO - Processing /home/airflow/.local/lib/python3.8/site-packages/airflow/example_dags/example_sensors.py took 0.142 seconds
[2023-12-24T14:43:02.222+0000] {processor.py:161} INFO - Started process (PID=1159) to work on /home/airflow/.local/lib/python3.8/site-packages/airflow/example_dags/example_sensors.py
[2023-12-24T14:43:02.224+0000] {processor.py:830} INFO - Processing file /home/airflow/.local/lib/python3.8/site-packages/airflow/example_dags/example_sensors.py for tasks to queue
[2023-12-24T14:43:02.229+0000] {logging_mixin.py:188} INFO - [2023-12-24T14:43:02.228+0000] {dagbag.py:538} INFO - Filling up the DagBag from /home/airflow/.local/lib/python3.8/site-packages/airflow/example_dags/example_sensors.py
[2023-12-24T14:43:02.252+0000] {processor.py:840} INFO - DAG(s) 'example_sensors' retrieved from /home/airflow/.local/lib/python3.8/site-packages/airflow/example_dags/example_sensors.py
[2023-12-24T14:43:02.308+0000] {logging_mixin.py:188} INFO - [2023-12-24T14:43:02.308+0000] {dag.py:3033} INFO - Sync 1 DAGs
[2023-12-24T14:43:02.342+0000] {logging_mixin.py:188} INFO - [2023-12-24T14:43:02.342+0000] {dag.py:3820} INFO - Setting next_dagrun for example_sensors to None, run_after=None
[2023-12-24T14:43:02.388+0000] {processor.py:183} INFO - Processing /home/airflow/.local/lib/python3.8/site-packages/airflow/example_dags/example_sensors.py took 0.174 seconds
[2023-12-24T14:43:32.542+0000] {processor.py:161} INFO - Started process (PID=1218) to work on /home/airflow/.local/lib/python3.8/site-packages/airflow/example_dags/example_sensors.py
[2023-12-24T14:43:32.543+0000] {processor.py:830} INFO - Processing file /home/airflow/.local/lib/python3.8/site-packages/airflow/example_dags/example_sensors.py for tasks to queue
[2023-12-24T14:43:32.548+0000] {logging_mixin.py:188} INFO - [2023-12-24T14:43:32.547+0000] {dagbag.py:538} INFO - Filling up the DagBag from /home/airflow/.local/lib/python3.8/site-packages/airflow/example_dags/example_sensors.py
[2023-12-24T14:43:32.566+0000] {processor.py:840} INFO - DAG(s) 'example_sensors' retrieved from /home/airflow/.local/lib/python3.8/site-packages/airflow/example_dags/example_sensors.py
[2023-12-24T14:43:32.620+0000] {logging_mixin.py:188} INFO - [2023-12-24T14:43:32.619+0000] {dag.py:3033} INFO - Sync 1 DAGs
[2023-12-24T14:43:32.645+0000] {logging_mixin.py:188} INFO - [2023-12-24T14:43:32.644+0000] {dag.py:3820} INFO - Setting next_dagrun for example_sensors to None, run_after=None
[2023-12-24T14:43:32.683+0000] {processor.py:183} INFO - Processing /home/airflow/.local/lib/python3.8/site-packages/airflow/example_dags/example_sensors.py took 0.148 seconds
[2023-12-24T14:44:03.618+0000] {processor.py:161} INFO - Started process (PID=1277) to work on /home/airflow/.local/lib/python3.8/site-packages/airflow/example_dags/example_sensors.py
[2023-12-24T14:44:03.620+0000] {processor.py:830} INFO - Processing file /home/airflow/.local/lib/python3.8/site-packages/airflow/example_dags/example_sensors.py for tasks to queue
[2023-12-24T14:44:03.624+0000] {logging_mixin.py:188} INFO - [2023-12-24T14:44:03.624+0000] {dagbag.py:538} INFO - Filling up the DagBag from /home/airflow/.local/lib/python3.8/site-packages/airflow/example_dags/example_sensors.py
[2023-12-24T14:44:03.643+0000] {processor.py:840} INFO - DAG(s) 'example_sensors' retrieved from /home/airflow/.local/lib/python3.8/site-packages/airflow/example_dags/example_sensors.py
[2023-12-24T14:44:03.698+0000] {logging_mixin.py:188} INFO - [2023-12-24T14:44:03.698+0000] {dag.py:3033} INFO - Sync 1 DAGs
[2023-12-24T14:44:03.728+0000] {logging_mixin.py:188} INFO - [2023-12-24T14:44:03.728+0000] {dag.py:3820} INFO - Setting next_dagrun for example_sensors to None, run_after=None
[2023-12-24T14:44:03.763+0000] {processor.py:183} INFO - Processing /home/airflow/.local/lib/python3.8/site-packages/airflow/example_dags/example_sensors.py took 0.153 seconds
[2023-12-24T14:44:34.109+0000] {processor.py:161} INFO - Started process (PID=1336) to work on /home/airflow/.local/lib/python3.8/site-packages/airflow/example_dags/example_sensors.py
[2023-12-24T14:44:34.111+0000] {processor.py:830} INFO - Processing file /home/airflow/.local/lib/python3.8/site-packages/airflow/example_dags/example_sensors.py for tasks to queue
[2023-12-24T14:44:34.118+0000] {logging_mixin.py:188} INFO - [2023-12-24T14:44:34.117+0000] {dagbag.py:538} INFO - Filling up the DagBag from /home/airflow/.local/lib/python3.8/site-packages/airflow/example_dags/example_sensors.py
[2023-12-24T14:44:34.146+0000] {processor.py:840} INFO - DAG(s) 'example_sensors' retrieved from /home/airflow/.local/lib/python3.8/site-packages/airflow/example_dags/example_sensors.py
[2023-12-24T14:44:34.224+0000] {logging_mixin.py:188} INFO - [2023-12-24T14:44:34.224+0000] {dag.py:3033} INFO - Sync 1 DAGs
[2023-12-24T14:44:34.251+0000] {logging_mixin.py:188} INFO - [2023-12-24T14:44:34.251+0000] {dag.py:3820} INFO - Setting next_dagrun for example_sensors to None, run_after=None
[2023-12-24T14:44:34.298+0000] {processor.py:183} INFO - Processing /home/airflow/.local/lib/python3.8/site-packages/airflow/example_dags/example_sensors.py took 0.198 seconds
[2023-12-24T14:45:04.522+0000] {processor.py:161} INFO - Started process (PID=1395) to work on /home/airflow/.local/lib/python3.8/site-packages/airflow/example_dags/example_sensors.py
[2023-12-24T14:45:04.524+0000] {processor.py:830} INFO - Processing file /home/airflow/.local/lib/python3.8/site-packages/airflow/example_dags/example_sensors.py for tasks to queue
[2023-12-24T14:45:04.530+0000] {logging_mixin.py:188} INFO - [2023-12-24T14:45:04.529+0000] {dagbag.py:538} INFO - Filling up the DagBag from /home/airflow/.local/lib/python3.8/site-packages/airflow/example_dags/example_sensors.py
[2023-12-24T14:45:04.551+0000] {processor.py:840} INFO - DAG(s) 'example_sensors' retrieved from /home/airflow/.local/lib/python3.8/site-packages/airflow/example_dags/example_sensors.py
[2023-12-24T14:45:04.610+0000] {logging_mixin.py:188} INFO - [2023-12-24T14:45:04.610+0000] {dag.py:3033} INFO - Sync 1 DAGs
[2023-12-24T14:45:04.645+0000] {logging_mixin.py:188} INFO - [2023-12-24T14:45:04.645+0000] {dag.py:3820} INFO - Setting next_dagrun for example_sensors to None, run_after=None
[2023-12-24T14:45:04.688+0000] {processor.py:183} INFO - Processing /home/airflow/.local/lib/python3.8/site-packages/airflow/example_dags/example_sensors.py took 0.173 seconds
