[2023-12-24T14:03:46.478+0000] {processor.py:161} INFO - Started process (PID=99) to work on /home/airflow/.local/lib/python3.8/site-packages/airflow/example_dags/example_python_operator.py
[2023-12-24T14:03:46.480+0000] {processor.py:830} INFO - Processing file /home/airflow/.local/lib/python3.8/site-packages/airflow/example_dags/example_python_operator.py for tasks to queue
[2023-12-24T14:03:46.483+0000] {logging_mixin.py:188} INFO - [2023-12-24T14:03:46.482+0000] {dagbag.py:538} INFO - Filling up the DagBag from /home/airflow/.local/lib/python3.8/site-packages/airflow/example_dags/example_python_operator.py
[2023-12-24T14:03:46.501+0000] {processor.py:840} INFO - DAG(s) 'example_python_operator' retrieved from /home/airflow/.local/lib/python3.8/site-packages/airflow/example_dags/example_python_operator.py
[2023-12-24T14:03:46.641+0000] {logging_mixin.py:188} INFO - [2023-12-24T14:03:46.641+0000] {dag.py:3033} INFO - Sync 1 DAGs
[2023-12-24T14:03:46.655+0000] {logging_mixin.py:188} INFO - [2023-12-24T14:03:46.654+0000] {dag.py:3820} INFO - Setting next_dagrun for example_python_operator to None, run_after=None
[2023-12-24T14:03:46.682+0000] {processor.py:183} INFO - Processing /home/airflow/.local/lib/python3.8/site-packages/airflow/example_dags/example_python_operator.py took 0.208 seconds
[2023-12-24T14:05:50.189+0000] {processor.py:161} INFO - Started process (PID=56) to work on /home/airflow/.local/lib/python3.8/site-packages/airflow/example_dags/example_python_operator.py
[2023-12-24T14:05:50.191+0000] {processor.py:830} INFO - Processing file /home/airflow/.local/lib/python3.8/site-packages/airflow/example_dags/example_python_operator.py for tasks to queue
[2023-12-24T14:05:50.210+0000] {logging_mixin.py:188} INFO - [2023-12-24T14:05:50.209+0000] {dagbag.py:538} INFO - Filling up the DagBag from /home/airflow/.local/lib/python3.8/site-packages/airflow/example_dags/example_python_operator.py
[2023-12-24T14:05:50.251+0000] {processor.py:840} INFO - DAG(s) 'example_python_operator' retrieved from /home/airflow/.local/lib/python3.8/site-packages/airflow/example_dags/example_python_operator.py
[2023-12-24T14:05:50.530+0000] {logging_mixin.py:188} INFO - [2023-12-24T14:05:50.530+0000] {dag.py:3033} INFO - Sync 1 DAGs
[2023-12-24T14:05:50.563+0000] {logging_mixin.py:188} INFO - [2023-12-24T14:05:50.563+0000] {dag.py:3820} INFO - Setting next_dagrun for example_python_operator to None, run_after=None
[2023-12-24T14:05:50.606+0000] {processor.py:183} INFO - Processing /home/airflow/.local/lib/python3.8/site-packages/airflow/example_dags/example_python_operator.py took 0.426 seconds
[2023-12-24T14:06:35.698+0000] {processor.py:161} INFO - Started process (PID=49) to work on /home/airflow/.local/lib/python3.8/site-packages/airflow/example_dags/example_python_operator.py
[2023-12-24T14:06:35.699+0000] {processor.py:830} INFO - Processing file /home/airflow/.local/lib/python3.8/site-packages/airflow/example_dags/example_python_operator.py for tasks to queue
[2023-12-24T14:06:35.705+0000] {logging_mixin.py:188} INFO - [2023-12-24T14:06:35.704+0000] {dagbag.py:538} INFO - Filling up the DagBag from /home/airflow/.local/lib/python3.8/site-packages/airflow/example_dags/example_python_operator.py
[2023-12-24T14:06:35.728+0000] {processor.py:840} INFO - DAG(s) 'example_python_operator' retrieved from /home/airflow/.local/lib/python3.8/site-packages/airflow/example_dags/example_python_operator.py
[2023-12-24T14:06:35.920+0000] {logging_mixin.py:188} INFO - [2023-12-24T14:06:35.919+0000] {dag.py:3033} INFO - Sync 1 DAGs
[2023-12-24T14:06:35.949+0000] {logging_mixin.py:188} INFO - [2023-12-24T14:06:35.948+0000] {dag.py:3820} INFO - Setting next_dagrun for example_python_operator to None, run_after=None
[2023-12-24T14:06:36.032+0000] {processor.py:183} INFO - Processing /home/airflow/.local/lib/python3.8/site-packages/airflow/example_dags/example_python_operator.py took 0.340 seconds
[2023-12-24T14:07:06.703+0000] {processor.py:161} INFO - Started process (PID=108) to work on /home/airflow/.local/lib/python3.8/site-packages/airflow/example_dags/example_python_operator.py
[2023-12-24T14:07:06.706+0000] {processor.py:830} INFO - Processing file /home/airflow/.local/lib/python3.8/site-packages/airflow/example_dags/example_python_operator.py for tasks to queue
[2023-12-24T14:07:06.710+0000] {logging_mixin.py:188} INFO - [2023-12-24T14:07:06.710+0000] {dagbag.py:538} INFO - Filling up the DagBag from /home/airflow/.local/lib/python3.8/site-packages/airflow/example_dags/example_python_operator.py
[2023-12-24T14:07:06.733+0000] {processor.py:840} INFO - DAG(s) 'example_python_operator' retrieved from /home/airflow/.local/lib/python3.8/site-packages/airflow/example_dags/example_python_operator.py
[2023-12-24T14:07:06.792+0000] {logging_mixin.py:188} INFO - [2023-12-24T14:07:06.791+0000] {dag.py:3033} INFO - Sync 1 DAGs
[2023-12-24T14:07:06.821+0000] {logging_mixin.py:188} INFO - [2023-12-24T14:07:06.821+0000] {dag.py:3820} INFO - Setting next_dagrun for example_python_operator to None, run_after=None
[2023-12-24T14:07:06.865+0000] {processor.py:183} INFO - Processing /home/airflow/.local/lib/python3.8/site-packages/airflow/example_dags/example_python_operator.py took 0.168 seconds
[2023-12-24T14:07:38.560+0000] {processor.py:161} INFO - Started process (PID=167) to work on /home/airflow/.local/lib/python3.8/site-packages/airflow/example_dags/example_python_operator.py
[2023-12-24T14:07:38.562+0000] {processor.py:830} INFO - Processing file /home/airflow/.local/lib/python3.8/site-packages/airflow/example_dags/example_python_operator.py for tasks to queue
[2023-12-24T14:07:38.567+0000] {logging_mixin.py:188} INFO - [2023-12-24T14:07:38.566+0000] {dagbag.py:538} INFO - Filling up the DagBag from /home/airflow/.local/lib/python3.8/site-packages/airflow/example_dags/example_python_operator.py
[2023-12-24T14:07:38.589+0000] {processor.py:840} INFO - DAG(s) 'example_python_operator' retrieved from /home/airflow/.local/lib/python3.8/site-packages/airflow/example_dags/example_python_operator.py
[2023-12-24T14:07:38.637+0000] {logging_mixin.py:188} INFO - [2023-12-24T14:07:38.636+0000] {dag.py:3033} INFO - Sync 1 DAGs
[2023-12-24T14:07:38.660+0000] {logging_mixin.py:188} INFO - [2023-12-24T14:07:38.659+0000] {dag.py:3820} INFO - Setting next_dagrun for example_python_operator to None, run_after=None
[2023-12-24T14:07:38.694+0000] {processor.py:183} INFO - Processing /home/airflow/.local/lib/python3.8/site-packages/airflow/example_dags/example_python_operator.py took 0.142 seconds
[2023-12-24T14:08:09.941+0000] {processor.py:161} INFO - Started process (PID=226) to work on /home/airflow/.local/lib/python3.8/site-packages/airflow/example_dags/example_python_operator.py
[2023-12-24T14:08:09.942+0000] {processor.py:830} INFO - Processing file /home/airflow/.local/lib/python3.8/site-packages/airflow/example_dags/example_python_operator.py for tasks to queue
[2023-12-24T14:08:09.948+0000] {logging_mixin.py:188} INFO - [2023-12-24T14:08:09.947+0000] {dagbag.py:538} INFO - Filling up the DagBag from /home/airflow/.local/lib/python3.8/site-packages/airflow/example_dags/example_python_operator.py
[2023-12-24T14:08:09.978+0000] {processor.py:840} INFO - DAG(s) 'example_python_operator' retrieved from /home/airflow/.local/lib/python3.8/site-packages/airflow/example_dags/example_python_operator.py
[2023-12-24T14:08:10.049+0000] {logging_mixin.py:188} INFO - [2023-12-24T14:08:10.049+0000] {dag.py:3033} INFO - Sync 1 DAGs
[2023-12-24T14:08:10.085+0000] {logging_mixin.py:188} INFO - [2023-12-24T14:08:10.084+0000] {dag.py:3820} INFO - Setting next_dagrun for example_python_operator to None, run_after=None
[2023-12-24T14:08:10.139+0000] {processor.py:183} INFO - Processing /home/airflow/.local/lib/python3.8/site-packages/airflow/example_dags/example_python_operator.py took 0.206 seconds
[2023-12-24T14:08:41.061+0000] {processor.py:161} INFO - Started process (PID=285) to work on /home/airflow/.local/lib/python3.8/site-packages/airflow/example_dags/example_python_operator.py
[2023-12-24T14:08:41.063+0000] {processor.py:830} INFO - Processing file /home/airflow/.local/lib/python3.8/site-packages/airflow/example_dags/example_python_operator.py for tasks to queue
[2023-12-24T14:08:41.069+0000] {logging_mixin.py:188} INFO - [2023-12-24T14:08:41.068+0000] {dagbag.py:538} INFO - Filling up the DagBag from /home/airflow/.local/lib/python3.8/site-packages/airflow/example_dags/example_python_operator.py
[2023-12-24T14:08:41.097+0000] {processor.py:840} INFO - DAG(s) 'example_python_operator' retrieved from /home/airflow/.local/lib/python3.8/site-packages/airflow/example_dags/example_python_operator.py
[2023-12-24T14:08:41.145+0000] {logging_mixin.py:188} INFO - [2023-12-24T14:08:41.144+0000] {dag.py:3033} INFO - Sync 1 DAGs
[2023-12-24T14:08:41.175+0000] {logging_mixin.py:188} INFO - [2023-12-24T14:08:41.174+0000] {dag.py:3820} INFO - Setting next_dagrun for example_python_operator to None, run_after=None
[2023-12-24T14:08:41.215+0000] {processor.py:183} INFO - Processing /home/airflow/.local/lib/python3.8/site-packages/airflow/example_dags/example_python_operator.py took 0.162 seconds
[2023-12-24T14:09:11.883+0000] {processor.py:161} INFO - Started process (PID=345) to work on /home/airflow/.local/lib/python3.8/site-packages/airflow/example_dags/example_python_operator.py
[2023-12-24T14:09:11.884+0000] {processor.py:830} INFO - Processing file /home/airflow/.local/lib/python3.8/site-packages/airflow/example_dags/example_python_operator.py for tasks to queue
[2023-12-24T14:09:11.889+0000] {logging_mixin.py:188} INFO - [2023-12-24T14:09:11.888+0000] {dagbag.py:538} INFO - Filling up the DagBag from /home/airflow/.local/lib/python3.8/site-packages/airflow/example_dags/example_python_operator.py
[2023-12-24T14:09:11.908+0000] {processor.py:840} INFO - DAG(s) 'example_python_operator' retrieved from /home/airflow/.local/lib/python3.8/site-packages/airflow/example_dags/example_python_operator.py
[2023-12-24T14:09:11.946+0000] {logging_mixin.py:188} INFO - [2023-12-24T14:09:11.946+0000] {dag.py:3033} INFO - Sync 1 DAGs
[2023-12-24T14:09:11.970+0000] {logging_mixin.py:188} INFO - [2023-12-24T14:09:11.970+0000] {dag.py:3820} INFO - Setting next_dagrun for example_python_operator to None, run_after=None
[2023-12-24T14:09:12.004+0000] {processor.py:183} INFO - Processing /home/airflow/.local/lib/python3.8/site-packages/airflow/example_dags/example_python_operator.py took 0.129 seconds
[2023-12-24T14:09:42.956+0000] {processor.py:161} INFO - Started process (PID=404) to work on /home/airflow/.local/lib/python3.8/site-packages/airflow/example_dags/example_python_operator.py
[2023-12-24T14:09:42.958+0000] {processor.py:830} INFO - Processing file /home/airflow/.local/lib/python3.8/site-packages/airflow/example_dags/example_python_operator.py for tasks to queue
[2023-12-24T14:09:42.968+0000] {logging_mixin.py:188} INFO - [2023-12-24T14:09:42.966+0000] {dagbag.py:538} INFO - Filling up the DagBag from /home/airflow/.local/lib/python3.8/site-packages/airflow/example_dags/example_python_operator.py
[2023-12-24T14:09:42.998+0000] {processor.py:840} INFO - DAG(s) 'example_python_operator' retrieved from /home/airflow/.local/lib/python3.8/site-packages/airflow/example_dags/example_python_operator.py
[2023-12-24T14:09:43.055+0000] {logging_mixin.py:188} INFO - [2023-12-24T14:09:43.055+0000] {dag.py:3033} INFO - Sync 1 DAGs
[2023-12-24T14:09:43.091+0000] {logging_mixin.py:188} INFO - [2023-12-24T14:09:43.090+0000] {dag.py:3820} INFO - Setting next_dagrun for example_python_operator to None, run_after=None
[2023-12-24T14:09:43.139+0000] {processor.py:183} INFO - Processing /home/airflow/.local/lib/python3.8/site-packages/airflow/example_dags/example_python_operator.py took 0.192 seconds
[2023-12-24T14:10:14.071+0000] {processor.py:161} INFO - Started process (PID=463) to work on /home/airflow/.local/lib/python3.8/site-packages/airflow/example_dags/example_python_operator.py
[2023-12-24T14:10:14.073+0000] {processor.py:830} INFO - Processing file /home/airflow/.local/lib/python3.8/site-packages/airflow/example_dags/example_python_operator.py for tasks to queue
[2023-12-24T14:10:14.083+0000] {logging_mixin.py:188} INFO - [2023-12-24T14:10:14.082+0000] {dagbag.py:538} INFO - Filling up the DagBag from /home/airflow/.local/lib/python3.8/site-packages/airflow/example_dags/example_python_operator.py
[2023-12-24T14:10:14.124+0000] {processor.py:840} INFO - DAG(s) 'example_python_operator' retrieved from /home/airflow/.local/lib/python3.8/site-packages/airflow/example_dags/example_python_operator.py
[2023-12-24T14:10:14.215+0000] {logging_mixin.py:188} INFO - [2023-12-24T14:10:14.215+0000] {dag.py:3033} INFO - Sync 1 DAGs
[2023-12-24T14:10:14.327+0000] {logging_mixin.py:188} INFO - [2023-12-24T14:10:14.325+0000] {dag.py:3820} INFO - Setting next_dagrun for example_python_operator to None, run_after=None
[2023-12-24T14:10:14.425+0000] {processor.py:183} INFO - Processing /home/airflow/.local/lib/python3.8/site-packages/airflow/example_dags/example_python_operator.py took 0.365 seconds
[2023-12-24T14:10:45.229+0000] {processor.py:161} INFO - Started process (PID=521) to work on /home/airflow/.local/lib/python3.8/site-packages/airflow/example_dags/example_python_operator.py
[2023-12-24T14:10:45.230+0000] {processor.py:830} INFO - Processing file /home/airflow/.local/lib/python3.8/site-packages/airflow/example_dags/example_python_operator.py for tasks to queue
[2023-12-24T14:10:45.235+0000] {logging_mixin.py:188} INFO - [2023-12-24T14:10:45.234+0000] {dagbag.py:538} INFO - Filling up the DagBag from /home/airflow/.local/lib/python3.8/site-packages/airflow/example_dags/example_python_operator.py
[2023-12-24T14:10:45.255+0000] {processor.py:840} INFO - DAG(s) 'example_python_operator' retrieved from /home/airflow/.local/lib/python3.8/site-packages/airflow/example_dags/example_python_operator.py
[2023-12-24T14:10:45.302+0000] {logging_mixin.py:188} INFO - [2023-12-24T14:10:45.301+0000] {dag.py:3033} INFO - Sync 1 DAGs
[2023-12-24T14:10:45.324+0000] {logging_mixin.py:188} INFO - [2023-12-24T14:10:45.324+0000] {dag.py:3820} INFO - Setting next_dagrun for example_python_operator to None, run_after=None
[2023-12-24T14:10:45.367+0000] {processor.py:183} INFO - Processing /home/airflow/.local/lib/python3.8/site-packages/airflow/example_dags/example_python_operator.py took 0.145 seconds
[2023-12-24T14:11:15.898+0000] {processor.py:161} INFO - Started process (PID=580) to work on /home/airflow/.local/lib/python3.8/site-packages/airflow/example_dags/example_python_operator.py
[2023-12-24T14:11:15.901+0000] {processor.py:830} INFO - Processing file /home/airflow/.local/lib/python3.8/site-packages/airflow/example_dags/example_python_operator.py for tasks to queue
[2023-12-24T14:11:15.907+0000] {logging_mixin.py:188} INFO - [2023-12-24T14:11:15.907+0000] {dagbag.py:538} INFO - Filling up the DagBag from /home/airflow/.local/lib/python3.8/site-packages/airflow/example_dags/example_python_operator.py
[2023-12-24T14:11:15.993+0000] {processor.py:840} INFO - DAG(s) 'example_python_operator' retrieved from /home/airflow/.local/lib/python3.8/site-packages/airflow/example_dags/example_python_operator.py
[2023-12-24T14:11:16.146+0000] {logging_mixin.py:188} INFO - [2023-12-24T14:11:16.145+0000] {dag.py:3033} INFO - Sync 1 DAGs
[2023-12-24T14:11:16.207+0000] {logging_mixin.py:188} INFO - [2023-12-24T14:11:16.206+0000] {dag.py:3820} INFO - Setting next_dagrun for example_python_operator to None, run_after=None
[2023-12-24T14:11:16.284+0000] {processor.py:183} INFO - Processing /home/airflow/.local/lib/python3.8/site-packages/airflow/example_dags/example_python_operator.py took 0.410 seconds
[2023-12-24T14:11:46.739+0000] {processor.py:161} INFO - Started process (PID=645) to work on /home/airflow/.local/lib/python3.8/site-packages/airflow/example_dags/example_python_operator.py
[2023-12-24T14:11:46.742+0000] {processor.py:830} INFO - Processing file /home/airflow/.local/lib/python3.8/site-packages/airflow/example_dags/example_python_operator.py for tasks to queue
[2023-12-24T14:11:46.752+0000] {logging_mixin.py:188} INFO - [2023-12-24T14:11:46.752+0000] {dagbag.py:538} INFO - Filling up the DagBag from /home/airflow/.local/lib/python3.8/site-packages/airflow/example_dags/example_python_operator.py
[2023-12-24T14:11:46.799+0000] {processor.py:840} INFO - DAG(s) 'example_python_operator' retrieved from /home/airflow/.local/lib/python3.8/site-packages/airflow/example_dags/example_python_operator.py
[2023-12-24T14:11:46.855+0000] {logging_mixin.py:188} INFO - [2023-12-24T14:11:46.855+0000] {dag.py:3033} INFO - Sync 1 DAGs
[2023-12-24T14:11:46.905+0000] {logging_mixin.py:188} INFO - [2023-12-24T14:11:46.905+0000] {dag.py:3820} INFO - Setting next_dagrun for example_python_operator to None, run_after=None
[2023-12-24T14:11:46.996+0000] {processor.py:183} INFO - Processing /home/airflow/.local/lib/python3.8/site-packages/airflow/example_dags/example_python_operator.py took 0.265 seconds
[2023-12-24T14:12:18.357+0000] {processor.py:161} INFO - Started process (PID=704) to work on /home/airflow/.local/lib/python3.8/site-packages/airflow/example_dags/example_python_operator.py
[2023-12-24T14:12:18.359+0000] {processor.py:830} INFO - Processing file /home/airflow/.local/lib/python3.8/site-packages/airflow/example_dags/example_python_operator.py for tasks to queue
[2023-12-24T14:12:18.363+0000] {logging_mixin.py:188} INFO - [2023-12-24T14:12:18.363+0000] {dagbag.py:538} INFO - Filling up the DagBag from /home/airflow/.local/lib/python3.8/site-packages/airflow/example_dags/example_python_operator.py
[2023-12-24T14:12:18.384+0000] {processor.py:840} INFO - DAG(s) 'example_python_operator' retrieved from /home/airflow/.local/lib/python3.8/site-packages/airflow/example_dags/example_python_operator.py
[2023-12-24T14:12:18.564+0000] {logging_mixin.py:188} INFO - [2023-12-24T14:12:18.563+0000] {dag.py:3033} INFO - Sync 1 DAGs
[2023-12-24T14:12:18.583+0000] {logging_mixin.py:188} INFO - [2023-12-24T14:12:18.583+0000] {dag.py:3820} INFO - Setting next_dagrun for example_python_operator to None, run_after=None
[2023-12-24T14:12:18.628+0000] {processor.py:183} INFO - Processing /home/airflow/.local/lib/python3.8/site-packages/airflow/example_dags/example_python_operator.py took 0.276 seconds
[2023-12-24T14:12:49.488+0000] {processor.py:161} INFO - Started process (PID=763) to work on /home/airflow/.local/lib/python3.8/site-packages/airflow/example_dags/example_python_operator.py
[2023-12-24T14:12:49.490+0000] {processor.py:830} INFO - Processing file /home/airflow/.local/lib/python3.8/site-packages/airflow/example_dags/example_python_operator.py for tasks to queue
[2023-12-24T14:12:49.495+0000] {logging_mixin.py:188} INFO - [2023-12-24T14:12:49.495+0000] {dagbag.py:538} INFO - Filling up the DagBag from /home/airflow/.local/lib/python3.8/site-packages/airflow/example_dags/example_python_operator.py
[2023-12-24T14:12:49.519+0000] {processor.py:840} INFO - DAG(s) 'example_python_operator' retrieved from /home/airflow/.local/lib/python3.8/site-packages/airflow/example_dags/example_python_operator.py
[2023-12-24T14:12:49.561+0000] {logging_mixin.py:188} INFO - [2023-12-24T14:12:49.561+0000] {dag.py:3033} INFO - Sync 1 DAGs
[2023-12-24T14:12:49.587+0000] {logging_mixin.py:188} INFO - [2023-12-24T14:12:49.587+0000] {dag.py:3820} INFO - Setting next_dagrun for example_python_operator to None, run_after=None
[2023-12-24T14:12:49.635+0000] {processor.py:183} INFO - Processing /home/airflow/.local/lib/python3.8/site-packages/airflow/example_dags/example_python_operator.py took 0.155 seconds
[2023-12-24T14:13:19.754+0000] {processor.py:161} INFO - Started process (PID=822) to work on /home/airflow/.local/lib/python3.8/site-packages/airflow/example_dags/example_python_operator.py
[2023-12-24T14:13:19.757+0000] {processor.py:830} INFO - Processing file /home/airflow/.local/lib/python3.8/site-packages/airflow/example_dags/example_python_operator.py for tasks to queue
[2023-12-24T14:13:19.764+0000] {logging_mixin.py:188} INFO - [2023-12-24T14:13:19.763+0000] {dagbag.py:538} INFO - Filling up the DagBag from /home/airflow/.local/lib/python3.8/site-packages/airflow/example_dags/example_python_operator.py
[2023-12-24T14:13:19.810+0000] {processor.py:840} INFO - DAG(s) 'example_python_operator' retrieved from /home/airflow/.local/lib/python3.8/site-packages/airflow/example_dags/example_python_operator.py
[2023-12-24T14:13:19.892+0000] {logging_mixin.py:188} INFO - [2023-12-24T14:13:19.891+0000] {dag.py:3033} INFO - Sync 1 DAGs
[2023-12-24T14:13:19.938+0000] {logging_mixin.py:188} INFO - [2023-12-24T14:13:19.938+0000] {dag.py:3820} INFO - Setting next_dagrun for example_python_operator to None, run_after=None
[2023-12-24T14:13:20.024+0000] {processor.py:183} INFO - Processing /home/airflow/.local/lib/python3.8/site-packages/airflow/example_dags/example_python_operator.py took 0.278 seconds
[2023-12-24T14:13:50.745+0000] {processor.py:161} INFO - Started process (PID=881) to work on /home/airflow/.local/lib/python3.8/site-packages/airflow/example_dags/example_python_operator.py
[2023-12-24T14:13:50.747+0000] {processor.py:830} INFO - Processing file /home/airflow/.local/lib/python3.8/site-packages/airflow/example_dags/example_python_operator.py for tasks to queue
[2023-12-24T14:13:50.755+0000] {logging_mixin.py:188} INFO - [2023-12-24T14:13:50.754+0000] {dagbag.py:538} INFO - Filling up the DagBag from /home/airflow/.local/lib/python3.8/site-packages/airflow/example_dags/example_python_operator.py
[2023-12-24T14:13:50.783+0000] {processor.py:840} INFO - DAG(s) 'example_python_operator' retrieved from /home/airflow/.local/lib/python3.8/site-packages/airflow/example_dags/example_python_operator.py
[2023-12-24T14:13:50.827+0000] {logging_mixin.py:188} INFO - [2023-12-24T14:13:50.826+0000] {dag.py:3033} INFO - Sync 1 DAGs
[2023-12-24T14:13:50.852+0000] {logging_mixin.py:188} INFO - [2023-12-24T14:13:50.852+0000] {dag.py:3820} INFO - Setting next_dagrun for example_python_operator to None, run_after=None
[2023-12-24T14:13:50.884+0000] {processor.py:183} INFO - Processing /home/airflow/.local/lib/python3.8/site-packages/airflow/example_dags/example_python_operator.py took 0.147 seconds
[2023-12-24T14:14:21.279+0000] {processor.py:161} INFO - Started process (PID=938) to work on /home/airflow/.local/lib/python3.8/site-packages/airflow/example_dags/example_python_operator.py
[2023-12-24T14:14:21.281+0000] {processor.py:830} INFO - Processing file /home/airflow/.local/lib/python3.8/site-packages/airflow/example_dags/example_python_operator.py for tasks to queue
[2023-12-24T14:14:21.285+0000] {logging_mixin.py:188} INFO - [2023-12-24T14:14:21.285+0000] {dagbag.py:538} INFO - Filling up the DagBag from /home/airflow/.local/lib/python3.8/site-packages/airflow/example_dags/example_python_operator.py
[2023-12-24T14:14:21.306+0000] {processor.py:840} INFO - DAG(s) 'example_python_operator' retrieved from /home/airflow/.local/lib/python3.8/site-packages/airflow/example_dags/example_python_operator.py
[2023-12-24T14:14:21.351+0000] {logging_mixin.py:188} INFO - [2023-12-24T14:14:21.350+0000] {dag.py:3033} INFO - Sync 1 DAGs
[2023-12-24T14:14:21.377+0000] {logging_mixin.py:188} INFO - [2023-12-24T14:14:21.377+0000] {dag.py:3820} INFO - Setting next_dagrun for example_python_operator to None, run_after=None
[2023-12-24T14:14:21.425+0000] {processor.py:183} INFO - Processing /home/airflow/.local/lib/python3.8/site-packages/airflow/example_dags/example_python_operator.py took 0.154 seconds
[2023-12-24T14:14:51.598+0000] {processor.py:161} INFO - Started process (PID=997) to work on /home/airflow/.local/lib/python3.8/site-packages/airflow/example_dags/example_python_operator.py
[2023-12-24T14:14:51.600+0000] {processor.py:830} INFO - Processing file /home/airflow/.local/lib/python3.8/site-packages/airflow/example_dags/example_python_operator.py for tasks to queue
[2023-12-24T14:14:51.608+0000] {logging_mixin.py:188} INFO - [2023-12-24T14:14:51.607+0000] {dagbag.py:538} INFO - Filling up the DagBag from /home/airflow/.local/lib/python3.8/site-packages/airflow/example_dags/example_python_operator.py
[2023-12-24T14:14:51.631+0000] {processor.py:840} INFO - DAG(s) 'example_python_operator' retrieved from /home/airflow/.local/lib/python3.8/site-packages/airflow/example_dags/example_python_operator.py
[2023-12-24T14:14:51.678+0000] {logging_mixin.py:188} INFO - [2023-12-24T14:14:51.678+0000] {dag.py:3033} INFO - Sync 1 DAGs
[2023-12-24T14:14:51.712+0000] {logging_mixin.py:188} INFO - [2023-12-24T14:14:51.712+0000] {dag.py:3820} INFO - Setting next_dagrun for example_python_operator to None, run_after=None
[2023-12-24T14:14:51.765+0000] {processor.py:183} INFO - Processing /home/airflow/.local/lib/python3.8/site-packages/airflow/example_dags/example_python_operator.py took 0.175 seconds
[2023-12-24T14:15:21.939+0000] {processor.py:161} INFO - Started process (PID=1056) to work on /home/airflow/.local/lib/python3.8/site-packages/airflow/example_dags/example_python_operator.py
[2023-12-24T14:15:21.946+0000] {processor.py:830} INFO - Processing file /home/airflow/.local/lib/python3.8/site-packages/airflow/example_dags/example_python_operator.py for tasks to queue
[2023-12-24T14:15:21.952+0000] {logging_mixin.py:188} INFO - [2023-12-24T14:15:21.951+0000] {dagbag.py:538} INFO - Filling up the DagBag from /home/airflow/.local/lib/python3.8/site-packages/airflow/example_dags/example_python_operator.py
[2023-12-24T14:15:21.974+0000] {processor.py:840} INFO - DAG(s) 'example_python_operator' retrieved from /home/airflow/.local/lib/python3.8/site-packages/airflow/example_dags/example_python_operator.py
[2023-12-24T14:15:22.013+0000] {logging_mixin.py:188} INFO - [2023-12-24T14:15:22.013+0000] {dag.py:3033} INFO - Sync 1 DAGs
[2023-12-24T14:15:22.037+0000] {logging_mixin.py:188} INFO - [2023-12-24T14:15:22.036+0000] {dag.py:3820} INFO - Setting next_dagrun for example_python_operator to None, run_after=None
[2023-12-24T14:15:22.072+0000] {processor.py:183} INFO - Processing /home/airflow/.local/lib/python3.8/site-packages/airflow/example_dags/example_python_operator.py took 0.142 seconds
[2023-12-24T14:15:52.493+0000] {processor.py:161} INFO - Started process (PID=1115) to work on /home/airflow/.local/lib/python3.8/site-packages/airflow/example_dags/example_python_operator.py
[2023-12-24T14:15:52.495+0000] {processor.py:830} INFO - Processing file /home/airflow/.local/lib/python3.8/site-packages/airflow/example_dags/example_python_operator.py for tasks to queue
[2023-12-24T14:15:52.500+0000] {logging_mixin.py:188} INFO - [2023-12-24T14:15:52.500+0000] {dagbag.py:538} INFO - Filling up the DagBag from /home/airflow/.local/lib/python3.8/site-packages/airflow/example_dags/example_python_operator.py
[2023-12-24T14:15:52.528+0000] {processor.py:840} INFO - DAG(s) 'example_python_operator' retrieved from /home/airflow/.local/lib/python3.8/site-packages/airflow/example_dags/example_python_operator.py
[2023-12-24T14:15:52.568+0000] {logging_mixin.py:188} INFO - [2023-12-24T14:15:52.567+0000] {dag.py:3033} INFO - Sync 1 DAGs
[2023-12-24T14:15:52.593+0000] {logging_mixin.py:188} INFO - [2023-12-24T14:15:52.592+0000] {dag.py:3820} INFO - Setting next_dagrun for example_python_operator to None, run_after=None
[2023-12-24T14:15:52.631+0000] {processor.py:183} INFO - Processing /home/airflow/.local/lib/python3.8/site-packages/airflow/example_dags/example_python_operator.py took 0.146 seconds
[2023-12-24T14:16:22.941+0000] {processor.py:161} INFO - Started process (PID=1174) to work on /home/airflow/.local/lib/python3.8/site-packages/airflow/example_dags/example_python_operator.py
[2023-12-24T14:16:22.943+0000] {processor.py:830} INFO - Processing file /home/airflow/.local/lib/python3.8/site-packages/airflow/example_dags/example_python_operator.py for tasks to queue
[2023-12-24T14:16:22.947+0000] {logging_mixin.py:188} INFO - [2023-12-24T14:16:22.946+0000] {dagbag.py:538} INFO - Filling up the DagBag from /home/airflow/.local/lib/python3.8/site-packages/airflow/example_dags/example_python_operator.py
[2023-12-24T14:16:22.967+0000] {processor.py:840} INFO - DAG(s) 'example_python_operator' retrieved from /home/airflow/.local/lib/python3.8/site-packages/airflow/example_dags/example_python_operator.py
[2023-12-24T14:16:23.003+0000] {logging_mixin.py:188} INFO - [2023-12-24T14:16:23.002+0000] {dag.py:3033} INFO - Sync 1 DAGs
[2023-12-24T14:16:23.024+0000] {logging_mixin.py:188} INFO - [2023-12-24T14:16:23.023+0000] {dag.py:3820} INFO - Setting next_dagrun for example_python_operator to None, run_after=None
[2023-12-24T14:16:23.055+0000] {processor.py:183} INFO - Processing /home/airflow/.local/lib/python3.8/site-packages/airflow/example_dags/example_python_operator.py took 0.120 seconds
[2023-12-24T14:18:40.122+0000] {processor.py:161} INFO - Started process (PID=56) to work on /home/airflow/.local/lib/python3.8/site-packages/airflow/example_dags/example_python_operator.py
[2023-12-24T14:18:40.134+0000] {processor.py:830} INFO - Processing file /home/airflow/.local/lib/python3.8/site-packages/airflow/example_dags/example_python_operator.py for tasks to queue
[2023-12-24T14:18:40.142+0000] {logging_mixin.py:188} INFO - [2023-12-24T14:18:40.141+0000] {dagbag.py:538} INFO - Filling up the DagBag from /home/airflow/.local/lib/python3.8/site-packages/airflow/example_dags/example_python_operator.py
[2023-12-24T14:18:40.184+0000] {processor.py:840} INFO - DAG(s) 'example_python_operator' retrieved from /home/airflow/.local/lib/python3.8/site-packages/airflow/example_dags/example_python_operator.py
[2023-12-24T14:18:40.239+0000] {logging_mixin.py:188} INFO - [2023-12-24T14:18:40.238+0000] {dag.py:3033} INFO - Sync 1 DAGs
[2023-12-24T14:18:40.288+0000] {logging_mixin.py:188} INFO - [2023-12-24T14:18:40.288+0000] {dag.py:3820} INFO - Setting next_dagrun for example_python_operator to None, run_after=None
[2023-12-24T14:18:40.377+0000] {processor.py:183} INFO - Processing /home/airflow/.local/lib/python3.8/site-packages/airflow/example_dags/example_python_operator.py took 0.265 seconds
[2023-12-24T14:19:12.001+0000] {processor.py:161} INFO - Started process (PID=116) to work on /home/airflow/.local/lib/python3.8/site-packages/airflow/example_dags/example_python_operator.py
[2023-12-24T14:19:12.003+0000] {processor.py:830} INFO - Processing file /home/airflow/.local/lib/python3.8/site-packages/airflow/example_dags/example_python_operator.py for tasks to queue
[2023-12-24T14:19:12.009+0000] {logging_mixin.py:188} INFO - [2023-12-24T14:19:12.008+0000] {dagbag.py:538} INFO - Filling up the DagBag from /home/airflow/.local/lib/python3.8/site-packages/airflow/example_dags/example_python_operator.py
[2023-12-24T14:19:12.042+0000] {processor.py:840} INFO - DAG(s) 'example_python_operator' retrieved from /home/airflow/.local/lib/python3.8/site-packages/airflow/example_dags/example_python_operator.py
[2023-12-24T14:19:12.097+0000] {logging_mixin.py:188} INFO - [2023-12-24T14:19:12.096+0000] {dag.py:3033} INFO - Sync 1 DAGs
[2023-12-24T14:19:12.202+0000] {logging_mixin.py:188} INFO - [2023-12-24T14:19:12.201+0000] {dag.py:3820} INFO - Setting next_dagrun for example_python_operator to None, run_after=None
[2023-12-24T14:19:12.338+0000] {processor.py:183} INFO - Processing /home/airflow/.local/lib/python3.8/site-packages/airflow/example_dags/example_python_operator.py took 0.348 seconds
[2023-12-24T14:19:42.494+0000] {processor.py:161} INFO - Started process (PID=175) to work on /home/airflow/.local/lib/python3.8/site-packages/airflow/example_dags/example_python_operator.py
[2023-12-24T14:19:42.495+0000] {processor.py:830} INFO - Processing file /home/airflow/.local/lib/python3.8/site-packages/airflow/example_dags/example_python_operator.py for tasks to queue
[2023-12-24T14:19:42.500+0000] {logging_mixin.py:188} INFO - [2023-12-24T14:19:42.500+0000] {dagbag.py:538} INFO - Filling up the DagBag from /home/airflow/.local/lib/python3.8/site-packages/airflow/example_dags/example_python_operator.py
[2023-12-24T14:19:42.521+0000] {processor.py:840} INFO - DAG(s) 'example_python_operator' retrieved from /home/airflow/.local/lib/python3.8/site-packages/airflow/example_dags/example_python_operator.py
[2023-12-24T14:19:42.701+0000] {logging_mixin.py:188} INFO - [2023-12-24T14:19:42.700+0000] {dag.py:3033} INFO - Sync 1 DAGs
[2023-12-24T14:19:42.729+0000] {logging_mixin.py:188} INFO - [2023-12-24T14:19:42.729+0000] {dag.py:3820} INFO - Setting next_dagrun for example_python_operator to None, run_after=None
[2023-12-24T14:19:42.768+0000] {processor.py:183} INFO - Processing /home/airflow/.local/lib/python3.8/site-packages/airflow/example_dags/example_python_operator.py took 0.280 seconds
[2023-12-24T14:20:13.800+0000] {processor.py:161} INFO - Started process (PID=234) to work on /home/airflow/.local/lib/python3.8/site-packages/airflow/example_dags/example_python_operator.py
[2023-12-24T14:20:13.806+0000] {processor.py:830} INFO - Processing file /home/airflow/.local/lib/python3.8/site-packages/airflow/example_dags/example_python_operator.py for tasks to queue
[2023-12-24T14:20:13.813+0000] {logging_mixin.py:188} INFO - [2023-12-24T14:20:13.812+0000] {dagbag.py:538} INFO - Filling up the DagBag from /home/airflow/.local/lib/python3.8/site-packages/airflow/example_dags/example_python_operator.py
[2023-12-24T14:20:13.855+0000] {processor.py:840} INFO - DAG(s) 'example_python_operator' retrieved from /home/airflow/.local/lib/python3.8/site-packages/airflow/example_dags/example_python_operator.py
[2023-12-24T14:20:13.947+0000] {logging_mixin.py:188} INFO - [2023-12-24T14:20:13.946+0000] {dag.py:3033} INFO - Sync 1 DAGs
[2023-12-24T14:20:14.011+0000] {logging_mixin.py:188} INFO - [2023-12-24T14:20:14.010+0000] {dag.py:3820} INFO - Setting next_dagrun for example_python_operator to None, run_after=None
[2023-12-24T14:20:14.124+0000] {processor.py:183} INFO - Processing /home/airflow/.local/lib/python3.8/site-packages/airflow/example_dags/example_python_operator.py took 0.332 seconds
[2023-12-24T14:20:44.360+0000] {processor.py:161} INFO - Started process (PID=292) to work on /home/airflow/.local/lib/python3.8/site-packages/airflow/example_dags/example_python_operator.py
[2023-12-24T14:20:44.361+0000] {processor.py:830} INFO - Processing file /home/airflow/.local/lib/python3.8/site-packages/airflow/example_dags/example_python_operator.py for tasks to queue
[2023-12-24T14:20:44.366+0000] {logging_mixin.py:188} INFO - [2023-12-24T14:20:44.366+0000] {dagbag.py:538} INFO - Filling up the DagBag from /home/airflow/.local/lib/python3.8/site-packages/airflow/example_dags/example_python_operator.py
[2023-12-24T14:20:44.391+0000] {processor.py:840} INFO - DAG(s) 'example_python_operator' retrieved from /home/airflow/.local/lib/python3.8/site-packages/airflow/example_dags/example_python_operator.py
[2023-12-24T14:20:44.433+0000] {logging_mixin.py:188} INFO - [2023-12-24T14:20:44.432+0000] {dag.py:3033} INFO - Sync 1 DAGs
[2023-12-24T14:20:44.459+0000] {logging_mixin.py:188} INFO - [2023-12-24T14:20:44.459+0000] {dag.py:3820} INFO - Setting next_dagrun for example_python_operator to None, run_after=None
[2023-12-24T14:20:44.501+0000] {processor.py:183} INFO - Processing /home/airflow/.local/lib/python3.8/site-packages/airflow/example_dags/example_python_operator.py took 0.147 seconds
[2023-12-24T14:21:15.131+0000] {processor.py:161} INFO - Started process (PID=350) to work on /home/airflow/.local/lib/python3.8/site-packages/airflow/example_dags/example_python_operator.py
[2023-12-24T14:21:15.133+0000] {processor.py:830} INFO - Processing file /home/airflow/.local/lib/python3.8/site-packages/airflow/example_dags/example_python_operator.py for tasks to queue
[2023-12-24T14:21:15.139+0000] {logging_mixin.py:188} INFO - [2023-12-24T14:21:15.138+0000] {dagbag.py:538} INFO - Filling up the DagBag from /home/airflow/.local/lib/python3.8/site-packages/airflow/example_dags/example_python_operator.py
[2023-12-24T14:21:15.166+0000] {processor.py:840} INFO - DAG(s) 'example_python_operator' retrieved from /home/airflow/.local/lib/python3.8/site-packages/airflow/example_dags/example_python_operator.py
[2023-12-24T14:21:15.221+0000] {logging_mixin.py:188} INFO - [2023-12-24T14:21:15.220+0000] {dag.py:3033} INFO - Sync 1 DAGs
[2023-12-24T14:21:15.255+0000] {logging_mixin.py:188} INFO - [2023-12-24T14:21:15.255+0000] {dag.py:3820} INFO - Setting next_dagrun for example_python_operator to None, run_after=None
[2023-12-24T14:21:15.299+0000] {processor.py:183} INFO - Processing /home/airflow/.local/lib/python3.8/site-packages/airflow/example_dags/example_python_operator.py took 0.176 seconds
[2023-12-24T14:21:45.894+0000] {processor.py:161} INFO - Started process (PID=409) to work on /home/airflow/.local/lib/python3.8/site-packages/airflow/example_dags/example_python_operator.py
[2023-12-24T14:21:45.896+0000] {processor.py:830} INFO - Processing file /home/airflow/.local/lib/python3.8/site-packages/airflow/example_dags/example_python_operator.py for tasks to queue
[2023-12-24T14:21:45.903+0000] {logging_mixin.py:188} INFO - [2023-12-24T14:21:45.902+0000] {dagbag.py:538} INFO - Filling up the DagBag from /home/airflow/.local/lib/python3.8/site-packages/airflow/example_dags/example_python_operator.py
[2023-12-24T14:21:45.924+0000] {processor.py:840} INFO - DAG(s) 'example_python_operator' retrieved from /home/airflow/.local/lib/python3.8/site-packages/airflow/example_dags/example_python_operator.py
[2023-12-24T14:21:45.970+0000] {logging_mixin.py:188} INFO - [2023-12-24T14:21:45.970+0000] {dag.py:3033} INFO - Sync 1 DAGs
[2023-12-24T14:21:45.997+0000] {logging_mixin.py:188} INFO - [2023-12-24T14:21:45.997+0000] {dag.py:3820} INFO - Setting next_dagrun for example_python_operator to None, run_after=None
[2023-12-24T14:21:46.041+0000] {processor.py:183} INFO - Processing /home/airflow/.local/lib/python3.8/site-packages/airflow/example_dags/example_python_operator.py took 0.153 seconds
[2023-12-24T14:22:16.920+0000] {processor.py:161} INFO - Started process (PID=467) to work on /home/airflow/.local/lib/python3.8/site-packages/airflow/example_dags/example_python_operator.py
[2023-12-24T14:22:16.922+0000] {processor.py:830} INFO - Processing file /home/airflow/.local/lib/python3.8/site-packages/airflow/example_dags/example_python_operator.py for tasks to queue
[2023-12-24T14:22:16.928+0000] {logging_mixin.py:188} INFO - [2023-12-24T14:22:16.927+0000] {dagbag.py:538} INFO - Filling up the DagBag from /home/airflow/.local/lib/python3.8/site-packages/airflow/example_dags/example_python_operator.py
[2023-12-24T14:22:16.953+0000] {processor.py:840} INFO - DAG(s) 'example_python_operator' retrieved from /home/airflow/.local/lib/python3.8/site-packages/airflow/example_dags/example_python_operator.py
[2023-12-24T14:22:17.003+0000] {logging_mixin.py:188} INFO - [2023-12-24T14:22:17.002+0000] {dag.py:3033} INFO - Sync 1 DAGs
[2023-12-24T14:22:17.034+0000] {logging_mixin.py:188} INFO - [2023-12-24T14:22:17.033+0000] {dag.py:3820} INFO - Setting next_dagrun for example_python_operator to None, run_after=None
[2023-12-24T14:22:17.076+0000] {processor.py:183} INFO - Processing /home/airflow/.local/lib/python3.8/site-packages/airflow/example_dags/example_python_operator.py took 0.163 seconds
[2023-12-24T14:22:47.149+0000] {processor.py:161} INFO - Started process (PID=525) to work on /home/airflow/.local/lib/python3.8/site-packages/airflow/example_dags/example_python_operator.py
[2023-12-24T14:22:47.150+0000] {processor.py:830} INFO - Processing file /home/airflow/.local/lib/python3.8/site-packages/airflow/example_dags/example_python_operator.py for tasks to queue
[2023-12-24T14:22:47.155+0000] {logging_mixin.py:188} INFO - [2023-12-24T14:22:47.154+0000] {dagbag.py:538} INFO - Filling up the DagBag from /home/airflow/.local/lib/python3.8/site-packages/airflow/example_dags/example_python_operator.py
[2023-12-24T14:22:47.174+0000] {processor.py:840} INFO - DAG(s) 'example_python_operator' retrieved from /home/airflow/.local/lib/python3.8/site-packages/airflow/example_dags/example_python_operator.py
[2023-12-24T14:22:47.212+0000] {logging_mixin.py:188} INFO - [2023-12-24T14:22:47.211+0000] {dag.py:3033} INFO - Sync 1 DAGs
[2023-12-24T14:22:47.235+0000] {logging_mixin.py:188} INFO - [2023-12-24T14:22:47.234+0000] {dag.py:3820} INFO - Setting next_dagrun for example_python_operator to None, run_after=None
[2023-12-24T14:22:47.272+0000] {processor.py:183} INFO - Processing /home/airflow/.local/lib/python3.8/site-packages/airflow/example_dags/example_python_operator.py took 0.129 seconds
[2023-12-24T14:23:17.437+0000] {processor.py:161} INFO - Started process (PID=582) to work on /home/airflow/.local/lib/python3.8/site-packages/airflow/example_dags/example_python_operator.py
[2023-12-24T14:23:17.439+0000] {processor.py:830} INFO - Processing file /home/airflow/.local/lib/python3.8/site-packages/airflow/example_dags/example_python_operator.py for tasks to queue
[2023-12-24T14:23:17.445+0000] {logging_mixin.py:188} INFO - [2023-12-24T14:23:17.444+0000] {dagbag.py:538} INFO - Filling up the DagBag from /home/airflow/.local/lib/python3.8/site-packages/airflow/example_dags/example_python_operator.py
[2023-12-24T14:23:17.470+0000] {processor.py:840} INFO - DAG(s) 'example_python_operator' retrieved from /home/airflow/.local/lib/python3.8/site-packages/airflow/example_dags/example_python_operator.py
[2023-12-24T14:23:17.508+0000] {logging_mixin.py:188} INFO - [2023-12-24T14:23:17.508+0000] {dag.py:3033} INFO - Sync 1 DAGs
[2023-12-24T14:23:17.532+0000] {logging_mixin.py:188} INFO - [2023-12-24T14:23:17.531+0000] {dag.py:3820} INFO - Setting next_dagrun for example_python_operator to None, run_after=None
[2023-12-24T14:23:17.566+0000] {processor.py:183} INFO - Processing /home/airflow/.local/lib/python3.8/site-packages/airflow/example_dags/example_python_operator.py took 0.137 seconds
[2023-12-24T14:23:47.641+0000] {processor.py:161} INFO - Started process (PID=640) to work on /home/airflow/.local/lib/python3.8/site-packages/airflow/example_dags/example_python_operator.py
[2023-12-24T14:23:47.643+0000] {processor.py:830} INFO - Processing file /home/airflow/.local/lib/python3.8/site-packages/airflow/example_dags/example_python_operator.py for tasks to queue
[2023-12-24T14:23:47.648+0000] {logging_mixin.py:188} INFO - [2023-12-24T14:23:47.648+0000] {dagbag.py:538} INFO - Filling up the DagBag from /home/airflow/.local/lib/python3.8/site-packages/airflow/example_dags/example_python_operator.py
[2023-12-24T14:23:47.673+0000] {processor.py:840} INFO - DAG(s) 'example_python_operator' retrieved from /home/airflow/.local/lib/python3.8/site-packages/airflow/example_dags/example_python_operator.py
[2023-12-24T14:23:47.721+0000] {logging_mixin.py:188} INFO - [2023-12-24T14:23:47.721+0000] {dag.py:3033} INFO - Sync 1 DAGs
[2023-12-24T14:23:47.760+0000] {logging_mixin.py:188} INFO - [2023-12-24T14:23:47.760+0000] {dag.py:3820} INFO - Setting next_dagrun for example_python_operator to None, run_after=None
[2023-12-24T14:23:47.808+0000] {processor.py:183} INFO - Processing /home/airflow/.local/lib/python3.8/site-packages/airflow/example_dags/example_python_operator.py took 0.175 seconds
[2023-12-24T14:24:18.734+0000] {processor.py:161} INFO - Started process (PID=699) to work on /home/airflow/.local/lib/python3.8/site-packages/airflow/example_dags/example_python_operator.py
[2023-12-24T14:24:18.741+0000] {processor.py:830} INFO - Processing file /home/airflow/.local/lib/python3.8/site-packages/airflow/example_dags/example_python_operator.py for tasks to queue
[2023-12-24T14:24:18.747+0000] {logging_mixin.py:188} INFO - [2023-12-24T14:24:18.746+0000] {dagbag.py:538} INFO - Filling up the DagBag from /home/airflow/.local/lib/python3.8/site-packages/airflow/example_dags/example_python_operator.py
[2023-12-24T14:24:18.792+0000] {processor.py:840} INFO - DAG(s) 'example_python_operator' retrieved from /home/airflow/.local/lib/python3.8/site-packages/airflow/example_dags/example_python_operator.py
[2023-12-24T14:24:18.865+0000] {logging_mixin.py:188} INFO - [2023-12-24T14:24:18.864+0000] {dag.py:3033} INFO - Sync 1 DAGs
[2023-12-24T14:24:18.911+0000] {logging_mixin.py:188} INFO - [2023-12-24T14:24:18.910+0000] {dag.py:3820} INFO - Setting next_dagrun for example_python_operator to None, run_after=None
[2023-12-24T14:24:18.961+0000] {processor.py:183} INFO - Processing /home/airflow/.local/lib/python3.8/site-packages/airflow/example_dags/example_python_operator.py took 0.235 seconds
[2023-12-24T14:24:49.102+0000] {processor.py:161} INFO - Started process (PID=757) to work on /home/airflow/.local/lib/python3.8/site-packages/airflow/example_dags/example_python_operator.py
[2023-12-24T14:24:49.103+0000] {processor.py:830} INFO - Processing file /home/airflow/.local/lib/python3.8/site-packages/airflow/example_dags/example_python_operator.py for tasks to queue
[2023-12-24T14:24:49.108+0000] {logging_mixin.py:188} INFO - [2023-12-24T14:24:49.107+0000] {dagbag.py:538} INFO - Filling up the DagBag from /home/airflow/.local/lib/python3.8/site-packages/airflow/example_dags/example_python_operator.py
[2023-12-24T14:24:49.128+0000] {processor.py:840} INFO - DAG(s) 'example_python_operator' retrieved from /home/airflow/.local/lib/python3.8/site-packages/airflow/example_dags/example_python_operator.py
[2023-12-24T14:24:49.168+0000] {logging_mixin.py:188} INFO - [2023-12-24T14:24:49.168+0000] {dag.py:3033} INFO - Sync 1 DAGs
[2023-12-24T14:24:49.190+0000] {logging_mixin.py:188} INFO - [2023-12-24T14:24:49.190+0000] {dag.py:3820} INFO - Setting next_dagrun for example_python_operator to None, run_after=None
[2023-12-24T14:24:49.222+0000] {processor.py:183} INFO - Processing /home/airflow/.local/lib/python3.8/site-packages/airflow/example_dags/example_python_operator.py took 0.126 seconds
[2023-12-24T14:25:19.456+0000] {processor.py:161} INFO - Started process (PID=815) to work on /home/airflow/.local/lib/python3.8/site-packages/airflow/example_dags/example_python_operator.py
[2023-12-24T14:25:19.458+0000] {processor.py:830} INFO - Processing file /home/airflow/.local/lib/python3.8/site-packages/airflow/example_dags/example_python_operator.py for tasks to queue
[2023-12-24T14:25:19.464+0000] {logging_mixin.py:188} INFO - [2023-12-24T14:25:19.464+0000] {dagbag.py:538} INFO - Filling up the DagBag from /home/airflow/.local/lib/python3.8/site-packages/airflow/example_dags/example_python_operator.py
[2023-12-24T14:25:19.495+0000] {processor.py:840} INFO - DAG(s) 'example_python_operator' retrieved from /home/airflow/.local/lib/python3.8/site-packages/airflow/example_dags/example_python_operator.py
[2023-12-24T14:25:19.580+0000] {logging_mixin.py:188} INFO - [2023-12-24T14:25:19.579+0000] {dag.py:3033} INFO - Sync 1 DAGs
[2023-12-24T14:25:19.605+0000] {logging_mixin.py:188} INFO - [2023-12-24T14:25:19.604+0000] {dag.py:3820} INFO - Setting next_dagrun for example_python_operator to None, run_after=None
[2023-12-24T14:25:19.658+0000] {processor.py:183} INFO - Processing /home/airflow/.local/lib/python3.8/site-packages/airflow/example_dags/example_python_operator.py took 0.210 seconds
[2023-12-24T14:25:49.807+0000] {processor.py:161} INFO - Started process (PID=873) to work on /home/airflow/.local/lib/python3.8/site-packages/airflow/example_dags/example_python_operator.py
[2023-12-24T14:25:49.809+0000] {processor.py:830} INFO - Processing file /home/airflow/.local/lib/python3.8/site-packages/airflow/example_dags/example_python_operator.py for tasks to queue
[2023-12-24T14:25:49.814+0000] {logging_mixin.py:188} INFO - [2023-12-24T14:25:49.813+0000] {dagbag.py:538} INFO - Filling up the DagBag from /home/airflow/.local/lib/python3.8/site-packages/airflow/example_dags/example_python_operator.py
[2023-12-24T14:25:49.834+0000] {processor.py:840} INFO - DAG(s) 'example_python_operator' retrieved from /home/airflow/.local/lib/python3.8/site-packages/airflow/example_dags/example_python_operator.py
[2023-12-24T14:25:49.880+0000] {logging_mixin.py:188} INFO - [2023-12-24T14:25:49.879+0000] {dag.py:3033} INFO - Sync 1 DAGs
[2023-12-24T14:25:49.905+0000] {logging_mixin.py:188} INFO - [2023-12-24T14:25:49.904+0000] {dag.py:3820} INFO - Setting next_dagrun for example_python_operator to None, run_after=None
[2023-12-24T14:25:49.941+0000] {processor.py:183} INFO - Processing /home/airflow/.local/lib/python3.8/site-packages/airflow/example_dags/example_python_operator.py took 0.142 seconds
[2023-12-24T14:26:20.021+0000] {processor.py:161} INFO - Started process (PID=931) to work on /home/airflow/.local/lib/python3.8/site-packages/airflow/example_dags/example_python_operator.py
[2023-12-24T14:26:20.022+0000] {processor.py:830} INFO - Processing file /home/airflow/.local/lib/python3.8/site-packages/airflow/example_dags/example_python_operator.py for tasks to queue
[2023-12-24T14:26:20.028+0000] {logging_mixin.py:188} INFO - [2023-12-24T14:26:20.027+0000] {dagbag.py:538} INFO - Filling up the DagBag from /home/airflow/.local/lib/python3.8/site-packages/airflow/example_dags/example_python_operator.py
[2023-12-24T14:26:20.049+0000] {processor.py:840} INFO - DAG(s) 'example_python_operator' retrieved from /home/airflow/.local/lib/python3.8/site-packages/airflow/example_dags/example_python_operator.py
[2023-12-24T14:26:20.090+0000] {logging_mixin.py:188} INFO - [2023-12-24T14:26:20.090+0000] {dag.py:3033} INFO - Sync 1 DAGs
[2023-12-24T14:26:20.114+0000] {logging_mixin.py:188} INFO - [2023-12-24T14:26:20.113+0000] {dag.py:3820} INFO - Setting next_dagrun for example_python_operator to None, run_after=None
[2023-12-24T14:26:20.148+0000] {processor.py:183} INFO - Processing /home/airflow/.local/lib/python3.8/site-packages/airflow/example_dags/example_python_operator.py took 0.134 seconds
[2023-12-24T14:26:50.493+0000] {processor.py:161} INFO - Started process (PID=989) to work on /home/airflow/.local/lib/python3.8/site-packages/airflow/example_dags/example_python_operator.py
[2023-12-24T14:26:50.494+0000] {processor.py:830} INFO - Processing file /home/airflow/.local/lib/python3.8/site-packages/airflow/example_dags/example_python_operator.py for tasks to queue
[2023-12-24T14:26:50.501+0000] {logging_mixin.py:188} INFO - [2023-12-24T14:26:50.500+0000] {dagbag.py:538} INFO - Filling up the DagBag from /home/airflow/.local/lib/python3.8/site-packages/airflow/example_dags/example_python_operator.py
[2023-12-24T14:26:50.528+0000] {processor.py:840} INFO - DAG(s) 'example_python_operator' retrieved from /home/airflow/.local/lib/python3.8/site-packages/airflow/example_dags/example_python_operator.py
[2023-12-24T14:26:50.589+0000] {logging_mixin.py:188} INFO - [2023-12-24T14:26:50.588+0000] {dag.py:3033} INFO - Sync 1 DAGs
[2023-12-24T14:26:50.634+0000] {logging_mixin.py:188} INFO - [2023-12-24T14:26:50.634+0000] {dag.py:3820} INFO - Setting next_dagrun for example_python_operator to None, run_after=None
[2023-12-24T14:26:50.697+0000] {processor.py:183} INFO - Processing /home/airflow/.local/lib/python3.8/site-packages/airflow/example_dags/example_python_operator.py took 0.213 seconds
[2023-12-24T14:27:20.761+0000] {processor.py:161} INFO - Started process (PID=1047) to work on /home/airflow/.local/lib/python3.8/site-packages/airflow/example_dags/example_python_operator.py
[2023-12-24T14:27:20.763+0000] {processor.py:830} INFO - Processing file /home/airflow/.local/lib/python3.8/site-packages/airflow/example_dags/example_python_operator.py for tasks to queue
[2023-12-24T14:27:20.768+0000] {logging_mixin.py:188} INFO - [2023-12-24T14:27:20.767+0000] {dagbag.py:538} INFO - Filling up the DagBag from /home/airflow/.local/lib/python3.8/site-packages/airflow/example_dags/example_python_operator.py
[2023-12-24T14:27:20.793+0000] {processor.py:840} INFO - DAG(s) 'example_python_operator' retrieved from /home/airflow/.local/lib/python3.8/site-packages/airflow/example_dags/example_python_operator.py
[2023-12-24T14:27:20.844+0000] {logging_mixin.py:188} INFO - [2023-12-24T14:27:20.844+0000] {dag.py:3033} INFO - Sync 1 DAGs
[2023-12-24T14:27:20.869+0000] {logging_mixin.py:188} INFO - [2023-12-24T14:27:20.869+0000] {dag.py:3820} INFO - Setting next_dagrun for example_python_operator to None, run_after=None
[2023-12-24T14:27:20.904+0000] {processor.py:183} INFO - Processing /home/airflow/.local/lib/python3.8/site-packages/airflow/example_dags/example_python_operator.py took 0.150 seconds
[2023-12-24T14:27:51.309+0000] {processor.py:161} INFO - Started process (PID=1105) to work on /home/airflow/.local/lib/python3.8/site-packages/airflow/example_dags/example_python_operator.py
[2023-12-24T14:27:51.311+0000] {processor.py:830} INFO - Processing file /home/airflow/.local/lib/python3.8/site-packages/airflow/example_dags/example_python_operator.py for tasks to queue
[2023-12-24T14:27:51.316+0000] {logging_mixin.py:188} INFO - [2023-12-24T14:27:51.316+0000] {dagbag.py:538} INFO - Filling up the DagBag from /home/airflow/.local/lib/python3.8/site-packages/airflow/example_dags/example_python_operator.py
[2023-12-24T14:27:51.337+0000] {processor.py:840} INFO - DAG(s) 'example_python_operator' retrieved from /home/airflow/.local/lib/python3.8/site-packages/airflow/example_dags/example_python_operator.py
[2023-12-24T14:27:51.375+0000] {logging_mixin.py:188} INFO - [2023-12-24T14:27:51.375+0000] {dag.py:3033} INFO - Sync 1 DAGs
[2023-12-24T14:27:51.399+0000] {logging_mixin.py:188} INFO - [2023-12-24T14:27:51.398+0000] {dag.py:3820} INFO - Setting next_dagrun for example_python_operator to None, run_after=None
[2023-12-24T14:27:51.428+0000] {processor.py:183} INFO - Processing /home/airflow/.local/lib/python3.8/site-packages/airflow/example_dags/example_python_operator.py took 0.126 seconds
[2023-12-24T14:28:21.922+0000] {processor.py:161} INFO - Started process (PID=1163) to work on /home/airflow/.local/lib/python3.8/site-packages/airflow/example_dags/example_python_operator.py
[2023-12-24T14:28:21.923+0000] {processor.py:830} INFO - Processing file /home/airflow/.local/lib/python3.8/site-packages/airflow/example_dags/example_python_operator.py for tasks to queue
[2023-12-24T14:28:21.928+0000] {logging_mixin.py:188} INFO - [2023-12-24T14:28:21.927+0000] {dagbag.py:538} INFO - Filling up the DagBag from /home/airflow/.local/lib/python3.8/site-packages/airflow/example_dags/example_python_operator.py
[2023-12-24T14:28:21.953+0000] {processor.py:840} INFO - DAG(s) 'example_python_operator' retrieved from /home/airflow/.local/lib/python3.8/site-packages/airflow/example_dags/example_python_operator.py
[2023-12-24T14:28:21.992+0000] {logging_mixin.py:188} INFO - [2023-12-24T14:28:21.992+0000] {dag.py:3033} INFO - Sync 1 DAGs
[2023-12-24T14:28:22.018+0000] {logging_mixin.py:188} INFO - [2023-12-24T14:28:22.018+0000] {dag.py:3820} INFO - Setting next_dagrun for example_python_operator to None, run_after=None
[2023-12-24T14:28:22.059+0000] {processor.py:183} INFO - Processing /home/airflow/.local/lib/python3.8/site-packages/airflow/example_dags/example_python_operator.py took 0.143 seconds
[2023-12-24T14:28:52.806+0000] {processor.py:161} INFO - Started process (PID=1221) to work on /home/airflow/.local/lib/python3.8/site-packages/airflow/example_dags/example_python_operator.py
[2023-12-24T14:28:52.808+0000] {processor.py:830} INFO - Processing file /home/airflow/.local/lib/python3.8/site-packages/airflow/example_dags/example_python_operator.py for tasks to queue
[2023-12-24T14:28:52.815+0000] {logging_mixin.py:188} INFO - [2023-12-24T14:28:52.814+0000] {dagbag.py:538} INFO - Filling up the DagBag from /home/airflow/.local/lib/python3.8/site-packages/airflow/example_dags/example_python_operator.py
[2023-12-24T14:28:52.842+0000] {processor.py:840} INFO - DAG(s) 'example_python_operator' retrieved from /home/airflow/.local/lib/python3.8/site-packages/airflow/example_dags/example_python_operator.py
[2023-12-24T14:28:52.901+0000] {logging_mixin.py:188} INFO - [2023-12-24T14:28:52.900+0000] {dag.py:3033} INFO - Sync 1 DAGs
[2023-12-24T14:28:52.936+0000] {logging_mixin.py:188} INFO - [2023-12-24T14:28:52.936+0000] {dag.py:3820} INFO - Setting next_dagrun for example_python_operator to None, run_after=None
[2023-12-24T14:28:52.984+0000] {processor.py:183} INFO - Processing /home/airflow/.local/lib/python3.8/site-packages/airflow/example_dags/example_python_operator.py took 0.187 seconds
[2023-12-24T14:29:23.085+0000] {processor.py:161} INFO - Started process (PID=1279) to work on /home/airflow/.local/lib/python3.8/site-packages/airflow/example_dags/example_python_operator.py
[2023-12-24T14:29:23.086+0000] {processor.py:830} INFO - Processing file /home/airflow/.local/lib/python3.8/site-packages/airflow/example_dags/example_python_operator.py for tasks to queue
[2023-12-24T14:29:23.090+0000] {logging_mixin.py:188} INFO - [2023-12-24T14:29:23.090+0000] {dagbag.py:538} INFO - Filling up the DagBag from /home/airflow/.local/lib/python3.8/site-packages/airflow/example_dags/example_python_operator.py
[2023-12-24T14:29:23.108+0000] {processor.py:840} INFO - DAG(s) 'example_python_operator' retrieved from /home/airflow/.local/lib/python3.8/site-packages/airflow/example_dags/example_python_operator.py
[2023-12-24T14:29:23.143+0000] {logging_mixin.py:188} INFO - [2023-12-24T14:29:23.143+0000] {dag.py:3033} INFO - Sync 1 DAGs
[2023-12-24T14:29:23.161+0000] {logging_mixin.py:188} INFO - [2023-12-24T14:29:23.161+0000] {dag.py:3820} INFO - Setting next_dagrun for example_python_operator to None, run_after=None
[2023-12-24T14:29:23.188+0000] {processor.py:183} INFO - Processing /home/airflow/.local/lib/python3.8/site-packages/airflow/example_dags/example_python_operator.py took 0.109 seconds
[2023-12-24T14:29:53.412+0000] {processor.py:161} INFO - Started process (PID=1336) to work on /home/airflow/.local/lib/python3.8/site-packages/airflow/example_dags/example_python_operator.py
[2023-12-24T14:29:53.414+0000] {processor.py:830} INFO - Processing file /home/airflow/.local/lib/python3.8/site-packages/airflow/example_dags/example_python_operator.py for tasks to queue
[2023-12-24T14:29:53.419+0000] {logging_mixin.py:188} INFO - [2023-12-24T14:29:53.418+0000] {dagbag.py:538} INFO - Filling up the DagBag from /home/airflow/.local/lib/python3.8/site-packages/airflow/example_dags/example_python_operator.py
[2023-12-24T14:29:53.438+0000] {processor.py:840} INFO - DAG(s) 'example_python_operator' retrieved from /home/airflow/.local/lib/python3.8/site-packages/airflow/example_dags/example_python_operator.py
[2023-12-24T14:29:53.481+0000] {logging_mixin.py:188} INFO - [2023-12-24T14:29:53.481+0000] {dag.py:3033} INFO - Sync 1 DAGs
[2023-12-24T14:29:53.503+0000] {logging_mixin.py:188} INFO - [2023-12-24T14:29:53.503+0000] {dag.py:3820} INFO - Setting next_dagrun for example_python_operator to None, run_after=None
[2023-12-24T14:29:53.538+0000] {processor.py:183} INFO - Processing /home/airflow/.local/lib/python3.8/site-packages/airflow/example_dags/example_python_operator.py took 0.133 seconds
[2023-12-24T14:30:23.726+0000] {processor.py:161} INFO - Started process (PID=1394) to work on /home/airflow/.local/lib/python3.8/site-packages/airflow/example_dags/example_python_operator.py
[2023-12-24T14:30:23.728+0000] {processor.py:830} INFO - Processing file /home/airflow/.local/lib/python3.8/site-packages/airflow/example_dags/example_python_operator.py for tasks to queue
[2023-12-24T14:30:23.735+0000] {logging_mixin.py:188} INFO - [2023-12-24T14:30:23.733+0000] {dagbag.py:538} INFO - Filling up the DagBag from /home/airflow/.local/lib/python3.8/site-packages/airflow/example_dags/example_python_operator.py
[2023-12-24T14:30:23.769+0000] {processor.py:840} INFO - DAG(s) 'example_python_operator' retrieved from /home/airflow/.local/lib/python3.8/site-packages/airflow/example_dags/example_python_operator.py
[2023-12-24T14:30:23.820+0000] {logging_mixin.py:188} INFO - [2023-12-24T14:30:23.819+0000] {dag.py:3033} INFO - Sync 1 DAGs
[2023-12-24T14:30:23.856+0000] {logging_mixin.py:188} INFO - [2023-12-24T14:30:23.855+0000] {dag.py:3820} INFO - Setting next_dagrun for example_python_operator to None, run_after=None
[2023-12-24T14:30:23.901+0000] {processor.py:183} INFO - Processing /home/airflow/.local/lib/python3.8/site-packages/airflow/example_dags/example_python_operator.py took 0.182 seconds
[2023-12-24T14:30:54.246+0000] {processor.py:161} INFO - Started process (PID=1452) to work on /home/airflow/.local/lib/python3.8/site-packages/airflow/example_dags/example_python_operator.py
[2023-12-24T14:30:54.248+0000] {processor.py:830} INFO - Processing file /home/airflow/.local/lib/python3.8/site-packages/airflow/example_dags/example_python_operator.py for tasks to queue
[2023-12-24T14:30:54.254+0000] {logging_mixin.py:188} INFO - [2023-12-24T14:30:54.253+0000] {dagbag.py:538} INFO - Filling up the DagBag from /home/airflow/.local/lib/python3.8/site-packages/airflow/example_dags/example_python_operator.py
[2023-12-24T14:30:54.278+0000] {processor.py:840} INFO - DAG(s) 'example_python_operator' retrieved from /home/airflow/.local/lib/python3.8/site-packages/airflow/example_dags/example_python_operator.py
[2023-12-24T14:30:54.320+0000] {logging_mixin.py:188} INFO - [2023-12-24T14:30:54.320+0000] {dag.py:3033} INFO - Sync 1 DAGs
[2023-12-24T14:30:54.359+0000] {logging_mixin.py:188} INFO - [2023-12-24T14:30:54.358+0000] {dag.py:3820} INFO - Setting next_dagrun for example_python_operator to None, run_after=None
[2023-12-24T14:30:54.401+0000] {processor.py:183} INFO - Processing /home/airflow/.local/lib/python3.8/site-packages/airflow/example_dags/example_python_operator.py took 0.164 seconds
[2023-12-24T14:31:24.560+0000] {processor.py:161} INFO - Started process (PID=1510) to work on /home/airflow/.local/lib/python3.8/site-packages/airflow/example_dags/example_python_operator.py
[2023-12-24T14:31:24.562+0000] {processor.py:830} INFO - Processing file /home/airflow/.local/lib/python3.8/site-packages/airflow/example_dags/example_python_operator.py for tasks to queue
[2023-12-24T14:31:24.568+0000] {logging_mixin.py:188} INFO - [2023-12-24T14:31:24.567+0000] {dagbag.py:538} INFO - Filling up the DagBag from /home/airflow/.local/lib/python3.8/site-packages/airflow/example_dags/example_python_operator.py
[2023-12-24T14:31:24.595+0000] {processor.py:840} INFO - DAG(s) 'example_python_operator' retrieved from /home/airflow/.local/lib/python3.8/site-packages/airflow/example_dags/example_python_operator.py
[2023-12-24T14:31:24.652+0000] {logging_mixin.py:188} INFO - [2023-12-24T14:31:24.652+0000] {dag.py:3033} INFO - Sync 1 DAGs
[2023-12-24T14:31:24.685+0000] {logging_mixin.py:188} INFO - [2023-12-24T14:31:24.684+0000] {dag.py:3820} INFO - Setting next_dagrun for example_python_operator to None, run_after=None
[2023-12-24T14:31:24.725+0000] {processor.py:183} INFO - Processing /home/airflow/.local/lib/python3.8/site-packages/airflow/example_dags/example_python_operator.py took 0.173 seconds
[2023-12-24T14:33:22.581+0000] {processor.py:161} INFO - Started process (PID=54) to work on /home/airflow/.local/lib/python3.8/site-packages/airflow/example_dags/example_python_operator.py
[2023-12-24T14:33:22.583+0000] {processor.py:830} INFO - Processing file /home/airflow/.local/lib/python3.8/site-packages/airflow/example_dags/example_python_operator.py for tasks to queue
[2023-12-24T14:33:22.589+0000] {logging_mixin.py:188} INFO - [2023-12-24T14:33:22.588+0000] {dagbag.py:538} INFO - Filling up the DagBag from /home/airflow/.local/lib/python3.8/site-packages/airflow/example_dags/example_python_operator.py
[2023-12-24T14:33:22.621+0000] {processor.py:840} INFO - DAG(s) 'example_python_operator' retrieved from /home/airflow/.local/lib/python3.8/site-packages/airflow/example_dags/example_python_operator.py
[2023-12-24T14:33:22.647+0000] {logging_mixin.py:188} INFO - [2023-12-24T14:33:22.647+0000] {dag.py:3033} INFO - Sync 1 DAGs
[2023-12-24T14:33:22.704+0000] {logging_mixin.py:188} INFO - [2023-12-24T14:33:22.703+0000] {dag.py:3820} INFO - Setting next_dagrun for example_python_operator to None, run_after=None
[2023-12-24T14:33:22.759+0000] {processor.py:183} INFO - Processing /home/airflow/.local/lib/python3.8/site-packages/airflow/example_dags/example_python_operator.py took 0.186 seconds
[2023-12-24T14:33:53.422+0000] {processor.py:161} INFO - Started process (PID=112) to work on /home/airflow/.local/lib/python3.8/site-packages/airflow/example_dags/example_python_operator.py
[2023-12-24T14:33:53.424+0000] {processor.py:830} INFO - Processing file /home/airflow/.local/lib/python3.8/site-packages/airflow/example_dags/example_python_operator.py for tasks to queue
[2023-12-24T14:33:53.431+0000] {logging_mixin.py:188} INFO - [2023-12-24T14:33:53.430+0000] {dagbag.py:538} INFO - Filling up the DagBag from /home/airflow/.local/lib/python3.8/site-packages/airflow/example_dags/example_python_operator.py
[2023-12-24T14:33:53.457+0000] {processor.py:840} INFO - DAG(s) 'example_python_operator' retrieved from /home/airflow/.local/lib/python3.8/site-packages/airflow/example_dags/example_python_operator.py
[2023-12-24T14:33:53.711+0000] {logging_mixin.py:188} INFO - [2023-12-24T14:33:53.710+0000] {dag.py:3033} INFO - Sync 1 DAGs
[2023-12-24T14:33:53.741+0000] {logging_mixin.py:188} INFO - [2023-12-24T14:33:53.741+0000] {dag.py:3820} INFO - Setting next_dagrun for example_python_operator to None, run_after=None
[2023-12-24T14:33:53.790+0000] {processor.py:183} INFO - Processing /home/airflow/.local/lib/python3.8/site-packages/airflow/example_dags/example_python_operator.py took 0.376 seconds
[2023-12-24T14:34:23.851+0000] {processor.py:161} INFO - Started process (PID=170) to work on /home/airflow/.local/lib/python3.8/site-packages/airflow/example_dags/example_python_operator.py
[2023-12-24T14:34:23.853+0000] {processor.py:830} INFO - Processing file /home/airflow/.local/lib/python3.8/site-packages/airflow/example_dags/example_python_operator.py for tasks to queue
[2023-12-24T14:34:23.858+0000] {logging_mixin.py:188} INFO - [2023-12-24T14:34:23.858+0000] {dagbag.py:538} INFO - Filling up the DagBag from /home/airflow/.local/lib/python3.8/site-packages/airflow/example_dags/example_python_operator.py
[2023-12-24T14:34:23.883+0000] {processor.py:840} INFO - DAG(s) 'example_python_operator' retrieved from /home/airflow/.local/lib/python3.8/site-packages/airflow/example_dags/example_python_operator.py
[2023-12-24T14:34:23.927+0000] {logging_mixin.py:188} INFO - [2023-12-24T14:34:23.926+0000] {dag.py:3033} INFO - Sync 1 DAGs
[2023-12-24T14:34:23.959+0000] {logging_mixin.py:188} INFO - [2023-12-24T14:34:23.959+0000] {dag.py:3820} INFO - Setting next_dagrun for example_python_operator to None, run_after=None
[2023-12-24T14:34:23.992+0000] {processor.py:183} INFO - Processing /home/airflow/.local/lib/python3.8/site-packages/airflow/example_dags/example_python_operator.py took 0.148 seconds
[2023-12-24T14:34:54.385+0000] {processor.py:161} INFO - Started process (PID=228) to work on /home/airflow/.local/lib/python3.8/site-packages/airflow/example_dags/example_python_operator.py
[2023-12-24T14:34:54.387+0000] {processor.py:830} INFO - Processing file /home/airflow/.local/lib/python3.8/site-packages/airflow/example_dags/example_python_operator.py for tasks to queue
[2023-12-24T14:34:54.392+0000] {logging_mixin.py:188} INFO - [2023-12-24T14:34:54.391+0000] {dagbag.py:538} INFO - Filling up the DagBag from /home/airflow/.local/lib/python3.8/site-packages/airflow/example_dags/example_python_operator.py
[2023-12-24T14:34:54.415+0000] {processor.py:840} INFO - DAG(s) 'example_python_operator' retrieved from /home/airflow/.local/lib/python3.8/site-packages/airflow/example_dags/example_python_operator.py
[2023-12-24T14:34:54.453+0000] {logging_mixin.py:188} INFO - [2023-12-24T14:34:54.453+0000] {dag.py:3033} INFO - Sync 1 DAGs
[2023-12-24T14:34:54.476+0000] {logging_mixin.py:188} INFO - [2023-12-24T14:34:54.476+0000] {dag.py:3820} INFO - Setting next_dagrun for example_python_operator to None, run_after=None
[2023-12-24T14:34:54.510+0000] {processor.py:183} INFO - Processing /home/airflow/.local/lib/python3.8/site-packages/airflow/example_dags/example_python_operator.py took 0.133 seconds
[2023-12-24T14:35:25.434+0000] {processor.py:161} INFO - Started process (PID=286) to work on /home/airflow/.local/lib/python3.8/site-packages/airflow/example_dags/example_python_operator.py
[2023-12-24T14:35:25.436+0000] {processor.py:830} INFO - Processing file /home/airflow/.local/lib/python3.8/site-packages/airflow/example_dags/example_python_operator.py for tasks to queue
[2023-12-24T14:35:25.443+0000] {logging_mixin.py:188} INFO - [2023-12-24T14:35:25.443+0000] {dagbag.py:538} INFO - Filling up the DagBag from /home/airflow/.local/lib/python3.8/site-packages/airflow/example_dags/example_python_operator.py
[2023-12-24T14:35:25.482+0000] {processor.py:840} INFO - DAG(s) 'example_python_operator' retrieved from /home/airflow/.local/lib/python3.8/site-packages/airflow/example_dags/example_python_operator.py
[2023-12-24T14:35:25.523+0000] {logging_mixin.py:188} INFO - [2023-12-24T14:35:25.523+0000] {dag.py:3033} INFO - Sync 1 DAGs
[2023-12-24T14:35:25.556+0000] {logging_mixin.py:188} INFO - [2023-12-24T14:35:25.555+0000] {dag.py:3820} INFO - Setting next_dagrun for example_python_operator to None, run_after=None
[2023-12-24T14:35:25.598+0000] {processor.py:183} INFO - Processing /home/airflow/.local/lib/python3.8/site-packages/airflow/example_dags/example_python_operator.py took 0.172 seconds
[2023-12-24T14:35:56.099+0000] {processor.py:161} INFO - Started process (PID=345) to work on /home/airflow/.local/lib/python3.8/site-packages/airflow/example_dags/example_python_operator.py
[2023-12-24T14:35:56.101+0000] {processor.py:830} INFO - Processing file /home/airflow/.local/lib/python3.8/site-packages/airflow/example_dags/example_python_operator.py for tasks to queue
[2023-12-24T14:35:56.106+0000] {logging_mixin.py:188} INFO - [2023-12-24T14:35:56.106+0000] {dagbag.py:538} INFO - Filling up the DagBag from /home/airflow/.local/lib/python3.8/site-packages/airflow/example_dags/example_python_operator.py
[2023-12-24T14:35:56.133+0000] {processor.py:840} INFO - DAG(s) 'example_python_operator' retrieved from /home/airflow/.local/lib/python3.8/site-packages/airflow/example_dags/example_python_operator.py
[2023-12-24T14:35:56.180+0000] {logging_mixin.py:188} INFO - [2023-12-24T14:35:56.179+0000] {dag.py:3033} INFO - Sync 1 DAGs
[2023-12-24T14:35:56.210+0000] {logging_mixin.py:188} INFO - [2023-12-24T14:35:56.210+0000] {dag.py:3820} INFO - Setting next_dagrun for example_python_operator to None, run_after=None
[2023-12-24T14:35:56.252+0000] {processor.py:183} INFO - Processing /home/airflow/.local/lib/python3.8/site-packages/airflow/example_dags/example_python_operator.py took 0.162 seconds
[2023-12-24T14:36:26.754+0000] {processor.py:161} INFO - Started process (PID=403) to work on /home/airflow/.local/lib/python3.8/site-packages/airflow/example_dags/example_python_operator.py
[2023-12-24T14:36:26.756+0000] {processor.py:830} INFO - Processing file /home/airflow/.local/lib/python3.8/site-packages/airflow/example_dags/example_python_operator.py for tasks to queue
[2023-12-24T14:36:26.761+0000] {logging_mixin.py:188} INFO - [2023-12-24T14:36:26.760+0000] {dagbag.py:538} INFO - Filling up the DagBag from /home/airflow/.local/lib/python3.8/site-packages/airflow/example_dags/example_python_operator.py
[2023-12-24T14:36:26.780+0000] {processor.py:840} INFO - DAG(s) 'example_python_operator' retrieved from /home/airflow/.local/lib/python3.8/site-packages/airflow/example_dags/example_python_operator.py
[2023-12-24T14:36:26.818+0000] {logging_mixin.py:188} INFO - [2023-12-24T14:36:26.818+0000] {dag.py:3033} INFO - Sync 1 DAGs
[2023-12-24T14:36:26.841+0000] {logging_mixin.py:188} INFO - [2023-12-24T14:36:26.840+0000] {dag.py:3820} INFO - Setting next_dagrun for example_python_operator to None, run_after=None
[2023-12-24T14:36:26.882+0000] {processor.py:183} INFO - Processing /home/airflow/.local/lib/python3.8/site-packages/airflow/example_dags/example_python_operator.py took 0.134 seconds
[2023-12-24T14:36:56.931+0000] {processor.py:161} INFO - Started process (PID=461) to work on /home/airflow/.local/lib/python3.8/site-packages/airflow/example_dags/example_python_operator.py
[2023-12-24T14:36:56.935+0000] {processor.py:830} INFO - Processing file /home/airflow/.local/lib/python3.8/site-packages/airflow/example_dags/example_python_operator.py for tasks to queue
[2023-12-24T14:36:56.945+0000] {logging_mixin.py:188} INFO - [2023-12-24T14:36:56.944+0000] {dagbag.py:538} INFO - Filling up the DagBag from /home/airflow/.local/lib/python3.8/site-packages/airflow/example_dags/example_python_operator.py
[2023-12-24T14:36:56.970+0000] {processor.py:840} INFO - DAG(s) 'example_python_operator' retrieved from /home/airflow/.local/lib/python3.8/site-packages/airflow/example_dags/example_python_operator.py
[2023-12-24T14:36:57.025+0000] {logging_mixin.py:188} INFO - [2023-12-24T14:36:57.025+0000] {dag.py:3033} INFO - Sync 1 DAGs
[2023-12-24T14:36:57.064+0000] {logging_mixin.py:188} INFO - [2023-12-24T14:36:57.064+0000] {dag.py:3820} INFO - Setting next_dagrun for example_python_operator to None, run_after=None
[2023-12-24T14:36:57.130+0000] {processor.py:183} INFO - Processing /home/airflow/.local/lib/python3.8/site-packages/airflow/example_dags/example_python_operator.py took 0.206 seconds
[2023-12-24T14:37:27.378+0000] {processor.py:161} INFO - Started process (PID=520) to work on /home/airflow/.local/lib/python3.8/site-packages/airflow/example_dags/example_python_operator.py
[2023-12-24T14:37:27.380+0000] {processor.py:830} INFO - Processing file /home/airflow/.local/lib/python3.8/site-packages/airflow/example_dags/example_python_operator.py for tasks to queue
[2023-12-24T14:37:27.385+0000] {logging_mixin.py:188} INFO - [2023-12-24T14:37:27.385+0000] {dagbag.py:538} INFO - Filling up the DagBag from /home/airflow/.local/lib/python3.8/site-packages/airflow/example_dags/example_python_operator.py
[2023-12-24T14:37:27.413+0000] {processor.py:840} INFO - DAG(s) 'example_python_operator' retrieved from /home/airflow/.local/lib/python3.8/site-packages/airflow/example_dags/example_python_operator.py
[2023-12-24T14:37:27.465+0000] {logging_mixin.py:188} INFO - [2023-12-24T14:37:27.465+0000] {dag.py:3033} INFO - Sync 1 DAGs
[2023-12-24T14:37:27.495+0000] {logging_mixin.py:188} INFO - [2023-12-24T14:37:27.495+0000] {dag.py:3820} INFO - Setting next_dagrun for example_python_operator to None, run_after=None
[2023-12-24T14:37:27.531+0000] {processor.py:183} INFO - Processing /home/airflow/.local/lib/python3.8/site-packages/airflow/example_dags/example_python_operator.py took 0.160 seconds
[2023-12-24T14:37:58.527+0000] {processor.py:161} INFO - Started process (PID=578) to work on /home/airflow/.local/lib/python3.8/site-packages/airflow/example_dags/example_python_operator.py
[2023-12-24T14:37:58.530+0000] {processor.py:830} INFO - Processing file /home/airflow/.local/lib/python3.8/site-packages/airflow/example_dags/example_python_operator.py for tasks to queue
[2023-12-24T14:37:58.544+0000] {logging_mixin.py:188} INFO - [2023-12-24T14:37:58.542+0000] {dagbag.py:538} INFO - Filling up the DagBag from /home/airflow/.local/lib/python3.8/site-packages/airflow/example_dags/example_python_operator.py
[2023-12-24T14:37:58.591+0000] {processor.py:840} INFO - DAG(s) 'example_python_operator' retrieved from /home/airflow/.local/lib/python3.8/site-packages/airflow/example_dags/example_python_operator.py
[2023-12-24T14:37:58.656+0000] {logging_mixin.py:188} INFO - [2023-12-24T14:37:58.655+0000] {dag.py:3033} INFO - Sync 1 DAGs
[2023-12-24T14:37:58.694+0000] {logging_mixin.py:188} INFO - [2023-12-24T14:37:58.693+0000] {dag.py:3820} INFO - Setting next_dagrun for example_python_operator to None, run_after=None
[2023-12-24T14:37:58.743+0000] {processor.py:183} INFO - Processing /home/airflow/.local/lib/python3.8/site-packages/airflow/example_dags/example_python_operator.py took 0.230 seconds
[2023-12-24T14:38:29.245+0000] {processor.py:161} INFO - Started process (PID=637) to work on /home/airflow/.local/lib/python3.8/site-packages/airflow/example_dags/example_python_operator.py
[2023-12-24T14:38:29.247+0000] {processor.py:830} INFO - Processing file /home/airflow/.local/lib/python3.8/site-packages/airflow/example_dags/example_python_operator.py for tasks to queue
[2023-12-24T14:38:29.251+0000] {logging_mixin.py:188} INFO - [2023-12-24T14:38:29.251+0000] {dagbag.py:538} INFO - Filling up the DagBag from /home/airflow/.local/lib/python3.8/site-packages/airflow/example_dags/example_python_operator.py
[2023-12-24T14:38:29.274+0000] {processor.py:840} INFO - DAG(s) 'example_python_operator' retrieved from /home/airflow/.local/lib/python3.8/site-packages/airflow/example_dags/example_python_operator.py
[2023-12-24T14:38:29.322+0000] {logging_mixin.py:188} INFO - [2023-12-24T14:38:29.322+0000] {dag.py:3033} INFO - Sync 1 DAGs
[2023-12-24T14:38:29.354+0000] {logging_mixin.py:188} INFO - [2023-12-24T14:38:29.354+0000] {dag.py:3820} INFO - Setting next_dagrun for example_python_operator to None, run_after=None
[2023-12-24T14:38:29.397+0000] {processor.py:183} INFO - Processing /home/airflow/.local/lib/python3.8/site-packages/airflow/example_dags/example_python_operator.py took 0.158 seconds
[2023-12-24T14:38:59.847+0000] {processor.py:161} INFO - Started process (PID=696) to work on /home/airflow/.local/lib/python3.8/site-packages/airflow/example_dags/example_python_operator.py
[2023-12-24T14:38:59.850+0000] {processor.py:830} INFO - Processing file /home/airflow/.local/lib/python3.8/site-packages/airflow/example_dags/example_python_operator.py for tasks to queue
[2023-12-24T14:38:59.858+0000] {logging_mixin.py:188} INFO - [2023-12-24T14:38:59.857+0000] {dagbag.py:538} INFO - Filling up the DagBag from /home/airflow/.local/lib/python3.8/site-packages/airflow/example_dags/example_python_operator.py
[2023-12-24T14:38:59.890+0000] {processor.py:840} INFO - DAG(s) 'example_python_operator' retrieved from /home/airflow/.local/lib/python3.8/site-packages/airflow/example_dags/example_python_operator.py
[2023-12-24T14:38:59.962+0000] {logging_mixin.py:188} INFO - [2023-12-24T14:38:59.962+0000] {dag.py:3033} INFO - Sync 1 DAGs
[2023-12-24T14:39:00.002+0000] {logging_mixin.py:188} INFO - [2023-12-24T14:39:00.002+0000] {dag.py:3820} INFO - Setting next_dagrun for example_python_operator to None, run_after=None
[2023-12-24T14:39:00.077+0000] {processor.py:183} INFO - Processing /home/airflow/.local/lib/python3.8/site-packages/airflow/example_dags/example_python_operator.py took 0.241 seconds
[2023-12-24T14:39:30.437+0000] {processor.py:161} INFO - Started process (PID=755) to work on /home/airflow/.local/lib/python3.8/site-packages/airflow/example_dags/example_python_operator.py
[2023-12-24T14:39:30.438+0000] {processor.py:830} INFO - Processing file /home/airflow/.local/lib/python3.8/site-packages/airflow/example_dags/example_python_operator.py for tasks to queue
[2023-12-24T14:39:30.444+0000] {logging_mixin.py:188} INFO - [2023-12-24T14:39:30.443+0000] {dagbag.py:538} INFO - Filling up the DagBag from /home/airflow/.local/lib/python3.8/site-packages/airflow/example_dags/example_python_operator.py
[2023-12-24T14:39:30.471+0000] {processor.py:840} INFO - DAG(s) 'example_python_operator' retrieved from /home/airflow/.local/lib/python3.8/site-packages/airflow/example_dags/example_python_operator.py
[2023-12-24T14:39:30.510+0000] {logging_mixin.py:188} INFO - [2023-12-24T14:39:30.510+0000] {dag.py:3033} INFO - Sync 1 DAGs
[2023-12-24T14:39:30.533+0000] {logging_mixin.py:188} INFO - [2023-12-24T14:39:30.533+0000] {dag.py:3820} INFO - Setting next_dagrun for example_python_operator to None, run_after=None
[2023-12-24T14:39:30.567+0000] {processor.py:183} INFO - Processing /home/airflow/.local/lib/python3.8/site-packages/airflow/example_dags/example_python_operator.py took 0.139 seconds
[2023-12-24T14:40:00.653+0000] {processor.py:161} INFO - Started process (PID=814) to work on /home/airflow/.local/lib/python3.8/site-packages/airflow/example_dags/example_python_operator.py
[2023-12-24T14:40:00.655+0000] {processor.py:830} INFO - Processing file /home/airflow/.local/lib/python3.8/site-packages/airflow/example_dags/example_python_operator.py for tasks to queue
[2023-12-24T14:40:00.661+0000] {logging_mixin.py:188} INFO - [2023-12-24T14:40:00.660+0000] {dagbag.py:538} INFO - Filling up the DagBag from /home/airflow/.local/lib/python3.8/site-packages/airflow/example_dags/example_python_operator.py
[2023-12-24T14:40:00.688+0000] {processor.py:840} INFO - DAG(s) 'example_python_operator' retrieved from /home/airflow/.local/lib/python3.8/site-packages/airflow/example_dags/example_python_operator.py
[2023-12-24T14:40:00.741+0000] {logging_mixin.py:188} INFO - [2023-12-24T14:40:00.741+0000] {dag.py:3033} INFO - Sync 1 DAGs
[2023-12-24T14:40:00.773+0000] {logging_mixin.py:188} INFO - [2023-12-24T14:40:00.773+0000] {dag.py:3820} INFO - Setting next_dagrun for example_python_operator to None, run_after=None
[2023-12-24T14:40:00.813+0000] {processor.py:183} INFO - Processing /home/airflow/.local/lib/python3.8/site-packages/airflow/example_dags/example_python_operator.py took 0.168 seconds
[2023-12-24T14:40:31.582+0000] {processor.py:161} INFO - Started process (PID=874) to work on /home/airflow/.local/lib/python3.8/site-packages/airflow/example_dags/example_python_operator.py
[2023-12-24T14:40:31.584+0000] {processor.py:830} INFO - Processing file /home/airflow/.local/lib/python3.8/site-packages/airflow/example_dags/example_python_operator.py for tasks to queue
[2023-12-24T14:40:31.588+0000] {logging_mixin.py:188} INFO - [2023-12-24T14:40:31.587+0000] {dagbag.py:538} INFO - Filling up the DagBag from /home/airflow/.local/lib/python3.8/site-packages/airflow/example_dags/example_python_operator.py
[2023-12-24T14:40:31.606+0000] {processor.py:840} INFO - DAG(s) 'example_python_operator' retrieved from /home/airflow/.local/lib/python3.8/site-packages/airflow/example_dags/example_python_operator.py
[2023-12-24T14:40:31.640+0000] {logging_mixin.py:188} INFO - [2023-12-24T14:40:31.640+0000] {dag.py:3033} INFO - Sync 1 DAGs
[2023-12-24T14:40:31.662+0000] {logging_mixin.py:188} INFO - [2023-12-24T14:40:31.661+0000] {dag.py:3820} INFO - Setting next_dagrun for example_python_operator to None, run_after=None
[2023-12-24T14:40:31.692+0000] {processor.py:183} INFO - Processing /home/airflow/.local/lib/python3.8/site-packages/airflow/example_dags/example_python_operator.py took 0.115 seconds
[2023-12-24T14:41:02.274+0000] {processor.py:161} INFO - Started process (PID=933) to work on /home/airflow/.local/lib/python3.8/site-packages/airflow/example_dags/example_python_operator.py
[2023-12-24T14:41:02.275+0000] {processor.py:830} INFO - Processing file /home/airflow/.local/lib/python3.8/site-packages/airflow/example_dags/example_python_operator.py for tasks to queue
[2023-12-24T14:41:02.281+0000] {logging_mixin.py:188} INFO - [2023-12-24T14:41:02.279+0000] {dagbag.py:538} INFO - Filling up the DagBag from /home/airflow/.local/lib/python3.8/site-packages/airflow/example_dags/example_python_operator.py
[2023-12-24T14:41:02.301+0000] {processor.py:840} INFO - DAG(s) 'example_python_operator' retrieved from /home/airflow/.local/lib/python3.8/site-packages/airflow/example_dags/example_python_operator.py
[2023-12-24T14:41:02.338+0000] {logging_mixin.py:188} INFO - [2023-12-24T14:41:02.338+0000] {dag.py:3033} INFO - Sync 1 DAGs
[2023-12-24T14:41:02.362+0000] {logging_mixin.py:188} INFO - [2023-12-24T14:41:02.362+0000] {dag.py:3820} INFO - Setting next_dagrun for example_python_operator to None, run_after=None
[2023-12-24T14:41:02.400+0000] {processor.py:183} INFO - Processing /home/airflow/.local/lib/python3.8/site-packages/airflow/example_dags/example_python_operator.py took 0.132 seconds
[2023-12-24T14:41:32.908+0000] {processor.py:161} INFO - Started process (PID=992) to work on /home/airflow/.local/lib/python3.8/site-packages/airflow/example_dags/example_python_operator.py
[2023-12-24T14:41:32.910+0000] {processor.py:830} INFO - Processing file /home/airflow/.local/lib/python3.8/site-packages/airflow/example_dags/example_python_operator.py for tasks to queue
[2023-12-24T14:41:32.916+0000] {logging_mixin.py:188} INFO - [2023-12-24T14:41:32.915+0000] {dagbag.py:538} INFO - Filling up the DagBag from /home/airflow/.local/lib/python3.8/site-packages/airflow/example_dags/example_python_operator.py
[2023-12-24T14:41:32.949+0000] {processor.py:840} INFO - DAG(s) 'example_python_operator' retrieved from /home/airflow/.local/lib/python3.8/site-packages/airflow/example_dags/example_python_operator.py
[2023-12-24T14:41:33.006+0000] {logging_mixin.py:188} INFO - [2023-12-24T14:41:33.006+0000] {dag.py:3033} INFO - Sync 1 DAGs
[2023-12-24T14:41:33.041+0000] {logging_mixin.py:188} INFO - [2023-12-24T14:41:33.041+0000] {dag.py:3820} INFO - Setting next_dagrun for example_python_operator to None, run_after=None
[2023-12-24T14:41:33.090+0000] {processor.py:183} INFO - Processing /home/airflow/.local/lib/python3.8/site-packages/airflow/example_dags/example_python_operator.py took 0.191 seconds
[2023-12-24T14:42:03.957+0000] {processor.py:161} INFO - Started process (PID=1050) to work on /home/airflow/.local/lib/python3.8/site-packages/airflow/example_dags/example_python_operator.py
[2023-12-24T14:42:03.959+0000] {processor.py:830} INFO - Processing file /home/airflow/.local/lib/python3.8/site-packages/airflow/example_dags/example_python_operator.py for tasks to queue
[2023-12-24T14:42:03.964+0000] {logging_mixin.py:188} INFO - [2023-12-24T14:42:03.963+0000] {dagbag.py:538} INFO - Filling up the DagBag from /home/airflow/.local/lib/python3.8/site-packages/airflow/example_dags/example_python_operator.py
[2023-12-24T14:42:03.989+0000] {processor.py:840} INFO - DAG(s) 'example_python_operator' retrieved from /home/airflow/.local/lib/python3.8/site-packages/airflow/example_dags/example_python_operator.py
[2023-12-24T14:42:04.038+0000] {logging_mixin.py:188} INFO - [2023-12-24T14:42:04.037+0000] {dag.py:3033} INFO - Sync 1 DAGs
[2023-12-24T14:42:04.066+0000] {logging_mixin.py:188} INFO - [2023-12-24T14:42:04.065+0000] {dag.py:3820} INFO - Setting next_dagrun for example_python_operator to None, run_after=None
[2023-12-24T14:42:04.108+0000] {processor.py:183} INFO - Processing /home/airflow/.local/lib/python3.8/site-packages/airflow/example_dags/example_python_operator.py took 0.158 seconds
[2023-12-24T14:42:34.733+0000] {processor.py:161} INFO - Started process (PID=1108) to work on /home/airflow/.local/lib/python3.8/site-packages/airflow/example_dags/example_python_operator.py
[2023-12-24T14:42:34.735+0000] {processor.py:830} INFO - Processing file /home/airflow/.local/lib/python3.8/site-packages/airflow/example_dags/example_python_operator.py for tasks to queue
[2023-12-24T14:42:34.741+0000] {logging_mixin.py:188} INFO - [2023-12-24T14:42:34.740+0000] {dagbag.py:538} INFO - Filling up the DagBag from /home/airflow/.local/lib/python3.8/site-packages/airflow/example_dags/example_python_operator.py
[2023-12-24T14:42:34.770+0000] {processor.py:840} INFO - DAG(s) 'example_python_operator' retrieved from /home/airflow/.local/lib/python3.8/site-packages/airflow/example_dags/example_python_operator.py
[2023-12-24T14:42:34.832+0000] {logging_mixin.py:188} INFO - [2023-12-24T14:42:34.832+0000] {dag.py:3033} INFO - Sync 1 DAGs
[2023-12-24T14:42:34.863+0000] {logging_mixin.py:188} INFO - [2023-12-24T14:42:34.863+0000] {dag.py:3820} INFO - Setting next_dagrun for example_python_operator to None, run_after=None
[2023-12-24T14:42:34.903+0000] {processor.py:183} INFO - Processing /home/airflow/.local/lib/python3.8/site-packages/airflow/example_dags/example_python_operator.py took 0.179 seconds
[2023-12-24T14:43:05.284+0000] {processor.py:161} INFO - Started process (PID=1167) to work on /home/airflow/.local/lib/python3.8/site-packages/airflow/example_dags/example_python_operator.py
[2023-12-24T14:43:05.287+0000] {processor.py:830} INFO - Processing file /home/airflow/.local/lib/python3.8/site-packages/airflow/example_dags/example_python_operator.py for tasks to queue
[2023-12-24T14:43:05.294+0000] {logging_mixin.py:188} INFO - [2023-12-24T14:43:05.294+0000] {dagbag.py:538} INFO - Filling up the DagBag from /home/airflow/.local/lib/python3.8/site-packages/airflow/example_dags/example_python_operator.py
[2023-12-24T14:43:05.324+0000] {processor.py:840} INFO - DAG(s) 'example_python_operator' retrieved from /home/airflow/.local/lib/python3.8/site-packages/airflow/example_dags/example_python_operator.py
[2023-12-24T14:43:05.386+0000] {logging_mixin.py:188} INFO - [2023-12-24T14:43:05.386+0000] {dag.py:3033} INFO - Sync 1 DAGs
[2023-12-24T14:43:05.421+0000] {logging_mixin.py:188} INFO - [2023-12-24T14:43:05.420+0000] {dag.py:3820} INFO - Setting next_dagrun for example_python_operator to None, run_after=None
[2023-12-24T14:43:05.482+0000] {processor.py:183} INFO - Processing /home/airflow/.local/lib/python3.8/site-packages/airflow/example_dags/example_python_operator.py took 0.205 seconds
[2023-12-24T14:43:35.571+0000] {processor.py:161} INFO - Started process (PID=1226) to work on /home/airflow/.local/lib/python3.8/site-packages/airflow/example_dags/example_python_operator.py
[2023-12-24T14:43:35.572+0000] {processor.py:830} INFO - Processing file /home/airflow/.local/lib/python3.8/site-packages/airflow/example_dags/example_python_operator.py for tasks to queue
[2023-12-24T14:43:35.577+0000] {logging_mixin.py:188} INFO - [2023-12-24T14:43:35.576+0000] {dagbag.py:538} INFO - Filling up the DagBag from /home/airflow/.local/lib/python3.8/site-packages/airflow/example_dags/example_python_operator.py
[2023-12-24T14:43:35.597+0000] {processor.py:840} INFO - DAG(s) 'example_python_operator' retrieved from /home/airflow/.local/lib/python3.8/site-packages/airflow/example_dags/example_python_operator.py
[2023-12-24T14:43:35.633+0000] {logging_mixin.py:188} INFO - [2023-12-24T14:43:35.633+0000] {dag.py:3033} INFO - Sync 1 DAGs
[2023-12-24T14:43:35.662+0000] {logging_mixin.py:188} INFO - [2023-12-24T14:43:35.662+0000] {dag.py:3820} INFO - Setting next_dagrun for example_python_operator to None, run_after=None
[2023-12-24T14:43:35.697+0000] {processor.py:183} INFO - Processing /home/airflow/.local/lib/python3.8/site-packages/airflow/example_dags/example_python_operator.py took 0.134 seconds
[2023-12-24T14:44:05.809+0000] {processor.py:161} INFO - Started process (PID=1285) to work on /home/airflow/.local/lib/python3.8/site-packages/airflow/example_dags/example_python_operator.py
[2023-12-24T14:44:05.811+0000] {processor.py:830} INFO - Processing file /home/airflow/.local/lib/python3.8/site-packages/airflow/example_dags/example_python_operator.py for tasks to queue
[2023-12-24T14:44:05.815+0000] {logging_mixin.py:188} INFO - [2023-12-24T14:44:05.815+0000] {dagbag.py:538} INFO - Filling up the DagBag from /home/airflow/.local/lib/python3.8/site-packages/airflow/example_dags/example_python_operator.py
[2023-12-24T14:44:05.835+0000] {processor.py:840} INFO - DAG(s) 'example_python_operator' retrieved from /home/airflow/.local/lib/python3.8/site-packages/airflow/example_dags/example_python_operator.py
[2023-12-24T14:44:05.875+0000] {logging_mixin.py:188} INFO - [2023-12-24T14:44:05.875+0000] {dag.py:3033} INFO - Sync 1 DAGs
[2023-12-24T14:44:05.902+0000] {logging_mixin.py:188} INFO - [2023-12-24T14:44:05.901+0000] {dag.py:3820} INFO - Setting next_dagrun for example_python_operator to None, run_after=None
[2023-12-24T14:44:05.941+0000] {processor.py:183} INFO - Processing /home/airflow/.local/lib/python3.8/site-packages/airflow/example_dags/example_python_operator.py took 0.138 seconds
[2023-12-24T14:44:36.138+0000] {processor.py:161} INFO - Started process (PID=1344) to work on /home/airflow/.local/lib/python3.8/site-packages/airflow/example_dags/example_python_operator.py
[2023-12-24T14:44:36.139+0000] {processor.py:830} INFO - Processing file /home/airflow/.local/lib/python3.8/site-packages/airflow/example_dags/example_python_operator.py for tasks to queue
[2023-12-24T14:44:36.145+0000] {logging_mixin.py:188} INFO - [2023-12-24T14:44:36.144+0000] {dagbag.py:538} INFO - Filling up the DagBag from /home/airflow/.local/lib/python3.8/site-packages/airflow/example_dags/example_python_operator.py
[2023-12-24T14:44:36.170+0000] {processor.py:840} INFO - DAG(s) 'example_python_operator' retrieved from /home/airflow/.local/lib/python3.8/site-packages/airflow/example_dags/example_python_operator.py
[2023-12-24T14:44:36.210+0000] {logging_mixin.py:188} INFO - [2023-12-24T14:44:36.210+0000] {dag.py:3033} INFO - Sync 1 DAGs
[2023-12-24T14:44:36.232+0000] {logging_mixin.py:188} INFO - [2023-12-24T14:44:36.232+0000] {dag.py:3820} INFO - Setting next_dagrun for example_python_operator to None, run_after=None
[2023-12-24T14:44:36.271+0000] {processor.py:183} INFO - Processing /home/airflow/.local/lib/python3.8/site-packages/airflow/example_dags/example_python_operator.py took 0.139 seconds
[2023-12-24T14:45:06.618+0000] {processor.py:161} INFO - Started process (PID=1403) to work on /home/airflow/.local/lib/python3.8/site-packages/airflow/example_dags/example_python_operator.py
[2023-12-24T14:45:06.620+0000] {processor.py:830} INFO - Processing file /home/airflow/.local/lib/python3.8/site-packages/airflow/example_dags/example_python_operator.py for tasks to queue
[2023-12-24T14:45:06.625+0000] {logging_mixin.py:188} INFO - [2023-12-24T14:45:06.624+0000] {dagbag.py:538} INFO - Filling up the DagBag from /home/airflow/.local/lib/python3.8/site-packages/airflow/example_dags/example_python_operator.py
[2023-12-24T14:45:06.646+0000] {processor.py:840} INFO - DAG(s) 'example_python_operator' retrieved from /home/airflow/.local/lib/python3.8/site-packages/airflow/example_dags/example_python_operator.py
[2023-12-24T14:45:06.682+0000] {logging_mixin.py:188} INFO - [2023-12-24T14:45:06.682+0000] {dag.py:3033} INFO - Sync 1 DAGs
[2023-12-24T14:45:06.714+0000] {logging_mixin.py:188} INFO - [2023-12-24T14:45:06.713+0000] {dag.py:3820} INFO - Setting next_dagrun for example_python_operator to None, run_after=None
[2023-12-24T14:45:06.761+0000] {processor.py:183} INFO - Processing /home/airflow/.local/lib/python3.8/site-packages/airflow/example_dags/example_python_operator.py took 0.150 seconds
