[2023-12-24T14:03:49.262+0000] {processor.py:161} INFO - Started process (PID=124) to work on /home/airflow/.local/lib/python3.8/site-packages/airflow/example_dags/example_branch_operator.py
[2023-12-24T14:03:49.263+0000] {processor.py:830} INFO - Processing file /home/airflow/.local/lib/python3.8/site-packages/airflow/example_dags/example_branch_operator.py for tasks to queue
[2023-12-24T14:03:49.265+0000] {logging_mixin.py:188} INFO - [2023-12-24T14:03:49.265+0000] {dagbag.py:538} INFO - Filling up the DagBag from /home/airflow/.local/lib/python3.8/site-packages/airflow/example_dags/example_branch_operator.py
[2023-12-24T14:03:49.284+0000] {processor.py:840} INFO - DAG(s) 'example_branch_operator' retrieved from /home/airflow/.local/lib/python3.8/site-packages/airflow/example_dags/example_branch_operator.py
[2023-12-24T14:03:49.407+0000] {logging_mixin.py:188} INFO - [2023-12-24T14:03:49.406+0000] {dag.py:3033} INFO - Sync 1 DAGs
[2023-12-24T14:03:49.440+0000] {logging_mixin.py:188} INFO - [2023-12-24T14:03:49.440+0000] {dag.py:3820} INFO - Setting next_dagrun for example_branch_operator to 2023-12-23T00:00:00+00:00, run_after=2023-12-24T00:00:00+00:00
[2023-12-24T14:03:49.472+0000] {processor.py:183} INFO - Processing /home/airflow/.local/lib/python3.8/site-packages/airflow/example_dags/example_branch_operator.py took 0.214 seconds
[2023-12-24T14:05:56.962+0000] {processor.py:161} INFO - Started process (PID=81) to work on /home/airflow/.local/lib/python3.8/site-packages/airflow/example_dags/example_branch_operator.py
[2023-12-24T14:05:56.963+0000] {processor.py:830} INFO - Processing file /home/airflow/.local/lib/python3.8/site-packages/airflow/example_dags/example_branch_operator.py for tasks to queue
[2023-12-24T14:05:56.969+0000] {logging_mixin.py:188} INFO - [2023-12-24T14:05:56.968+0000] {dagbag.py:538} INFO - Filling up the DagBag from /home/airflow/.local/lib/python3.8/site-packages/airflow/example_dags/example_branch_operator.py
[2023-12-24T14:05:57.014+0000] {processor.py:840} INFO - DAG(s) 'example_branch_operator' retrieved from /home/airflow/.local/lib/python3.8/site-packages/airflow/example_dags/example_branch_operator.py
[2023-12-24T14:05:57.234+0000] {logging_mixin.py:188} INFO - [2023-12-24T14:05:57.234+0000] {dag.py:3033} INFO - Sync 1 DAGs
[2023-12-24T14:05:57.278+0000] {logging_mixin.py:188} INFO - [2023-12-24T14:05:57.277+0000] {dag.py:3820} INFO - Setting next_dagrun for example_branch_operator to 2023-12-23T00:00:00+00:00, run_after=2023-12-24T00:00:00+00:00
[2023-12-24T14:05:57.314+0000] {processor.py:183} INFO - Processing /home/airflow/.local/lib/python3.8/site-packages/airflow/example_dags/example_branch_operator.py took 0.358 seconds
[2023-12-24T14:06:38.553+0000] {processor.py:161} INFO - Started process (PID=74) to work on /home/airflow/.local/lib/python3.8/site-packages/airflow/example_dags/example_branch_operator.py
[2023-12-24T14:06:38.555+0000] {processor.py:830} INFO - Processing file /home/airflow/.local/lib/python3.8/site-packages/airflow/example_dags/example_branch_operator.py for tasks to queue
[2023-12-24T14:06:38.561+0000] {logging_mixin.py:188} INFO - [2023-12-24T14:06:38.561+0000] {dagbag.py:538} INFO - Filling up the DagBag from /home/airflow/.local/lib/python3.8/site-packages/airflow/example_dags/example_branch_operator.py
[2023-12-24T14:06:38.607+0000] {processor.py:840} INFO - DAG(s) 'example_branch_operator' retrieved from /home/airflow/.local/lib/python3.8/site-packages/airflow/example_dags/example_branch_operator.py
[2023-12-24T14:06:38.905+0000] {logging_mixin.py:188} INFO - [2023-12-24T14:06:38.904+0000] {dag.py:3033} INFO - Sync 1 DAGs
[2023-12-24T14:06:38.980+0000] {logging_mixin.py:188} INFO - [2023-12-24T14:06:38.979+0000] {dag.py:3820} INFO - Setting next_dagrun for example_branch_operator to 2023-12-23T00:00:00+00:00, run_after=2023-12-24T00:00:00+00:00
[2023-12-24T14:06:39.044+0000] {processor.py:183} INFO - Processing /home/airflow/.local/lib/python3.8/site-packages/airflow/example_dags/example_branch_operator.py took 0.498 seconds
[2023-12-24T14:07:10.021+0000] {processor.py:161} INFO - Started process (PID=133) to work on /home/airflow/.local/lib/python3.8/site-packages/airflow/example_dags/example_branch_operator.py
[2023-12-24T14:07:10.023+0000] {processor.py:830} INFO - Processing file /home/airflow/.local/lib/python3.8/site-packages/airflow/example_dags/example_branch_operator.py for tasks to queue
[2023-12-24T14:07:10.029+0000] {logging_mixin.py:188} INFO - [2023-12-24T14:07:10.028+0000] {dagbag.py:538} INFO - Filling up the DagBag from /home/airflow/.local/lib/python3.8/site-packages/airflow/example_dags/example_branch_operator.py
[2023-12-24T14:07:10.063+0000] {processor.py:840} INFO - DAG(s) 'example_branch_operator' retrieved from /home/airflow/.local/lib/python3.8/site-packages/airflow/example_dags/example_branch_operator.py
[2023-12-24T14:07:10.107+0000] {logging_mixin.py:188} INFO - [2023-12-24T14:07:10.107+0000] {dag.py:3033} INFO - Sync 1 DAGs
[2023-12-24T14:07:10.145+0000] {logging_mixin.py:188} INFO - [2023-12-24T14:07:10.145+0000] {dag.py:3820} INFO - Setting next_dagrun for example_branch_operator to 2023-12-23T00:00:00+00:00, run_after=2023-12-24T00:00:00+00:00
[2023-12-24T14:07:10.180+0000] {processor.py:183} INFO - Processing /home/airflow/.local/lib/python3.8/site-packages/airflow/example_dags/example_branch_operator.py took 0.166 seconds
[2023-12-24T14:07:41.135+0000] {processor.py:161} INFO - Started process (PID=192) to work on /home/airflow/.local/lib/python3.8/site-packages/airflow/example_dags/example_branch_operator.py
[2023-12-24T14:07:41.137+0000] {processor.py:830} INFO - Processing file /home/airflow/.local/lib/python3.8/site-packages/airflow/example_dags/example_branch_operator.py for tasks to queue
[2023-12-24T14:07:41.141+0000] {logging_mixin.py:188} INFO - [2023-12-24T14:07:41.141+0000] {dagbag.py:538} INFO - Filling up the DagBag from /home/airflow/.local/lib/python3.8/site-packages/airflow/example_dags/example_branch_operator.py
[2023-12-24T14:07:41.175+0000] {processor.py:840} INFO - DAG(s) 'example_branch_operator' retrieved from /home/airflow/.local/lib/python3.8/site-packages/airflow/example_dags/example_branch_operator.py
[2023-12-24T14:07:41.220+0000] {logging_mixin.py:188} INFO - [2023-12-24T14:07:41.220+0000] {dag.py:3033} INFO - Sync 1 DAGs
[2023-12-24T14:07:41.265+0000] {logging_mixin.py:188} INFO - [2023-12-24T14:07:41.264+0000] {dag.py:3820} INFO - Setting next_dagrun for example_branch_operator to 2023-12-23T00:00:00+00:00, run_after=2023-12-24T00:00:00+00:00
[2023-12-24T14:07:41.301+0000] {processor.py:183} INFO - Processing /home/airflow/.local/lib/python3.8/site-packages/airflow/example_dags/example_branch_operator.py took 0.173 seconds
[2023-12-24T14:08:15.158+0000] {processor.py:161} INFO - Started process (PID=257) to work on /home/airflow/.local/lib/python3.8/site-packages/airflow/example_dags/example_branch_operator.py
[2023-12-24T14:08:15.174+0000] {processor.py:830} INFO - Processing file /home/airflow/.local/lib/python3.8/site-packages/airflow/example_dags/example_branch_operator.py for tasks to queue
[2023-12-24T14:08:15.180+0000] {logging_mixin.py:188} INFO - [2023-12-24T14:08:15.180+0000] {dagbag.py:538} INFO - Filling up the DagBag from /home/airflow/.local/lib/python3.8/site-packages/airflow/example_dags/example_branch_operator.py
[2023-12-24T14:08:15.247+0000] {processor.py:840} INFO - DAG(s) 'example_branch_operator' retrieved from /home/airflow/.local/lib/python3.8/site-packages/airflow/example_dags/example_branch_operator.py
[2023-12-24T14:08:15.315+0000] {logging_mixin.py:188} INFO - [2023-12-24T14:08:15.315+0000] {dag.py:3033} INFO - Sync 1 DAGs
[2023-12-24T14:08:15.371+0000] {logging_mixin.py:188} INFO - [2023-12-24T14:08:15.370+0000] {dag.py:3820} INFO - Setting next_dagrun for example_branch_operator to 2023-12-23T00:00:00+00:00, run_after=2023-12-24T00:00:00+00:00
[2023-12-24T14:08:15.414+0000] {processor.py:183} INFO - Processing /home/airflow/.local/lib/python3.8/site-packages/airflow/example_dags/example_branch_operator.py took 0.264 seconds
[2023-12-24T14:08:47.159+0000] {processor.py:161} INFO - Started process (PID=317) to work on /home/airflow/.local/lib/python3.8/site-packages/airflow/example_dags/example_branch_operator.py
[2023-12-24T14:08:47.162+0000] {processor.py:830} INFO - Processing file /home/airflow/.local/lib/python3.8/site-packages/airflow/example_dags/example_branch_operator.py for tasks to queue
[2023-12-24T14:08:47.167+0000] {logging_mixin.py:188} INFO - [2023-12-24T14:08:47.167+0000] {dagbag.py:538} INFO - Filling up the DagBag from /home/airflow/.local/lib/python3.8/site-packages/airflow/example_dags/example_branch_operator.py
[2023-12-24T14:08:47.221+0000] {processor.py:840} INFO - DAG(s) 'example_branch_operator' retrieved from /home/airflow/.local/lib/python3.8/site-packages/airflow/example_dags/example_branch_operator.py
[2023-12-24T14:08:47.319+0000] {logging_mixin.py:188} INFO - [2023-12-24T14:08:47.317+0000] {dag.py:3033} INFO - Sync 1 DAGs
[2023-12-24T14:08:47.459+0000] {logging_mixin.py:188} INFO - [2023-12-24T14:08:47.458+0000] {dag.py:3820} INFO - Setting next_dagrun for example_branch_operator to 2023-12-23T00:00:00+00:00, run_after=2023-12-24T00:00:00+00:00
[2023-12-24T14:08:47.518+0000] {processor.py:183} INFO - Processing /home/airflow/.local/lib/python3.8/site-packages/airflow/example_dags/example_branch_operator.py took 0.374 seconds
[2023-12-24T14:09:17.666+0000] {processor.py:161} INFO - Started process (PID=376) to work on /home/airflow/.local/lib/python3.8/site-packages/airflow/example_dags/example_branch_operator.py
[2023-12-24T14:09:17.672+0000] {processor.py:830} INFO - Processing file /home/airflow/.local/lib/python3.8/site-packages/airflow/example_dags/example_branch_operator.py for tasks to queue
[2023-12-24T14:09:17.679+0000] {logging_mixin.py:188} INFO - [2023-12-24T14:09:17.678+0000] {dagbag.py:538} INFO - Filling up the DagBag from /home/airflow/.local/lib/python3.8/site-packages/airflow/example_dags/example_branch_operator.py
[2023-12-24T14:09:17.719+0000] {processor.py:840} INFO - DAG(s) 'example_branch_operator' retrieved from /home/airflow/.local/lib/python3.8/site-packages/airflow/example_dags/example_branch_operator.py
[2023-12-24T14:09:17.775+0000] {logging_mixin.py:188} INFO - [2023-12-24T14:09:17.775+0000] {dag.py:3033} INFO - Sync 1 DAGs
[2023-12-24T14:09:17.820+0000] {logging_mixin.py:188} INFO - [2023-12-24T14:09:17.820+0000] {dag.py:3820} INFO - Setting next_dagrun for example_branch_operator to 2023-12-23T00:00:00+00:00, run_after=2023-12-24T00:00:00+00:00
[2023-12-24T14:09:17.851+0000] {processor.py:183} INFO - Processing /home/airflow/.local/lib/python3.8/site-packages/airflow/example_dags/example_branch_operator.py took 0.192 seconds
[2023-12-24T14:09:48.091+0000] {processor.py:161} INFO - Started process (PID=435) to work on /home/airflow/.local/lib/python3.8/site-packages/airflow/example_dags/example_branch_operator.py
[2023-12-24T14:09:48.093+0000] {processor.py:830} INFO - Processing file /home/airflow/.local/lib/python3.8/site-packages/airflow/example_dags/example_branch_operator.py for tasks to queue
[2023-12-24T14:09:48.099+0000] {logging_mixin.py:188} INFO - [2023-12-24T14:09:48.098+0000] {dagbag.py:538} INFO - Filling up the DagBag from /home/airflow/.local/lib/python3.8/site-packages/airflow/example_dags/example_branch_operator.py
[2023-12-24T14:09:48.146+0000] {processor.py:840} INFO - DAG(s) 'example_branch_operator' retrieved from /home/airflow/.local/lib/python3.8/site-packages/airflow/example_dags/example_branch_operator.py
[2023-12-24T14:09:48.211+0000] {logging_mixin.py:188} INFO - [2023-12-24T14:09:48.210+0000] {dag.py:3033} INFO - Sync 1 DAGs
[2023-12-24T14:09:48.276+0000] {logging_mixin.py:188} INFO - [2023-12-24T14:09:48.276+0000] {dag.py:3820} INFO - Setting next_dagrun for example_branch_operator to 2023-12-23T00:00:00+00:00, run_after=2023-12-24T00:00:00+00:00
[2023-12-24T14:09:48.324+0000] {processor.py:183} INFO - Processing /home/airflow/.local/lib/python3.8/site-packages/airflow/example_dags/example_branch_operator.py took 0.242 seconds
[2023-12-24T14:10:19.194+0000] {processor.py:161} INFO - Started process (PID=493) to work on /home/airflow/.local/lib/python3.8/site-packages/airflow/example_dags/example_branch_operator.py
[2023-12-24T14:10:19.195+0000] {processor.py:830} INFO - Processing file /home/airflow/.local/lib/python3.8/site-packages/airflow/example_dags/example_branch_operator.py for tasks to queue
[2023-12-24T14:10:19.200+0000] {logging_mixin.py:188} INFO - [2023-12-24T14:10:19.200+0000] {dagbag.py:538} INFO - Filling up the DagBag from /home/airflow/.local/lib/python3.8/site-packages/airflow/example_dags/example_branch_operator.py
[2023-12-24T14:10:19.234+0000] {processor.py:840} INFO - DAG(s) 'example_branch_operator' retrieved from /home/airflow/.local/lib/python3.8/site-packages/airflow/example_dags/example_branch_operator.py
[2023-12-24T14:10:19.281+0000] {logging_mixin.py:188} INFO - [2023-12-24T14:10:19.281+0000] {dag.py:3033} INFO - Sync 1 DAGs
[2023-12-24T14:10:19.325+0000] {logging_mixin.py:188} INFO - [2023-12-24T14:10:19.324+0000] {dag.py:3820} INFO - Setting next_dagrun for example_branch_operator to 2023-12-23T00:00:00+00:00, run_after=2023-12-24T00:00:00+00:00
[2023-12-24T14:10:19.363+0000] {processor.py:183} INFO - Processing /home/airflow/.local/lib/python3.8/site-packages/airflow/example_dags/example_branch_operator.py took 0.176 seconds
[2023-12-24T14:10:49.570+0000] {processor.py:161} INFO - Started process (PID=552) to work on /home/airflow/.local/lib/python3.8/site-packages/airflow/example_dags/example_branch_operator.py
[2023-12-24T14:10:49.572+0000] {processor.py:830} INFO - Processing file /home/airflow/.local/lib/python3.8/site-packages/airflow/example_dags/example_branch_operator.py for tasks to queue
[2023-12-24T14:10:49.582+0000] {logging_mixin.py:188} INFO - [2023-12-24T14:10:49.581+0000] {dagbag.py:538} INFO - Filling up the DagBag from /home/airflow/.local/lib/python3.8/site-packages/airflow/example_dags/example_branch_operator.py
[2023-12-24T14:10:49.627+0000] {processor.py:840} INFO - DAG(s) 'example_branch_operator' retrieved from /home/airflow/.local/lib/python3.8/site-packages/airflow/example_dags/example_branch_operator.py
[2023-12-24T14:10:49.702+0000] {logging_mixin.py:188} INFO - [2023-12-24T14:10:49.702+0000] {dag.py:3033} INFO - Sync 1 DAGs
[2023-12-24T14:10:49.759+0000] {logging_mixin.py:188} INFO - [2023-12-24T14:10:49.759+0000] {dag.py:3820} INFO - Setting next_dagrun for example_branch_operator to 2023-12-23T00:00:00+00:00, run_after=2023-12-24T00:00:00+00:00
[2023-12-24T14:10:49.791+0000] {processor.py:183} INFO - Processing /home/airflow/.local/lib/python3.8/site-packages/airflow/example_dags/example_branch_operator.py took 0.229 seconds
[2023-12-24T14:11:24.516+0000] {processor.py:161} INFO - Started process (PID=612) to work on /home/airflow/.local/lib/python3.8/site-packages/airflow/example_dags/example_branch_operator.py
[2023-12-24T14:11:24.520+0000] {processor.py:830} INFO - Processing file /home/airflow/.local/lib/python3.8/site-packages/airflow/example_dags/example_branch_operator.py for tasks to queue
[2023-12-24T14:11:24.528+0000] {logging_mixin.py:188} INFO - [2023-12-24T14:11:24.528+0000] {dagbag.py:538} INFO - Filling up the DagBag from /home/airflow/.local/lib/python3.8/site-packages/airflow/example_dags/example_branch_operator.py
[2023-12-24T14:11:24.576+0000] {processor.py:840} INFO - DAG(s) 'example_branch_operator' retrieved from /home/airflow/.local/lib/python3.8/site-packages/airflow/example_dags/example_branch_operator.py
[2023-12-24T14:11:24.719+0000] {logging_mixin.py:188} INFO - [2023-12-24T14:11:24.718+0000] {dag.py:3033} INFO - Sync 1 DAGs
[2023-12-24T14:11:24.813+0000] {logging_mixin.py:188} INFO - [2023-12-24T14:11:24.813+0000] {dag.py:3820} INFO - Setting next_dagrun for example_branch_operator to 2023-12-23T00:00:00+00:00, run_after=2023-12-24T00:00:00+00:00
[2023-12-24T14:11:24.877+0000] {processor.py:183} INFO - Processing /home/airflow/.local/lib/python3.8/site-packages/airflow/example_dags/example_branch_operator.py took 0.369 seconds
[2023-12-24T14:11:55.085+0000] {processor.py:161} INFO - Started process (PID=670) to work on /home/airflow/.local/lib/python3.8/site-packages/airflow/example_dags/example_branch_operator.py
[2023-12-24T14:11:55.087+0000] {processor.py:830} INFO - Processing file /home/airflow/.local/lib/python3.8/site-packages/airflow/example_dags/example_branch_operator.py for tasks to queue
[2023-12-24T14:11:55.092+0000] {logging_mixin.py:188} INFO - [2023-12-24T14:11:55.092+0000] {dagbag.py:538} INFO - Filling up the DagBag from /home/airflow/.local/lib/python3.8/site-packages/airflow/example_dags/example_branch_operator.py
[2023-12-24T14:11:55.135+0000] {processor.py:840} INFO - DAG(s) 'example_branch_operator' retrieved from /home/airflow/.local/lib/python3.8/site-packages/airflow/example_dags/example_branch_operator.py
[2023-12-24T14:11:55.160+0000] {logging_mixin.py:188} INFO - [2023-12-24T14:11:55.160+0000] {dag.py:3033} INFO - Sync 1 DAGs
[2023-12-24T14:11:55.223+0000] {logging_mixin.py:188} INFO - [2023-12-24T14:11:55.222+0000] {dag.py:3820} INFO - Setting next_dagrun for example_branch_operator to 2023-12-23T00:00:00+00:00, run_after=2023-12-24T00:00:00+00:00
[2023-12-24T14:11:55.298+0000] {processor.py:183} INFO - Processing /home/airflow/.local/lib/python3.8/site-packages/airflow/example_dags/example_branch_operator.py took 0.219 seconds
[2023-12-24T14:12:26.023+0000] {processor.py:161} INFO - Started process (PID=729) to work on /home/airflow/.local/lib/python3.8/site-packages/airflow/example_dags/example_branch_operator.py
[2023-12-24T14:12:26.025+0000] {processor.py:830} INFO - Processing file /home/airflow/.local/lib/python3.8/site-packages/airflow/example_dags/example_branch_operator.py for tasks to queue
[2023-12-24T14:12:26.029+0000] {logging_mixin.py:188} INFO - [2023-12-24T14:12:26.029+0000] {dagbag.py:538} INFO - Filling up the DagBag from /home/airflow/.local/lib/python3.8/site-packages/airflow/example_dags/example_branch_operator.py
[2023-12-24T14:12:26.070+0000] {processor.py:840} INFO - DAG(s) 'example_branch_operator' retrieved from /home/airflow/.local/lib/python3.8/site-packages/airflow/example_dags/example_branch_operator.py
[2023-12-24T14:12:26.293+0000] {logging_mixin.py:188} INFO - [2023-12-24T14:12:26.293+0000] {dag.py:3033} INFO - Sync 1 DAGs
[2023-12-24T14:12:26.342+0000] {logging_mixin.py:188} INFO - [2023-12-24T14:12:26.342+0000] {dag.py:3820} INFO - Setting next_dagrun for example_branch_operator to 2023-12-23T00:00:00+00:00, run_after=2023-12-24T00:00:00+00:00
[2023-12-24T14:12:26.380+0000] {processor.py:183} INFO - Processing /home/airflow/.local/lib/python3.8/site-packages/airflow/example_dags/example_branch_operator.py took 0.363 seconds
[2023-12-24T14:12:56.656+0000] {processor.py:161} INFO - Started process (PID=788) to work on /home/airflow/.local/lib/python3.8/site-packages/airflow/example_dags/example_branch_operator.py
[2023-12-24T14:12:56.657+0000] {processor.py:830} INFO - Processing file /home/airflow/.local/lib/python3.8/site-packages/airflow/example_dags/example_branch_operator.py for tasks to queue
[2023-12-24T14:12:56.662+0000] {logging_mixin.py:188} INFO - [2023-12-24T14:12:56.661+0000] {dagbag.py:538} INFO - Filling up the DagBag from /home/airflow/.local/lib/python3.8/site-packages/airflow/example_dags/example_branch_operator.py
[2023-12-24T14:12:56.694+0000] {processor.py:840} INFO - DAG(s) 'example_branch_operator' retrieved from /home/airflow/.local/lib/python3.8/site-packages/airflow/example_dags/example_branch_operator.py
[2023-12-24T14:12:56.754+0000] {logging_mixin.py:188} INFO - [2023-12-24T14:12:56.754+0000] {dag.py:3033} INFO - Sync 1 DAGs
[2023-12-24T14:12:56.811+0000] {logging_mixin.py:188} INFO - [2023-12-24T14:12:56.810+0000] {dag.py:3820} INFO - Setting next_dagrun for example_branch_operator to 2023-12-23T00:00:00+00:00, run_after=2023-12-24T00:00:00+00:00
[2023-12-24T14:12:56.855+0000] {processor.py:183} INFO - Processing /home/airflow/.local/lib/python3.8/site-packages/airflow/example_dags/example_branch_operator.py took 0.205 seconds
[2023-12-24T14:13:27.178+0000] {processor.py:161} INFO - Started process (PID=847) to work on /home/airflow/.local/lib/python3.8/site-packages/airflow/example_dags/example_branch_operator.py
[2023-12-24T14:13:27.181+0000] {processor.py:830} INFO - Processing file /home/airflow/.local/lib/python3.8/site-packages/airflow/example_dags/example_branch_operator.py for tasks to queue
[2023-12-24T14:13:27.186+0000] {logging_mixin.py:188} INFO - [2023-12-24T14:13:27.185+0000] {dagbag.py:538} INFO - Filling up the DagBag from /home/airflow/.local/lib/python3.8/site-packages/airflow/example_dags/example_branch_operator.py
[2023-12-24T14:13:27.230+0000] {processor.py:840} INFO - DAG(s) 'example_branch_operator' retrieved from /home/airflow/.local/lib/python3.8/site-packages/airflow/example_dags/example_branch_operator.py
[2023-12-24T14:13:27.281+0000] {logging_mixin.py:188} INFO - [2023-12-24T14:13:27.280+0000] {dag.py:3033} INFO - Sync 1 DAGs
[2023-12-24T14:13:27.325+0000] {logging_mixin.py:188} INFO - [2023-12-24T14:13:27.324+0000] {dag.py:3820} INFO - Setting next_dagrun for example_branch_operator to 2023-12-23T00:00:00+00:00, run_after=2023-12-24T00:00:00+00:00
[2023-12-24T14:13:27.369+0000] {processor.py:183} INFO - Processing /home/airflow/.local/lib/python3.8/site-packages/airflow/example_dags/example_branch_operator.py took 0.200 seconds
[2023-12-24T14:13:57.826+0000] {processor.py:161} INFO - Started process (PID=906) to work on /home/airflow/.local/lib/python3.8/site-packages/airflow/example_dags/example_branch_operator.py
[2023-12-24T14:13:57.829+0000] {processor.py:830} INFO - Processing file /home/airflow/.local/lib/python3.8/site-packages/airflow/example_dags/example_branch_operator.py for tasks to queue
[2023-12-24T14:13:57.836+0000] {logging_mixin.py:188} INFO - [2023-12-24T14:13:57.835+0000] {dagbag.py:538} INFO - Filling up the DagBag from /home/airflow/.local/lib/python3.8/site-packages/airflow/example_dags/example_branch_operator.py
[2023-12-24T14:13:57.882+0000] {processor.py:840} INFO - DAG(s) 'example_branch_operator' retrieved from /home/airflow/.local/lib/python3.8/site-packages/airflow/example_dags/example_branch_operator.py
[2023-12-24T14:13:57.948+0000] {logging_mixin.py:188} INFO - [2023-12-24T14:13:57.948+0000] {dag.py:3033} INFO - Sync 1 DAGs
[2023-12-24T14:13:58.001+0000] {logging_mixin.py:188} INFO - [2023-12-24T14:13:58.001+0000] {dag.py:3820} INFO - Setting next_dagrun for example_branch_operator to 2023-12-23T00:00:00+00:00, run_after=2023-12-24T00:00:00+00:00
[2023-12-24T14:13:58.041+0000] {processor.py:183} INFO - Processing /home/airflow/.local/lib/python3.8/site-packages/airflow/example_dags/example_branch_operator.py took 0.222 seconds
[2023-12-24T14:14:28.183+0000] {processor.py:161} INFO - Started process (PID=965) to work on /home/airflow/.local/lib/python3.8/site-packages/airflow/example_dags/example_branch_operator.py
[2023-12-24T14:14:28.184+0000] {processor.py:830} INFO - Processing file /home/airflow/.local/lib/python3.8/site-packages/airflow/example_dags/example_branch_operator.py for tasks to queue
[2023-12-24T14:14:28.190+0000] {logging_mixin.py:188} INFO - [2023-12-24T14:14:28.190+0000] {dagbag.py:538} INFO - Filling up the DagBag from /home/airflow/.local/lib/python3.8/site-packages/airflow/example_dags/example_branch_operator.py
[2023-12-24T14:14:28.222+0000] {processor.py:840} INFO - DAG(s) 'example_branch_operator' retrieved from /home/airflow/.local/lib/python3.8/site-packages/airflow/example_dags/example_branch_operator.py
[2023-12-24T14:14:28.286+0000] {logging_mixin.py:188} INFO - [2023-12-24T14:14:28.286+0000] {dag.py:3033} INFO - Sync 1 DAGs
[2023-12-24T14:14:28.330+0000] {logging_mixin.py:188} INFO - [2023-12-24T14:14:28.330+0000] {dag.py:3820} INFO - Setting next_dagrun for example_branch_operator to 2023-12-23T00:00:00+00:00, run_after=2023-12-24T00:00:00+00:00
[2023-12-24T14:14:28.361+0000] {processor.py:183} INFO - Processing /home/airflow/.local/lib/python3.8/site-packages/airflow/example_dags/example_branch_operator.py took 0.184 seconds
[2023-12-24T14:14:58.751+0000] {processor.py:161} INFO - Started process (PID=1024) to work on /home/airflow/.local/lib/python3.8/site-packages/airflow/example_dags/example_branch_operator.py
[2023-12-24T14:14:58.753+0000] {processor.py:830} INFO - Processing file /home/airflow/.local/lib/python3.8/site-packages/airflow/example_dags/example_branch_operator.py for tasks to queue
[2023-12-24T14:14:58.758+0000] {logging_mixin.py:188} INFO - [2023-12-24T14:14:58.758+0000] {dagbag.py:538} INFO - Filling up the DagBag from /home/airflow/.local/lib/python3.8/site-packages/airflow/example_dags/example_branch_operator.py
[2023-12-24T14:14:58.795+0000] {processor.py:840} INFO - DAG(s) 'example_branch_operator' retrieved from /home/airflow/.local/lib/python3.8/site-packages/airflow/example_dags/example_branch_operator.py
[2023-12-24T14:14:58.848+0000] {logging_mixin.py:188} INFO - [2023-12-24T14:14:58.847+0000] {dag.py:3033} INFO - Sync 1 DAGs
[2023-12-24T14:14:58.894+0000] {logging_mixin.py:188} INFO - [2023-12-24T14:14:58.894+0000] {dag.py:3820} INFO - Setting next_dagrun for example_branch_operator to 2023-12-23T00:00:00+00:00, run_after=2023-12-24T00:00:00+00:00
[2023-12-24T14:14:58.934+0000] {processor.py:183} INFO - Processing /home/airflow/.local/lib/python3.8/site-packages/airflow/example_dags/example_branch_operator.py took 0.191 seconds
[2023-12-24T14:15:29.292+0000] {processor.py:161} INFO - Started process (PID=1083) to work on /home/airflow/.local/lib/python3.8/site-packages/airflow/example_dags/example_branch_operator.py
[2023-12-24T14:15:29.294+0000] {processor.py:830} INFO - Processing file /home/airflow/.local/lib/python3.8/site-packages/airflow/example_dags/example_branch_operator.py for tasks to queue
[2023-12-24T14:15:29.299+0000] {logging_mixin.py:188} INFO - [2023-12-24T14:15:29.298+0000] {dagbag.py:538} INFO - Filling up the DagBag from /home/airflow/.local/lib/python3.8/site-packages/airflow/example_dags/example_branch_operator.py
[2023-12-24T14:15:29.333+0000] {processor.py:840} INFO - DAG(s) 'example_branch_operator' retrieved from /home/airflow/.local/lib/python3.8/site-packages/airflow/example_dags/example_branch_operator.py
[2023-12-24T14:15:29.391+0000] {logging_mixin.py:188} INFO - [2023-12-24T14:15:29.391+0000] {dag.py:3033} INFO - Sync 1 DAGs
[2023-12-24T14:15:29.445+0000] {logging_mixin.py:188} INFO - [2023-12-24T14:15:29.445+0000] {dag.py:3820} INFO - Setting next_dagrun for example_branch_operator to 2023-12-23T00:00:00+00:00, run_after=2023-12-24T00:00:00+00:00
[2023-12-24T14:15:29.487+0000] {processor.py:183} INFO - Processing /home/airflow/.local/lib/python3.8/site-packages/airflow/example_dags/example_branch_operator.py took 0.202 seconds
[2023-12-24T14:15:59.975+0000] {processor.py:161} INFO - Started process (PID=1142) to work on /home/airflow/.local/lib/python3.8/site-packages/airflow/example_dags/example_branch_operator.py
[2023-12-24T14:15:59.977+0000] {processor.py:830} INFO - Processing file /home/airflow/.local/lib/python3.8/site-packages/airflow/example_dags/example_branch_operator.py for tasks to queue
[2023-12-24T14:15:59.982+0000] {logging_mixin.py:188} INFO - [2023-12-24T14:15:59.981+0000] {dagbag.py:538} INFO - Filling up the DagBag from /home/airflow/.local/lib/python3.8/site-packages/airflow/example_dags/example_branch_operator.py
[2023-12-24T14:16:00.035+0000] {processor.py:840} INFO - DAG(s) 'example_branch_operator' retrieved from /home/airflow/.local/lib/python3.8/site-packages/airflow/example_dags/example_branch_operator.py
[2023-12-24T14:16:00.106+0000] {logging_mixin.py:188} INFO - [2023-12-24T14:16:00.105+0000] {dag.py:3033} INFO - Sync 1 DAGs
[2023-12-24T14:16:00.166+0000] {logging_mixin.py:188} INFO - [2023-12-24T14:16:00.165+0000] {dag.py:3820} INFO - Setting next_dagrun for example_branch_operator to 2023-12-23T00:00:00+00:00, run_after=2023-12-24T00:00:00+00:00
[2023-12-24T14:16:00.209+0000] {processor.py:183} INFO - Processing /home/airflow/.local/lib/python3.8/site-packages/airflow/example_dags/example_branch_operator.py took 0.239 seconds
[2023-12-24T14:16:30.469+0000] {processor.py:161} INFO - Started process (PID=1201) to work on /home/airflow/.local/lib/python3.8/site-packages/airflow/example_dags/example_branch_operator.py
[2023-12-24T14:16:30.472+0000] {processor.py:830} INFO - Processing file /home/airflow/.local/lib/python3.8/site-packages/airflow/example_dags/example_branch_operator.py for tasks to queue
[2023-12-24T14:16:30.477+0000] {logging_mixin.py:188} INFO - [2023-12-24T14:16:30.476+0000] {dagbag.py:538} INFO - Filling up the DagBag from /home/airflow/.local/lib/python3.8/site-packages/airflow/example_dags/example_branch_operator.py
[2023-12-24T14:16:30.513+0000] {processor.py:840} INFO - DAG(s) 'example_branch_operator' retrieved from /home/airflow/.local/lib/python3.8/site-packages/airflow/example_dags/example_branch_operator.py
[2023-12-24T14:16:30.560+0000] {logging_mixin.py:188} INFO - [2023-12-24T14:16:30.560+0000] {dag.py:3033} INFO - Sync 1 DAGs
[2023-12-24T14:16:30.638+0000] {logging_mixin.py:188} INFO - [2023-12-24T14:16:30.638+0000] {dag.py:3820} INFO - Setting next_dagrun for example_branch_operator to 2023-12-23T00:00:00+00:00, run_after=2023-12-24T00:00:00+00:00
[2023-12-24T14:16:30.689+0000] {processor.py:183} INFO - Processing /home/airflow/.local/lib/python3.8/site-packages/airflow/example_dags/example_branch_operator.py took 0.227 seconds
[2023-12-24T14:18:43.329+0000] {processor.py:161} INFO - Started process (PID=81) to work on /home/airflow/.local/lib/python3.8/site-packages/airflow/example_dags/example_branch_operator.py
[2023-12-24T14:18:43.331+0000] {processor.py:830} INFO - Processing file /home/airflow/.local/lib/python3.8/site-packages/airflow/example_dags/example_branch_operator.py for tasks to queue
[2023-12-24T14:18:43.336+0000] {logging_mixin.py:188} INFO - [2023-12-24T14:18:43.335+0000] {dagbag.py:538} INFO - Filling up the DagBag from /home/airflow/.local/lib/python3.8/site-packages/airflow/example_dags/example_branch_operator.py
[2023-12-24T14:18:43.380+0000] {processor.py:840} INFO - DAG(s) 'example_branch_operator' retrieved from /home/airflow/.local/lib/python3.8/site-packages/airflow/example_dags/example_branch_operator.py
[2023-12-24T14:18:43.400+0000] {logging_mixin.py:188} INFO - [2023-12-24T14:18:43.400+0000] {dag.py:3033} INFO - Sync 1 DAGs
[2023-12-24T14:18:43.452+0000] {logging_mixin.py:188} INFO - [2023-12-24T14:18:43.451+0000] {dag.py:3820} INFO - Setting next_dagrun for example_branch_operator to 2023-12-23T00:00:00+00:00, run_after=2023-12-24T00:00:00+00:00
[2023-12-24T14:18:43.487+0000] {processor.py:183} INFO - Processing /home/airflow/.local/lib/python3.8/site-packages/airflow/example_dags/example_branch_operator.py took 0.163 seconds
[2023-12-24T14:19:15.661+0000] {processor.py:161} INFO - Started process (PID=141) to work on /home/airflow/.local/lib/python3.8/site-packages/airflow/example_dags/example_branch_operator.py
[2023-12-24T14:19:15.663+0000] {processor.py:830} INFO - Processing file /home/airflow/.local/lib/python3.8/site-packages/airflow/example_dags/example_branch_operator.py for tasks to queue
[2023-12-24T14:19:15.670+0000] {logging_mixin.py:188} INFO - [2023-12-24T14:19:15.669+0000] {dagbag.py:538} INFO - Filling up the DagBag from /home/airflow/.local/lib/python3.8/site-packages/airflow/example_dags/example_branch_operator.py
[2023-12-24T14:19:15.704+0000] {processor.py:840} INFO - DAG(s) 'example_branch_operator' retrieved from /home/airflow/.local/lib/python3.8/site-packages/airflow/example_dags/example_branch_operator.py
[2023-12-24T14:19:15.724+0000] {logging_mixin.py:188} INFO - [2023-12-24T14:19:15.724+0000] {dag.py:3033} INFO - Sync 1 DAGs
[2023-12-24T14:19:15.792+0000] {logging_mixin.py:188} INFO - [2023-12-24T14:19:15.792+0000] {dag.py:3820} INFO - Setting next_dagrun for example_branch_operator to 2023-12-23T00:00:00+00:00, run_after=2023-12-24T00:00:00+00:00
[2023-12-24T14:19:15.844+0000] {processor.py:183} INFO - Processing /home/airflow/.local/lib/python3.8/site-packages/airflow/example_dags/example_branch_operator.py took 0.191 seconds
[2023-12-24T14:19:49.271+0000] {processor.py:161} INFO - Started process (PID=200) to work on /home/airflow/.local/lib/python3.8/site-packages/airflow/example_dags/example_branch_operator.py
[2023-12-24T14:19:49.273+0000] {processor.py:830} INFO - Processing file /home/airflow/.local/lib/python3.8/site-packages/airflow/example_dags/example_branch_operator.py for tasks to queue
[2023-12-24T14:19:49.279+0000] {logging_mixin.py:188} INFO - [2023-12-24T14:19:49.278+0000] {dagbag.py:538} INFO - Filling up the DagBag from /home/airflow/.local/lib/python3.8/site-packages/airflow/example_dags/example_branch_operator.py
[2023-12-24T14:19:49.323+0000] {processor.py:840} INFO - DAG(s) 'example_branch_operator' retrieved from /home/airflow/.local/lib/python3.8/site-packages/airflow/example_dags/example_branch_operator.py
[2023-12-24T14:19:49.527+0000] {logging_mixin.py:188} INFO - [2023-12-24T14:19:49.527+0000] {dag.py:3033} INFO - Sync 1 DAGs
[2023-12-24T14:19:49.589+0000] {logging_mixin.py:188} INFO - [2023-12-24T14:19:49.588+0000] {dag.py:3820} INFO - Setting next_dagrun for example_branch_operator to 2023-12-23T00:00:00+00:00, run_after=2023-12-24T00:00:00+00:00
[2023-12-24T14:19:49.635+0000] {processor.py:183} INFO - Processing /home/airflow/.local/lib/python3.8/site-packages/airflow/example_dags/example_branch_operator.py took 0.371 seconds
[2023-12-24T14:20:19.876+0000] {processor.py:161} INFO - Started process (PID=260) to work on /home/airflow/.local/lib/python3.8/site-packages/airflow/example_dags/example_branch_operator.py
[2023-12-24T14:20:19.879+0000] {processor.py:830} INFO - Processing file /home/airflow/.local/lib/python3.8/site-packages/airflow/example_dags/example_branch_operator.py for tasks to queue
[2023-12-24T14:20:19.889+0000] {logging_mixin.py:188} INFO - [2023-12-24T14:20:19.888+0000] {dagbag.py:538} INFO - Filling up the DagBag from /home/airflow/.local/lib/python3.8/site-packages/airflow/example_dags/example_branch_operator.py
[2023-12-24T14:20:19.934+0000] {processor.py:840} INFO - DAG(s) 'example_branch_operator' retrieved from /home/airflow/.local/lib/python3.8/site-packages/airflow/example_dags/example_branch_operator.py
[2023-12-24T14:20:20.001+0000] {logging_mixin.py:188} INFO - [2023-12-24T14:20:20.001+0000] {dag.py:3033} INFO - Sync 1 DAGs
[2023-12-24T14:20:20.054+0000] {logging_mixin.py:188} INFO - [2023-12-24T14:20:20.053+0000] {dag.py:3820} INFO - Setting next_dagrun for example_branch_operator to 2023-12-23T00:00:00+00:00, run_after=2023-12-24T00:00:00+00:00
[2023-12-24T14:20:20.098+0000] {processor.py:183} INFO - Processing /home/airflow/.local/lib/python3.8/site-packages/airflow/example_dags/example_branch_operator.py took 0.230 seconds
[2023-12-24T14:20:50.296+0000] {processor.py:161} INFO - Started process (PID=318) to work on /home/airflow/.local/lib/python3.8/site-packages/airflow/example_dags/example_branch_operator.py
[2023-12-24T14:20:50.298+0000] {processor.py:830} INFO - Processing file /home/airflow/.local/lib/python3.8/site-packages/airflow/example_dags/example_branch_operator.py for tasks to queue
[2023-12-24T14:20:50.302+0000] {logging_mixin.py:188} INFO - [2023-12-24T14:20:50.301+0000] {dagbag.py:538} INFO - Filling up the DagBag from /home/airflow/.local/lib/python3.8/site-packages/airflow/example_dags/example_branch_operator.py
[2023-12-24T14:20:50.338+0000] {processor.py:840} INFO - DAG(s) 'example_branch_operator' retrieved from /home/airflow/.local/lib/python3.8/site-packages/airflow/example_dags/example_branch_operator.py
[2023-12-24T14:20:50.387+0000] {logging_mixin.py:188} INFO - [2023-12-24T14:20:50.387+0000] {dag.py:3033} INFO - Sync 1 DAGs
[2023-12-24T14:20:50.430+0000] {logging_mixin.py:188} INFO - [2023-12-24T14:20:50.430+0000] {dag.py:3820} INFO - Setting next_dagrun for example_branch_operator to 2023-12-23T00:00:00+00:00, run_after=2023-12-24T00:00:00+00:00
[2023-12-24T14:20:50.462+0000] {processor.py:183} INFO - Processing /home/airflow/.local/lib/python3.8/site-packages/airflow/example_dags/example_branch_operator.py took 0.173 seconds
[2023-12-24T14:21:21.093+0000] {processor.py:161} INFO - Started process (PID=376) to work on /home/airflow/.local/lib/python3.8/site-packages/airflow/example_dags/example_branch_operator.py
[2023-12-24T14:21:21.094+0000] {processor.py:830} INFO - Processing file /home/airflow/.local/lib/python3.8/site-packages/airflow/example_dags/example_branch_operator.py for tasks to queue
[2023-12-24T14:21:21.099+0000] {logging_mixin.py:188} INFO - [2023-12-24T14:21:21.099+0000] {dagbag.py:538} INFO - Filling up the DagBag from /home/airflow/.local/lib/python3.8/site-packages/airflow/example_dags/example_branch_operator.py
[2023-12-24T14:21:21.137+0000] {processor.py:840} INFO - DAG(s) 'example_branch_operator' retrieved from /home/airflow/.local/lib/python3.8/site-packages/airflow/example_dags/example_branch_operator.py
[2023-12-24T14:21:21.192+0000] {logging_mixin.py:188} INFO - [2023-12-24T14:21:21.192+0000] {dag.py:3033} INFO - Sync 1 DAGs
[2023-12-24T14:21:21.244+0000] {logging_mixin.py:188} INFO - [2023-12-24T14:21:21.244+0000] {dag.py:3820} INFO - Setting next_dagrun for example_branch_operator to 2023-12-23T00:00:00+00:00, run_after=2023-12-24T00:00:00+00:00
[2023-12-24T14:21:21.297+0000] {processor.py:183} INFO - Processing /home/airflow/.local/lib/python3.8/site-packages/airflow/example_dags/example_branch_operator.py took 0.213 seconds
[2023-12-24T14:21:51.482+0000] {processor.py:161} INFO - Started process (PID=434) to work on /home/airflow/.local/lib/python3.8/site-packages/airflow/example_dags/example_branch_operator.py
[2023-12-24T14:21:51.483+0000] {processor.py:830} INFO - Processing file /home/airflow/.local/lib/python3.8/site-packages/airflow/example_dags/example_branch_operator.py for tasks to queue
[2023-12-24T14:21:51.489+0000] {logging_mixin.py:188} INFO - [2023-12-24T14:21:51.488+0000] {dagbag.py:538} INFO - Filling up the DagBag from /home/airflow/.local/lib/python3.8/site-packages/airflow/example_dags/example_branch_operator.py
[2023-12-24T14:21:51.539+0000] {processor.py:840} INFO - DAG(s) 'example_branch_operator' retrieved from /home/airflow/.local/lib/python3.8/site-packages/airflow/example_dags/example_branch_operator.py
[2023-12-24T14:21:51.596+0000] {logging_mixin.py:188} INFO - [2023-12-24T14:21:51.595+0000] {dag.py:3033} INFO - Sync 1 DAGs
[2023-12-24T14:21:51.656+0000] {logging_mixin.py:188} INFO - [2023-12-24T14:21:51.656+0000] {dag.py:3820} INFO - Setting next_dagrun for example_branch_operator to 2023-12-23T00:00:00+00:00, run_after=2023-12-24T00:00:00+00:00
[2023-12-24T14:21:51.700+0000] {processor.py:183} INFO - Processing /home/airflow/.local/lib/python3.8/site-packages/airflow/example_dags/example_branch_operator.py took 0.224 seconds
[2023-12-24T14:22:21.849+0000] {processor.py:161} INFO - Started process (PID=492) to work on /home/airflow/.local/lib/python3.8/site-packages/airflow/example_dags/example_branch_operator.py
[2023-12-24T14:22:21.851+0000] {processor.py:830} INFO - Processing file /home/airflow/.local/lib/python3.8/site-packages/airflow/example_dags/example_branch_operator.py for tasks to queue
[2023-12-24T14:22:21.856+0000] {logging_mixin.py:188} INFO - [2023-12-24T14:22:21.855+0000] {dagbag.py:538} INFO - Filling up the DagBag from /home/airflow/.local/lib/python3.8/site-packages/airflow/example_dags/example_branch_operator.py
[2023-12-24T14:22:21.892+0000] {processor.py:840} INFO - DAG(s) 'example_branch_operator' retrieved from /home/airflow/.local/lib/python3.8/site-packages/airflow/example_dags/example_branch_operator.py
[2023-12-24T14:22:21.964+0000] {logging_mixin.py:188} INFO - [2023-12-24T14:22:21.963+0000] {dag.py:3033} INFO - Sync 1 DAGs
[2023-12-24T14:22:22.025+0000] {logging_mixin.py:188} INFO - [2023-12-24T14:22:22.024+0000] {dag.py:3820} INFO - Setting next_dagrun for example_branch_operator to 2023-12-23T00:00:00+00:00, run_after=2023-12-24T00:00:00+00:00
[2023-12-24T14:22:22.069+0000] {processor.py:183} INFO - Processing /home/airflow/.local/lib/python3.8/site-packages/airflow/example_dags/example_branch_operator.py took 0.226 seconds
[2023-12-24T14:22:52.476+0000] {processor.py:161} INFO - Started process (PID=550) to work on /home/airflow/.local/lib/python3.8/site-packages/airflow/example_dags/example_branch_operator.py
[2023-12-24T14:22:52.477+0000] {processor.py:830} INFO - Processing file /home/airflow/.local/lib/python3.8/site-packages/airflow/example_dags/example_branch_operator.py for tasks to queue
[2023-12-24T14:22:52.483+0000] {logging_mixin.py:188} INFO - [2023-12-24T14:22:52.482+0000] {dagbag.py:538} INFO - Filling up the DagBag from /home/airflow/.local/lib/python3.8/site-packages/airflow/example_dags/example_branch_operator.py
[2023-12-24T14:22:52.527+0000] {processor.py:840} INFO - DAG(s) 'example_branch_operator' retrieved from /home/airflow/.local/lib/python3.8/site-packages/airflow/example_dags/example_branch_operator.py
[2023-12-24T14:22:52.579+0000] {logging_mixin.py:188} INFO - [2023-12-24T14:22:52.579+0000] {dag.py:3033} INFO - Sync 1 DAGs
[2023-12-24T14:22:52.630+0000] {logging_mixin.py:188} INFO - [2023-12-24T14:22:52.629+0000] {dag.py:3820} INFO - Setting next_dagrun for example_branch_operator to 2023-12-23T00:00:00+00:00, run_after=2023-12-24T00:00:00+00:00
[2023-12-24T14:22:52.668+0000] {processor.py:183} INFO - Processing /home/airflow/.local/lib/python3.8/site-packages/airflow/example_dags/example_branch_operator.py took 0.200 seconds
[2023-12-24T14:23:22.958+0000] {processor.py:161} INFO - Started process (PID=608) to work on /home/airflow/.local/lib/python3.8/site-packages/airflow/example_dags/example_branch_operator.py
[2023-12-24T14:23:22.961+0000] {processor.py:830} INFO - Processing file /home/airflow/.local/lib/python3.8/site-packages/airflow/example_dags/example_branch_operator.py for tasks to queue
[2023-12-24T14:23:22.969+0000] {logging_mixin.py:188} INFO - [2023-12-24T14:23:22.968+0000] {dagbag.py:538} INFO - Filling up the DagBag from /home/airflow/.local/lib/python3.8/site-packages/airflow/example_dags/example_branch_operator.py
[2023-12-24T14:23:23.043+0000] {processor.py:840} INFO - DAG(s) 'example_branch_operator' retrieved from /home/airflow/.local/lib/python3.8/site-packages/airflow/example_dags/example_branch_operator.py
[2023-12-24T14:23:23.131+0000] {logging_mixin.py:188} INFO - [2023-12-24T14:23:23.130+0000] {dag.py:3033} INFO - Sync 1 DAGs
[2023-12-24T14:23:23.188+0000] {logging_mixin.py:188} INFO - [2023-12-24T14:23:23.188+0000] {dag.py:3820} INFO - Setting next_dagrun for example_branch_operator to 2023-12-23T00:00:00+00:00, run_after=2023-12-24T00:00:00+00:00
[2023-12-24T14:23:23.233+0000] {processor.py:183} INFO - Processing /home/airflow/.local/lib/python3.8/site-packages/airflow/example_dags/example_branch_operator.py took 0.284 seconds
[2023-12-24T14:23:54.073+0000] {processor.py:161} INFO - Started process (PID=666) to work on /home/airflow/.local/lib/python3.8/site-packages/airflow/example_dags/example_branch_operator.py
[2023-12-24T14:23:54.075+0000] {processor.py:830} INFO - Processing file /home/airflow/.local/lib/python3.8/site-packages/airflow/example_dags/example_branch_operator.py for tasks to queue
[2023-12-24T14:23:54.089+0000] {logging_mixin.py:188} INFO - [2023-12-24T14:23:54.088+0000] {dagbag.py:538} INFO - Filling up the DagBag from /home/airflow/.local/lib/python3.8/site-packages/airflow/example_dags/example_branch_operator.py
[2023-12-24T14:23:54.144+0000] {processor.py:840} INFO - DAG(s) 'example_branch_operator' retrieved from /home/airflow/.local/lib/python3.8/site-packages/airflow/example_dags/example_branch_operator.py
[2023-12-24T14:23:54.204+0000] {logging_mixin.py:188} INFO - [2023-12-24T14:23:54.204+0000] {dag.py:3033} INFO - Sync 1 DAGs
[2023-12-24T14:23:54.256+0000] {logging_mixin.py:188} INFO - [2023-12-24T14:23:54.256+0000] {dag.py:3820} INFO - Setting next_dagrun for example_branch_operator to 2023-12-23T00:00:00+00:00, run_after=2023-12-24T00:00:00+00:00
[2023-12-24T14:23:54.305+0000] {processor.py:183} INFO - Processing /home/airflow/.local/lib/python3.8/site-packages/airflow/example_dags/example_branch_operator.py took 0.238 seconds
[2023-12-24T14:24:24.534+0000] {processor.py:161} INFO - Started process (PID=725) to work on /home/airflow/.local/lib/python3.8/site-packages/airflow/example_dags/example_branch_operator.py
[2023-12-24T14:24:24.536+0000] {processor.py:830} INFO - Processing file /home/airflow/.local/lib/python3.8/site-packages/airflow/example_dags/example_branch_operator.py for tasks to queue
[2023-12-24T14:24:24.543+0000] {logging_mixin.py:188} INFO - [2023-12-24T14:24:24.542+0000] {dagbag.py:538} INFO - Filling up the DagBag from /home/airflow/.local/lib/python3.8/site-packages/airflow/example_dags/example_branch_operator.py
[2023-12-24T14:24:24.579+0000] {processor.py:840} INFO - DAG(s) 'example_branch_operator' retrieved from /home/airflow/.local/lib/python3.8/site-packages/airflow/example_dags/example_branch_operator.py
[2023-12-24T14:24:24.636+0000] {logging_mixin.py:188} INFO - [2023-12-24T14:24:24.635+0000] {dag.py:3033} INFO - Sync 1 DAGs
[2023-12-24T14:24:24.676+0000] {logging_mixin.py:188} INFO - [2023-12-24T14:24:24.676+0000] {dag.py:3820} INFO - Setting next_dagrun for example_branch_operator to 2023-12-23T00:00:00+00:00, run_after=2023-12-24T00:00:00+00:00
[2023-12-24T14:24:24.710+0000] {processor.py:183} INFO - Processing /home/airflow/.local/lib/python3.8/site-packages/airflow/example_dags/example_branch_operator.py took 0.185 seconds
[2023-12-24T14:24:55.699+0000] {processor.py:161} INFO - Started process (PID=783) to work on /home/airflow/.local/lib/python3.8/site-packages/airflow/example_dags/example_branch_operator.py
[2023-12-24T14:24:55.706+0000] {processor.py:830} INFO - Processing file /home/airflow/.local/lib/python3.8/site-packages/airflow/example_dags/example_branch_operator.py for tasks to queue
[2023-12-24T14:24:55.715+0000] {logging_mixin.py:188} INFO - [2023-12-24T14:24:55.714+0000] {dagbag.py:538} INFO - Filling up the DagBag from /home/airflow/.local/lib/python3.8/site-packages/airflow/example_dags/example_branch_operator.py
[2023-12-24T14:24:55.772+0000] {processor.py:840} INFO - DAG(s) 'example_branch_operator' retrieved from /home/airflow/.local/lib/python3.8/site-packages/airflow/example_dags/example_branch_operator.py
[2023-12-24T14:24:55.867+0000] {logging_mixin.py:188} INFO - [2023-12-24T14:24:55.866+0000] {dag.py:3033} INFO - Sync 1 DAGs
[2023-12-24T14:24:55.946+0000] {logging_mixin.py:188} INFO - [2023-12-24T14:24:55.945+0000] {dag.py:3820} INFO - Setting next_dagrun for example_branch_operator to 2023-12-23T00:00:00+00:00, run_after=2023-12-24T00:00:00+00:00
[2023-12-24T14:24:56.067+0000] {processor.py:183} INFO - Processing /home/airflow/.local/lib/python3.8/site-packages/airflow/example_dags/example_branch_operator.py took 0.378 seconds
[2023-12-24T14:25:26.621+0000] {processor.py:161} INFO - Started process (PID=841) to work on /home/airflow/.local/lib/python3.8/site-packages/airflow/example_dags/example_branch_operator.py
[2023-12-24T14:25:26.624+0000] {processor.py:830} INFO - Processing file /home/airflow/.local/lib/python3.8/site-packages/airflow/example_dags/example_branch_operator.py for tasks to queue
[2023-12-24T14:25:26.632+0000] {logging_mixin.py:188} INFO - [2023-12-24T14:25:26.631+0000] {dagbag.py:538} INFO - Filling up the DagBag from /home/airflow/.local/lib/python3.8/site-packages/airflow/example_dags/example_branch_operator.py
[2023-12-24T14:25:26.681+0000] {processor.py:840} INFO - DAG(s) 'example_branch_operator' retrieved from /home/airflow/.local/lib/python3.8/site-packages/airflow/example_dags/example_branch_operator.py
[2023-12-24T14:25:26.755+0000] {logging_mixin.py:188} INFO - [2023-12-24T14:25:26.754+0000] {dag.py:3033} INFO - Sync 1 DAGs
[2023-12-24T14:25:26.828+0000] {logging_mixin.py:188} INFO - [2023-12-24T14:25:26.827+0000] {dag.py:3820} INFO - Setting next_dagrun for example_branch_operator to 2023-12-23T00:00:00+00:00, run_after=2023-12-24T00:00:00+00:00
[2023-12-24T14:25:26.877+0000] {processor.py:183} INFO - Processing /home/airflow/.local/lib/python3.8/site-packages/airflow/example_dags/example_branch_operator.py took 0.263 seconds
[2023-12-24T14:25:57.017+0000] {processor.py:161} INFO - Started process (PID=899) to work on /home/airflow/.local/lib/python3.8/site-packages/airflow/example_dags/example_branch_operator.py
[2023-12-24T14:25:57.019+0000] {processor.py:830} INFO - Processing file /home/airflow/.local/lib/python3.8/site-packages/airflow/example_dags/example_branch_operator.py for tasks to queue
[2023-12-24T14:25:57.024+0000] {logging_mixin.py:188} INFO - [2023-12-24T14:25:57.024+0000] {dagbag.py:538} INFO - Filling up the DagBag from /home/airflow/.local/lib/python3.8/site-packages/airflow/example_dags/example_branch_operator.py
[2023-12-24T14:25:57.059+0000] {processor.py:840} INFO - DAG(s) 'example_branch_operator' retrieved from /home/airflow/.local/lib/python3.8/site-packages/airflow/example_dags/example_branch_operator.py
[2023-12-24T14:25:57.110+0000] {logging_mixin.py:188} INFO - [2023-12-24T14:25:57.110+0000] {dag.py:3033} INFO - Sync 1 DAGs
[2023-12-24T14:25:57.155+0000] {logging_mixin.py:188} INFO - [2023-12-24T14:25:57.154+0000] {dag.py:3820} INFO - Setting next_dagrun for example_branch_operator to 2023-12-23T00:00:00+00:00, run_after=2023-12-24T00:00:00+00:00
[2023-12-24T14:25:57.191+0000] {processor.py:183} INFO - Processing /home/airflow/.local/lib/python3.8/site-packages/airflow/example_dags/example_branch_operator.py took 0.180 seconds
[2023-12-24T14:26:27.244+0000] {processor.py:161} INFO - Started process (PID=957) to work on /home/airflow/.local/lib/python3.8/site-packages/airflow/example_dags/example_branch_operator.py
[2023-12-24T14:26:27.245+0000] {processor.py:830} INFO - Processing file /home/airflow/.local/lib/python3.8/site-packages/airflow/example_dags/example_branch_operator.py for tasks to queue
[2023-12-24T14:26:27.249+0000] {logging_mixin.py:188} INFO - [2023-12-24T14:26:27.249+0000] {dagbag.py:538} INFO - Filling up the DagBag from /home/airflow/.local/lib/python3.8/site-packages/airflow/example_dags/example_branch_operator.py
[2023-12-24T14:26:27.283+0000] {processor.py:840} INFO - DAG(s) 'example_branch_operator' retrieved from /home/airflow/.local/lib/python3.8/site-packages/airflow/example_dags/example_branch_operator.py
[2023-12-24T14:26:27.330+0000] {logging_mixin.py:188} INFO - [2023-12-24T14:26:27.330+0000] {dag.py:3033} INFO - Sync 1 DAGs
[2023-12-24T14:26:27.373+0000] {logging_mixin.py:188} INFO - [2023-12-24T14:26:27.373+0000] {dag.py:3820} INFO - Setting next_dagrun for example_branch_operator to 2023-12-23T00:00:00+00:00, run_after=2023-12-24T00:00:00+00:00
[2023-12-24T14:26:27.409+0000] {processor.py:183} INFO - Processing /home/airflow/.local/lib/python3.8/site-packages/airflow/example_dags/example_branch_operator.py took 0.172 seconds
[2023-12-24T14:26:58.540+0000] {processor.py:161} INFO - Started process (PID=1021) to work on /home/airflow/.local/lib/python3.8/site-packages/airflow/example_dags/example_branch_operator.py
[2023-12-24T14:26:58.544+0000] {processor.py:830} INFO - Processing file /home/airflow/.local/lib/python3.8/site-packages/airflow/example_dags/example_branch_operator.py for tasks to queue
[2023-12-24T14:26:58.552+0000] {logging_mixin.py:188} INFO - [2023-12-24T14:26:58.551+0000] {dagbag.py:538} INFO - Filling up the DagBag from /home/airflow/.local/lib/python3.8/site-packages/airflow/example_dags/example_branch_operator.py
[2023-12-24T14:26:58.608+0000] {processor.py:840} INFO - DAG(s) 'example_branch_operator' retrieved from /home/airflow/.local/lib/python3.8/site-packages/airflow/example_dags/example_branch_operator.py
[2023-12-24T14:26:58.687+0000] {logging_mixin.py:188} INFO - [2023-12-24T14:26:58.686+0000] {dag.py:3033} INFO - Sync 1 DAGs
[2023-12-24T14:26:58.734+0000] {logging_mixin.py:188} INFO - [2023-12-24T14:26:58.733+0000] {dag.py:3820} INFO - Setting next_dagrun for example_branch_operator to 2023-12-23T00:00:00+00:00, run_after=2023-12-24T00:00:00+00:00
[2023-12-24T14:26:58.770+0000] {processor.py:183} INFO - Processing /home/airflow/.local/lib/python3.8/site-packages/airflow/example_dags/example_branch_operator.py took 0.239 seconds
[2023-12-24T14:27:29.369+0000] {processor.py:161} INFO - Started process (PID=1079) to work on /home/airflow/.local/lib/python3.8/site-packages/airflow/example_dags/example_branch_operator.py
[2023-12-24T14:27:29.370+0000] {processor.py:830} INFO - Processing file /home/airflow/.local/lib/python3.8/site-packages/airflow/example_dags/example_branch_operator.py for tasks to queue
[2023-12-24T14:27:29.375+0000] {logging_mixin.py:188} INFO - [2023-12-24T14:27:29.374+0000] {dagbag.py:538} INFO - Filling up the DagBag from /home/airflow/.local/lib/python3.8/site-packages/airflow/example_dags/example_branch_operator.py
[2023-12-24T14:27:29.404+0000] {processor.py:840} INFO - DAG(s) 'example_branch_operator' retrieved from /home/airflow/.local/lib/python3.8/site-packages/airflow/example_dags/example_branch_operator.py
[2023-12-24T14:27:29.447+0000] {logging_mixin.py:188} INFO - [2023-12-24T14:27:29.447+0000] {dag.py:3033} INFO - Sync 1 DAGs
[2023-12-24T14:27:29.485+0000] {logging_mixin.py:188} INFO - [2023-12-24T14:27:29.484+0000] {dag.py:3820} INFO - Setting next_dagrun for example_branch_operator to 2023-12-23T00:00:00+00:00, run_after=2023-12-24T00:00:00+00:00
[2023-12-24T14:27:29.524+0000] {processor.py:183} INFO - Processing /home/airflow/.local/lib/python3.8/site-packages/airflow/example_dags/example_branch_operator.py took 0.160 seconds
[2023-12-24T14:28:00.435+0000] {processor.py:161} INFO - Started process (PID=1137) to work on /home/airflow/.local/lib/python3.8/site-packages/airflow/example_dags/example_branch_operator.py
[2023-12-24T14:28:00.437+0000] {processor.py:830} INFO - Processing file /home/airflow/.local/lib/python3.8/site-packages/airflow/example_dags/example_branch_operator.py for tasks to queue
[2023-12-24T14:28:00.442+0000] {logging_mixin.py:188} INFO - [2023-12-24T14:28:00.441+0000] {dagbag.py:538} INFO - Filling up the DagBag from /home/airflow/.local/lib/python3.8/site-packages/airflow/example_dags/example_branch_operator.py
[2023-12-24T14:28:00.486+0000] {processor.py:840} INFO - DAG(s) 'example_branch_operator' retrieved from /home/airflow/.local/lib/python3.8/site-packages/airflow/example_dags/example_branch_operator.py
[2023-12-24T14:28:00.561+0000] {logging_mixin.py:188} INFO - [2023-12-24T14:28:00.561+0000] {dag.py:3033} INFO - Sync 1 DAGs
[2023-12-24T14:28:00.634+0000] {logging_mixin.py:188} INFO - [2023-12-24T14:28:00.634+0000] {dag.py:3820} INFO - Setting next_dagrun for example_branch_operator to 2023-12-23T00:00:00+00:00, run_after=2023-12-24T00:00:00+00:00
[2023-12-24T14:28:00.696+0000] {processor.py:183} INFO - Processing /home/airflow/.local/lib/python3.8/site-packages/airflow/example_dags/example_branch_operator.py took 0.268 seconds
[2023-12-24T14:28:30.826+0000] {processor.py:161} INFO - Started process (PID=1195) to work on /home/airflow/.local/lib/python3.8/site-packages/airflow/example_dags/example_branch_operator.py
[2023-12-24T14:28:30.828+0000] {processor.py:830} INFO - Processing file /home/airflow/.local/lib/python3.8/site-packages/airflow/example_dags/example_branch_operator.py for tasks to queue
[2023-12-24T14:28:30.836+0000] {logging_mixin.py:188} INFO - [2023-12-24T14:28:30.833+0000] {dagbag.py:538} INFO - Filling up the DagBag from /home/airflow/.local/lib/python3.8/site-packages/airflow/example_dags/example_branch_operator.py
[2023-12-24T14:28:30.876+0000] {processor.py:840} INFO - DAG(s) 'example_branch_operator' retrieved from /home/airflow/.local/lib/python3.8/site-packages/airflow/example_dags/example_branch_operator.py
[2023-12-24T14:28:30.943+0000] {logging_mixin.py:188} INFO - [2023-12-24T14:28:30.943+0000] {dag.py:3033} INFO - Sync 1 DAGs
[2023-12-24T14:28:30.995+0000] {logging_mixin.py:188} INFO - [2023-12-24T14:28:30.994+0000] {dag.py:3820} INFO - Setting next_dagrun for example_branch_operator to 2023-12-23T00:00:00+00:00, run_after=2023-12-24T00:00:00+00:00
[2023-12-24T14:28:31.027+0000] {processor.py:183} INFO - Processing /home/airflow/.local/lib/python3.8/site-packages/airflow/example_dags/example_branch_operator.py took 0.207 seconds
[2023-12-24T14:29:01.875+0000] {processor.py:161} INFO - Started process (PID=1253) to work on /home/airflow/.local/lib/python3.8/site-packages/airflow/example_dags/example_branch_operator.py
[2023-12-24T14:29:01.877+0000] {processor.py:830} INFO - Processing file /home/airflow/.local/lib/python3.8/site-packages/airflow/example_dags/example_branch_operator.py for tasks to queue
[2023-12-24T14:29:01.883+0000] {logging_mixin.py:188} INFO - [2023-12-24T14:29:01.883+0000] {dagbag.py:538} INFO - Filling up the DagBag from /home/airflow/.local/lib/python3.8/site-packages/airflow/example_dags/example_branch_operator.py
[2023-12-24T14:29:01.927+0000] {processor.py:840} INFO - DAG(s) 'example_branch_operator' retrieved from /home/airflow/.local/lib/python3.8/site-packages/airflow/example_dags/example_branch_operator.py
[2023-12-24T14:29:01.999+0000] {logging_mixin.py:188} INFO - [2023-12-24T14:29:01.998+0000] {dag.py:3033} INFO - Sync 1 DAGs
[2023-12-24T14:29:02.060+0000] {logging_mixin.py:188} INFO - [2023-12-24T14:29:02.060+0000] {dag.py:3820} INFO - Setting next_dagrun for example_branch_operator to 2023-12-23T00:00:00+00:00, run_after=2023-12-24T00:00:00+00:00
[2023-12-24T14:29:02.153+0000] {processor.py:183} INFO - Processing /home/airflow/.local/lib/python3.8/site-packages/airflow/example_dags/example_branch_operator.py took 0.292 seconds
[2023-12-24T14:29:33.075+0000] {processor.py:161} INFO - Started process (PID=1310) to work on /home/airflow/.local/lib/python3.8/site-packages/airflow/example_dags/example_branch_operator.py
[2023-12-24T14:29:33.096+0000] {processor.py:830} INFO - Processing file /home/airflow/.local/lib/python3.8/site-packages/airflow/example_dags/example_branch_operator.py for tasks to queue
[2023-12-24T14:29:33.103+0000] {logging_mixin.py:188} INFO - [2023-12-24T14:29:33.102+0000] {dagbag.py:538} INFO - Filling up the DagBag from /home/airflow/.local/lib/python3.8/site-packages/airflow/example_dags/example_branch_operator.py
[2023-12-24T14:29:33.193+0000] {processor.py:840} INFO - DAG(s) 'example_branch_operator' retrieved from /home/airflow/.local/lib/python3.8/site-packages/airflow/example_dags/example_branch_operator.py
[2023-12-24T14:29:33.319+0000] {logging_mixin.py:188} INFO - [2023-12-24T14:29:33.318+0000] {dag.py:3033} INFO - Sync 1 DAGs
[2023-12-24T14:29:33.453+0000] {logging_mixin.py:188} INFO - [2023-12-24T14:29:33.452+0000] {dag.py:3820} INFO - Setting next_dagrun for example_branch_operator to 2023-12-23T00:00:00+00:00, run_after=2023-12-24T00:00:00+00:00
[2023-12-24T14:29:33.503+0000] {processor.py:183} INFO - Processing /home/airflow/.local/lib/python3.8/site-packages/airflow/example_dags/example_branch_operator.py took 0.437 seconds
[2023-12-24T14:30:03.700+0000] {processor.py:161} INFO - Started process (PID=1368) to work on /home/airflow/.local/lib/python3.8/site-packages/airflow/example_dags/example_branch_operator.py
[2023-12-24T14:30:03.702+0000] {processor.py:830} INFO - Processing file /home/airflow/.local/lib/python3.8/site-packages/airflow/example_dags/example_branch_operator.py for tasks to queue
[2023-12-24T14:30:03.707+0000] {logging_mixin.py:188} INFO - [2023-12-24T14:30:03.706+0000] {dagbag.py:538} INFO - Filling up the DagBag from /home/airflow/.local/lib/python3.8/site-packages/airflow/example_dags/example_branch_operator.py
[2023-12-24T14:30:03.745+0000] {processor.py:840} INFO - DAG(s) 'example_branch_operator' retrieved from /home/airflow/.local/lib/python3.8/site-packages/airflow/example_dags/example_branch_operator.py
[2023-12-24T14:30:03.793+0000] {logging_mixin.py:188} INFO - [2023-12-24T14:30:03.793+0000] {dag.py:3033} INFO - Sync 1 DAGs
[2023-12-24T14:30:03.842+0000] {logging_mixin.py:188} INFO - [2023-12-24T14:30:03.842+0000] {dag.py:3820} INFO - Setting next_dagrun for example_branch_operator to 2023-12-23T00:00:00+00:00, run_after=2023-12-24T00:00:00+00:00
[2023-12-24T14:30:03.903+0000] {processor.py:183} INFO - Processing /home/airflow/.local/lib/python3.8/site-packages/airflow/example_dags/example_branch_operator.py took 0.212 seconds
[2023-12-24T14:30:34.657+0000] {processor.py:161} INFO - Started process (PID=1426) to work on /home/airflow/.local/lib/python3.8/site-packages/airflow/example_dags/example_branch_operator.py
[2023-12-24T14:30:34.658+0000] {processor.py:830} INFO - Processing file /home/airflow/.local/lib/python3.8/site-packages/airflow/example_dags/example_branch_operator.py for tasks to queue
[2023-12-24T14:30:34.663+0000] {logging_mixin.py:188} INFO - [2023-12-24T14:30:34.663+0000] {dagbag.py:538} INFO - Filling up the DagBag from /home/airflow/.local/lib/python3.8/site-packages/airflow/example_dags/example_branch_operator.py
[2023-12-24T14:30:34.700+0000] {processor.py:840} INFO - DAG(s) 'example_branch_operator' retrieved from /home/airflow/.local/lib/python3.8/site-packages/airflow/example_dags/example_branch_operator.py
[2023-12-24T14:30:34.756+0000] {logging_mixin.py:188} INFO - [2023-12-24T14:30:34.755+0000] {dag.py:3033} INFO - Sync 1 DAGs
[2023-12-24T14:30:34.804+0000] {logging_mixin.py:188} INFO - [2023-12-24T14:30:34.804+0000] {dag.py:3820} INFO - Setting next_dagrun for example_branch_operator to 2023-12-23T00:00:00+00:00, run_after=2023-12-24T00:00:00+00:00
[2023-12-24T14:30:34.862+0000] {processor.py:183} INFO - Processing /home/airflow/.local/lib/python3.8/site-packages/airflow/example_dags/example_branch_operator.py took 0.212 seconds
[2023-12-24T14:31:05.299+0000] {processor.py:161} INFO - Started process (PID=1484) to work on /home/airflow/.local/lib/python3.8/site-packages/airflow/example_dags/example_branch_operator.py
[2023-12-24T14:31:05.300+0000] {processor.py:830} INFO - Processing file /home/airflow/.local/lib/python3.8/site-packages/airflow/example_dags/example_branch_operator.py for tasks to queue
[2023-12-24T14:31:05.305+0000] {logging_mixin.py:188} INFO - [2023-12-24T14:31:05.304+0000] {dagbag.py:538} INFO - Filling up the DagBag from /home/airflow/.local/lib/python3.8/site-packages/airflow/example_dags/example_branch_operator.py
[2023-12-24T14:31:05.336+0000] {processor.py:840} INFO - DAG(s) 'example_branch_operator' retrieved from /home/airflow/.local/lib/python3.8/site-packages/airflow/example_dags/example_branch_operator.py
[2023-12-24T14:31:05.383+0000] {logging_mixin.py:188} INFO - [2023-12-24T14:31:05.382+0000] {dag.py:3033} INFO - Sync 1 DAGs
[2023-12-24T14:31:05.426+0000] {logging_mixin.py:188} INFO - [2023-12-24T14:31:05.425+0000] {dag.py:3820} INFO - Setting next_dagrun for example_branch_operator to 2023-12-23T00:00:00+00:00, run_after=2023-12-24T00:00:00+00:00
[2023-12-24T14:31:05.457+0000] {processor.py:183} INFO - Processing /home/airflow/.local/lib/python3.8/site-packages/airflow/example_dags/example_branch_operator.py took 0.164 seconds
[2023-12-24T14:31:35.750+0000] {processor.py:161} INFO - Started process (PID=1542) to work on /home/airflow/.local/lib/python3.8/site-packages/airflow/example_dags/example_branch_operator.py
[2023-12-24T14:31:35.753+0000] {processor.py:830} INFO - Processing file /home/airflow/.local/lib/python3.8/site-packages/airflow/example_dags/example_branch_operator.py for tasks to queue
[2023-12-24T14:31:35.758+0000] {logging_mixin.py:188} INFO - [2023-12-24T14:31:35.757+0000] {dagbag.py:538} INFO - Filling up the DagBag from /home/airflow/.local/lib/python3.8/site-packages/airflow/example_dags/example_branch_operator.py
[2023-12-24T14:31:35.805+0000] {processor.py:840} INFO - DAG(s) 'example_branch_operator' retrieved from /home/airflow/.local/lib/python3.8/site-packages/airflow/example_dags/example_branch_operator.py
[2023-12-24T14:31:35.891+0000] {logging_mixin.py:188} INFO - [2023-12-24T14:31:35.891+0000] {dag.py:3033} INFO - Sync 1 DAGs
[2023-12-24T14:31:35.937+0000] {logging_mixin.py:188} INFO - [2023-12-24T14:31:35.937+0000] {dag.py:3820} INFO - Setting next_dagrun for example_branch_operator to 2023-12-23T00:00:00+00:00, run_after=2023-12-24T00:00:00+00:00
[2023-12-24T14:31:35.974+0000] {processor.py:183} INFO - Processing /home/airflow/.local/lib/python3.8/site-packages/airflow/example_dags/example_branch_operator.py took 0.232 seconds
[2023-12-24T14:33:25.776+0000] {processor.py:161} INFO - Started process (PID=79) to work on /home/airflow/.local/lib/python3.8/site-packages/airflow/example_dags/example_branch_operator.py
[2023-12-24T14:33:25.780+0000] {processor.py:830} INFO - Processing file /home/airflow/.local/lib/python3.8/site-packages/airflow/example_dags/example_branch_operator.py for tasks to queue
[2023-12-24T14:33:25.786+0000] {logging_mixin.py:188} INFO - [2023-12-24T14:33:25.785+0000] {dagbag.py:538} INFO - Filling up the DagBag from /home/airflow/.local/lib/python3.8/site-packages/airflow/example_dags/example_branch_operator.py
[2023-12-24T14:33:25.822+0000] {processor.py:840} INFO - DAG(s) 'example_branch_operator' retrieved from /home/airflow/.local/lib/python3.8/site-packages/airflow/example_dags/example_branch_operator.py
[2023-12-24T14:33:25.853+0000] {logging_mixin.py:188} INFO - [2023-12-24T14:33:25.852+0000] {dag.py:3033} INFO - Sync 1 DAGs
[2023-12-24T14:33:25.915+0000] {logging_mixin.py:188} INFO - [2023-12-24T14:33:25.914+0000] {dag.py:3820} INFO - Setting next_dagrun for example_branch_operator to 2023-12-23T00:00:00+00:00, run_after=2023-12-24T00:00:00+00:00
[2023-12-24T14:33:25.957+0000] {processor.py:183} INFO - Processing /home/airflow/.local/lib/python3.8/site-packages/airflow/example_dags/example_branch_operator.py took 0.189 seconds
[2023-12-24T14:33:58.719+0000] {processor.py:161} INFO - Started process (PID=137) to work on /home/airflow/.local/lib/python3.8/site-packages/airflow/example_dags/example_branch_operator.py
[2023-12-24T14:33:58.721+0000] {processor.py:830} INFO - Processing file /home/airflow/.local/lib/python3.8/site-packages/airflow/example_dags/example_branch_operator.py for tasks to queue
[2023-12-24T14:33:58.725+0000] {logging_mixin.py:188} INFO - [2023-12-24T14:33:58.725+0000] {dagbag.py:538} INFO - Filling up the DagBag from /home/airflow/.local/lib/python3.8/site-packages/airflow/example_dags/example_branch_operator.py
[2023-12-24T14:33:58.765+0000] {processor.py:840} INFO - DAG(s) 'example_branch_operator' retrieved from /home/airflow/.local/lib/python3.8/site-packages/airflow/example_dags/example_branch_operator.py
[2023-12-24T14:33:58.961+0000] {logging_mixin.py:188} INFO - [2023-12-24T14:33:58.960+0000] {dag.py:3033} INFO - Sync 1 DAGs
[2023-12-24T14:33:59.000+0000] {logging_mixin.py:188} INFO - [2023-12-24T14:33:59.000+0000] {dag.py:3820} INFO - Setting next_dagrun for example_branch_operator to 2023-12-23T00:00:00+00:00, run_after=2023-12-24T00:00:00+00:00
[2023-12-24T14:33:59.056+0000] {processor.py:183} INFO - Processing /home/airflow/.local/lib/python3.8/site-packages/airflow/example_dags/example_branch_operator.py took 0.343 seconds
[2023-12-24T14:34:30.051+0000] {processor.py:161} INFO - Started process (PID=195) to work on /home/airflow/.local/lib/python3.8/site-packages/airflow/example_dags/example_branch_operator.py
[2023-12-24T14:34:30.053+0000] {processor.py:830} INFO - Processing file /home/airflow/.local/lib/python3.8/site-packages/airflow/example_dags/example_branch_operator.py for tasks to queue
[2023-12-24T14:34:30.057+0000] {logging_mixin.py:188} INFO - [2023-12-24T14:34:30.057+0000] {dagbag.py:538} INFO - Filling up the DagBag from /home/airflow/.local/lib/python3.8/site-packages/airflow/example_dags/example_branch_operator.py
[2023-12-24T14:34:30.101+0000] {processor.py:840} INFO - DAG(s) 'example_branch_operator' retrieved from /home/airflow/.local/lib/python3.8/site-packages/airflow/example_dags/example_branch_operator.py
[2023-12-24T14:34:30.164+0000] {logging_mixin.py:188} INFO - [2023-12-24T14:34:30.164+0000] {dag.py:3033} INFO - Sync 1 DAGs
[2023-12-24T14:34:30.224+0000] {logging_mixin.py:188} INFO - [2023-12-24T14:34:30.223+0000] {dag.py:3820} INFO - Setting next_dagrun for example_branch_operator to 2023-12-23T00:00:00+00:00, run_after=2023-12-24T00:00:00+00:00
[2023-12-24T14:34:30.269+0000] {processor.py:183} INFO - Processing /home/airflow/.local/lib/python3.8/site-packages/airflow/example_dags/example_branch_operator.py took 0.223 seconds
[2023-12-24T14:35:00.649+0000] {processor.py:161} INFO - Started process (PID=253) to work on /home/airflow/.local/lib/python3.8/site-packages/airflow/example_dags/example_branch_operator.py
[2023-12-24T14:35:00.651+0000] {processor.py:830} INFO - Processing file /home/airflow/.local/lib/python3.8/site-packages/airflow/example_dags/example_branch_operator.py for tasks to queue
[2023-12-24T14:35:00.656+0000] {logging_mixin.py:188} INFO - [2023-12-24T14:35:00.655+0000] {dagbag.py:538} INFO - Filling up the DagBag from /home/airflow/.local/lib/python3.8/site-packages/airflow/example_dags/example_branch_operator.py
[2023-12-24T14:35:00.691+0000] {processor.py:840} INFO - DAG(s) 'example_branch_operator' retrieved from /home/airflow/.local/lib/python3.8/site-packages/airflow/example_dags/example_branch_operator.py
[2023-12-24T14:35:00.739+0000] {logging_mixin.py:188} INFO - [2023-12-24T14:35:00.739+0000] {dag.py:3033} INFO - Sync 1 DAGs
[2023-12-24T14:35:00.794+0000] {logging_mixin.py:188} INFO - [2023-12-24T14:35:00.794+0000] {dag.py:3820} INFO - Setting next_dagrun for example_branch_operator to 2023-12-23T00:00:00+00:00, run_after=2023-12-24T00:00:00+00:00
[2023-12-24T14:35:00.838+0000] {processor.py:183} INFO - Processing /home/airflow/.local/lib/python3.8/site-packages/airflow/example_dags/example_branch_operator.py took 0.197 seconds
[2023-12-24T14:35:31.046+0000] {processor.py:161} INFO - Started process (PID=311) to work on /home/airflow/.local/lib/python3.8/site-packages/airflow/example_dags/example_branch_operator.py
[2023-12-24T14:35:31.048+0000] {processor.py:830} INFO - Processing file /home/airflow/.local/lib/python3.8/site-packages/airflow/example_dags/example_branch_operator.py for tasks to queue
[2023-12-24T14:35:31.056+0000] {logging_mixin.py:188} INFO - [2023-12-24T14:35:31.055+0000] {dagbag.py:538} INFO - Filling up the DagBag from /home/airflow/.local/lib/python3.8/site-packages/airflow/example_dags/example_branch_operator.py
[2023-12-24T14:35:31.095+0000] {processor.py:840} INFO - DAG(s) 'example_branch_operator' retrieved from /home/airflow/.local/lib/python3.8/site-packages/airflow/example_dags/example_branch_operator.py
[2023-12-24T14:35:31.155+0000] {logging_mixin.py:188} INFO - [2023-12-24T14:35:31.155+0000] {dag.py:3033} INFO - Sync 1 DAGs
[2023-12-24T14:35:31.236+0000] {logging_mixin.py:188} INFO - [2023-12-24T14:35:31.236+0000] {dag.py:3820} INFO - Setting next_dagrun for example_branch_operator to 2023-12-23T00:00:00+00:00, run_after=2023-12-24T00:00:00+00:00
[2023-12-24T14:35:31.320+0000] {processor.py:183} INFO - Processing /home/airflow/.local/lib/python3.8/site-packages/airflow/example_dags/example_branch_operator.py took 0.282 seconds
[2023-12-24T14:36:02.083+0000] {processor.py:161} INFO - Started process (PID=370) to work on /home/airflow/.local/lib/python3.8/site-packages/airflow/example_dags/example_branch_operator.py
[2023-12-24T14:36:02.085+0000] {processor.py:830} INFO - Processing file /home/airflow/.local/lib/python3.8/site-packages/airflow/example_dags/example_branch_operator.py for tasks to queue
[2023-12-24T14:36:02.090+0000] {logging_mixin.py:188} INFO - [2023-12-24T14:36:02.090+0000] {dagbag.py:538} INFO - Filling up the DagBag from /home/airflow/.local/lib/python3.8/site-packages/airflow/example_dags/example_branch_operator.py
[2023-12-24T14:36:02.127+0000] {processor.py:840} INFO - DAG(s) 'example_branch_operator' retrieved from /home/airflow/.local/lib/python3.8/site-packages/airflow/example_dags/example_branch_operator.py
[2023-12-24T14:36:02.199+0000] {logging_mixin.py:188} INFO - [2023-12-24T14:36:02.198+0000] {dag.py:3033} INFO - Sync 1 DAGs
[2023-12-24T14:36:02.260+0000] {logging_mixin.py:188} INFO - [2023-12-24T14:36:02.260+0000] {dag.py:3820} INFO - Setting next_dagrun for example_branch_operator to 2023-12-23T00:00:00+00:00, run_after=2023-12-24T00:00:00+00:00
[2023-12-24T14:36:02.302+0000] {processor.py:183} INFO - Processing /home/airflow/.local/lib/python3.8/site-packages/airflow/example_dags/example_branch_operator.py took 0.227 seconds
[2023-12-24T14:36:32.711+0000] {processor.py:161} INFO - Started process (PID=428) to work on /home/airflow/.local/lib/python3.8/site-packages/airflow/example_dags/example_branch_operator.py
[2023-12-24T14:36:32.714+0000] {processor.py:830} INFO - Processing file /home/airflow/.local/lib/python3.8/site-packages/airflow/example_dags/example_branch_operator.py for tasks to queue
[2023-12-24T14:36:32.723+0000] {logging_mixin.py:188} INFO - [2023-12-24T14:36:32.722+0000] {dagbag.py:538} INFO - Filling up the DagBag from /home/airflow/.local/lib/python3.8/site-packages/airflow/example_dags/example_branch_operator.py
[2023-12-24T14:36:32.781+0000] {processor.py:840} INFO - DAG(s) 'example_branch_operator' retrieved from /home/airflow/.local/lib/python3.8/site-packages/airflow/example_dags/example_branch_operator.py
[2023-12-24T14:36:32.853+0000] {logging_mixin.py:188} INFO - [2023-12-24T14:36:32.853+0000] {dag.py:3033} INFO - Sync 1 DAGs
[2023-12-24T14:36:32.906+0000] {logging_mixin.py:188} INFO - [2023-12-24T14:36:32.906+0000] {dag.py:3820} INFO - Setting next_dagrun for example_branch_operator to 2023-12-23T00:00:00+00:00, run_after=2023-12-24T00:00:00+00:00
[2023-12-24T14:36:32.959+0000] {processor.py:183} INFO - Processing /home/airflow/.local/lib/python3.8/site-packages/airflow/example_dags/example_branch_operator.py took 0.257 seconds
[2023-12-24T14:37:03.248+0000] {processor.py:161} INFO - Started process (PID=487) to work on /home/airflow/.local/lib/python3.8/site-packages/airflow/example_dags/example_branch_operator.py
[2023-12-24T14:37:03.250+0000] {processor.py:830} INFO - Processing file /home/airflow/.local/lib/python3.8/site-packages/airflow/example_dags/example_branch_operator.py for tasks to queue
[2023-12-24T14:37:03.257+0000] {logging_mixin.py:188} INFO - [2023-12-24T14:37:03.256+0000] {dagbag.py:538} INFO - Filling up the DagBag from /home/airflow/.local/lib/python3.8/site-packages/airflow/example_dags/example_branch_operator.py
[2023-12-24T14:37:03.303+0000] {processor.py:840} INFO - DAG(s) 'example_branch_operator' retrieved from /home/airflow/.local/lib/python3.8/site-packages/airflow/example_dags/example_branch_operator.py
[2023-12-24T14:37:03.346+0000] {logging_mixin.py:188} INFO - [2023-12-24T14:37:03.345+0000] {dag.py:3033} INFO - Sync 1 DAGs
[2023-12-24T14:37:03.388+0000] {logging_mixin.py:188} INFO - [2023-12-24T14:37:03.388+0000] {dag.py:3820} INFO - Setting next_dagrun for example_branch_operator to 2023-12-23T00:00:00+00:00, run_after=2023-12-24T00:00:00+00:00
[2023-12-24T14:37:03.418+0000] {processor.py:183} INFO - Processing /home/airflow/.local/lib/python3.8/site-packages/airflow/example_dags/example_branch_operator.py took 0.180 seconds
[2023-12-24T14:37:33.627+0000] {processor.py:161} INFO - Started process (PID=546) to work on /home/airflow/.local/lib/python3.8/site-packages/airflow/example_dags/example_branch_operator.py
[2023-12-24T14:37:33.629+0000] {processor.py:830} INFO - Processing file /home/airflow/.local/lib/python3.8/site-packages/airflow/example_dags/example_branch_operator.py for tasks to queue
[2023-12-24T14:37:33.635+0000] {logging_mixin.py:188} INFO - [2023-12-24T14:37:33.634+0000] {dagbag.py:538} INFO - Filling up the DagBag from /home/airflow/.local/lib/python3.8/site-packages/airflow/example_dags/example_branch_operator.py
[2023-12-24T14:37:33.697+0000] {processor.py:840} INFO - DAG(s) 'example_branch_operator' retrieved from /home/airflow/.local/lib/python3.8/site-packages/airflow/example_dags/example_branch_operator.py
[2023-12-24T14:37:33.789+0000] {logging_mixin.py:188} INFO - [2023-12-24T14:37:33.789+0000] {dag.py:3033} INFO - Sync 1 DAGs
[2023-12-24T14:37:33.840+0000] {logging_mixin.py:188} INFO - [2023-12-24T14:37:33.840+0000] {dag.py:3820} INFO - Setting next_dagrun for example_branch_operator to 2023-12-23T00:00:00+00:00, run_after=2023-12-24T00:00:00+00:00
[2023-12-24T14:37:33.882+0000] {processor.py:183} INFO - Processing /home/airflow/.local/lib/python3.8/site-packages/airflow/example_dags/example_branch_operator.py took 0.263 seconds
[2023-12-24T14:38:05.296+0000] {processor.py:161} INFO - Started process (PID=604) to work on /home/airflow/.local/lib/python3.8/site-packages/airflow/example_dags/example_branch_operator.py
[2023-12-24T14:38:05.299+0000] {processor.py:830} INFO - Processing file /home/airflow/.local/lib/python3.8/site-packages/airflow/example_dags/example_branch_operator.py for tasks to queue
[2023-12-24T14:38:05.305+0000] {logging_mixin.py:188} INFO - [2023-12-24T14:38:05.304+0000] {dagbag.py:538} INFO - Filling up the DagBag from /home/airflow/.local/lib/python3.8/site-packages/airflow/example_dags/example_branch_operator.py
[2023-12-24T14:38:05.349+0000] {processor.py:840} INFO - DAG(s) 'example_branch_operator' retrieved from /home/airflow/.local/lib/python3.8/site-packages/airflow/example_dags/example_branch_operator.py
[2023-12-24T14:38:05.421+0000] {logging_mixin.py:188} INFO - [2023-12-24T14:38:05.420+0000] {dag.py:3033} INFO - Sync 1 DAGs
[2023-12-24T14:38:05.480+0000] {logging_mixin.py:188} INFO - [2023-12-24T14:38:05.480+0000] {dag.py:3820} INFO - Setting next_dagrun for example_branch_operator to 2023-12-23T00:00:00+00:00, run_after=2023-12-24T00:00:00+00:00
[2023-12-24T14:38:05.522+0000] {processor.py:183} INFO - Processing /home/airflow/.local/lib/python3.8/site-packages/airflow/example_dags/example_branch_operator.py took 0.234 seconds
[2023-12-24T14:38:35.599+0000] {processor.py:161} INFO - Started process (PID=663) to work on /home/airflow/.local/lib/python3.8/site-packages/airflow/example_dags/example_branch_operator.py
[2023-12-24T14:38:35.601+0000] {processor.py:830} INFO - Processing file /home/airflow/.local/lib/python3.8/site-packages/airflow/example_dags/example_branch_operator.py for tasks to queue
[2023-12-24T14:38:35.606+0000] {logging_mixin.py:188} INFO - [2023-12-24T14:38:35.606+0000] {dagbag.py:538} INFO - Filling up the DagBag from /home/airflow/.local/lib/python3.8/site-packages/airflow/example_dags/example_branch_operator.py
[2023-12-24T14:38:35.646+0000] {processor.py:840} INFO - DAG(s) 'example_branch_operator' retrieved from /home/airflow/.local/lib/python3.8/site-packages/airflow/example_dags/example_branch_operator.py
[2023-12-24T14:38:35.711+0000] {logging_mixin.py:188} INFO - [2023-12-24T14:38:35.711+0000] {dag.py:3033} INFO - Sync 1 DAGs
[2023-12-24T14:38:35.763+0000] {logging_mixin.py:188} INFO - [2023-12-24T14:38:35.763+0000] {dag.py:3820} INFO - Setting next_dagrun for example_branch_operator to 2023-12-23T00:00:00+00:00, run_after=2023-12-24T00:00:00+00:00
[2023-12-24T14:38:35.799+0000] {processor.py:183} INFO - Processing /home/airflow/.local/lib/python3.8/site-packages/airflow/example_dags/example_branch_operator.py took 0.207 seconds
[2023-12-24T14:39:05.952+0000] {processor.py:161} INFO - Started process (PID=722) to work on /home/airflow/.local/lib/python3.8/site-packages/airflow/example_dags/example_branch_operator.py
[2023-12-24T14:39:05.954+0000] {processor.py:830} INFO - Processing file /home/airflow/.local/lib/python3.8/site-packages/airflow/example_dags/example_branch_operator.py for tasks to queue
[2023-12-24T14:39:05.960+0000] {logging_mixin.py:188} INFO - [2023-12-24T14:39:05.959+0000] {dagbag.py:538} INFO - Filling up the DagBag from /home/airflow/.local/lib/python3.8/site-packages/airflow/example_dags/example_branch_operator.py
[2023-12-24T14:39:06.007+0000] {processor.py:840} INFO - DAG(s) 'example_branch_operator' retrieved from /home/airflow/.local/lib/python3.8/site-packages/airflow/example_dags/example_branch_operator.py
[2023-12-24T14:39:06.064+0000] {logging_mixin.py:188} INFO - [2023-12-24T14:39:06.064+0000] {dag.py:3033} INFO - Sync 1 DAGs
[2023-12-24T14:39:06.126+0000] {logging_mixin.py:188} INFO - [2023-12-24T14:39:06.126+0000] {dag.py:3820} INFO - Setting next_dagrun for example_branch_operator to 2023-12-23T00:00:00+00:00, run_after=2023-12-24T00:00:00+00:00
[2023-12-24T14:39:06.167+0000] {processor.py:183} INFO - Processing /home/airflow/.local/lib/python3.8/site-packages/airflow/example_dags/example_branch_operator.py took 0.224 seconds
[2023-12-24T14:39:37.213+0000] {processor.py:161} INFO - Started process (PID=781) to work on /home/airflow/.local/lib/python3.8/site-packages/airflow/example_dags/example_branch_operator.py
[2023-12-24T14:39:37.215+0000] {processor.py:830} INFO - Processing file /home/airflow/.local/lib/python3.8/site-packages/airflow/example_dags/example_branch_operator.py for tasks to queue
[2023-12-24T14:39:37.221+0000] {logging_mixin.py:188} INFO - [2023-12-24T14:39:37.221+0000] {dagbag.py:538} INFO - Filling up the DagBag from /home/airflow/.local/lib/python3.8/site-packages/airflow/example_dags/example_branch_operator.py
[2023-12-24T14:39:37.257+0000] {processor.py:840} INFO - DAG(s) 'example_branch_operator' retrieved from /home/airflow/.local/lib/python3.8/site-packages/airflow/example_dags/example_branch_operator.py
[2023-12-24T14:39:37.319+0000] {logging_mixin.py:188} INFO - [2023-12-24T14:39:37.319+0000] {dag.py:3033} INFO - Sync 1 DAGs
[2023-12-24T14:39:37.381+0000] {logging_mixin.py:188} INFO - [2023-12-24T14:39:37.381+0000] {dag.py:3820} INFO - Setting next_dagrun for example_branch_operator to 2023-12-23T00:00:00+00:00, run_after=2023-12-24T00:00:00+00:00
[2023-12-24T14:39:37.423+0000] {processor.py:183} INFO - Processing /home/airflow/.local/lib/python3.8/site-packages/airflow/example_dags/example_branch_operator.py took 0.218 seconds
[2023-12-24T14:40:08.341+0000] {processor.py:161} INFO - Started process (PID=840) to work on /home/airflow/.local/lib/python3.8/site-packages/airflow/example_dags/example_branch_operator.py
[2023-12-24T14:40:08.342+0000] {processor.py:830} INFO - Processing file /home/airflow/.local/lib/python3.8/site-packages/airflow/example_dags/example_branch_operator.py for tasks to queue
[2023-12-24T14:40:08.347+0000] {logging_mixin.py:188} INFO - [2023-12-24T14:40:08.346+0000] {dagbag.py:538} INFO - Filling up the DagBag from /home/airflow/.local/lib/python3.8/site-packages/airflow/example_dags/example_branch_operator.py
[2023-12-24T14:40:08.390+0000] {processor.py:840} INFO - DAG(s) 'example_branch_operator' retrieved from /home/airflow/.local/lib/python3.8/site-packages/airflow/example_dags/example_branch_operator.py
[2023-12-24T14:40:08.461+0000] {logging_mixin.py:188} INFO - [2023-12-24T14:40:08.460+0000] {dag.py:3033} INFO - Sync 1 DAGs
[2023-12-24T14:40:08.550+0000] {logging_mixin.py:188} INFO - [2023-12-24T14:40:08.550+0000] {dag.py:3820} INFO - Setting next_dagrun for example_branch_operator to 2023-12-23T00:00:00+00:00, run_after=2023-12-24T00:00:00+00:00
[2023-12-24T14:40:08.591+0000] {processor.py:183} INFO - Processing /home/airflow/.local/lib/python3.8/site-packages/airflow/example_dags/example_branch_operator.py took 0.258 seconds
[2023-12-24T14:40:38.822+0000] {processor.py:161} INFO - Started process (PID=900) to work on /home/airflow/.local/lib/python3.8/site-packages/airflow/example_dags/example_branch_operator.py
[2023-12-24T14:40:38.824+0000] {processor.py:830} INFO - Processing file /home/airflow/.local/lib/python3.8/site-packages/airflow/example_dags/example_branch_operator.py for tasks to queue
[2023-12-24T14:40:38.830+0000] {logging_mixin.py:188} INFO - [2023-12-24T14:40:38.829+0000] {dagbag.py:538} INFO - Filling up the DagBag from /home/airflow/.local/lib/python3.8/site-packages/airflow/example_dags/example_branch_operator.py
[2023-12-24T14:40:38.876+0000] {processor.py:840} INFO - DAG(s) 'example_branch_operator' retrieved from /home/airflow/.local/lib/python3.8/site-packages/airflow/example_dags/example_branch_operator.py
[2023-12-24T14:40:38.946+0000] {logging_mixin.py:188} INFO - [2023-12-24T14:40:38.946+0000] {dag.py:3033} INFO - Sync 1 DAGs
[2023-12-24T14:40:38.993+0000] {logging_mixin.py:188} INFO - [2023-12-24T14:40:38.993+0000] {dag.py:3820} INFO - Setting next_dagrun for example_branch_operator to 2023-12-23T00:00:00+00:00, run_after=2023-12-24T00:00:00+00:00
[2023-12-24T14:40:39.034+0000] {processor.py:183} INFO - Processing /home/airflow/.local/lib/python3.8/site-packages/airflow/example_dags/example_branch_operator.py took 0.220 seconds
[2023-12-24T14:41:09.169+0000] {processor.py:161} INFO - Started process (PID=959) to work on /home/airflow/.local/lib/python3.8/site-packages/airflow/example_dags/example_branch_operator.py
[2023-12-24T14:41:09.170+0000] {processor.py:830} INFO - Processing file /home/airflow/.local/lib/python3.8/site-packages/airflow/example_dags/example_branch_operator.py for tasks to queue
[2023-12-24T14:41:09.175+0000] {logging_mixin.py:188} INFO - [2023-12-24T14:41:09.175+0000] {dagbag.py:538} INFO - Filling up the DagBag from /home/airflow/.local/lib/python3.8/site-packages/airflow/example_dags/example_branch_operator.py
[2023-12-24T14:41:09.215+0000] {processor.py:840} INFO - DAG(s) 'example_branch_operator' retrieved from /home/airflow/.local/lib/python3.8/site-packages/airflow/example_dags/example_branch_operator.py
[2023-12-24T14:41:09.269+0000] {logging_mixin.py:188} INFO - [2023-12-24T14:41:09.268+0000] {dag.py:3033} INFO - Sync 1 DAGs
[2023-12-24T14:41:09.321+0000] {logging_mixin.py:188} INFO - [2023-12-24T14:41:09.321+0000] {dag.py:3820} INFO - Setting next_dagrun for example_branch_operator to 2023-12-23T00:00:00+00:00, run_after=2023-12-24T00:00:00+00:00
[2023-12-24T14:41:09.359+0000] {processor.py:183} INFO - Processing /home/airflow/.local/lib/python3.8/site-packages/airflow/example_dags/example_branch_operator.py took 0.199 seconds
[2023-12-24T14:41:40.174+0000] {processor.py:161} INFO - Started process (PID=1018) to work on /home/airflow/.local/lib/python3.8/site-packages/airflow/example_dags/example_branch_operator.py
[2023-12-24T14:41:40.176+0000] {processor.py:830} INFO - Processing file /home/airflow/.local/lib/python3.8/site-packages/airflow/example_dags/example_branch_operator.py for tasks to queue
[2023-12-24T14:41:40.181+0000] {logging_mixin.py:188} INFO - [2023-12-24T14:41:40.180+0000] {dagbag.py:538} INFO - Filling up the DagBag from /home/airflow/.local/lib/python3.8/site-packages/airflow/example_dags/example_branch_operator.py
[2023-12-24T14:41:40.212+0000] {processor.py:840} INFO - DAG(s) 'example_branch_operator' retrieved from /home/airflow/.local/lib/python3.8/site-packages/airflow/example_dags/example_branch_operator.py
[2023-12-24T14:41:40.256+0000] {logging_mixin.py:188} INFO - [2023-12-24T14:41:40.255+0000] {dag.py:3033} INFO - Sync 1 DAGs
[2023-12-24T14:41:40.296+0000] {logging_mixin.py:188} INFO - [2023-12-24T14:41:40.296+0000] {dag.py:3820} INFO - Setting next_dagrun for example_branch_operator to 2023-12-23T00:00:00+00:00, run_after=2023-12-24T00:00:00+00:00
[2023-12-24T14:41:40.331+0000] {processor.py:183} INFO - Processing /home/airflow/.local/lib/python3.8/site-packages/airflow/example_dags/example_branch_operator.py took 0.163 seconds
[2023-12-24T14:42:10.981+0000] {processor.py:161} INFO - Started process (PID=1077) to work on /home/airflow/.local/lib/python3.8/site-packages/airflow/example_dags/example_branch_operator.py
[2023-12-24T14:42:10.983+0000] {processor.py:830} INFO - Processing file /home/airflow/.local/lib/python3.8/site-packages/airflow/example_dags/example_branch_operator.py for tasks to queue
[2023-12-24T14:42:10.989+0000] {logging_mixin.py:188} INFO - [2023-12-24T14:42:10.989+0000] {dagbag.py:538} INFO - Filling up the DagBag from /home/airflow/.local/lib/python3.8/site-packages/airflow/example_dags/example_branch_operator.py
[2023-12-24T14:42:11.038+0000] {processor.py:840} INFO - DAG(s) 'example_branch_operator' retrieved from /home/airflow/.local/lib/python3.8/site-packages/airflow/example_dags/example_branch_operator.py
[2023-12-24T14:42:11.091+0000] {logging_mixin.py:188} INFO - [2023-12-24T14:42:11.091+0000] {dag.py:3033} INFO - Sync 1 DAGs
[2023-12-24T14:42:11.136+0000] {logging_mixin.py:188} INFO - [2023-12-24T14:42:11.136+0000] {dag.py:3820} INFO - Setting next_dagrun for example_branch_operator to 2023-12-23T00:00:00+00:00, run_after=2023-12-24T00:00:00+00:00
[2023-12-24T14:42:11.176+0000] {processor.py:183} INFO - Processing /home/airflow/.local/lib/python3.8/site-packages/airflow/example_dags/example_branch_operator.py took 0.203 seconds
[2023-12-24T14:42:41.329+0000] {processor.py:161} INFO - Started process (PID=1136) to work on /home/airflow/.local/lib/python3.8/site-packages/airflow/example_dags/example_branch_operator.py
[2023-12-24T14:42:41.331+0000] {processor.py:830} INFO - Processing file /home/airflow/.local/lib/python3.8/site-packages/airflow/example_dags/example_branch_operator.py for tasks to queue
[2023-12-24T14:42:41.337+0000] {logging_mixin.py:188} INFO - [2023-12-24T14:42:41.336+0000] {dagbag.py:538} INFO - Filling up the DagBag from /home/airflow/.local/lib/python3.8/site-packages/airflow/example_dags/example_branch_operator.py
[2023-12-24T14:42:41.386+0000] {processor.py:840} INFO - DAG(s) 'example_branch_operator' retrieved from /home/airflow/.local/lib/python3.8/site-packages/airflow/example_dags/example_branch_operator.py
[2023-12-24T14:42:41.441+0000] {logging_mixin.py:188} INFO - [2023-12-24T14:42:41.441+0000] {dag.py:3033} INFO - Sync 1 DAGs
[2023-12-24T14:42:41.499+0000] {logging_mixin.py:188} INFO - [2023-12-24T14:42:41.499+0000] {dag.py:3820} INFO - Setting next_dagrun for example_branch_operator to 2023-12-23T00:00:00+00:00, run_after=2023-12-24T00:00:00+00:00
[2023-12-24T14:42:41.536+0000] {processor.py:183} INFO - Processing /home/airflow/.local/lib/python3.8/site-packages/airflow/example_dags/example_branch_operator.py took 0.216 seconds
[2023-12-24T14:43:11.908+0000] {processor.py:161} INFO - Started process (PID=1195) to work on /home/airflow/.local/lib/python3.8/site-packages/airflow/example_dags/example_branch_operator.py
[2023-12-24T14:43:11.910+0000] {processor.py:830} INFO - Processing file /home/airflow/.local/lib/python3.8/site-packages/airflow/example_dags/example_branch_operator.py for tasks to queue
[2023-12-24T14:43:11.916+0000] {logging_mixin.py:188} INFO - [2023-12-24T14:43:11.915+0000] {dagbag.py:538} INFO - Filling up the DagBag from /home/airflow/.local/lib/python3.8/site-packages/airflow/example_dags/example_branch_operator.py
[2023-12-24T14:43:11.960+0000] {processor.py:840} INFO - DAG(s) 'example_branch_operator' retrieved from /home/airflow/.local/lib/python3.8/site-packages/airflow/example_dags/example_branch_operator.py
[2023-12-24T14:43:12.027+0000] {logging_mixin.py:188} INFO - [2023-12-24T14:43:12.027+0000] {dag.py:3033} INFO - Sync 1 DAGs
[2023-12-24T14:43:12.091+0000] {logging_mixin.py:188} INFO - [2023-12-24T14:43:12.090+0000] {dag.py:3820} INFO - Setting next_dagrun for example_branch_operator to 2023-12-23T00:00:00+00:00, run_after=2023-12-24T00:00:00+00:00
[2023-12-24T14:43:12.133+0000] {processor.py:183} INFO - Processing /home/airflow/.local/lib/python3.8/site-packages/airflow/example_dags/example_branch_operator.py took 0.234 seconds
[2023-12-24T14:43:42.446+0000] {processor.py:161} INFO - Started process (PID=1254) to work on /home/airflow/.local/lib/python3.8/site-packages/airflow/example_dags/example_branch_operator.py
[2023-12-24T14:43:42.454+0000] {processor.py:830} INFO - Processing file /home/airflow/.local/lib/python3.8/site-packages/airflow/example_dags/example_branch_operator.py for tasks to queue
[2023-12-24T14:43:42.460+0000] {logging_mixin.py:188} INFO - [2023-12-24T14:43:42.460+0000] {dagbag.py:538} INFO - Filling up the DagBag from /home/airflow/.local/lib/python3.8/site-packages/airflow/example_dags/example_branch_operator.py
[2023-12-24T14:43:42.512+0000] {processor.py:840} INFO - DAG(s) 'example_branch_operator' retrieved from /home/airflow/.local/lib/python3.8/site-packages/airflow/example_dags/example_branch_operator.py
[2023-12-24T14:43:42.731+0000] {logging_mixin.py:188} INFO - [2023-12-24T14:43:42.730+0000] {dag.py:3033} INFO - Sync 1 DAGs
[2023-12-24T14:43:42.799+0000] {logging_mixin.py:188} INFO - [2023-12-24T14:43:42.798+0000] {dag.py:3820} INFO - Setting next_dagrun for example_branch_operator to 2023-12-23T00:00:00+00:00, run_after=2023-12-24T00:00:00+00:00
[2023-12-24T14:43:42.971+0000] {processor.py:183} INFO - Processing /home/airflow/.local/lib/python3.8/site-packages/airflow/example_dags/example_branch_operator.py took 0.534 seconds
[2023-12-24T14:44:13.139+0000] {processor.py:161} INFO - Started process (PID=1313) to work on /home/airflow/.local/lib/python3.8/site-packages/airflow/example_dags/example_branch_operator.py
[2023-12-24T14:44:13.141+0000] {processor.py:830} INFO - Processing file /home/airflow/.local/lib/python3.8/site-packages/airflow/example_dags/example_branch_operator.py for tasks to queue
[2023-12-24T14:44:13.147+0000] {logging_mixin.py:188} INFO - [2023-12-24T14:44:13.146+0000] {dagbag.py:538} INFO - Filling up the DagBag from /home/airflow/.local/lib/python3.8/site-packages/airflow/example_dags/example_branch_operator.py
[2023-12-24T14:44:13.181+0000] {processor.py:840} INFO - DAG(s) 'example_branch_operator' retrieved from /home/airflow/.local/lib/python3.8/site-packages/airflow/example_dags/example_branch_operator.py
[2023-12-24T14:44:13.228+0000] {logging_mixin.py:188} INFO - [2023-12-24T14:44:13.227+0000] {dag.py:3033} INFO - Sync 1 DAGs
[2023-12-24T14:44:13.270+0000] {logging_mixin.py:188} INFO - [2023-12-24T14:44:13.269+0000] {dag.py:3820} INFO - Setting next_dagrun for example_branch_operator to 2023-12-23T00:00:00+00:00, run_after=2023-12-24T00:00:00+00:00
[2023-12-24T14:44:13.303+0000] {processor.py:183} INFO - Processing /home/airflow/.local/lib/python3.8/site-packages/airflow/example_dags/example_branch_operator.py took 0.172 seconds
[2023-12-24T14:44:43.650+0000] {processor.py:161} INFO - Started process (PID=1372) to work on /home/airflow/.local/lib/python3.8/site-packages/airflow/example_dags/example_branch_operator.py
[2023-12-24T14:44:43.652+0000] {processor.py:830} INFO - Processing file /home/airflow/.local/lib/python3.8/site-packages/airflow/example_dags/example_branch_operator.py for tasks to queue
[2023-12-24T14:44:43.657+0000] {logging_mixin.py:188} INFO - [2023-12-24T14:44:43.656+0000] {dagbag.py:538} INFO - Filling up the DagBag from /home/airflow/.local/lib/python3.8/site-packages/airflow/example_dags/example_branch_operator.py
[2023-12-24T14:44:43.699+0000] {processor.py:840} INFO - DAG(s) 'example_branch_operator' retrieved from /home/airflow/.local/lib/python3.8/site-packages/airflow/example_dags/example_branch_operator.py
[2023-12-24T14:44:43.754+0000] {logging_mixin.py:188} INFO - [2023-12-24T14:44:43.754+0000] {dag.py:3033} INFO - Sync 1 DAGs
[2023-12-24T14:44:43.808+0000] {logging_mixin.py:188} INFO - [2023-12-24T14:44:43.807+0000] {dag.py:3820} INFO - Setting next_dagrun for example_branch_operator to 2023-12-23T00:00:00+00:00, run_after=2023-12-24T00:00:00+00:00
[2023-12-24T14:44:43.845+0000] {processor.py:183} INFO - Processing /home/airflow/.local/lib/python3.8/site-packages/airflow/example_dags/example_branch_operator.py took 0.204 seconds
[2023-12-24T14:45:14.128+0000] {processor.py:161} INFO - Started process (PID=1431) to work on /home/airflow/.local/lib/python3.8/site-packages/airflow/example_dags/example_branch_operator.py
[2023-12-24T14:45:14.130+0000] {processor.py:830} INFO - Processing file /home/airflow/.local/lib/python3.8/site-packages/airflow/example_dags/example_branch_operator.py for tasks to queue
[2023-12-24T14:45:14.137+0000] {logging_mixin.py:188} INFO - [2023-12-24T14:45:14.136+0000] {dagbag.py:538} INFO - Filling up the DagBag from /home/airflow/.local/lib/python3.8/site-packages/airflow/example_dags/example_branch_operator.py
[2023-12-24T14:45:14.175+0000] {processor.py:840} INFO - DAG(s) 'example_branch_operator' retrieved from /home/airflow/.local/lib/python3.8/site-packages/airflow/example_dags/example_branch_operator.py
[2023-12-24T14:45:14.243+0000] {logging_mixin.py:188} INFO - [2023-12-24T14:45:14.243+0000] {dag.py:3033} INFO - Sync 1 DAGs
[2023-12-24T14:45:14.294+0000] {logging_mixin.py:188} INFO - [2023-12-24T14:45:14.294+0000] {dag.py:3820} INFO - Setting next_dagrun for example_branch_operator to 2023-12-23T00:00:00+00:00, run_after=2023-12-24T00:00:00+00:00
[2023-12-24T14:45:14.533+0000] {processor.py:183} INFO - Processing /home/airflow/.local/lib/python3.8/site-packages/airflow/example_dags/example_branch_operator.py took 0.414 seconds
