[2023-12-24T14:03:47.110+0000] {processor.py:161} INFO - Started process (PID=105) to work on /home/airflow/.local/lib/python3.8/site-packages/airflow/example_dags/tutorial.py
[2023-12-24T14:03:47.111+0000] {processor.py:830} INFO - Processing file /home/airflow/.local/lib/python3.8/site-packages/airflow/example_dags/tutorial.py for tasks to queue
[2023-12-24T14:03:47.114+0000] {logging_mixin.py:188} INFO - [2023-12-24T14:03:47.114+0000] {dagbag.py:538} INFO - Filling up the DagBag from /home/airflow/.local/lib/python3.8/site-packages/airflow/example_dags/tutorial.py
[2023-12-24T14:03:47.122+0000] {processor.py:840} INFO - DAG(s) 'tutorial' retrieved from /home/airflow/.local/lib/python3.8/site-packages/airflow/example_dags/tutorial.py
[2023-12-24T14:03:47.261+0000] {logging_mixin.py:188} INFO - [2023-12-24T14:03:47.261+0000] {dag.py:3033} INFO - Sync 1 DAGs
[2023-12-24T14:03:47.292+0000] {logging_mixin.py:188} INFO - [2023-12-24T14:03:47.291+0000] {dag.py:3820} INFO - Setting next_dagrun for tutorial to 2023-12-23T00:00:00+00:00, run_after=2023-12-24T00:00:00+00:00
[2023-12-24T14:03:47.316+0000] {processor.py:183} INFO - Processing /home/airflow/.local/lib/python3.8/site-packages/airflow/example_dags/tutorial.py took 0.211 seconds
[2023-12-24T14:05:51.603+0000] {processor.py:161} INFO - Started process (PID=62) to work on /home/airflow/.local/lib/python3.8/site-packages/airflow/example_dags/tutorial.py
[2023-12-24T14:05:51.605+0000] {processor.py:830} INFO - Processing file /home/airflow/.local/lib/python3.8/site-packages/airflow/example_dags/tutorial.py for tasks to queue
[2023-12-24T14:05:51.610+0000] {logging_mixin.py:188} INFO - [2023-12-24T14:05:51.609+0000] {dagbag.py:538} INFO - Filling up the DagBag from /home/airflow/.local/lib/python3.8/site-packages/airflow/example_dags/tutorial.py
[2023-12-24T14:05:51.625+0000] {processor.py:840} INFO - DAG(s) 'tutorial' retrieved from /home/airflow/.local/lib/python3.8/site-packages/airflow/example_dags/tutorial.py
[2023-12-24T14:05:51.896+0000] {logging_mixin.py:188} INFO - [2023-12-24T14:05:51.896+0000] {dag.py:3033} INFO - Sync 1 DAGs
[2023-12-24T14:05:51.965+0000] {logging_mixin.py:188} INFO - [2023-12-24T14:05:51.965+0000] {dag.py:3820} INFO - Setting next_dagrun for tutorial to 2023-12-23T00:00:00+00:00, run_after=2023-12-24T00:00:00+00:00
[2023-12-24T14:05:52.024+0000] {processor.py:183} INFO - Processing /home/airflow/.local/lib/python3.8/site-packages/airflow/example_dags/tutorial.py took 0.427 seconds
[2023-12-24T14:06:36.457+0000] {processor.py:161} INFO - Started process (PID=55) to work on /home/airflow/.local/lib/python3.8/site-packages/airflow/example_dags/tutorial.py
[2023-12-24T14:06:36.459+0000] {processor.py:830} INFO - Processing file /home/airflow/.local/lib/python3.8/site-packages/airflow/example_dags/tutorial.py for tasks to queue
[2023-12-24T14:06:36.463+0000] {logging_mixin.py:188} INFO - [2023-12-24T14:06:36.463+0000] {dagbag.py:538} INFO - Filling up the DagBag from /home/airflow/.local/lib/python3.8/site-packages/airflow/example_dags/tutorial.py
[2023-12-24T14:06:36.475+0000] {processor.py:840} INFO - DAG(s) 'tutorial' retrieved from /home/airflow/.local/lib/python3.8/site-packages/airflow/example_dags/tutorial.py
[2023-12-24T14:06:36.516+0000] {logging_mixin.py:188} INFO - [2023-12-24T14:06:36.515+0000] {dag.py:3033} INFO - Sync 1 DAGs
[2023-12-24T14:06:36.562+0000] {logging_mixin.py:188} INFO - [2023-12-24T14:06:36.562+0000] {dag.py:3820} INFO - Setting next_dagrun for tutorial to 2023-12-23T00:00:00+00:00, run_after=2023-12-24T00:00:00+00:00
[2023-12-24T14:06:36.602+0000] {processor.py:183} INFO - Processing /home/airflow/.local/lib/python3.8/site-packages/airflow/example_dags/tutorial.py took 0.151 seconds
[2023-12-24T14:07:07.450+0000] {processor.py:161} INFO - Started process (PID=114) to work on /home/airflow/.local/lib/python3.8/site-packages/airflow/example_dags/tutorial.py
[2023-12-24T14:07:07.452+0000] {processor.py:830} INFO - Processing file /home/airflow/.local/lib/python3.8/site-packages/airflow/example_dags/tutorial.py for tasks to queue
[2023-12-24T14:07:07.458+0000] {logging_mixin.py:188} INFO - [2023-12-24T14:07:07.458+0000] {dagbag.py:538} INFO - Filling up the DagBag from /home/airflow/.local/lib/python3.8/site-packages/airflow/example_dags/tutorial.py
[2023-12-24T14:07:07.474+0000] {processor.py:840} INFO - DAG(s) 'tutorial' retrieved from /home/airflow/.local/lib/python3.8/site-packages/airflow/example_dags/tutorial.py
[2023-12-24T14:07:07.524+0000] {logging_mixin.py:188} INFO - [2023-12-24T14:07:07.523+0000] {dag.py:3033} INFO - Sync 1 DAGs
[2023-12-24T14:07:07.579+0000] {logging_mixin.py:188} INFO - [2023-12-24T14:07:07.579+0000] {dag.py:3820} INFO - Setting next_dagrun for tutorial to 2023-12-23T00:00:00+00:00, run_after=2023-12-24T00:00:00+00:00
[2023-12-24T14:07:07.626+0000] {processor.py:183} INFO - Processing /home/airflow/.local/lib/python3.8/site-packages/airflow/example_dags/tutorial.py took 0.182 seconds
[2023-12-24T14:07:39.280+0000] {processor.py:161} INFO - Started process (PID=173) to work on /home/airflow/.local/lib/python3.8/site-packages/airflow/example_dags/tutorial.py
[2023-12-24T14:07:39.281+0000] {processor.py:830} INFO - Processing file /home/airflow/.local/lib/python3.8/site-packages/airflow/example_dags/tutorial.py for tasks to queue
[2023-12-24T14:07:39.286+0000] {logging_mixin.py:188} INFO - [2023-12-24T14:07:39.285+0000] {dagbag.py:538} INFO - Filling up the DagBag from /home/airflow/.local/lib/python3.8/site-packages/airflow/example_dags/tutorial.py
[2023-12-24T14:07:39.300+0000] {processor.py:840} INFO - DAG(s) 'tutorial' retrieved from /home/airflow/.local/lib/python3.8/site-packages/airflow/example_dags/tutorial.py
[2023-12-24T14:07:39.345+0000] {logging_mixin.py:188} INFO - [2023-12-24T14:07:39.344+0000] {dag.py:3033} INFO - Sync 1 DAGs
[2023-12-24T14:07:39.401+0000] {logging_mixin.py:188} INFO - [2023-12-24T14:07:39.401+0000] {dag.py:3820} INFO - Setting next_dagrun for tutorial to 2023-12-23T00:00:00+00:00, run_after=2023-12-24T00:00:00+00:00
[2023-12-24T14:07:39.437+0000] {processor.py:183} INFO - Processing /home/airflow/.local/lib/python3.8/site-packages/airflow/example_dags/tutorial.py took 0.164 seconds
[2023-12-24T14:08:10.807+0000] {processor.py:161} INFO - Started process (PID=232) to work on /home/airflow/.local/lib/python3.8/site-packages/airflow/example_dags/tutorial.py
[2023-12-24T14:08:10.810+0000] {processor.py:830} INFO - Processing file /home/airflow/.local/lib/python3.8/site-packages/airflow/example_dags/tutorial.py for tasks to queue
[2023-12-24T14:08:10.827+0000] {logging_mixin.py:188} INFO - [2023-12-24T14:08:10.826+0000] {dagbag.py:538} INFO - Filling up the DagBag from /home/airflow/.local/lib/python3.8/site-packages/airflow/example_dags/tutorial.py
[2023-12-24T14:08:10.842+0000] {processor.py:840} INFO - DAG(s) 'tutorial' retrieved from /home/airflow/.local/lib/python3.8/site-packages/airflow/example_dags/tutorial.py
[2023-12-24T14:08:10.957+0000] {logging_mixin.py:188} INFO - [2023-12-24T14:08:10.956+0000] {dag.py:3033} INFO - Sync 1 DAGs
[2023-12-24T14:08:11.041+0000] {logging_mixin.py:188} INFO - [2023-12-24T14:08:11.041+0000] {dag.py:3820} INFO - Setting next_dagrun for tutorial to 2023-12-23T00:00:00+00:00, run_after=2023-12-24T00:00:00+00:00
[2023-12-24T14:08:11.145+0000] {processor.py:183} INFO - Processing /home/airflow/.local/lib/python3.8/site-packages/airflow/example_dags/tutorial.py took 0.347 seconds
[2023-12-24T14:08:41.797+0000] {processor.py:161} INFO - Started process (PID=291) to work on /home/airflow/.local/lib/python3.8/site-packages/airflow/example_dags/tutorial.py
[2023-12-24T14:08:41.800+0000] {processor.py:830} INFO - Processing file /home/airflow/.local/lib/python3.8/site-packages/airflow/example_dags/tutorial.py for tasks to queue
[2023-12-24T14:08:41.814+0000] {logging_mixin.py:188} INFO - [2023-12-24T14:08:41.814+0000] {dagbag.py:538} INFO - Filling up the DagBag from /home/airflow/.local/lib/python3.8/site-packages/airflow/example_dags/tutorial.py
[2023-12-24T14:08:41.849+0000] {processor.py:840} INFO - DAG(s) 'tutorial' retrieved from /home/airflow/.local/lib/python3.8/site-packages/airflow/example_dags/tutorial.py
[2023-12-24T14:08:41.916+0000] {logging_mixin.py:188} INFO - [2023-12-24T14:08:41.916+0000] {dag.py:3033} INFO - Sync 1 DAGs
[2023-12-24T14:08:41.991+0000] {logging_mixin.py:188} INFO - [2023-12-24T14:08:41.990+0000] {dag.py:3820} INFO - Setting next_dagrun for tutorial to 2023-12-23T00:00:00+00:00, run_after=2023-12-24T00:00:00+00:00
[2023-12-24T14:08:42.045+0000] {processor.py:183} INFO - Processing /home/airflow/.local/lib/python3.8/site-packages/airflow/example_dags/tutorial.py took 0.256 seconds
[2023-12-24T14:09:12.440+0000] {processor.py:161} INFO - Started process (PID=351) to work on /home/airflow/.local/lib/python3.8/site-packages/airflow/example_dags/tutorial.py
[2023-12-24T14:09:12.442+0000] {processor.py:830} INFO - Processing file /home/airflow/.local/lib/python3.8/site-packages/airflow/example_dags/tutorial.py for tasks to queue
[2023-12-24T14:09:12.447+0000] {logging_mixin.py:188} INFO - [2023-12-24T14:09:12.446+0000] {dagbag.py:538} INFO - Filling up the DagBag from /home/airflow/.local/lib/python3.8/site-packages/airflow/example_dags/tutorial.py
[2023-12-24T14:09:12.459+0000] {processor.py:840} INFO - DAG(s) 'tutorial' retrieved from /home/airflow/.local/lib/python3.8/site-packages/airflow/example_dags/tutorial.py
[2023-12-24T14:09:12.499+0000] {logging_mixin.py:188} INFO - [2023-12-24T14:09:12.499+0000] {dag.py:3033} INFO - Sync 1 DAGs
[2023-12-24T14:09:12.553+0000] {logging_mixin.py:188} INFO - [2023-12-24T14:09:12.552+0000] {dag.py:3820} INFO - Setting next_dagrun for tutorial to 2023-12-23T00:00:00+00:00, run_after=2023-12-24T00:00:00+00:00
[2023-12-24T14:09:12.589+0000] {processor.py:183} INFO - Processing /home/airflow/.local/lib/python3.8/site-packages/airflow/example_dags/tutorial.py took 0.156 seconds
[2023-12-24T14:09:43.812+0000] {processor.py:161} INFO - Started process (PID=410) to work on /home/airflow/.local/lib/python3.8/site-packages/airflow/example_dags/tutorial.py
[2023-12-24T14:09:43.815+0000] {processor.py:830} INFO - Processing file /home/airflow/.local/lib/python3.8/site-packages/airflow/example_dags/tutorial.py for tasks to queue
[2023-12-24T14:09:43.823+0000] {logging_mixin.py:188} INFO - [2023-12-24T14:09:43.822+0000] {dagbag.py:538} INFO - Filling up the DagBag from /home/airflow/.local/lib/python3.8/site-packages/airflow/example_dags/tutorial.py
[2023-12-24T14:09:43.839+0000] {processor.py:840} INFO - DAG(s) 'tutorial' retrieved from /home/airflow/.local/lib/python3.8/site-packages/airflow/example_dags/tutorial.py
[2023-12-24T14:09:43.937+0000] {logging_mixin.py:188} INFO - [2023-12-24T14:09:43.936+0000] {dag.py:3033} INFO - Sync 1 DAGs
[2023-12-24T14:09:44.010+0000] {logging_mixin.py:188} INFO - [2023-12-24T14:09:44.010+0000] {dag.py:3820} INFO - Setting next_dagrun for tutorial to 2023-12-23T00:00:00+00:00, run_after=2023-12-24T00:00:00+00:00
[2023-12-24T14:09:44.072+0000] {processor.py:183} INFO - Processing /home/airflow/.local/lib/python3.8/site-packages/airflow/example_dags/tutorial.py took 0.267 seconds
[2023-12-24T14:10:15.421+0000] {processor.py:161} INFO - Started process (PID=469) to work on /home/airflow/.local/lib/python3.8/site-packages/airflow/example_dags/tutorial.py
[2023-12-24T14:10:15.424+0000] {processor.py:830} INFO - Processing file /home/airflow/.local/lib/python3.8/site-packages/airflow/example_dags/tutorial.py for tasks to queue
[2023-12-24T14:10:15.430+0000] {logging_mixin.py:188} INFO - [2023-12-24T14:10:15.429+0000] {dagbag.py:538} INFO - Filling up the DagBag from /home/airflow/.local/lib/python3.8/site-packages/airflow/example_dags/tutorial.py
[2023-12-24T14:10:15.466+0000] {processor.py:840} INFO - DAG(s) 'tutorial' retrieved from /home/airflow/.local/lib/python3.8/site-packages/airflow/example_dags/tutorial.py
[2023-12-24T14:10:15.561+0000] {logging_mixin.py:188} INFO - [2023-12-24T14:10:15.561+0000] {dag.py:3033} INFO - Sync 1 DAGs
[2023-12-24T14:10:15.671+0000] {logging_mixin.py:188} INFO - [2023-12-24T14:10:15.670+0000] {dag.py:3820} INFO - Setting next_dagrun for tutorial to 2023-12-23T00:00:00+00:00, run_after=2023-12-24T00:00:00+00:00
[2023-12-24T14:10:15.782+0000] {processor.py:183} INFO - Processing /home/airflow/.local/lib/python3.8/site-packages/airflow/example_dags/tutorial.py took 0.374 seconds
[2023-12-24T14:10:45.962+0000] {processor.py:161} INFO - Started process (PID=533) to work on /home/airflow/.local/lib/python3.8/site-packages/airflow/example_dags/tutorial.py
[2023-12-24T14:10:45.963+0000] {processor.py:830} INFO - Processing file /home/airflow/.local/lib/python3.8/site-packages/airflow/example_dags/tutorial.py for tasks to queue
[2023-12-24T14:10:45.968+0000] {logging_mixin.py:188} INFO - [2023-12-24T14:10:45.967+0000] {dagbag.py:538} INFO - Filling up the DagBag from /home/airflow/.local/lib/python3.8/site-packages/airflow/example_dags/tutorial.py
[2023-12-24T14:10:45.980+0000] {processor.py:840} INFO - DAG(s) 'tutorial' retrieved from /home/airflow/.local/lib/python3.8/site-packages/airflow/example_dags/tutorial.py
[2023-12-24T14:10:46.020+0000] {logging_mixin.py:188} INFO - [2023-12-24T14:10:46.019+0000] {dag.py:3033} INFO - Sync 1 DAGs
[2023-12-24T14:10:46.071+0000] {logging_mixin.py:188} INFO - [2023-12-24T14:10:46.071+0000] {dag.py:3820} INFO - Setting next_dagrun for tutorial to 2023-12-23T00:00:00+00:00, run_after=2023-12-24T00:00:00+00:00
[2023-12-24T14:10:46.104+0000] {processor.py:183} INFO - Processing /home/airflow/.local/lib/python3.8/site-packages/airflow/example_dags/tutorial.py took 0.149 seconds
[2023-12-24T14:11:17.344+0000] {processor.py:161} INFO - Started process (PID=593) to work on /home/airflow/.local/lib/python3.8/site-packages/airflow/example_dags/tutorial.py
[2023-12-24T14:11:17.347+0000] {processor.py:830} INFO - Processing file /home/airflow/.local/lib/python3.8/site-packages/airflow/example_dags/tutorial.py for tasks to queue
[2023-12-24T14:11:17.355+0000] {logging_mixin.py:188} INFO - [2023-12-24T14:11:17.354+0000] {dagbag.py:538} INFO - Filling up the DagBag from /home/airflow/.local/lib/python3.8/site-packages/airflow/example_dags/tutorial.py
[2023-12-24T14:11:17.371+0000] {processor.py:840} INFO - DAG(s) 'tutorial' retrieved from /home/airflow/.local/lib/python3.8/site-packages/airflow/example_dags/tutorial.py
[2023-12-24T14:11:17.469+0000] {logging_mixin.py:188} INFO - [2023-12-24T14:11:17.469+0000] {dag.py:3033} INFO - Sync 1 DAGs
[2023-12-24T14:11:17.549+0000] {logging_mixin.py:188} INFO - [2023-12-24T14:11:17.548+0000] {dag.py:3820} INFO - Setting next_dagrun for tutorial to 2023-12-23T00:00:00+00:00, run_after=2023-12-24T00:00:00+00:00
[2023-12-24T14:11:17.648+0000] {processor.py:183} INFO - Processing /home/airflow/.local/lib/python3.8/site-packages/airflow/example_dags/tutorial.py took 0.314 seconds
[2023-12-24T14:11:48.012+0000] {processor.py:161} INFO - Started process (PID=651) to work on /home/airflow/.local/lib/python3.8/site-packages/airflow/example_dags/tutorial.py
[2023-12-24T14:11:48.016+0000] {processor.py:830} INFO - Processing file /home/airflow/.local/lib/python3.8/site-packages/airflow/example_dags/tutorial.py for tasks to queue
[2023-12-24T14:11:48.024+0000] {logging_mixin.py:188} INFO - [2023-12-24T14:11:48.023+0000] {dagbag.py:538} INFO - Filling up the DagBag from /home/airflow/.local/lib/python3.8/site-packages/airflow/example_dags/tutorial.py
[2023-12-24T14:11:48.051+0000] {processor.py:840} INFO - DAG(s) 'tutorial' retrieved from /home/airflow/.local/lib/python3.8/site-packages/airflow/example_dags/tutorial.py
[2023-12-24T14:11:48.086+0000] {logging_mixin.py:188} INFO - [2023-12-24T14:11:48.085+0000] {dag.py:3033} INFO - Sync 1 DAGs
[2023-12-24T14:11:48.218+0000] {logging_mixin.py:188} INFO - [2023-12-24T14:11:48.218+0000] {dag.py:3820} INFO - Setting next_dagrun for tutorial to 2023-12-23T00:00:00+00:00, run_after=2023-12-24T00:00:00+00:00
[2023-12-24T14:11:48.275+0000] {processor.py:183} INFO - Processing /home/airflow/.local/lib/python3.8/site-packages/airflow/example_dags/tutorial.py took 0.279 seconds
[2023-12-24T14:12:19.494+0000] {processor.py:161} INFO - Started process (PID=710) to work on /home/airflow/.local/lib/python3.8/site-packages/airflow/example_dags/tutorial.py
[2023-12-24T14:12:19.496+0000] {processor.py:830} INFO - Processing file /home/airflow/.local/lib/python3.8/site-packages/airflow/example_dags/tutorial.py for tasks to queue
[2023-12-24T14:12:19.502+0000] {logging_mixin.py:188} INFO - [2023-12-24T14:12:19.501+0000] {dagbag.py:538} INFO - Filling up the DagBag from /home/airflow/.local/lib/python3.8/site-packages/airflow/example_dags/tutorial.py
[2023-12-24T14:12:19.514+0000] {processor.py:840} INFO - DAG(s) 'tutorial' retrieved from /home/airflow/.local/lib/python3.8/site-packages/airflow/example_dags/tutorial.py
[2023-12-24T14:12:19.706+0000] {logging_mixin.py:188} INFO - [2023-12-24T14:12:19.706+0000] {dag.py:3033} INFO - Sync 1 DAGs
[2023-12-24T14:12:19.740+0000] {logging_mixin.py:188} INFO - [2023-12-24T14:12:19.739+0000] {dag.py:3820} INFO - Setting next_dagrun for tutorial to 2023-12-23T00:00:00+00:00, run_after=2023-12-24T00:00:00+00:00
[2023-12-24T14:12:19.776+0000] {processor.py:183} INFO - Processing /home/airflow/.local/lib/python3.8/site-packages/airflow/example_dags/tutorial.py took 0.291 seconds
[2023-12-24T14:12:50.108+0000] {processor.py:161} INFO - Started process (PID=769) to work on /home/airflow/.local/lib/python3.8/site-packages/airflow/example_dags/tutorial.py
[2023-12-24T14:12:50.110+0000] {processor.py:830} INFO - Processing file /home/airflow/.local/lib/python3.8/site-packages/airflow/example_dags/tutorial.py for tasks to queue
[2023-12-24T14:12:50.114+0000] {logging_mixin.py:188} INFO - [2023-12-24T14:12:50.114+0000] {dagbag.py:538} INFO - Filling up the DagBag from /home/airflow/.local/lib/python3.8/site-packages/airflow/example_dags/tutorial.py
[2023-12-24T14:12:50.127+0000] {processor.py:840} INFO - DAG(s) 'tutorial' retrieved from /home/airflow/.local/lib/python3.8/site-packages/airflow/example_dags/tutorial.py
[2023-12-24T14:12:50.163+0000] {logging_mixin.py:188} INFO - [2023-12-24T14:12:50.163+0000] {dag.py:3033} INFO - Sync 1 DAGs
[2023-12-24T14:12:50.220+0000] {logging_mixin.py:188} INFO - [2023-12-24T14:12:50.219+0000] {dag.py:3820} INFO - Setting next_dagrun for tutorial to 2023-12-23T00:00:00+00:00, run_after=2023-12-24T00:00:00+00:00
[2023-12-24T14:12:50.269+0000] {processor.py:183} INFO - Processing /home/airflow/.local/lib/python3.8/site-packages/airflow/example_dags/tutorial.py took 0.166 seconds
[2023-12-24T14:13:21.002+0000] {processor.py:161} INFO - Started process (PID=828) to work on /home/airflow/.local/lib/python3.8/site-packages/airflow/example_dags/tutorial.py
[2023-12-24T14:13:21.009+0000] {processor.py:830} INFO - Processing file /home/airflow/.local/lib/python3.8/site-packages/airflow/example_dags/tutorial.py for tasks to queue
[2023-12-24T14:13:21.069+0000] {logging_mixin.py:188} INFO - [2023-12-24T14:13:21.064+0000] {dagbag.py:538} INFO - Filling up the DagBag from /home/airflow/.local/lib/python3.8/site-packages/airflow/example_dags/tutorial.py
[2023-12-24T14:13:21.192+0000] {processor.py:840} INFO - DAG(s) 'tutorial' retrieved from /home/airflow/.local/lib/python3.8/site-packages/airflow/example_dags/tutorial.py
[2023-12-24T14:13:21.308+0000] {logging_mixin.py:188} INFO - [2023-12-24T14:13:21.306+0000] {dag.py:3033} INFO - Sync 1 DAGs
[2023-12-24T14:13:21.375+0000] {logging_mixin.py:188} INFO - [2023-12-24T14:13:21.375+0000] {dag.py:3820} INFO - Setting next_dagrun for tutorial to 2023-12-23T00:00:00+00:00, run_after=2023-12-24T00:00:00+00:00
[2023-12-24T14:13:21.427+0000] {processor.py:183} INFO - Processing /home/airflow/.local/lib/python3.8/site-packages/airflow/example_dags/tutorial.py took 0.439 seconds
[2023-12-24T14:13:51.489+0000] {processor.py:161} INFO - Started process (PID=887) to work on /home/airflow/.local/lib/python3.8/site-packages/airflow/example_dags/tutorial.py
[2023-12-24T14:13:51.491+0000] {processor.py:830} INFO - Processing file /home/airflow/.local/lib/python3.8/site-packages/airflow/example_dags/tutorial.py for tasks to queue
[2023-12-24T14:13:51.496+0000] {logging_mixin.py:188} INFO - [2023-12-24T14:13:51.496+0000] {dagbag.py:538} INFO - Filling up the DagBag from /home/airflow/.local/lib/python3.8/site-packages/airflow/example_dags/tutorial.py
[2023-12-24T14:13:51.510+0000] {processor.py:840} INFO - DAG(s) 'tutorial' retrieved from /home/airflow/.local/lib/python3.8/site-packages/airflow/example_dags/tutorial.py
[2023-12-24T14:13:51.550+0000] {logging_mixin.py:188} INFO - [2023-12-24T14:13:51.550+0000] {dag.py:3033} INFO - Sync 1 DAGs
[2023-12-24T14:13:51.602+0000] {logging_mixin.py:188} INFO - [2023-12-24T14:13:51.602+0000] {dag.py:3820} INFO - Setting next_dagrun for tutorial to 2023-12-23T00:00:00+00:00, run_after=2023-12-24T00:00:00+00:00
[2023-12-24T14:13:51.644+0000] {processor.py:183} INFO - Processing /home/airflow/.local/lib/python3.8/site-packages/airflow/example_dags/tutorial.py took 0.160 seconds
[2023-12-24T14:14:23.074+0000] {processor.py:161} INFO - Started process (PID=946) to work on /home/airflow/.local/lib/python3.8/site-packages/airflow/example_dags/tutorial.py
[2023-12-24T14:14:23.075+0000] {processor.py:830} INFO - Processing file /home/airflow/.local/lib/python3.8/site-packages/airflow/example_dags/tutorial.py for tasks to queue
[2023-12-24T14:14:23.081+0000] {logging_mixin.py:188} INFO - [2023-12-24T14:14:23.081+0000] {dagbag.py:538} INFO - Filling up the DagBag from /home/airflow/.local/lib/python3.8/site-packages/airflow/example_dags/tutorial.py
[2023-12-24T14:14:23.096+0000] {processor.py:840} INFO - DAG(s) 'tutorial' retrieved from /home/airflow/.local/lib/python3.8/site-packages/airflow/example_dags/tutorial.py
[2023-12-24T14:14:23.144+0000] {logging_mixin.py:188} INFO - [2023-12-24T14:14:23.143+0000] {dag.py:3033} INFO - Sync 1 DAGs
[2023-12-24T14:14:23.190+0000] {logging_mixin.py:188} INFO - [2023-12-24T14:14:23.190+0000] {dag.py:3820} INFO - Setting next_dagrun for tutorial to 2023-12-23T00:00:00+00:00, run_after=2023-12-24T00:00:00+00:00
[2023-12-24T14:14:23.225+0000] {processor.py:183} INFO - Processing /home/airflow/.local/lib/python3.8/site-packages/airflow/example_dags/tutorial.py took 0.157 seconds
[2023-12-24T14:14:53.469+0000] {processor.py:161} INFO - Started process (PID=1005) to work on /home/airflow/.local/lib/python3.8/site-packages/airflow/example_dags/tutorial.py
[2023-12-24T14:14:53.470+0000] {processor.py:830} INFO - Processing file /home/airflow/.local/lib/python3.8/site-packages/airflow/example_dags/tutorial.py for tasks to queue
[2023-12-24T14:14:53.475+0000] {logging_mixin.py:188} INFO - [2023-12-24T14:14:53.474+0000] {dagbag.py:538} INFO - Filling up the DagBag from /home/airflow/.local/lib/python3.8/site-packages/airflow/example_dags/tutorial.py
[2023-12-24T14:14:53.485+0000] {processor.py:840} INFO - DAG(s) 'tutorial' retrieved from /home/airflow/.local/lib/python3.8/site-packages/airflow/example_dags/tutorial.py
[2023-12-24T14:14:53.520+0000] {logging_mixin.py:188} INFO - [2023-12-24T14:14:53.519+0000] {dag.py:3033} INFO - Sync 1 DAGs
[2023-12-24T14:14:53.560+0000] {logging_mixin.py:188} INFO - [2023-12-24T14:14:53.560+0000] {dag.py:3820} INFO - Setting next_dagrun for tutorial to 2023-12-23T00:00:00+00:00, run_after=2023-12-24T00:00:00+00:00
[2023-12-24T14:14:53.597+0000] {processor.py:183} INFO - Processing /home/airflow/.local/lib/python3.8/site-packages/airflow/example_dags/tutorial.py took 0.135 seconds
[2023-12-24T14:15:23.770+0000] {processor.py:161} INFO - Started process (PID=1062) to work on /home/airflow/.local/lib/python3.8/site-packages/airflow/example_dags/tutorial.py
[2023-12-24T14:15:23.772+0000] {processor.py:830} INFO - Processing file /home/airflow/.local/lib/python3.8/site-packages/airflow/example_dags/tutorial.py for tasks to queue
[2023-12-24T14:15:23.777+0000] {logging_mixin.py:188} INFO - [2023-12-24T14:15:23.776+0000] {dagbag.py:538} INFO - Filling up the DagBag from /home/airflow/.local/lib/python3.8/site-packages/airflow/example_dags/tutorial.py
[2023-12-24T14:15:23.788+0000] {processor.py:840} INFO - DAG(s) 'tutorial' retrieved from /home/airflow/.local/lib/python3.8/site-packages/airflow/example_dags/tutorial.py
[2023-12-24T14:15:23.822+0000] {logging_mixin.py:188} INFO - [2023-12-24T14:15:23.821+0000] {dag.py:3033} INFO - Sync 1 DAGs
[2023-12-24T14:15:23.882+0000] {logging_mixin.py:188} INFO - [2023-12-24T14:15:23.881+0000] {dag.py:3820} INFO - Setting next_dagrun for tutorial to 2023-12-23T00:00:00+00:00, run_after=2023-12-24T00:00:00+00:00
[2023-12-24T14:15:23.933+0000] {processor.py:183} INFO - Processing /home/airflow/.local/lib/python3.8/site-packages/airflow/example_dags/tutorial.py took 0.169 seconds
[2023-12-24T14:15:54.091+0000] {processor.py:161} INFO - Started process (PID=1121) to work on /home/airflow/.local/lib/python3.8/site-packages/airflow/example_dags/tutorial.py
[2023-12-24T14:15:54.093+0000] {processor.py:830} INFO - Processing file /home/airflow/.local/lib/python3.8/site-packages/airflow/example_dags/tutorial.py for tasks to queue
[2023-12-24T14:15:54.098+0000] {logging_mixin.py:188} INFO - [2023-12-24T14:15:54.097+0000] {dagbag.py:538} INFO - Filling up the DagBag from /home/airflow/.local/lib/python3.8/site-packages/airflow/example_dags/tutorial.py
[2023-12-24T14:15:54.109+0000] {processor.py:840} INFO - DAG(s) 'tutorial' retrieved from /home/airflow/.local/lib/python3.8/site-packages/airflow/example_dags/tutorial.py
[2023-12-24T14:15:54.142+0000] {logging_mixin.py:188} INFO - [2023-12-24T14:15:54.142+0000] {dag.py:3033} INFO - Sync 1 DAGs
[2023-12-24T14:15:54.183+0000] {logging_mixin.py:188} INFO - [2023-12-24T14:15:54.183+0000] {dag.py:3820} INFO - Setting next_dagrun for tutorial to 2023-12-23T00:00:00+00:00, run_after=2023-12-24T00:00:00+00:00
[2023-12-24T14:15:54.217+0000] {processor.py:183} INFO - Processing /home/airflow/.local/lib/python3.8/site-packages/airflow/example_dags/tutorial.py took 0.132 seconds
[2023-12-24T14:16:24.430+0000] {processor.py:161} INFO - Started process (PID=1180) to work on /home/airflow/.local/lib/python3.8/site-packages/airflow/example_dags/tutorial.py
[2023-12-24T14:16:24.432+0000] {processor.py:830} INFO - Processing file /home/airflow/.local/lib/python3.8/site-packages/airflow/example_dags/tutorial.py for tasks to queue
[2023-12-24T14:16:24.436+0000] {logging_mixin.py:188} INFO - [2023-12-24T14:16:24.436+0000] {dagbag.py:538} INFO - Filling up the DagBag from /home/airflow/.local/lib/python3.8/site-packages/airflow/example_dags/tutorial.py
[2023-12-24T14:16:24.447+0000] {processor.py:840} INFO - DAG(s) 'tutorial' retrieved from /home/airflow/.local/lib/python3.8/site-packages/airflow/example_dags/tutorial.py
[2023-12-24T14:16:24.483+0000] {logging_mixin.py:188} INFO - [2023-12-24T14:16:24.482+0000] {dag.py:3033} INFO - Sync 1 DAGs
[2023-12-24T14:16:24.535+0000] {logging_mixin.py:188} INFO - [2023-12-24T14:16:24.535+0000] {dag.py:3820} INFO - Setting next_dagrun for tutorial to 2023-12-23T00:00:00+00:00, run_after=2023-12-24T00:00:00+00:00
[2023-12-24T14:16:24.572+0000] {processor.py:183} INFO - Processing /home/airflow/.local/lib/python3.8/site-packages/airflow/example_dags/tutorial.py took 0.148 seconds
[2023-12-24T14:18:41.233+0000] {processor.py:161} INFO - Started process (PID=62) to work on /home/airflow/.local/lib/python3.8/site-packages/airflow/example_dags/tutorial.py
[2023-12-24T14:18:41.237+0000] {processor.py:830} INFO - Processing file /home/airflow/.local/lib/python3.8/site-packages/airflow/example_dags/tutorial.py for tasks to queue
[2023-12-24T14:18:41.247+0000] {logging_mixin.py:188} INFO - [2023-12-24T14:18:41.246+0000] {dagbag.py:538} INFO - Filling up the DagBag from /home/airflow/.local/lib/python3.8/site-packages/airflow/example_dags/tutorial.py
[2023-12-24T14:18:41.265+0000] {processor.py:840} INFO - DAG(s) 'tutorial' retrieved from /home/airflow/.local/lib/python3.8/site-packages/airflow/example_dags/tutorial.py
[2023-12-24T14:18:41.313+0000] {logging_mixin.py:188} INFO - [2023-12-24T14:18:41.312+0000] {dag.py:3033} INFO - Sync 1 DAGs
[2023-12-24T14:18:41.388+0000] {logging_mixin.py:188} INFO - [2023-12-24T14:18:41.387+0000] {dag.py:3820} INFO - Setting next_dagrun for tutorial to 2023-12-23T00:00:00+00:00, run_after=2023-12-24T00:00:00+00:00
[2023-12-24T14:18:41.434+0000] {processor.py:183} INFO - Processing /home/airflow/.local/lib/python3.8/site-packages/airflow/example_dags/tutorial.py took 0.210 seconds
[2023-12-24T14:19:13.024+0000] {processor.py:161} INFO - Started process (PID=122) to work on /home/airflow/.local/lib/python3.8/site-packages/airflow/example_dags/tutorial.py
[2023-12-24T14:19:13.026+0000] {processor.py:830} INFO - Processing file /home/airflow/.local/lib/python3.8/site-packages/airflow/example_dags/tutorial.py for tasks to queue
[2023-12-24T14:19:13.033+0000] {logging_mixin.py:188} INFO - [2023-12-24T14:19:13.032+0000] {dagbag.py:538} INFO - Filling up the DagBag from /home/airflow/.local/lib/python3.8/site-packages/airflow/example_dags/tutorial.py
[2023-12-24T14:19:13.051+0000] {processor.py:840} INFO - DAG(s) 'tutorial' retrieved from /home/airflow/.local/lib/python3.8/site-packages/airflow/example_dags/tutorial.py
[2023-12-24T14:19:13.101+0000] {logging_mixin.py:188} INFO - [2023-12-24T14:19:13.095+0000] {dag.py:3033} INFO - Sync 1 DAGs
[2023-12-24T14:19:13.192+0000] {logging_mixin.py:188} INFO - [2023-12-24T14:19:13.192+0000] {dag.py:3820} INFO - Setting next_dagrun for tutorial to 2023-12-23T00:00:00+00:00, run_after=2023-12-24T00:00:00+00:00
[2023-12-24T14:19:13.263+0000] {processor.py:183} INFO - Processing /home/airflow/.local/lib/python3.8/site-packages/airflow/example_dags/tutorial.py took 0.249 seconds
[2023-12-24T14:19:43.581+0000] {processor.py:161} INFO - Started process (PID=181) to work on /home/airflow/.local/lib/python3.8/site-packages/airflow/example_dags/tutorial.py
[2023-12-24T14:19:43.583+0000] {processor.py:830} INFO - Processing file /home/airflow/.local/lib/python3.8/site-packages/airflow/example_dags/tutorial.py for tasks to queue
[2023-12-24T14:19:43.588+0000] {logging_mixin.py:188} INFO - [2023-12-24T14:19:43.587+0000] {dagbag.py:538} INFO - Filling up the DagBag from /home/airflow/.local/lib/python3.8/site-packages/airflow/example_dags/tutorial.py
[2023-12-24T14:19:43.600+0000] {processor.py:840} INFO - DAG(s) 'tutorial' retrieved from /home/airflow/.local/lib/python3.8/site-packages/airflow/example_dags/tutorial.py
[2023-12-24T14:19:43.795+0000] {logging_mixin.py:188} INFO - [2023-12-24T14:19:43.795+0000] {dag.py:3033} INFO - Sync 1 DAGs
[2023-12-24T14:19:43.835+0000] {logging_mixin.py:188} INFO - [2023-12-24T14:19:43.834+0000] {dag.py:3820} INFO - Setting next_dagrun for tutorial to 2023-12-23T00:00:00+00:00, run_after=2023-12-24T00:00:00+00:00
[2023-12-24T14:19:43.875+0000] {processor.py:183} INFO - Processing /home/airflow/.local/lib/python3.8/site-packages/airflow/example_dags/tutorial.py took 0.302 seconds
[2023-12-24T14:20:14.882+0000] {processor.py:161} INFO - Started process (PID=240) to work on /home/airflow/.local/lib/python3.8/site-packages/airflow/example_dags/tutorial.py
[2023-12-24T14:20:14.884+0000] {processor.py:830} INFO - Processing file /home/airflow/.local/lib/python3.8/site-packages/airflow/example_dags/tutorial.py for tasks to queue
[2023-12-24T14:20:14.892+0000] {logging_mixin.py:188} INFO - [2023-12-24T14:20:14.891+0000] {dagbag.py:538} INFO - Filling up the DagBag from /home/airflow/.local/lib/python3.8/site-packages/airflow/example_dags/tutorial.py
[2023-12-24T14:20:14.909+0000] {processor.py:840} INFO - DAG(s) 'tutorial' retrieved from /home/airflow/.local/lib/python3.8/site-packages/airflow/example_dags/tutorial.py
[2023-12-24T14:20:14.961+0000] {logging_mixin.py:188} INFO - [2023-12-24T14:20:14.961+0000] {dag.py:3033} INFO - Sync 1 DAGs
[2023-12-24T14:20:15.009+0000] {logging_mixin.py:188} INFO - [2023-12-24T14:20:15.009+0000] {dag.py:3820} INFO - Setting next_dagrun for tutorial to 2023-12-23T00:00:00+00:00, run_after=2023-12-24T00:00:00+00:00
[2023-12-24T14:20:15.058+0000] {processor.py:183} INFO - Processing /home/airflow/.local/lib/python3.8/site-packages/airflow/example_dags/tutorial.py took 0.183 seconds
[2023-12-24T14:20:45.241+0000] {processor.py:161} INFO - Started process (PID=298) to work on /home/airflow/.local/lib/python3.8/site-packages/airflow/example_dags/tutorial.py
[2023-12-24T14:20:45.243+0000] {processor.py:830} INFO - Processing file /home/airflow/.local/lib/python3.8/site-packages/airflow/example_dags/tutorial.py for tasks to queue
[2023-12-24T14:20:45.247+0000] {logging_mixin.py:188} INFO - [2023-12-24T14:20:45.246+0000] {dagbag.py:538} INFO - Filling up the DagBag from /home/airflow/.local/lib/python3.8/site-packages/airflow/example_dags/tutorial.py
[2023-12-24T14:20:45.261+0000] {processor.py:840} INFO - DAG(s) 'tutorial' retrieved from /home/airflow/.local/lib/python3.8/site-packages/airflow/example_dags/tutorial.py
[2023-12-24T14:20:45.300+0000] {logging_mixin.py:188} INFO - [2023-12-24T14:20:45.300+0000] {dag.py:3033} INFO - Sync 1 DAGs
[2023-12-24T14:20:45.337+0000] {logging_mixin.py:188} INFO - [2023-12-24T14:20:45.336+0000] {dag.py:3820} INFO - Setting next_dagrun for tutorial to 2023-12-23T00:00:00+00:00, run_after=2023-12-24T00:00:00+00:00
[2023-12-24T14:20:45.367+0000] {processor.py:183} INFO - Processing /home/airflow/.local/lib/python3.8/site-packages/airflow/example_dags/tutorial.py took 0.133 seconds
[2023-12-24T14:21:15.874+0000] {processor.py:161} INFO - Started process (PID=356) to work on /home/airflow/.local/lib/python3.8/site-packages/airflow/example_dags/tutorial.py
[2023-12-24T14:21:15.875+0000] {processor.py:830} INFO - Processing file /home/airflow/.local/lib/python3.8/site-packages/airflow/example_dags/tutorial.py for tasks to queue
[2023-12-24T14:21:15.880+0000] {logging_mixin.py:188} INFO - [2023-12-24T14:21:15.880+0000] {dagbag.py:538} INFO - Filling up the DagBag from /home/airflow/.local/lib/python3.8/site-packages/airflow/example_dags/tutorial.py
[2023-12-24T14:21:15.896+0000] {processor.py:840} INFO - DAG(s) 'tutorial' retrieved from /home/airflow/.local/lib/python3.8/site-packages/airflow/example_dags/tutorial.py
[2023-12-24T14:21:15.946+0000] {logging_mixin.py:188} INFO - [2023-12-24T14:21:15.946+0000] {dag.py:3033} INFO - Sync 1 DAGs
[2023-12-24T14:21:15.988+0000] {logging_mixin.py:188} INFO - [2023-12-24T14:21:15.988+0000] {dag.py:3820} INFO - Setting next_dagrun for tutorial to 2023-12-23T00:00:00+00:00, run_after=2023-12-24T00:00:00+00:00
[2023-12-24T14:21:16.038+0000] {processor.py:183} INFO - Processing /home/airflow/.local/lib/python3.8/site-packages/airflow/example_dags/tutorial.py took 0.171 seconds
[2023-12-24T14:21:46.542+0000] {processor.py:161} INFO - Started process (PID=415) to work on /home/airflow/.local/lib/python3.8/site-packages/airflow/example_dags/tutorial.py
[2023-12-24T14:21:46.543+0000] {processor.py:830} INFO - Processing file /home/airflow/.local/lib/python3.8/site-packages/airflow/example_dags/tutorial.py for tasks to queue
[2023-12-24T14:21:46.550+0000] {logging_mixin.py:188} INFO - [2023-12-24T14:21:46.549+0000] {dagbag.py:538} INFO - Filling up the DagBag from /home/airflow/.local/lib/python3.8/site-packages/airflow/example_dags/tutorial.py
[2023-12-24T14:21:46.564+0000] {processor.py:840} INFO - DAG(s) 'tutorial' retrieved from /home/airflow/.local/lib/python3.8/site-packages/airflow/example_dags/tutorial.py
[2023-12-24T14:21:46.600+0000] {logging_mixin.py:188} INFO - [2023-12-24T14:21:46.600+0000] {dag.py:3033} INFO - Sync 1 DAGs
[2023-12-24T14:21:46.642+0000] {logging_mixin.py:188} INFO - [2023-12-24T14:21:46.642+0000] {dag.py:3820} INFO - Setting next_dagrun for tutorial to 2023-12-23T00:00:00+00:00, run_after=2023-12-24T00:00:00+00:00
[2023-12-24T14:21:46.681+0000] {processor.py:183} INFO - Processing /home/airflow/.local/lib/python3.8/site-packages/airflow/example_dags/tutorial.py took 0.145 seconds
[2023-12-24T14:22:17.500+0000] {processor.py:161} INFO - Started process (PID=473) to work on /home/airflow/.local/lib/python3.8/site-packages/airflow/example_dags/tutorial.py
[2023-12-24T14:22:17.502+0000] {processor.py:830} INFO - Processing file /home/airflow/.local/lib/python3.8/site-packages/airflow/example_dags/tutorial.py for tasks to queue
[2023-12-24T14:22:17.507+0000] {logging_mixin.py:188} INFO - [2023-12-24T14:22:17.506+0000] {dagbag.py:538} INFO - Filling up the DagBag from /home/airflow/.local/lib/python3.8/site-packages/airflow/example_dags/tutorial.py
[2023-12-24T14:22:17.520+0000] {processor.py:840} INFO - DAG(s) 'tutorial' retrieved from /home/airflow/.local/lib/python3.8/site-packages/airflow/example_dags/tutorial.py
[2023-12-24T14:22:17.557+0000] {logging_mixin.py:188} INFO - [2023-12-24T14:22:17.557+0000] {dag.py:3033} INFO - Sync 1 DAGs
[2023-12-24T14:22:17.611+0000] {logging_mixin.py:188} INFO - [2023-12-24T14:22:17.610+0000] {dag.py:3820} INFO - Setting next_dagrun for tutorial to 2023-12-23T00:00:00+00:00, run_after=2023-12-24T00:00:00+00:00
[2023-12-24T14:22:17.648+0000] {processor.py:183} INFO - Processing /home/airflow/.local/lib/python3.8/site-packages/airflow/example_dags/tutorial.py took 0.155 seconds
[2023-12-24T14:22:47.909+0000] {processor.py:161} INFO - Started process (PID=531) to work on /home/airflow/.local/lib/python3.8/site-packages/airflow/example_dags/tutorial.py
[2023-12-24T14:22:47.911+0000] {processor.py:830} INFO - Processing file /home/airflow/.local/lib/python3.8/site-packages/airflow/example_dags/tutorial.py for tasks to queue
[2023-12-24T14:22:47.916+0000] {logging_mixin.py:188} INFO - [2023-12-24T14:22:47.916+0000] {dagbag.py:538} INFO - Filling up the DagBag from /home/airflow/.local/lib/python3.8/site-packages/airflow/example_dags/tutorial.py
[2023-12-24T14:22:47.931+0000] {processor.py:840} INFO - DAG(s) 'tutorial' retrieved from /home/airflow/.local/lib/python3.8/site-packages/airflow/example_dags/tutorial.py
[2023-12-24T14:22:47.980+0000] {logging_mixin.py:188} INFO - [2023-12-24T14:22:47.980+0000] {dag.py:3033} INFO - Sync 1 DAGs
[2023-12-24T14:22:48.039+0000] {logging_mixin.py:188} INFO - [2023-12-24T14:22:48.038+0000] {dag.py:3820} INFO - Setting next_dagrun for tutorial to 2023-12-23T00:00:00+00:00, run_after=2023-12-24T00:00:00+00:00
[2023-12-24T14:22:48.084+0000] {processor.py:183} INFO - Processing /home/airflow/.local/lib/python3.8/site-packages/airflow/example_dags/tutorial.py took 0.181 seconds
[2023-12-24T14:23:18.746+0000] {processor.py:161} INFO - Started process (PID=589) to work on /home/airflow/.local/lib/python3.8/site-packages/airflow/example_dags/tutorial.py
[2023-12-24T14:23:18.748+0000] {processor.py:830} INFO - Processing file /home/airflow/.local/lib/python3.8/site-packages/airflow/example_dags/tutorial.py for tasks to queue
[2023-12-24T14:23:18.754+0000] {logging_mixin.py:188} INFO - [2023-12-24T14:23:18.753+0000] {dagbag.py:538} INFO - Filling up the DagBag from /home/airflow/.local/lib/python3.8/site-packages/airflow/example_dags/tutorial.py
[2023-12-24T14:23:18.765+0000] {processor.py:840} INFO - DAG(s) 'tutorial' retrieved from /home/airflow/.local/lib/python3.8/site-packages/airflow/example_dags/tutorial.py
[2023-12-24T14:23:18.811+0000] {logging_mixin.py:188} INFO - [2023-12-24T14:23:18.810+0000] {dag.py:3033} INFO - Sync 1 DAGs
[2023-12-24T14:23:18.859+0000] {logging_mixin.py:188} INFO - [2023-12-24T14:23:18.859+0000] {dag.py:3820} INFO - Setting next_dagrun for tutorial to 2023-12-23T00:00:00+00:00, run_after=2023-12-24T00:00:00+00:00
[2023-12-24T14:23:18.896+0000] {processor.py:183} INFO - Processing /home/airflow/.local/lib/python3.8/site-packages/airflow/example_dags/tutorial.py took 0.156 seconds
[2023-12-24T14:23:49.526+0000] {processor.py:161} INFO - Started process (PID=647) to work on /home/airflow/.local/lib/python3.8/site-packages/airflow/example_dags/tutorial.py
[2023-12-24T14:23:49.528+0000] {processor.py:830} INFO - Processing file /home/airflow/.local/lib/python3.8/site-packages/airflow/example_dags/tutorial.py for tasks to queue
[2023-12-24T14:23:49.534+0000] {logging_mixin.py:188} INFO - [2023-12-24T14:23:49.533+0000] {dagbag.py:538} INFO - Filling up the DagBag from /home/airflow/.local/lib/python3.8/site-packages/airflow/example_dags/tutorial.py
[2023-12-24T14:23:49.549+0000] {processor.py:840} INFO - DAG(s) 'tutorial' retrieved from /home/airflow/.local/lib/python3.8/site-packages/airflow/example_dags/tutorial.py
[2023-12-24T14:23:49.585+0000] {logging_mixin.py:188} INFO - [2023-12-24T14:23:49.585+0000] {dag.py:3033} INFO - Sync 1 DAGs
[2023-12-24T14:23:49.632+0000] {logging_mixin.py:188} INFO - [2023-12-24T14:23:49.632+0000] {dag.py:3820} INFO - Setting next_dagrun for tutorial to 2023-12-23T00:00:00+00:00, run_after=2023-12-24T00:00:00+00:00
[2023-12-24T14:23:49.676+0000] {processor.py:183} INFO - Processing /home/airflow/.local/lib/python3.8/site-packages/airflow/example_dags/tutorial.py took 0.157 seconds
[2023-12-24T14:24:20.258+0000] {processor.py:161} INFO - Started process (PID=706) to work on /home/airflow/.local/lib/python3.8/site-packages/airflow/example_dags/tutorial.py
[2023-12-24T14:24:20.260+0000] {processor.py:830} INFO - Processing file /home/airflow/.local/lib/python3.8/site-packages/airflow/example_dags/tutorial.py for tasks to queue
[2023-12-24T14:24:20.265+0000] {logging_mixin.py:188} INFO - [2023-12-24T14:24:20.265+0000] {dagbag.py:538} INFO - Filling up the DagBag from /home/airflow/.local/lib/python3.8/site-packages/airflow/example_dags/tutorial.py
[2023-12-24T14:24:20.281+0000] {processor.py:840} INFO - DAG(s) 'tutorial' retrieved from /home/airflow/.local/lib/python3.8/site-packages/airflow/example_dags/tutorial.py
[2023-12-24T14:24:20.344+0000] {logging_mixin.py:188} INFO - [2023-12-24T14:24:20.343+0000] {dag.py:3033} INFO - Sync 1 DAGs
[2023-12-24T14:24:20.422+0000] {logging_mixin.py:188} INFO - [2023-12-24T14:24:20.422+0000] {dag.py:3820} INFO - Setting next_dagrun for tutorial to 2023-12-23T00:00:00+00:00, run_after=2023-12-24T00:00:00+00:00
[2023-12-24T14:24:20.491+0000] {processor.py:183} INFO - Processing /home/airflow/.local/lib/python3.8/site-packages/airflow/example_dags/tutorial.py took 0.242 seconds
[2023-12-24T14:24:50.880+0000] {processor.py:161} INFO - Started process (PID=764) to work on /home/airflow/.local/lib/python3.8/site-packages/airflow/example_dags/tutorial.py
[2023-12-24T14:24:50.881+0000] {processor.py:830} INFO - Processing file /home/airflow/.local/lib/python3.8/site-packages/airflow/example_dags/tutorial.py for tasks to queue
[2023-12-24T14:24:50.887+0000] {logging_mixin.py:188} INFO - [2023-12-24T14:24:50.886+0000] {dagbag.py:538} INFO - Filling up the DagBag from /home/airflow/.local/lib/python3.8/site-packages/airflow/example_dags/tutorial.py
[2023-12-24T14:24:50.898+0000] {processor.py:840} INFO - DAG(s) 'tutorial' retrieved from /home/airflow/.local/lib/python3.8/site-packages/airflow/example_dags/tutorial.py
[2023-12-24T14:24:50.939+0000] {logging_mixin.py:188} INFO - [2023-12-24T14:24:50.939+0000] {dag.py:3033} INFO - Sync 1 DAGs
[2023-12-24T14:24:50.978+0000] {logging_mixin.py:188} INFO - [2023-12-24T14:24:50.978+0000] {dag.py:3820} INFO - Setting next_dagrun for tutorial to 2023-12-23T00:00:00+00:00, run_after=2023-12-24T00:00:00+00:00
[2023-12-24T14:24:51.015+0000] {processor.py:183} INFO - Processing /home/airflow/.local/lib/python3.8/site-packages/airflow/example_dags/tutorial.py took 0.143 seconds
[2023-12-24T14:25:21.257+0000] {processor.py:161} INFO - Started process (PID=821) to work on /home/airflow/.local/lib/python3.8/site-packages/airflow/example_dags/tutorial.py
[2023-12-24T14:25:21.259+0000] {processor.py:830} INFO - Processing file /home/airflow/.local/lib/python3.8/site-packages/airflow/example_dags/tutorial.py for tasks to queue
[2023-12-24T14:25:21.264+0000] {logging_mixin.py:188} INFO - [2023-12-24T14:25:21.263+0000] {dagbag.py:538} INFO - Filling up the DagBag from /home/airflow/.local/lib/python3.8/site-packages/airflow/example_dags/tutorial.py
[2023-12-24T14:25:21.274+0000] {processor.py:840} INFO - DAG(s) 'tutorial' retrieved from /home/airflow/.local/lib/python3.8/site-packages/airflow/example_dags/tutorial.py
[2023-12-24T14:25:21.309+0000] {logging_mixin.py:188} INFO - [2023-12-24T14:25:21.308+0000] {dag.py:3033} INFO - Sync 1 DAGs
[2023-12-24T14:25:21.354+0000] {logging_mixin.py:188} INFO - [2023-12-24T14:25:21.354+0000] {dag.py:3820} INFO - Setting next_dagrun for tutorial to 2023-12-23T00:00:00+00:00, run_after=2023-12-24T00:00:00+00:00
[2023-12-24T14:25:21.397+0000] {processor.py:183} INFO - Processing /home/airflow/.local/lib/python3.8/site-packages/airflow/example_dags/tutorial.py took 0.146 seconds
[2023-12-24T14:25:52.505+0000] {processor.py:161} INFO - Started process (PID=879) to work on /home/airflow/.local/lib/python3.8/site-packages/airflow/example_dags/tutorial.py
[2023-12-24T14:25:52.509+0000] {processor.py:830} INFO - Processing file /home/airflow/.local/lib/python3.8/site-packages/airflow/example_dags/tutorial.py for tasks to queue
[2023-12-24T14:25:52.515+0000] {logging_mixin.py:188} INFO - [2023-12-24T14:25:52.514+0000] {dagbag.py:538} INFO - Filling up the DagBag from /home/airflow/.local/lib/python3.8/site-packages/airflow/example_dags/tutorial.py
[2023-12-24T14:25:52.526+0000] {processor.py:840} INFO - DAG(s) 'tutorial' retrieved from /home/airflow/.local/lib/python3.8/site-packages/airflow/example_dags/tutorial.py
[2023-12-24T14:25:52.563+0000] {logging_mixin.py:188} INFO - [2023-12-24T14:25:52.563+0000] {dag.py:3033} INFO - Sync 1 DAGs
[2023-12-24T14:25:52.610+0000] {logging_mixin.py:188} INFO - [2023-12-24T14:25:52.610+0000] {dag.py:3820} INFO - Setting next_dagrun for tutorial to 2023-12-23T00:00:00+00:00, run_after=2023-12-24T00:00:00+00:00
[2023-12-24T14:25:52.645+0000] {processor.py:183} INFO - Processing /home/airflow/.local/lib/python3.8/site-packages/airflow/example_dags/tutorial.py took 0.148 seconds
[2023-12-24T14:26:22.767+0000] {processor.py:161} INFO - Started process (PID=937) to work on /home/airflow/.local/lib/python3.8/site-packages/airflow/example_dags/tutorial.py
[2023-12-24T14:26:22.769+0000] {processor.py:830} INFO - Processing file /home/airflow/.local/lib/python3.8/site-packages/airflow/example_dags/tutorial.py for tasks to queue
[2023-12-24T14:26:22.774+0000] {logging_mixin.py:188} INFO - [2023-12-24T14:26:22.774+0000] {dagbag.py:538} INFO - Filling up the DagBag from /home/airflow/.local/lib/python3.8/site-packages/airflow/example_dags/tutorial.py
[2023-12-24T14:26:22.786+0000] {processor.py:840} INFO - DAG(s) 'tutorial' retrieved from /home/airflow/.local/lib/python3.8/site-packages/airflow/example_dags/tutorial.py
[2023-12-24T14:26:22.824+0000] {logging_mixin.py:188} INFO - [2023-12-24T14:26:22.824+0000] {dag.py:3033} INFO - Sync 1 DAGs
[2023-12-24T14:26:22.871+0000] {logging_mixin.py:188} INFO - [2023-12-24T14:26:22.871+0000] {dag.py:3820} INFO - Setting next_dagrun for tutorial to 2023-12-23T00:00:00+00:00, run_after=2023-12-24T00:00:00+00:00
[2023-12-24T14:26:22.911+0000] {processor.py:183} INFO - Processing /home/airflow/.local/lib/python3.8/site-packages/airflow/example_dags/tutorial.py took 0.152 seconds
[2023-12-24T14:26:53.123+0000] {processor.py:161} INFO - Started process (PID=995) to work on /home/airflow/.local/lib/python3.8/site-packages/airflow/example_dags/tutorial.py
[2023-12-24T14:26:53.124+0000] {processor.py:830} INFO - Processing file /home/airflow/.local/lib/python3.8/site-packages/airflow/example_dags/tutorial.py for tasks to queue
[2023-12-24T14:26:53.142+0000] {logging_mixin.py:188} INFO - [2023-12-24T14:26:53.141+0000] {dagbag.py:538} INFO - Filling up the DagBag from /home/airflow/.local/lib/python3.8/site-packages/airflow/example_dags/tutorial.py
[2023-12-24T14:26:53.156+0000] {processor.py:840} INFO - DAG(s) 'tutorial' retrieved from /home/airflow/.local/lib/python3.8/site-packages/airflow/example_dags/tutorial.py
[2023-12-24T14:26:53.206+0000] {logging_mixin.py:188} INFO - [2023-12-24T14:26:53.206+0000] {dag.py:3033} INFO - Sync 1 DAGs
[2023-12-24T14:26:53.251+0000] {logging_mixin.py:188} INFO - [2023-12-24T14:26:53.251+0000] {dag.py:3820} INFO - Setting next_dagrun for tutorial to 2023-12-23T00:00:00+00:00, run_after=2023-12-24T00:00:00+00:00
[2023-12-24T14:26:53.290+0000] {processor.py:183} INFO - Processing /home/airflow/.local/lib/python3.8/site-packages/airflow/example_dags/tutorial.py took 0.176 seconds
[2023-12-24T14:27:23.375+0000] {processor.py:161} INFO - Started process (PID=1053) to work on /home/airflow/.local/lib/python3.8/site-packages/airflow/example_dags/tutorial.py
[2023-12-24T14:27:23.377+0000] {processor.py:830} INFO - Processing file /home/airflow/.local/lib/python3.8/site-packages/airflow/example_dags/tutorial.py for tasks to queue
[2023-12-24T14:27:23.382+0000] {logging_mixin.py:188} INFO - [2023-12-24T14:27:23.381+0000] {dagbag.py:538} INFO - Filling up the DagBag from /home/airflow/.local/lib/python3.8/site-packages/airflow/example_dags/tutorial.py
[2023-12-24T14:27:23.396+0000] {processor.py:840} INFO - DAG(s) 'tutorial' retrieved from /home/airflow/.local/lib/python3.8/site-packages/airflow/example_dags/tutorial.py
[2023-12-24T14:27:23.439+0000] {logging_mixin.py:188} INFO - [2023-12-24T14:27:23.438+0000] {dag.py:3033} INFO - Sync 1 DAGs
[2023-12-24T14:27:23.481+0000] {logging_mixin.py:188} INFO - [2023-12-24T14:27:23.481+0000] {dag.py:3820} INFO - Setting next_dagrun for tutorial to 2023-12-23T00:00:00+00:00, run_after=2023-12-24T00:00:00+00:00
[2023-12-24T14:27:23.520+0000] {processor.py:183} INFO - Processing /home/airflow/.local/lib/python3.8/site-packages/airflow/example_dags/tutorial.py took 0.151 seconds
[2023-12-24T14:27:53.859+0000] {processor.py:161} INFO - Started process (PID=1111) to work on /home/airflow/.local/lib/python3.8/site-packages/airflow/example_dags/tutorial.py
[2023-12-24T14:27:53.861+0000] {processor.py:830} INFO - Processing file /home/airflow/.local/lib/python3.8/site-packages/airflow/example_dags/tutorial.py for tasks to queue
[2023-12-24T14:27:53.866+0000] {logging_mixin.py:188} INFO - [2023-12-24T14:27:53.865+0000] {dagbag.py:538} INFO - Filling up the DagBag from /home/airflow/.local/lib/python3.8/site-packages/airflow/example_dags/tutorial.py
[2023-12-24T14:27:53.879+0000] {processor.py:840} INFO - DAG(s) 'tutorial' retrieved from /home/airflow/.local/lib/python3.8/site-packages/airflow/example_dags/tutorial.py
[2023-12-24T14:27:53.919+0000] {logging_mixin.py:188} INFO - [2023-12-24T14:27:53.919+0000] {dag.py:3033} INFO - Sync 1 DAGs
[2023-12-24T14:27:53.960+0000] {logging_mixin.py:188} INFO - [2023-12-24T14:27:53.959+0000] {dag.py:3820} INFO - Setting next_dagrun for tutorial to 2023-12-23T00:00:00+00:00, run_after=2023-12-24T00:00:00+00:00
[2023-12-24T14:27:54.006+0000] {processor.py:183} INFO - Processing /home/airflow/.local/lib/python3.8/site-packages/airflow/example_dags/tutorial.py took 0.154 seconds
[2023-12-24T14:28:24.598+0000] {processor.py:161} INFO - Started process (PID=1169) to work on /home/airflow/.local/lib/python3.8/site-packages/airflow/example_dags/tutorial.py
[2023-12-24T14:28:24.600+0000] {processor.py:830} INFO - Processing file /home/airflow/.local/lib/python3.8/site-packages/airflow/example_dags/tutorial.py for tasks to queue
[2023-12-24T14:28:24.605+0000] {logging_mixin.py:188} INFO - [2023-12-24T14:28:24.605+0000] {dagbag.py:538} INFO - Filling up the DagBag from /home/airflow/.local/lib/python3.8/site-packages/airflow/example_dags/tutorial.py
[2023-12-24T14:28:24.618+0000] {processor.py:840} INFO - DAG(s) 'tutorial' retrieved from /home/airflow/.local/lib/python3.8/site-packages/airflow/example_dags/tutorial.py
[2023-12-24T14:28:24.660+0000] {logging_mixin.py:188} INFO - [2023-12-24T14:28:24.660+0000] {dag.py:3033} INFO - Sync 1 DAGs
[2023-12-24T14:28:24.713+0000] {logging_mixin.py:188} INFO - [2023-12-24T14:28:24.712+0000] {dag.py:3820} INFO - Setting next_dagrun for tutorial to 2023-12-23T00:00:00+00:00, run_after=2023-12-24T00:00:00+00:00
[2023-12-24T14:28:24.756+0000] {processor.py:183} INFO - Processing /home/airflow/.local/lib/python3.8/site-packages/airflow/example_dags/tutorial.py took 0.167 seconds
[2023-12-24T14:28:56.360+0000] {processor.py:161} INFO - Started process (PID=1227) to work on /home/airflow/.local/lib/python3.8/site-packages/airflow/example_dags/tutorial.py
[2023-12-24T14:28:56.363+0000] {processor.py:830} INFO - Processing file /home/airflow/.local/lib/python3.8/site-packages/airflow/example_dags/tutorial.py for tasks to queue
[2023-12-24T14:28:56.378+0000] {logging_mixin.py:188} INFO - [2023-12-24T14:28:56.377+0000] {dagbag.py:538} INFO - Filling up the DagBag from /home/airflow/.local/lib/python3.8/site-packages/airflow/example_dags/tutorial.py
[2023-12-24T14:28:56.392+0000] {processor.py:840} INFO - DAG(s) 'tutorial' retrieved from /home/airflow/.local/lib/python3.8/site-packages/airflow/example_dags/tutorial.py
[2023-12-24T14:28:56.442+0000] {logging_mixin.py:188} INFO - [2023-12-24T14:28:56.442+0000] {dag.py:3033} INFO - Sync 1 DAGs
[2023-12-24T14:28:56.496+0000] {logging_mixin.py:188} INFO - [2023-12-24T14:28:56.496+0000] {dag.py:3820} INFO - Setting next_dagrun for tutorial to 2023-12-23T00:00:00+00:00, run_after=2023-12-24T00:00:00+00:00
[2023-12-24T14:28:56.540+0000] {processor.py:183} INFO - Processing /home/airflow/.local/lib/python3.8/site-packages/airflow/example_dags/tutorial.py took 0.188 seconds
[2023-12-24T14:29:27.148+0000] {processor.py:161} INFO - Started process (PID=1285) to work on /home/airflow/.local/lib/python3.8/site-packages/airflow/example_dags/tutorial.py
[2023-12-24T14:29:27.152+0000] {processor.py:830} INFO - Processing file /home/airflow/.local/lib/python3.8/site-packages/airflow/example_dags/tutorial.py for tasks to queue
[2023-12-24T14:29:27.160+0000] {logging_mixin.py:188} INFO - [2023-12-24T14:29:27.159+0000] {dagbag.py:538} INFO - Filling up the DagBag from /home/airflow/.local/lib/python3.8/site-packages/airflow/example_dags/tutorial.py
[2023-12-24T14:29:27.186+0000] {processor.py:840} INFO - DAG(s) 'tutorial' retrieved from /home/airflow/.local/lib/python3.8/site-packages/airflow/example_dags/tutorial.py
[2023-12-24T14:29:27.262+0000] {logging_mixin.py:188} INFO - [2023-12-24T14:29:27.262+0000] {dag.py:3033} INFO - Sync 1 DAGs
[2023-12-24T14:29:27.353+0000] {logging_mixin.py:188} INFO - [2023-12-24T14:29:27.353+0000] {dag.py:3820} INFO - Setting next_dagrun for tutorial to 2023-12-23T00:00:00+00:00, run_after=2023-12-24T00:00:00+00:00
[2023-12-24T14:29:27.537+0000] {processor.py:183} INFO - Processing /home/airflow/.local/lib/python3.8/site-packages/airflow/example_dags/tutorial.py took 0.401 seconds
[2023-12-24T14:29:57.903+0000] {processor.py:161} INFO - Started process (PID=1342) to work on /home/airflow/.local/lib/python3.8/site-packages/airflow/example_dags/tutorial.py
[2023-12-24T14:29:57.907+0000] {processor.py:830} INFO - Processing file /home/airflow/.local/lib/python3.8/site-packages/airflow/example_dags/tutorial.py for tasks to queue
[2023-12-24T14:29:57.926+0000] {logging_mixin.py:188} INFO - [2023-12-24T14:29:57.925+0000] {dagbag.py:538} INFO - Filling up the DagBag from /home/airflow/.local/lib/python3.8/site-packages/airflow/example_dags/tutorial.py
[2023-12-24T14:29:57.969+0000] {processor.py:840} INFO - DAG(s) 'tutorial' retrieved from /home/airflow/.local/lib/python3.8/site-packages/airflow/example_dags/tutorial.py
[2023-12-24T14:29:58.026+0000] {logging_mixin.py:188} INFO - [2023-12-24T14:29:58.026+0000] {dag.py:3033} INFO - Sync 1 DAGs
[2023-12-24T14:29:58.092+0000] {logging_mixin.py:188} INFO - [2023-12-24T14:29:58.091+0000] {dag.py:3820} INFO - Setting next_dagrun for tutorial to 2023-12-23T00:00:00+00:00, run_after=2023-12-24T00:00:00+00:00
[2023-12-24T14:29:58.129+0000] {processor.py:183} INFO - Processing /home/airflow/.local/lib/python3.8/site-packages/airflow/example_dags/tutorial.py took 0.239 seconds
[2023-12-24T14:30:28.210+0000] {processor.py:161} INFO - Started process (PID=1405) to work on /home/airflow/.local/lib/python3.8/site-packages/airflow/example_dags/tutorial.py
[2023-12-24T14:30:28.211+0000] {processor.py:830} INFO - Processing file /home/airflow/.local/lib/python3.8/site-packages/airflow/example_dags/tutorial.py for tasks to queue
[2023-12-24T14:30:28.217+0000] {logging_mixin.py:188} INFO - [2023-12-24T14:30:28.216+0000] {dagbag.py:538} INFO - Filling up the DagBag from /home/airflow/.local/lib/python3.8/site-packages/airflow/example_dags/tutorial.py
[2023-12-24T14:30:28.227+0000] {processor.py:840} INFO - DAG(s) 'tutorial' retrieved from /home/airflow/.local/lib/python3.8/site-packages/airflow/example_dags/tutorial.py
[2023-12-24T14:30:28.262+0000] {logging_mixin.py:188} INFO - [2023-12-24T14:30:28.262+0000] {dag.py:3033} INFO - Sync 1 DAGs
[2023-12-24T14:30:28.303+0000] {logging_mixin.py:188} INFO - [2023-12-24T14:30:28.302+0000] {dag.py:3820} INFO - Setting next_dagrun for tutorial to 2023-12-23T00:00:00+00:00, run_after=2023-12-24T00:00:00+00:00
[2023-12-24T14:30:28.336+0000] {processor.py:183} INFO - Processing /home/airflow/.local/lib/python3.8/site-packages/airflow/example_dags/tutorial.py took 0.132 seconds
[2023-12-24T14:30:58.799+0000] {processor.py:161} INFO - Started process (PID=1464) to work on /home/airflow/.local/lib/python3.8/site-packages/airflow/example_dags/tutorial.py
[2023-12-24T14:30:58.801+0000] {processor.py:830} INFO - Processing file /home/airflow/.local/lib/python3.8/site-packages/airflow/example_dags/tutorial.py for tasks to queue
[2023-12-24T14:30:58.807+0000] {logging_mixin.py:188} INFO - [2023-12-24T14:30:58.806+0000] {dagbag.py:538} INFO - Filling up the DagBag from /home/airflow/.local/lib/python3.8/site-packages/airflow/example_dags/tutorial.py
[2023-12-24T14:30:58.819+0000] {processor.py:840} INFO - DAG(s) 'tutorial' retrieved from /home/airflow/.local/lib/python3.8/site-packages/airflow/example_dags/tutorial.py
[2023-12-24T14:30:58.862+0000] {logging_mixin.py:188} INFO - [2023-12-24T14:30:58.862+0000] {dag.py:3033} INFO - Sync 1 DAGs
[2023-12-24T14:30:58.924+0000] {logging_mixin.py:188} INFO - [2023-12-24T14:30:58.923+0000] {dag.py:3820} INFO - Setting next_dagrun for tutorial to 2023-12-23T00:00:00+00:00, run_after=2023-12-24T00:00:00+00:00
[2023-12-24T14:30:58.969+0000] {processor.py:183} INFO - Processing /home/airflow/.local/lib/python3.8/site-packages/airflow/example_dags/tutorial.py took 0.178 seconds
[2023-12-24T14:31:29.131+0000] {processor.py:161} INFO - Started process (PID=1522) to work on /home/airflow/.local/lib/python3.8/site-packages/airflow/example_dags/tutorial.py
[2023-12-24T14:31:29.133+0000] {processor.py:830} INFO - Processing file /home/airflow/.local/lib/python3.8/site-packages/airflow/example_dags/tutorial.py for tasks to queue
[2023-12-24T14:31:29.137+0000] {logging_mixin.py:188} INFO - [2023-12-24T14:31:29.137+0000] {dagbag.py:538} INFO - Filling up the DagBag from /home/airflow/.local/lib/python3.8/site-packages/airflow/example_dags/tutorial.py
[2023-12-24T14:31:29.149+0000] {processor.py:840} INFO - DAG(s) 'tutorial' retrieved from /home/airflow/.local/lib/python3.8/site-packages/airflow/example_dags/tutorial.py
[2023-12-24T14:31:29.187+0000] {logging_mixin.py:188} INFO - [2023-12-24T14:31:29.187+0000] {dag.py:3033} INFO - Sync 1 DAGs
[2023-12-24T14:31:29.234+0000] {logging_mixin.py:188} INFO - [2023-12-24T14:31:29.234+0000] {dag.py:3820} INFO - Setting next_dagrun for tutorial to 2023-12-23T00:00:00+00:00, run_after=2023-12-24T00:00:00+00:00
[2023-12-24T14:31:29.439+0000] {processor.py:183} INFO - Processing /home/airflow/.local/lib/python3.8/site-packages/airflow/example_dags/tutorial.py took 0.317 seconds
[2023-12-24T14:33:23.654+0000] {processor.py:161} INFO - Started process (PID=60) to work on /home/airflow/.local/lib/python3.8/site-packages/airflow/example_dags/tutorial.py
[2023-12-24T14:33:23.656+0000] {processor.py:830} INFO - Processing file /home/airflow/.local/lib/python3.8/site-packages/airflow/example_dags/tutorial.py for tasks to queue
[2023-12-24T14:33:23.661+0000] {logging_mixin.py:188} INFO - [2023-12-24T14:33:23.661+0000] {dagbag.py:538} INFO - Filling up the DagBag from /home/airflow/.local/lib/python3.8/site-packages/airflow/example_dags/tutorial.py
[2023-12-24T14:33:23.681+0000] {processor.py:840} INFO - DAG(s) 'tutorial' retrieved from /home/airflow/.local/lib/python3.8/site-packages/airflow/example_dags/tutorial.py
[2023-12-24T14:33:23.706+0000] {logging_mixin.py:188} INFO - [2023-12-24T14:33:23.705+0000] {dag.py:3033} INFO - Sync 1 DAGs
[2023-12-24T14:33:23.765+0000] {logging_mixin.py:188} INFO - [2023-12-24T14:33:23.765+0000] {dag.py:3820} INFO - Setting next_dagrun for tutorial to 2023-12-23T00:00:00+00:00, run_after=2023-12-24T00:00:00+00:00
[2023-12-24T14:33:23.801+0000] {processor.py:183} INFO - Processing /home/airflow/.local/lib/python3.8/site-packages/airflow/example_dags/tutorial.py took 0.154 seconds
[2023-12-24T14:33:55.012+0000] {processor.py:161} INFO - Started process (PID=118) to work on /home/airflow/.local/lib/python3.8/site-packages/airflow/example_dags/tutorial.py
[2023-12-24T14:33:55.016+0000] {processor.py:830} INFO - Processing file /home/airflow/.local/lib/python3.8/site-packages/airflow/example_dags/tutorial.py for tasks to queue
[2023-12-24T14:33:55.028+0000] {logging_mixin.py:188} INFO - [2023-12-24T14:33:55.026+0000] {dagbag.py:538} INFO - Filling up the DagBag from /home/airflow/.local/lib/python3.8/site-packages/airflow/example_dags/tutorial.py
[2023-12-24T14:33:55.047+0000] {processor.py:840} INFO - DAG(s) 'tutorial' retrieved from /home/airflow/.local/lib/python3.8/site-packages/airflow/example_dags/tutorial.py
[2023-12-24T14:33:55.339+0000] {logging_mixin.py:188} INFO - [2023-12-24T14:33:55.339+0000] {dag.py:3033} INFO - Sync 1 DAGs
[2023-12-24T14:33:55.401+0000] {logging_mixin.py:188} INFO - [2023-12-24T14:33:55.400+0000] {dag.py:3820} INFO - Setting next_dagrun for tutorial to 2023-12-23T00:00:00+00:00, run_after=2023-12-24T00:00:00+00:00
[2023-12-24T14:33:55.461+0000] {processor.py:183} INFO - Processing /home/airflow/.local/lib/python3.8/site-packages/airflow/example_dags/tutorial.py took 0.459 seconds
[2023-12-24T14:34:25.646+0000] {processor.py:161} INFO - Started process (PID=176) to work on /home/airflow/.local/lib/python3.8/site-packages/airflow/example_dags/tutorial.py
[2023-12-24T14:34:25.648+0000] {processor.py:830} INFO - Processing file /home/airflow/.local/lib/python3.8/site-packages/airflow/example_dags/tutorial.py for tasks to queue
[2023-12-24T14:34:25.653+0000] {logging_mixin.py:188} INFO - [2023-12-24T14:34:25.652+0000] {dagbag.py:538} INFO - Filling up the DagBag from /home/airflow/.local/lib/python3.8/site-packages/airflow/example_dags/tutorial.py
[2023-12-24T14:34:25.663+0000] {processor.py:840} INFO - DAG(s) 'tutorial' retrieved from /home/airflow/.local/lib/python3.8/site-packages/airflow/example_dags/tutorial.py
[2023-12-24T14:34:25.697+0000] {logging_mixin.py:188} INFO - [2023-12-24T14:34:25.697+0000] {dag.py:3033} INFO - Sync 1 DAGs
[2023-12-24T14:34:25.735+0000] {logging_mixin.py:188} INFO - [2023-12-24T14:34:25.735+0000] {dag.py:3820} INFO - Setting next_dagrun for tutorial to 2023-12-23T00:00:00+00:00, run_after=2023-12-24T00:00:00+00:00
[2023-12-24T14:34:25.769+0000] {processor.py:183} INFO - Processing /home/airflow/.local/lib/python3.8/site-packages/airflow/example_dags/tutorial.py took 0.129 seconds
[2023-12-24T14:34:56.048+0000] {processor.py:161} INFO - Started process (PID=234) to work on /home/airflow/.local/lib/python3.8/site-packages/airflow/example_dags/tutorial.py
[2023-12-24T14:34:56.050+0000] {processor.py:830} INFO - Processing file /home/airflow/.local/lib/python3.8/site-packages/airflow/example_dags/tutorial.py for tasks to queue
[2023-12-24T14:34:56.055+0000] {logging_mixin.py:188} INFO - [2023-12-24T14:34:56.054+0000] {dagbag.py:538} INFO - Filling up the DagBag from /home/airflow/.local/lib/python3.8/site-packages/airflow/example_dags/tutorial.py
[2023-12-24T14:34:56.066+0000] {processor.py:840} INFO - DAG(s) 'tutorial' retrieved from /home/airflow/.local/lib/python3.8/site-packages/airflow/example_dags/tutorial.py
[2023-12-24T14:34:56.111+0000] {logging_mixin.py:188} INFO - [2023-12-24T14:34:56.111+0000] {dag.py:3033} INFO - Sync 1 DAGs
[2023-12-24T14:34:56.151+0000] {logging_mixin.py:188} INFO - [2023-12-24T14:34:56.151+0000] {dag.py:3820} INFO - Setting next_dagrun for tutorial to 2023-12-23T00:00:00+00:00, run_after=2023-12-24T00:00:00+00:00
[2023-12-24T14:34:56.185+0000] {processor.py:183} INFO - Processing /home/airflow/.local/lib/python3.8/site-packages/airflow/example_dags/tutorial.py took 0.143 seconds
[2023-12-24T14:35:26.588+0000] {processor.py:161} INFO - Started process (PID=292) to work on /home/airflow/.local/lib/python3.8/site-packages/airflow/example_dags/tutorial.py
[2023-12-24T14:35:26.590+0000] {processor.py:830} INFO - Processing file /home/airflow/.local/lib/python3.8/site-packages/airflow/example_dags/tutorial.py for tasks to queue
[2023-12-24T14:35:26.607+0000] {logging_mixin.py:188} INFO - [2023-12-24T14:35:26.606+0000] {dagbag.py:538} INFO - Filling up the DagBag from /home/airflow/.local/lib/python3.8/site-packages/airflow/example_dags/tutorial.py
[2023-12-24T14:35:26.625+0000] {processor.py:840} INFO - DAG(s) 'tutorial' retrieved from /home/airflow/.local/lib/python3.8/site-packages/airflow/example_dags/tutorial.py
[2023-12-24T14:35:26.687+0000] {logging_mixin.py:188} INFO - [2023-12-24T14:35:26.686+0000] {dag.py:3033} INFO - Sync 1 DAGs
[2023-12-24T14:35:26.747+0000] {logging_mixin.py:188} INFO - [2023-12-24T14:35:26.747+0000] {dag.py:3820} INFO - Setting next_dagrun for tutorial to 2023-12-23T00:00:00+00:00, run_after=2023-12-24T00:00:00+00:00
[2023-12-24T14:35:26.798+0000] {processor.py:183} INFO - Processing /home/airflow/.local/lib/python3.8/site-packages/airflow/example_dags/tutorial.py took 0.221 seconds
[2023-12-24T14:35:56.857+0000] {processor.py:161} INFO - Started process (PID=351) to work on /home/airflow/.local/lib/python3.8/site-packages/airflow/example_dags/tutorial.py
[2023-12-24T14:35:56.859+0000] {processor.py:830} INFO - Processing file /home/airflow/.local/lib/python3.8/site-packages/airflow/example_dags/tutorial.py for tasks to queue
[2023-12-24T14:35:56.865+0000] {logging_mixin.py:188} INFO - [2023-12-24T14:35:56.864+0000] {dagbag.py:538} INFO - Filling up the DagBag from /home/airflow/.local/lib/python3.8/site-packages/airflow/example_dags/tutorial.py
[2023-12-24T14:35:56.878+0000] {processor.py:840} INFO - DAG(s) 'tutorial' retrieved from /home/airflow/.local/lib/python3.8/site-packages/airflow/example_dags/tutorial.py
[2023-12-24T14:35:56.914+0000] {logging_mixin.py:188} INFO - [2023-12-24T14:35:56.913+0000] {dag.py:3033} INFO - Sync 1 DAGs
[2023-12-24T14:35:56.947+0000] {logging_mixin.py:188} INFO - [2023-12-24T14:35:56.947+0000] {dag.py:3820} INFO - Setting next_dagrun for tutorial to 2023-12-23T00:00:00+00:00, run_after=2023-12-24T00:00:00+00:00
[2023-12-24T14:35:56.975+0000] {processor.py:183} INFO - Processing /home/airflow/.local/lib/python3.8/site-packages/airflow/example_dags/tutorial.py took 0.125 seconds
[2023-12-24T14:36:27.438+0000] {processor.py:161} INFO - Started process (PID=409) to work on /home/airflow/.local/lib/python3.8/site-packages/airflow/example_dags/tutorial.py
[2023-12-24T14:36:27.440+0000] {processor.py:830} INFO - Processing file /home/airflow/.local/lib/python3.8/site-packages/airflow/example_dags/tutorial.py for tasks to queue
[2023-12-24T14:36:27.445+0000] {logging_mixin.py:188} INFO - [2023-12-24T14:36:27.443+0000] {dagbag.py:538} INFO - Filling up the DagBag from /home/airflow/.local/lib/python3.8/site-packages/airflow/example_dags/tutorial.py
[2023-12-24T14:36:27.455+0000] {processor.py:840} INFO - DAG(s) 'tutorial' retrieved from /home/airflow/.local/lib/python3.8/site-packages/airflow/example_dags/tutorial.py
[2023-12-24T14:36:27.513+0000] {logging_mixin.py:188} INFO - [2023-12-24T14:36:27.513+0000] {dag.py:3033} INFO - Sync 1 DAGs
[2023-12-24T14:36:27.553+0000] {logging_mixin.py:188} INFO - [2023-12-24T14:36:27.553+0000] {dag.py:3820} INFO - Setting next_dagrun for tutorial to 2023-12-23T00:00:00+00:00, run_after=2023-12-24T00:00:00+00:00
[2023-12-24T14:36:27.596+0000] {processor.py:183} INFO - Processing /home/airflow/.local/lib/python3.8/site-packages/airflow/example_dags/tutorial.py took 0.164 seconds
[2023-12-24T14:36:58.220+0000] {processor.py:161} INFO - Started process (PID=468) to work on /home/airflow/.local/lib/python3.8/site-packages/airflow/example_dags/tutorial.py
[2023-12-24T14:36:58.222+0000] {processor.py:830} INFO - Processing file /home/airflow/.local/lib/python3.8/site-packages/airflow/example_dags/tutorial.py for tasks to queue
[2023-12-24T14:36:58.227+0000] {logging_mixin.py:188} INFO - [2023-12-24T14:36:58.226+0000] {dagbag.py:538} INFO - Filling up the DagBag from /home/airflow/.local/lib/python3.8/site-packages/airflow/example_dags/tutorial.py
[2023-12-24T14:36:58.237+0000] {processor.py:840} INFO - DAG(s) 'tutorial' retrieved from /home/airflow/.local/lib/python3.8/site-packages/airflow/example_dags/tutorial.py
[2023-12-24T14:36:58.270+0000] {logging_mixin.py:188} INFO - [2023-12-24T14:36:58.270+0000] {dag.py:3033} INFO - Sync 1 DAGs
[2023-12-24T14:36:58.316+0000] {logging_mixin.py:188} INFO - [2023-12-24T14:36:58.316+0000] {dag.py:3820} INFO - Setting next_dagrun for tutorial to 2023-12-23T00:00:00+00:00, run_after=2023-12-24T00:00:00+00:00
[2023-12-24T14:36:58.356+0000] {processor.py:183} INFO - Processing /home/airflow/.local/lib/python3.8/site-packages/airflow/example_dags/tutorial.py took 0.143 seconds
[2023-12-24T14:37:29.366+0000] {processor.py:161} INFO - Started process (PID=527) to work on /home/airflow/.local/lib/python3.8/site-packages/airflow/example_dags/tutorial.py
[2023-12-24T14:37:29.368+0000] {processor.py:830} INFO - Processing file /home/airflow/.local/lib/python3.8/site-packages/airflow/example_dags/tutorial.py for tasks to queue
[2023-12-24T14:37:29.375+0000] {logging_mixin.py:188} INFO - [2023-12-24T14:37:29.374+0000] {dagbag.py:538} INFO - Filling up the DagBag from /home/airflow/.local/lib/python3.8/site-packages/airflow/example_dags/tutorial.py
[2023-12-24T14:37:29.390+0000] {processor.py:840} INFO - DAG(s) 'tutorial' retrieved from /home/airflow/.local/lib/python3.8/site-packages/airflow/example_dags/tutorial.py
[2023-12-24T14:37:29.435+0000] {logging_mixin.py:188} INFO - [2023-12-24T14:37:29.435+0000] {dag.py:3033} INFO - Sync 1 DAGs
[2023-12-24T14:37:29.485+0000] {logging_mixin.py:188} INFO - [2023-12-24T14:37:29.485+0000] {dag.py:3820} INFO - Setting next_dagrun for tutorial to 2023-12-23T00:00:00+00:00, run_after=2023-12-24T00:00:00+00:00
[2023-12-24T14:37:29.521+0000] {processor.py:183} INFO - Processing /home/airflow/.local/lib/python3.8/site-packages/airflow/example_dags/tutorial.py took 0.163 seconds
[2023-12-24T14:38:00.002+0000] {processor.py:161} INFO - Started process (PID=585) to work on /home/airflow/.local/lib/python3.8/site-packages/airflow/example_dags/tutorial.py
[2023-12-24T14:38:00.004+0000] {processor.py:830} INFO - Processing file /home/airflow/.local/lib/python3.8/site-packages/airflow/example_dags/tutorial.py for tasks to queue
[2023-12-24T14:38:00.010+0000] {logging_mixin.py:188} INFO - [2023-12-24T14:38:00.009+0000] {dagbag.py:538} INFO - Filling up the DagBag from /home/airflow/.local/lib/python3.8/site-packages/airflow/example_dags/tutorial.py
[2023-12-24T14:38:00.023+0000] {processor.py:840} INFO - DAG(s) 'tutorial' retrieved from /home/airflow/.local/lib/python3.8/site-packages/airflow/example_dags/tutorial.py
[2023-12-24T14:38:00.078+0000] {logging_mixin.py:188} INFO - [2023-12-24T14:38:00.077+0000] {dag.py:3033} INFO - Sync 1 DAGs
[2023-12-24T14:38:00.133+0000] {logging_mixin.py:188} INFO - [2023-12-24T14:38:00.133+0000] {dag.py:3820} INFO - Setting next_dagrun for tutorial to 2023-12-23T00:00:00+00:00, run_after=2023-12-24T00:00:00+00:00
[2023-12-24T14:38:00.192+0000] {processor.py:183} INFO - Processing /home/airflow/.local/lib/python3.8/site-packages/airflow/example_dags/tutorial.py took 0.197 seconds
[2023-12-24T14:38:30.356+0000] {processor.py:161} INFO - Started process (PID=644) to work on /home/airflow/.local/lib/python3.8/site-packages/airflow/example_dags/tutorial.py
[2023-12-24T14:38:30.357+0000] {processor.py:830} INFO - Processing file /home/airflow/.local/lib/python3.8/site-packages/airflow/example_dags/tutorial.py for tasks to queue
[2023-12-24T14:38:30.362+0000] {logging_mixin.py:188} INFO - [2023-12-24T14:38:30.361+0000] {dagbag.py:538} INFO - Filling up the DagBag from /home/airflow/.local/lib/python3.8/site-packages/airflow/example_dags/tutorial.py
[2023-12-24T14:38:30.372+0000] {processor.py:840} INFO - DAG(s) 'tutorial' retrieved from /home/airflow/.local/lib/python3.8/site-packages/airflow/example_dags/tutorial.py
[2023-12-24T14:38:30.408+0000] {logging_mixin.py:188} INFO - [2023-12-24T14:38:30.408+0000] {dag.py:3033} INFO - Sync 1 DAGs
[2023-12-24T14:38:30.460+0000] {logging_mixin.py:188} INFO - [2023-12-24T14:38:30.460+0000] {dag.py:3820} INFO - Setting next_dagrun for tutorial to 2023-12-23T00:00:00+00:00, run_after=2023-12-24T00:00:00+00:00
[2023-12-24T14:38:30.500+0000] {processor.py:183} INFO - Processing /home/airflow/.local/lib/python3.8/site-packages/airflow/example_dags/tutorial.py took 0.151 seconds
[2023-12-24T14:39:02.144+0000] {processor.py:161} INFO - Started process (PID=703) to work on /home/airflow/.local/lib/python3.8/site-packages/airflow/example_dags/tutorial.py
[2023-12-24T14:39:02.150+0000] {processor.py:830} INFO - Processing file /home/airflow/.local/lib/python3.8/site-packages/airflow/example_dags/tutorial.py for tasks to queue
[2023-12-24T14:39:02.164+0000] {logging_mixin.py:188} INFO - [2023-12-24T14:39:02.162+0000] {dagbag.py:538} INFO - Filling up the DagBag from /home/airflow/.local/lib/python3.8/site-packages/airflow/example_dags/tutorial.py
[2023-12-24T14:39:02.194+0000] {processor.py:840} INFO - DAG(s) 'tutorial' retrieved from /home/airflow/.local/lib/python3.8/site-packages/airflow/example_dags/tutorial.py
[2023-12-24T14:39:02.312+0000] {logging_mixin.py:188} INFO - [2023-12-24T14:39:02.311+0000] {dag.py:3033} INFO - Sync 1 DAGs
[2023-12-24T14:39:02.453+0000] {logging_mixin.py:188} INFO - [2023-12-24T14:39:02.451+0000] {dag.py:3820} INFO - Setting next_dagrun for tutorial to 2023-12-23T00:00:00+00:00, run_after=2023-12-24T00:00:00+00:00
[2023-12-24T14:39:02.621+0000] {processor.py:183} INFO - Processing /home/airflow/.local/lib/python3.8/site-packages/airflow/example_dags/tutorial.py took 0.486 seconds
[2023-12-24T14:39:33.233+0000] {processor.py:161} INFO - Started process (PID=762) to work on /home/airflow/.local/lib/python3.8/site-packages/airflow/example_dags/tutorial.py
[2023-12-24T14:39:33.235+0000] {processor.py:830} INFO - Processing file /home/airflow/.local/lib/python3.8/site-packages/airflow/example_dags/tutorial.py for tasks to queue
[2023-12-24T14:39:33.239+0000] {logging_mixin.py:188} INFO - [2023-12-24T14:39:33.239+0000] {dagbag.py:538} INFO - Filling up the DagBag from /home/airflow/.local/lib/python3.8/site-packages/airflow/example_dags/tutorial.py
[2023-12-24T14:39:33.250+0000] {processor.py:840} INFO - DAG(s) 'tutorial' retrieved from /home/airflow/.local/lib/python3.8/site-packages/airflow/example_dags/tutorial.py
[2023-12-24T14:39:33.288+0000] {logging_mixin.py:188} INFO - [2023-12-24T14:39:33.288+0000] {dag.py:3033} INFO - Sync 1 DAGs
[2023-12-24T14:39:33.332+0000] {logging_mixin.py:188} INFO - [2023-12-24T14:39:33.331+0000] {dag.py:3820} INFO - Setting next_dagrun for tutorial to 2023-12-23T00:00:00+00:00, run_after=2023-12-24T00:00:00+00:00
[2023-12-24T14:39:33.364+0000] {processor.py:183} INFO - Processing /home/airflow/.local/lib/python3.8/site-packages/airflow/example_dags/tutorial.py took 0.135 seconds
[2023-12-24T14:40:03.611+0000] {processor.py:161} INFO - Started process (PID=821) to work on /home/airflow/.local/lib/python3.8/site-packages/airflow/example_dags/tutorial.py
[2023-12-24T14:40:03.613+0000] {processor.py:830} INFO - Processing file /home/airflow/.local/lib/python3.8/site-packages/airflow/example_dags/tutorial.py for tasks to queue
[2023-12-24T14:40:03.618+0000] {logging_mixin.py:188} INFO - [2023-12-24T14:40:03.617+0000] {dagbag.py:538} INFO - Filling up the DagBag from /home/airflow/.local/lib/python3.8/site-packages/airflow/example_dags/tutorial.py
[2023-12-24T14:40:03.633+0000] {processor.py:840} INFO - DAG(s) 'tutorial' retrieved from /home/airflow/.local/lib/python3.8/site-packages/airflow/example_dags/tutorial.py
[2023-12-24T14:40:03.677+0000] {logging_mixin.py:188} INFO - [2023-12-24T14:40:03.677+0000] {dag.py:3033} INFO - Sync 1 DAGs
[2023-12-24T14:40:03.728+0000] {logging_mixin.py:188} INFO - [2023-12-24T14:40:03.727+0000] {dag.py:3820} INFO - Setting next_dagrun for tutorial to 2023-12-23T00:00:00+00:00, run_after=2023-12-24T00:00:00+00:00
[2023-12-24T14:40:03.769+0000] {processor.py:183} INFO - Processing /home/airflow/.local/lib/python3.8/site-packages/airflow/example_dags/tutorial.py took 0.167 seconds
[2023-12-24T14:40:34.247+0000] {processor.py:161} INFO - Started process (PID=881) to work on /home/airflow/.local/lib/python3.8/site-packages/airflow/example_dags/tutorial.py
[2023-12-24T14:40:34.248+0000] {processor.py:830} INFO - Processing file /home/airflow/.local/lib/python3.8/site-packages/airflow/example_dags/tutorial.py for tasks to queue
[2023-12-24T14:40:34.254+0000] {logging_mixin.py:188} INFO - [2023-12-24T14:40:34.253+0000] {dagbag.py:538} INFO - Filling up the DagBag from /home/airflow/.local/lib/python3.8/site-packages/airflow/example_dags/tutorial.py
[2023-12-24T14:40:34.266+0000] {processor.py:840} INFO - DAG(s) 'tutorial' retrieved from /home/airflow/.local/lib/python3.8/site-packages/airflow/example_dags/tutorial.py
[2023-12-24T14:40:34.301+0000] {logging_mixin.py:188} INFO - [2023-12-24T14:40:34.301+0000] {dag.py:3033} INFO - Sync 1 DAGs
[2023-12-24T14:40:34.344+0000] {logging_mixin.py:188} INFO - [2023-12-24T14:40:34.344+0000] {dag.py:3820} INFO - Setting next_dagrun for tutorial to 2023-12-23T00:00:00+00:00, run_after=2023-12-24T00:00:00+00:00
[2023-12-24T14:40:34.379+0000] {processor.py:183} INFO - Processing /home/airflow/.local/lib/python3.8/site-packages/airflow/example_dags/tutorial.py took 0.137 seconds
[2023-12-24T14:41:04.615+0000] {processor.py:161} INFO - Started process (PID=940) to work on /home/airflow/.local/lib/python3.8/site-packages/airflow/example_dags/tutorial.py
[2023-12-24T14:41:04.617+0000] {processor.py:830} INFO - Processing file /home/airflow/.local/lib/python3.8/site-packages/airflow/example_dags/tutorial.py for tasks to queue
[2023-12-24T14:41:04.622+0000] {logging_mixin.py:188} INFO - [2023-12-24T14:41:04.622+0000] {dagbag.py:538} INFO - Filling up the DagBag from /home/airflow/.local/lib/python3.8/site-packages/airflow/example_dags/tutorial.py
[2023-12-24T14:41:04.636+0000] {processor.py:840} INFO - DAG(s) 'tutorial' retrieved from /home/airflow/.local/lib/python3.8/site-packages/airflow/example_dags/tutorial.py
[2023-12-24T14:41:04.683+0000] {logging_mixin.py:188} INFO - [2023-12-24T14:41:04.683+0000] {dag.py:3033} INFO - Sync 1 DAGs
[2023-12-24T14:41:04.738+0000] {logging_mixin.py:188} INFO - [2023-12-24T14:41:04.738+0000] {dag.py:3820} INFO - Setting next_dagrun for tutorial to 2023-12-23T00:00:00+00:00, run_after=2023-12-24T00:00:00+00:00
[2023-12-24T14:41:04.773+0000] {processor.py:183} INFO - Processing /home/airflow/.local/lib/python3.8/site-packages/airflow/example_dags/tutorial.py took 0.165 seconds
[2023-12-24T14:41:34.896+0000] {processor.py:161} INFO - Started process (PID=999) to work on /home/airflow/.local/lib/python3.8/site-packages/airflow/example_dags/tutorial.py
[2023-12-24T14:41:34.898+0000] {processor.py:830} INFO - Processing file /home/airflow/.local/lib/python3.8/site-packages/airflow/example_dags/tutorial.py for tasks to queue
[2023-12-24T14:41:34.903+0000] {logging_mixin.py:188} INFO - [2023-12-24T14:41:34.902+0000] {dagbag.py:538} INFO - Filling up the DagBag from /home/airflow/.local/lib/python3.8/site-packages/airflow/example_dags/tutorial.py
[2023-12-24T14:41:34.914+0000] {processor.py:840} INFO - DAG(s) 'tutorial' retrieved from /home/airflow/.local/lib/python3.8/site-packages/airflow/example_dags/tutorial.py
[2023-12-24T14:41:34.956+0000] {logging_mixin.py:188} INFO - [2023-12-24T14:41:34.956+0000] {dag.py:3033} INFO - Sync 1 DAGs
[2023-12-24T14:41:35.011+0000] {logging_mixin.py:188} INFO - [2023-12-24T14:41:35.010+0000] {dag.py:3820} INFO - Setting next_dagrun for tutorial to 2023-12-23T00:00:00+00:00, run_after=2023-12-24T00:00:00+00:00
[2023-12-24T14:41:35.052+0000] {processor.py:183} INFO - Processing /home/airflow/.local/lib/python3.8/site-packages/airflow/example_dags/tutorial.py took 0.162 seconds
[2023-12-24T14:42:05.177+0000] {processor.py:161} INFO - Started process (PID=1057) to work on /home/airflow/.local/lib/python3.8/site-packages/airflow/example_dags/tutorial.py
[2023-12-24T14:42:05.179+0000] {processor.py:830} INFO - Processing file /home/airflow/.local/lib/python3.8/site-packages/airflow/example_dags/tutorial.py for tasks to queue
[2023-12-24T14:42:05.185+0000] {logging_mixin.py:188} INFO - [2023-12-24T14:42:05.184+0000] {dagbag.py:538} INFO - Filling up the DagBag from /home/airflow/.local/lib/python3.8/site-packages/airflow/example_dags/tutorial.py
[2023-12-24T14:42:05.202+0000] {processor.py:840} INFO - DAG(s) 'tutorial' retrieved from /home/airflow/.local/lib/python3.8/site-packages/airflow/example_dags/tutorial.py
[2023-12-24T14:42:05.248+0000] {logging_mixin.py:188} INFO - [2023-12-24T14:42:05.247+0000] {dag.py:3033} INFO - Sync 1 DAGs
[2023-12-24T14:42:05.297+0000] {logging_mixin.py:188} INFO - [2023-12-24T14:42:05.296+0000] {dag.py:3820} INFO - Setting next_dagrun for tutorial to 2023-12-23T00:00:00+00:00, run_after=2023-12-24T00:00:00+00:00
[2023-12-24T14:42:05.331+0000] {processor.py:183} INFO - Processing /home/airflow/.local/lib/python3.8/site-packages/airflow/example_dags/tutorial.py took 0.163 seconds
[2023-12-24T14:42:35.806+0000] {processor.py:161} INFO - Started process (PID=1116) to work on /home/airflow/.local/lib/python3.8/site-packages/airflow/example_dags/tutorial.py
[2023-12-24T14:42:35.808+0000] {processor.py:830} INFO - Processing file /home/airflow/.local/lib/python3.8/site-packages/airflow/example_dags/tutorial.py for tasks to queue
[2023-12-24T14:42:35.812+0000] {logging_mixin.py:188} INFO - [2023-12-24T14:42:35.812+0000] {dagbag.py:538} INFO - Filling up the DagBag from /home/airflow/.local/lib/python3.8/site-packages/airflow/example_dags/tutorial.py
[2023-12-24T14:42:35.835+0000] {processor.py:840} INFO - DAG(s) 'tutorial' retrieved from /home/airflow/.local/lib/python3.8/site-packages/airflow/example_dags/tutorial.py
[2023-12-24T14:42:35.906+0000] {logging_mixin.py:188} INFO - [2023-12-24T14:42:35.906+0000] {dag.py:3033} INFO - Sync 1 DAGs
[2023-12-24T14:42:36.038+0000] {logging_mixin.py:188} INFO - [2023-12-24T14:42:36.038+0000] {dag.py:3820} INFO - Setting next_dagrun for tutorial to 2023-12-23T00:00:00+00:00, run_after=2023-12-24T00:00:00+00:00
[2023-12-24T14:42:36.149+0000] {processor.py:183} INFO - Processing /home/airflow/.local/lib/python3.8/site-packages/airflow/example_dags/tutorial.py took 0.349 seconds
[2023-12-24T14:43:07.069+0000] {processor.py:161} INFO - Started process (PID=1174) to work on /home/airflow/.local/lib/python3.8/site-packages/airflow/example_dags/tutorial.py
[2023-12-24T14:43:07.070+0000] {processor.py:830} INFO - Processing file /home/airflow/.local/lib/python3.8/site-packages/airflow/example_dags/tutorial.py for tasks to queue
[2023-12-24T14:43:07.076+0000] {logging_mixin.py:188} INFO - [2023-12-24T14:43:07.075+0000] {dagbag.py:538} INFO - Filling up the DagBag from /home/airflow/.local/lib/python3.8/site-packages/airflow/example_dags/tutorial.py
[2023-12-24T14:43:07.088+0000] {processor.py:840} INFO - DAG(s) 'tutorial' retrieved from /home/airflow/.local/lib/python3.8/site-packages/airflow/example_dags/tutorial.py
[2023-12-24T14:43:07.134+0000] {logging_mixin.py:188} INFO - [2023-12-24T14:43:07.133+0000] {dag.py:3033} INFO - Sync 1 DAGs
[2023-12-24T14:43:07.181+0000] {logging_mixin.py:188} INFO - [2023-12-24T14:43:07.181+0000] {dag.py:3820} INFO - Setting next_dagrun for tutorial to 2023-12-23T00:00:00+00:00, run_after=2023-12-24T00:00:00+00:00
[2023-12-24T14:43:07.224+0000] {processor.py:183} INFO - Processing /home/airflow/.local/lib/python3.8/site-packages/airflow/example_dags/tutorial.py took 0.162 seconds
[2023-12-24T14:43:38.101+0000] {processor.py:161} INFO - Started process (PID=1233) to work on /home/airflow/.local/lib/python3.8/site-packages/airflow/example_dags/tutorial.py
[2023-12-24T14:43:38.103+0000] {processor.py:830} INFO - Processing file /home/airflow/.local/lib/python3.8/site-packages/airflow/example_dags/tutorial.py for tasks to queue
[2023-12-24T14:43:38.108+0000] {logging_mixin.py:188} INFO - [2023-12-24T14:43:38.108+0000] {dagbag.py:538} INFO - Filling up the DagBag from /home/airflow/.local/lib/python3.8/site-packages/airflow/example_dags/tutorial.py
[2023-12-24T14:43:38.124+0000] {processor.py:840} INFO - DAG(s) 'tutorial' retrieved from /home/airflow/.local/lib/python3.8/site-packages/airflow/example_dags/tutorial.py
[2023-12-24T14:43:38.173+0000] {logging_mixin.py:188} INFO - [2023-12-24T14:43:38.173+0000] {dag.py:3033} INFO - Sync 1 DAGs
[2023-12-24T14:43:38.222+0000] {logging_mixin.py:188} INFO - [2023-12-24T14:43:38.222+0000] {dag.py:3820} INFO - Setting next_dagrun for tutorial to 2023-12-23T00:00:00+00:00, run_after=2023-12-24T00:00:00+00:00
[2023-12-24T14:43:38.272+0000] {processor.py:183} INFO - Processing /home/airflow/.local/lib/python3.8/site-packages/airflow/example_dags/tutorial.py took 0.180 seconds
[2023-12-24T14:44:09.251+0000] {processor.py:161} INFO - Started process (PID=1292) to work on /home/airflow/.local/lib/python3.8/site-packages/airflow/example_dags/tutorial.py
[2023-12-24T14:44:09.253+0000] {processor.py:830} INFO - Processing file /home/airflow/.local/lib/python3.8/site-packages/airflow/example_dags/tutorial.py for tasks to queue
[2023-12-24T14:44:09.258+0000] {logging_mixin.py:188} INFO - [2023-12-24T14:44:09.257+0000] {dagbag.py:538} INFO - Filling up the DagBag from /home/airflow/.local/lib/python3.8/site-packages/airflow/example_dags/tutorial.py
[2023-12-24T14:44:09.272+0000] {processor.py:840} INFO - DAG(s) 'tutorial' retrieved from /home/airflow/.local/lib/python3.8/site-packages/airflow/example_dags/tutorial.py
[2023-12-24T14:44:09.313+0000] {logging_mixin.py:188} INFO - [2023-12-24T14:44:09.313+0000] {dag.py:3033} INFO - Sync 1 DAGs
[2023-12-24T14:44:09.368+0000] {logging_mixin.py:188} INFO - [2023-12-24T14:44:09.367+0000] {dag.py:3820} INFO - Setting next_dagrun for tutorial to 2023-12-23T00:00:00+00:00, run_after=2023-12-24T00:00:00+00:00
[2023-12-24T14:44:09.410+0000] {processor.py:183} INFO - Processing /home/airflow/.local/lib/python3.8/site-packages/airflow/example_dags/tutorial.py took 0.168 seconds
[2023-12-24T14:44:39.681+0000] {processor.py:161} INFO - Started process (PID=1350) to work on /home/airflow/.local/lib/python3.8/site-packages/airflow/example_dags/tutorial.py
[2023-12-24T14:44:39.683+0000] {processor.py:830} INFO - Processing file /home/airflow/.local/lib/python3.8/site-packages/airflow/example_dags/tutorial.py for tasks to queue
[2023-12-24T14:44:39.687+0000] {logging_mixin.py:188} INFO - [2023-12-24T14:44:39.687+0000] {dagbag.py:538} INFO - Filling up the DagBag from /home/airflow/.local/lib/python3.8/site-packages/airflow/example_dags/tutorial.py
[2023-12-24T14:44:39.699+0000] {processor.py:840} INFO - DAG(s) 'tutorial' retrieved from /home/airflow/.local/lib/python3.8/site-packages/airflow/example_dags/tutorial.py
[2023-12-24T14:44:39.743+0000] {logging_mixin.py:188} INFO - [2023-12-24T14:44:39.743+0000] {dag.py:3033} INFO - Sync 1 DAGs
[2023-12-24T14:44:39.793+0000] {logging_mixin.py:188} INFO - [2023-12-24T14:44:39.792+0000] {dag.py:3820} INFO - Setting next_dagrun for tutorial to 2023-12-23T00:00:00+00:00, run_after=2023-12-24T00:00:00+00:00
[2023-12-24T14:44:39.833+0000] {processor.py:183} INFO - Processing /home/airflow/.local/lib/python3.8/site-packages/airflow/example_dags/tutorial.py took 0.158 seconds
[2023-12-24T14:45:10.207+0000] {processor.py:161} INFO - Started process (PID=1409) to work on /home/airflow/.local/lib/python3.8/site-packages/airflow/example_dags/tutorial.py
[2023-12-24T14:45:10.209+0000] {processor.py:830} INFO - Processing file /home/airflow/.local/lib/python3.8/site-packages/airflow/example_dags/tutorial.py for tasks to queue
[2023-12-24T14:45:10.213+0000] {logging_mixin.py:188} INFO - [2023-12-24T14:45:10.213+0000] {dagbag.py:538} INFO - Filling up the DagBag from /home/airflow/.local/lib/python3.8/site-packages/airflow/example_dags/tutorial.py
[2023-12-24T14:45:10.225+0000] {processor.py:840} INFO - DAG(s) 'tutorial' retrieved from /home/airflow/.local/lib/python3.8/site-packages/airflow/example_dags/tutorial.py
[2023-12-24T14:45:10.267+0000] {logging_mixin.py:188} INFO - [2023-12-24T14:45:10.267+0000] {dag.py:3033} INFO - Sync 1 DAGs
[2023-12-24T14:45:10.326+0000] {logging_mixin.py:188} INFO - [2023-12-24T14:45:10.326+0000] {dag.py:3820} INFO - Setting next_dagrun for tutorial to 2023-12-23T00:00:00+00:00, run_after=2023-12-24T00:00:00+00:00
[2023-12-24T14:45:10.405+0000] {processor.py:183} INFO - Processing /home/airflow/.local/lib/python3.8/site-packages/airflow/example_dags/tutorial.py took 0.207 seconds
