[2023-12-24T14:03:43.919+0000] {processor.py:161} INFO - Started process (PID=85) to work on /opt/airflow/dags/dbt_run.py
[2023-12-24T14:03:43.921+0000] {processor.py:830} INFO - Processing file /opt/airflow/dags/dbt_run.py for tasks to queue
[2023-12-24T14:03:43.925+0000] {logging_mixin.py:188} INFO - [2023-12-24T14:03:43.924+0000] {dagbag.py:538} INFO - Filling up the DagBag from /opt/airflow/dags/dbt_run.py
[2023-12-24T14:03:43.950+0000] {processor.py:840} INFO - DAG(s) 'Traffic_dbt_dag' retrieved from /opt/airflow/dags/dbt_run.py
[2023-12-24T14:03:44.160+0000] {logging_mixin.py:188} INFO - [2023-12-24T14:03:44.160+0000] {override.py:1769} INFO - Created Permission View: can read on DAG:Traffic_dbt_dag
[2023-12-24T14:03:44.172+0000] {logging_mixin.py:188} INFO - [2023-12-24T14:03:44.171+0000] {override.py:1769} INFO - Created Permission View: can edit on DAG:Traffic_dbt_dag
[2023-12-24T14:03:44.180+0000] {logging_mixin.py:188} INFO - [2023-12-24T14:03:44.179+0000] {override.py:1769} INFO - Created Permission View: can delete on DAG:Traffic_dbt_dag
[2023-12-24T14:03:44.180+0000] {logging_mixin.py:188} INFO - [2023-12-24T14:03:44.180+0000] {dag.py:3033} INFO - Sync 1 DAGs
[2023-12-24T14:03:44.194+0000] {logging_mixin.py:188} INFO - [2023-12-24T14:03:44.194+0000] {dag.py:3055} INFO - Creating ORM DAG for Traffic_dbt_dag
[2023-12-24T14:03:44.196+0000] {logging_mixin.py:188} INFO - [2023-12-24T14:03:44.195+0000] {dag.py:3820} INFO - Setting next_dagrun for Traffic_dbt_dag to None, run_after=None
[2023-12-24T14:03:44.214+0000] {processor.py:183} INFO - Processing /opt/airflow/dags/dbt_run.py took 0.300 seconds
[2023-12-24T14:05:43.100+0000] {processor.py:161} INFO - Started process (PID=42) to work on /opt/airflow/dags/dbt_run.py
[2023-12-24T14:05:43.102+0000] {processor.py:830} INFO - Processing file /opt/airflow/dags/dbt_run.py for tasks to queue
[2023-12-24T14:05:43.107+0000] {logging_mixin.py:188} INFO - [2023-12-24T14:05:43.107+0000] {dagbag.py:538} INFO - Filling up the DagBag from /opt/airflow/dags/dbt_run.py
[2023-12-24T14:05:43.223+0000] {processor.py:840} INFO - DAG(s) 'Traffic_dbt_dag' retrieved from /opt/airflow/dags/dbt_run.py
[2023-12-24T14:05:43.913+0000] {logging_mixin.py:188} INFO - [2023-12-24T14:05:43.913+0000] {dag.py:3033} INFO - Sync 1 DAGs
[2023-12-24T14:05:43.959+0000] {logging_mixin.py:188} INFO - [2023-12-24T14:05:43.958+0000] {dag.py:3820} INFO - Setting next_dagrun for Traffic_dbt_dag to None, run_after=None
[2023-12-24T14:05:44.073+0000] {processor.py:183} INFO - Processing /opt/airflow/dags/dbt_run.py took 0.986 seconds
[2023-12-24T14:06:33.474+0000] {processor.py:161} INFO - Started process (PID=35) to work on /opt/airflow/dags/dbt_run.py
[2023-12-24T14:06:33.478+0000] {processor.py:830} INFO - Processing file /opt/airflow/dags/dbt_run.py for tasks to queue
[2023-12-24T14:06:33.484+0000] {logging_mixin.py:188} INFO - [2023-12-24T14:06:33.483+0000] {dagbag.py:538} INFO - Filling up the DagBag from /opt/airflow/dags/dbt_run.py
[2023-12-24T14:06:33.511+0000] {processor.py:840} INFO - DAG(s) 'Traffic_dbt_dag' retrieved from /opt/airflow/dags/dbt_run.py
[2023-12-24T14:06:33.625+0000] {logging_mixin.py:188} INFO - [2023-12-24T14:06:33.625+0000] {dag.py:3033} INFO - Sync 1 DAGs
[2023-12-24T14:06:33.657+0000] {logging_mixin.py:188} INFO - [2023-12-24T14:06:33.657+0000] {dag.py:3820} INFO - Setting next_dagrun for Traffic_dbt_dag to None, run_after=None
[2023-12-24T14:06:33.693+0000] {processor.py:183} INFO - Processing /opt/airflow/dags/dbt_run.py took 0.228 seconds
[2023-12-24T14:07:03.941+0000] {processor.py:161} INFO - Started process (PID=93) to work on /opt/airflow/dags/dbt_run.py
[2023-12-24T14:07:03.944+0000] {processor.py:830} INFO - Processing file /opt/airflow/dags/dbt_run.py for tasks to queue
[2023-12-24T14:07:03.972+0000] {logging_mixin.py:188} INFO - [2023-12-24T14:07:03.971+0000] {dagbag.py:538} INFO - Filling up the DagBag from /opt/airflow/dags/dbt_run.py
[2023-12-24T14:07:04.015+0000] {processor.py:840} INFO - DAG(s) 'Traffic_dbt_dag' retrieved from /opt/airflow/dags/dbt_run.py
[2023-12-24T14:07:04.080+0000] {logging_mixin.py:188} INFO - [2023-12-24T14:07:04.079+0000] {dag.py:3033} INFO - Sync 1 DAGs
[2023-12-24T14:07:04.106+0000] {logging_mixin.py:188} INFO - [2023-12-24T14:07:04.106+0000] {dag.py:3820} INFO - Setting next_dagrun for Traffic_dbt_dag to None, run_after=None
[2023-12-24T14:07:04.144+0000] {processor.py:183} INFO - Processing /opt/airflow/dags/dbt_run.py took 0.212 seconds
[2023-12-24T14:07:34.407+0000] {processor.py:161} INFO - Started process (PID=153) to work on /opt/airflow/dags/dbt_run.py
[2023-12-24T14:07:34.415+0000] {processor.py:830} INFO - Processing file /opt/airflow/dags/dbt_run.py for tasks to queue
[2023-12-24T14:07:34.423+0000] {logging_mixin.py:188} INFO - [2023-12-24T14:07:34.422+0000] {dagbag.py:538} INFO - Filling up the DagBag from /opt/airflow/dags/dbt_run.py
[2023-12-24T14:07:34.463+0000] {processor.py:840} INFO - DAG(s) 'Traffic_dbt_dag' retrieved from /opt/airflow/dags/dbt_run.py
[2023-12-24T14:07:34.539+0000] {logging_mixin.py:188} INFO - [2023-12-24T14:07:34.539+0000] {dag.py:3033} INFO - Sync 1 DAGs
[2023-12-24T14:07:34.574+0000] {logging_mixin.py:188} INFO - [2023-12-24T14:07:34.574+0000] {dag.py:3820} INFO - Setting next_dagrun for Traffic_dbt_dag to None, run_after=None
[2023-12-24T14:07:34.654+0000] {processor.py:183} INFO - Processing /opt/airflow/dags/dbt_run.py took 0.256 seconds
[2023-12-24T14:08:05.004+0000] {processor.py:161} INFO - Started process (PID=211) to work on /opt/airflow/dags/dbt_run.py
[2023-12-24T14:08:05.005+0000] {processor.py:830} INFO - Processing file /opt/airflow/dags/dbt_run.py for tasks to queue
[2023-12-24T14:08:05.011+0000] {logging_mixin.py:188} INFO - [2023-12-24T14:08:05.011+0000] {dagbag.py:538} INFO - Filling up the DagBag from /opt/airflow/dags/dbt_run.py
[2023-12-24T14:08:05.027+0000] {processor.py:840} INFO - DAG(s) 'Traffic_dbt_dag' retrieved from /opt/airflow/dags/dbt_run.py
[2023-12-24T14:08:05.065+0000] {logging_mixin.py:188} INFO - [2023-12-24T14:08:05.065+0000] {dag.py:3033} INFO - Sync 1 DAGs
[2023-12-24T14:08:05.091+0000] {logging_mixin.py:188} INFO - [2023-12-24T14:08:05.091+0000] {dag.py:3820} INFO - Setting next_dagrun for Traffic_dbt_dag to None, run_after=None
[2023-12-24T14:08:05.123+0000] {processor.py:183} INFO - Processing /opt/airflow/dags/dbt_run.py took 0.125 seconds
[2023-12-24T14:08:35.233+0000] {processor.py:161} INFO - Started process (PID=270) to work on /opt/airflow/dags/dbt_run.py
[2023-12-24T14:08:35.235+0000] {processor.py:830} INFO - Processing file /opt/airflow/dags/dbt_run.py for tasks to queue
[2023-12-24T14:08:35.240+0000] {logging_mixin.py:188} INFO - [2023-12-24T14:08:35.239+0000] {dagbag.py:538} INFO - Filling up the DagBag from /opt/airflow/dags/dbt_run.py
[2023-12-24T14:08:35.251+0000] {processor.py:840} INFO - DAG(s) 'Traffic_dbt_dag' retrieved from /opt/airflow/dags/dbt_run.py
[2023-12-24T14:08:35.284+0000] {logging_mixin.py:188} INFO - [2023-12-24T14:08:35.284+0000] {dag.py:3033} INFO - Sync 1 DAGs
[2023-12-24T14:08:35.306+0000] {logging_mixin.py:188} INFO - [2023-12-24T14:08:35.305+0000] {dag.py:3820} INFO - Setting next_dagrun for Traffic_dbt_dag to None, run_after=None
[2023-12-24T14:08:35.339+0000] {processor.py:183} INFO - Processing /opt/airflow/dags/dbt_run.py took 0.112 seconds
[2023-12-24T14:09:06.009+0000] {processor.py:161} INFO - Started process (PID=330) to work on /opt/airflow/dags/dbt_run.py
[2023-12-24T14:09:06.010+0000] {processor.py:830} INFO - Processing file /opt/airflow/dags/dbt_run.py for tasks to queue
[2023-12-24T14:09:06.015+0000] {logging_mixin.py:188} INFO - [2023-12-24T14:09:06.014+0000] {dagbag.py:538} INFO - Filling up the DagBag from /opt/airflow/dags/dbt_run.py
[2023-12-24T14:09:06.026+0000] {processor.py:840} INFO - DAG(s) 'Traffic_dbt_dag' retrieved from /opt/airflow/dags/dbt_run.py
[2023-12-24T14:09:06.062+0000] {logging_mixin.py:188} INFO - [2023-12-24T14:09:06.062+0000] {dag.py:3033} INFO - Sync 1 DAGs
[2023-12-24T14:09:06.087+0000] {logging_mixin.py:188} INFO - [2023-12-24T14:09:06.087+0000] {dag.py:3820} INFO - Setting next_dagrun for Traffic_dbt_dag to None, run_after=None
[2023-12-24T14:09:06.120+0000] {processor.py:183} INFO - Processing /opt/airflow/dags/dbt_run.py took 0.118 seconds
[2023-12-24T14:09:36.238+0000] {processor.py:161} INFO - Started process (PID=390) to work on /opt/airflow/dags/dbt_run.py
[2023-12-24T14:09:36.240+0000] {processor.py:830} INFO - Processing file /opt/airflow/dags/dbt_run.py for tasks to queue
[2023-12-24T14:09:36.246+0000] {logging_mixin.py:188} INFO - [2023-12-24T14:09:36.245+0000] {dagbag.py:538} INFO - Filling up the DagBag from /opt/airflow/dags/dbt_run.py
[2023-12-24T14:09:36.259+0000] {processor.py:840} INFO - DAG(s) 'Traffic_dbt_dag' retrieved from /opt/airflow/dags/dbt_run.py
[2023-12-24T14:09:36.302+0000] {logging_mixin.py:188} INFO - [2023-12-24T14:09:36.301+0000] {dag.py:3033} INFO - Sync 1 DAGs
[2023-12-24T14:09:36.325+0000] {logging_mixin.py:188} INFO - [2023-12-24T14:09:36.324+0000] {dag.py:3820} INFO - Setting next_dagrun for Traffic_dbt_dag to None, run_after=None
[2023-12-24T14:09:36.364+0000] {processor.py:183} INFO - Processing /opt/airflow/dags/dbt_run.py took 0.134 seconds
[2023-12-24T14:10:06.463+0000] {processor.py:161} INFO - Started process (PID=448) to work on /opt/airflow/dags/dbt_run.py
[2023-12-24T14:10:06.464+0000] {processor.py:830} INFO - Processing file /opt/airflow/dags/dbt_run.py for tasks to queue
[2023-12-24T14:10:06.469+0000] {logging_mixin.py:188} INFO - [2023-12-24T14:10:06.469+0000] {dagbag.py:538} INFO - Filling up the DagBag from /opt/airflow/dags/dbt_run.py
[2023-12-24T14:10:06.484+0000] {processor.py:840} INFO - DAG(s) 'Traffic_dbt_dag' retrieved from /opt/airflow/dags/dbt_run.py
[2023-12-24T14:10:06.519+0000] {logging_mixin.py:188} INFO - [2023-12-24T14:10:06.519+0000] {dag.py:3033} INFO - Sync 1 DAGs
[2023-12-24T14:10:06.546+0000] {logging_mixin.py:188} INFO - [2023-12-24T14:10:06.545+0000] {dag.py:3820} INFO - Setting next_dagrun for Traffic_dbt_dag to None, run_after=None
[2023-12-24T14:10:06.574+0000] {processor.py:183} INFO - Processing /opt/airflow/dags/dbt_run.py took 0.120 seconds
[2023-12-24T14:10:37.083+0000] {processor.py:161} INFO - Started process (PID=506) to work on /opt/airflow/dags/dbt_run.py
[2023-12-24T14:10:37.085+0000] {processor.py:830} INFO - Processing file /opt/airflow/dags/dbt_run.py for tasks to queue
[2023-12-24T14:10:37.090+0000] {logging_mixin.py:188} INFO - [2023-12-24T14:10:37.089+0000] {dagbag.py:538} INFO - Filling up the DagBag from /opt/airflow/dags/dbt_run.py
[2023-12-24T14:10:37.107+0000] {processor.py:840} INFO - DAG(s) 'Traffic_dbt_dag' retrieved from /opt/airflow/dags/dbt_run.py
[2023-12-24T14:10:37.151+0000] {logging_mixin.py:188} INFO - [2023-12-24T14:10:37.150+0000] {dag.py:3033} INFO - Sync 1 DAGs
[2023-12-24T14:10:37.179+0000] {logging_mixin.py:188} INFO - [2023-12-24T14:10:37.179+0000] {dag.py:3820} INFO - Setting next_dagrun for Traffic_dbt_dag to None, run_after=None
[2023-12-24T14:10:37.224+0000] {processor.py:183} INFO - Processing /opt/airflow/dags/dbt_run.py took 0.148 seconds
[2023-12-24T14:11:07.442+0000] {processor.py:161} INFO - Started process (PID=565) to work on /opt/airflow/dags/dbt_run.py
[2023-12-24T14:11:07.444+0000] {processor.py:830} INFO - Processing file /opt/airflow/dags/dbt_run.py for tasks to queue
[2023-12-24T14:11:07.449+0000] {logging_mixin.py:188} INFO - [2023-12-24T14:11:07.449+0000] {dagbag.py:538} INFO - Filling up the DagBag from /opt/airflow/dags/dbt_run.py
[2023-12-24T14:11:07.467+0000] {processor.py:840} INFO - DAG(s) 'Traffic_dbt_dag' retrieved from /opt/airflow/dags/dbt_run.py
[2023-12-24T14:11:07.515+0000] {logging_mixin.py:188} INFO - [2023-12-24T14:11:07.514+0000] {dag.py:3033} INFO - Sync 1 DAGs
[2023-12-24T14:11:07.547+0000] {logging_mixin.py:188} INFO - [2023-12-24T14:11:07.546+0000] {dag.py:3820} INFO - Setting next_dagrun for Traffic_dbt_dag to None, run_after=None
[2023-12-24T14:11:07.620+0000] {processor.py:183} INFO - Processing /opt/airflow/dags/dbt_run.py took 0.186 seconds
[2023-12-24T14:11:38.322+0000] {processor.py:161} INFO - Started process (PID=625) to work on /opt/airflow/dags/dbt_run.py
[2023-12-24T14:11:38.326+0000] {processor.py:830} INFO - Processing file /opt/airflow/dags/dbt_run.py for tasks to queue
[2023-12-24T14:11:38.334+0000] {logging_mixin.py:188} INFO - [2023-12-24T14:11:38.334+0000] {dagbag.py:538} INFO - Filling up the DagBag from /opt/airflow/dags/dbt_run.py
[2023-12-24T14:11:38.358+0000] {processor.py:840} INFO - DAG(s) 'Traffic_dbt_dag' retrieved from /opt/airflow/dags/dbt_run.py
[2023-12-24T14:11:38.595+0000] {logging_mixin.py:188} INFO - [2023-12-24T14:11:38.595+0000] {dag.py:3033} INFO - Sync 1 DAGs
[2023-12-24T14:11:38.641+0000] {logging_mixin.py:188} INFO - [2023-12-24T14:11:38.641+0000] {dag.py:3820} INFO - Setting next_dagrun for Traffic_dbt_dag to None, run_after=None
[2023-12-24T14:11:38.715+0000] {processor.py:183} INFO - Processing /opt/airflow/dags/dbt_run.py took 0.399 seconds
[2023-12-24T14:12:08.943+0000] {processor.py:161} INFO - Started process (PID=683) to work on /opt/airflow/dags/dbt_run.py
[2023-12-24T14:12:08.945+0000] {processor.py:830} INFO - Processing file /opt/airflow/dags/dbt_run.py for tasks to queue
[2023-12-24T14:12:08.951+0000] {logging_mixin.py:188} INFO - [2023-12-24T14:12:08.950+0000] {dagbag.py:538} INFO - Filling up the DagBag from /opt/airflow/dags/dbt_run.py
[2023-12-24T14:12:08.964+0000] {processor.py:840} INFO - DAG(s) 'Traffic_dbt_dag' retrieved from /opt/airflow/dags/dbt_run.py
[2023-12-24T14:12:09.002+0000] {logging_mixin.py:188} INFO - [2023-12-24T14:12:09.002+0000] {dag.py:3033} INFO - Sync 1 DAGs
[2023-12-24T14:12:09.025+0000] {logging_mixin.py:188} INFO - [2023-12-24T14:12:09.025+0000] {dag.py:3820} INFO - Setting next_dagrun for Traffic_dbt_dag to None, run_after=None
[2023-12-24T14:12:09.061+0000] {processor.py:183} INFO - Processing /opt/airflow/dags/dbt_run.py took 0.125 seconds
[2023-12-24T14:12:39.648+0000] {processor.py:161} INFO - Started process (PID=742) to work on /opt/airflow/dags/dbt_run.py
[2023-12-24T14:12:39.650+0000] {processor.py:830} INFO - Processing file /opt/airflow/dags/dbt_run.py for tasks to queue
[2023-12-24T14:12:39.661+0000] {logging_mixin.py:188} INFO - [2023-12-24T14:12:39.660+0000] {dagbag.py:538} INFO - Filling up the DagBag from /opt/airflow/dags/dbt_run.py
[2023-12-24T14:12:39.683+0000] {processor.py:840} INFO - DAG(s) 'Traffic_dbt_dag' retrieved from /opt/airflow/dags/dbt_run.py
[2023-12-24T14:12:39.734+0000] {logging_mixin.py:188} INFO - [2023-12-24T14:12:39.734+0000] {dag.py:3033} INFO - Sync 1 DAGs
[2023-12-24T14:12:39.770+0000] {logging_mixin.py:188} INFO - [2023-12-24T14:12:39.770+0000] {dag.py:3820} INFO - Setting next_dagrun for Traffic_dbt_dag to None, run_after=None
[2023-12-24T14:12:39.828+0000] {processor.py:183} INFO - Processing /opt/airflow/dags/dbt_run.py took 0.189 seconds
[2023-12-24T14:13:10.411+0000] {processor.py:161} INFO - Started process (PID=801) to work on /opt/airflow/dags/dbt_run.py
[2023-12-24T14:13:10.413+0000] {processor.py:830} INFO - Processing file /opt/airflow/dags/dbt_run.py for tasks to queue
[2023-12-24T14:13:10.418+0000] {logging_mixin.py:188} INFO - [2023-12-24T14:13:10.418+0000] {dagbag.py:538} INFO - Filling up the DagBag from /opt/airflow/dags/dbt_run.py
[2023-12-24T14:13:10.433+0000] {processor.py:840} INFO - DAG(s) 'Traffic_dbt_dag' retrieved from /opt/airflow/dags/dbt_run.py
[2023-12-24T14:13:10.473+0000] {logging_mixin.py:188} INFO - [2023-12-24T14:13:10.473+0000] {dag.py:3033} INFO - Sync 1 DAGs
[2023-12-24T14:13:10.504+0000] {logging_mixin.py:188} INFO - [2023-12-24T14:13:10.504+0000] {dag.py:3820} INFO - Setting next_dagrun for Traffic_dbt_dag to None, run_after=None
[2023-12-24T14:13:10.548+0000] {processor.py:183} INFO - Processing /opt/airflow/dags/dbt_run.py took 0.145 seconds
[2023-12-24T14:13:40.923+0000] {processor.py:161} INFO - Started process (PID=860) to work on /opt/airflow/dags/dbt_run.py
[2023-12-24T14:13:40.925+0000] {processor.py:830} INFO - Processing file /opt/airflow/dags/dbt_run.py for tasks to queue
[2023-12-24T14:13:40.930+0000] {logging_mixin.py:188} INFO - [2023-12-24T14:13:40.929+0000] {dagbag.py:538} INFO - Filling up the DagBag from /opt/airflow/dags/dbt_run.py
[2023-12-24T14:13:40.941+0000] {processor.py:840} INFO - DAG(s) 'Traffic_dbt_dag' retrieved from /opt/airflow/dags/dbt_run.py
[2023-12-24T14:13:40.975+0000] {logging_mixin.py:188} INFO - [2023-12-24T14:13:40.975+0000] {dag.py:3033} INFO - Sync 1 DAGs
[2023-12-24T14:13:41.003+0000] {logging_mixin.py:188} INFO - [2023-12-24T14:13:41.003+0000] {dag.py:3820} INFO - Setting next_dagrun for Traffic_dbt_dag to None, run_after=None
[2023-12-24T14:13:41.039+0000] {processor.py:183} INFO - Processing /opt/airflow/dags/dbt_run.py took 0.121 seconds
[2023-12-24T14:14:11.094+0000] {processor.py:161} INFO - Started process (PID=920) to work on /opt/airflow/dags/dbt_run.py
[2023-12-24T14:14:11.095+0000] {processor.py:830} INFO - Processing file /opt/airflow/dags/dbt_run.py for tasks to queue
[2023-12-24T14:14:11.101+0000] {logging_mixin.py:188} INFO - [2023-12-24T14:14:11.101+0000] {dagbag.py:538} INFO - Filling up the DagBag from /opt/airflow/dags/dbt_run.py
[2023-12-24T14:14:11.112+0000] {processor.py:840} INFO - DAG(s) 'Traffic_dbt_dag' retrieved from /opt/airflow/dags/dbt_run.py
[2023-12-24T14:14:11.141+0000] {logging_mixin.py:188} INFO - [2023-12-24T14:14:11.141+0000] {dag.py:3033} INFO - Sync 1 DAGs
[2023-12-24T14:14:11.161+0000] {logging_mixin.py:188} INFO - [2023-12-24T14:14:11.161+0000] {dag.py:3820} INFO - Setting next_dagrun for Traffic_dbt_dag to None, run_after=None
[2023-12-24T14:14:11.194+0000] {processor.py:183} INFO - Processing /opt/airflow/dags/dbt_run.py took 0.106 seconds
[2023-12-24T14:14:41.294+0000] {processor.py:161} INFO - Started process (PID=979) to work on /opt/airflow/dags/dbt_run.py
[2023-12-24T14:14:41.295+0000] {processor.py:830} INFO - Processing file /opt/airflow/dags/dbt_run.py for tasks to queue
[2023-12-24T14:14:41.301+0000] {logging_mixin.py:188} INFO - [2023-12-24T14:14:41.300+0000] {dagbag.py:538} INFO - Filling up the DagBag from /opt/airflow/dags/dbt_run.py
[2023-12-24T14:14:41.311+0000] {processor.py:840} INFO - DAG(s) 'Traffic_dbt_dag' retrieved from /opt/airflow/dags/dbt_run.py
[2023-12-24T14:14:41.348+0000] {logging_mixin.py:188} INFO - [2023-12-24T14:14:41.348+0000] {dag.py:3033} INFO - Sync 1 DAGs
[2023-12-24T14:14:41.369+0000] {logging_mixin.py:188} INFO - [2023-12-24T14:14:41.369+0000] {dag.py:3820} INFO - Setting next_dagrun for Traffic_dbt_dag to None, run_after=None
[2023-12-24T14:14:41.397+0000] {processor.py:183} INFO - Processing /opt/airflow/dags/dbt_run.py took 0.109 seconds
[2023-12-24T14:15:11.435+0000] {processor.py:161} INFO - Started process (PID=1038) to work on /opt/airflow/dags/dbt_run.py
[2023-12-24T14:15:11.436+0000] {processor.py:830} INFO - Processing file /opt/airflow/dags/dbt_run.py for tasks to queue
[2023-12-24T14:15:11.442+0000] {logging_mixin.py:188} INFO - [2023-12-24T14:15:11.441+0000] {dagbag.py:538} INFO - Filling up the DagBag from /opt/airflow/dags/dbt_run.py
[2023-12-24T14:15:11.454+0000] {processor.py:840} INFO - DAG(s) 'Traffic_dbt_dag' retrieved from /opt/airflow/dags/dbt_run.py
[2023-12-24T14:15:11.487+0000] {logging_mixin.py:188} INFO - [2023-12-24T14:15:11.487+0000] {dag.py:3033} INFO - Sync 1 DAGs
[2023-12-24T14:15:11.509+0000] {logging_mixin.py:188} INFO - [2023-12-24T14:15:11.509+0000] {dag.py:3820} INFO - Setting next_dagrun for Traffic_dbt_dag to None, run_after=None
[2023-12-24T14:15:11.539+0000] {processor.py:183} INFO - Processing /opt/airflow/dags/dbt_run.py took 0.110 seconds
[2023-12-24T14:15:41.951+0000] {processor.py:161} INFO - Started process (PID=1096) to work on /opt/airflow/dags/dbt_run.py
[2023-12-24T14:15:41.953+0000] {processor.py:830} INFO - Processing file /opt/airflow/dags/dbt_run.py for tasks to queue
[2023-12-24T14:15:41.958+0000] {logging_mixin.py:188} INFO - [2023-12-24T14:15:41.957+0000] {dagbag.py:538} INFO - Filling up the DagBag from /opt/airflow/dags/dbt_run.py
[2023-12-24T14:15:41.971+0000] {processor.py:840} INFO - DAG(s) 'Traffic_dbt_dag' retrieved from /opt/airflow/dags/dbt_run.py
[2023-12-24T14:15:42.010+0000] {logging_mixin.py:188} INFO - [2023-12-24T14:15:42.009+0000] {dag.py:3033} INFO - Sync 1 DAGs
[2023-12-24T14:15:42.037+0000] {logging_mixin.py:188} INFO - [2023-12-24T14:15:42.036+0000] {dag.py:3820} INFO - Setting next_dagrun for Traffic_dbt_dag to None, run_after=None
[2023-12-24T14:15:42.067+0000] {processor.py:183} INFO - Processing /opt/airflow/dags/dbt_run.py took 0.123 seconds
[2023-12-24T14:16:12.772+0000] {processor.py:161} INFO - Started process (PID=1155) to work on /opt/airflow/dags/dbt_run.py
[2023-12-24T14:16:12.774+0000] {processor.py:830} INFO - Processing file /opt/airflow/dags/dbt_run.py for tasks to queue
[2023-12-24T14:16:12.780+0000] {logging_mixin.py:188} INFO - [2023-12-24T14:16:12.779+0000] {dagbag.py:538} INFO - Filling up the DagBag from /opt/airflow/dags/dbt_run.py
[2023-12-24T14:16:12.795+0000] {processor.py:840} INFO - DAG(s) 'Traffic_dbt_dag' retrieved from /opt/airflow/dags/dbt_run.py
[2023-12-24T14:16:12.842+0000] {logging_mixin.py:188} INFO - [2023-12-24T14:16:12.842+0000] {dag.py:3033} INFO - Sync 1 DAGs
[2023-12-24T14:16:12.875+0000] {logging_mixin.py:188} INFO - [2023-12-24T14:16:12.874+0000] {dag.py:3820} INFO - Setting next_dagrun for Traffic_dbt_dag to None, run_after=None
[2023-12-24T14:16:12.917+0000] {processor.py:183} INFO - Processing /opt/airflow/dags/dbt_run.py took 0.152 seconds
[2023-12-24T14:18:35.500+0000] {processor.py:161} INFO - Started process (PID=42) to work on /opt/airflow/dags/dbt_run.py
[2023-12-24T14:18:35.507+0000] {processor.py:830} INFO - Processing file /opt/airflow/dags/dbt_run.py for tasks to queue
[2023-12-24T14:18:35.519+0000] {logging_mixin.py:188} INFO - [2023-12-24T14:18:35.518+0000] {dagbag.py:538} INFO - Filling up the DagBag from /opt/airflow/dags/dbt_run.py
[2023-12-24T14:18:35.607+0000] {processor.py:840} INFO - DAG(s) 'Traffic_dbt_dag' retrieved from /opt/airflow/dags/dbt_run.py
[2023-12-24T14:18:36.477+0000] {logging_mixin.py:188} INFO - [2023-12-24T14:18:36.477+0000] {dag.py:3033} INFO - Sync 1 DAGs
[2023-12-24T14:18:36.508+0000] {logging_mixin.py:188} INFO - [2023-12-24T14:18:36.507+0000] {dag.py:3820} INFO - Setting next_dagrun for Traffic_dbt_dag to None, run_after=None
[2023-12-24T14:18:36.592+0000] {processor.py:183} INFO - Processing /opt/airflow/dags/dbt_run.py took 1.119 seconds
[2023-12-24T14:19:06.790+0000] {processor.py:161} INFO - Started process (PID=101) to work on /opt/airflow/dags/dbt_run.py
[2023-12-24T14:19:06.792+0000] {processor.py:830} INFO - Processing file /opt/airflow/dags/dbt_run.py for tasks to queue
[2023-12-24T14:19:06.799+0000] {logging_mixin.py:188} INFO - [2023-12-24T14:19:06.799+0000] {dagbag.py:538} INFO - Filling up the DagBag from /opt/airflow/dags/dbt_run.py
[2023-12-24T14:19:06.820+0000] {processor.py:840} INFO - DAG(s) 'Traffic_dbt_dag' retrieved from /opt/airflow/dags/dbt_run.py
[2023-12-24T14:19:06.870+0000] {logging_mixin.py:188} INFO - [2023-12-24T14:19:06.869+0000] {dag.py:3033} INFO - Sync 1 DAGs
[2023-12-24T14:19:06.901+0000] {logging_mixin.py:188} INFO - [2023-12-24T14:19:06.900+0000] {dag.py:3820} INFO - Setting next_dagrun for Traffic_dbt_dag to None, run_after=None
[2023-12-24T14:19:06.945+0000] {processor.py:183} INFO - Processing /opt/airflow/dags/dbt_run.py took 0.164 seconds
[2023-12-24T14:19:37.489+0000] {processor.py:161} INFO - Started process (PID=160) to work on /opt/airflow/dags/dbt_run.py
[2023-12-24T14:19:37.491+0000] {processor.py:830} INFO - Processing file /opt/airflow/dags/dbt_run.py for tasks to queue
[2023-12-24T14:19:37.497+0000] {logging_mixin.py:188} INFO - [2023-12-24T14:19:37.497+0000] {dagbag.py:538} INFO - Filling up the DagBag from /opt/airflow/dags/dbt_run.py
[2023-12-24T14:19:37.514+0000] {processor.py:840} INFO - DAG(s) 'Traffic_dbt_dag' retrieved from /opt/airflow/dags/dbt_run.py
[2023-12-24T14:19:37.751+0000] {logging_mixin.py:188} INFO - [2023-12-24T14:19:37.751+0000] {dag.py:3033} INFO - Sync 1 DAGs
[2023-12-24T14:19:37.779+0000] {logging_mixin.py:188} INFO - [2023-12-24T14:19:37.779+0000] {dag.py:3820} INFO - Setting next_dagrun for Traffic_dbt_dag to None, run_after=None
[2023-12-24T14:19:37.838+0000] {processor.py:183} INFO - Processing /opt/airflow/dags/dbt_run.py took 0.357 seconds
[2023-12-24T14:20:08.730+0000] {processor.py:161} INFO - Started process (PID=220) to work on /opt/airflow/dags/dbt_run.py
[2023-12-24T14:20:08.731+0000] {processor.py:830} INFO - Processing file /opt/airflow/dags/dbt_run.py for tasks to queue
[2023-12-24T14:20:08.737+0000] {logging_mixin.py:188} INFO - [2023-12-24T14:20:08.736+0000] {dagbag.py:538} INFO - Filling up the DagBag from /opt/airflow/dags/dbt_run.py
[2023-12-24T14:20:08.748+0000] {processor.py:840} INFO - DAG(s) 'Traffic_dbt_dag' retrieved from /opt/airflow/dags/dbt_run.py
[2023-12-24T14:20:08.778+0000] {logging_mixin.py:188} INFO - [2023-12-24T14:20:08.778+0000] {dag.py:3033} INFO - Sync 1 DAGs
[2023-12-24T14:20:08.798+0000] {logging_mixin.py:188} INFO - [2023-12-24T14:20:08.797+0000] {dag.py:3820} INFO - Setting next_dagrun for Traffic_dbt_dag to None, run_after=None
[2023-12-24T14:20:08.842+0000] {processor.py:183} INFO - Processing /opt/airflow/dags/dbt_run.py took 0.117 seconds
[2023-12-24T14:20:39.019+0000] {processor.py:161} INFO - Started process (PID=280) to work on /opt/airflow/dags/dbt_run.py
[2023-12-24T14:20:39.020+0000] {processor.py:830} INFO - Processing file /opt/airflow/dags/dbt_run.py for tasks to queue
[2023-12-24T14:20:39.025+0000] {logging_mixin.py:188} INFO - [2023-12-24T14:20:39.024+0000] {dagbag.py:538} INFO - Filling up the DagBag from /opt/airflow/dags/dbt_run.py
[2023-12-24T14:20:39.037+0000] {processor.py:840} INFO - DAG(s) 'Traffic_dbt_dag' retrieved from /opt/airflow/dags/dbt_run.py
[2023-12-24T14:20:39.070+0000] {logging_mixin.py:188} INFO - [2023-12-24T14:20:39.069+0000] {dag.py:3033} INFO - Sync 1 DAGs
[2023-12-24T14:20:39.090+0000] {logging_mixin.py:188} INFO - [2023-12-24T14:20:39.090+0000] {dag.py:3820} INFO - Setting next_dagrun for Traffic_dbt_dag to None, run_after=None
[2023-12-24T14:20:39.131+0000] {processor.py:183} INFO - Processing /opt/airflow/dags/dbt_run.py took 0.118 seconds
[2023-12-24T14:21:09.416+0000] {processor.py:161} INFO - Started process (PID=338) to work on /opt/airflow/dags/dbt_run.py
[2023-12-24T14:21:09.418+0000] {processor.py:830} INFO - Processing file /opt/airflow/dags/dbt_run.py for tasks to queue
[2023-12-24T14:21:09.423+0000] {logging_mixin.py:188} INFO - [2023-12-24T14:21:09.422+0000] {dagbag.py:538} INFO - Filling up the DagBag from /opt/airflow/dags/dbt_run.py
[2023-12-24T14:21:09.439+0000] {processor.py:840} INFO - DAG(s) 'Traffic_dbt_dag' retrieved from /opt/airflow/dags/dbt_run.py
[2023-12-24T14:21:09.501+0000] {logging_mixin.py:188} INFO - [2023-12-24T14:21:09.500+0000] {dag.py:3033} INFO - Sync 1 DAGs
[2023-12-24T14:21:09.536+0000] {logging_mixin.py:188} INFO - [2023-12-24T14:21:09.535+0000] {dag.py:3820} INFO - Setting next_dagrun for Traffic_dbt_dag to None, run_after=None
[2023-12-24T14:21:09.589+0000] {processor.py:183} INFO - Processing /opt/airflow/dags/dbt_run.py took 0.182 seconds
[2023-12-24T14:21:40.083+0000] {processor.py:161} INFO - Started process (PID=397) to work on /opt/airflow/dags/dbt_run.py
[2023-12-24T14:21:40.085+0000] {processor.py:830} INFO - Processing file /opt/airflow/dags/dbt_run.py for tasks to queue
[2023-12-24T14:21:40.089+0000] {logging_mixin.py:188} INFO - [2023-12-24T14:21:40.089+0000] {dagbag.py:538} INFO - Filling up the DagBag from /opt/airflow/dags/dbt_run.py
[2023-12-24T14:21:40.101+0000] {processor.py:840} INFO - DAG(s) 'Traffic_dbt_dag' retrieved from /opt/airflow/dags/dbt_run.py
[2023-12-24T14:21:40.134+0000] {logging_mixin.py:188} INFO - [2023-12-24T14:21:40.134+0000] {dag.py:3033} INFO - Sync 1 DAGs
[2023-12-24T14:21:40.160+0000] {logging_mixin.py:188} INFO - [2023-12-24T14:21:40.159+0000] {dag.py:3820} INFO - Setting next_dagrun for Traffic_dbt_dag to None, run_after=None
[2023-12-24T14:21:40.188+0000] {processor.py:183} INFO - Processing /opt/airflow/dags/dbt_run.py took 0.111 seconds
[2023-12-24T14:22:10.608+0000] {processor.py:161} INFO - Started process (PID=455) to work on /opt/airflow/dags/dbt_run.py
[2023-12-24T14:22:10.609+0000] {processor.py:830} INFO - Processing file /opt/airflow/dags/dbt_run.py for tasks to queue
[2023-12-24T14:22:10.614+0000] {logging_mixin.py:188} INFO - [2023-12-24T14:22:10.614+0000] {dagbag.py:538} INFO - Filling up the DagBag from /opt/airflow/dags/dbt_run.py
[2023-12-24T14:22:10.626+0000] {processor.py:840} INFO - DAG(s) 'Traffic_dbt_dag' retrieved from /opt/airflow/dags/dbt_run.py
[2023-12-24T14:22:10.656+0000] {logging_mixin.py:188} INFO - [2023-12-24T14:22:10.655+0000] {dag.py:3033} INFO - Sync 1 DAGs
[2023-12-24T14:22:10.678+0000] {logging_mixin.py:188} INFO - [2023-12-24T14:22:10.678+0000] {dag.py:3820} INFO - Setting next_dagrun for Traffic_dbt_dag to None, run_after=None
[2023-12-24T14:22:10.708+0000] {processor.py:183} INFO - Processing /opt/airflow/dags/dbt_run.py took 0.105 seconds
[2023-12-24T14:22:40.979+0000] {processor.py:161} INFO - Started process (PID=513) to work on /opt/airflow/dags/dbt_run.py
[2023-12-24T14:22:40.980+0000] {processor.py:830} INFO - Processing file /opt/airflow/dags/dbt_run.py for tasks to queue
[2023-12-24T14:22:40.985+0000] {logging_mixin.py:188} INFO - [2023-12-24T14:22:40.984+0000] {dagbag.py:538} INFO - Filling up the DagBag from /opt/airflow/dags/dbt_run.py
[2023-12-24T14:22:40.996+0000] {processor.py:840} INFO - DAG(s) 'Traffic_dbt_dag' retrieved from /opt/airflow/dags/dbt_run.py
[2023-12-24T14:22:41.031+0000] {logging_mixin.py:188} INFO - [2023-12-24T14:22:41.031+0000] {dag.py:3033} INFO - Sync 1 DAGs
[2023-12-24T14:22:41.053+0000] {logging_mixin.py:188} INFO - [2023-12-24T14:22:41.053+0000] {dag.py:3820} INFO - Setting next_dagrun for Traffic_dbt_dag to None, run_after=None
[2023-12-24T14:22:41.088+0000] {processor.py:183} INFO - Processing /opt/airflow/dags/dbt_run.py took 0.115 seconds
[2023-12-24T14:23:11.305+0000] {processor.py:161} INFO - Started process (PID=571) to work on /opt/airflow/dags/dbt_run.py
[2023-12-24T14:23:11.307+0000] {processor.py:830} INFO - Processing file /opt/airflow/dags/dbt_run.py for tasks to queue
[2023-12-24T14:23:11.314+0000] {logging_mixin.py:188} INFO - [2023-12-24T14:23:11.313+0000] {dagbag.py:538} INFO - Filling up the DagBag from /opt/airflow/dags/dbt_run.py
[2023-12-24T14:23:11.331+0000] {processor.py:840} INFO - DAG(s) 'Traffic_dbt_dag' retrieved from /opt/airflow/dags/dbt_run.py
[2023-12-24T14:23:11.373+0000] {logging_mixin.py:188} INFO - [2023-12-24T14:23:11.373+0000] {dag.py:3033} INFO - Sync 1 DAGs
[2023-12-24T14:23:11.400+0000] {logging_mixin.py:188} INFO - [2023-12-24T14:23:11.399+0000] {dag.py:3820} INFO - Setting next_dagrun for Traffic_dbt_dag to None, run_after=None
[2023-12-24T14:23:11.448+0000] {processor.py:183} INFO - Processing /opt/airflow/dags/dbt_run.py took 0.152 seconds
[2023-12-24T14:23:42.446+0000] {processor.py:161} INFO - Started process (PID=629) to work on /opt/airflow/dags/dbt_run.py
[2023-12-24T14:23:42.449+0000] {processor.py:830} INFO - Processing file /opt/airflow/dags/dbt_run.py for tasks to queue
[2023-12-24T14:23:42.456+0000] {logging_mixin.py:188} INFO - [2023-12-24T14:23:42.455+0000] {dagbag.py:538} INFO - Filling up the DagBag from /opt/airflow/dags/dbt_run.py
[2023-12-24T14:23:42.472+0000] {processor.py:840} INFO - DAG(s) 'Traffic_dbt_dag' retrieved from /opt/airflow/dags/dbt_run.py
[2023-12-24T14:23:42.525+0000] {logging_mixin.py:188} INFO - [2023-12-24T14:23:42.525+0000] {dag.py:3033} INFO - Sync 1 DAGs
[2023-12-24T14:23:42.558+0000] {logging_mixin.py:188} INFO - [2023-12-24T14:23:42.557+0000] {dag.py:3820} INFO - Setting next_dagrun for Traffic_dbt_dag to None, run_after=None
[2023-12-24T14:23:42.603+0000] {processor.py:183} INFO - Processing /opt/airflow/dags/dbt_run.py took 0.167 seconds
[2023-12-24T14:24:12.745+0000] {processor.py:161} INFO - Started process (PID=688) to work on /opt/airflow/dags/dbt_run.py
[2023-12-24T14:24:12.748+0000] {processor.py:830} INFO - Processing file /opt/airflow/dags/dbt_run.py for tasks to queue
[2023-12-24T14:24:12.758+0000] {logging_mixin.py:188} INFO - [2023-12-24T14:24:12.757+0000] {dagbag.py:538} INFO - Filling up the DagBag from /opt/airflow/dags/dbt_run.py
[2023-12-24T14:24:12.793+0000] {processor.py:840} INFO - DAG(s) 'Traffic_dbt_dag' retrieved from /opt/airflow/dags/dbt_run.py
[2023-12-24T14:24:12.854+0000] {logging_mixin.py:188} INFO - [2023-12-24T14:24:12.854+0000] {dag.py:3033} INFO - Sync 1 DAGs
[2023-12-24T14:24:12.885+0000] {logging_mixin.py:188} INFO - [2023-12-24T14:24:12.885+0000] {dag.py:3820} INFO - Setting next_dagrun for Traffic_dbt_dag to None, run_after=None
[2023-12-24T14:24:12.932+0000] {processor.py:183} INFO - Processing /opt/airflow/dags/dbt_run.py took 0.195 seconds
[2023-12-24T14:24:43.030+0000] {processor.py:161} INFO - Started process (PID=746) to work on /opt/airflow/dags/dbt_run.py
[2023-12-24T14:24:43.031+0000] {processor.py:830} INFO - Processing file /opt/airflow/dags/dbt_run.py for tasks to queue
[2023-12-24T14:24:43.036+0000] {logging_mixin.py:188} INFO - [2023-12-24T14:24:43.035+0000] {dagbag.py:538} INFO - Filling up the DagBag from /opt/airflow/dags/dbt_run.py
[2023-12-24T14:24:43.047+0000] {processor.py:840} INFO - DAG(s) 'Traffic_dbt_dag' retrieved from /opt/airflow/dags/dbt_run.py
[2023-12-24T14:24:43.071+0000] {logging_mixin.py:188} INFO - [2023-12-24T14:24:43.071+0000] {dag.py:3033} INFO - Sync 1 DAGs
[2023-12-24T14:24:43.088+0000] {logging_mixin.py:188} INFO - [2023-12-24T14:24:43.088+0000] {dag.py:3820} INFO - Setting next_dagrun for Traffic_dbt_dag to None, run_after=None
[2023-12-24T14:24:43.116+0000] {processor.py:183} INFO - Processing /opt/airflow/dags/dbt_run.py took 0.091 seconds
[2023-12-24T14:25:13.203+0000] {processor.py:161} INFO - Started process (PID=804) to work on /opt/airflow/dags/dbt_run.py
[2023-12-24T14:25:13.205+0000] {processor.py:830} INFO - Processing file /opt/airflow/dags/dbt_run.py for tasks to queue
[2023-12-24T14:25:13.210+0000] {logging_mixin.py:188} INFO - [2023-12-24T14:25:13.209+0000] {dagbag.py:538} INFO - Filling up the DagBag from /opt/airflow/dags/dbt_run.py
[2023-12-24T14:25:13.223+0000] {processor.py:840} INFO - DAG(s) 'Traffic_dbt_dag' retrieved from /opt/airflow/dags/dbt_run.py
[2023-12-24T14:25:13.258+0000] {logging_mixin.py:188} INFO - [2023-12-24T14:25:13.258+0000] {dag.py:3033} INFO - Sync 1 DAGs
[2023-12-24T14:25:13.283+0000] {logging_mixin.py:188} INFO - [2023-12-24T14:25:13.283+0000] {dag.py:3820} INFO - Setting next_dagrun for Traffic_dbt_dag to None, run_after=None
[2023-12-24T14:25:13.319+0000] {processor.py:183} INFO - Processing /opt/airflow/dags/dbt_run.py took 0.122 seconds
[2023-12-24T14:25:43.504+0000] {processor.py:161} INFO - Started process (PID=862) to work on /opt/airflow/dags/dbt_run.py
[2023-12-24T14:25:43.506+0000] {processor.py:830} INFO - Processing file /opt/airflow/dags/dbt_run.py for tasks to queue
[2023-12-24T14:25:43.511+0000] {logging_mixin.py:188} INFO - [2023-12-24T14:25:43.511+0000] {dagbag.py:538} INFO - Filling up the DagBag from /opt/airflow/dags/dbt_run.py
[2023-12-24T14:25:43.528+0000] {processor.py:840} INFO - DAG(s) 'Traffic_dbt_dag' retrieved from /opt/airflow/dags/dbt_run.py
[2023-12-24T14:25:43.567+0000] {logging_mixin.py:188} INFO - [2023-12-24T14:25:43.567+0000] {dag.py:3033} INFO - Sync 1 DAGs
[2023-12-24T14:25:43.599+0000] {logging_mixin.py:188} INFO - [2023-12-24T14:25:43.598+0000] {dag.py:3820} INFO - Setting next_dagrun for Traffic_dbt_dag to None, run_after=None
[2023-12-24T14:25:43.642+0000] {processor.py:183} INFO - Processing /opt/airflow/dags/dbt_run.py took 0.144 seconds
[2023-12-24T14:26:13.783+0000] {processor.py:161} INFO - Started process (PID=920) to work on /opt/airflow/dags/dbt_run.py
[2023-12-24T14:26:13.785+0000] {processor.py:830} INFO - Processing file /opt/airflow/dags/dbt_run.py for tasks to queue
[2023-12-24T14:26:13.790+0000] {logging_mixin.py:188} INFO - [2023-12-24T14:26:13.789+0000] {dagbag.py:538} INFO - Filling up the DagBag from /opt/airflow/dags/dbt_run.py
[2023-12-24T14:26:13.803+0000] {processor.py:840} INFO - DAG(s) 'Traffic_dbt_dag' retrieved from /opt/airflow/dags/dbt_run.py
[2023-12-24T14:26:13.838+0000] {logging_mixin.py:188} INFO - [2023-12-24T14:26:13.838+0000] {dag.py:3033} INFO - Sync 1 DAGs
[2023-12-24T14:26:13.863+0000] {logging_mixin.py:188} INFO - [2023-12-24T14:26:13.863+0000] {dag.py:3820} INFO - Setting next_dagrun for Traffic_dbt_dag to None, run_after=None
[2023-12-24T14:26:13.897+0000] {processor.py:183} INFO - Processing /opt/airflow/dags/dbt_run.py took 0.120 seconds
[2023-12-24T14:26:44.016+0000] {processor.py:161} INFO - Started process (PID=978) to work on /opt/airflow/dags/dbt_run.py
[2023-12-24T14:26:44.018+0000] {processor.py:830} INFO - Processing file /opt/airflow/dags/dbt_run.py for tasks to queue
[2023-12-24T14:26:44.028+0000] {logging_mixin.py:188} INFO - [2023-12-24T14:26:44.027+0000] {dagbag.py:538} INFO - Filling up the DagBag from /opt/airflow/dags/dbt_run.py
[2023-12-24T14:26:44.075+0000] {processor.py:840} INFO - DAG(s) 'Traffic_dbt_dag' retrieved from /opt/airflow/dags/dbt_run.py
[2023-12-24T14:26:44.187+0000] {logging_mixin.py:188} INFO - [2023-12-24T14:26:44.187+0000] {dag.py:3033} INFO - Sync 1 DAGs
[2023-12-24T14:26:44.238+0000] {logging_mixin.py:188} INFO - [2023-12-24T14:26:44.238+0000] {dag.py:3820} INFO - Setting next_dagrun for Traffic_dbt_dag to None, run_after=None
[2023-12-24T14:26:44.310+0000] {processor.py:183} INFO - Processing /opt/airflow/dags/dbt_run.py took 0.302 seconds
[2023-12-24T14:27:14.824+0000] {processor.py:161} INFO - Started process (PID=1036) to work on /opt/airflow/dags/dbt_run.py
[2023-12-24T14:27:14.826+0000] {processor.py:830} INFO - Processing file /opt/airflow/dags/dbt_run.py for tasks to queue
[2023-12-24T14:27:14.832+0000] {logging_mixin.py:188} INFO - [2023-12-24T14:27:14.831+0000] {dagbag.py:538} INFO - Filling up the DagBag from /opt/airflow/dags/dbt_run.py
[2023-12-24T14:27:14.846+0000] {processor.py:840} INFO - DAG(s) 'Traffic_dbt_dag' retrieved from /opt/airflow/dags/dbt_run.py
[2023-12-24T14:27:14.877+0000] {logging_mixin.py:188} INFO - [2023-12-24T14:27:14.877+0000] {dag.py:3033} INFO - Sync 1 DAGs
[2023-12-24T14:27:14.898+0000] {logging_mixin.py:188} INFO - [2023-12-24T14:27:14.898+0000] {dag.py:3820} INFO - Setting next_dagrun for Traffic_dbt_dag to None, run_after=None
[2023-12-24T14:27:14.932+0000] {processor.py:183} INFO - Processing /opt/airflow/dags/dbt_run.py took 0.115 seconds
[2023-12-24T14:27:45.340+0000] {processor.py:161} INFO - Started process (PID=1094) to work on /opt/airflow/dags/dbt_run.py
[2023-12-24T14:27:45.342+0000] {processor.py:830} INFO - Processing file /opt/airflow/dags/dbt_run.py for tasks to queue
[2023-12-24T14:27:45.348+0000] {logging_mixin.py:188} INFO - [2023-12-24T14:27:45.347+0000] {dagbag.py:538} INFO - Filling up the DagBag from /opt/airflow/dags/dbt_run.py
[2023-12-24T14:27:45.366+0000] {processor.py:840} INFO - DAG(s) 'Traffic_dbt_dag' retrieved from /opt/airflow/dags/dbt_run.py
[2023-12-24T14:27:45.411+0000] {logging_mixin.py:188} INFO - [2023-12-24T14:27:45.411+0000] {dag.py:3033} INFO - Sync 1 DAGs
[2023-12-24T14:27:45.441+0000] {logging_mixin.py:188} INFO - [2023-12-24T14:27:45.440+0000] {dag.py:3820} INFO - Setting next_dagrun for Traffic_dbt_dag to None, run_after=None
[2023-12-24T14:27:45.481+0000] {processor.py:183} INFO - Processing /opt/airflow/dags/dbt_run.py took 0.149 seconds
[2023-12-24T14:28:16.424+0000] {processor.py:161} INFO - Started process (PID=1152) to work on /opt/airflow/dags/dbt_run.py
[2023-12-24T14:28:16.426+0000] {processor.py:830} INFO - Processing file /opt/airflow/dags/dbt_run.py for tasks to queue
[2023-12-24T14:28:16.430+0000] {logging_mixin.py:188} INFO - [2023-12-24T14:28:16.430+0000] {dagbag.py:538} INFO - Filling up the DagBag from /opt/airflow/dags/dbt_run.py
[2023-12-24T14:28:16.446+0000] {processor.py:840} INFO - DAG(s) 'Traffic_dbt_dag' retrieved from /opt/airflow/dags/dbt_run.py
[2023-12-24T14:28:16.480+0000] {logging_mixin.py:188} INFO - [2023-12-24T14:28:16.479+0000] {dag.py:3033} INFO - Sync 1 DAGs
[2023-12-24T14:28:16.503+0000] {logging_mixin.py:188} INFO - [2023-12-24T14:28:16.503+0000] {dag.py:3820} INFO - Setting next_dagrun for Traffic_dbt_dag to None, run_after=None
[2023-12-24T14:28:16.540+0000] {processor.py:183} INFO - Processing /opt/airflow/dags/dbt_run.py took 0.122 seconds
[2023-12-24T14:28:46.749+0000] {processor.py:161} INFO - Started process (PID=1210) to work on /opt/airflow/dags/dbt_run.py
[2023-12-24T14:28:46.751+0000] {processor.py:830} INFO - Processing file /opt/airflow/dags/dbt_run.py for tasks to queue
[2023-12-24T14:28:46.756+0000] {logging_mixin.py:188} INFO - [2023-12-24T14:28:46.755+0000] {dagbag.py:538} INFO - Filling up the DagBag from /opt/airflow/dags/dbt_run.py
[2023-12-24T14:28:46.767+0000] {processor.py:840} INFO - DAG(s) 'Traffic_dbt_dag' retrieved from /opt/airflow/dags/dbt_run.py
[2023-12-24T14:28:46.798+0000] {logging_mixin.py:188} INFO - [2023-12-24T14:28:46.798+0000] {dag.py:3033} INFO - Sync 1 DAGs
[2023-12-24T14:28:46.820+0000] {logging_mixin.py:188} INFO - [2023-12-24T14:28:46.820+0000] {dag.py:3820} INFO - Setting next_dagrun for Traffic_dbt_dag to None, run_after=None
[2023-12-24T14:28:46.851+0000] {processor.py:183} INFO - Processing /opt/airflow/dags/dbt_run.py took 0.107 seconds
[2023-12-24T14:29:16.890+0000] {processor.py:161} INFO - Started process (PID=1268) to work on /opt/airflow/dags/dbt_run.py
[2023-12-24T14:29:16.892+0000] {processor.py:830} INFO - Processing file /opt/airflow/dags/dbt_run.py for tasks to queue
[2023-12-24T14:29:16.896+0000] {logging_mixin.py:188} INFO - [2023-12-24T14:29:16.896+0000] {dagbag.py:538} INFO - Filling up the DagBag from /opt/airflow/dags/dbt_run.py
[2023-12-24T14:29:16.911+0000] {processor.py:840} INFO - DAG(s) 'Traffic_dbt_dag' retrieved from /opt/airflow/dags/dbt_run.py
[2023-12-24T14:29:16.944+0000] {logging_mixin.py:188} INFO - [2023-12-24T14:29:16.943+0000] {dag.py:3033} INFO - Sync 1 DAGs
[2023-12-24T14:29:16.963+0000] {logging_mixin.py:188} INFO - [2023-12-24T14:29:16.963+0000] {dag.py:3820} INFO - Setting next_dagrun for Traffic_dbt_dag to None, run_after=None
[2023-12-24T14:29:16.992+0000] {processor.py:183} INFO - Processing /opt/airflow/dags/dbt_run.py took 0.106 seconds
[2023-12-24T14:29:47.481+0000] {processor.py:161} INFO - Started process (PID=1325) to work on /opt/airflow/dags/dbt_run.py
[2023-12-24T14:29:47.482+0000] {processor.py:830} INFO - Processing file /opt/airflow/dags/dbt_run.py for tasks to queue
[2023-12-24T14:29:47.487+0000] {logging_mixin.py:188} INFO - [2023-12-24T14:29:47.487+0000] {dagbag.py:538} INFO - Filling up the DagBag from /opt/airflow/dags/dbt_run.py
[2023-12-24T14:29:47.498+0000] {processor.py:840} INFO - DAG(s) 'Traffic_dbt_dag' retrieved from /opt/airflow/dags/dbt_run.py
[2023-12-24T14:29:47.527+0000] {logging_mixin.py:188} INFO - [2023-12-24T14:29:47.527+0000] {dag.py:3033} INFO - Sync 1 DAGs
[2023-12-24T14:29:47.547+0000] {logging_mixin.py:188} INFO - [2023-12-24T14:29:47.547+0000] {dag.py:3820} INFO - Setting next_dagrun for Traffic_dbt_dag to None, run_after=None
[2023-12-24T14:29:47.576+0000] {processor.py:183} INFO - Processing /opt/airflow/dags/dbt_run.py took 0.100 seconds
[2023-12-24T14:30:17.624+0000] {processor.py:161} INFO - Started process (PID=1383) to work on /opt/airflow/dags/dbt_run.py
[2023-12-24T14:30:17.626+0000] {processor.py:830} INFO - Processing file /opt/airflow/dags/dbt_run.py for tasks to queue
[2023-12-24T14:30:17.631+0000] {logging_mixin.py:188} INFO - [2023-12-24T14:30:17.630+0000] {dagbag.py:538} INFO - Filling up the DagBag from /opt/airflow/dags/dbt_run.py
[2023-12-24T14:30:17.642+0000] {processor.py:840} INFO - DAG(s) 'Traffic_dbt_dag' retrieved from /opt/airflow/dags/dbt_run.py
[2023-12-24T14:30:17.676+0000] {logging_mixin.py:188} INFO - [2023-12-24T14:30:17.676+0000] {dag.py:3033} INFO - Sync 1 DAGs
[2023-12-24T14:30:17.700+0000] {logging_mixin.py:188} INFO - [2023-12-24T14:30:17.700+0000] {dag.py:3820} INFO - Setting next_dagrun for Traffic_dbt_dag to None, run_after=None
[2023-12-24T14:30:17.733+0000] {processor.py:183} INFO - Processing /opt/airflow/dags/dbt_run.py took 0.115 seconds
[2023-12-24T14:30:47.906+0000] {processor.py:161} INFO - Started process (PID=1441) to work on /opt/airflow/dags/dbt_run.py
[2023-12-24T14:30:47.908+0000] {processor.py:830} INFO - Processing file /opt/airflow/dags/dbt_run.py for tasks to queue
[2023-12-24T14:30:47.913+0000] {logging_mixin.py:188} INFO - [2023-12-24T14:30:47.913+0000] {dagbag.py:538} INFO - Filling up the DagBag from /opt/airflow/dags/dbt_run.py
[2023-12-24T14:30:47.932+0000] {processor.py:840} INFO - DAG(s) 'Traffic_dbt_dag' retrieved from /opt/airflow/dags/dbt_run.py
[2023-12-24T14:30:47.984+0000] {logging_mixin.py:188} INFO - [2023-12-24T14:30:47.983+0000] {dag.py:3033} INFO - Sync 1 DAGs
[2023-12-24T14:30:48.018+0000] {logging_mixin.py:188} INFO - [2023-12-24T14:30:48.017+0000] {dag.py:3820} INFO - Setting next_dagrun for Traffic_dbt_dag to None, run_after=None
[2023-12-24T14:30:48.058+0000] {processor.py:183} INFO - Processing /opt/airflow/dags/dbt_run.py took 0.161 seconds
[2023-12-24T14:31:18.424+0000] {processor.py:161} INFO - Started process (PID=1497) to work on /opt/airflow/dags/dbt_run.py
[2023-12-24T14:31:18.426+0000] {processor.py:830} INFO - Processing file /opt/airflow/dags/dbt_run.py for tasks to queue
[2023-12-24T14:31:18.432+0000] {logging_mixin.py:188} INFO - [2023-12-24T14:31:18.432+0000] {dagbag.py:538} INFO - Filling up the DagBag from /opt/airflow/dags/dbt_run.py
[2023-12-24T14:31:18.449+0000] {processor.py:840} INFO - DAG(s) 'Traffic_dbt_dag' retrieved from /opt/airflow/dags/dbt_run.py
[2023-12-24T14:31:18.495+0000] {logging_mixin.py:188} INFO - [2023-12-24T14:31:18.495+0000] {dag.py:3033} INFO - Sync 1 DAGs
[2023-12-24T14:31:18.571+0000] {logging_mixin.py:188} INFO - [2023-12-24T14:31:18.571+0000] {dag.py:3820} INFO - Setting next_dagrun for Traffic_dbt_dag to None, run_after=None
[2023-12-24T14:31:18.618+0000] {processor.py:183} INFO - Processing /opt/airflow/dags/dbt_run.py took 0.201 seconds
[2023-12-24T14:33:18.889+0000] {processor.py:161} INFO - Started process (PID=41) to work on /opt/airflow/dags/dbt_run.py
[2023-12-24T14:33:18.895+0000] {processor.py:830} INFO - Processing file /opt/airflow/dags/dbt_run.py for tasks to queue
[2023-12-24T14:33:18.905+0000] {logging_mixin.py:188} INFO - [2023-12-24T14:33:18.904+0000] {dagbag.py:538} INFO - Filling up the DagBag from /opt/airflow/dags/dbt_run.py
[2023-12-24T14:33:18.999+0000] {processor.py:840} INFO - DAG(s) 'Traffic_dbt_dag' retrieved from /opt/airflow/dags/dbt_run.py
[2023-12-24T14:33:19.690+0000] {logging_mixin.py:188} INFO - [2023-12-24T14:33:19.690+0000] {dag.py:3033} INFO - Sync 1 DAGs
[2023-12-24T14:33:19.753+0000] {logging_mixin.py:188} INFO - [2023-12-24T14:33:19.752+0000] {dag.py:3820} INFO - Setting next_dagrun for Traffic_dbt_dag to None, run_after=None
[2023-12-24T14:33:19.884+0000] {processor.py:183} INFO - Processing /opt/airflow/dags/dbt_run.py took 1.005 seconds
[2023-12-24T14:33:50.378+0000] {processor.py:161} INFO - Started process (PID=100) to work on /opt/airflow/dags/dbt_run.py
[2023-12-24T14:33:50.380+0000] {processor.py:830} INFO - Processing file /opt/airflow/dags/dbt_run.py for tasks to queue
[2023-12-24T14:33:50.385+0000] {logging_mixin.py:188} INFO - [2023-12-24T14:33:50.385+0000] {dagbag.py:538} INFO - Filling up the DagBag from /opt/airflow/dags/dbt_run.py
[2023-12-24T14:33:50.414+0000] {processor.py:840} INFO - DAG(s) 'Traffic_dbt_dag' retrieved from /opt/airflow/dags/dbt_run.py
[2023-12-24T14:33:50.470+0000] {logging_mixin.py:188} INFO - [2023-12-24T14:33:50.469+0000] {dag.py:3033} INFO - Sync 1 DAGs
[2023-12-24T14:33:50.506+0000] {logging_mixin.py:188} INFO - [2023-12-24T14:33:50.505+0000] {dag.py:3820} INFO - Setting next_dagrun for Traffic_dbt_dag to None, run_after=None
[2023-12-24T14:33:50.549+0000] {processor.py:183} INFO - Processing /opt/airflow/dags/dbt_run.py took 0.178 seconds
[2023-12-24T14:34:21.511+0000] {processor.py:161} INFO - Started process (PID=158) to work on /opt/airflow/dags/dbt_run.py
[2023-12-24T14:34:21.512+0000] {processor.py:830} INFO - Processing file /opt/airflow/dags/dbt_run.py for tasks to queue
[2023-12-24T14:34:21.517+0000] {logging_mixin.py:188} INFO - [2023-12-24T14:34:21.516+0000] {dagbag.py:538} INFO - Filling up the DagBag from /opt/airflow/dags/dbt_run.py
[2023-12-24T14:34:21.530+0000] {processor.py:840} INFO - DAG(s) 'Traffic_dbt_dag' retrieved from /opt/airflow/dags/dbt_run.py
[2023-12-24T14:34:21.570+0000] {logging_mixin.py:188} INFO - [2023-12-24T14:34:21.569+0000] {dag.py:3033} INFO - Sync 1 DAGs
[2023-12-24T14:34:21.601+0000] {logging_mixin.py:188} INFO - [2023-12-24T14:34:21.600+0000] {dag.py:3820} INFO - Setting next_dagrun for Traffic_dbt_dag to None, run_after=None
[2023-12-24T14:34:21.635+0000] {processor.py:183} INFO - Processing /opt/airflow/dags/dbt_run.py took 0.130 seconds
[2023-12-24T14:34:51.918+0000] {processor.py:161} INFO - Started process (PID=216) to work on /opt/airflow/dags/dbt_run.py
[2023-12-24T14:34:51.919+0000] {processor.py:830} INFO - Processing file /opt/airflow/dags/dbt_run.py for tasks to queue
[2023-12-24T14:34:51.926+0000] {logging_mixin.py:188} INFO - [2023-12-24T14:34:51.926+0000] {dagbag.py:538} INFO - Filling up the DagBag from /opt/airflow/dags/dbt_run.py
[2023-12-24T14:34:51.941+0000] {processor.py:840} INFO - DAG(s) 'Traffic_dbt_dag' retrieved from /opt/airflow/dags/dbt_run.py
[2023-12-24T14:34:51.984+0000] {logging_mixin.py:188} INFO - [2023-12-24T14:34:51.983+0000] {dag.py:3033} INFO - Sync 1 DAGs
[2023-12-24T14:34:52.018+0000] {logging_mixin.py:188} INFO - [2023-12-24T14:34:52.017+0000] {dag.py:3820} INFO - Setting next_dagrun for Traffic_dbt_dag to None, run_after=None
[2023-12-24T14:34:52.064+0000] {processor.py:183} INFO - Processing /opt/airflow/dags/dbt_run.py took 0.152 seconds
[2023-12-24T14:35:22.299+0000] {processor.py:161} INFO - Started process (PID=274) to work on /opt/airflow/dags/dbt_run.py
[2023-12-24T14:35:22.301+0000] {processor.py:830} INFO - Processing file /opt/airflow/dags/dbt_run.py for tasks to queue
[2023-12-24T14:35:22.307+0000] {logging_mixin.py:188} INFO - [2023-12-24T14:35:22.306+0000] {dagbag.py:538} INFO - Filling up the DagBag from /opt/airflow/dags/dbt_run.py
[2023-12-24T14:35:22.320+0000] {processor.py:840} INFO - DAG(s) 'Traffic_dbt_dag' retrieved from /opt/airflow/dags/dbt_run.py
[2023-12-24T14:35:22.351+0000] {logging_mixin.py:188} INFO - [2023-12-24T14:35:22.351+0000] {dag.py:3033} INFO - Sync 1 DAGs
[2023-12-24T14:35:22.372+0000] {logging_mixin.py:188} INFO - [2023-12-24T14:35:22.372+0000] {dag.py:3820} INFO - Setting next_dagrun for Traffic_dbt_dag to None, run_after=None
[2023-12-24T14:35:22.404+0000] {processor.py:183} INFO - Processing /opt/airflow/dags/dbt_run.py took 0.111 seconds
[2023-12-24T14:35:52.782+0000] {processor.py:161} INFO - Started process (PID=333) to work on /opt/airflow/dags/dbt_run.py
[2023-12-24T14:35:52.784+0000] {processor.py:830} INFO - Processing file /opt/airflow/dags/dbt_run.py for tasks to queue
[2023-12-24T14:35:52.789+0000] {logging_mixin.py:188} INFO - [2023-12-24T14:35:52.789+0000] {dagbag.py:538} INFO - Filling up the DagBag from /opt/airflow/dags/dbt_run.py
[2023-12-24T14:35:52.807+0000] {processor.py:840} INFO - DAG(s) 'Traffic_dbt_dag' retrieved from /opt/airflow/dags/dbt_run.py
[2023-12-24T14:35:52.844+0000] {logging_mixin.py:188} INFO - [2023-12-24T14:35:52.844+0000] {dag.py:3033} INFO - Sync 1 DAGs
[2023-12-24T14:35:52.874+0000] {logging_mixin.py:188} INFO - [2023-12-24T14:35:52.873+0000] {dag.py:3820} INFO - Setting next_dagrun for Traffic_dbt_dag to None, run_after=None
[2023-12-24T14:35:52.916+0000] {processor.py:183} INFO - Processing /opt/airflow/dags/dbt_run.py took 0.141 seconds
[2023-12-24T14:36:23.534+0000] {processor.py:161} INFO - Started process (PID=391) to work on /opt/airflow/dags/dbt_run.py
[2023-12-24T14:36:23.536+0000] {processor.py:830} INFO - Processing file /opt/airflow/dags/dbt_run.py for tasks to queue
[2023-12-24T14:36:23.541+0000] {logging_mixin.py:188} INFO - [2023-12-24T14:36:23.541+0000] {dagbag.py:538} INFO - Filling up the DagBag from /opt/airflow/dags/dbt_run.py
[2023-12-24T14:36:23.562+0000] {processor.py:840} INFO - DAG(s) 'Traffic_dbt_dag' retrieved from /opt/airflow/dags/dbt_run.py
[2023-12-24T14:36:23.604+0000] {logging_mixin.py:188} INFO - [2023-12-24T14:36:23.604+0000] {dag.py:3033} INFO - Sync 1 DAGs
[2023-12-24T14:36:23.634+0000] {logging_mixin.py:188} INFO - [2023-12-24T14:36:23.634+0000] {dag.py:3820} INFO - Setting next_dagrun for Traffic_dbt_dag to None, run_after=None
[2023-12-24T14:36:23.674+0000] {processor.py:183} INFO - Processing /opt/airflow/dags/dbt_run.py took 0.146 seconds
[2023-12-24T14:36:53.923+0000] {processor.py:161} INFO - Started process (PID=450) to work on /opt/airflow/dags/dbt_run.py
[2023-12-24T14:36:53.926+0000] {processor.py:830} INFO - Processing file /opt/airflow/dags/dbt_run.py for tasks to queue
[2023-12-24T14:36:53.938+0000] {logging_mixin.py:188} INFO - [2023-12-24T14:36:53.937+0000] {dagbag.py:538} INFO - Filling up the DagBag from /opt/airflow/dags/dbt_run.py
[2023-12-24T14:36:53.958+0000] {processor.py:840} INFO - DAG(s) 'Traffic_dbt_dag' retrieved from /opt/airflow/dags/dbt_run.py
[2023-12-24T14:36:54.040+0000] {logging_mixin.py:188} INFO - [2023-12-24T14:36:54.039+0000] {dag.py:3033} INFO - Sync 1 DAGs
[2023-12-24T14:36:54.070+0000] {logging_mixin.py:188} INFO - [2023-12-24T14:36:54.070+0000] {dag.py:3820} INFO - Setting next_dagrun for Traffic_dbt_dag to None, run_after=None
[2023-12-24T14:36:54.110+0000] {processor.py:183} INFO - Processing /opt/airflow/dags/dbt_run.py took 0.196 seconds
[2023-12-24T14:37:24.155+0000] {processor.py:161} INFO - Started process (PID=509) to work on /opt/airflow/dags/dbt_run.py
[2023-12-24T14:37:24.157+0000] {processor.py:830} INFO - Processing file /opt/airflow/dags/dbt_run.py for tasks to queue
[2023-12-24T14:37:24.162+0000] {logging_mixin.py:188} INFO - [2023-12-24T14:37:24.161+0000] {dagbag.py:538} INFO - Filling up the DagBag from /opt/airflow/dags/dbt_run.py
[2023-12-24T14:37:24.176+0000] {processor.py:840} INFO - DAG(s) 'Traffic_dbt_dag' retrieved from /opt/airflow/dags/dbt_run.py
[2023-12-24T14:37:24.225+0000] {logging_mixin.py:188} INFO - [2023-12-24T14:37:24.225+0000] {dag.py:3033} INFO - Sync 1 DAGs
[2023-12-24T14:37:24.263+0000] {logging_mixin.py:188} INFO - [2023-12-24T14:37:24.263+0000] {dag.py:3820} INFO - Setting next_dagrun for Traffic_dbt_dag to None, run_after=None
[2023-12-24T14:37:24.326+0000] {processor.py:183} INFO - Processing /opt/airflow/dags/dbt_run.py took 0.178 seconds
[2023-12-24T14:37:54.919+0000] {processor.py:161} INFO - Started process (PID=567) to work on /opt/airflow/dags/dbt_run.py
[2023-12-24T14:37:54.926+0000] {processor.py:830} INFO - Processing file /opt/airflow/dags/dbt_run.py for tasks to queue
[2023-12-24T14:37:54.936+0000] {logging_mixin.py:188} INFO - [2023-12-24T14:37:54.935+0000] {dagbag.py:538} INFO - Filling up the DagBag from /opt/airflow/dags/dbt_run.py
[2023-12-24T14:37:54.953+0000] {processor.py:840} INFO - DAG(s) 'Traffic_dbt_dag' retrieved from /opt/airflow/dags/dbt_run.py
[2023-12-24T14:37:55.000+0000] {logging_mixin.py:188} INFO - [2023-12-24T14:37:54.999+0000] {dag.py:3033} INFO - Sync 1 DAGs
[2023-12-24T14:37:55.030+0000] {logging_mixin.py:188} INFO - [2023-12-24T14:37:55.030+0000] {dag.py:3820} INFO - Setting next_dagrun for Traffic_dbt_dag to None, run_after=None
[2023-12-24T14:37:55.078+0000] {processor.py:183} INFO - Processing /opt/airflow/dags/dbt_run.py took 0.174 seconds
[2023-12-24T14:38:25.635+0000] {processor.py:161} INFO - Started process (PID=625) to work on /opt/airflow/dags/dbt_run.py
[2023-12-24T14:38:25.637+0000] {processor.py:830} INFO - Processing file /opt/airflow/dags/dbt_run.py for tasks to queue
[2023-12-24T14:38:25.643+0000] {logging_mixin.py:188} INFO - [2023-12-24T14:38:25.642+0000] {dagbag.py:538} INFO - Filling up the DagBag from /opt/airflow/dags/dbt_run.py
[2023-12-24T14:38:25.658+0000] {processor.py:840} INFO - DAG(s) 'Traffic_dbt_dag' retrieved from /opt/airflow/dags/dbt_run.py
[2023-12-24T14:38:25.695+0000] {logging_mixin.py:188} INFO - [2023-12-24T14:38:25.695+0000] {dag.py:3033} INFO - Sync 1 DAGs
[2023-12-24T14:38:25.718+0000] {logging_mixin.py:188} INFO - [2023-12-24T14:38:25.718+0000] {dag.py:3820} INFO - Setting next_dagrun for Traffic_dbt_dag to None, run_after=None
[2023-12-24T14:38:25.754+0000] {processor.py:183} INFO - Processing /opt/airflow/dags/dbt_run.py took 0.127 seconds
[2023-12-24T14:38:55.825+0000] {processor.py:161} INFO - Started process (PID=683) to work on /opt/airflow/dags/dbt_run.py
[2023-12-24T14:38:55.827+0000] {processor.py:830} INFO - Processing file /opt/airflow/dags/dbt_run.py for tasks to queue
[2023-12-24T14:38:55.832+0000] {logging_mixin.py:188} INFO - [2023-12-24T14:38:55.832+0000] {dagbag.py:538} INFO - Filling up the DagBag from /opt/airflow/dags/dbt_run.py
[2023-12-24T14:38:55.845+0000] {processor.py:840} INFO - DAG(s) 'Traffic_dbt_dag' retrieved from /opt/airflow/dags/dbt_run.py
[2023-12-24T14:38:55.899+0000] {logging_mixin.py:188} INFO - [2023-12-24T14:38:55.898+0000] {dag.py:3033} INFO - Sync 1 DAGs
[2023-12-24T14:38:55.930+0000] {logging_mixin.py:188} INFO - [2023-12-24T14:38:55.930+0000] {dag.py:3820} INFO - Setting next_dagrun for Traffic_dbt_dag to None, run_after=None
[2023-12-24T14:38:55.988+0000] {processor.py:183} INFO - Processing /opt/airflow/dags/dbt_run.py took 0.171 seconds
[2023-12-24T14:39:26.038+0000] {processor.py:161} INFO - Started process (PID=742) to work on /opt/airflow/dags/dbt_run.py
[2023-12-24T14:39:26.040+0000] {processor.py:830} INFO - Processing file /opt/airflow/dags/dbt_run.py for tasks to queue
[2023-12-24T14:39:26.045+0000] {logging_mixin.py:188} INFO - [2023-12-24T14:39:26.044+0000] {dagbag.py:538} INFO - Filling up the DagBag from /opt/airflow/dags/dbt_run.py
[2023-12-24T14:39:26.059+0000] {processor.py:840} INFO - DAG(s) 'Traffic_dbt_dag' retrieved from /opt/airflow/dags/dbt_run.py
[2023-12-24T14:39:26.092+0000] {logging_mixin.py:188} INFO - [2023-12-24T14:39:26.091+0000] {dag.py:3033} INFO - Sync 1 DAGs
[2023-12-24T14:39:26.118+0000] {logging_mixin.py:188} INFO - [2023-12-24T14:39:26.118+0000] {dag.py:3820} INFO - Setting next_dagrun for Traffic_dbt_dag to None, run_after=None
[2023-12-24T14:39:26.158+0000] {processor.py:183} INFO - Processing /opt/airflow/dags/dbt_run.py took 0.126 seconds
[2023-12-24T14:39:56.222+0000] {processor.py:161} INFO - Started process (PID=801) to work on /opt/airflow/dags/dbt_run.py
[2023-12-24T14:39:56.223+0000] {processor.py:830} INFO - Processing file /opt/airflow/dags/dbt_run.py for tasks to queue
[2023-12-24T14:39:56.228+0000] {logging_mixin.py:188} INFO - [2023-12-24T14:39:56.227+0000] {dagbag.py:538} INFO - Filling up the DagBag from /opt/airflow/dags/dbt_run.py
[2023-12-24T14:39:56.238+0000] {processor.py:840} INFO - DAG(s) 'Traffic_dbt_dag' retrieved from /opt/airflow/dags/dbt_run.py
[2023-12-24T14:39:56.270+0000] {logging_mixin.py:188} INFO - [2023-12-24T14:39:56.269+0000] {dag.py:3033} INFO - Sync 1 DAGs
[2023-12-24T14:39:56.292+0000] {logging_mixin.py:188} INFO - [2023-12-24T14:39:56.292+0000] {dag.py:3820} INFO - Setting next_dagrun for Traffic_dbt_dag to None, run_after=None
[2023-12-24T14:39:56.320+0000] {processor.py:183} INFO - Processing /opt/airflow/dags/dbt_run.py took 0.103 seconds
[2023-12-24T14:40:26.468+0000] {processor.py:161} INFO - Started process (PID=861) to work on /opt/airflow/dags/dbt_run.py
[2023-12-24T14:40:26.470+0000] {processor.py:830} INFO - Processing file /opt/airflow/dags/dbt_run.py for tasks to queue
[2023-12-24T14:40:26.475+0000] {logging_mixin.py:188} INFO - [2023-12-24T14:40:26.474+0000] {dagbag.py:538} INFO - Filling up the DagBag from /opt/airflow/dags/dbt_run.py
[2023-12-24T14:40:26.489+0000] {processor.py:840} INFO - DAG(s) 'Traffic_dbt_dag' retrieved from /opt/airflow/dags/dbt_run.py
[2023-12-24T14:40:26.523+0000] {logging_mixin.py:188} INFO - [2023-12-24T14:40:26.523+0000] {dag.py:3033} INFO - Sync 1 DAGs
[2023-12-24T14:40:26.549+0000] {logging_mixin.py:188} INFO - [2023-12-24T14:40:26.549+0000] {dag.py:3820} INFO - Setting next_dagrun for Traffic_dbt_dag to None, run_after=None
[2023-12-24T14:40:26.582+0000] {processor.py:183} INFO - Processing /opt/airflow/dags/dbt_run.py took 0.123 seconds
[2023-12-24T14:40:56.696+0000] {processor.py:161} INFO - Started process (PID=920) to work on /opt/airflow/dags/dbt_run.py
[2023-12-24T14:40:56.698+0000] {processor.py:830} INFO - Processing file /opt/airflow/dags/dbt_run.py for tasks to queue
[2023-12-24T14:40:56.704+0000] {logging_mixin.py:188} INFO - [2023-12-24T14:40:56.703+0000] {dagbag.py:538} INFO - Filling up the DagBag from /opt/airflow/dags/dbt_run.py
[2023-12-24T14:40:56.715+0000] {processor.py:840} INFO - DAG(s) 'Traffic_dbt_dag' retrieved from /opt/airflow/dags/dbt_run.py
[2023-12-24T14:40:56.746+0000] {logging_mixin.py:188} INFO - [2023-12-24T14:40:56.746+0000] {dag.py:3033} INFO - Sync 1 DAGs
[2023-12-24T14:40:56.769+0000] {logging_mixin.py:188} INFO - [2023-12-24T14:40:56.769+0000] {dag.py:3820} INFO - Setting next_dagrun for Traffic_dbt_dag to None, run_after=None
[2023-12-24T14:40:56.809+0000] {processor.py:183} INFO - Processing /opt/airflow/dags/dbt_run.py took 0.118 seconds
[2023-12-24T14:41:27.434+0000] {processor.py:161} INFO - Started process (PID=979) to work on /opt/airflow/dags/dbt_run.py
[2023-12-24T14:41:27.435+0000] {processor.py:830} INFO - Processing file /opt/airflow/dags/dbt_run.py for tasks to queue
[2023-12-24T14:41:27.441+0000] {logging_mixin.py:188} INFO - [2023-12-24T14:41:27.440+0000] {dagbag.py:538} INFO - Filling up the DagBag from /opt/airflow/dags/dbt_run.py
[2023-12-24T14:41:27.454+0000] {processor.py:840} INFO - DAG(s) 'Traffic_dbt_dag' retrieved from /opt/airflow/dags/dbt_run.py
[2023-12-24T14:41:27.490+0000] {logging_mixin.py:188} INFO - [2023-12-24T14:41:27.489+0000] {dag.py:3033} INFO - Sync 1 DAGs
[2023-12-24T14:41:27.511+0000] {logging_mixin.py:188} INFO - [2023-12-24T14:41:27.511+0000] {dag.py:3820} INFO - Setting next_dagrun for Traffic_dbt_dag to None, run_after=None
[2023-12-24T14:41:27.541+0000] {processor.py:183} INFO - Processing /opt/airflow/dags/dbt_run.py took 0.113 seconds
[2023-12-24T14:41:57.827+0000] {processor.py:161} INFO - Started process (PID=1038) to work on /opt/airflow/dags/dbt_run.py
[2023-12-24T14:41:57.829+0000] {processor.py:830} INFO - Processing file /opt/airflow/dags/dbt_run.py for tasks to queue
[2023-12-24T14:41:57.836+0000] {logging_mixin.py:188} INFO - [2023-12-24T14:41:57.836+0000] {dagbag.py:538} INFO - Filling up the DagBag from /opt/airflow/dags/dbt_run.py
[2023-12-24T14:41:57.853+0000] {processor.py:840} INFO - DAG(s) 'Traffic_dbt_dag' retrieved from /opt/airflow/dags/dbt_run.py
[2023-12-24T14:41:57.896+0000] {logging_mixin.py:188} INFO - [2023-12-24T14:41:57.896+0000] {dag.py:3033} INFO - Sync 1 DAGs
[2023-12-24T14:41:57.928+0000] {logging_mixin.py:188} INFO - [2023-12-24T14:41:57.928+0000] {dag.py:3820} INFO - Setting next_dagrun for Traffic_dbt_dag to None, run_after=None
[2023-12-24T14:41:57.975+0000] {processor.py:183} INFO - Processing /opt/airflow/dags/dbt_run.py took 0.156 seconds
[2023-12-24T14:42:28.433+0000] {processor.py:161} INFO - Started process (PID=1097) to work on /opt/airflow/dags/dbt_run.py
[2023-12-24T14:42:28.436+0000] {processor.py:830} INFO - Processing file /opt/airflow/dags/dbt_run.py for tasks to queue
[2023-12-24T14:42:28.443+0000] {logging_mixin.py:188} INFO - [2023-12-24T14:42:28.442+0000] {dagbag.py:538} INFO - Filling up the DagBag from /opt/airflow/dags/dbt_run.py
[2023-12-24T14:42:28.456+0000] {processor.py:840} INFO - DAG(s) 'Traffic_dbt_dag' retrieved from /opt/airflow/dags/dbt_run.py
[2023-12-24T14:42:28.563+0000] {logging_mixin.py:188} INFO - [2023-12-24T14:42:28.562+0000] {dag.py:3033} INFO - Sync 1 DAGs
[2023-12-24T14:42:28.628+0000] {logging_mixin.py:188} INFO - [2023-12-24T14:42:28.624+0000] {dag.py:3820} INFO - Setting next_dagrun for Traffic_dbt_dag to None, run_after=None
[2023-12-24T14:42:28.709+0000] {processor.py:183} INFO - Processing /opt/airflow/dags/dbt_run.py took 0.284 seconds
[2023-12-24T14:42:59.021+0000] {processor.py:161} INFO - Started process (PID=1156) to work on /opt/airflow/dags/dbt_run.py
[2023-12-24T14:42:59.023+0000] {processor.py:830} INFO - Processing file /opt/airflow/dags/dbt_run.py for tasks to queue
[2023-12-24T14:42:59.029+0000] {logging_mixin.py:188} INFO - [2023-12-24T14:42:59.028+0000] {dagbag.py:538} INFO - Filling up the DagBag from /opt/airflow/dags/dbt_run.py
[2023-12-24T14:42:59.040+0000] {processor.py:840} INFO - DAG(s) 'Traffic_dbt_dag' retrieved from /opt/airflow/dags/dbt_run.py
[2023-12-24T14:42:59.078+0000] {logging_mixin.py:188} INFO - [2023-12-24T14:42:59.078+0000] {dag.py:3033} INFO - Sync 1 DAGs
[2023-12-24T14:42:59.113+0000] {logging_mixin.py:188} INFO - [2023-12-24T14:42:59.112+0000] {dag.py:3820} INFO - Setting next_dagrun for Traffic_dbt_dag to None, run_after=None
[2023-12-24T14:42:59.151+0000] {processor.py:183} INFO - Processing /opt/airflow/dags/dbt_run.py took 0.136 seconds
[2023-12-24T14:43:29.195+0000] {processor.py:161} INFO - Started process (PID=1215) to work on /opt/airflow/dags/dbt_run.py
[2023-12-24T14:43:29.197+0000] {processor.py:830} INFO - Processing file /opt/airflow/dags/dbt_run.py for tasks to queue
[2023-12-24T14:43:29.204+0000] {logging_mixin.py:188} INFO - [2023-12-24T14:43:29.202+0000] {dagbag.py:538} INFO - Filling up the DagBag from /opt/airflow/dags/dbt_run.py
[2023-12-24T14:43:29.216+0000] {processor.py:840} INFO - DAG(s) 'Traffic_dbt_dag' retrieved from /opt/airflow/dags/dbt_run.py
[2023-12-24T14:43:29.251+0000] {logging_mixin.py:188} INFO - [2023-12-24T14:43:29.251+0000] {dag.py:3033} INFO - Sync 1 DAGs
[2023-12-24T14:43:29.273+0000] {logging_mixin.py:188} INFO - [2023-12-24T14:43:29.272+0000] {dag.py:3820} INFO - Setting next_dagrun for Traffic_dbt_dag to None, run_after=None
[2023-12-24T14:43:29.307+0000] {processor.py:183} INFO - Processing /opt/airflow/dags/dbt_run.py took 0.119 seconds
[2023-12-24T14:43:59.409+0000] {processor.py:161} INFO - Started process (PID=1274) to work on /opt/airflow/dags/dbt_run.py
[2023-12-24T14:43:59.412+0000] {processor.py:830} INFO - Processing file /opt/airflow/dags/dbt_run.py for tasks to queue
[2023-12-24T14:43:59.417+0000] {logging_mixin.py:188} INFO - [2023-12-24T14:43:59.417+0000] {dagbag.py:538} INFO - Filling up the DagBag from /opt/airflow/dags/dbt_run.py
[2023-12-24T14:43:59.430+0000] {processor.py:840} INFO - DAG(s) 'Traffic_dbt_dag' retrieved from /opt/airflow/dags/dbt_run.py
[2023-12-24T14:43:59.464+0000] {logging_mixin.py:188} INFO - [2023-12-24T14:43:59.463+0000] {dag.py:3033} INFO - Sync 1 DAGs
[2023-12-24T14:43:59.496+0000] {logging_mixin.py:188} INFO - [2023-12-24T14:43:59.495+0000] {dag.py:3820} INFO - Setting next_dagrun for Traffic_dbt_dag to None, run_after=None
[2023-12-24T14:43:59.533+0000] {processor.py:183} INFO - Processing /opt/airflow/dags/dbt_run.py took 0.131 seconds
[2023-12-24T14:44:29.915+0000] {processor.py:161} INFO - Started process (PID=1333) to work on /opt/airflow/dags/dbt_run.py
[2023-12-24T14:44:29.916+0000] {processor.py:830} INFO - Processing file /opt/airflow/dags/dbt_run.py for tasks to queue
[2023-12-24T14:44:29.921+0000] {logging_mixin.py:188} INFO - [2023-12-24T14:44:29.920+0000] {dagbag.py:538} INFO - Filling up the DagBag from /opt/airflow/dags/dbt_run.py
[2023-12-24T14:44:29.935+0000] {processor.py:840} INFO - DAG(s) 'Traffic_dbt_dag' retrieved from /opt/airflow/dags/dbt_run.py
[2023-12-24T14:44:29.971+0000] {logging_mixin.py:188} INFO - [2023-12-24T14:44:29.971+0000] {dag.py:3033} INFO - Sync 1 DAGs
[2023-12-24T14:44:29.995+0000] {logging_mixin.py:188} INFO - [2023-12-24T14:44:29.995+0000] {dag.py:3820} INFO - Setting next_dagrun for Traffic_dbt_dag to None, run_after=None
[2023-12-24T14:44:30.029+0000] {processor.py:183} INFO - Processing /opt/airflow/dags/dbt_run.py took 0.122 seconds
[2023-12-24T14:45:00.462+0000] {processor.py:161} INFO - Started process (PID=1392) to work on /opt/airflow/dags/dbt_run.py
[2023-12-24T14:45:00.464+0000] {processor.py:830} INFO - Processing file /opt/airflow/dags/dbt_run.py for tasks to queue
[2023-12-24T14:45:00.469+0000] {logging_mixin.py:188} INFO - [2023-12-24T14:45:00.469+0000] {dagbag.py:538} INFO - Filling up the DagBag from /opt/airflow/dags/dbt_run.py
[2023-12-24T14:45:00.484+0000] {processor.py:840} INFO - DAG(s) 'Traffic_dbt_dag' retrieved from /opt/airflow/dags/dbt_run.py
[2023-12-24T14:45:00.520+0000] {logging_mixin.py:188} INFO - [2023-12-24T14:45:00.520+0000] {dag.py:3033} INFO - Sync 1 DAGs
[2023-12-24T14:45:00.542+0000] {logging_mixin.py:188} INFO - [2023-12-24T14:45:00.542+0000] {dag.py:3820} INFO - Setting next_dagrun for Traffic_dbt_dag to None, run_after=None
[2023-12-24T14:45:00.575+0000] {processor.py:183} INFO - Processing /opt/airflow/dags/dbt_run.py took 0.118 seconds
